Событие: Connecting to 192.168.1.100.   // 19:21:10:686 15.01.2018
Событие: Connected.   // 19:21:10:691 15.01.2018
Установлено соединение c сокетом: 192.168.1.100:1005   // 19:21:10:691 15.01.2018



1B 41   // передача: 2 байт; 19:21:12:469 15.01.2018
// приём по таймауту: 5000 мс
// принято с сокета: 0 байт



1B 41   // передача: 2 байт; 19:21:17:646 15.01.2018



1B 41   // передача: 2 байт; 19:21:19:278 15.01.2018



1B 41   // передача: 2 байт; 19:21:20:582 15.01.2018



1B 41   // передача: 2 байт; 19:21:22:013 15.01.2018



1B 41   // передача: 2 байт; 19:21:22:861 15.01.2018
// приём по таймауту: 5000 мс
// принято с сокета: 0 байт



1B 41   // передача: 2 байт; 19:21:49:350 15.01.2018



1B 41   // передача: 2 байт; 19:21:50:502 15.01.2018
// приём по таймауту: 5000 мс
// принято с сокета: 0 байт



1B 41   // передача: 2 байт; 19:22:00:469 15.01.2018
// приём по таймауту: 5000 мс
// принято с сокета: 0 байт

CA E0 EB FE EC ED FB 20 

01 00 07 00 01 69 C1   // передача: 7 байт; 19:22:12:295 15.01.2018
// приём по таймауту: 5000 мс
// принято с сокета: 0 байт
Событие: Disconnecting.   // 19:22:17:645 15.01.2018
Отсоединение   // 19:22:17:647 15.01.2018
Событие: Disconnected.   // 19:22:17:648 15.01.2018
Ошибка при закрытии сокета: Thread Error: Неверный дескриптор (6)   // 19:22:17:651 15.01.2018
Ошибка при закрытии сокета: Thread Error: Неверный дескриптор (6)   // 19:25:06:976 15.01.2018
Событие: Connecting to 192.168.1.100.   // 19:25:07:776 15.01.2018
Событие: Connected.   // 19:25:07:776 15.01.2018
Установлено соединение c сокетом: 192.168.1.100:1005   // 19:25:07:786 15.01.2018



1B 41   // передача: 2 байт; 19:25:10:816 15.01.2018

CA E0 EB FE EC ED FB 20 

01 00 07 00 01 69 C1   // передача: 7 байт; 19:25:14:446 15.01.2018

CA E0 EB FE EC ED FB 20 

01 00 07 00 01 69 C1   // передача: 7 байт; 19:25:16:236 15.01.2018

CA E0 EB FE EC ED FB 20 

01 00 07 00 01 69 C1   // передача: 7 байт; 19:25:17:616 15.01.2018
// приём по таймауту: 5000 мс
// принято с сокета: 0 байт
Событие: Disconnecting.   // 19:32:33:606 15.01.2018
Отсоединение   // 19:32:33:609 15.01.2018
Событие: Disconnected.   // 19:32:33:611 15.01.2018
Ошибка при закрытии сокета: Thread Error: Неверный дескриптор (6)   // 19:32:33:614 15.01.2018
Ошибка при закрытии сокета: Thread Error: Неверный дескриптор (6)   // 19:32:40:230 15.01.2018
Событие: Connecting to 192.168.1.100.   // 19:32:40:918 15.01.2018
Событие: Connected.   // 19:32:40:918 15.01.2018
Установлено соединение c сокетом: 192.168.1.100:1005   // 19:32:40:918 15.01.2018



1B 41   // передача: 2 байт; 19:32:42:509 15.01.2018

CA E0 EB FE EC ED FB 20 

01 00 07 00 01 69 C1   // передача: 7 байт; 19:32:46:375 15.01.2018

CA E0 EB FE EC ED FB 20 

01 00 07 00 01 69 C1   // передача: 7 байт; 19:32:50:964 15.01.2018

CA E0 EB FE EC ED FB 20 

01 00 07 00 01 69 C1   // передача: 7 байт; 19:32:52:204 15.01.2018

CA E0 EB FE EC ED FB 20 

01 00 07 00 01 69 C1   // передача: 7 байт; 19:32:53:478 15.01.2018

CA E0 EB FE EC ED FB 20 

01 00 07 00 01 69 C1   // передача: 7 байт; 19:32:54:538 15.01.2018

CA E0 EB FE EC ED FB 20 

01 00 07 00 01 69 C1   // передача: 7 байт; 19:32:55:494 15.01.2018

CA E0 EB FE EC ED FB 20 

01 00 07 00 01 69 C1   // передача: 7 байт; 19:32:56:684 15.01.2018

CA E0 EB FE EC ED FB 20 

01 00 07 00 01 69 C1   // передача: 7 байт; 19:32:57:591 15.01.2018

CA E0 EB FE EC ED FB 20 

01 00 07 00 01 69 C1   // передача: 7 байт; 19:32:58:494 15.01.2018

CA E0 EB FE EC ED FB 20 

01 00 07 00 01 69 C1   // передача: 7 байт; 19:32:59:467 15.01.2018
// приём по таймауту: 5000 мс
// принято с сокета: 0 байт



1B 41   // передача: 2 байт; 19:33:22:141 15.01.2018
Событие: Disconnecting.   // 19:33:25:022 15.01.2018
Отсоединение   // 19:33:25:022 15.01.2018
Событие: Disconnected.   // 19:33:25:032 15.01.2018
Ошибка при закрытии сокета: Thread Error: Неверный дескриптор (6)   // 19:33:25:032 15.01.2018
// приём по таймауту: 5000 мс
// принято с сокета: 0 байт
Событие: Connecting to 192.168.1.100.   // 19:33:28:094 15.01.2018
Ошибка при закрытии сокета: Thread Error: Неверный дескриптор (6)   // 19:34:09:997 15.01.2018
Событие: Connecting to 192.168.1.100.   // 19:34:11:565 15.01.2018
Событие: Connected.   // 19:34:11:568 15.01.2018
Установлено соединение c сокетом: 192.168.1.100:1005   // 19:34:11:569 15.01.2018



1B 41   // передача: 2 байт; 19:34:15:054 15.01.2018



1B 41   // передача: 2 байт; 19:34:16:134 15.01.2018
// приём по таймауту: 5000 мс
// принято с сокета: 0 байт

CA E0 EB FE EC ED FB 20 

01 00 07 00 01 69 C1   // передача: 7 байт; 19:34:22:719 15.01.2018

CA E0 EB FE EC ED FB 20 

01 00 07 00 01 69 C1   // передача: 7 байт; 19:34:23:775 15.01.2018

CA E0 EB FE EC ED FB 20 

01 00 07 00 01 69 C1   // передача: 7 байт; 19:34:27:279 15.01.2018

CA E0 EB FE EC ED FB 20 

01 00 07 00 01 69 C1   // передача: 7 байт; 19:34:28:150 15.01.2018

CA E0 EB FE EC ED FB 20 

01 00 07 00 01 69 C1   // передача: 7 байт; 19:34:28:799 15.01.2018

CA E0 EB FE EC ED FB 20 

01 00 07 00 01 69 C1   // передача: 7 байт; 19:34:29:606 15.01.2018

CA E0 EB FE EC ED FB 20 

01 00 07 00 01 69 C1   // передача: 7 байт; 19:34:30:286 15.01.2018

CA E0 EB FE EC ED FB 20 

01 00 07 00 01 69 C1   // передача: 7 байт; 19:34:32:807 15.01.2018

CA E0 EB FE EC ED FB 20 

01 00 07 00 01 69 C1   // передача: 7 байт; 19:34:33:615 15.01.2018

CA E0 EB FE EC ED FB 20 

01 00 07 00 01 69 C1   // передача: 7 байт; 19:34:34:239 15.01.2018

CA E0 EB FE EC ED FB 20 

01 00 07 00 01 69 C1   // передача: 7 байт; 19:34:35:023 15.01.2018

CA E0 EB FE EC ED FB 20 

01 00 07 00 01 69 C1   // передача: 7 байт; 19:34:36:095 15.01.2018

CA E0 EB FE EC ED FB 20 

01 00 07 00 01 69 C1   // передача: 7 байт; 19:34:36:943 15.01.2018

CA E0 EB FE EC ED FB 20 

01 00 07 00 01 69 C1   // передача: 7 байт; 19:34:37:647 15.01.2018

CA E0 EB FE EC ED FB 20 

01 00 07 00 01 69 C1   // передача: 7 байт; 19:34:38:319 15.01.2018

CA E0 EB FE EC ED FB 20 

01 00 07 00 01 69 C1   // передача: 7 байт; 19:34:40:551 15.01.2018

CA E0 EB FE EC ED FB 20 

01 00 07 00 01 69 C1   // передача: 7 байт; 19:34:41:470 15.01.2018

CA E0 EB FE EC ED FB 20 

01 00 07 00 01 69 C1   // передача: 7 байт; 19:34:42:351 15.01.2018
// приём по таймауту: 5000 мс
// принято с сокета: 0 байт
Событие: Disconnecting.   // 19:38:05:830 15.01.2018
Отсоединение   // 19:38:05:831 15.01.2018
Событие: Disconnected.   // 19:38:05:833 15.01.2018
// принято 0 байт (доступно 0 из 13 байт)   // 19:38:05:835 15.01.2018
Ошибка при закрытии сокета: Thread Error: Неверный дескриптор (6)   // 19:38:05:836 15.01.2018
Событие: Connecting to 192.168.1.100.   // 19:38:06:926 15.01.2018
Событие: Connected.   // 19:38:06:928 15.01.2018
Установлено соединение c сокетом: 192.168.1.100:1005   // 19:38:06:930 15.01.2018



1B 41   // передача: 2 байт; 19:38:08:478 15.01.2018

CA E0 EB FE EC ED FB 20 

01 00 07 00 01 69 C1   // передача: 7 байт; 19:38:12:599 15.01.2018

CA E0 EB FE EC ED FB 20 

01 00 07 00 01 69 C1   // передача: 7 байт; 19:38:17:198 15.01.2018
// приём по таймауту: 5000 мс
// принято с сокета: 0 байт
Событие: Disconnecting.   // 19:39:26:803 15.01.2018
Отсоединение   // 19:39:26:803 15.01.2018
Событие: Disconnected.   // 19:39:26:803 15.01.2018
Ошибка при закрытии сокета: Thread Error: Неверный дескриптор (6)   // 19:39:26:803 15.01.2018

// О программе
