
CA E0 EB FE EC ED FB 20 

00 00 08 00 FF 15 82 44   // передача: 8 байт; 12:38:27:617 15.12.2019
// приём по количеству байт: 55 из 55
// принято с порта: 55 байт

01 00 37 00 FF 00 00 00 00 00 00 00 00 00 00 00 00 00 00 00 00 00 00 00 00 02 02 02 02 02 02 02 02 00 00 00 00 00 00 00 00 00 00 00 00 00 00 00 00 00 00 00 00 EA 1A   // прием: 55 байт; 12:38:27:698 15.12.2019
// таймаут: 81 мсек


CA E0 EB FE EC ED FB 20 

00 00 38 00 FF 5C 03 00 00 00 00 00 00 00 00 00 00 00 00 00 00 00 00 00 00 00 02 03 02 02 02 02 02 02 00 00 00 00 00 00 00 00 00 00 00 00 00 00 00 00 00 00 00 03 0A 74   // передача: 56 байт; 12:38:39:792 15.12.2019
// приём по количеству байт: 8 из 8
// принято с порта: 8 байт

01 00 08 00 FF 00 42 5A   // прием: 8 байт; 12:38:39:871 15.12.2019
// таймаут: 79 мсек


CA E0 EB FE EC ED FB 20 

00 00 08 00 FF 15 82 44   // передача: 8 байт; 12:38:42:080 15.12.2019
// приём по количеству байт: 55 из 55
// принято с порта: 55 байт

01 00 37 00 FF 03 00 00 00 00 00 00 00 00 00 00 00 00 00 00 00 00 00 00 00 02 03 02 02 02 02 02 02 00 00 00 00 00 00 00 00 00 00 00 00 00 00 00 00 00 00 00 03 E0 EE   // прием: 55 байт; 12:38:42:162 15.12.2019
// таймаут: 82 мсек


CA E0 EB FE EC ED FB 20 

00 00 38 00 FF 5C 02 00 00 00 00 00 00 00 00 00 00 00 00 00 00 00 00 00 00 00 02 02 02 02 02 02 02 02 00 00 00 00 00 00 00 00 00 00 00 00 00 00 00 00 00 00 00 02 58 DB   // передача: 56 байт; 12:38:58:175 15.12.2019
// приём по количеству байт: 8 из 8
// принято с порта: 8 байт

01 00 08 00 FF 00 42 5A   // прием: 8 байт; 12:38:58:241 15.12.2019
// таймаут: 66 мсек


CA E0 EB FE EC ED FB 20 

00 00 08 00 FF 15 82 44   // передача: 8 байт; 12:39:01:229 15.12.2019
// приём по количеству байт: 55 из 55
// принято с порта: 55 байт

01 00 37 00 FF 02 00 00 00 00 00 00 00 00 00 00 00 00 00 00 00 00 00 00 00 02 02 02 02 02 02 02 02 00 00 00 00 00 00 00 00 00 00 00 00 00 00 00 00 00 00 00 02 B2 41   // прием: 55 байт; 12:39:01:320 15.12.2019
// таймаут: 91 мсек


// О программе
