Событие: Connecting to 192.168.1.100.   // 09:25:07:973 13.01.2018
Событие: Connected.   // 09:25:08:013 13.01.2018
Установлено соединение c сокетом: 192.168.1.100:1001   // 09:25:08:013 13.01.2018



1B 41   // передача: 2 байт; 09:25:10:383 13.01.2018



1B 41   // передача: 2 байт; 09:25:11:373 13.01.2018



1B 41   // передача: 2 байт; 09:25:12:073 13.01.2018



1B 41   // передача: 2 байт; 09:25:12:723 13.01.2018



1B 41   // передача: 2 байт; 09:25:13:193 13.01.2018
// приём по таймауту: 5000 мс
// принято с сокета: 0 байт

CA E0 EB FE EC ED FB 20 

01 00 07 00 01 69 C1   // передача: 7 байт; 09:25:19:103 13.01.2018

CA E0 EB FE EC ED FB 20 

01 00 07 00 01 69 C1   // передача: 7 байт; 09:25:19:883 13.01.2018

CA E0 EB FE EC ED FB 20 

01 00 07 00 01 69 C1   // передача: 7 байт; 09:25:20:433 13.01.2018

CA E0 EB FE EC ED FB 20 

01 00 07 00 01 69 C1   // передача: 7 байт; 09:25:20:903 13.01.2018
Событие: Disconnecting.   // 09:25:23:443 13.01.2018
Отсоединение   // 09:25:23:443 13.01.2018
Событие: Disconnected.   // 09:25:23:443 13.01.2018
Ошибка при закрытии сокета: Thread Error: Неверный дескриптор (6)   // 09:25:23:443 13.01.2018
// приём по таймауту: 5000 мс
// принято с сокета: 0 байт
Событие: Connecting to 192.168.1.100.   // 09:26:50:242 13.01.2018
Событие: Connected.   // 09:26:50:244 13.01.2018
Установлено соединение c сокетом: 192.168.1.100:1001   // 09:26:50:245 13.01.2018



1B 41   // передача: 2 байт; 09:26:52:122 13.01.2018



1B 41   // передача: 2 байт; 09:26:53:314 13.01.2018



1B 41   // передача: 2 байт; 09:26:54:115 13.01.2018



1B 41   // передача: 2 байт; 09:26:54:619 13.01.2018



1B 41   // передача: 2 байт; 09:26:55:115 13.01.2018

CA E0 EB FE EC ED FB 20 

01 00 07 00 01 69 C1   // передача: 7 байт; 09:26:57:748 13.01.2018

CA E0 EB FE EC ED FB 20 

01 00 07 00 01 69 C1   // передача: 7 байт; 09:26:58:708 13.01.2018

CA E0 EB FE EC ED FB 20 

01 00 07 00 01 69 C1   // передача: 7 байт; 09:26:59:588 13.01.2018

CA E0 EB FE EC ED FB 20 

01 00 07 00 01 69 C1   // передача: 7 байт; 09:27:00:716 13.01.2018

CA E0 EB FE EC ED FB 20 

01 00 07 00 01 69 C1   // передача: 7 байт; 09:27:01:587 13.01.2018

CA E0 EB FE EC ED FB 20 

01 00 07 00 01 69 C1   // передача: 7 байт; 09:27:02:668 13.01.2018
Событие: Disconnecting.   // 09:27:05:282 13.01.2018
Отсоединение   // 09:27:05:284 13.01.2018
Событие: Disconnected.   // 09:27:05:287 13.01.2018
Ошибка при закрытии сокета: Thread Error: Неверный дескриптор (6)   // 09:27:05:289 13.01.2018
// приём по таймауту: 5000 мс
// принято с сокета: 0 байт
Событие: Connecting to 192.168.1.100.   // 09:31:36:971 13.01.2018
Событие: Connected.   // 09:31:36:973 13.01.2018
Установлено соединение c сокетом: 192.168.1.100:1002   // 09:31:36:974 13.01.2018



1A   // передача: 1 байт; 09:31:38:683 13.01.2018



1A   // передача: 1 байт; 09:31:39:178 13.01.2018



1A   // передача: 1 байт; 09:31:39:418 13.01.2018



1A   // передача: 1 байт; 09:31:39:610 13.01.2018



1A   // передача: 1 байт; 09:31:39:826 13.01.2018



1A   // передача: 1 байт; 09:31:40:026 13.01.2018



1A   // передача: 1 байт; 09:31:40:218 13.01.2018



1A   // передача: 1 байт; 09:31:40:418 13.01.2018



1A   // передача: 1 байт; 09:31:40:626 13.01.2018



1A   // передача: 1 байт; 09:31:40:826 13.01.2018



1A   // передача: 1 байт; 09:31:41:010 13.01.2018



1A   // передача: 1 байт; 09:31:41:234 13.01.2018



1A   // передача: 1 байт; 09:31:41:442 13.01.2018



1A   // передача: 1 байт; 09:31:41:650 13.01.2018



1A   // передача: 1 байт; 09:31:41:890 13.01.2018



1A   // передача: 1 байт; 09:31:42:114 13.01.2018



1A   // передача: 1 байт; 09:31:42:786 13.01.2018



1B 41   // передача: 2 байт; 09:32:01:850 13.01.2018



1B 41   // передача: 2 байт; 09:32:02:386 13.01.2018



1B 41   // передача: 2 байт; 09:32:02:666 13.01.2018



1B 41   // передача: 2 байт; 09:32:02:890 13.01.2018



1B 41   // передача: 2 байт; 09:32:03:194 13.01.2018



1B 41   // передача: 2 байт; 09:32:03:474 13.01.2018



1B 41   // передача: 2 байт; 09:32:03:706 13.01.2018



1B 41   // передача: 2 байт; 09:32:03:946 13.01.2018



1B 41   // передача: 2 байт; 09:32:04:194 13.01.2018



1B 41   // передача: 2 байт; 09:32:04:442 13.01.2018



1B 41   // передача: 2 байт; 09:32:04:690 13.01.2018



1B 41   // передача: 2 байт; 09:32:05:162 13.01.2018



1B 41   // передача: 2 байт; 09:32:05:482 13.01.2018



1B 41   // передача: 2 байт; 09:32:05:810 13.01.2018



1B 41   // передача: 2 байт; 09:32:06:202 13.01.2018



1B 41   // передача: 2 байт; 09:32:06:850 13.01.2018



1B 41   // передача: 2 байт; 09:32:07:122 13.01.2018



1B 41   // передача: 2 байт; 09:32:07:386 13.01.2018



1B 41   // передача: 2 байт; 09:32:07:682 13.01.2018



1B 41   // передача: 2 байт; 09:32:08:002 13.01.2018



1B 41   // передача: 2 байт; 09:32:08:451 13.01.2018



1B 41   // передача: 2 байт; 09:32:08:699 13.01.2018



1B 41   // передача: 2 байт; 09:32:09:235 13.01.2018



1B 41   // передача: 2 байт; 09:32:09:571 13.01.2018



1B 41   // передача: 2 байт; 09:32:10:259 13.01.2018



1B 41   // передача: 2 байт; 09:32:10:595 13.01.2018



1B 41   // передача: 2 байт; 09:32:10:827 13.01.2018



1B 41   // передача: 2 байт; 09:32:11:171 13.01.2018



1B 41   // передача: 2 байт; 09:32:11:963 13.01.2018



1B 41   // передача: 2 байт; 09:32:12:243 13.01.2018



1B 41   // передача: 2 байт; 09:32:12:771 13.01.2018



1B 41   // передача: 2 байт; 09:32:13:083 13.01.2018



1B 41   // передача: 2 байт; 09:32:13:411 13.01.2018



1B 41   // передача: 2 байт; 09:32:13:699 13.01.2018



1B 41   // передача: 2 байт; 09:32:13:978 13.01.2018



1B 41   // передача: 2 байт; 09:32:14:202 13.01.2018



1B 41   // передача: 2 байт; 09:32:14:571 13.01.2018
// приём по таймауту: 5000 мс
// принято с сокета: 0 байт
Событие: Disconnecting.   // 09:34:05:218 13.01.2018
Отсоединение   // 09:34:05:220 13.01.2018
Событие: Disconnected.   // 09:34:05:222 13.01.2018
Ошибка при закрытии сокета: Thread Error: Неверный дескриптор (6)   // 09:34:05:224 13.01.2018
Событие: Connecting to 192.168.1.100.   // 09:34:05:786 13.01.2018
Событие: Connected.   // 09:34:05:788 13.01.2018
Установлено соединение c сокетом: 192.168.1.100:1002   // 09:34:05:789 13.01.2018



1A   // передача: 1 байт; 09:34:07:722 13.01.2018



1A   // передача: 1 байт; 09:34:08:210 13.01.2018



1A   // передача: 1 байт; 09:34:08:754 13.01.2018



1A   // передача: 1 байт; 09:34:09:338 13.01.2018



1A   // передача: 1 байт; 09:34:10:050 13.01.2018



1A   // передача: 1 байт; 09:34:10:595 13.01.2018



1A   // передача: 1 байт; 09:34:11:075 13.01.2018



1A   // передача: 1 байт; 09:34:11:419 13.01.2018



1A   // передача: 1 байт; 09:34:11:979 13.01.2018



1A   // передача: 1 байт; 09:34:12:427 13.01.2018

CA E0 EB FE EC ED FB 20 

01 00 07 00 01 69 C1   // передача: 7 байт; 09:34:23:275 13.01.2018

CA E0 EB FE EC ED FB 20 

01 00 07 00 01 69 C1   // передача: 7 байт; 09:34:24:203 13.01.2018
// приём по таймауту: 5000 мс
// принято с сокета: 0 байт



1A   // передача: 1 байт; 09:35:27:762 13.01.2018
Ошибка при закрытии сокета: Thread Error: Неверный дескриптор (6)   // 09:35:38:696 13.01.2018
Событие: Connecting to 192.168.1.100.   // 09:35:38:703 13.01.2018
Событие: Connected.   // 09:35:38:705 13.01.2018
Установлено соединение c сокетом: 192.168.1.100:1002   // 09:35:38:705 13.01.2018



1B 41   // передача: 2 байт; 09:35:41:891 13.01.2018



1B 41   // передача: 2 байт; 09:35:42:379 13.01.2018



1B 41   // передача: 2 байт; 09:35:42:635 13.01.2018



1B 41   // передача: 2 байт; 09:35:42:874 13.01.2018



1B 41   // передача: 2 байт; 09:35:43:083 13.01.2018



1B 41   // передача: 2 байт; 09:35:43:930 13.01.2018



1B 41   // передача: 2 байт; 09:35:44:490 13.01.2018



1B 41   // передача: 2 байт; 09:35:44:818 13.01.2018



1B 41   // передача: 2 байт; 09:35:45:066 13.01.2018



1B 41   // передача: 2 байт; 09:35:45:330 13.01.2018



1B 41   // передача: 2 байт; 09:35:45:682 13.01.2018



1B 41   // передача: 2 байт; 09:35:46:066 13.01.2018



1B 41   // передача: 2 байт; 09:35:46:298 13.01.2018



1B 41   // передача: 2 байт; 09:35:46:498 13.01.2018



1B 41   // передача: 2 байт; 09:35:46:722 13.01.2018



1B 41   // передача: 2 байт; 09:35:46:962 13.01.2018



1B 41   // передача: 2 байт; 09:35:47:170 13.01.2018



1B 41   // передача: 2 байт; 09:35:47:714 13.01.2018



1B 41   // передача: 2 байт; 09:35:47:914 13.01.2018



1B 41   // передача: 2 байт; 09:35:48:138 13.01.2018



1B 41   // передача: 2 байт; 09:35:48:322 13.01.2018



1B 41   // передача: 2 байт; 09:35:48:594 13.01.2018
// приём по таймауту: 5000 мс
// принято с сокета: 0 байт
Событие: Disconnecting.   // 09:36:20:066 13.01.2018
Отсоединение   // 09:36:20:067 13.01.2018
Событие: Disconnected.   // 09:36:20:068 13.01.2018
Ошибка при закрытии сокета: Thread Error: Неверный дескриптор (6)   // 09:36:20:069 13.01.2018
Событие: Connecting to 192.168.1.100.   // 09:36:20:866 13.01.2018
Событие: Connected.   // 09:36:20:867 13.01.2018
Установлено соединение c сокетом: 192.168.1.100:1002   // 09:36:20:868 13.01.2018



1B 41   // передача: 2 байт; 09:36:23:282 13.01.2018



1B 41   // передача: 2 байт; 09:36:27:930 13.01.2018



1B 41   // передача: 2 байт; 09:36:28:434 13.01.2018



1B 41   // передача: 2 байт; 09:36:28:826 13.01.2018



1B 41   // передача: 2 байт; 09:36:29:058 13.01.2018



1B 41   // передача: 2 байт; 09:36:29:290 13.01.2018



1B 41   // передача: 2 байт; 09:36:29:522 13.01.2018



1B 41   // передача: 2 байт; 09:36:29:730 13.01.2018



1B 41   // передача: 2 байт; 09:36:29:946 13.01.2018



1B 41   // передача: 2 байт; 09:36:30:146 13.01.2018



1B 41   // передача: 2 байт; 09:36:30:387 13.01.2018
// приём по таймауту: 5000 мс
// принято с сокета: 0 байт

CA E0 EB FE EC ED FB 20 

01 00 07 00 01 69 C1   // передача: 7 байт; 09:36:41:348 13.01.2018

CA E0 EB FE EC ED FB 20 

01 00 07 00 01 69 C1   // передача: 7 байт; 09:36:42:083 13.01.2018

CA E0 EB FE EC ED FB 20 

01 00 07 00 01 69 C1   // передача: 7 байт; 09:36:42:371 13.01.2018
// приём по таймауту: 5000 мс
// принято с сокета: 0 байт
Событие: Disconnecting.   // 09:37:29:098 13.01.2018
Отсоединение   // 09:37:29:099 13.01.2018
Событие: Disconnected.   // 09:37:29:100 13.01.2018
Ошибка при закрытии сокета: Thread Error: Неверный дескриптор (6)   // 09:37:29:101 13.01.2018
Событие: Connecting to 192.168.1.100.   // 09:37:33:706 13.01.2018
Событие: Connected.   // 09:37:33:707 13.01.2018
Установлено соединение c сокетом: 192.168.1.100:1002   // 09:37:33:708 13.01.2018



1B 41   // передача: 2 байт; 09:37:36:762 13.01.2018



1B 41   // передача: 2 байт; 09:37:37:362 13.01.2018



1B 41   // передача: 2 байт; 09:37:37:642 13.01.2018



1B 41   // передача: 2 байт; 09:37:37:882 13.01.2018



1B 41   // передача: 2 байт; 09:37:38:074 13.01.2018



1B 41   // передача: 2 байт; 09:37:38:290 13.01.2018



1B 41   // передача: 2 байт; 09:37:38:546 13.01.2018



1B 41   // передача: 2 байт; 09:37:38:914 13.01.2018



1B 41   // передача: 2 байт; 09:37:39:138 13.01.2018



1B 41   // передача: 2 байт; 09:37:39:610 13.01.2018

CA E0 EB FE EC ED FB 20 

01 00 07 00 01 69 C1   // передача: 7 байт; 09:37:41:852 13.01.2018

CA E0 EB FE EC ED FB 20 

01 00 07 00 01 69 C1   // передача: 7 байт; 09:37:42:604 13.01.2018

CA E0 EB FE EC ED FB 20 

01 00 07 00 01 69 C1   // передача: 7 байт; 09:37:43:220 13.01.2018

CA E0 EB FE EC ED FB 20 

01 00 07 00 01 69 C1   // передача: 7 байт; 09:37:43:796 13.01.2018

CA E0 EB FE EC ED FB 20 

01 00 07 00 01 69 C1   // передача: 7 байт; 09:37:44:364 13.01.2018

CA E0 EB FE EC ED FB 20 

01 00 07 00 01 69 C1   // передача: 7 байт; 09:37:44:772 13.01.2018
Событие: Disconnecting.   // 09:37:47:850 13.01.2018
Отсоединение   // 09:37:47:854 13.01.2018
Событие: Disconnected.   // 09:37:47:856 13.01.2018
Ошибка при закрытии сокета: Thread Error: Неверный дескриптор (6)   // 09:37:47:858 13.01.2018
// приём по таймауту: 5000 мс
// принято с сокета: 0 байт
Ошибка при закрытии сокета: Thread Error: Неверный дескриптор (6)   // 09:38:33:371 13.01.2018
Событие: Connecting to 192.168.1.100.   // 09:38:37:059 13.01.2018
Событие: Connected.   // 09:38:37:063 13.01.2018
Установлено соединение c сокетом: 192.168.1.100:1003   // 09:38:37:066 13.01.2018

CA E0 EB FE EC ED FB 20 

01 00 07 00 01 69 C1   // передача: 7 байт; 09:38:42:460 13.01.2018

CA E0 EB FE EC ED FB 20 

01 00 07 00 01 69 C1   // передача: 7 байт; 09:38:43:683 13.01.2018

CA E0 EB FE EC ED FB 20 

01 00 07 00 01 69 C1   // передача: 7 байт; 09:38:44:331 13.01.2018
// приём по таймауту: 5000 мс
// принято с сокета: 0 байт
Событие: Disconnecting.   // 09:38:54:939 13.01.2018
Отсоединение   // 09:38:54:942 13.01.2018
Событие: Disconnected.   // 09:38:54:945 13.01.2018
Ошибка при закрытии сокета: Thread Error: Неверный дескриптор (6)   // 09:38:54:948 13.01.2018
Событие: Connecting to 192.168.1.100.   // 09:39:06:074 13.01.2018
Событие: Connected.   // 09:39:06:078 13.01.2018
Установлено соединение c сокетом: 192.168.1.100:1003   // 09:39:06:081 13.01.2018



1B 41   // передача: 2 байт; 09:39:12:714 13.01.2018



1B 41   // передача: 2 байт; 09:39:13:306 13.01.2018



1B 41   // передача: 2 байт; 09:39:13:915 13.01.2018



1B 41   // передача: 2 байт; 09:39:14:227 13.01.2018



1B 41   // передача: 2 байт; 09:39:14:499 13.01.2018



1B 41   // передача: 2 байт; 09:39:14:762 13.01.2018



1B 41   // передача: 2 байт; 09:39:14:994 13.01.2018



1B 41   // передача: 2 байт; 09:39:15:211 13.01.2018



1B 41   // передача: 2 байт; 09:39:15:426 13.01.2018



1B 41   // передача: 2 байт; 09:39:15:650 13.01.2018



1B 41   // передача: 2 байт; 09:39:15:874 13.01.2018



1B 41   // передача: 2 байт; 09:39:16:090 13.01.2018



1B 41   // передача: 2 байт; 09:39:16:314 13.01.2018



1B 41   // передача: 2 байт; 09:39:16:530 13.01.2018



1B 41   // передача: 2 байт; 09:39:16:738 13.01.2018



1B 41   // передача: 2 байт; 09:39:16:954 13.01.2018



1B 41   // передача: 2 байт; 09:39:17:130 13.01.2018



1B 41   // передача: 2 байт; 09:39:17:346 13.01.2018



1B 41   // передача: 2 байт; 09:39:17:546 13.01.2018



1B 41   // передача: 2 байт; 09:39:17:722 13.01.2018



1B 41   // передача: 2 байт; 09:39:17:954 13.01.2018



1B 41   // передача: 2 байт; 09:39:18:138 13.01.2018

CA E0 EB FE EC ED FB 20 

01 00 07 00 01 69 C1   // передача: 7 байт; 09:39:20:659 13.01.2018

CA E0 EB FE EC ED FB 20 

01 00 07 00 01 69 C1   // передача: 7 байт; 09:39:20:867 13.01.2018

CA E0 EB FE EC ED FB 20 

01 00 07 00 01 69 C1   // передача: 7 байт; 09:39:21:563 13.01.2018

CA E0 EB FE EC ED FB 20 

01 00 07 00 01 69 C1   // передача: 7 байт; 09:39:22:219 13.01.2018

CA E0 EB FE EC ED FB 20 

01 00 07 00 01 69 C1   // передача: 7 байт; 09:39:22:820 13.01.2018

CA E0 EB FE EC ED FB 20 

01 00 07 00 01 69 C1   // передача: 7 байт; 09:39:23:403 13.01.2018

CA E0 EB FE EC ED FB 20 

01 00 07 00 01 69 C1   // передача: 7 байт; 09:39:23:923 13.01.2018

CA E0 EB FE EC ED FB 20 

01 00 07 00 01 69 C1   // передача: 7 байт; 09:39:24:411 13.01.2018

CA E0 EB FE EC ED FB 20 

01 00 07 00 01 69 C1   // передача: 7 байт; 09:39:24:875 13.01.2018

CA E0 EB FE EC ED FB 20 

01 00 07 00 01 69 C1   // передача: 7 байт; 09:39:25:212 13.01.2018

CA E0 EB FE EC ED FB 20 

01 00 07 00 01 69 C1   // передача: 7 байт; 09:39:25:436 13.01.2018

CA E0 EB FE EC ED FB 20 

01 00 07 00 01 69 C1   // передача: 7 байт; 09:39:25:660 13.01.2018

CA E0 EB FE EC ED FB 20 

01 00 07 00 01 69 C1   // передача: 7 байт; 09:39:25:868 13.01.2018

CA E0 EB FE EC ED FB 20 

01 00 07 00 01 69 C1   // передача: 7 байт; 09:39:26:068 13.01.2018

CA E0 EB FE EC ED FB 20 

01 00 07 00 01 69 C1   // передача: 7 байт; 09:39:26:260 13.01.2018

CA E0 EB FE EC ED FB 20 

01 00 07 00 01 69 C1   // передача: 7 байт; 09:39:26:476 13.01.2018

CA E0 EB FE EC ED FB 20 

01 00 07 00 01 69 C1   // передача: 7 байт; 09:39:26:660 13.01.2018

CA E0 EB FE EC ED FB 20 

01 00 07 00 01 69 C1   // передача: 7 байт; 09:39:26:868 13.01.2018

CA E0 EB FE EC ED FB 20 

01 00 07 00 01 69 C1   // передача: 7 байт; 09:39:27:388 13.01.2018

CA E0 EB FE EC ED FB 20 

01 00 07 00 01 69 C1   // передача: 7 байт; 09:39:27:587 13.01.2018

CA E0 EB FE EC ED FB 20 

01 00 07 00 01 69 C1   // передача: 7 байт; 09:39:27:812 13.01.2018

CA E0 EB FE EC ED FB 20 

01 00 07 00 01 69 C1   // передача: 7 байт; 09:39:28:060 13.01.2018

CA E0 EB FE EC ED FB 20 

01 00 07 00 01 69 C1   // передача: 7 байт; 09:39:28:724 13.01.2018

CA E0 EB FE EC ED FB 20 

01 00 07 00 01 69 C1   // передача: 7 байт; 09:39:28:964 13.01.2018

CA E0 EB FE EC ED FB 20 

01 00 07 00 01 69 C1   // передача: 7 байт; 09:39:29:156 13.01.2018

CA E0 EB FE EC ED FB 20 

01 00 07 00 01 69 C1   // передача: 7 байт; 09:39:29:356 13.01.2018

CA E0 EB FE EC ED FB 20 

01 00 07 00 01 69 C1   // передача: 7 байт; 09:39:29:580 13.01.2018

CA E0 EB FE EC ED FB 20 

01 00 07 00 01 69 C1   // передача: 7 байт; 09:39:29:803 13.01.2018
// приём по таймауту: 5000 мс
// принято с сокета: 0 байт

CA E0 EB FE EC ED FB 20 

01 00 07 00 01 69 C1   // передача: 7 байт; 09:39:35:388 13.01.2018
Событие: Disconnecting.   // 09:39:38:562 13.01.2018
Отсоединение   // 09:39:38:563 13.01.2018
Событие: Disconnected.   // 09:39:38:565 13.01.2018
// принято 0 байт (доступно 0 из 13 байт)   // 09:39:38:566 13.01.2018
Ошибка при закрытии сокета: Thread Error: Неверный дескриптор (6)   // 09:39:38:566 13.01.2018
// приём по таймауту: 5000 мс
// принято с сокета: 0 байт
Ошибка при закрытии сокета: Thread Error: Неверный дескриптор (6)   // 09:41:31:827 13.01.2018
Событие: Connecting to 192.168.1.100.   // 09:41:47:299 13.01.2018
Событие: Connected.   // 09:41:47:300 13.01.2018
Установлено соединение c сокетом: 192.168.1.100:1004   // 09:41:47:301 13.01.2018



1B 41   // передача: 2 байт; 09:41:49:627 13.01.2018



1B 41   // передача: 2 байт; 09:41:50:331 13.01.2018

CA E0 EB FE EC ED FB 20 

01 00 07 00 01 69 C1   // передача: 7 байт; 09:41:52:939 13.01.2018
Событие: Disconnecting.   // 09:41:55:778 13.01.2018
Отсоединение   // 09:41:55:779 13.01.2018
Событие: Disconnected.   // 09:41:55:780 13.01.2018
Ошибка при закрытии сокета: Thread Error: Неверный дескриптор (6)   // 09:41:55:781 13.01.2018
// приём по таймауту: 5000 мс
// принято с сокета: 0 байт
Ошибка при закрытии сокета: Thread Error: Неверный дескриптор (6)   // 09:42:58:243 13.01.2018
Событие: Connecting to 192.168.1.100.   // 09:43:03:010 13.01.2018
Событие: Connected.   // 09:43:03:012 13.01.2018
Установлено соединение c сокетом: 192.168.1.100:1004   // 09:43:03:012 13.01.2018



1B 41   // передача: 2 байт; 09:43:04:650 13.01.2018



1B 41   // передача: 2 байт; 09:43:05:258 13.01.2018



1B 41   // передача: 2 байт; 09:43:05:554 13.01.2018



1B 41   // передача: 2 байт; 09:43:06:090 13.01.2018



1B 41   // передача: 2 байт; 09:43:06:690 13.01.2018



1B 41   // передача: 2 байт; 09:43:07:186 13.01.2018



1B 41   // передача: 2 байт; 09:43:07:490 13.01.2018

CA E0 EB FE EC ED FB 20 

01 00 07 00 01 69 C1   // передача: 7 байт; 09:43:10:451 13.01.2018

CA E0 EB FE EC ED FB 20 

01 00 07 00 01 69 C1   // передача: 7 байт; 09:43:11:131 13.01.2018

CA E0 EB FE EC ED FB 20 

01 00 07 00 01 69 C1   // передача: 7 байт; 09:43:11:643 13.01.2018
Событие: Disconnecting.   // 09:43:14:131 13.01.2018
Отсоединение   // 09:43:14:132 13.01.2018
Событие: Disconnected.   // 09:43:14:132 13.01.2018
Ошибка при закрытии сокета: Thread Error: Неверный дескриптор (6)   // 09:43:14:133 13.01.2018
// приём по таймауту: 5000 мс
// принято с сокета: 0 байт
Ошибка при закрытии сокета: Thread Error: Неверный дескриптор (6)   // 09:43:58:386 13.01.2018
Событие: Connecting to 192.168.1.100.   // 09:44:09:755 13.01.2018
Событие: Connected.   // 09:44:09:756 13.01.2018
Установлено соединение c сокетом: 192.168.1.100:1005   // 09:44:09:757 13.01.2018



1B 41   // передача: 2 байт; 09:44:16:362 13.01.2018



1B 41   // передача: 2 байт; 09:44:16:994 13.01.2018



1B 41   // передача: 2 байт; 09:44:17:482 13.01.2018



1B 41   // передача: 2 байт; 09:44:17:778 13.01.2018



1B 41   // передача: 2 байт; 09:44:18:002 13.01.2018



1B 41   // передача: 2 байт; 09:44:18:226 13.01.2018



1B 41   // передача: 2 байт; 09:44:18:442 13.01.2018

CA E0 EB FE EC ED FB 20 

01 00 07 00 01 69 C1   // передача: 7 байт; 09:44:20:643 13.01.2018

CA E0 EB FE EC ED FB 20 

01 00 07 00 01 69 C1   // передача: 7 байт; 09:44:20:891 13.01.2018

CA E0 EB FE EC ED FB 20 

01 00 07 00 01 69 C1   // передача: 7 байт; 09:44:21:099 13.01.2018

CA E0 EB FE EC ED FB 20 

01 00 07 00 01 69 C1   // передача: 7 байт; 09:44:21:291 13.01.2018

CA E0 EB FE EC ED FB 20 

01 00 07 00 01 69 C1   // передача: 7 байт; 09:44:21:475 13.01.2018
Событие: Disconnecting.   // 09:44:23:595 13.01.2018
Отсоединение   // 09:44:23:596 13.01.2018
Событие: Disconnected.   // 09:44:23:596 13.01.2018
// принято 0 байт (доступно 0 из 13 байт)   // 09:44:23:597 13.01.2018
Ошибка при закрытии сокета: Thread Error: Неверный дескриптор (6)   // 09:44:23:597 13.01.2018
// приём по таймауту: 5000 мс
Ошибка при закрытии сокета: Thread Error: Неверный дескриптор (6)   // 09:44:55:026 13.01.2018
Ошибка при закрытии сокета: Thread Error: Неверный дескриптор (6)   // 09:45:05:907 13.01.2018
Событие: Connecting to 192.168.1.100.   // 09:45:06:315 13.01.2018
Событие: Connected.   // 09:45:06:316 13.01.2018
Установлено соединение c сокетом: 192.168.1.100:1005   // 09:45:06:317 13.01.2018



1B 41   // передача: 2 байт; 09:45:10:442 13.01.2018



1B 41   // передача: 2 байт; 09:45:10:962 13.01.2018



1B 41   // передача: 2 байт; 09:45:11:162 13.01.2018



1B 41   // передача: 2 байт; 09:45:11:370 13.01.2018



1B 41   // передача: 2 байт; 09:45:11:562 13.01.2018



1B 41   // передача: 2 байт; 09:45:11:762 13.01.2018



1B 41   // передача: 2 байт; 09:45:11:986 13.01.2018



1B 41   // передача: 2 байт; 09:45:12:194 13.01.2018



1B 41   // передача: 2 байт; 09:45:12:418 13.01.2018

CA E0 EB FE EC ED FB 20 

01 00 07 00 01 69 C1   // передача: 7 байт; 09:45:15:260 13.01.2018

CA E0 EB FE EC ED FB 20 

01 00 07 00 01 69 C1   // передача: 7 байт; 09:45:15:668 13.01.2018

CA E0 EB FE EC ED FB 20 

01 00 07 00 01 69 C1   // передача: 7 байт; 09:45:15:884 13.01.2018

CA E0 EB FE EC ED FB 20 

01 00 07 00 01 69 C1   // передача: 7 байт; 09:45:16:084 13.01.2018

CA E0 EB FE EC ED FB 20 

01 00 07 00 01 69 C1   // передача: 7 байт; 09:45:16:292 13.01.2018

CA E0 EB FE EC ED FB 20 

01 00 07 00 01 69 C1   // передача: 7 байт; 09:45:16:468 13.01.2018
Событие: Disconnecting.   // 09:45:18:131 13.01.2018
Отсоединение   // 09:45:18:132 13.01.2018
Событие: Disconnected.   // 09:45:18:133 13.01.2018
Ошибка при закрытии сокета: Thread Error: Неверный дескриптор (6)   // 09:45:18:134 13.01.2018
// приём по таймауту: 5000 мс
// принято с сокета: 0 байт

// О программе
