Событие: Connecting to 192.168.1.100.   // 12:24:58:016 13.01.2018
Событие: Connecting to 192.168.1.100.   // 12:25:20:976 13.01.2018
Событие: Connected.   // 12:25:20:978 13.01.2018
Установлено соединение c сокетом: 192.168.1.100:1005   // 12:25:20:979 13.01.2018



1B 41   // передача: 2 байт; 12:25:27:623 13.01.2018



1B 41   // передача: 2 байт; 12:25:30:944 13.01.2018
// приём по таймауту: 5000 мс
// принято с сокета: 0 байт



1B 41   // передача: 2 байт; 12:25:40:696 13.01.2018
// приём по таймауту: 5000 мс
// принято с сокета: 0 байт



1B 41   // передача: 2 байт; 12:25:54:615 13.01.2018



1B 41   // передача: 2 байт; 12:25:56:784 13.01.2018



1B 41   // передача: 2 байт; 12:25:58:656 13.01.2018



1B 41   // передача: 2 байт; 12:26:00:567 13.01.2018

CA E0 EB FE EC ED FB 20 

01 00 07 00 01 69 C1   // передача: 7 байт; 12:26:04:104 13.01.2018

CA E0 EB FE EC ED FB 20 

01 00 07 00 01 69 C1   // передача: 7 байт; 12:26:07:840 13.01.2018
// приём по таймауту: 5000 мс
// принято с сокета: 0 байт

CA E0 EB FE EC ED FB 20 

01 00 07 00 01 69 C1   // передача: 7 байт; 12:26:17:313 13.01.2018
// приём по таймауту: 5000 мс
// принято с сокета: 0 байт

CA E0 EB FE EC ED FB 20 

01 00 07 00 01 69 C1   // передача: 7 байт; 12:26:23:624 13.01.2018
// приём по таймауту: 5000 мс
// принято с сокета: 0 байт



1B 41   // передача: 2 байт; 12:26:42:151 13.01.2018



1B 41   // передача: 2 байт; 12:26:44:303 13.01.2018



1B 41   // передача: 2 байт; 12:26:46:663 13.01.2018



1B 41   // передача: 2 байт; 12:26:48:576 13.01.2018
// приём по таймауту: 5000 мс
// принято с сокета: 0 байт
Событие: Disconnecting.   // 12:28:08:671 13.01.2018
Отсоединение   // 12:28:08:672 13.01.2018
Событие: Disconnected.   // 12:28:08:674 13.01.2018
// принято 0 байт (доступно 0 из 0 байт)   // 12:28:08:676 13.01.2018
// принято с сокета: 0 байт
Ошибка при закрытии сокета: Thread Error: Неверный дескриптор (6)   // 12:28:08:676 13.01.2018
Событие: Connecting to 192.168.1.100.   // 12:28:10:199 13.01.2018
Событие: Connected.   // 12:28:10:202 13.01.2018
Установлено соединение c сокетом: 192.168.1.100:1005   // 12:28:10:203 13.01.2018



1A   // передача: 1 байт; 12:28:12:791 13.01.2018



1A   // передача: 1 байт; 12:28:14:367 13.01.2018

CA E0 EB FE EC ED FB 20 

01 00 07 00 01 69 C1   // передача: 7 байт; 12:28:18:473 13.01.2018

CA E0 EB FE EC ED FB 20 

01 00 07 00 01 69 C1   // передача: 7 байт; 12:28:19:296 13.01.2018

CA E0 EB FE EC ED FB 20 

01 00 07 00 01 69 C1   // передача: 7 байт; 12:28:20:209 13.01.2018

CA E0 EB FE EC ED FB 20 

01 00 07 00 01 69 C1   // передача: 7 байт; 12:28:20:897 13.01.2018

CA E0 EB FE EC ED FB 20 

01 00 07 00 01 69 C1   // передача: 7 байт; 12:28:21:464 13.01.2018

CA E0 EB FE EC ED FB 20 

01 00 07 00 01 69 C1   // передача: 7 байт; 12:28:21:888 13.01.2018
// приём по таймауту: 5000 мс
// принято с сокета: 0 байт
Событие: Disconnecting.   // 12:28:31:303 13.01.2018
Отсоединение   // 12:28:31:303 13.01.2018
Событие: Disconnected.   // 12:28:31:303 13.01.2018
Ошибка при закрытии сокета: Thread Error: Неверный дескриптор (6)   // 12:28:31:303 13.01.2018

// О программе
