Событие: Connecting to 192.168.1.100.   // 12:36:29:072 13.01.2018
Событие: Connected.   // 12:36:29:077 13.01.2018
Установлено соединение c сокетом: 192.168.1.100:1005   // 12:36:29:077 13.01.2018



1B 41   // передача: 2 байт; 12:36:30:704 13.01.2018



1B 41   // передача: 2 байт; 12:36:31:679 13.01.2018



1B 41   // передача: 2 байт; 12:36:32:511 13.01.2018
// приём по таймауту: 5000 мс
// принято с сокета: 0 байт

CA E0 EB FE EC ED FB 20 

01 00 07 00 01 69 C1   // передача: 7 байт; 12:36:38:392 13.01.2018

CA E0 EB FE EC ED FB 20 

01 00 07 00 01 69 C1   // передача: 7 байт; 12:36:41:672 13.01.2018

CA E0 EB FE EC ED FB 20 

01 00 07 00 01 69 C1   // передача: 7 байт; 12:36:43:121 13.01.2018

CA E0 EB FE EC ED FB 20 

01 00 07 00 01 69 C1   // передача: 7 байт; 12:36:44:577 13.01.2018

CA E0 EB FE EC ED FB 20 

01 00 07 00 01 69 C1   // передача: 7 байт; 12:36:45:977 13.01.2018

CA E0 EB FE EC ED FB 20 

01 00 07 00 01 69 C1   // передача: 7 байт; 12:36:47:257 13.01.2018

CA E0 EB FE EC ED FB 20 

01 00 07 00 01 69 C1   // передача: 7 байт; 12:36:48:393 13.01.2018

CA E0 EB FE EC ED FB 20 

01 00 07 00 01 69 C1   // передача: 7 байт; 12:36:49:552 13.01.2018

CA E0 EB FE EC ED FB 20 

01 00 07 00 01 69 C1   // передача: 7 байт; 12:36:50:777 13.01.2018
// приём по таймауту: 5000 мс
// принято с сокета: 0 байт



1B 41   // передача: 2 байт; 12:38:39:799 13.01.2018



1B 41   // передача: 2 байт; 12:38:42:383 13.01.2018



1B 41   // передача: 2 байт; 12:38:43:463 13.01.2018



1B 41   // передача: 2 байт; 12:38:44:271 13.01.2018



1B 41   // передача: 2 байт; 12:38:44:944 13.01.2018

CA E0 EB FE EC ED FB 20 

01 00 07 00 01 69 C1   // передача: 7 байт; 12:38:49:105 13.01.2018
// приём по таймауту: 5000 мс
// принято с сокета: 0 байт



1A   // передача: 1 байт; 12:40:33:760 13.01.2018
Событие: Disconnecting.   // 12:40:41:639 13.01.2018
Отсоединение   // 12:40:41:641 13.01.2018
Событие: Disconnected.   // 12:40:41:641 13.01.2018
// принято 0 байт (доступно 0 из 0 байт)   // 12:40:41:642 13.01.2018
// принято с сокета: 0 байт
Ошибка при закрытии сокета: Thread Error: Неверный дескриптор (6)   // 12:40:41:643 13.01.2018
Событие: Connecting to 192.168.1.100.   // 12:40:43:343 13.01.2018
Событие: Connected.   // 12:40:43:344 13.01.2018
Установлено соединение c сокетом: 192.168.1.100:1005   // 12:40:43:345 13.01.2018



1B 41   // передача: 2 байт; 12:40:44:983 13.01.2018



1B 41   // передача: 2 байт; 12:40:46:551 13.01.2018



1B 41   // передача: 2 байт; 12:40:47:352 13.01.2018



1B 41   // передача: 2 байт; 12:40:47:936 13.01.2018



1B 41   // передача: 2 байт; 12:40:48:392 13.01.2018



1B 41   // передача: 2 байт; 12:40:48:672 13.01.2018

CA E0 EB FE EC ED FB 20 

01 00 07 00 01 69 C1   // передача: 7 байт; 12:40:51:065 13.01.2018

CA E0 EB FE EC ED FB 20 

01 00 07 00 01 69 C1   // передача: 7 байт; 12:40:52:113 13.01.2018
// приём по таймауту: 5000 мс
// принято с сокета: 0 байт
Событие: Disconnecting.   // 12:42:33:984 13.01.2018
Отсоединение   // 12:42:33:984 13.01.2018
Событие: Disconnected.   // 12:42:33:985 13.01.2018
// принято 0 байт (доступно 0 из 13 байт)   // 12:42:33:986 13.01.2018
Ошибка при закрытии сокета: Thread Error: Неверный дескриптор (6)   // 12:42:33:986 13.01.2018
Событие: Connecting to 192.168.1.100.   // 12:42:38:248 13.01.2018
Событие: Connected.   // 12:42:38:249 13.01.2018
Установлено соединение c сокетом: 192.168.1.100:1005   // 12:42:38:249 13.01.2018



1B 41   // передача: 2 байт; 12:42:40:767 13.01.2018



1B 41   // передача: 2 байт; 12:42:44:447 13.01.2018
// приём по таймауту: 5000 мс
// принято с сокета: 0 байт

CA E0 EB FE EC ED FB 20 

01 00 07 00 01 69 C1   // передача: 7 байт; 12:42:51:073 13.01.2018
// приём по таймауту: 5000 мс
// принято с сокета: 0 байт

CA E0 EB FE EC ED FB 20 

01 00 07 00 01 69 C1   // передача: 7 байт; 12:43:05:400 13.01.2018
// приём по таймауту: 5000 мс
// принято с сокета: 0 байт
Событие: Disconnecting.   // 12:44:29:047 13.01.2018
Отсоединение   // 12:44:29:049 13.01.2018
Событие: Disconnected.   // 12:44:29:051 13.01.2018
// принято 0 байт (доступно 0 из 13 байт)   // 12:44:29:052 13.01.2018
Ошибка при закрытии сокета: Thread Error: Неверный дескриптор (6)   // 12:44:29:053 13.01.2018
Событие: Connecting to 192.168.1.100.   // 12:44:29:943 13.01.2018
Событие: Connected.   // 12:44:29:945 13.01.2018
Установлено соединение c сокетом: 192.168.1.100:1005   // 12:44:29:947 13.01.2018



1B 41   // передача: 2 байт; 12:44:36:696 13.01.2018
// приём по таймауту: 5000 мс
// принято с сокета: 0 байт

CA E0 EB FE EC ED FB 20 

01 00 07 00 01 69 C1   // передача: 7 байт; 12:44:42:369 13.01.2018
// приём по таймауту: 5000 мс
// принято с сокета: 0 байт

CA E0 EB FE EC ED FB 20 

01 00 07 00 01 69 C1   // передача: 7 байт; 12:45:00:593 13.01.2018
// приём по таймауту: 5000 мс
// принято с сокета: 0 байт
Событие: Disconnecting.   // 12:45:42:863 13.01.2018
Отсоединение   // 12:45:42:863 13.01.2018
Событие: Disconnected.   // 12:45:42:863 13.01.2018
// принято 0 байт (доступно 0 из 13 байт)   // 12:45:42:864 13.01.2018
Ошибка при закрытии сокета: Thread Error: Неверный дескриптор (6)   // 12:45:42:864 13.01.2018

// О программе
