—обытие: Connecting to 192.168.1.98.   // 10:42:00:684 06.01.2018
—обытие: Connected.   // 10:42:00:689 06.01.2018
”становлено соединение c сокетом: 192.168.1.98:1002   // 10:42:00:689 06.01.2018



1B 41   // передача: 2 байт; 10:42:08:363 06.01.2018



1B 41   // передача: 2 байт; 10:42:09:410 06.01.2018



1B 41   // передача: 2 байт; 10:42:10:435 06.01.2018



1B 41   // передача: 2 байт; 10:42:11:371 06.01.2018



1B 41   // передача: 2 байт; 10:42:12:459 06.01.2018



1B 41   // передача: 2 байт; 10:42:13:539 06.01.2018



1B 41   // передача: 2 байт; 10:42:14:331 06.01.2018



1B 41   // передача: 2 байт; 10:42:14:939 06.01.2018



1B 41   // передача: 2 байт; 10:42:15:571 06.01.2018



1B 41   // передача: 2 байт; 10:42:16:683 06.01.2018



1B 41   // передача: 2 байт; 10:42:17:867 06.01.2018



1B 41   // передача: 2 байт; 10:42:18:715 06.01.2018



1B 41   // передача: 2 байт; 10:42:19:899 06.01.2018
// приЄм по таймауту: 5000 мс
// прин€то с сокета: 0 байт
—обытие: Disconnecting.   // 10:44:48:074 06.01.2018
ќтсоединение   // 10:44:48:075 06.01.2018
—обытие: Disconnected.   // 10:44:48:077 06.01.2018
// прин€то 0 байт (доступно 0 из 0 байт)   // 10:44:48:078 06.01.2018
// прин€то с сокета: 0 байт
ќшибка при закрытии сокета: Thread Error: Ќеверный дескриптор (6)   // 10:44:48:079 06.01.2018
—обытие: Connecting to 192.168.1.98.   // 10:44:49:483 06.01.2018
—обытие: Connected.   // 10:44:49:485 06.01.2018
”становлено соединение c сокетом: 192.168.1.98:1002   // 10:44:49:488 06.01.2018



1B 41   // передача: 2 байт; 10:44:54:571 06.01.2018



1B 41   // передача: 2 байт; 10:44:55:363 06.01.2018



1B 41   // передача: 2 байт; 10:44:55:899 06.01.2018



1B 41   // передача: 2 байт; 10:44:56:619 06.01.2018



1B 41   // передача: 2 байт; 10:44:57:091 06.01.2018



1B 41   // передача: 2 байт; 10:44:57:371 06.01.2018



1B 41   // передача: 2 байт; 10:44:57:571 06.01.2018



1B 41   // передача: 2 байт; 10:44:57:779 06.01.2018



1B 41   // передача: 2 байт; 10:44:58:027 06.01.2018



1B 41   // передача: 2 байт; 10:44:58:259 06.01.2018



1B 41   // передача: 2 байт; 10:44:58:499 06.01.2018



1B 41   // передача: 2 байт; 10:44:58:731 06.01.2018



1B 41   // передача: 2 байт; 10:44:58:963 06.01.2018



1B 41   // передача: 2 байт; 10:44:59:171 06.01.2018



1B 41   // передача: 2 байт; 10:44:59:411 06.01.2018



1B 41   // передача: 2 байт; 10:44:59:619 06.01.2018



1B 41   // передача: 2 байт; 10:44:59:819 06.01.2018



1B 41   // передача: 2 байт; 10:45:00:027 06.01.2018



1B 41   // передача: 2 байт; 10:45:00:219 06.01.2018



1B 41   // передача: 2 байт; 10:45:00:451 06.01.2018



1B 41   // передача: 2 байт; 10:45:00:683 06.01.2018



1B 41   // передача: 2 байт; 10:45:00:891 06.01.2018



1B 41   // передача: 2 байт; 10:45:01:115 06.01.2018



1B 41   // передача: 2 байт; 10:45:01:323 06.01.2018



1B 41   // передача: 2 байт; 10:45:01:555 06.01.2018



1B 41   // передача: 2 байт; 10:45:01:803 06.01.2018



1B 41   // передача: 2 байт; 10:45:02:026 06.01.2018



1B 41   // передача: 2 байт; 10:45:02:739 06.01.2018



1B 41   // передача: 2 байт; 10:45:02:955 06.01.2018



1B 41   // передача: 2 байт; 10:45:03:155 06.01.2018



1B 41   // передача: 2 байт; 10:45:03:378 06.01.2018



1B 41   // передача: 2 байт; 10:45:03:595 06.01.2018



1B 41   // передача: 2 байт; 10:45:03:786 06.01.2018



1B 41   // передача: 2 байт; 10:45:03:978 06.01.2018



1B 41   // передача: 2 байт; 10:45:04:194 06.01.2018



1B 41   // передача: 2 байт; 10:45:04:394 06.01.2018



1B 41   // передача: 2 байт; 10:45:04:682 06.01.2018



1B 41   // передача: 2 байт; 10:45:04:923 06.01.2018



1B 41   // передача: 2 байт; 10:45:05:146 06.01.2018



1B 41   // передача: 2 байт; 10:45:05:362 06.01.2018



1B 41   // передача: 2 байт; 10:45:05:578 06.01.2018



1B 41   // передача: 2 байт; 10:45:05:818 06.01.2018



1B 41   // передача: 2 байт; 10:45:06:066 06.01.2018
—обытие: Disconnecting.   // 10:45:07:443 06.01.2018
ќтсоединение   // 10:45:07:445 06.01.2018
—обытие: Disconnected.   // 10:45:07:446 06.01.2018
ќшибка при закрытии сокета: Thread Error: Ќеверный дескриптор (6)   // 10:45:07:448 06.01.2018
// приЄм по таймауту: 5000 мс
// прин€то с сокета: 0 байт

// ќ программе
