
CA E0 EB FE EC ED FB 20 

00 00 07 00 F7 D4 47   // передача: 7 байт; 10:46:57:121 02.02.2020
// приём по таймауту: 1000 мс
// принято с порта: 0 байт
повтор: 1

CA E0 EB FE EC ED FB 20 

00 00 07 00 F7 D4 47   // передача: 7 байт; 10:46:58:132 02.02.2020

CA E0 EB FE EC ED FB 20 

00 00 08 00 F6 0C 45 DE   // передача: 8 байт; 10:46:58:160 02.02.2020
// приём по таймауту: 1000 мс
// принято с порта: 0 байт
повтор: 2

CA E0 EB FE EC ED FB 20 

00 00 08 00 F6 0C 45 DE   // передача: 8 байт; 10:46:59:160 02.02.2020
// приём по таймауту: 1000 мс
// принято с порта: 0 байт
повтор: 3

CA E0 EB FE EC ED FB 20 

00 00 08 00 F6 0C 45 DE   // передача: 8 байт; 10:47:00:174 02.02.2020
// приём по таймауту: 1000 мс
// принято с порта: 0 байт
повтор: 4

CA E0 EB FE EC ED FB 20 

00 00 08 00 F6 0C 45 DE   // передача: 8 байт; 10:47:01:188 02.02.2020
// приём по таймауту: 1000 мс
// принято с порта: 0 байт
повтор: 5

CA E0 EB FE EC ED FB 20 

00 00 08 00 F6 0C 45 DE   // передача: 8 байт; 10:47:02:202 02.02.2020
// приём по таймауту: 1000 мс
// принято с порта: 0 байт

CA E0 EB FE EC ED FB 20 

00 00 07 00 F7 D4 47   // передача: 7 байт; 10:47:06:151 02.02.2020
// приём по таймауту: 1000 мс
// принято с порта: 0 байт



1A   // передача: 1 байт; 10:47:13:438 02.02.2020
// приём по количеству байт: 4 из 0
// принято с порта: 4 байт

4F 4B 0D 0A   // прием: 4 байт; 10:47:13:451 02.02.2020
// таймаут: 13 мсек

// приём по таймауту: 1000 мс
// принято с порта: 0 байт

CA E0 EB FE EC ED FB 20 

00 00 07 00 F7 D4 47   // передача: 7 байт; 10:47:14:912 02.02.2020
// приём по количеству байт: 39 из 39
// принято с порта: 39 байт

01 00 27 00 F7 C2 E5 E4 F3 F9 E8 E9 2C EF F0 FF EC EE E9 20 20 2E 39 36 30 30 20 20 00 6E 20 20 20 20 2B 20 32 1F D6   // прием: 39 байт; 10:47:14:976 02.02.2020
// таймаут: 64 мсек

Ведущий,прямой  
.9600   n    + 2

CA E0 EB FE EC ED FB 20 

00 00 07 00 F7 D4 47   // передача: 7 байт; 10:47:16:344 02.02.2020
// приём по количеству байт: 39 из 39
// принято с порта: 39 байт

01 00 27 00 F7 C2 E5 E4 F3 F9 E8 E9 2C EF F0 FF EC EE E9 20 20 2E 39 36 30 30 20 20 00 6E 20 20 20 20 2B 20 32 1F D6   // прием: 39 байт; 10:47:16:408 02.02.2020
// таймаут: 64 мсек

Ведущий,прямой  
.9600   n    + 2

CA E0 EB FE EC ED FB 20 

00 00 07 00 F7 D4 47   // передача: 7 байт; 10:47:16:752 02.02.2020
// приём по количеству байт: 39 из 39
// принято с порта: 39 байт

01 00 27 00 F7 C2 E5 E4 F3 F9 E8 E9 2C EF F0 FF EC EE E9 20 20 2E 39 36 30 30 20 20 00 6E 20 20 20 20 2B 20 32 1F D6   // прием: 39 байт; 10:47:16:815 02.02.2020
// таймаут: 63 мсек

Ведущий,прямой  
.9600   n    + 2

CA E0 EB FE EC ED FB 20 

00 00 07 00 F7 D4 47   // передача: 7 байт; 10:47:17:000 02.02.2020
// приём по количеству байт: 39 из 39
// принято с порта: 39 байт

01 00 27 00 F7 C2 E5 E4 F3 F9 E8 E9 2C EF F0 FF EC EE E9 20 20 2E 39 36 30 30 20 20 00 6E 20 20 20 20 2B 20 32 1F D6   // прием: 39 байт; 10:47:17:064 02.02.2020
// таймаут: 64 мсек

Ведущий,прямой  
.9600   n    + 2

CA E0 EB FE EC ED FB 20 

00 00 07 00 F7 D4 47   // передача: 7 байт; 10:47:17:232 02.02.2020
// приём по количеству байт: 39 из 39
// принято с порта: 39 байт

01 00 27 00 F7 C2 E5 E4 F3 F9 E8 E9 2C EF F0 FF EC EE E9 20 20 2E 39 36 30 30 20 20 00 6E 20 20 20 20 2B 20 32 1F D6   // прием: 39 байт; 10:47:17:296 02.02.2020
// таймаут: 64 мсек

Ведущий,прямой  
.9600   n    + 2

CA E0 EB FE EC ED FB 20 

00 00 07 00 F7 D4 47   // передача: 7 байт; 10:47:17:664 02.02.2020
// приём по количеству байт: 39 из 39
// принято с порта: 39 байт

01 00 27 00 F7 C2 E5 E4 F3 F9 E8 E9 2C EF F0 FF EC EE E9 20 20 2E 39 36 30 30 20 20 00 6E 20 20 20 20 2B 20 32 1F D6   // прием: 39 байт; 10:47:17:727 02.02.2020
// таймаут: 63 мсек

Ведущий,прямой  
.9600   n    + 2

CA E0 EB FE EC ED FB 20 

00 00 07 00 F7 D4 47   // передача: 7 байт; 10:47:17:952 02.02.2020
// приём по количеству байт: 39 из 39
// принято с порта: 39 байт

01 00 27 00 F7 C2 E5 E4 F3 F9 E8 E9 2C EF F0 FF EC EE E9 20 20 2E 39 36 30 30 20 20 00 6E 20 20 20 20 2B 20 32 1F D6   // прием: 39 байт; 10:47:18:015 02.02.2020
// таймаут: 63 мсек

Ведущий,прямой  
.9600   n    + 2

CA E0 EB FE EC ED FB 20 

00 00 07 00 F7 D4 47   // передача: 7 байт; 10:47:18:304 02.02.2020
// приём по количеству байт: 39 из 39
// принято с порта: 39 байт

01 00 27 00 F7 C2 E5 E4 F3 F9 E8 E9 2C EF F0 FF EC EE E9 20 20 2E 39 36 30 30 20 20 00 6E 20 20 20 20 2B 20 32 1F D6   // прием: 39 байт; 10:47:18:367 02.02.2020
// таймаут: 63 мсек

Ведущий,прямой  
.9600   n    + 2

CA E0 EB FE EC ED FB 20 

00 00 07 00 F7 D4 47   // передача: 7 байт; 10:47:18:568 02.02.2020
// приём по количеству байт: 39 из 39
// принято с порта: 39 байт

01 00 27 00 F7 C2 E5 E4 F3 F9 E8 E9 2C EF F0 FF EC EE E9 20 20 2E 39 36 30 30 20 20 00 6E 20 20 20 20 2B 20 32 1F D6   // прием: 39 байт; 10:47:18:632 02.02.2020
// таймаут: 64 мсек

Ведущий,прямой  
.9600   n    + 2

CA E0 EB FE EC ED FB 20 

00 00 07 00 F7 D4 47   // передача: 7 байт; 10:47:18:800 02.02.2020
// приём по количеству байт: 39 из 39
// принято с порта: 39 байт

01 00 27 00 F7 C2 E5 E4 F3 F9 E8 E9 2C EF F0 FF EC EE E9 20 20 2E 39 36 30 30 20 20 00 6E 20 20 20 20 2B 20 32 1F D6   // прием: 39 байт; 10:47:18:863 02.02.2020
// таймаут: 63 мсек

Ведущий,прямой  
.9600   n    + 2

CA E0 EB FE EC ED FB 20 

00 00 07 00 F7 D4 47   // передача: 7 байт; 10:47:19:040 02.02.2020
// приём по количеству байт: 39 из 39
// принято с порта: 39 байт

01 00 27 00 F7 C2 E5 E4 F3 F9 E8 E9 2C EF F0 FF EC EE E9 20 20 2E 39 36 30 30 20 20 00 6E 20 20 20 20 2B 20 32 1F D6   // прием: 39 байт; 10:47:19:103 02.02.2020
// таймаут: 63 мсек

Ведущий,прямой  
.9600   n    + 2

CA E0 EB FE EC ED FB 20 

00 00 08 00 F6 00 45 DB   // передача: 8 байт; 10:47:19:784 02.02.2020
// приём по таймауту: 1000 мс
// принято с порта: 8 байт

01 00 08 00 F6 03 04 0B   // прием: 8 байт; 10:47:20:813 02.02.2020
// таймаут: 1029 мсек


CA E0 EB FE EC ED FB 20 

00 00 08 00 F6 0B 04 1C   // передача: 8 байт; 10:47:22:399 02.02.2020
// приём по таймауту: 1000 мс
// принято с порта: 8 байт

01 00 08 00 F6 03 04 0B   // прием: 8 байт; 10:47:23:433 02.02.2020
// таймаут: 1034 мсек


CA E0 EB FE EC ED FB 20 

00 00 08 00 F6 00 45 DB   // передача: 8 байт; 10:47:24:695 02.02.2020
// приём по таймауту: 1000 мс
// принято с порта: 8 байт

01 00 08 00 F6 03 04 0B   // прием: 8 байт; 10:47:25:726 02.02.2020
// таймаут: 1031 мсек


CA E0 EB FE EC ED FB 20 

00 00 08 00 F6 0B 04 1C   // передача: 8 байт; 10:47:27:031 02.02.2020
// приём по таймауту: 1000 мс
// принято с порта: 8 байт

01 00 08 00 F6 03 04 0B   // прием: 8 байт; 10:47:28:066 02.02.2020
// таймаут: 1035 мсек




1A   // передача: 1 байт; 10:47:31:079 02.02.2020

CA E0 EB FE EC ED FB 20 

00 00 08 00 F6 0A C5 DC   // передача: 8 байт; 10:47:32:512 02.02.2020

CA E0 EB FE EC ED FB 20 

00 00 07 00 F7 D4 47   // передача: 7 байт; 10:47:33:472 02.02.2020
// приём по количеству байт: 40 из 39
// принято с порта: 40 байт

01 01 00 27 00 F7 C2 E5 E4 F3 F9 E8 E9 2C EC EE E4 E5 EC ED FB E9 2E 39 36 30 30 20 20 00 6E 20 20 20 20 2B 20 32 CC 4D   // прием: 40 байт; 10:47:33:536 02.02.2020
// таймаут: 64 мсек

// приём по таймауту: 1000 мс
// принято с порта: 0 байт
повтор: 1

CA E0 EB FE EC ED FB 20 

00 00 07 00 F7 D4 47   // передача: 7 байт; 10:47:34:542 02.02.2020
// приём по количеству байт: 39 из 39
// принято с порта: 39 байт

01 00 27 00 F7 C2 E5 E4 F3 F9 E8 E9 2C EC EE E4 E5 EC ED FB E9 2E 39 36 30 30 20 20 00 6E 20 20 20 20 2B 20 32 CC 4D   // прием: 39 байт; 10:47:34:606 02.02.2020
// таймаут: 64 мсек

Ведущий,модемный
.9600   n    + 2



1A   // передача: 1 байт; 10:47:36:454 02.02.2020

CA E0 EB FE EC ED FB 20 

00 00 08 00 F6 00 45 DB   // передача: 8 байт; 10:47:37:511 02.02.2020
// приём по таймауту: 1000 мс
// принято с порта: 8 байт

01 00 08 00 F6 03 04 0B   // прием: 8 байт; 10:47:38:549 02.02.2020
// таймаут: 1038 мсек


CA E0 EB FE EC ED FB 20 

00 00 08 00 F6 0B 04 1C   // передача: 8 байт; 10:47:41:879 02.02.2020
// приём по таймауту: 1000 мс
// принято с порта: 8 байт

01 00 08 00 F6 03 04 0B   // прием: 8 байт; 10:47:42:917 02.02.2020
// таймаут: 1038 мсек


CA E0 EB FE EC ED FB 20 

00 00 08 00 F6 00 45 DB   // передача: 8 байт; 10:47:44:735 02.02.2020
// приём по таймауту: 1000 мс
// принято с порта: 8 байт

01 00 08 00 F6 03 04 0B   // прием: 8 байт; 10:47:45:773 02.02.2020
// таймаут: 1038 мсек


CA E0 EB FE EC ED FB 20 

00 00 08 00 F6 0A C5 DC   // передача: 8 байт; 10:47:49:176 02.02.2020
// приём по таймауту: 1000 мс
// принято с порта: 1 байт

01   // прием: 1 байт; 10:47:50:203 02.02.2020
// таймаут: 1027 мсек


CA E0 EB FE EC ED FB 20 

00 00 07 00 F7 D4 47   // передача: 7 байт; 10:47:50:472 02.02.2020
// приём по таймауту: 1000 мс
// принято с порта: 0 байт
повтор: 1

CA E0 EB FE EC ED FB 20 

00 00 07 00 F7 D4 47   // передача: 7 байт; 10:47:51:483 02.02.2020
// приём по таймауту: 1000 мс
// принято с порта: 0 байт
повтор: 2

CA E0 EB FE EC ED FB 20 

00 00 07 00 F7 D4 47   // передача: 7 байт; 10:47:52:498 02.02.2020
// приём по таймауту: 1000 мс
// принято с порта: 0 байт
повтор: 3

CA E0 EB FE EC ED FB 20 

00 00 07 00 F7 D4 47   // передача: 7 байт; 10:47:53:511 02.02.2020


00 00 07 00 F7 D4 47   // передача: 7 байт; 10:47:54:471 02.02.2020


55 00 00 11 FF F0 00 00 07 00 F7 D4 47 21 B3 8C 7D   // передача: 17 байт; 10:47:54:471 02.02.2020
// приём по количеству байт: 39 из 39
// принято с порта: 39 байт

01 00 27 00 F7 C2 E5 E4 EE EC FB E9 2C D3 CF C8 CE 20 20 20 20 2E 39 36 30 30 20 20 00 6E 20 20 20 20 20 20 32 7B 4F   // прием: 39 байт; 10:47:54:538 02.02.2020
// таймаут: 67 мсек

Ведомый,УПИО    
.9600   n      2


00 00 08 00 F6 00 45 DB   // передача: 8 байт; 10:47:56:310 02.02.2020


55 00 00 12 FF F0 00 00 08 00 F6 00 45 DB 21 B3 05 B9   // передача: 18 байт; 10:47:56:311 02.02.2020
// приём по таймауту: 1000 мс
// принято с порта: 8 байт

01 00 08 00 F6 03 04 0B   // прием: 8 байт; 10:47:57:347 02.02.2020
// таймаут: 1036 мсек



00 00 08 00 F6 0B 04 1C   // передача: 8 байт; 10:47:58:526 02.02.2020


55 00 00 12 FF F0 00 00 08 00 F6 0B 04 1C 21 B3 05 B9   // передача: 18 байт; 10:47:58:527 02.02.2020
// приём по таймауту: 1000 мс
// принято с порта: 8 байт

01 00 08 00 F6 03 04 0B   // прием: 8 байт; 10:47:59:562 02.02.2020
// таймаут: 1035 мсек



00 00 08 00 F6 0A C5 DC   // передача: 8 байт; 10:48:10:015 02.02.2020


55 00 00 12 FF F0 00 00 08 00 F6 0A C5 DC 21 B3 05 B9   // передача: 18 байт; 10:48:10:015 02.02.2020
// приём по таймауту: 1000 мс
// принято с порта: 1 байт

01   // прием: 1 байт; 10:48:11:044 02.02.2020
// таймаут: 1029 мсек



00 00 07 00 F7 D4 47   // передача: 7 байт; 10:48:12:703 02.02.2020


55 00 00 11 FF F0 00 00 07 00 F7 D4 47 21 B3 8C 7D   // передача: 17 байт; 10:48:12:703 02.02.2020
// приём по таймауту: 1000 мс
// принято с порта: 0 байт
повтор: 1


00 00 07 00 F7 D4 47   // передача: 7 байт; 10:48:13:712 02.02.2020


55 00 00 11 FF F0 00 00 07 00 F7 D4 47 21 B3 8C 7D   // передача: 17 байт; 10:48:13:713 02.02.2020

CA E0 EB FE EC ED FB 20 

00 00 07 00 F7 D4 47   // передача: 7 байт; 10:48:14:712 02.02.2020
// приём по количеству байт: 39 из 39
// принято с порта: 39 байт

01 00 27 00 F7 C2 E5 E4 EE EC FB E9 2C 45 73 63 2B 43 52 43 20 2E 39 36 30 30 20 20 00 6E 20 20 20 20 20 20 32 83 E5   // прием: 39 байт; 10:48:14:775 02.02.2020
// таймаут: 63 мсек

Ведомый,Esc+CRC 
.9600   n      2

CA E0 EB FE EC ED FB 20 

00 00 07 00 F7 D4 47   // передача: 7 байт; 10:48:20:159 02.02.2020
// приём по количеству байт: 39 из 39
// принято с порта: 39 байт

01 00 27 00 F7 C2 E5 E4 EE EC FB E9 2C 45 73 63 2B 43 52 43 20 2E 39 36 30 30 20 20 00 6E 20 20 20 20 20 20 32 83 E5   // прием: 39 байт; 10:48:20:223 02.02.2020
// таймаут: 64 мсек

Ведомый,Esc+CRC 
.9600   n      2

CA E0 EB FE EC ED FB 20 

00 00 07 00 F7 D4 47   // передача: 7 байт; 10:48:20:383 02.02.2020
// приём по количеству байт: 39 из 39
// принято с порта: 39 байт

01 00 27 00 F7 C2 E5 E4 EE EC FB E9 2C 45 73 63 2B 43 52 43 20 2E 39 36 30 30 20 20 00 6E 20 20 20 20 20 20 32 83 E5   // прием: 39 байт; 10:48:20:447 02.02.2020
// таймаут: 64 мсек

Ведомый,Esc+CRC 
.9600   n      2

CA E0 EB FE EC ED FB 20 

00 00 07 00 F7 D4 47   // передача: 7 байт; 10:48:20:575 02.02.2020
// приём по количеству байт: 39 из 39
// принято с порта: 39 байт

01 00 27 00 F7 C2 E5 E4 EE EC FB E9 2C 45 73 63 2B 43 52 43 20 2E 39 36 30 30 20 20 00 6E 20 20 20 20 20 20 32 83 E5   // прием: 39 байт; 10:48:20:639 02.02.2020
// таймаут: 64 мсек

Ведомый,Esc+CRC 
.9600   n      2

CA E0 EB FE EC ED FB 20 

00 00 07 00 F7 D4 47   // передача: 7 байт; 10:48:20:759 02.02.2020
// приём по количеству байт: 39 из 39
// принято с порта: 39 байт

01 00 27 00 F7 C2 E5 E4 EE EC FB E9 2C 45 73 63 2B 43 52 43 20 2E 39 36 30 30 20 20 00 6E 20 20 20 20 20 20 32 83 E5   // прием: 39 байт; 10:48:20:823 02.02.2020
// таймаут: 64 мсек

Ведомый,Esc+CRC 
.9600   n      2

CA E0 EB FE EC ED FB 20 

00 00 07 00 F7 D4 47   // передача: 7 байт; 10:48:21:007 02.02.2020
// приём по количеству байт: 39 из 39
// принято с порта: 39 байт

01 00 27 00 F7 C2 E5 E4 EE EC FB E9 2C 45 73 63 2B 43 52 43 20 2E 39 36 30 30 20 20 00 6E 20 20 20 20 20 20 32 83 E5   // прием: 39 байт; 10:48:21:071 02.02.2020
// таймаут: 64 мсек

Ведомый,Esc+CRC 
.9600   n      2

CA E0 EB FE EC ED FB 20 

00 00 08 00 F6 00 45 DB   // передача: 8 байт; 10:48:21:767 02.02.2020
// приём по таймауту: 1000 мс
// принято с порта: 8 байт

01 00 08 00 F6 03 04 0B   // прием: 8 байт; 10:48:22:807 02.02.2020
// таймаут: 1040 мсек


CA E0 EB FE EC ED FB 20 

00 00 08 00 F6 0D 84 1E   // передача: 8 байт; 10:48:24:008 02.02.2020
// приём по количеству байт: 9 из 9
// принято с порта: 9 байт

01 00 09 00 F6 00 00 37 F3   // прием: 9 байт; 10:48:24:041 02.02.2020
// таймаут: 33 мсек


CA E0 EB FE EC ED FB 20 

00 00 07 00 F7 D4 47   // передача: 7 байт; 10:48:24:043 02.02.2020
// приём по количеству байт: 39 из 39
// принято с порта: 39 байт

01 00 27 00 F7 C2 E5 E4 F3 F9 E8 E9 2C EF F0 FF EC EE E9 20 20 2E 33 38 34 30 30 20 00 6F 20 20 20 20 2B 20 33 C0 57   // прием: 39 байт; 10:48:24:106 02.02.2020
// таймаут: 63 мсек

Ведущий,прямой  
.38400  o    + 3

CA E0 EB FE EC ED FB 20 

00 00 08 00 F6 00 45 DB   // передача: 8 байт; 10:48:26:784 02.02.2020
// приём по количеству байт: 9 из 9
// принято с порта: 9 байт

01 00 09 00 F6 00 00 37 F3   // прием: 9 байт; 10:48:26:821 02.02.2020
// таймаут: 37 мсек


CA E0 EB FE EC ED FB 20 

00 00 07 00 F7 D4 47   // передача: 7 байт; 10:48:26:823 02.02.2020
// приём по количеству байт: 39 из 39
// принято с порта: 39 байт

01 00 27 00 F7 C2 E5 E4 F3 F9 E8 E9 2C EF F0 FF EC EE E9 20 20 2E 33 38 34 30 30 20 00 6D 20 20 20 20 2B 20 33 41 8E   // прием: 39 байт; 10:48:26:887 02.02.2020
// таймаут: 64 мсек

Ведущий,прямой  
.38400  m    + 3

CA E0 EB FE EC ED FB 20 

00 00 08 00 F6 00 45 DB   // передача: 8 байт; 10:48:27:296 02.02.2020
// приём по количеству байт: 9 из 9
// принято с порта: 9 байт

01 00 09 00 F6 00 00 37 F3   // прием: 9 байт; 10:48:27:329 02.02.2020
// таймаут: 33 мсек


CA E0 EB FE EC ED FB 20 

00 00 07 00 F7 D4 47   // передача: 7 байт; 10:48:27:331 02.02.2020
// приём по количеству байт: 39 из 39
// принято с порта: 39 байт

01 00 27 00 F7 C2 E5 E4 F3 F9 E8 E9 2C EF F0 FF EC EE E9 20 20 2E 33 38 34 30 30 20 00 73 20 20 20 20 2B 20 33 C1 0E   // прием: 39 байт; 10:48:27:394 02.02.2020
// таймаут: 63 мсек

Ведущий,прямой  
.38400  s    + 3

CA E0 EB FE EC ED FB 20 

00 00 08 00 F6 00 45 DB   // передача: 8 байт; 10:48:27:496 02.02.2020
// приём по количеству байт: 9 из 9
// принято с порта: 9 байт

01 00 09 00 F6 00 00 37 F3   // прием: 9 байт; 10:48:27:529 02.02.2020
// таймаут: 33 мсек


CA E0 EB FE EC ED FB 20 

00 00 07 00 F7 D4 47   // передача: 7 байт; 10:48:27:530 02.02.2020
// приём по количеству байт: 39 из 39
// принято с порта: 39 байт

01 00 27 00 F7 C2 E5 E4 F3 F9 E8 E9 2C EF F0 FF EC EE E9 20 20 2E 33 38 34 30 30 20 00 6E 20 20 20 20 2B 20 33 01 9B   // прием: 39 байт; 10:48:27:594 02.02.2020
// таймаут: 64 мсек

Ведущий,прямой  
.38400  n    + 3

CA E0 EB FE EC ED FB 20 

00 00 08 00 F6 00 45 DB   // передача: 8 байт; 10:48:27:680 02.02.2020
// приём по количеству байт: 9 из 9
// принято с порта: 9 байт

01 00 09 00 F6 00 00 37 F3   // прием: 9 байт; 10:48:27:713 02.02.2020
// таймаут: 33 мсек


CA E0 EB FE EC ED FB 20 

00 00 07 00 F7 D4 47   // передача: 7 байт; 10:48:27:715 02.02.2020
// приём по количеству байт: 39 из 39
// принято с порта: 39 байт

01 00 27 00 F7 C2 E5 E4 F3 F9 E8 E9 2C EF F0 FF EC EE E9 20 20 2E 33 38 34 30 30 20 00 65 20 20 20 20 2B 20 33 40 28   // прием: 39 байт; 10:48:27:778 02.02.2020
// таймаут: 63 мсек

Ведущий,прямой  
.38400  e    + 3

CA E0 EB FE EC ED FB 20 

00 00 08 00 F6 00 45 DB   // передача: 8 байт; 10:48:27:856 02.02.2020
// приём по количеству байт: 9 из 9
// принято с порта: 9 байт

01 00 09 00 F6 00 00 37 F3   // прием: 9 байт; 10:48:27:889 02.02.2020
// таймаут: 33 мсек


CA E0 EB FE EC ED FB 20 

00 00 07 00 F7 D4 47   // передача: 7 байт; 10:48:27:890 02.02.2020
// приём по количеству байт: 39 из 39
// принято с порта: 39 байт

01 00 27 00 F7 C2 E5 E4 F3 F9 E8 E9 2C EF F0 FF EC EE E9 20 20 2E 33 38 34 30 30 20 00 6F 20 20 20 20 2B 20 33 C0 57   // прием: 39 байт; 10:48:27:954 02.02.2020
// таймаут: 64 мсек

Ведущий,прямой  
.38400  o    + 3

CA E0 EB FE EC ED FB 20 

00 00 08 00 F6 00 45 DB   // передача: 8 байт; 10:48:28:040 02.02.2020
// приём по количеству байт: 9 из 9
// принято с порта: 9 байт

01 00 09 00 F6 00 00 37 F3   // прием: 9 байт; 10:48:28:073 02.02.2020
// таймаут: 33 мсек


CA E0 EB FE EC ED FB 20 

00 00 07 00 F7 D4 47   // передача: 7 байт; 10:48:28:074 02.02.2020
// приём по количеству байт: 39 из 39
// принято с порта: 39 байт

01 00 27 00 F7 C2 E5 E4 F3 F9 E8 E9 2C EF F0 FF EC EE E9 20 20 2E 33 38 34 30 30 20 00 6D 20 20 20 20 2B 20 33 41 8E   // прием: 39 байт; 10:48:28:138 02.02.2020
// таймаут: 64 мсек

Ведущий,прямой  
.38400  m    + 3

CA E0 EB FE EC ED FB 20 

00 00 08 00 F6 00 45 DB   // передача: 8 байт; 10:48:28:207 02.02.2020
// приём по количеству байт: 9 из 9
// принято с порта: 9 байт

01 00 09 00 F6 00 00 37 F3   // прием: 9 байт; 10:48:28:241 02.02.2020
// таймаут: 34 мсек


CA E0 EB FE EC ED FB 20 

00 00 07 00 F7 D4 47   // передача: 7 байт; 10:48:28:242 02.02.2020
// приём по количеству байт: 39 из 39
// принято с порта: 39 байт

01 00 27 00 F7 C2 E5 E4 F3 F9 E8 E9 2C EF F0 FF EC EE E9 20 20 2E 33 38 34 30 30 20 00 73 20 20 20 20 2B 20 33 C1 0E   // прием: 39 байт; 10:48:28:306 02.02.2020
// таймаут: 64 мсек

Ведущий,прямой  
.38400  s    + 3

CA E0 EB FE EC ED FB 20 

00 00 08 00 F6 0B 04 1C   // передача: 8 байт; 10:48:28:600 02.02.2020
// приём по количеству байт: 9 из 9
// принято с порта: 9 байт

01 00 09 00 F6 00 00 37 F3   // прием: 9 байт; 10:48:28:633 02.02.2020
// таймаут: 33 мсек


CA E0 EB FE EC ED FB 20 

00 00 07 00 F7 D4 47   // передача: 7 байт; 10:48:28:634 02.02.2020
// приём по количеству байт: 39 из 39
// принято с порта: 39 байт

01 00 27 00 F7 C2 E5 E4 F3 F9 E8 E9 2C EF F0 FF EC EE E9 20 20 2E 35 37 36 30 30 20 00 73 20 20 20 20 2B 20 33 4F 41   // прием: 39 байт; 10:48:28:698 02.02.2020
// таймаут: 64 мсек

Ведущий,прямой  
.57600  s    + 3

CA E0 EB FE EC ED FB 20 

00 00 08 00 F6 0B 04 1C   // передача: 8 байт; 10:48:28:792 02.02.2020
// приём по количеству байт: 9 из 9
// принято с порта: 9 байт

01 00 09 00 F6 00 00 37 F3   // прием: 9 байт; 10:48:28:825 02.02.2020
// таймаут: 33 мсек


CA E0 EB FE EC ED FB 20 

00 00 07 00 F7 D4 47   // передача: 7 байт; 10:48:28:826 02.02.2020
// приём по количеству байт: 39 из 39
// принято с порта: 39 байт

01 00 27 00 F7 C2 E5 E4 F3 F9 E8 E9 2C EF F0 FF EC EE E9 20 20 2E 31 32 30 30 20 20 00 73 20 20 20 20 2B 20 33 13 41   // прием: 39 байт; 10:48:28:890 02.02.2020
// таймаут: 64 мсек

Ведущий,прямой  
.1200   s    + 3

CA E0 EB FE EC ED FB 20 

00 00 08 00 F6 0B 04 1C   // передача: 8 байт; 10:48:29:000 02.02.2020
// приём по количеству байт: 9 из 9
// принято с порта: 9 байт

01 00 09 00 F6 00 00 37 F3   // прием: 9 байт; 10:48:29:033 02.02.2020
// таймаут: 33 мсек


CA E0 EB FE EC ED FB 20 

00 00 07 00 F7 D4 47   // передача: 7 байт; 10:48:29:034 02.02.2020
// приём по количеству байт: 39 из 39
// принято с порта: 39 байт

01 00 27 00 F7 C2 E5 E4 F3 F9 E8 E9 2C EF F0 FF EC EE E9 20 20 2E 32 34 30 30 20 20 00 73 20 20 20 20 2B 20 33 56 46   // прием: 39 байт; 10:48:29:098 02.02.2020
// таймаут: 64 мсек

Ведущий,прямой  
.2400   s    + 3

CA E0 EB FE EC ED FB 20 

00 00 08 00 F6 0D 84 1E   // передача: 8 байт; 10:48:29:776 02.02.2020
// приём по количеству байт: 9 из 9
// принято с порта: 9 байт

01 00 09 00 F6 00 00 37 F3   // прием: 9 байт; 10:48:29:809 02.02.2020
// таймаут: 33 мсек


CA E0 EB FE EC ED FB 20 

00 00 07 00 F7 D4 47   // передача: 7 байт; 10:48:29:810 02.02.2020
// приём по количеству байт: 39 из 39
// принято с порта: 39 байт

01 00 27 00 F7 C2 E5 E4 F3 F9 E8 E9 2C EF F0 FF EC EE E9 20 20 2E 33 38 34 30 30 20 00 6F 20 20 20 20 2B 20 34 81 95   // прием: 39 байт; 10:48:29:874 02.02.2020
// таймаут: 64 мсек

Ведущий,прямой  
.38400  o    + 4

CA E0 EB FE EC ED FB 20 

00 00 08 00 F6 00 45 DB   // передача: 8 байт; 10:48:30:439 02.02.2020
// приём по количеству байт: 9 из 9
// принято с порта: 9 байт

01 00 09 00 F6 00 00 37 F3   // прием: 9 байт; 10:48:30:473 02.02.2020
// таймаут: 34 мсек


CA E0 EB FE EC ED FB 20 

00 00 07 00 F7 D4 47   // передача: 7 байт; 10:48:30:474 02.02.2020
// приём по количеству байт: 39 из 39
// принято с порта: 39 байт

01 00 27 00 F7 C2 E5 E4 F3 F9 E8 E9 2C EF F0 FF EC EE E9 20 20 2E 33 38 34 30 30 20 00 6D 20 20 20 20 2B 20 34 00 4C   // прием: 39 байт; 10:48:30:538 02.02.2020
// таймаут: 64 мсек

Ведущий,прямой  
.38400  m    + 4

CA E0 EB FE EC ED FB 20 

00 00 08 00 F6 00 45 DB   // передача: 8 байт; 10:48:30:615 02.02.2020
// приём по количеству байт: 9 из 9
// принято с порта: 9 байт

01 00 09 00 F6 00 00 37 F3   // прием: 9 байт; 10:48:30:649 02.02.2020
// таймаут: 34 мсек


CA E0 EB FE EC ED FB 20 

00 00 07 00 F7 D4 47   // передача: 7 байт; 10:48:30:650 02.02.2020
// приём по количеству байт: 39 из 39
// принято с порта: 39 байт

01 00 27 00 F7 C2 E5 E4 F3 F9 E8 E9 2C EF F0 FF EC EE E9 20 20 2E 33 38 34 30 30 20 00 73 20 20 20 20 2B 20 34 80 CC   // прием: 39 байт; 10:48:30:714 02.02.2020
// таймаут: 64 мсек

Ведущий,прямой  
.38400  s    + 4

CA E0 EB FE EC ED FB 20 

00 00 08 00 F6 00 45 DB   // передача: 8 байт; 10:48:30:808 02.02.2020
// приём по количеству байт: 9 из 9
// принято с порта: 9 байт

01 00 09 00 F6 00 00 37 F3   // прием: 9 байт; 10:48:30:841 02.02.2020
// таймаут: 33 мсек


CA E0 EB FE EC ED FB 20 

00 00 07 00 F7 D4 47   // передача: 7 байт; 10:48:30:842 02.02.2020
// приём по количеству байт: 39 из 39
// принято с порта: 39 байт

01 00 27 00 F7 C2 E5 E4 F3 F9 E8 E9 2C EF F0 FF EC EE E9 20 20 2E 33 38 34 30 30 20 00 6E 20 20 20 20 2B 20 34 40 59   // прием: 39 байт; 10:48:30:906 02.02.2020
// таймаут: 64 мсек

Ведущий,прямой  
.38400  n    + 4

CA E0 EB FE EC ED FB 20 

00 00 08 00 F6 0B 04 1C   // передача: 8 байт; 10:48:31:319 02.02.2020
// приём по количеству байт: 9 из 9
// принято с порта: 9 байт

01 00 09 00 F6 00 00 37 F3   // прием: 9 байт; 10:48:31:353 02.02.2020
// таймаут: 34 мсек


CA E0 EB FE EC ED FB 20 

00 00 07 00 F7 D4 47   // передача: 7 байт; 10:48:31:354 02.02.2020
// приём по количеству байт: 39 из 39
// принято с порта: 39 байт

01 00 27 00 F7 C2 E5 E4 F3 F9 E8 E9 2C EF F0 FF EC EE E9 20 20 2E 35 37 36 30 30 20 00 6E 20 20 20 20 2B 20 34 CE 16   // прием: 39 байт; 10:48:31:418 02.02.2020
// таймаут: 64 мсек

Ведущий,прямой  
.57600  n    + 4

CA E0 EB FE EC ED FB 20 

00 00 08 00 F6 0B 04 1C   // передача: 8 байт; 10:48:31:519 02.02.2020
// приём по количеству байт: 9 из 9
// принято с порта: 9 байт

01 00 09 00 F6 00 00 37 F3   // прием: 9 байт; 10:48:31:553 02.02.2020
// таймаут: 34 мсек


CA E0 EB FE EC ED FB 20 

00 00 07 00 F7 D4 47   // передача: 7 байт; 10:48:31:554 02.02.2020
// приём по количеству байт: 39 из 39
// принято с порта: 39 байт

01 00 27 00 F7 C2 E5 E4 F3 F9 E8 E9 2C EF F0 FF EC EE E9 20 20 2E 31 32 30 30 20 20 00 6E 20 20 20 20 2B 20 34 92 16   // прием: 39 байт; 10:48:31:618 02.02.2020
// таймаут: 64 мсек

Ведущий,прямой  
.1200   n    + 4

CA E0 EB FE EC ED FB 20 

00 00 08 00 F6 0B 04 1C   // передача: 8 байт; 10:48:31:712 02.02.2020
// приём по количеству байт: 9 из 9
// принято с порта: 9 байт

01 00 09 00 F6 00 00 37 F3   // прием: 9 байт; 10:48:31:745 02.02.2020
// таймаут: 33 мсек


CA E0 EB FE EC ED FB 20 

00 00 07 00 F7 D4 47   // передача: 7 байт; 10:48:31:746 02.02.2020
// приём по количеству байт: 39 из 39
// принято с порта: 39 байт

01 00 27 00 F7 C2 E5 E4 F3 F9 E8 E9 2C EF F0 FF EC EE E9 20 20 2E 32 34 30 30 20 20 00 6E 20 20 20 20 2B 20 34 D7 11   // прием: 39 байт; 10:48:31:810 02.02.2020
// таймаут: 64 мсек

Ведущий,прямой  
.2400   n    + 4

CA E0 EB FE EC ED FB 20 

00 00 08 00 F6 0B 04 1C   // передача: 8 байт; 10:48:32:199 02.02.2020
// приём по количеству байт: 9 из 9
// принято с порта: 9 байт

01 00 09 00 F6 00 00 37 F3   // прием: 9 байт; 10:48:32:233 02.02.2020
// таймаут: 34 мсек


CA E0 EB FE EC ED FB 20 

00 00 07 00 F7 D4 47   // передача: 7 байт; 10:48:32:234 02.02.2020
// приём по количеству байт: 39 из 39
// принято с порта: 39 байт

01 00 27 00 F7 C2 E5 E4 F3 F9 E8 E9 2C EF F0 FF EC EE E9 20 20 2E 34 38 30 30 20 20 00 6E 20 20 20 20 2B 20 34 5D 1F   // прием: 39 байт; 10:48:32:298 02.02.2020
// таймаут: 64 мсек

Ведущий,прямой  
.4800   n    + 4

CA E0 EB FE EC ED FB 20 

00 00 08 00 F6 0D 84 1E   // передача: 8 байт; 10:48:32:727 02.02.2020
// приём по количеству байт: 9 из 9
// принято с порта: 9 байт

01 00 09 00 F6 00 00 37 F3   // прием: 9 байт; 10:48:32:761 02.02.2020
// таймаут: 34 мсек


CA E0 EB FE EC ED FB 20 

00 00 07 00 F7 D4 47   // передача: 7 байт; 10:48:32:762 02.02.2020
// приём по количеству байт: 39 из 39
// принято с порта: 39 байт

01 00 27 00 F7 C2 E5 E4 EE EC FB E9 2C 43 52 43 20 20 20 20 20 2E 39 36 30 30 20 20 00 6E 20 20 20 20 20 20 31 C7 0D   // прием: 39 байт; 10:48:32:826 02.02.2020
// таймаут: 64 мсек

Ведомый,CRC     
.9600   n      1

CA E0 EB FE EC ED FB 20 

00 00 08 00 F6 00 45 DB   // передача: 8 байт; 10:48:33:263 02.02.2020
// приём по количеству байт: 9 из 9
// принято с порта: 9 байт

01 00 09 00 F6 00 00 37 F3   // прием: 9 байт; 10:48:33:296 02.02.2020
// таймаут: 33 мсек


CA E0 EB FE EC ED FB 20 

00 00 07 00 F7 D4 47   // передача: 7 байт; 10:48:33:298 02.02.2020
// приём по количеству байт: 39 из 39
// принято с порта: 39 байт

01 00 27 00 F7 C2 E5 E4 EE EC FB E9 2C 43 52 43 20 20 20 20 20 2E 39 36 30 30 20 20 00 65 20 20 20 20 20 20 31 86 BE   // прием: 39 байт; 10:48:33:362 02.02.2020
// таймаут: 64 мсек

Ведомый,CRC     
.9600   e      1

CA E0 EB FE EC ED FB 20 

00 00 08 00 F6 00 45 DB   // передача: 8 байт; 10:48:33:463 02.02.2020
// приём по количеству байт: 9 из 9
// принято с порта: 9 байт

01 00 09 00 F6 00 00 37 F3   // прием: 9 байт; 10:48:33:497 02.02.2020
// таймаут: 34 мсек


CA E0 EB FE EC ED FB 20 

00 00 07 00 F7 D4 47   // передача: 7 байт; 10:48:33:498 02.02.2020
// приём по количеству байт: 39 из 39
// принято с порта: 39 байт

01 00 27 00 F7 C2 E5 E4 EE EC FB E9 2C 43 52 43 20 20 20 20 20 2E 39 36 30 30 20 20 00 6F 20 20 20 20 20 20 31 06 C1   // прием: 39 байт; 10:48:33:562 02.02.2020
// таймаут: 64 мсек

Ведомый,CRC     
.9600   o      1

CA E0 EB FE EC ED FB 20 

00 00 08 00 F6 00 45 DB   // передача: 8 байт; 10:48:33:639 02.02.2020
// приём по количеству байт: 9 из 9
// принято с порта: 9 байт

01 00 09 00 F6 00 00 37 F3   // прием: 9 байт; 10:48:33:673 02.02.2020
// таймаут: 34 мсек


CA E0 EB FE EC ED FB 20 

00 00 07 00 F7 D4 47   // передача: 7 байт; 10:48:33:674 02.02.2020
// приём по количеству байт: 39 из 39
// принято с порта: 39 байт

01 00 27 00 F7 C2 E5 E4 EE EC FB E9 2C 43 52 43 20 20 20 20 20 2E 39 36 30 30 20 20 00 6D 20 20 20 20 20 20 31 87 18   // прием: 39 байт; 10:48:33:738 02.02.2020
// таймаут: 64 мсек

Ведомый,CRC     
.9600   m      1

CA E0 EB FE EC ED FB 20 

00 00 08 00 F6 0B 04 1C   // передача: 8 байт; 10:48:33:991 02.02.2020
// приём по количеству байт: 9 из 9
// принято с порта: 9 байт

01 00 09 00 F6 00 00 37 F3   // прием: 9 байт; 10:48:34:025 02.02.2020
// таймаут: 34 мсек


CA E0 EB FE EC ED FB 20 

00 00 07 00 F7 D4 47   // передача: 7 байт; 10:48:34:026 02.02.2020
// приём по количеству байт: 39 из 39
// принято с порта: 39 байт

01 00 27 00 F7 C2 E5 E4 EE EC FB E9 2C 43 52 43 20 20 20 20 20 2E 31 39 32 30 30 20 00 6D 20 20 20 20 20 20 31 D3 93   // прием: 39 байт; 10:48:34:090 02.02.2020
// таймаут: 64 мсек

Ведомый,CRC     
.19200  m      1

CA E0 EB FE EC ED FB 20 

00 00 08 00 F6 0B 04 1C   // передача: 8 байт; 10:48:34:175 02.02.2020
// приём по количеству байт: 9 из 9
// принято с порта: 9 байт

01 00 09 00 F6 00 00 37 F3   // прием: 9 байт; 10:48:34:209 02.02.2020
// таймаут: 34 мсек


CA E0 EB FE EC ED FB 20 

00 00 07 00 F7 D4 47   // передача: 7 байт; 10:48:34:210 02.02.2020
// приём по количеству байт: 39 из 39
// принято с порта: 39 байт

01 00 27 00 F7 C2 E5 E4 EE EC FB E9 2C 43 52 43 20 20 20 20 20 2E 33 38 34 30 30 20 00 6D 20 20 20 20 20 20 31 58 95   // прием: 39 байт; 10:48:34:274 02.02.2020
// таймаут: 64 мсек

Ведомый,CRC     
.38400  m      1

CA E0 EB FE EC ED FB 20 

00 00 08 00 F6 0B 04 1C   // передача: 8 байт; 10:48:34:359 02.02.2020
// приём по количеству байт: 9 из 9
// принято с порта: 9 байт

01 00 09 00 F6 00 00 37 F3   // прием: 9 байт; 10:48:34:393 02.02.2020
// таймаут: 34 мсек


CA E0 EB FE EC ED FB 20 

00 00 07 00 F7 D4 47   // передача: 7 байт; 10:48:34:394 02.02.2020
// приём по количеству байт: 39 из 39
// принято с порта: 39 байт

01 00 27 00 F7 C2 E5 E4 EE EC FB E9 2C 43 52 43 20 20 20 20 20 2E 35 37 36 30 30 20 00 6D 20 20 20 20 20 20 31 D6 DA   // прием: 39 байт; 10:48:34:458 02.02.2020
// таймаут: 64 мсек

Ведомый,CRC     
.57600  m      1

CA E0 EB FE EC ED FB 20 

00 00 08 00 F6 0B 04 1C   // передача: 8 байт; 10:48:34:559 02.02.2020
// приём по количеству байт: 9 из 9
// принято с порта: 9 байт

01 00 09 00 F6 00 00 37 F3   // прием: 9 байт; 10:48:34:592 02.02.2020
// таймаут: 33 мсек


CA E0 EB FE EC ED FB 20 

00 00 07 00 F7 D4 47   // передача: 7 байт; 10:48:34:594 02.02.2020
// приём по количеству байт: 39 из 39
// принято с порта: 39 байт

01 00 27 00 F7 C2 E5 E4 EE EC FB E9 2C 43 52 43 20 20 20 20 20 2E 31 31 35 32 30 30 00 6D 20 20 20 20 20 20 31 29 4E   // прием: 39 байт; 10:48:34:658 02.02.2020
// таймаут: 64 мсек

Ведомый,CRC     
.115200 m      1

CA E0 EB FE EC ED FB 20 

00 00 08 00 F6 0D 84 1E   // передача: 8 байт; 10:48:35:239 02.02.2020
// приём по количеству байт: 9 из 9
// принято с порта: 9 байт

01 00 09 00 F6 00 00 37 F3   // прием: 9 байт; 10:48:35:272 02.02.2020
// таймаут: 33 мсек


CA E0 EB FE EC ED FB 20 

00 00 07 00 F7 D4 47   // передача: 7 байт; 10:48:35:274 02.02.2020
// приём по количеству байт: 39 из 39
// принято с порта: 39 байт

01 00 27 00 F7 C2 E5 E4 EE EC FB E9 2C 45 73 63 2B 43 52 43 20 2E 39 36 30 30 20 20 00 6E 20 20 20 20 20 20 32 83 E5   // прием: 39 байт; 10:48:35:338 02.02.2020
// таймаут: 64 мсек

Ведомый,Esc+CRC 
.9600   n      2

CA E0 EB FE EC ED FB 20 

00 00 08 00 F6 00 45 DB   // передача: 8 байт; 10:48:36:447 02.02.2020

CA E0 EB FE EC ED FB 20 

00 00 08 00 F6 00 45 DB   // передача: 8 байт; 10:48:36:671 02.02.2020
// приём по количеству байт: 16 из 9
// принято с порта: 16 байт

01 00 08 00 F6 03 04 0B 01 00 08 00 F6 03 04 0B   // прием: 16 байт; 10:48:36:699 02.02.2020
// таймаут: 28 мсек

// приём по таймауту: 1000 мс
// принято с порта: 0 байт
повтор: 1

CA E0 EB FE EC ED FB 20 

00 00 08 00 F6 00 45 DB   // передача: 8 байт; 10:48:37:705 02.02.2020
// приём по таймауту: 1000 мс
// принято с порта: 8 байт

01 00 08 00 F6 03 04 0B   // прием: 8 байт; 10:48:38:734 02.02.2020
// таймаут: 1029 мсек


// О программе
