


1B 41   // передача: 2 байт; 10:24:18:663 02.02.2020
// приём по таймауту: 1000 мс
// принято с порта: 0 байт

CA E0 EB FE EC ED FB 20 

00 00 07 00 F7 D4 47   // передача: 7 байт; 10:24:20:116 02.02.2020
// приём по количеству байт: 39 из 39
// принято с порта: 39 байт

01 00 27 00 F7 C2 E5 E4 F3 F9 E8 E9 2C EF F0 FF EC EE E9 20 20 20 39 36 30 30 20 20 00 6E 20 20 20 20 2B 20 34 1B B0   // прием: 39 байт; 10:24:20:179 02.02.2020
// таймаут: 63 мсек

Ведущий,прямой  
 9600   n    + 4

CA E0 EB FE EC ED FB 20 

00 00 07 00 F7 D4 47   // передача: 7 байт; 10:24:21:165 02.02.2020
// приём по количеству байт: 39 из 39
// принято с порта: 39 байт

01 00 27 00 F7 C2 E5 E4 F3 F9 E8 E9 2C EF F0 FF EC EE E9 20 20 20 39 36 30 30 20 20 00 6E 20 20 20 20 2B 20 34 1B B0   // прием: 39 байт; 10:24:21:228 02.02.2020
// таймаут: 63 мсек

Ведущий,прямой  
 9600   n    + 4

CA E0 EB FE EC ED FB 20 

00 00 08 00 F6 0C 45 DE   // передача: 8 байт; 10:24:23:416 02.02.2020
// приём по количеству байт: 9 из 9
// принято с порта: 9 байт

01 00 09 00 F6 00 00 37 F3   // прием: 9 байт; 10:24:23:447 02.02.2020
// таймаут: 31 мсек


CA E0 EB FE EC ED FB 20 

00 00 07 00 F7 D4 47   // передача: 7 байт; 10:24:23:447 02.02.2020
// приём по количеству байт: 39 из 39
// принято с порта: 39 байт

01 00 27 00 F7 CF F0 EE E3 F0 E0 EC EC E0 20 3F 20 20 20 20 20 3E 5F 5F 5F 20 20 20 20 20 20 20 20 20 20 20 20 5B EF   // прием: 39 байт; 10:24:23:510 02.02.2020
// таймаут: 63 мсек

Программа ?     
>___            

CA E0 EB FE EC ED FB 20 

00 00 08 00 F6 02 C4 1A   // передача: 8 байт; 10:24:24:151 02.02.2020
// приём по количеству байт: 9 из 9
// принято с порта: 9 байт

01 00 09 00 F6 00 00 37 F3   // прием: 9 байт; 10:24:24:182 02.02.2020
// таймаут: 31 мсек


CA E0 EB FE EC ED FB 20 

00 00 07 00 F7 D4 47   // передача: 7 байт; 10:24:24:182 02.02.2020
// приём по количеству байт: 39 из 39
// принято с порта: 39 байт

01 00 27 00 F7 CF F0 EE E3 F0 E0 EC EC E0 20 3F 20 20 20 20 20 3E 5F 5F 32 20 20 20 20 20 20 20 20 20 20 20 20 C9 02   // прием: 39 байт; 10:24:24:245 02.02.2020
// таймаут: 63 мсек

Программа ?     
>__2            

CA E0 EB FE EC ED FB 20 

00 00 08 00 F6 02 C4 1A   // передача: 8 байт; 10:24:24:338 02.02.2020
// приём по количеству байт: 9 из 9
// принято с порта: 9 байт

01 00 09 00 F6 00 00 37 F3   // прием: 9 байт; 10:24:24:370 02.02.2020
// таймаут: 32 мсек


CA E0 EB FE EC ED FB 20 

00 00 07 00 F7 D4 47   // передача: 7 байт; 10:24:24:370 02.02.2020
// приём по количеству байт: 39 из 39
// принято с порта: 39 байт

01 00 27 00 F7 CF F0 EE E3 F0 E0 EC EC E0 20 3F 20 20 20 20 20 3E 5F 32 32 20 20 20 20 20 20 20 20 20 20 20 20 A5 AF   // прием: 39 байт; 10:24:24:432 02.02.2020
// таймаут: 62 мсек

Программа ?     
>_22            

CA E0 EB FE EC ED FB 20 

00 00 08 00 F6 00 45 DB   // передача: 8 байт; 10:24:25:137 02.02.2020
// приём по количеству байт: 9 из 9
// принято с порта: 9 байт

01 00 09 00 F6 00 00 37 F3   // прием: 9 байт; 10:24:25:168 02.02.2020
// таймаут: 31 мсек


CA E0 EB FE EC ED FB 20 

00 00 07 00 F7 D4 47   // передача: 7 байт; 10:24:25:168 02.02.2020
// приём по количеству байт: 39 из 39
// принято с порта: 39 байт

01 00 27 00 F7 CF F0 EE E3 F0 E0 EC EC E0 20 3F 20 20 20 20 20 3E 32 32 30 20 20 20 20 20 20 20 20 20 20 20 20 0F C0   // прием: 39 байт; 10:24:25:230 02.02.2020
// таймаут: 62 мсек

Программа ?     
>220            

CA E0 EB FE EC ED FB 20 

00 00 08 00 F6 0D 84 1E   // передача: 8 байт; 10:24:25:511 02.02.2020
// приём по количеству байт: 9 из 9
// принято с порта: 9 байт

01 00 09 00 F6 00 00 37 F3   // прием: 9 байт; 10:24:25:542 02.02.2020
// таймаут: 31 мсек


CA E0 EB FE EC ED FB 20 

00 00 07 00 F7 D4 47   // передача: 7 байт; 10:24:25:542 02.02.2020
// приём по количеству байт: 39 из 39
// принято с порта: 39 байт

01 00 27 00 F7 CF EE F0 F2 20 32 3A 20 43 52 43 32 34 37 20 34 30 30 20 30 30 30 30 20 30 30 20 30 30 20 20 20 9D 62   // прием: 39 байт; 10:24:25:605 02.02.2020
// таймаут: 63 мсек

Порт 2: CRC247 4
00 0000 00 00   

CA E0 EB FE EC ED FB 20 

00 00 08 00 F6 0C 45 DE   // передача: 8 байт; 10:24:27:732 02.02.2020
// приём по количеству байт: 9 из 9
// принято с порта: 9 байт

01 00 09 00 F6 00 00 37 F3   // прием: 9 байт; 10:24:27:764 02.02.2020
// таймаут: 32 мсек


CA E0 EB FE EC ED FB 20 

00 00 07 00 F7 D4 47   // передача: 7 байт; 10:24:27:764 02.02.2020
// приём по количеству байт: 39 из 39
// принято с порта: 39 байт

01 00 27 00 F7 CF F0 EE E3 F0 E0 EC EC E0 20 3F 20 20 20 20 20 3E 5F 5F 5F 20 20 20 20 20 20 20 20 20 20 20 20 5B EF   // прием: 39 байт; 10:24:27:827 02.02.2020
// таймаут: 63 мсек

Программа ?     
>___            

CA E0 EB FE EC ED FB 20 

00 00 08 00 F6 0C 45 DE   // передача: 8 байт; 10:24:33:611 02.02.2020
// приём по количеству байт: 9 из 9
// принято с порта: 9 байт

01 00 09 00 F6 00 00 37 F3   // прием: 9 байт; 10:24:33:643 02.02.2020
// таймаут: 32 мсек


CA E0 EB FE EC ED FB 20 

00 00 07 00 F7 D4 47   // передача: 7 байт; 10:24:33:643 02.02.2020
// приём по количеству байт: 39 из 39
// принято с порта: 39 байт

01 00 27 00 F7 CF F0 EE E3 F0 E0 EC EC E0 20 3F 20 20 20 20 20 3D 5F 5F 5F 20 20 20 20 20 20 20 20 20 20 20 20 1B 1E   // прием: 39 байт; 10:24:33:705 02.02.2020
// таймаут: 62 мсек

Программа ?     
=___            

CA E0 EB FE EC ED FB 20 

00 00 08 00 F6 01 84 1B   // передача: 8 байт; 10:24:34:268 02.02.2020
// приём по количеству байт: 9 из 9
// принято с порта: 9 байт

01 00 09 00 F6 00 00 37 F3   // прием: 9 байт; 10:24:34:300 02.02.2020
// таймаут: 32 мсек


CA E0 EB FE EC ED FB 20 

00 00 07 00 F7 D4 47   // передача: 7 байт; 10:24:34:300 02.02.2020
// приём по количеству байт: 39 из 39
// принято с порта: 39 байт

01 00 27 00 F7 CF F0 EE E3 F0 E0 EC EC E0 20 3F 20 20 20 20 20 3D 5F 5F 31 20 20 20 20 20 20 20 20 20 20 20 20 8C 30   // прием: 39 байт; 10:24:34:378 02.02.2020
// таймаут: 78 мсек

Программа ?     
=__1            

CA E0 EB FE EC ED FB 20 

00 00 08 00 F6 0D 84 1E   // передача: 8 байт; 10:24:34:800 02.02.2020
// приём по количеству байт: 9 из 9
// принято с порта: 9 байт

01 00 09 00 F6 00 00 37 F3   // прием: 9 байт; 10:24:34:831 02.02.2020
// таймаут: 31 мсек


CA E0 EB FE EC ED FB 20 

00 00 07 00 F7 D4 47   // передача: 7 байт; 10:24:34:831 02.02.2020
// приём по количеству байт: 39 из 39
// принято с порта: 39 байт

01 00 27 00 F7 C2 E5 E4 EE EC FB E9 2C 45 73 63 2B 43 52 43 20 2E 39 36 30 30 20 20 00 6E 20 20 20 20 20 20 31 C3 E4   // прием: 39 байт; 10:24:35:565 02.02.2020
// таймаут: 734 мсек

Ведомый,Esc+CRC 
.9600   n      1

CA E0 EB FE EC ED FB 20 

00 00 07 00 F7 D4 47   // передача: 7 байт; 10:24:35:721 02.02.2020
// приём по количеству байт: 39 из 39
// принято с порта: 39 байт

01 00 27 00 F7 C2 E5 E4 EE EC FB E9 2C 45 73 63 2B 43 52 43 20 2E 39 36 30 30 20 20 00 6E 20 20 20 20 20 20 31 C3 E4   // прием: 39 байт; 10:24:35:786 02.02.2020
// таймаут: 65 мсек

Ведомый,Esc+CRC 
.9600   n      1

CA E0 EB FE EC ED FB 20 

00 00 08 00 F6 00 45 DB   // передача: 8 байт; 10:24:37:771 02.02.2020
// приём по количеству байт: 9 из 9
// принято с порта: 9 байт

01 00 09 00 F6 00 00 37 F3   // прием: 9 байт; 10:24:37:803 02.02.2020
// таймаут: 32 мсек


CA E0 EB FE EC ED FB 20 

00 00 07 00 F7 D4 47   // передача: 7 байт; 10:24:37:818 02.02.2020
// приём по количеству байт: 39 из 39
// принято с порта: 39 байт

01 00 27 00 F7 C2 E5 E4 EE EC FB E9 2C 45 73 63 2B 43 52 43 20 2E 39 36 30 30 20 20 00 65 20 20 20 20 20 20 31 82 57   // прием: 39 байт; 10:24:37:881 02.02.2020
// таймаут: 63 мсек

Ведомый,Esc+CRC 
.9600   e      1

CA E0 EB FE EC ED FB 20 

00 00 08 00 F6 0B 04 1C   // передача: 8 байт; 10:24:38:255 02.02.2020
// приём по количеству байт: 9 из 9
// принято с порта: 9 байт

01 00 09 00 F6 00 00 37 F3   // прием: 9 байт; 10:24:38:286 02.02.2020
// таймаут: 31 мсек


CA E0 EB FE EC ED FB 20 

00 00 07 00 F7 D4 47   // передача: 7 байт; 10:24:38:286 02.02.2020
// приём по количеству байт: 39 из 39
// принято с порта: 39 байт

01 00 27 00 F7 C2 E5 E4 EE EC FB E9 2C 45 73 63 2B 43 52 43 20 2E 31 39 32 30 30 20 00 65 20 20 20 20 20 20 31 D6 DC   // прием: 39 байт; 10:24:38:350 02.02.2020
// таймаут: 64 мсек

Ведомый,Esc+CRC 
.19200  e      1

CA E0 EB FE EC ED FB 20 

00 00 08 00 F6 00 45 DB   // передача: 8 байт; 10:24:38:709 02.02.2020
// приём по количеству байт: 9 из 9
// принято с порта: 9 байт

01 00 09 00 F6 00 00 37 F3   // прием: 9 байт; 10:24:38:740 02.02.2020
// таймаут: 31 мсек


CA E0 EB FE EC ED FB 20 

00 00 07 00 F7 D4 47   // передача: 7 байт; 10:24:38:740 02.02.2020
// приём по количеству байт: 39 из 39
// принято с порта: 39 байт

01 00 27 00 F7 C2 E5 E4 EE EC FB E9 2C 45 73 63 2B 43 52 43 20 2E 31 39 32 30 30 20 00 6F 20 20 20 20 20 20 31 56 A3   // прием: 39 байт; 10:24:38:818 02.02.2020
// таймаут: 78 мсек

Ведомый,Esc+CRC 
.19200  o      1

CA E0 EB FE EC ED FB 20 

00 00 08 00 F6 0B 04 1C   // передача: 8 байт; 10:24:39:085 02.02.2020
// приём по количеству байт: 9 из 9
// принято с порта: 9 байт

01 00 09 00 F6 00 00 37 F3   // прием: 9 байт; 10:24:39:116 02.02.2020
// таймаут: 31 мсек


CA E0 EB FE EC ED FB 20 

00 00 07 00 F7 D4 47   // передача: 7 байт; 10:24:39:116 02.02.2020
// приём по количеству байт: 39 из 39
// принято с порта: 39 байт

01 00 27 00 F7 C2 E5 E4 EE EC FB E9 2C 45 73 63 2B 43 52 43 20 2E 33 38 34 30 30 20 00 6F 20 20 20 20 20 20 31 DD A5   // прием: 39 байт; 10:24:39:182 02.02.2020
// таймаут: 66 мсек

Ведомый,Esc+CRC 
.38400  o      1

CA E0 EB FE EC ED FB 20 

00 00 08 00 F6 00 45 DB   // передача: 8 байт; 10:24:39:464 02.02.2020
// приём по количеству байт: 9 из 9
// принято с порта: 9 байт

01 00 09 00 F6 00 00 37 F3   // прием: 9 байт; 10:24:39:495 02.02.2020
// таймаут: 31 мсек


CA E0 EB FE EC ED FB 20 

00 00 07 00 F7 D4 47   // передача: 7 байт; 10:24:39:495 02.02.2020
// приём по количеству байт: 39 из 39
// принято с порта: 39 байт

01 00 27 00 F7 C2 E5 E4 EE EC FB E9 2C 45 73 63 2B 43 52 43 20 2E 33 38 34 30 30 20 00 6D 20 20 20 20 20 20 31 5C 7C   // прием: 39 байт; 10:24:39:557 02.02.2020
// таймаут: 62 мсек

Ведомый,Esc+CRC 
.38400  m      1

CA E0 EB FE EC ED FB 20 

00 00 08 00 F6 0B 04 1C   // передача: 8 байт; 10:24:39:882 02.02.2020
// приём по количеству байт: 9 из 9
// принято с порта: 9 байт

01 00 09 00 F6 00 00 37 F3   // прием: 9 байт; 10:24:39:913 02.02.2020
// таймаут: 31 мсек


CA E0 EB FE EC ED FB 20 

00 00 07 00 F7 D4 47   // передача: 7 байт; 10:24:39:913 02.02.2020
// приём по количеству байт: 39 из 39
// принято с порта: 39 байт

01 00 27 00 F7 C2 E5 E4 EE EC FB E9 2C 45 73 63 2B 43 52 43 20 2E 35 37 36 30 30 20 00 6D 20 20 20 20 20 20 31 D2 33   // прием: 39 байт; 10:24:39:976 02.02.2020
// таймаут: 63 мсек

Ведомый,Esc+CRC 
.57600  m      1

CA E0 EB FE EC ED FB 20 

00 00 08 00 F6 00 45 DB   // передача: 8 байт; 10:24:40:272 02.02.2020
// приём по количеству байт: 9 из 9
// принято с порта: 9 байт

01 00 09 00 F6 00 00 37 F3   // прием: 9 байт; 10:24:40:319 02.02.2020
// таймаут: 47 мсек


CA E0 EB FE EC ED FB 20 

00 00 07 00 F7 D4 47   // передача: 7 байт; 10:24:40:319 02.02.2020
// приём по количеству байт: 39 из 39
// принято с порта: 39 байт

01 00 27 00 F7 C2 E5 E4 EE EC FB E9 2C 45 73 63 2B 43 52 43 20 2E 35 37 36 30 30 20 00 73 20 20 20 20 20 20 31 52 B3   // прием: 39 байт; 10:24:40:384 02.02.2020
// таймаут: 65 мсек

Ведомый,Esc+CRC 
.57600  s      1

CA E0 EB FE EC ED FB 20 

00 00 08 00 F6 0B 04 1C   // передача: 8 байт; 10:24:40:649 02.02.2020
// приём по количеству байт: 9 из 9
// принято с порта: 9 байт

01 00 09 00 F6 00 00 37 F3   // прием: 9 байт; 10:24:40:696 02.02.2020
// таймаут: 47 мсек


CA E0 EB FE EC ED FB 20 

00 00 07 00 F7 D4 47   // передача: 7 байт; 10:24:40:696 02.02.2020
// приём по количеству байт: 39 из 39
// принято с порта: 39 байт

01 00 27 00 F7 C2 E5 E4 EE EC FB E9 2C 45 73 63 2B 43 52 43 20 2E 31 31 35 32 30 30 00 73 20 20 20 20 20 20 31 AD 27   // прием: 39 байт; 10:24:40:758 02.02.2020
// таймаут: 62 мсек

Ведомый,Esc+CRC 
.115200 s      1

CA E0 EB FE EC ED FB 20 

00 00 08 00 F6 00 45 DB   // передача: 8 байт; 10:24:40:931 02.02.2020
// приём по количеству байт: 9 из 9
// принято с порта: 9 байт

01 00 09 00 F6 00 00 37 F3   // прием: 9 байт; 10:24:40:962 02.02.2020
// таймаут: 31 мсек


CA E0 EB FE EC ED FB 20 

00 00 07 00 F7 D4 47   // передача: 7 байт; 10:24:40:978 02.02.2020
// приём по количеству байт: 39 из 39
// принято с порта: 39 байт

01 00 27 00 F7 C2 E5 E4 EE EC FB E9 2C 45 73 63 2B 43 52 43 20 2E 31 31 35 32 30 30 00 6E 20 20 20 20 20 20 31 6D B2   // прием: 39 байт; 10:24:41:040 02.02.2020
// таймаут: 62 мсек

Ведомый,Esc+CRC 
.115200 n      1

CA E0 EB FE EC ED FB 20 

00 00 08 00 F6 0B 04 1C   // передача: 8 байт; 10:24:41:321 02.02.2020
// приём по количеству байт: 9 из 9
// принято с порта: 9 байт

01 00 09 00 F6 00 00 37 F3   // прием: 9 байт; 10:24:41:368 02.02.2020
// таймаут: 47 мсек


CA E0 EB FE EC ED FB 20 

00 00 07 00 F7 D4 47   // передача: 7 байт; 10:24:41:368 02.02.2020
// приём по количеству байт: 39 из 39
// принято с порта: 39 байт

01 00 27 00 F7 C2 E5 E4 EE EC FB E9 2C 45 73 63 2B 43 52 43 20 2E 32 33 30 34 30 30 00 6E 20 20 20 20 20 20 31 29 7C   // прием: 39 байт; 10:24:41:431 02.02.2020
// таймаут: 63 мсек

Ведомый,Esc+CRC 
.230400 n      1

CA E0 EB FE EC ED FB 20 

00 00 08 00 F6 00 45 DB   // передача: 8 байт; 10:24:41:743 02.02.2020
// приём по количеству байт: 9 из 9
// принято с порта: 9 байт

01 00 09 00 F6 00 00 37 F3   // прием: 9 байт; 10:24:41:774 02.02.2020
// таймаут: 31 мсек


CA E0 EB FE EC ED FB 20 

00 00 07 00 F7 D4 47   // передача: 7 байт; 10:24:41:774 02.02.2020
// приём по количеству байт: 39 из 39
// принято с порта: 39 байт

01 00 27 00 F7 C2 E5 E4 EE EC FB E9 2C 45 73 63 2B 43 52 43 20 2E 32 33 30 34 30 30 00 65 20 20 20 20 20 20 31 68 CF   // прием: 39 байт; 10:24:41:849 02.02.2020
// таймаут: 75 мсек

Ведомый,Esc+CRC 
.230400 e      1

CA E0 EB FE EC ED FB 20 

00 00 08 00 F6 0B 04 1C   // передача: 8 байт; 10:24:42:164 02.02.2020
// приём по количеству байт: 9 из 9
// принято с порта: 9 байт

01 00 09 00 F6 00 00 37 F3   // прием: 9 байт; 10:24:42:196 02.02.2020
// таймаут: 32 мсек


CA E0 EB FE EC ED FB 20 

00 00 07 00 F7 D4 47   // передача: 7 байт; 10:24:42:196 02.02.2020
// приём по количеству байт: 39 из 39
// принято с порта: 39 байт

01 00 27 00 F7 C2 E5 E4 EE EC FB E9 2C 45 73 63 2B 43 52 43 20 2E 31 32 30 30 20 20 00 65 20 20 20 20 20 20 31 8F 95   // прием: 39 байт; 10:24:42:274 02.02.2020
// таймаут: 78 мсек

Ведомый,Esc+CRC 
.1200   e      1

CA E0 EB FE EC ED FB 20 

00 00 08 00 F6 0A C5 DC   // передача: 8 байт; 10:24:42:618 02.02.2020
// приём по количеству байт: 9 из 9
// принято с порта: 9 байт

01 00 09 00 F6 00 00 37 F3   // прием: 9 байт; 10:24:42:665 02.02.2020
// таймаут: 47 мсек


CA E0 EB FE EC ED FB 20 

00 00 07 00 F7 D4 47   // передача: 7 байт; 10:24:42:665 02.02.2020
// приём по количеству байт: 39 из 39
// принято с порта: 39 байт

01 00 27 00 F7 C2 E5 E4 EE EC FB E9 2C 43 52 43 20 20 20 20 20 2E 31 32 30 30 20 20 00 65 20 20 20 20 20 20 31 8B 7C   // прием: 39 байт; 10:24:42:727 02.02.2020
// таймаут: 62 мсек

Ведомый,CRC     
.1200   e      1

CA E0 EB FE EC ED FB 20 

00 00 08 00 F6 0D 84 1E   // передача: 8 байт; 10:25:46:691 02.02.2020
// приём по количеству байт: 9 из 9
// принято с порта: 9 байт

01 00 09 00 F6 00 00 37 F3   // прием: 9 байт; 10:25:46:723 02.02.2020
// таймаут: 32 мсек


CA E0 EB FE EC ED FB 20 

00 00 07 00 F7 D4 47   // передача: 7 байт; 10:25:46:723 02.02.2020
// приём по количеству байт: 39 из 39
// принято с порта: 39 байт

01 00 27 00 F7 C2 E5 E4 EE EC FB E9 2C 45 73 63 2B 43 52 43 20 2E 39 36 30 30 20 20 00 6E 20 20 20 20 20 20 32 83 E5   // прием: 39 байт; 10:25:46:785 02.02.2020
// таймаут: 62 мсек

Ведомый,Esc+CRC 
.9600   n      2

CA E0 EB FE EC ED FB 20 

00 00 08 00 F6 00 45 DB   // передача: 8 байт; 10:25:48:723 02.02.2020
// приём по таймауту: 1000 мс
// принято с порта: 8 байт

01 00 08 00 F6 03 04 0B   // прием: 8 байт; 10:25:49:771 02.02.2020
// таймаут: 1048 мсек


CA E0 EB FE EC ED FB 20 

00 00 08 00 F6 0B 04 1C   // передача: 8 байт; 10:25:51:465 02.02.2020
// приём по таймауту: 1000 мс
// принято с порта: 8 байт

01 00 08 00 F6 03 04 0B   // прием: 8 байт; 10:25:52:509 02.02.2020
// таймаут: 1044 мсек


CA E0 EB FE EC ED FB 20 

00 00 08 00 F6 0D 84 1E   // передача: 8 байт; 10:25:54:054 02.02.2020
// приём по количеству байт: 9 из 9
// принято с порта: 9 байт

01 00 09 00 F6 00 00 37 F3   // прием: 9 байт; 10:25:54:085 02.02.2020
// таймаут: 31 мсек


CA E0 EB FE EC ED FB 20 

00 00 07 00 F7 D4 47   // передача: 7 байт; 10:25:54:085 02.02.2020
// приём по количеству байт: 39 из 39
// принято с порта: 39 байт

01 00 27 00 F7 C2 E5 E4 F3 F9 E8 E9 2C EF F0 FF EC EE E9 20 20 2E 39 36 30 30 20 20 00 6E 20 20 20 20 2B 20 33 DE 16   // прием: 39 байт; 10:25:54:162 02.02.2020
// таймаут: 77 мсек

Ведущий,прямой  
.9600   n    + 3

CA E0 EB FE EC ED FB 20 

00 00 08 00 F6 00 45 DB   // передача: 8 байт; 10:25:54:995 02.02.2020
// приём по количеству байт: 9 из 9
// принято с порта: 9 байт

01 00 09 00 F6 00 00 37 F3   // прием: 9 байт; 10:25:55:026 02.02.2020
// таймаут: 31 мсек


CA E0 EB FE EC ED FB 20 

00 00 07 00 F7 D4 47   // передача: 7 байт; 10:25:55:026 02.02.2020
// приём по количеству байт: 39 из 39
// принято с порта: 39 байт

01 00 27 00 F7 C2 E5 E4 F3 F9 E8 E9 2C EF F0 FF EC EE E9 20 20 2E 39 36 30 30 20 20 00 65 20 20 20 20 2B 20 33 9F A5   // прием: 39 байт; 10:25:55:088 02.02.2020
// таймаут: 62 мсек

Ведущий,прямой  
.9600   e    + 3

CA E0 EB FE EC ED FB 20 

00 00 08 00 F6 0B 04 1C   // передача: 8 байт; 10:25:55:650 02.02.2020
// приём по количеству байт: 9 из 9
// принято с порта: 9 байт

01 00 09 00 F6 00 00 37 F3   // прием: 9 байт; 10:25:55:688 02.02.2020
// таймаут: 38 мсек


CA E0 EB FE EC ED FB 20 

00 00 07 00 F7 D4 47   // передача: 7 байт; 10:25:55:690 02.02.2020
// приём по количеству байт: 39 из 39
// принято с порта: 39 байт

01 00 27 00 F7 C2 E5 E4 F3 F9 E8 E9 2C EF F0 FF EC EE E9 20 20 2E 31 39 32 30 30 20 00 65 20 20 20 20 2B 20 33 CB 2E   // прием: 39 байт; 10:25:55:746 02.02.2020
// таймаут: 56 мсек

Ведущий,прямой  
.19200  e    + 3

CA E0 EB FE EC ED FB 20 

00 00 08 00 F6 00 45 DB   // передача: 8 байт; 10:25:56:278 02.02.2020
// приём по количеству байт: 9 из 9
// принято с порта: 9 байт

01 00 09 00 F6 00 00 37 F3   // прием: 9 байт; 10:25:56:309 02.02.2020
// таймаут: 31 мсек


CA E0 EB FE EC ED FB 20 

00 00 07 00 F7 D4 47   // передача: 7 байт; 10:25:56:309 02.02.2020
// приём по количеству байт: 39 из 39
// принято с порта: 39 байт

01 00 27 00 F7 C2 E5 E4 F3 F9 E8 E9 2C EF F0 FF EC EE E9 20 20 2E 31 39 32 30 30 20 00 6F 20 20 20 20 2B 20 33 4B 51   // прием: 39 байт; 10:25:56:372 02.02.2020
// таймаут: 63 мсек

Ведущий,прямой  
.19200  o    + 3

CA E0 EB FE EC ED FB 20 

00 00 08 00 F6 0B 04 1C   // передача: 8 байт; 10:25:56:695 02.02.2020
// приём по количеству байт: 9 из 9
// принято с порта: 9 байт

01 00 09 00 F6 00 00 37 F3   // прием: 9 байт; 10:25:56:715 02.02.2020
// таймаут: 20 мсек


CA E0 EB FE EC ED FB 20 

00 00 07 00 F7 D4 47   // передача: 7 байт; 10:25:56:715 02.02.2020
// приём по количеству байт: 39 из 39
// принято с порта: 39 байт

01 00 27 00 F7 C2 E5 E4 F3 F9 E8 E9 2C EF F0 FF EC EE E9 20 20 2E 33 38 34 30 30 20 00 6F 20 20 20 20 2B 20 33 C0 57   // прием: 39 байт; 10:25:56:793 02.02.2020
// таймаут: 78 мсек

Ведущий,прямой  
.38400  o    + 3

CA E0 EB FE EC ED FB 20 

00 00 08 00 F6 0D 84 1E   // передача: 8 байт; 10:25:57:216 02.02.2020
// приём по количеству байт: 9 из 9
// принято с порта: 9 байт

01 00 09 00 F6 00 00 37 F3   // прием: 9 байт; 10:25:57:247 02.02.2020
// таймаут: 31 мсек


CA E0 EB FE EC ED FB 20 

00 00 07 00 F7 D4 47   // передача: 7 байт; 10:25:57:247 02.02.2020
// приём по количеству байт: 39 из 39
// принято с порта: 39 байт

01 00 27 00 F7 C2 E5 E4 F3 F9 E8 E9 2C EF F0 FF EC EE E9 20 20 2E 39 36 30 30 20 20 00 6E 20 20 20 20 2B 20 34 9F D4   // прием: 39 байт; 10:25:57:309 02.02.2020
// таймаут: 62 мсек

Ведущий,прямой  
.9600   n    + 4

CA E0 EB FE EC ED FB 20 

00 00 08 00 F6 00 45 DB   // передача: 8 байт; 10:25:57:809 02.02.2020
// приём по количеству байт: 9 из 9
// принято с порта: 9 байт

01 00 09 00 F6 00 00 37 F3   // прием: 9 байт; 10:25:57:856 02.02.2020
// таймаут: 47 мсек


CA E0 EB FE EC ED FB 20 

00 00 07 00 F7 D4 47   // передача: 7 байт; 10:25:57:856 02.02.2020
// приём по количеству байт: 39 из 39
// принято с порта: 39 байт

01 00 27 00 F7 C2 E5 E4 F3 F9 E8 E9 2C EF F0 FF EC EE E9 20 20 2E 39 36 30 30 20 20 00 65 20 20 20 20 2B 20 34 DE 67   // прием: 39 байт; 10:25:57:918 02.02.2020
// таймаут: 62 мсек

Ведущий,прямой  
.9600   e    + 4

CA E0 EB FE EC ED FB 20 

00 00 08 00 F6 0B 04 1C   // передача: 8 байт; 10:25:58:326 02.02.2020
// приём по количеству байт: 9 из 9
// принято с порта: 9 байт

01 00 09 00 F6 00 00 37 F3   // прием: 9 байт; 10:25:58:357 02.02.2020
// таймаут: 31 мсек


CA E0 EB FE EC ED FB 20 

00 00 07 00 F7 D4 47   // передача: 7 байт; 10:25:58:357 02.02.2020
// приём по количеству байт: 39 из 39
// принято с порта: 39 байт

01 00 27 00 F7 C2 E5 E4 F3 F9 E8 E9 2C EF F0 FF EC EE E9 20 20 2E 31 39 32 30 30 20 00 65 20 20 20 20 2B 20 34 8A EC   // прием: 39 байт; 10:25:58:420 02.02.2020
// таймаут: 63 мсек

Ведущий,прямой  
.19200  e    + 4

CA E0 EB FE EC ED FB 20 

00 00 08 00 F6 00 45 DB   // передача: 8 байт; 10:25:58:795 02.02.2020
// приём по количеству байт: 9 из 9
// принято с порта: 9 байт

01 00 09 00 F6 00 00 37 F3   // прием: 9 байт; 10:25:58:826 02.02.2020
// таймаут: 31 мсек


CA E0 EB FE EC ED FB 20 

00 00 07 00 F7 D4 47   // передача: 7 байт; 10:25:58:841 02.02.2020
// приём по количеству байт: 39 из 39
// принято с порта: 39 байт

01 00 27 00 F7 C2 E5 E4 F3 F9 E8 E9 2C EF F0 FF EC EE E9 20 20 2E 31 39 32 30 30 20 00 6F 20 20 20 20 2B 20 34 0A 93   // прием: 39 байт; 10:25:58:904 02.02.2020
// таймаут: 63 мсек

Ведущий,прямой  
.19200  o    + 4

CA E0 EB FE EC ED FB 20 

00 00 08 00 F6 0B 04 1C   // передача: 8 байт; 10:25:59:326 02.02.2020
// приём по количеству байт: 9 из 9
// принято с порта: 9 байт

01 00 09 00 F6 00 00 37 F3   // прием: 9 байт; 10:25:59:358 02.02.2020
// таймаут: 32 мсек


CA E0 EB FE EC ED FB 20 

00 00 07 00 F7 D4 47   // передача: 7 байт; 10:25:59:358 02.02.2020
// приём по количеству байт: 39 из 39
// принято с порта: 39 байт

01 00 27 00 F7 C2 E5 E4 F3 F9 E8 E9 2C EF F0 FF EC EE E9 20 20 2E 33 38 34 30 30 20 00 6F 20 20 20 20 2B 20 34 81 95   // прием: 39 байт; 10:25:59:420 02.02.2020
// таймаут: 62 мсек

Ведущий,прямой  
.38400  o    + 4

CA E0 EB FE EC ED FB 20 

00 00 08 00 F6 0D 84 1E   // передача: 8 байт; 10:25:59:905 02.02.2020
// приём по количеству байт: 9 из 9
// принято с порта: 9 байт

01 00 09 00 F6 00 00 37 F3   // прием: 9 байт; 10:25:59:952 02.02.2020
// таймаут: 47 мсек


CA E0 EB FE EC ED FB 20 

00 00 07 00 F7 D4 47   // передача: 7 байт; 10:25:59:952 02.02.2020
// приём по количеству байт: 39 из 39
// принято с порта: 39 байт

01 00 27 00 F7 C2 E5 E4 EE EC FB E9 2C 43 52 43 20 20 20 20 20 2E 31 32 30 30 20 20 00 65 20 20 20 20 20 20 31 8B 7C   // прием: 39 байт; 10:26:00:014 02.02.2020
// таймаут: 62 мсек

Ведомый,CRC     
.1200   e      1

CA E0 EB FE EC ED FB 20 

00 00 08 00 F6 00 45 DB   // передача: 8 байт; 10:26:00:935 02.02.2020
// приём по количеству байт: 9 из 9
// принято с порта: 9 байт

01 00 09 00 F6 00 00 37 F3   // прием: 9 байт; 10:26:00:967 02.02.2020
// таймаут: 32 мсек


CA E0 EB FE EC ED FB 20 

00 00 07 00 F7 D4 47   // передача: 7 байт; 10:26:00:967 02.02.2020
// приём по количеству байт: 39 из 39
// принято с порта: 39 байт

01 00 27 00 F7 C2 E5 E4 EE EC FB E9 2C 43 52 43 20 20 20 20 20 2E 31 32 30 30 20 20 00 6F 20 20 20 20 20 20 31 0B 03   // прием: 39 байт; 10:26:01:029 02.02.2020
// таймаут: 62 мсек

Ведомый,CRC     
.1200   o      1

CA E0 EB FE EC ED FB 20 

00 00 08 00 F6 0B 04 1C   // передача: 8 байт; 10:26:01:405 02.02.2020
// приём по количеству байт: 9 из 9
// принято с порта: 9 байт

01 00 09 00 F6 00 00 37 F3   // прием: 9 байт; 10:26:01:436 02.02.2020
// таймаут: 31 мсек


CA E0 EB FE EC ED FB 20 

00 00 07 00 F7 D4 47   // передача: 7 байт; 10:26:01:436 02.02.2020
// приём по количеству байт: 39 из 39
// принято с порта: 39 байт

01 00 27 00 F7 C2 E5 E4 EE EC FB E9 2C 43 52 43 20 20 20 20 20 2E 32 34 30 30 20 20 00 6F 20 20 20 20 20 20 31 4E 04   // прием: 39 байт; 10:26:01:514 02.02.2020
// таймаут: 78 мсек

Ведомый,CRC     
.2400   o      1

CA E0 EB FE EC ED FB 20 

00 00 08 00 F6 00 45 DB   // передача: 8 байт; 10:26:02:092 02.02.2020
// приём по количеству байт: 9 из 9
// принято с порта: 9 байт

01 00 09 00 F6 00 00 37 F3   // прием: 9 байт; 10:26:02:123 02.02.2020
// таймаут: 31 мсек


CA E0 EB FE EC ED FB 20 

00 00 07 00 F7 D4 47   // передача: 7 байт; 10:26:02:138 02.02.2020
// приём по количеству байт: 39 из 39
// принято с порта: 39 байт

01 00 27 00 F7 C2 E5 E4 EE EC FB E9 2C 43 52 43 20 20 20 20 20 2E 32 34 30 30 20 20 00 6D 20 20 20 20 20 20 31 CF DD   // прием: 39 байт; 10:26:02:201 02.02.2020
// таймаут: 63 мсек

Ведомый,CRC     
.2400   m      1

CA E0 EB FE EC ED FB 20 

00 00 08 00 F6 0B 04 1C   // передача: 8 байт; 10:26:02:562 02.02.2020
// приём по количеству байт: 9 из 9
// принято с порта: 9 байт

01 00 09 00 F6 00 00 37 F3   // прием: 9 байт; 10:26:02:609 02.02.2020
// таймаут: 47 мсек


CA E0 EB FE EC ED FB 20 

00 00 07 00 F7 D4 47   // передача: 7 байт; 10:26:02:609 02.02.2020
// приём по количеству байт: 39 из 39
// принято с порта: 39 байт

01 00 27 00 F7 C2 E5 E4 EE EC FB E9 2C 43 52 43 20 20 20 20 20 2E 34 38 30 30 20 20 00 6D 20 20 20 20 20 20 31 45 D3   // прием: 39 байт; 10:26:02:671 02.02.2020
// таймаут: 62 мсек

Ведомый,CRC     
.4800   m      1

CA E0 EB FE EC ED FB 20 

00 00 08 00 F6 00 45 DB   // передача: 8 байт; 10:26:02:952 02.02.2020
// приём по количеству байт: 9 из 9
// принято с порта: 9 байт

01 00 09 00 F6 00 00 37 F3   // прием: 9 байт; 10:26:02:999 02.02.2020
// таймаут: 47 мсек


CA E0 EB FE EC ED FB 20 

00 00 07 00 F7 D4 47   // передача: 7 байт; 10:26:02:999 02.02.2020
// приём по количеству байт: 39 из 39
// принято с порта: 39 байт

01 00 27 00 F7 C2 E5 E4 EE EC FB E9 2C 43 52 43 20 20 20 20 20 2E 34 38 30 30 20 20 00 73 20 20 20 20 20 20 31 C5 53   // прием: 39 байт; 10:26:03:062 02.02.2020
// таймаут: 63 мсек

Ведомый,CRC     
.4800   s      1

CA E0 EB FE EC ED FB 20 

00 00 08 00 F6 0B 04 1C   // передача: 8 байт; 10:26:03:345 02.02.2020
// приём по количеству байт: 9 из 9
// принято с порта: 9 байт

01 00 09 00 F6 00 00 37 F3   // прием: 9 байт; 10:26:03:392 02.02.2020
// таймаут: 47 мсек


CA E0 EB FE EC ED FB 20 

00 00 07 00 F7 D4 47   // передача: 7 байт; 10:26:03:392 02.02.2020
// приём по количеству байт: 39 из 39
// принято с порта: 39 байт

01 00 27 00 F7 C2 E5 E4 EE EC FB E9 2C 43 52 43 20 20 20 20 20 2E 39 36 30 30 20 20 00 73 20 20 20 20 20 20 31 07 98   // прием: 39 байт; 10:26:03:454 02.02.2020
// таймаут: 62 мсек

Ведомый,CRC     
.9600   s      1

CA E0 EB FE EC ED FB 20 

00 00 08 00 F6 0D 84 1E   // передача: 8 байт; 10:26:03:987 02.02.2020
// приём по количеству байт: 9 из 9
// принято с порта: 9 байт

01 00 09 00 F6 00 00 37 F3   // прием: 9 байт; 10:26:04:019 02.02.2020
// таймаут: 32 мсек


CA E0 EB FE EC ED FB 20 

00 00 07 00 F7 D4 47   // передача: 7 байт; 10:26:04:035 02.02.2020
// приём по количеству байт: 39 из 39
// принято с порта: 39 байт

01 00 27 00 F7 C2 E5 E4 EE EC FB E9 2C 45 73 63 2B 43 52 43 20 2E 39 36 30 30 20 20 00 6E 20 20 20 20 20 20 32 83 E5   // прием: 39 байт; 10:26:04:097 02.02.2020
// таймаут: 62 мсек

Ведомый,Esc+CRC 
.9600   n      2

CA E0 EB FE EC ED FB 20 

00 00 08 00 F6 00 45 DB   // передача: 8 байт; 10:26:12:553 02.02.2020
// приём по таймауту: 1000 мс
// принято с порта: 8 байт

01 00 08 00 F6 03 04 0B   // прием: 8 байт; 10:26:13:585 02.02.2020
// таймаут: 1032 мсек


CA E0 EB FE EC ED FB 20 

00 00 08 00 F6 0B 04 1C   // передача: 8 байт; 10:26:15:307 02.02.2020
// приём по таймауту: 1000 мс
// принято с порта: 8 байт

01 00 08 00 F6 03 04 0B   // прием: 8 байт; 10:26:16:352 02.02.2020
// таймаут: 1045 мсек




1B E0   // передача: 2 байт; 10:26:19:509 02.02.2020
// приём по таймауту: 1000 мс
// принято с порта: 4 байт

1B E0 44 3F   // прием: 4 байт; 10:26:20:512 02.02.2020
// таймаут: 1003 мсек


CA E0 EB FE EC ED FB 20 

00 00 08 00 F6 00 45 DB   // передача: 8 байт; 10:26:23:433 02.02.2020
// приём по таймауту: 1000 мс
// принято с порта: 8 байт

01 00 08 00 F6 03 04 0B   // прием: 8 байт; 10:26:24:490 02.02.2020
// таймаут: 1057 мсек


CA E0 EB FE EC ED FB 20 

00 00 08 00 F6 0A C5 DC   // передача: 8 байт; 10:26:26:920 02.02.2020
// приём по таймауту: 1000 мс
// принято с порта: 1 байт

01   // прием: 1 байт; 10:26:27:954 02.02.2020
// таймаут: 1034 мсек



00 00 07 00 F7 D4 47   // передача: 7 байт; 10:26:30:751 02.02.2020
// приём по количеству байт: 39 из 39
// принято с порта: 39 байт

01 00 27 00 F7 C2 E5 E4 EE EC FB E9 2C 43 52 43 20 20 20 20 20 2E 39 36 30 30 20 20 00 6E 20 20 20 20 20 20 32 87 0C   // прием: 39 байт; 10:26:30:813 02.02.2020
// таймаут: 62 мсек

Ведомый,CRC     
.9600   n      2


00 00 07 00 F7 D4 47   // передача: 7 байт; 10:26:31:580 02.02.2020
// приём по количеству байт: 39 из 39
// принято с порта: 39 байт

01 00 27 00 F7 C2 E5 E4 EE EC FB E9 2C 43 52 43 20 20 20 20 20 2E 39 36 30 30 20 20 00 6E 20 20 20 20 20 20 32 87 0C   // прием: 39 байт; 10:26:31:643 02.02.2020
// таймаут: 63 мсек

Ведомый,CRC     
.9600   n      2


00 00 07 00 F7 D4 47   // передача: 7 байт; 10:26:31:799 02.02.2020
// приём по количеству байт: 39 из 39
// принято с порта: 39 байт

01 00 27 00 F7 C2 E5 E4 EE EC FB E9 2C 43 52 43 20 20 20 20 20 2E 39 36 30 30 20 20 00 6E 20 20 20 20 20 20 32 87 0C   // прием: 39 байт; 10:26:31:861 02.02.2020
// таймаут: 62 мсек

Ведомый,CRC     
.9600   n      2


00 00 07 00 F7 D4 47   // передача: 7 байт; 10:26:31:987 02.02.2020
// приём по количеству байт: 39 из 39
// принято с порта: 39 байт

01 00 27 00 F7 C2 E5 E4 EE EC FB E9 2C 43 52 43 20 20 20 20 20 2E 39 36 30 30 20 20 00 6E 20 20 20 20 20 20 32 87 0C   // прием: 39 байт; 10:26:32:034 02.02.2020
// таймаут: 47 мсек

Ведомый,CRC     
.9600   n      2


00 00 07 00 F7 D4 47   // передача: 7 байт; 10:26:32:174 02.02.2020
// приём по количеству байт: 39 из 39
// принято с порта: 39 байт

01 00 27 00 F7 C2 E5 E4 EE EC FB E9 2C 43 52 43 20 20 20 20 20 2E 39 36 30 30 20 20 00 6E 20 20 20 20 20 20 32 87 0C   // прием: 39 байт; 10:26:32:237 02.02.2020
// таймаут: 63 мсек

Ведомый,CRC     
.9600   n      2


00 00 07 00 F7 D4 47   // передача: 7 байт; 10:26:32:362 02.02.2020
// приём по количеству байт: 39 из 39
// принято с порта: 39 байт

01 00 27 00 F7 C2 E5 E4 EE EC FB E9 2C 43 52 43 20 20 20 20 20 2E 39 36 30 30 20 20 00 6E 20 20 20 20 20 20 32 87 0C   // прием: 39 байт; 10:26:32:408 02.02.2020
// таймаут: 46 мсек

Ведомый,CRC     
.9600   n      2


00 00 08 00 F6 0A C5 DC   // передача: 8 байт; 10:26:33:237 02.02.2020
// приём по таймауту: 1000 мс
// принято с порта: 1 байт

01   // прием: 1 байт; 10:26:34:268 02.02.2020
// таймаут: 1031 мсек




1A   // передача: 1 байт; 10:26:38:726 02.02.2020
// приём по количеству байт: 4 из 0
// принято с порта: 4 байт

4F 4B 0D 0A   // прием: 4 байт; 10:26:38:742 02.02.2020
// таймаут: 16 мсек

// приём по таймауту: 1000 мс
// принято с порта: 0 байт

CA E0 EB FE EC ED FB 20 

00 00 07 00 F7 D4 47   // передача: 7 байт; 10:26:39:757 02.02.2020
// приём по количеству байт: 39 из 39
// принято с порта: 39 байт

01 00 27 00 F7 C2 E5 E4 F3 F9 E8 E9 2C EF F0 FF EC EE E9 20 20 2E 39 36 30 30 20 20 00 6E 20 20 20 20 2B 20 32 1F D6   // прием: 39 байт; 10:26:39:820 02.02.2020
// таймаут: 63 мсек

Ведущий,прямой  
.9600   n    + 2

CA E0 EB FE EC ED FB 20 

00 00 08 00 F6 0A C5 DC   // передача: 8 байт; 10:26:41:180 02.02.2020

CA E0 EB FE EC ED FB 20 

00 00 08 00 F6 0A C5 DC   // передача: 8 байт; 10:26:41:399 02.02.2020

CA E0 EB FE EC ED FB 20 

00 00 08 00 F6 0A C5 DC   // передача: 8 байт; 10:26:41:601 02.02.2020

CA E0 EB FE EC ED FB 20 

00 00 08 00 F6 0A C5 DC   // передача: 8 байт; 10:26:41:806 02.02.2020

CA E0 EB FE EC ED FB 20 

00 00 08 00 F6 0A C5 DC   // передача: 8 байт; 10:26:42:008 02.02.2020

CA E0 EB FE EC ED FB 20 

00 00 08 00 F6 0A C5 DC   // передача: 8 байт; 10:26:42:212 02.02.2020

CA E0 EB FE EC ED FB 20 

00 00 08 00 F6 0A C5 DC   // передача: 8 байт; 10:26:42:414 02.02.2020

CA E0 EB FE EC ED FB 20 

00 00 08 00 F6 0A C5 DC   // передача: 8 байт; 10:26:42:570 02.02.2020

CA E0 EB FE EC ED FB 20 

00 00 08 00 F6 0A C5 DC   // передача: 8 байт; 10:26:42:994 02.02.2020

CA E0 EB FE EC ED FB 20 

00 00 08 00 F6 0A C5 DC   // передача: 8 байт; 10:26:43:197 02.02.2020
// приём по таймауту: 1000 мс
// принято с порта: 2 байт

01 01   // прием: 2 байт; 10:26:44:213 02.02.2020
// таймаут: 1016 мсек



00 00 07 00 F7 D4 47   // передача: 7 байт; 10:26:46:042 02.02.2020


55 00 00 11 FF F0 00 00 07 00 F7 D4 47 21 B3 8C 7D   // передача: 17 байт; 10:26:46:042 02.02.2020
// приём по количеству байт: 39 из 39
// принято с порта: 39 байт

01 00 27 00 F7 C2 E5 E4 EE EC FB E9 2C D3 CF C8 CE 20 20 20 20 2E 39 36 30 30 20 20 00 6E 20 20 20 20 20 20 32 7B 4F   // прием: 39 байт; 10:26:46:120 02.02.2020
// таймаут: 78 мсек

Ведомый,УПИО    
.9600   n      2


00 00 08 00 F6 0A C5 DC   // передача: 8 байт; 10:26:47:606 02.02.2020


55 00 00 12 FF F0 00 00 08 00 F6 0A C5 DC 21 B3 05 B9   // передача: 18 байт; 10:26:47:606 02.02.2020


00 00 07 00 F7 D4 47   // передача: 7 байт; 10:26:48:255 02.02.2020


55 00 00 11 FF F0 00 00 07 00 F7 D4 47 21 B3 8C 7D   // передача: 17 байт; 10:26:48:255 02.02.2020


00 00 07 00 F7 D4 47   // передача: 7 байт; 10:26:48:758 02.02.2020


55 00 00 11 FF F0 00 00 07 00 F7 D4 47 21 B3 8C 7D   // передача: 17 байт; 10:26:48:759 02.02.2020


00 00 07 00 F7 D4 47   // передача: 7 байт; 10:26:48:966 02.02.2020


55 00 00 11 FF F0 00 00 07 00 F7 D4 47 21 B3 8C 7D   // передача: 17 байт; 10:26:48:966 02.02.2020


00 00 07 00 F7 D4 47   // передача: 7 байт; 10:26:49:154 02.02.2020


55 00 00 11 FF F0 00 00 07 00 F7 D4 47 21 B3 8C 7D   // передача: 17 байт; 10:26:49:154 02.02.2020


00 00 07 00 F7 D4 47   // передача: 7 байт; 10:26:49:357 02.02.2020


55 00 00 11 FF F0 00 00 07 00 F7 D4 47 21 B3 8C 7D   // передача: 17 байт; 10:26:49:357 02.02.2020


00 00 07 00 F7 D4 47   // передача: 7 байт; 10:26:49:545 02.02.2020


55 00 00 11 FF F0 00 00 07 00 F7 D4 47 21 B3 8C 7D   // передача: 17 байт; 10:26:49:545 02.02.2020


00 00 07 00 F7 D4 47   // передача: 7 байт; 10:26:49:732 02.02.2020


55 00 00 11 FF F0 00 00 07 00 F7 D4 47 21 B3 8C 7D   // передача: 17 байт; 10:26:49:732 02.02.2020


00 00 07 00 F7 D4 47   // передача: 7 байт; 10:26:49:921 02.02.2020


55 00 00 11 FF F0 00 00 07 00 F7 D4 47 21 B3 8C 7D   // передача: 17 байт; 10:26:49:921 02.02.2020
// приём по таймауту: 1000 мс
// принято с порта: 1 байт

01   // прием: 1 байт; 10:26:50:936 02.02.2020
// таймаут: 1015 мсек


CA E0 EB FE EC ED FB 20 

00 00 07 00 F7 D4 47   // передача: 7 байт; 10:26:51:922 02.02.2020
// приём по количеству байт: 39 из 39
// принято с порта: 39 байт

01 00 27 00 F7 C2 E5 E4 EE EC FB E9 2C 45 73 63 2B 43 52 43 20 2E 39 36 30 30 20 20 00 6E 20 20 20 20 20 20 32 83 E5   // прием: 39 байт; 10:26:51:985 02.02.2020
// таймаут: 63 мсек

Ведомый,Esc+CRC 
.9600   n      2

CA E0 EB FE EC ED FB 20 

00 00 07 00 F7 D4 47   // передача: 7 байт; 10:26:54:440 02.02.2020
// приём по количеству байт: 39 из 39
// принято с порта: 39 байт

01 00 27 00 F7 C2 E5 E4 EE EC FB E9 2C 45 73 63 2B 43 52 43 20 2E 39 36 30 30 20 20 00 6E 20 20 20 20 20 20 32 83 E5   // прием: 39 байт; 10:26:54:502 02.02.2020
// таймаут: 62 мсек

Ведомый,Esc+CRC 
.9600   n      2

CA E0 EB FE EC ED FB 20 

00 00 07 00 F7 D4 47   // передача: 7 байт; 10:26:54:628 02.02.2020
// приём по количеству байт: 39 из 39
// принято с порта: 39 байт

01 00 27 00 F7 C2 E5 E4 EE EC FB E9 2C 45 73 63 2B 43 52 43 20 2E 39 36 30 30 20 20 00 6E 20 20 20 20 20 20 32 83 E5   // прием: 39 байт; 10:26:54:691 02.02.2020
// таймаут: 63 мсек

Ведомый,Esc+CRC 
.9600   n      2

CA E0 EB FE EC ED FB 20 

00 00 07 00 F7 D4 47   // передача: 7 байт; 10:26:54:800 02.02.2020
// приём по количеству байт: 39 из 39
// принято с порта: 39 байт

01 00 27 00 F7 C2 E5 E4 EE EC FB E9 2C 45 73 63 2B 43 52 43 20 2E 39 36 30 30 20 20 00 6E 20 20 20 20 20 20 32 83 E5   // прием: 39 байт; 10:26:54:863 02.02.2020
// таймаут: 63 мсек

Ведомый,Esc+CRC 
.9600   n      2

CA E0 EB FE EC ED FB 20 

00 00 07 00 F7 D4 47   // передача: 7 байт; 10:26:54:987 02.02.2020
// приём по количеству байт: 39 из 39
// принято с порта: 39 байт

01 00 27 00 F7 C2 E5 E4 EE EC FB E9 2C 45 73 63 2B 43 52 43 20 2E 39 36 30 30 20 20 00 6E 20 20 20 20 20 20 32 83 E5   // прием: 39 байт; 10:26:55:050 02.02.2020
// таймаут: 63 мсек

Ведомый,Esc+CRC 
.9600   n      2

CA E0 EB FE EC ED FB 20 

00 00 07 00 F7 D4 47   // передача: 7 байт; 10:26:55:175 02.02.2020
// приём по количеству байт: 39 из 39
// принято с порта: 39 байт

01 00 27 00 F7 C2 E5 E4 EE EC FB E9 2C 45 73 63 2B 43 52 43 20 2E 39 36 30 30 20 20 00 6E 20 20 20 20 20 20 32 83 E5   // прием: 39 байт; 10:26:55:237 02.02.2020
// таймаут: 62 мсек

Ведомый,Esc+CRC 
.9600   n      2

CA E0 EB FE EC ED FB 20 

00 00 07 00 F7 D4 47   // передача: 7 байт; 10:26:55:362 02.02.2020
// приём по количеству байт: 39 из 39
// принято с порта: 39 байт

01 00 27 00 F7 C2 E5 E4 EE EC FB E9 2C 45 73 63 2B 43 52 43 20 2E 39 36 30 30 20 20 00 6E 20 20 20 20 20 20 32 83 E5   // прием: 39 байт; 10:26:55:425 02.02.2020
// таймаут: 63 мсек

Ведомый,Esc+CRC 
.9600   n      2

CA E0 EB FE EC ED FB 20 

00 00 07 00 F7 D4 47   // передача: 7 байт; 10:26:55:549 02.02.2020
// приём по количеству байт: 39 из 39
// принято с порта: 39 байт

01 00 27 00 F7 C2 E5 E4 EE EC FB E9 2C 45 73 63 2B 43 52 43 20 2E 39 36 30 30 20 20 00 6E 20 20 20 20 20 20 32 83 E5   // прием: 39 байт; 10:26:55:612 02.02.2020
// таймаут: 63 мсек

Ведомый,Esc+CRC 
.9600   n      2

CA E0 EB FE EC ED FB 20 

00 00 07 00 F7 D4 47   // передача: 7 байт; 10:26:55:705 02.02.2020
// приём по количеству байт: 39 из 39
// принято с порта: 39 байт

01 00 27 00 F7 C2 E5 E4 EE EC FB E9 2C 45 73 63 2B 43 52 43 20 2E 39 36 30 30 20 20 00 6E 20 20 20 20 20 20 32 83 E5   // прием: 39 байт; 10:26:55:783 02.02.2020
// таймаут: 78 мсек

Ведомый,Esc+CRC 
.9600   n      2

CA E0 EB FE EC ED FB 20 

00 00 07 00 F7 D4 47   // передача: 7 байт; 10:26:55:893 02.02.2020
// приём по количеству байт: 39 из 39
// принято с порта: 39 байт

01 00 27 00 F7 C2 E5 E4 EE EC FB E9 2C 45 73 63 2B 43 52 43 20 2E 39 36 30 30 20 20 00 6E 20 20 20 20 20 20 32 83 E5   // прием: 39 байт; 10:26:55:956 02.02.2020
// таймаут: 63 мсек

Ведомый,Esc+CRC 
.9600   n      2

CA E0 EB FE EC ED FB 20 

00 00 07 00 F7 D4 47   // передача: 7 байт; 10:26:56:068 02.02.2020
// приём по количеству байт: 39 из 39
// принято с порта: 39 байт

01 00 27 00 F7 C2 E5 E4 EE EC FB E9 2C 45 73 63 2B 43 52 43 20 2E 39 36 30 30 20 20 00 6E 20 20 20 20 20 20 32 83 E5   // прием: 39 байт; 10:26:56:130 02.02.2020
// таймаут: 62 мсек

Ведомый,Esc+CRC 
.9600   n      2

CA E0 EB FE EC ED FB 20 

00 00 07 00 F7 D4 47   // передача: 7 байт; 10:26:56:270 02.02.2020
// приём по количеству байт: 39 из 39
// принято с порта: 39 байт

01 00 27 00 F7 C2 E5 E4 EE EC FB E9 2C 45 73 63 2B 43 52 43 20 2E 39 36 30 30 20 20 00 6E 20 20 20 20 20 20 32 83 E5   // прием: 39 байт; 10:26:56:335 02.02.2020
// таймаут: 65 мсек

Ведомый,Esc+CRC 
.9600   n      2

CA E0 EB FE EC ED FB 20 

00 00 07 00 F7 D4 47   // передача: 7 байт; 10:26:56:460 02.02.2020
// приём по количеству байт: 39 из 39
// принято с порта: 39 байт

01 00 27 00 F7 C2 E5 E4 EE EC FB E9 2C 45 73 63 2B 43 52 43 20 2E 39 36 30 30 20 20 00 6E 20 20 20 20 20 20 32 83 E5   // прием: 39 байт; 10:26:56:522 02.02.2020
// таймаут: 62 мсек

Ведомый,Esc+CRC 
.9600   n      2

CA E0 EB FE EC ED FB 20 

00 00 07 00 F7 D4 47   // передача: 7 байт; 10:26:56:662 02.02.2020
// приём по количеству байт: 39 из 39
// принято с порта: 39 байт

01 00 27 00 F7 C2 E5 E4 EE EC FB E9 2C 45 73 63 2B 43 52 43 20 2E 39 36 30 30 20 20 00 6E 20 20 20 20 20 20 32 83 E5   // прием: 39 байт; 10:26:56:725 02.02.2020
// таймаут: 63 мсек

Ведомый,Esc+CRC 
.9600   n      2

CA E0 EB FE EC ED FB 20 

00 00 07 00 F7 D4 47   // передача: 7 байт; 10:26:56:878 02.02.2020
// приём по количеству байт: 39 из 39
// принято с порта: 39 байт

01 00 27 00 F7 C2 E5 E4 EE EC FB E9 2C 45 73 63 2B 43 52 43 20 2E 39 36 30 30 20 20 00 6E 20 20 20 20 20 20 32 83 E5   // прием: 39 байт; 10:26:56:941 02.02.2020
// таймаут: 63 мсек

Ведомый,Esc+CRC 
.9600   n      2

CA E0 EB FE EC ED FB 20 

00 00 07 00 F7 D4 47   // передача: 7 байт; 10:26:57:050 02.02.2020
// приём по количеству байт: 39 из 39
// принято с порта: 39 байт

01 00 27 00 F7 C2 E5 E4 EE EC FB E9 2C 45 73 63 2B 43 52 43 20 2E 39 36 30 30 20 20 00 6E 20 20 20 20 20 20 32 83 E5   // прием: 39 байт; 10:26:57:112 02.02.2020
// таймаут: 62 мсек

Ведомый,Esc+CRC 
.9600   n      2

CA E0 EB FE EC ED FB 20 

00 00 07 00 F7 D4 47   // передача: 7 байт; 10:26:57:237 02.02.2020
// приём по количеству байт: 39 из 39
// принято с порта: 39 байт

01 00 27 00 F7 C2 E5 E4 EE EC FB E9 2C 45 73 63 2B 43 52 43 20 2E 39 36 30 30 20 20 00 6E 20 20 20 20 20 20 32 83 E5   // прием: 39 байт; 10:26:57:299 02.02.2020
// таймаут: 62 мсек

Ведомый,Esc+CRC 
.9600   n      2

CA E0 EB FE EC ED FB 20 

00 00 07 00 F7 D4 47   // передача: 7 байт; 10:26:57:644 02.02.2020
// приём по количеству байт: 39 из 39
// принято с порта: 39 байт

01 00 27 00 F7 C2 E5 E4 EE EC FB E9 2C 45 73 63 2B 43 52 43 20 2E 39 36 30 30 20 20 00 6E 20 20 20 20 20 20 32 83 E5   // прием: 39 байт; 10:26:57:706 02.02.2020
// таймаут: 62 мсек

Ведомый,Esc+CRC 
.9600   n      2

CA E0 EB FE EC ED FB 20 

00 00 08 00 F6 0A C5 DC   // передача: 8 байт; 10:27:02:085 02.02.2020
// приём по таймауту: 1000 мс
// принято с порта: 1 байт

01   // прием: 1 байт; 10:27:03:132 02.02.2020
// таймаут: 1047 мсек



00 00 07 00 F7 D4 47   // передача: 7 байт; 10:27:05:665 02.02.2020
// приём по количеству байт: 39 из 39
// принято с порта: 39 байт

01 00 27 00 F7 C2 E5 E4 EE EC FB E9 2C 43 52 43 20 20 20 20 20 2E 39 36 30 30 20 20 00 6E 20 20 20 20 20 20 32 87 0C   // прием: 39 байт; 10:27:05:712 02.02.2020
// таймаут: 47 мсек

Ведомый,CRC     
.9600   n      2


00 00 07 00 F7 D4 47   // передача: 7 байт; 10:27:07:246 02.02.2020
// приём по количеству байт: 39 из 39
// принято с порта: 39 байт

01 00 27 00 F7 C2 E5 E4 EE EC FB E9 2C 43 52 43 20 20 20 20 20 2E 39 36 30 30 20 20 00 6E 20 20 20 20 20 20 32 87 0C   // прием: 39 байт; 10:27:07:309 02.02.2020
// таймаут: 63 мсек

Ведомый,CRC     
.9600   n      2


00 00 07 00 F7 D4 47   // передача: 7 байт; 10:27:07:449 02.02.2020
// приём по количеству байт: 39 из 39
// принято с порта: 39 байт

01 00 27 00 F7 C2 E5 E4 EE EC FB E9 2C 43 52 43 20 20 20 20 20 2E 39 36 30 30 20 20 00 6E 20 20 20 20 20 20 32 87 0C   // прием: 39 байт; 10:27:07:513 02.02.2020
// таймаут: 64 мсек

Ведомый,CRC     
.9600   n      2


00 00 07 00 F7 D4 47   // передача: 7 байт; 10:27:07:638 02.02.2020
// приём по количеству байт: 39 из 39
// принято с порта: 39 байт

01 00 27 00 F7 C2 E5 E4 EE EC FB E9 2C 43 52 43 20 20 20 20 20 2E 39 36 30 30 20 20 00 6E 20 20 20 20 20 20 32 87 0C   // прием: 39 байт; 10:27:07:685 02.02.2020
// таймаут: 47 мсек

Ведомый,CRC     
.9600   n      2


00 00 07 00 F7 D4 47   // передача: 7 байт; 10:27:07:810 02.02.2020
// приём по количеству байт: 39 из 39
// принято с порта: 39 байт

01 00 27 00 F7 C2 E5 E4 EE EC FB E9 2C 43 52 43 20 20 20 20 20 2E 39 36 30 30 20 20 00 6E 20 20 20 20 20 20 32 87 0C   // прием: 39 байт; 10:27:07:872 02.02.2020
// таймаут: 62 мсек

Ведомый,CRC     
.9600   n      2


00 00 07 00 F7 D4 47   // передача: 7 байт; 10:27:07:980 02.02.2020
// приём по количеству байт: 39 из 39
// принято с порта: 39 байт

01 00 27 00 F7 C2 E5 E4 EE EC FB E9 2C 43 52 43 20 20 20 20 20 2E 39 36 30 30 20 20 00 6E 20 20 20 20 20 20 32 87 0C   // прием: 39 байт; 10:27:08:042 02.02.2020
// таймаут: 62 мсек

Ведомый,CRC     
.9600   n      2


00 00 08 00 F6 0A C5 DC   // передача: 8 байт; 10:27:08:495 02.02.2020


00 00 08 00 F6 0A C5 DC   // передача: 8 байт; 10:27:08:980 02.02.2020


00 00 08 00 F6 0A C5 DC   // передача: 8 байт; 10:27:09:185 02.02.2020


00 00 08 00 F6 0A C5 DC   // передача: 8 байт; 10:27:09:388 02.02.2020


00 00 08 00 F6 0A C5 DC   // передача: 8 байт; 10:27:09:637 02.02.2020


00 00 08 00 F6 0A C5 DC   // передача: 8 байт; 10:27:09:840 02.02.2020


00 00 08 00 F6 0A C5 DC   // передача: 8 байт; 10:27:10:061 02.02.2020


00 00 08 00 F6 0A C5 DC   // передача: 8 байт; 10:27:10:264 02.02.2020
// приём по таймауту: 1000 мс
// принято с порта: 1 байт

01   // прием: 1 байт; 10:27:11:282 02.02.2020
// таймаут: 1018 мсек




1A   // передача: 1 байт; 10:27:12:452 02.02.2020

CA E0 EB FE EC ED FB 20 

00 00 07 00 F7 D4 47   // передача: 7 байт; 10:27:13:328 02.02.2020
// приём по количеству байт: 39 из 39
// принято с порта: 39 байт

01 00 27 00 F7 C2 E5 E4 F3 F9 E8 E9 2C EF F0 FF EC EE E9 20 20 2E 39 36 30 30 20 20 00 6E 20 20 20 20 2B 20 32 1F D6   // прием: 39 байт; 10:27:13:390 02.02.2020
// таймаут: 62 мсек

Ведущий,прямой  
.9600   n    + 2

CA E0 EB FE EC ED FB 20 

00 00 07 00 F7 D4 47   // передача: 7 байт; 10:27:13:515 02.02.2020
// приём по количеству байт: 39 из 39
// принято с порта: 39 байт

01 00 27 00 F7 C2 E5 E4 F3 F9 E8 E9 2C EF F0 FF EC EE E9 20 20 2E 39 36 30 30 20 20 00 6E 20 20 20 20 2B 20 32 1F D6   // прием: 39 байт; 10:27:13:579 02.02.2020
// таймаут: 64 мсек

Ведущий,прямой  
.9600   n    + 2

CA E0 EB FE EC ED FB 20 

00 00 07 00 F7 D4 47   // передача: 7 байт; 10:27:13:735 02.02.2020
// приём по количеству байт: 39 из 39
// принято с порта: 39 байт

01 00 27 00 F7 C2 E5 E4 F3 F9 E8 E9 2C EF F0 FF EC EE E9 20 20 2E 39 36 30 30 20 20 00 6E 20 20 20 20 2B 20 32 1F D6   // прием: 39 байт; 10:27:13:797 02.02.2020
// таймаут: 62 мсек

Ведущий,прямой  
.9600   n    + 2

CA E0 EB FE EC ED FB 20 

00 00 07 00 F7 D4 47   // передача: 7 байт; 10:27:13:938 02.02.2020
// приём по количеству байт: 39 из 39
// принято с порта: 39 байт

01 00 27 00 F7 C2 E5 E4 F3 F9 E8 E9 2C EF F0 FF EC EE E9 20 20 2E 39 36 30 30 20 20 00 6E 20 20 20 20 2B 20 32 1F D6   // прием: 39 байт; 10:27:14:000 02.02.2020
// таймаут: 62 мсек

Ведущий,прямой  
.9600   n    + 2

CA E0 EB FE EC ED FB 20 

00 00 07 00 F7 D4 47   // передача: 7 байт; 10:27:14:142 02.02.2020
// приём по количеству байт: 39 из 39
// принято с порта: 39 байт

01 00 27 00 F7 C2 E5 E4 F3 F9 E8 E9 2C EF F0 FF EC EE E9 20 20 2E 39 36 30 30 20 20 00 6E 20 20 20 20 2B 20 32 1F D6   // прием: 39 байт; 10:27:14:205 02.02.2020
// таймаут: 63 мсек

Ведущий,прямой  
.9600   n    + 2

CA E0 EB FE EC ED FB 20 

00 00 07 00 F7 D4 47   // передача: 7 байт; 10:27:14:330 02.02.2020
// приём по количеству байт: 39 из 39
// принято с порта: 39 байт

01 00 27 00 F7 C2 E5 E4 F3 F9 E8 E9 2C EF F0 FF EC EE E9 20 20 2E 39 36 30 30 20 20 00 6E 20 20 20 20 2B 20 32 1F D6   // прием: 39 байт; 10:27:14:392 02.02.2020
// таймаут: 62 мсек

Ведущий,прямой  
.9600   n    + 2

CA E0 EB FE EC ED FB 20 

00 00 07 00 F7 D4 47   // передача: 7 байт; 10:27:15:517 02.02.2020
// приём по количеству байт: 39 из 39
// принято с порта: 39 байт

01 00 27 00 F7 C2 E5 E4 F3 F9 E8 E9 2C EF F0 FF EC EE E9 20 20 2E 39 36 30 30 20 20 00 6E 20 20 20 20 2B 20 32 1F D6   // прием: 39 байт; 10:27:15:580 02.02.2020
// таймаут: 63 мсек

Ведущий,прямой  
.9600   n    + 2

CA E0 EB FE EC ED FB 20 

00 00 07 00 F7 D4 47   // передача: 7 байт; 10:27:15:736 02.02.2020
// приём по количеству байт: 39 из 39
// принято с порта: 39 байт

01 00 27 00 F7 C2 E5 E4 F3 F9 E8 E9 2C EF F0 FF EC EE E9 20 20 2E 39 36 30 30 20 20 00 6E 20 20 20 20 2B 20 32 1F D6   // прием: 39 байт; 10:27:15:798 02.02.2020
// таймаут: 62 мсек

Ведущий,прямой  
.9600   n    + 2

CA E0 EB FE EC ED FB 20 

00 00 07 00 F7 D4 47   // передача: 7 байт; 10:27:15:939 02.02.2020
// приём по количеству байт: 39 из 39
// принято с порта: 39 байт

01 00 27 00 F7 C2 E5 E4 F3 F9 E8 E9 2C EF F0 FF EC EE E9 20 20 2E 39 36 30 30 20 20 00 6E 20 20 20 20 2B 20 32 1F D6   // прием: 39 байт; 10:27:16:002 02.02.2020
// таймаут: 63 мсек

Ведущий,прямой  
.9600   n    + 2

CA E0 EB FE EC ED FB 20 

00 00 07 00 F7 D4 47   // передача: 7 байт; 10:27:16:157 02.02.2020
// приём по количеству байт: 39 из 39
// принято с порта: 39 байт

01 00 27 00 F7 C2 E5 E4 F3 F9 E8 E9 2C EF F0 FF EC EE E9 20 20 2E 39 36 30 30 20 20 00 6E 20 20 20 20 2B 20 32 1F D6   // прием: 39 байт; 10:27:16:220 02.02.2020
// таймаут: 63 мсек

Ведущий,прямой  
.9600   n    + 2

CA E0 EB FE EC ED FB 20 

00 00 07 00 F7 D4 47   // передача: 7 байт; 10:27:16:345 02.02.2020
// приём по количеству байт: 39 из 39
// принято с порта: 39 байт

01 00 27 00 F7 C2 E5 E4 F3 F9 E8 E9 2C EF F0 FF EC EE E9 20 20 2E 39 36 30 30 20 20 00 6E 20 20 20 20 2B 20 32 1F D6   // прием: 39 байт; 10:27:16:423 02.02.2020
// таймаут: 78 мсек

Ведущий,прямой  
.9600   n    + 2

CA E0 EB FE EC ED FB 20 

00 00 07 00 F7 D4 47   // передача: 7 байт; 10:27:16:547 02.02.2020
// приём по количеству байт: 39 из 39
// принято с порта: 39 байт

01 00 27 00 F7 C2 E5 E4 F3 F9 E8 E9 2C EF F0 FF EC EE E9 20 20 2E 39 36 30 30 20 20 00 6E 20 20 20 20 2B 20 32 1F D6   // прием: 39 байт; 10:27:16:611 02.02.2020
// таймаут: 64 мсек

Ведущий,прямой  
.9600   n    + 2

CA E0 EB FE EC ED FB 20 

00 00 07 00 F7 D4 47   // передача: 7 байт; 10:27:16:752 02.02.2020
// приём по количеству байт: 39 из 39
// принято с порта: 39 байт

01 00 27 00 F7 C2 E5 E4 F3 F9 E8 E9 2C EF F0 FF EC EE E9 20 20 2E 39 36 30 30 20 20 00 6E 20 20 20 20 2B 20 32 1F D6   // прием: 39 байт; 10:27:16:814 02.02.2020
// таймаут: 62 мсек

Ведущий,прямой  
.9600   n    + 2

CA E0 EB FE EC ED FB 20 

00 00 07 00 F7 D4 47   // передача: 7 байт; 10:27:16:954 02.02.2020
// приём по количеству байт: 39 из 39
// принято с порта: 39 байт

01 00 27 00 F7 C2 E5 E4 F3 F9 E8 E9 2C EF F0 FF EC EE E9 20 20 2E 39 36 30 30 20 20 00 6E 20 20 20 20 2B 20 32 1F D6   // прием: 39 байт; 10:27:17:017 02.02.2020
// таймаут: 63 мсек

Ведущий,прямой  
.9600   n    + 2

CA E0 EB FE EC ED FB 20 

00 00 07 00 F7 D4 47   // передача: 7 байт; 10:27:17:159 02.02.2020
// приём по количеству байт: 39 из 39
// принято с порта: 39 байт

01 00 27 00 F7 C2 E5 E4 F3 F9 E8 E9 2C EF F0 FF EC EE E9 20 20 2E 39 36 30 30 20 20 00 6E 20 20 20 20 2B 20 32 1F D6   // прием: 39 байт; 10:27:17:221 02.02.2020
// таймаут: 62 мсек

Ведущий,прямой  
.9600   n    + 2

CA E0 EB FE EC ED FB 20 

00 00 07 00 F7 D4 47   // передача: 7 байт; 10:27:17:361 02.02.2020
// приём по количеству байт: 39 из 39
// принято с порта: 39 байт

01 00 27 00 F7 C2 E5 E4 F3 F9 E8 E9 2C EF F0 FF EC EE E9 20 20 2E 39 36 30 30 20 20 00 6E 20 20 20 20 2B 20 32 1F D6   // прием: 39 байт; 10:27:17:424 02.02.2020
// таймаут: 63 мсек

Ведущий,прямой  
.9600   n    + 2

CA E0 EB FE EC ED FB 20 

00 00 07 00 F7 D4 47   // передача: 7 байт; 10:27:17:584 02.02.2020
// приём по количеству байт: 39 из 39
// принято с порта: 39 байт

01 00 27 00 F7 C2 E5 E4 F3 F9 E8 E9 2C EF F0 FF EC EE E9 20 20 2E 39 36 30 30 20 20 00 6E 20 20 20 20 2B 20 32 1F D6   // прием: 39 байт; 10:27:17:643 02.02.2020
// таймаут: 59 мсек

Ведущий,прямой  
.9600   n    + 2

CA E0 EB FE EC ED FB 20 

00 00 07 00 F7 D4 47   // передача: 7 байт; 10:27:17:783 02.02.2020
// приём по количеству байт: 39 из 39
// принято с порта: 39 байт

01 00 27 00 F7 C2 E5 E4 F3 F9 E8 E9 2C EF F0 FF EC EE E9 20 20 2E 39 36 30 30 20 20 00 6E 20 20 20 20 2B 20 32 1F D6   // прием: 39 байт; 10:27:17:845 02.02.2020
// таймаут: 62 мсек

Ведущий,прямой  
.9600   n    + 2

CA E0 EB FE EC ED FB 20 

00 00 07 00 F7 D4 47   // передача: 7 байт; 10:27:17:970 02.02.2020
// приём по количеству байт: 39 из 39
// принято с порта: 39 байт

01 00 27 00 F7 C2 E5 E4 F3 F9 E8 E9 2C EF F0 FF EC EE E9 20 20 2E 39 36 30 30 20 20 00 6E 20 20 20 20 2B 20 32 1F D6   // прием: 39 байт; 10:27:18:033 02.02.2020
// таймаут: 63 мсек

Ведущий,прямой  
.9600   n    + 2

CA E0 EB FE EC ED FB 20 

00 00 07 00 F7 D4 47   // передача: 7 байт; 10:27:18:207 02.02.2020
// приём по количеству байт: 39 из 39
// принято с порта: 39 байт

01 00 27 00 F7 C2 E5 E4 F3 F9 E8 E9 2C EF F0 FF EC EE E9 20 20 2E 39 36 30 30 20 20 00 6E 20 20 20 20 2B 20 32 1F D6   // прием: 39 байт; 10:27:18:269 02.02.2020
// таймаут: 62 мсек

Ведущий,прямой  
.9600   n    + 2

CA E0 EB FE EC ED FB 20 

00 00 07 00 F7 D4 47   // передача: 7 байт; 10:27:18:472 02.02.2020
// приём по количеству байт: 39 из 39
// принято с порта: 39 байт

01 00 27 00 F7 C2 E5 E4 F3 F9 E8 E9 2C EF F0 FF EC EE E9 20 20 2E 39 36 30 30 20 20 00 6E 20 20 20 20 2B 20 32 1F D6   // прием: 39 байт; 10:27:18:534 02.02.2020
// таймаут: 62 мсек

Ведущий,прямой  
.9600   n    + 2

CA E0 EB FE EC ED FB 20 

00 00 08 00 F6 0A C5 DC   // передача: 8 байт; 10:27:23:725 02.02.2020

CA E0 EB FE EC ED FB 20 

00 00 07 00 F7 D4 47   // передача: 7 байт; 10:27:24:554 02.02.2020
// приём по количеству байт: 40 из 39
// принято с порта: 40 байт

01 01 00 27 00 F7 C2 E5 E4 F3 F9 E8 E9 2C EC EE E4 E5 EC ED FB E9 2E 39 36 30 30 20 20 00 6E 20 20 20 20 2B 20 32 CC 4D   // прием: 40 байт; 10:27:24:632 02.02.2020
// таймаут: 78 мсек


CA E0 EB FE EC ED FB 20 

00 00 07 00 F7 D4 47   // передача: 7 байт; 10:27:24:820 02.02.2020
// приём по количеству байт: 39 из 39
// принято с порта: 39 байт

01 00 27 00 F7 C2 E5 E4 F3 F9 E8 E9 2C EC EE E4 E5 EC ED FB E9 2E 39 36 30 30 20 20 00 6E 20 20 20 20 2B 20 32 CC 4D   // прием: 39 байт; 10:27:24:883 02.02.2020
// таймаут: 63 мсек

Ведущий,модемный
.9600   n    + 2

CA E0 EB FE EC ED FB 20 

00 00 07 00 F7 D4 47   // передача: 7 байт; 10:27:25:101 02.02.2020
// приём по количеству байт: 39 из 39
// принято с порта: 39 байт

01 00 27 00 F7 C2 E5 E4 F3 F9 E8 E9 2C EC EE E4 E5 EC ED FB E9 2E 39 36 30 30 20 20 00 6E 20 20 20 20 2B 20 32 CC 4D   // прием: 39 байт; 10:27:25:163 02.02.2020
// таймаут: 62 мсек

Ведущий,модемный
.9600   n    + 2

CA E0 EB FE EC ED FB 20 

00 00 07 00 F7 D4 47   // передача: 7 байт; 10:27:25:570 02.02.2020
// приём по количеству байт: 39 из 39
// принято с порта: 39 байт

01 00 27 00 F7 C2 E5 E4 F3 F9 E8 E9 2C EC EE E4 E5 EC ED FB E9 2E 39 36 30 30 20 20 00 6E 20 20 20 20 2B 20 32 CC 4D   // прием: 39 байт; 10:27:25:633 02.02.2020
// таймаут: 63 мсек

Ведущий,модемный
.9600   n    + 2

CA E0 EB FE EC ED FB 20 

00 00 07 00 F7 D4 47   // передача: 7 байт; 10:27:37:391 02.02.2020
// приём по количеству байт: 39 из 39
// принято с порта: 39 байт

01 00 27 00 F7 C2 E5 E4 F3 F9 E8 E9 2C EC EE E4 E5 EC ED FB E9 2E 39 36 30 30 20 20 00 6E 20 20 20 20 2B 20 32 CC 4D   // прием: 39 байт; 10:27:37:453 02.02.2020
// таймаут: 62 мсек

Ведущий,модемный
.9600   n    + 2

CA E0 EB FE EC ED FB 20 

00 00 07 00 F7 D4 47   // передача: 7 байт; 10:27:37:625 02.02.2020
// приём по количеству байт: 39 из 39
// принято с порта: 39 байт

01 00 27 00 F7 C2 E5 E4 F3 F9 E8 E9 2C EC EE E4 E5 EC ED FB E9 2E 39 36 30 30 20 20 00 6E 20 20 20 20 2B 20 32 CC 4D   // прием: 39 байт; 10:27:37:687 02.02.2020
// таймаут: 62 мсек

Ведущий,модемный
.9600   n    + 2

CA E0 EB FE EC ED FB 20 

00 00 08 00 F6 0A C5 DC   // передача: 8 байт; 10:27:38:188 02.02.2020
// приём по таймауту: 1000 мс
// принято с порта: 1 байт

01   // прием: 1 байт; 10:27:39:220 02.02.2020
// таймаут: 1032 мсек



00 00 07 00 F7 D4 47   // передача: 7 байт; 10:27:40:925 02.02.2020


55 00 00 11 FF F0 00 00 07 00 F7 D4 47 21 B3 8C 7D   // передача: 17 байт; 10:27:40:925 02.02.2020
// приём по количеству байт: 39 из 39
// принято с порта: 39 байт

01 00 27 00 F7 C2 E5 E4 EE EC FB E9 2C D3 CF C8 CE 20 20 20 20 2E 39 36 30 30 20 20 00 6E 20 20 20 20 20 20 32 7B 4F   // прием: 39 байт; 10:27:40:987 02.02.2020
// таймаут: 62 мсек

Ведомый,УПИО    
.9600   n      2


00 00 07 00 F7 D4 47   // передача: 7 байт; 10:27:41:488 02.02.2020


55 00 00 11 FF F0 00 00 07 00 F7 D4 47 21 B3 8C 7D   // передача: 17 байт; 10:27:41:488 02.02.2020
// приём по количеству байт: 39 из 39
// принято с порта: 39 байт

01 00 27 00 F7 C2 E5 E4 EE EC FB E9 2C D3 CF C8 CE 20 20 20 20 2E 39 36 30 30 20 20 00 6E 20 20 20 20 20 20 32 7B 4F   // прием: 39 байт; 10:27:41:566 02.02.2020
// таймаут: 78 мсек

Ведомый,УПИО    
.9600   n      2


00 00 07 00 F7 D4 47   // передача: 7 байт; 10:27:41:706 02.02.2020


55 00 00 11 FF F0 00 00 07 00 F7 D4 47 21 B3 8C 7D   // передача: 17 байт; 10:27:41:706 02.02.2020
// приём по количеству байт: 39 из 39
// принято с порта: 39 байт

01 00 27 00 F7 C2 E5 E4 EE EC FB E9 2C D3 CF C8 CE 20 20 20 20 2E 39 36 30 30 20 20 00 6E 20 20 20 20 20 20 32 7B 4F   // прием: 39 байт; 10:27:41:784 02.02.2020
// таймаут: 78 мсек

Ведомый,УПИО    
.9600   n      2


00 00 07 00 F7 D4 47   // передача: 7 байт; 10:27:41:894 02.02.2020


55 00 00 11 FF F0 00 00 07 00 F7 D4 47 21 B3 8C 7D   // передача: 17 байт; 10:27:41:894 02.02.2020
// приём по количеству байт: 39 из 39
// принято с порта: 39 байт

01 00 27 00 F7 C2 E5 E4 EE EC FB E9 2C D3 CF C8 CE 20 20 20 20 2E 39 36 30 30 20 20 00 6E 20 20 20 20 20 20 32 7B 4F   // прием: 39 байт; 10:27:41:956 02.02.2020
// таймаут: 62 мсек

Ведомый,УПИО    
.9600   n      2



1B 41   // передача: 2 байт; 10:27:46:913 02.02.2020
// приём по таймауту: 1000 мс
// принято с порта: 0 байт



1B 41   // передача: 2 байт; 10:27:49:260 02.02.2020
// приём по таймауту: 1000 мс
// принято с порта: 0 байт


00 00 07 00 F7 D4 47   // передача: 7 байт; 10:27:50:995 02.02.2020


55 00 00 11 FF F0 00 00 07 00 F7 D4 47 21 B3 8C 7D   // передача: 17 байт; 10:27:50:995 02.02.2020
// приём по количеству байт: 39 из 39
// принято с порта: 39 байт

01 00 27 00 F7 C2 E5 E4 EE EC FB E9 2C D3 CF C8 CE 20 20 20 20 2E 39 36 30 30 20 20 00 6E 20 20 20 20 20 20 32 7B 4F   // прием: 39 байт; 10:27:51:057 02.02.2020
// таймаут: 62 мсек

Ведомый,УПИО    
.9600   n      2


00 00 07 00 F7 D4 47   // передача: 7 байт; 10:27:54:779 02.02.2020


55 00 00 11 FF F0 00 00 07 00 F7 D4 47 21 B3 8C 7D   // передача: 17 байт; 10:27:54:779 02.02.2020
// приём по количеству байт: 39 из 39
// принято с порта: 39 байт

01 00 27 00 F7 C2 E5 E4 EE EC FB E9 2C D3 CF C8 CE 20 20 20 20 2E 39 36 30 30 20 20 00 6E 20 20 20 20 20 20 32 7B 4F   // прием: 39 байт; 10:27:54:841 02.02.2020
// таймаут: 62 мсек

Ведомый,УПИО    
.9600   n      2


00 00 07 00 F7 D4 47   // передача: 7 байт; 10:27:54:966 02.02.2020


55 00 00 11 FF F0 00 00 07 00 F7 D4 47 21 B3 8C 7D   // передача: 17 байт; 10:27:54:966 02.02.2020
// приём по количеству байт: 39 из 39
// принято с порта: 39 байт

01 00 27 00 F7 C2 E5 E4 EE EC FB E9 2C D3 CF C8 CE 20 20 20 20 2E 39 36 30 30 20 20 00 6E 20 20 20 20 20 20 32 7B 4F   // прием: 39 байт; 10:27:55:028 02.02.2020
// таймаут: 62 мсек

Ведомый,УПИО    
.9600   n      2


00 00 07 00 F7 D4 47   // передача: 7 байт; 10:27:55:139 02.02.2020


55 00 00 11 FF F0 00 00 07 00 F7 D4 47 21 B3 8C 7D   // передача: 17 байт; 10:27:55:139 02.02.2020
// приём по количеству байт: 39 из 39
// принято с порта: 39 байт

01 00 27 00 F7 C2 E5 E4 EE EC FB E9 2C D3 CF C8 CE 20 20 20 20 2E 39 36 30 30 20 20 00 6E 20 20 20 20 20 20 32 7B 4F   // прием: 39 байт; 10:27:55:217 02.02.2020
// таймаут: 78 мсек

Ведомый,УПИО    
.9600   n      2


00 00 07 00 F7 D4 47   // передача: 7 байт; 10:27:55:326 02.02.2020


55 00 00 11 FF F0 00 00 07 00 F7 D4 47 21 B3 8C 7D   // передача: 17 байт; 10:27:55:326 02.02.2020
// приём по количеству байт: 39 из 39
// принято с порта: 39 байт

01 00 27 00 F7 C2 E5 E4 EE EC FB E9 2C D3 CF C8 CE 20 20 20 20 2E 39 36 30 30 20 20 00 6E 20 20 20 20 20 20 32 7B 4F   // прием: 39 байт; 10:27:55:389 02.02.2020
// таймаут: 63 мсек

Ведомый,УПИО    
.9600   n      2


00 00 08 00 F6 0A C5 DC   // передача: 8 байт; 10:27:55:999 02.02.2020


55 00 00 12 FF F0 00 00 08 00 F6 0A C5 DC 21 B3 05 B9   // передача: 18 байт; 10:27:55:999 02.02.2020
// приём по таймауту: 1000 мс
// принято с порта: 1 байт

01   // прием: 1 байт; 10:27:57:030 02.02.2020
// таймаут: 1031 мсек


CA E0 EB FE EC ED FB 20 

00 00 07 00 F7 D4 47   // передача: 7 байт; 10:27:58:391 02.02.2020
// приём по количеству байт: 39 из 39
// принято с порта: 39 байт

01 00 27 00 F7 C2 E5 E4 EE EC FB E9 2C 45 73 63 2B 43 52 43 20 2E 39 36 30 30 20 20 00 6E 20 20 20 20 20 20 32 83 E5   // прием: 39 байт; 10:27:58:453 02.02.2020
// таймаут: 62 мсек

Ведомый,Esc+CRC 
.9600   n      2

CA E0 EB FE EC ED FB 20 

00 00 07 00 F7 D4 47   // передача: 7 байт; 10:27:58:611 02.02.2020
// приём по количеству байт: 39 из 39
// принято с порта: 39 байт

01 00 27 00 F7 C2 E5 E4 EE EC FB E9 2C 45 73 63 2B 43 52 43 20 2E 39 36 30 30 20 20 00 6E 20 20 20 20 20 20 32 83 E5   // прием: 39 байт; 10:27:58:673 02.02.2020
// таймаут: 62 мсек

Ведомый,Esc+CRC 
.9600   n      2

CA E0 EB FE EC ED FB 20 

00 00 07 00 F7 D4 47   // передача: 7 байт; 10:27:58:814 02.02.2020
// приём по количеству байт: 39 из 39
// принято с порта: 39 байт

01 00 27 00 F7 C2 E5 E4 EE EC FB E9 2C 45 73 63 2B 43 52 43 20 2E 39 36 30 30 20 20 00 6E 20 20 20 20 20 20 32 83 E5   // прием: 39 байт; 10:27:58:876 02.02.2020
// таймаут: 62 мсек

Ведомый,Esc+CRC 
.9600   n      2

CA E0 EB FE EC ED FB 20 

00 00 07 00 F7 D4 47   // передача: 7 байт; 10:27:59:001 02.02.2020
// приём по количеству байт: 39 из 39
// принято с порта: 39 байт

01 00 27 00 F7 C2 E5 E4 EE EC FB E9 2C 45 73 63 2B 43 52 43 20 2E 39 36 30 30 20 20 00 6E 20 20 20 20 20 20 32 83 E5   // прием: 39 байт; 10:27:59:063 02.02.2020
// таймаут: 62 мсек

Ведомый,Esc+CRC 
.9600   n      2

CA E0 EB FE EC ED FB 20 

00 00 07 00 F7 D4 47   // передача: 7 байт; 10:27:59:204 02.02.2020
// приём по количеству байт: 39 из 39
// принято с порта: 39 байт

01 00 27 00 F7 C2 E5 E4 EE EC FB E9 2C 45 73 63 2B 43 52 43 20 2E 39 36 30 30 20 20 00 6E 20 20 20 20 20 20 32 83 E5   // прием: 39 байт; 10:27:59:266 02.02.2020
// таймаут: 62 мсек

Ведомый,Esc+CRC 
.9600   n      2

CA E0 EB FE EC ED FB 20 

00 00 07 00 F7 D4 47   // передача: 7 байт; 10:27:59:407 02.02.2020
// приём по количеству байт: 39 из 39
// принято с порта: 39 байт

01 00 27 00 F7 C2 E5 E4 EE EC FB E9 2C 45 73 63 2B 43 52 43 20 2E 39 36 30 30 20 20 00 6E 20 20 20 20 20 20 32 83 E5   // прием: 39 байт; 10:27:59:469 02.02.2020
// таймаут: 62 мсек

Ведомый,Esc+CRC 
.9600   n      2

CA E0 EB FE EC ED FB 20 

00 00 07 00 F7 D4 47   // передача: 7 байт; 10:27:59:578 02.02.2020
// приём по количеству байт: 39 из 39
// принято с порта: 39 байт

01 00 27 00 F7 C2 E5 E4 EE EC FB E9 2C 45 73 63 2B 43 52 43 20 2E 39 36 30 30 20 20 00 6E 20 20 20 20 20 20 32 83 E5   // прием: 39 байт; 10:27:59:642 02.02.2020
// таймаут: 64 мсек

Ведомый,Esc+CRC 
.9600   n      2

CA E0 EB FE EC ED FB 20 

00 00 07 00 F7 D4 47   // передача: 7 байт; 10:27:59:736 02.02.2020
// приём по количеству байт: 39 из 39
// принято с порта: 39 байт

01 00 27 00 F7 C2 E5 E4 EE EC FB E9 2C 45 73 63 2B 43 52 43 20 2E 39 36 30 30 20 20 00 6E 20 20 20 20 20 20 32 83 E5   // прием: 39 байт; 10:27:59:798 02.02.2020
// таймаут: 62 мсек

Ведомый,Esc+CRC 
.9600   n      2

CA E0 EB FE EC ED FB 20 

00 00 08 00 F6 0A C5 DC   // передача: 8 байт; 10:28:00:628 02.02.2020
// приём по таймауту: 1000 мс
// принято с порта: 1 байт

01   // прием: 1 байт; 10:28:01:676 02.02.2020
// таймаут: 1048 мсек



00 00 07 00 F7 D4 47   // передача: 7 байт; 10:28:04:567 02.02.2020
// приём по количеству байт: 39 из 39
// принято с порта: 39 байт

01 00 27 00 F7 C2 E5 E4 EE EC FB E9 2C 43 52 43 20 20 20 20 20 2E 39 36 30 30 20 20 00 6E 20 20 20 20 20 20 32 87 0C   // прием: 39 байт; 10:28:04:614 02.02.2020
// таймаут: 47 мсек

Ведомый,CRC     
.9600   n      2


00 00 07 00 F7 D4 47   // передача: 7 байт; 10:28:04:755 02.02.2020
// приём по количеству байт: 39 из 39
// принято с порта: 39 байт

01 00 27 00 F7 C2 E5 E4 EE EC FB E9 2C 43 52 43 20 20 20 20 20 2E 39 36 30 30 20 20 00 6E 20 20 20 20 20 20 32 87 0C   // прием: 39 байт; 10:28:04:802 02.02.2020
// таймаут: 47 мсек

Ведомый,CRC     
.9600   n      2


00 00 07 00 F7 D4 47   // передача: 7 байт; 10:28:05:052 02.02.2020
// приём по количеству байт: 39 из 39
// принято с порта: 39 байт

01 00 27 00 F7 C2 E5 E4 EE EC FB E9 2C 43 52 43 20 20 20 20 20 2E 39 36 30 30 20 20 00 6E 20 20 20 20 20 20 32 87 0C   // прием: 39 байт; 10:28:05:099 02.02.2020
// таймаут: 47 мсек

Ведомый,CRC     
.9600   n      2


00 00 07 00 F7 D4 47   // передача: 7 байт; 10:28:06:912 02.02.2020
// приём по количеству байт: 39 из 39
// принято с порта: 39 байт

01 00 27 00 F7 C2 E5 E4 EE EC FB E9 2C 43 52 43 20 20 20 20 20 2E 39 36 30 30 20 20 00 6E 20 20 20 20 20 20 32 87 0C   // прием: 39 байт; 10:28:06:974 02.02.2020
// таймаут: 62 мсек

Ведомый,CRC     
.9600   n      2


00 00 07 00 F7 D4 47   // передача: 7 байт; 10:28:07:130 02.02.2020
// приём по количеству байт: 39 из 39
// принято с порта: 39 байт

01 00 27 00 F7 C2 E5 E4 EE EC FB E9 2C 43 52 43 20 20 20 20 20 2E 39 36 30 30 20 20 00 6E 20 20 20 20 20 20 32 87 0C   // прием: 39 байт; 10:28:07:177 02.02.2020
// таймаут: 47 мсек

Ведомый,CRC     
.9600   n      2


00 00 07 00 F7 D4 47   // передача: 7 байт; 10:28:07:320 02.02.2020
// приём по количеству байт: 39 из 39
// принято с порта: 39 байт

01 00 27 00 F7 C2 E5 E4 EE EC FB E9 2C 43 52 43 20 20 20 20 20 2E 39 36 30 30 20 20 00 6E 20 20 20 20 20 20 32 87 0C   // прием: 39 байт; 10:28:07:382 02.02.2020
// таймаут: 62 мсек

Ведомый,CRC     
.9600   n      2


00 00 07 00 F7 D4 47   // передача: 7 байт; 10:28:07:507 02.02.2020
// приём по количеству байт: 39 из 39
// принято с порта: 39 байт

01 00 27 00 F7 C2 E5 E4 EE EC FB E9 2C 43 52 43 20 20 20 20 20 2E 39 36 30 30 20 20 00 6E 20 20 20 20 20 20 32 87 0C   // прием: 39 байт; 10:28:07:554 02.02.2020
// таймаут: 47 мсек

Ведомый,CRC     
.9600   n      2


00 00 07 00 F7 D4 47   // передача: 7 байт; 10:28:07:695 02.02.2020
// приём по количеству байт: 39 из 39
// принято с порта: 39 байт

01 00 27 00 F7 C2 E5 E4 EE EC FB E9 2C 43 52 43 20 20 20 20 20 2E 39 36 30 30 20 20 00 6E 20 20 20 20 20 20 32 87 0C   // прием: 39 байт; 10:28:07:742 02.02.2020
// таймаут: 47 мсек

Ведомый,CRC     
.9600   n      2


00 00 07 00 F7 D4 47   // передача: 7 байт; 10:28:07:883 02.02.2020
// приём по количеству байт: 39 из 39
// принято с порта: 39 байт

01 00 27 00 F7 C2 E5 E4 EE EC FB E9 2C 43 52 43 20 20 20 20 20 2E 39 36 30 30 20 20 00 6E 20 20 20 20 20 20 32 87 0C   // прием: 39 байт; 10:28:07:930 02.02.2020
// таймаут: 47 мсек

Ведомый,CRC     
.9600   n      2


00 00 07 00 F7 D4 47   // передача: 7 байт; 10:28:08:040 02.02.2020
// приём по количеству байт: 39 из 39
// принято с порта: 39 байт

01 00 27 00 F7 C2 E5 E4 EE EC FB E9 2C 43 52 43 20 20 20 20 20 2E 39 36 30 30 20 20 00 6E 20 20 20 20 20 20 32 87 0C   // прием: 39 байт; 10:28:08:102 02.02.2020
// таймаут: 62 мсек

Ведомый,CRC     
.9600   n      2


00 00 07 00 F7 D4 47   // передача: 7 байт; 10:28:08:242 02.02.2020
// приём по количеству байт: 39 из 39
// принято с порта: 39 байт

01 00 27 00 F7 C2 E5 E4 EE EC FB E9 2C 43 52 43 20 20 20 20 20 2E 39 36 30 30 20 20 00 6E 20 20 20 20 20 20 32 87 0C   // прием: 39 байт; 10:28:08:289 02.02.2020
// таймаут: 47 мсек

Ведомый,CRC     
.9600   n      2


00 00 07 00 F7 D4 47   // передача: 7 байт; 10:28:08:445 02.02.2020
// приём по количеству байт: 39 из 39
// принято с порта: 39 байт

01 00 27 00 F7 C2 E5 E4 EE EC FB E9 2C 43 52 43 20 20 20 20 20 2E 39 36 30 30 20 20 00 6E 20 20 20 20 20 20 32 87 0C   // прием: 39 байт; 10:28:08:492 02.02.2020
// таймаут: 47 мсек

Ведомый,CRC     
.9600   n      2


00 00 07 00 F7 D4 47   // передача: 7 байт; 10:28:08:663 02.02.2020
// приём по количеству байт: 39 из 39
// принято с порта: 39 байт

01 00 27 00 F7 C2 E5 E4 EE EC FB E9 2C 43 52 43 20 20 20 20 20 2E 39 36 30 30 20 20 00 6E 20 20 20 20 20 20 32 87 0C   // прием: 39 байт; 10:28:08:727 02.02.2020
// таймаут: 64 мсек

Ведомый,CRC     
.9600   n      2


00 00 07 00 F7 D4 47   // передача: 7 байт; 10:28:08:853 02.02.2020
// приём по количеству байт: 39 из 39
// принято с порта: 39 байт

01 00 27 00 F7 C2 E5 E4 EE EC FB E9 2C 43 52 43 20 20 20 20 20 2E 39 36 30 30 20 20 00 6E 20 20 20 20 20 20 32 87 0C   // прием: 39 байт; 10:28:08:900 02.02.2020
// таймаут: 47 мсек

Ведомый,CRC     
.9600   n      2


00 00 07 00 F7 D4 47   // передача: 7 байт; 10:28:09:243 02.02.2020
// приём по количеству байт: 39 из 39
// принято с порта: 39 байт

01 00 27 00 F7 C2 E5 E4 EE EC FB E9 2C 43 52 43 20 20 20 20 20 2E 39 36 30 30 20 20 00 6E 20 20 20 20 20 20 32 87 0C   // прием: 39 байт; 10:28:09:306 02.02.2020
// таймаут: 63 мсек

Ведомый,CRC     
.9600   n      2


00 00 07 00 F7 D4 47   // передача: 7 байт; 10:28:09:462 02.02.2020
// приём по количеству байт: 39 из 39
// принято с порта: 39 байт

01 00 27 00 F7 C2 E5 E4 EE EC FB E9 2C 43 52 43 20 20 20 20 20 2E 39 36 30 30 20 20 00 6E 20 20 20 20 20 20 32 87 0C   // прием: 39 байт; 10:28:09:524 02.02.2020
// таймаут: 62 мсек

Ведомый,CRC     
.9600   n      2


00 00 08 00 F6 0A C5 DC   // передача: 8 байт; 10:28:10:306 02.02.2020
// приём по таймауту: 1000 мс
// принято с порта: 1 байт

01   // прием: 1 байт; 10:28:11:339 02.02.2020
// таймаут: 1033 мсек




1A   // передача: 1 байт; 10:28:13:155 02.02.2020

CA E0 EB FE EC ED FB 20 

00 00 07 00 F7 D4 47   // передача: 7 байт; 10:28:14:387 02.02.2020
// приём по количеству байт: 39 из 39
// принято с порта: 39 байт

01 00 27 00 F7 C2 E5 E4 F3 F9 E8 E9 2C EF F0 FF EC EE E9 20 20 2E 39 36 30 30 20 20 00 6E 20 20 20 20 2B 20 32 1F D6   // прием: 39 байт; 10:28:14:450 02.02.2020
// таймаут: 63 мсек

Ведущий,прямой  
.9600   n    + 2

CA E0 EB FE EC ED FB 20 

00 00 07 00 F7 D4 47   // передача: 7 байт; 10:28:15:513 02.02.2020
// приём по количеству байт: 39 из 39
// принято с порта: 39 байт

01 00 27 00 F7 C2 E5 E4 F3 F9 E8 E9 2C EF F0 FF EC EE E9 20 20 2E 39 36 30 30 20 20 00 6E 20 20 20 20 2B 20 32 1F D6   // прием: 39 байт; 10:28:15:576 02.02.2020
// таймаут: 63 мсек

Ведущий,прямой  
.9600   n    + 2

CA E0 EB FE EC ED FB 20 

00 00 07 00 F7 D4 47   // передача: 7 байт; 10:28:15:701 02.02.2020
// приём по количеству байт: 39 из 39
// принято с порта: 39 байт

01 00 27 00 F7 C2 E5 E4 F3 F9 E8 E9 2C EF F0 FF EC EE E9 20 20 2E 39 36 30 30 20 20 00 6E 20 20 20 20 2B 20 32 1F D6   // прием: 39 байт; 10:28:15:763 02.02.2020
// таймаут: 62 мсек

Ведущий,прямой  
.9600   n    + 2

CA E0 EB FE EC ED FB 20 

00 00 07 00 F7 D4 47   // передача: 7 байт; 10:28:15:874 02.02.2020
// приём по количеству байт: 39 из 39
// принято с порта: 39 байт

01 00 27 00 F7 C2 E5 E4 F3 F9 E8 E9 2C EF F0 FF EC EE E9 20 20 2E 39 36 30 30 20 20 00 6E 20 20 20 20 2B 20 32 1F D6   // прием: 39 байт; 10:28:15:936 02.02.2020
// таймаут: 62 мсек

Ведущий,прямой  
.9600   n    + 2

// О программе
