
CA E0 EB FE EC ED FB 20 

00 00 07 00 F7 D4 47   // передача: 7 байт; 10:13:59:403 02.02.2020
// приём по количеству байт: 39 из 39
// принято с порта: 39 байт

01 00 27 00 F7 D0 E0 E1 EE F2 E0 20 20 20 20 20 20 20 20 20 20 20 20 20 20 20 20 20 20 20 20 20 20 20 20 20 20 D5 94   // прием: 39 байт; 10:13:59:481 02.02.2020
// таймаут: 78 мсек

Работа          
                

CA E0 EB FE EC ED FB 20 

00 00 07 00 F7 D4 47   // передача: 7 байт; 10:14:06:876 02.02.2020
// приём по количеству байт: 39 из 39
// принято с порта: 39 байт

01 00 27 00 F7 CF F0 EE E3 F0 E0 EC EC E0 20 3F 20 20 20 20 20 3D 5F 5F 5F 20 20 20 20 20 20 20 20 20 20 20 20 1B 1E   // прием: 39 байт; 10:14:06:938 02.02.2020
// таймаут: 62 мсек

Программа ?     
=___            

CA E0 EB FE EC ED FB 20 

00 00 08 00 F6 01 84 1B   // передача: 8 байт; 10:14:07:706 02.02.2020
// приём по количеству байт: 9 из 9
// принято с порта: 9 байт

01 00 09 00 F6 00 00 37 F3   // прием: 9 байт; 10:14:07:753 02.02.2020
// таймаут: 47 мсек


CA E0 EB FE EC ED FB 20 

00 00 07 00 F7 D4 47   // передача: 7 байт; 10:14:07:753 02.02.2020
// приём по количеству байт: 39 из 39
// принято с порта: 39 байт

01 00 27 00 F7 CF F0 EE E3 F0 E0 EC EC E0 20 3F 20 20 20 20 20 3D 5F 5F 31 20 20 20 20 20 20 20 20 20 20 20 20 8C 30   // прием: 39 байт; 10:14:07:815 02.02.2020
// таймаут: 62 мсек

Программа ?     
=__1            

CA E0 EB FE EC ED FB 20 

00 00 08 00 F6 0C 45 DE   // передача: 8 байт; 10:14:08:817 02.02.2020
// приём по количеству байт: 9 из 9
// принято с порта: 9 байт

01 00 09 00 F6 00 00 37 F3   // прием: 9 байт; 10:14:08:863 02.02.2020
// таймаут: 46 мсек


CA E0 EB FE EC ED FB 20 

00 00 07 00 F7 D4 47   // передача: 7 байт; 10:14:08:863 02.02.2020
// приём по количеству байт: 39 из 39
// принято с порта: 39 байт

01 00 27 00 F7 CF F0 EE E3 F0 E0 EC EC E0 20 3F 20 20 20 20 20 3D 5F 5F 5F 20 20 20 20 20 20 20 20 20 20 20 20 1B 1E   // прием: 39 байт; 10:14:08:926 02.02.2020
// таймаут: 63 мсек

Программа ?     
=___            

CA E0 EB FE EC ED FB 20 

00 00 08 00 F6 02 C4 1A   // передача: 8 байт; 10:14:09:378 02.02.2020
// приём по количеству байт: 9 из 9
// принято с порта: 9 байт

01 00 09 00 F6 00 00 37 F3   // прием: 9 байт; 10:14:09:409 02.02.2020
// таймаут: 31 мсек


CA E0 EB FE EC ED FB 20 

00 00 07 00 F7 D4 47   // передача: 7 байт; 10:14:09:409 02.02.2020
// приём по количеству байт: 39 из 39
// принято с порта: 39 байт

01 00 27 00 F7 CF F0 EE E3 F0 E0 EC EC E0 20 3F 20 20 20 20 20 3D 5F 5F 32 20 20 20 20 20 20 20 20 20 20 20 20 89 F3   // прием: 39 байт; 10:14:09:471 02.02.2020
// таймаут: 62 мсек

Программа ?     
=__2            

CA E0 EB FE EC ED FB 20 

00 00 08 00 F6 02 C4 1A   // передача: 8 байт; 10:14:09:580 02.02.2020
// приём по количеству байт: 9 из 9
// принято с порта: 9 байт

01 00 09 00 F6 00 00 37 F3   // прием: 9 байт; 10:14:09:612 02.02.2020
// таймаут: 32 мсек


CA E0 EB FE EC ED FB 20 

00 00 07 00 F7 D4 47   // передача: 7 байт; 10:14:09:627 02.02.2020
// приём по количеству байт: 39 из 39
// принято с порта: 39 байт

01 00 27 00 F7 CF F0 EE E3 F0 E0 EC EC E0 20 3F 20 20 20 20 20 3D 5F 32 32 20 20 20 20 20 20 20 20 20 20 20 20 E5 5E   // прием: 39 байт; 10:14:09:692 02.02.2020
// таймаут: 65 мсек

Программа ?     
=_22            

CA E0 EB FE EC ED FB 20 

00 00 08 00 F6 00 45 DB   // передача: 8 байт; 10:14:10:254 02.02.2020
// приём по количеству байт: 9 из 9
// принято с порта: 9 байт

01 00 09 00 F6 00 00 37 F3   // прием: 9 байт; 10:14:10:285 02.02.2020
// таймаут: 31 мсек


CA E0 EB FE EC ED FB 20 

00 00 07 00 F7 D4 47   // передача: 7 байт; 10:14:10:285 02.02.2020
// приём по количеству байт: 39 из 39
// принято с порта: 39 байт

01 00 27 00 F7 CF F0 EE E3 F0 E0 EC EC E0 20 3F 20 20 20 20 20 3D 32 32 30 20 20 20 20 20 20 20 20 20 20 20 20 4F 31   // прием: 39 байт; 10:14:10:363 02.02.2020
// таймаут: 78 мсек

Программа ?     
=220            

CA E0 EB FE EC ED FB 20 

00 00 08 00 F6 0D 84 1E   // передача: 8 байт; 10:14:10:865 02.02.2020
// приём по количеству байт: 9 из 9
// принято с порта: 9 байт

01 00 09 00 F6 00 00 37 F3   // прием: 9 байт; 10:14:10:896 02.02.2020
// таймаут: 31 мсек


CA E0 EB FE EC ED FB 20 

00 00 07 00 F7 D4 47   // передача: 7 байт; 10:14:10:896 02.02.2020
// приём по количеству байт: 39 из 39
// принято с порта: 39 байт

01 00 27 00 F7 CF EE F0 F2 20 31 3A 20 43 52 43 32 34 37 20 34 30 33 20 44 38 34 37 20 30 37 20 30 30 20 20 20 5D E5   // прием: 39 байт; 10:14:10:958 02.02.2020
// таймаут: 62 мсек

Порт 1: CRC247 4
03 D847 07 00   

CA E0 EB FE EC ED FB 20 

00 00 08 00 F6 0C 45 DE   // передача: 8 байт; 10:14:12:366 02.02.2020
// приём по количеству байт: 9 из 9
// принято с порта: 9 байт

01 00 09 00 F6 00 00 37 F3   // прием: 9 байт; 10:14:12:397 02.02.2020
// таймаут: 31 мсек


CA E0 EB FE EC ED FB 20 

00 00 07 00 F7 D4 47   // передача: 7 байт; 10:14:12:397 02.02.2020
// приём по количеству байт: 39 из 39
// принято с порта: 39 байт

01 00 27 00 F7 CF F0 EE E3 F0 E0 EC EC E0 20 3F 20 20 20 20 20 3D 5F 5F 5F 20 20 20 20 20 20 20 20 20 20 20 20 1B 1E   // прием: 39 байт; 10:14:12:459 02.02.2020
// таймаут: 62 мсек

Программа ?     
=___            

CA E0 EB FE EC ED FB 20 

00 00 08 00 F6 01 84 1B   // передача: 8 байт; 10:14:12:943 02.02.2020
// приём по количеству байт: 9 из 9
// принято с порта: 9 байт

01 00 09 00 F6 00 00 37 F3   // прием: 9 байт; 10:14:12:974 02.02.2020
// таймаут: 31 мсек


CA E0 EB FE EC ED FB 20 

00 00 07 00 F7 D4 47   // передача: 7 байт; 10:14:12:974 02.02.2020
// приём по количеству байт: 39 из 39
// принято с порта: 39 байт

01 00 27 00 F7 CF F0 EE E3 F0 E0 EC EC E0 20 3F 20 20 20 20 20 3D 5F 5F 31 20 20 20 20 20 20 20 20 20 20 20 20 8C 30   // прием: 39 байт; 10:14:13:037 02.02.2020
// таймаут: 63 мсек

Программа ?     
=__1            

CA E0 EB FE EC ED FB 20 

00 00 08 00 F6 0D 84 1E   // передача: 8 байт; 10:14:13:477 02.02.2020
// приём по количеству байт: 9 из 9
// принято с порта: 9 байт

01 00 09 00 F6 00 00 37 F3   // прием: 9 байт; 10:14:13:508 02.02.2020
// таймаут: 31 мсек


CA E0 EB FE EC ED FB 20 

00 00 07 00 F7 D4 47   // передача: 7 байт; 10:14:13:508 02.02.2020
// приём по количеству байт: 39 из 39
// принято с порта: 39 байт

01 00 27 00 F7 C2 E5 E4 EE EC FB E9 2C 45 73 63 2B 43 52 43 20 2E 39 36 30 30 20 20 00 6E 20 20 20 20 20 20 31 C3 E4   // прием: 39 байт; 10:14:14:243 02.02.2020
// таймаут: 735 мсек

Ведомый,Esc+CRC 
.9600   n      1

CA E0 EB FE EC ED FB 20 

00 00 08 00 F6 0A C5 DC   // передача: 8 байт; 10:14:25:438 02.02.2020
// приём по таймауту: 1000 мс
// принято с порта: 1 байт

01   // прием: 1 байт; 10:14:26:469 02.02.2020
// таймаут: 1031 мсек



00 00 07 00 F7 D4 47   // передача: 7 байт; 10:14:31:399 02.02.2020
// приём по количеству байт: 39 из 39
// принято с порта: 39 байт

01 00 27 00 F7 C2 E5 E4 EE EC FB E9 2C 43 52 43 20 20 20 20 20 2E 39 36 30 30 20 20 00 6E 20 20 20 20 20 20 31 C7 0D   // прием: 39 байт; 10:14:31:441 02.02.2020
// таймаут: 42 мсек

Ведомый,CRC     
.9600   n      1


00 00 08 00 F6 0A C5 DC   // передача: 8 байт; 10:14:33:036 02.02.2020
// приём по таймауту: 1000 мс
// принято с порта: 1 байт

01   // прием: 1 байт; 10:14:34:068 02.02.2020
// таймаут: 1032 мсек




1A   // передача: 1 байт; 10:14:43:608 02.02.2020
// приём по количеству байт: 4 из 0
// принято с порта: 4 байт

4F 4B 0D 0A   // прием: 4 байт; 10:14:43:624 02.02.2020
// таймаут: 16 мсек

// приём по таймауту: 1000 мс
// принято с порта: 0 байт

CA E0 EB FE EC ED FB 20 

00 00 07 00 F7 D4 47   // передача: 7 байт; 10:14:46:623 02.02.2020
// приём по количеству байт: 39 из 39
// принято с порта: 39 байт

01 00 27 00 F7 C2 E5 E4 F3 F9 E8 E9 2C EF F0 FF EC EE E9 20 20 2E 39 36 30 30 20 20 00 6E 20 20 20 20 2B 20 31 5F D7   // прием: 39 байт; 10:14:46:688 02.02.2020
// таймаут: 65 мсек

Ведущий,прямой  
.9600   n    + 1

CA E0 EB FE EC ED FB 20 

00 00 08 00 F6 0A C5 DC   // передача: 8 байт; 10:14:48:722 02.02.2020
// приём по таймауту: 1000 мс
// принято с порта: 1 байт

01   // прием: 1 байт; 10:14:49:738 02.02.2020
// таймаут: 1016 мсек




1A   // передача: 1 байт; 10:14:50:271 02.02.2020

CA E0 EB FE EC ED FB 20 

00 00 07 00 F7 D4 47   // передача: 7 байт; 10:14:52:335 02.02.2020
// приём по количеству байт: 39 из 39
// принято с порта: 39 байт

01 00 27 00 F7 C2 E5 E4 F3 F9 E8 E9 2C EC EE E4 E5 EC ED FB E9 2E 39 36 30 30 20 20 00 6E 20 20 20 20 2B 20 31 8C 4C   // прием: 39 байт; 10:14:52:397 02.02.2020
// таймаут: 62 мсек

Ведущий,модемный
.9600   n    + 1

CA E0 EB FE EC ED FB 20 

00 00 08 00 F6 0A C5 DC   // передача: 8 байт; 10:14:56:821 02.02.2020

CA E0 EB FE EC ED FB 20 

00 00 07 00 F7 D4 47   // передача: 7 байт; 10:14:57:494 02.02.2020
// приём по таймауту: 1000 мс
// принято с порта: 1 байт

01   // прием: 1 байт; 10:14:58:512 02.02.2020
// таймаут: 1018 мсек




1A   // передача: 1 байт; 10:14:59:138 02.02.2020


00 00 07 00 F7 D4 47   // передача: 7 байт; 10:15:03:997 02.02.2020


55 00 00 11 FF F0 00 00 07 00 F7 D4 47 21 B3 8C 7D   // передача: 17 байт; 10:15:03:997 02.02.2020
// приём по количеству байт: 39 из 39
// принято с порта: 39 байт

01 00 27 00 F7 C2 E5 E4 EE EC FB E9 2C D3 CF C8 CE 20 20 20 20 2E 39 36 30 30 20 20 00 6E 20 20 20 20 20 20 31 3B 4E   // прием: 39 байт; 10:15:04:060 02.02.2020
// таймаут: 63 мсек

Ведомый,УПИО    
.9600   n      1


00 00 07 00 F7 D4 47   // передача: 7 байт; 10:15:11:066 02.02.2020


55 00 00 11 FF F0 00 00 07 00 F7 D4 47 21 B3 8C 7D   // передача: 17 байт; 10:15:11:066 02.02.2020
// приём по количеству байт: 39 из 39
// принято с порта: 39 байт

01 00 27 00 F7 C2 E5 E4 EE EC FB E9 2C D3 CF C8 CE 20 20 20 20 2E 39 36 30 30 20 20 00 6E 20 20 20 20 20 20 31 3B 4E   // прием: 39 байт; 10:15:11:144 02.02.2020
// таймаут: 78 мсек

Ведомый,УПИО    
.9600   n      1


00 00 08 00 F6 0A C5 DC   // передача: 8 байт; 10:15:12:991 02.02.2020


55 00 00 12 FF F0 00 00 08 00 F6 0A C5 DC 21 B3 05 B9   // передача: 18 байт; 10:15:12:991 02.02.2020
// приём по таймауту: 1000 мс
// принято с порта: 1 байт

01   // прием: 1 байт; 10:15:14:037 02.02.2020
// таймаут: 1046 мсек


CA E0 EB FE EC ED FB 20 

00 00 07 00 F7 D4 47   // передача: 7 байт; 10:15:17:071 02.02.2020
// приём по количеству байт: 39 из 39
// принято с порта: 39 байт

01 00 27 00 F7 C2 E5 E4 EE EC FB E9 2C 45 73 63 2B 43 52 43 20 2E 39 36 30 30 20 20 00 6E 20 20 20 20 20 20 31 C3 E4   // прием: 39 байт; 10:15:17:133 02.02.2020
// таймаут: 62 мсек

Ведомый,Esc+CRC 
.9600   n      1

CA E0 EB FE EC ED FB 20 

00 00 08 00 F6 00 45 DB   // передача: 8 байт; 10:15:25:608 02.02.2020
// приём по таймауту: 1000 мс
// принято с порта: 8 байт

01 00 08 00 F6 03 04 0B   // прием: 8 байт; 10:15:26:649 02.02.2020
// таймаут: 1041 мсек


CA E0 EB FE EC ED FB 20 

00 00 08 00 F6 0C 45 DE   // передача: 8 байт; 10:15:29:458 02.02.2020
// приём по количеству байт: 9 из 9
// принято с порта: 9 байт

01 00 09 00 F6 00 00 37 F3   // прием: 9 байт; 10:15:29:505 02.02.2020
// таймаут: 47 мсек


CA E0 EB FE EC ED FB 20 

00 00 07 00 F7 D4 47   // передача: 7 байт; 10:15:29:505 02.02.2020
// приём по количеству байт: 39 из 39
// принято с порта: 39 байт

01 00 27 00 F7 CF F0 EE E3 F0 E0 EC EC E0 20 3F 20 20 20 20 20 3D 5F 5F 5F 20 20 20 20 20 20 20 20 20 20 20 20 1B 1E   // прием: 39 байт; 10:15:29:567 02.02.2020
// таймаут: 62 мсек

Программа ?     
=___            

CA E0 EB FE EC ED FB 20 

00 00 08 00 F6 01 84 1B   // передача: 8 байт; 10:15:31:833 02.02.2020
// приём по количеству байт: 9 из 9
// принято с порта: 9 байт

01 00 09 00 F6 00 00 37 F3   // прием: 9 байт; 10:15:31:864 02.02.2020
// таймаут: 31 мсек


CA E0 EB FE EC ED FB 20 

00 00 07 00 F7 D4 47   // передача: 7 байт; 10:15:31:864 02.02.2020
// приём по количеству байт: 39 из 39
// принято с порта: 39 байт

01 00 27 00 F7 CF F0 EE E3 F0 E0 EC EC E0 20 3F 20 20 20 20 20 3D 5F 5F 31 20 20 20 20 20 20 20 20 20 20 20 20 8C 30   // прием: 39 байт; 10:15:31:927 02.02.2020
// таймаут: 63 мсек

Программа ?     
=__1            

CA E0 EB FE EC ED FB 20 

00 00 08 00 F6 0D 84 1E   // передача: 8 байт; 10:15:32:348 02.02.2020
// приём по количеству байт: 9 из 9
// принято с порта: 9 байт

01 00 09 00 F6 00 00 37 F3   // прием: 9 байт; 10:15:32:379 02.02.2020
// таймаут: 31 мсек


CA E0 EB FE EC ED FB 20 

00 00 07 00 F7 D4 47   // передача: 7 байт; 10:15:32:379 02.02.2020
// приём по количеству байт: 39 из 39
// принято с порта: 39 байт

01 00 27 00 F7 C2 E5 E4 EE EC FB E9 2C 45 73 63 2B 43 52 43 20 2E 39 36 30 30 20 20 00 6E 20 20 20 20 20 20 31 C3 E4   // прием: 39 байт; 10:15:33:116 02.02.2020
// таймаут: 737 мсек

Ведомый,Esc+CRC 
.9600   n      1

CA E0 EB FE EC ED FB 20 

00 00 08 00 F6 0D 84 1E   // передача: 8 байт; 10:15:34:305 02.02.2020
// приём по количеству байт: 9 из 9
// принято с порта: 9 байт

01 00 09 00 F6 00 00 37 F3   // прием: 9 байт; 10:15:34:336 02.02.2020
// таймаут: 31 мсек


CA E0 EB FE EC ED FB 20 

00 00 07 00 F7 D4 47   // передача: 7 байт; 10:15:34:336 02.02.2020
// приём по количеству байт: 39 из 39
// принято с порта: 39 байт

01 00 27 00 F7 C2 E5 E4 EE EC FB E9 2C 45 73 63 2B 43 52 43 20 2E 39 36 30 30 20 20 00 6E 20 20 20 20 20 20 32 83 E5   // прием: 39 байт; 10:15:34:398 02.02.2020
// таймаут: 62 мсек

Ведомый,Esc+CRC 
.9600   n      2

CA E0 EB FE EC ED FB 20 

00 00 08 00 F6 00 45 DB   // передача: 8 байт; 10:15:35:695 02.02.2020
// приём по количеству байт: 9 из 9
// принято с порта: 9 байт

01 00 09 00 F6 00 00 37 F3   // прием: 9 байт; 10:15:35:726 02.02.2020
// таймаут: 31 мсек


CA E0 EB FE EC ED FB 20 

00 00 07 00 F7 D4 47   // передача: 7 байт; 10:15:35:726 02.02.2020
// приём по количеству байт: 39 из 39
// принято с порта: 39 байт

01 00 27 00 F7 C2 E5 E4 EE EC FB E9 2C 45 73 63 2B 43 52 43 20 2E 39 36 30 30 20 20 00 65 20 20 20 20 20 20 32 C2 56   // прием: 39 байт; 10:15:35:789 02.02.2020
// таймаут: 63 мсек

Ведомый,Esc+CRC 
.9600   e      2

CA E0 EB FE EC ED FB 20 

00 00 08 00 F6 00 45 DB   // передача: 8 байт; 10:15:36:306 02.02.2020
// приём по количеству байт: 9 из 9
// принято с порта: 9 байт

01 00 09 00 F6 00 00 37 F3   // прием: 9 байт; 10:15:36:337 02.02.2020
// таймаут: 31 мсек


CA E0 EB FE EC ED FB 20 

00 00 07 00 F7 D4 47   // передача: 7 байт; 10:15:36:337 02.02.2020
// приём по количеству байт: 39 из 39
// принято с порта: 39 байт

01 00 27 00 F7 C2 E5 E4 EE EC FB E9 2C 45 73 63 2B 43 52 43 20 2E 39 36 30 30 20 20 00 6F 20 20 20 20 20 20 32 42 29   // прием: 39 байт; 10:15:36:400 02.02.2020
// таймаут: 63 мсек

Ведомый,Esc+CRC 
.9600   o      2

CA E0 EB FE EC ED FB 20 

00 00 08 00 F6 00 45 DB   // передача: 8 байт; 10:15:36:571 02.02.2020
// приём по количеству байт: 9 из 9
// принято с порта: 9 байт

01 00 09 00 F6 00 00 37 F3   // прием: 9 байт; 10:15:36:618 02.02.2020
// таймаут: 47 мсек


CA E0 EB FE EC ED FB 20 

00 00 07 00 F7 D4 47   // передача: 7 байт; 10:15:36:618 02.02.2020
// приём по количеству байт: 39 из 39
// принято с порта: 39 байт

01 00 27 00 F7 C2 E5 E4 EE EC FB E9 2C 45 73 63 2B 43 52 43 20 2E 39 36 30 30 20 20 00 6D 20 20 20 20 20 20 32 C3 F0   // прием: 39 байт; 10:15:36:681 02.02.2020
// таймаут: 63 мсек

Ведомый,Esc+CRC 
.9600   m      2

CA E0 EB FE EC ED FB 20 

00 00 08 00 F6 00 45 DB   // передача: 8 байт; 10:15:36:783 02.02.2020
// приём по количеству байт: 9 из 9
// принято с порта: 9 байт

01 00 09 00 F6 00 00 37 F3   // прием: 9 байт; 10:15:36:806 02.02.2020
// таймаут: 23 мсек


CA E0 EB FE EC ED FB 20 

00 00 07 00 F7 D4 47   // передача: 7 байт; 10:15:36:806 02.02.2020
// приём по количеству байт: 39 из 39
// принято с порта: 39 байт

01 00 27 00 F7 C2 E5 E4 EE EC FB E9 2C 45 73 63 2B 43 52 43 20 2E 39 36 30 30 20 20 00 73 20 20 20 20 20 20 32 43 70   // прием: 39 байт; 10:15:36:884 02.02.2020
// таймаут: 78 мсек

Ведомый,Esc+CRC 
.9600   s      2

CA E0 EB FE EC ED FB 20 

00 00 08 00 F6 00 45 DB   // передача: 8 байт; 10:15:36:977 02.02.2020
// приём по количеству байт: 9 из 9
// принято с порта: 9 байт

01 00 09 00 F6 00 00 37 F3   // прием: 9 байт; 10:15:37:009 02.02.2020
// таймаут: 32 мсек


CA E0 EB FE EC ED FB 20 

00 00 07 00 F7 D4 47   // передача: 7 байт; 10:15:37:009 02.02.2020
// приём по количеству байт: 39 из 39
// принято с порта: 39 байт

01 00 27 00 F7 C2 E5 E4 EE EC FB E9 2C 45 73 63 2B 43 52 43 20 2E 39 36 30 30 20 20 00 6E 20 20 20 20 20 20 32 83 E5   // прием: 39 байт; 10:15:37:071 02.02.2020
// таймаут: 62 мсек

Ведомый,Esc+CRC 
.9600   n      2

CA E0 EB FE EC ED FB 20 

00 00 08 00 F6 00 45 DB   // передача: 8 байт; 10:15:37:165 02.02.2020
// приём по количеству байт: 9 из 9
// принято с порта: 9 байт

01 00 09 00 F6 00 00 37 F3   // прием: 9 байт; 10:15:37:196 02.02.2020
// таймаут: 31 мсек


CA E0 EB FE EC ED FB 20 

00 00 07 00 F7 D4 47   // передача: 7 байт; 10:15:37:196 02.02.2020
// приём по количеству байт: 39 из 39
// принято с порта: 39 байт

01 00 27 00 F7 C2 E5 E4 EE EC FB E9 2C 45 73 63 2B 43 52 43 20 2E 39 36 30 30 20 20 00 65 20 20 20 20 20 20 32 C2 56   // прием: 39 байт; 10:15:37:276 02.02.2020
// таймаут: 80 мсек

Ведомый,Esc+CRC 
.9600   e      2

CA E0 EB FE EC ED FB 20 

00 00 08 00 F6 00 45 DB   // передача: 8 байт; 10:15:37:369 02.02.2020
// приём по количеству байт: 9 из 9
// принято с порта: 9 байт

01 00 09 00 F6 00 00 37 F3   // прием: 9 байт; 10:15:37:416 02.02.2020
// таймаут: 47 мсек


CA E0 EB FE EC ED FB 20 

00 00 07 00 F7 D4 47   // передача: 7 байт; 10:15:37:416 02.02.2020
// приём по количеству байт: 39 из 39
// принято с порта: 39 байт

01 00 27 00 F7 C2 E5 E4 EE EC FB E9 2C 45 73 63 2B 43 52 43 20 2E 39 36 30 30 20 20 00 6F 20 20 20 20 20 20 32 42 29   // прием: 39 байт; 10:15:37:478 02.02.2020
// таймаут: 62 мсек

Ведомый,Esc+CRC 
.9600   o      2

CA E0 EB FE EC ED FB 20 

00 00 08 00 F6 00 45 DB   // передача: 8 байт; 10:15:37:587 02.02.2020
// приём по количеству байт: 9 из 9
// принято с порта: 9 байт

01 00 09 00 F6 00 00 37 F3   // прием: 9 байт; 10:15:37:618 02.02.2020
// таймаут: 31 мсек


CA E0 EB FE EC ED FB 20 

00 00 07 00 F7 D4 47   // передача: 7 байт; 10:15:37:618 02.02.2020
// приём по количеству байт: 39 из 39
// принято с порта: 39 байт

01 00 27 00 F7 C2 E5 E4 EE EC FB E9 2C 45 73 63 2B 43 52 43 20 2E 39 36 30 30 20 20 00 6D 20 20 20 20 20 20 32 C3 F0   // прием: 39 байт; 10:15:37:681 02.02.2020
// таймаут: 63 мсек

Ведомый,Esc+CRC 
.9600   m      2

CA E0 EB FE EC ED FB 20 

00 00 08 00 F6 0B 04 1C   // передача: 8 байт; 10:15:38:243 02.02.2020
// приём по количеству байт: 9 из 9
// принято с порта: 9 байт

01 00 09 00 F6 00 00 37 F3   // прием: 9 байт; 10:15:38:290 02.02.2020
// таймаут: 47 мсек


CA E0 EB FE EC ED FB 20 

00 00 07 00 F7 D4 47   // передача: 7 байт; 10:15:38:291 02.02.2020
// приём по количеству байт: 39 из 39
// принято с порта: 39 байт

01 00 27 00 F7 C2 E5 E4 EE EC FB E9 2C 45 73 63 2B 43 52 43 20 2E 31 39 32 30 30 20 00 6D 20 20 20 20 20 20 32 97 7B   // прием: 39 байт; 10:15:38:354 02.02.2020
// таймаут: 63 мсек

Ведомый,Esc+CRC 
.19200  m      2

CA E0 EB FE EC ED FB 20 

00 00 08 00 F6 0B 04 1C   // передача: 8 байт; 10:15:38:901 02.02.2020
// приём по количеству байт: 9 из 9
// принято с порта: 9 байт

01 00 09 00 F6 00 00 37 F3   // прием: 9 байт; 10:15:38:932 02.02.2020
// таймаут: 31 мсек


CA E0 EB FE EC ED FB 20 

00 00 07 00 F7 D4 47   // передача: 7 байт; 10:15:38:932 02.02.2020
// приём по количеству байт: 39 из 39
// принято с порта: 39 байт

01 00 27 00 F7 C2 E5 E4 EE EC FB E9 2C 45 73 63 2B 43 52 43 20 2E 33 38 34 30 30 20 00 6D 20 20 20 20 20 20 32 1C 7D   // прием: 39 байт; 10:15:39:010 02.02.2020
// таймаут: 78 мсек

Ведомый,Esc+CRC 
.38400  m      2

CA E0 EB FE EC ED FB 20 

00 00 08 00 F6 0B 04 1C   // передача: 8 байт; 10:15:39:135 02.02.2020
// приём по количеству байт: 9 из 9
// принято с порта: 9 байт

01 00 09 00 F6 00 00 37 F3   // прием: 9 байт; 10:15:39:166 02.02.2020
// таймаут: 31 мсек


CA E0 EB FE EC ED FB 20 

00 00 07 00 F7 D4 47   // передача: 7 байт; 10:15:39:166 02.02.2020
// приём по количеству байт: 39 из 39
// принято с порта: 39 байт

01 00 27 00 F7 C2 E5 E4 EE EC FB E9 2C 45 73 63 2B 43 52 43 20 2E 35 37 36 30 30 20 00 6D 20 20 20 20 20 20 32 92 32   // прием: 39 байт; 10:15:39:228 02.02.2020
// таймаут: 62 мсек

Ведомый,Esc+CRC 
.57600  m      2

CA E0 EB FE EC ED FB 20 

00 00 08 00 F6 0B 04 1C   // передача: 8 байт; 10:15:39:323 02.02.2020
// приём по количеству байт: 9 из 9
// принято с порта: 9 байт

01 00 09 00 F6 00 00 37 F3   // прием: 9 байт; 10:15:39:355 02.02.2020
// таймаут: 32 мсек


CA E0 EB FE EC ED FB 20 

00 00 07 00 F7 D4 47   // передача: 7 байт; 10:15:39:370 02.02.2020
// приём по количеству байт: 39 из 39
// принято с порта: 39 байт

01 00 27 00 F7 C2 E5 E4 EE EC FB E9 2C 45 73 63 2B 43 52 43 20 2E 31 31 35 32 30 30 00 6D 20 20 20 20 20 20 32 6D A6   // прием: 39 байт; 10:15:39:434 02.02.2020
// таймаут: 64 мсек

Ведомый,Esc+CRC 
.115200 m      2

CA E0 EB FE EC ED FB 20 

00 00 08 00 F6 0B 04 1C   // передача: 8 байт; 10:15:39:527 02.02.2020
// приём по количеству байт: 9 из 9
// принято с порта: 9 байт

01 00 09 00 F6 00 00 37 F3   // прием: 9 байт; 10:15:39:558 02.02.2020
// таймаут: 31 мсек


CA E0 EB FE EC ED FB 20 

00 00 07 00 F7 D4 47   // передача: 7 байт; 10:15:39:558 02.02.2020
// приём по количеству байт: 39 из 39
// принято с порта: 39 байт

01 00 27 00 F7 C2 E5 E4 EE EC FB E9 2C 45 73 63 2B 43 52 43 20 2E 32 33 30 34 30 30 00 6D 20 20 20 20 20 20 32 29 68   // прием: 39 байт; 10:15:39:621 02.02.2020
// таймаут: 63 мсек

Ведомый,Esc+CRC 
.230400 m      2

CA E0 EB FE EC ED FB 20 

00 00 08 00 F6 0B 04 1C   // передача: 8 байт; 10:15:39:714 02.02.2020
// приём по количеству байт: 9 из 9
// принято с порта: 9 байт

01 00 09 00 F6 00 00 37 F3   // прием: 9 байт; 10:15:39:761 02.02.2020
// таймаут: 47 мсек


CA E0 EB FE EC ED FB 20 

00 00 07 00 F7 D4 47   // передача: 7 байт; 10:15:39:761 02.02.2020
// приём по количеству байт: 39 из 39
// принято с порта: 39 байт

01 00 27 00 F7 C2 E5 E4 EE EC FB E9 2C 45 73 63 2B 43 52 43 20 2E 31 32 30 30 20 20 00 6D 20 20 20 20 20 20 32 CE 32   // прием: 39 байт; 10:15:39:824 02.02.2020
// таймаут: 63 мсек

Ведомый,Esc+CRC 
.1200   m      2

CA E0 EB FE EC ED FB 20 

00 00 08 00 F6 0B 04 1C   // передача: 8 байт; 10:15:39:918 02.02.2020
// приём по количеству байт: 9 из 9
// принято с порта: 9 байт

01 00 09 00 F6 00 00 37 F3   // прием: 9 байт; 10:15:39:949 02.02.2020
// таймаут: 31 мсек


CA E0 EB FE EC ED FB 20 

00 00 07 00 F7 D4 47   // передача: 7 байт; 10:15:39:949 02.02.2020
// приём по количеству байт: 39 из 39
// принято с порта: 39 байт

01 00 27 00 F7 C2 E5 E4 EE EC FB E9 2C 45 73 63 2B 43 52 43 20 2E 32 34 30 30 20 20 00 6D 20 20 20 20 20 20 32 8B 35   // прием: 39 байт; 10:15:40:011 02.02.2020
// таймаут: 62 мсек

Ведомый,Esc+CRC 
.2400   m      2

CA E0 EB FE EC ED FB 20 

00 00 08 00 F6 0B 04 1C   // передача: 8 байт; 10:15:40:105 02.02.2020
// приём по количеству байт: 9 из 9
// принято с порта: 9 байт

01 00 09 00 F6 00 00 37 F3   // прием: 9 байт; 10:15:40:136 02.02.2020
// таймаут: 31 мсек


CA E0 EB FE EC ED FB 20 

00 00 07 00 F7 D4 47   // передача: 7 байт; 10:15:40:136 02.02.2020
// приём по количеству байт: 39 из 39
// принято с порта: 39 байт

01 00 27 00 F7 C2 E5 E4 EE EC FB E9 2C 45 73 63 2B 43 52 43 20 2E 34 38 30 30 20 20 00 6D 20 20 20 20 20 20 32 01 3B   // прием: 39 байт; 10:15:40:198 02.02.2020
// таймаут: 62 мсек

Ведомый,Esc+CRC 
.4800   m      2

CA E0 EB FE EC ED FB 20 

00 00 08 00 F6 0B 04 1C   // передача: 8 байт; 10:15:40:276 02.02.2020
// приём по количеству байт: 9 из 9
// принято с порта: 9 байт

01 00 09 00 F6 00 00 37 F3   // прием: 9 байт; 10:15:40:308 02.02.2020
// таймаут: 32 мсек


CA E0 EB FE EC ED FB 20 

00 00 07 00 F7 D4 47   // передача: 7 байт; 10:15:40:323 02.02.2020
// приём по количеству байт: 39 из 39
// принято с порта: 39 байт

01 00 27 00 F7 C2 E5 E4 EE EC FB E9 2C 45 73 63 2B 43 52 43 20 2E 39 36 30 30 20 20 00 6D 20 20 20 20 20 20 32 C3 F0   // прием: 39 байт; 10:15:40:387 02.02.2020
// таймаут: 64 мсек

Ведомый,Esc+CRC 
.9600   m      2

CA E0 EB FE EC ED FB 20 

00 00 08 00 F6 00 45 DB   // передача: 8 байт; 10:15:40:715 02.02.2020
// приём по количеству байт: 9 из 9
// принято с порта: 9 байт

01 00 09 00 F6 00 00 37 F3   // прием: 9 байт; 10:15:40:761 02.02.2020
// таймаут: 46 мсек


CA E0 EB FE EC ED FB 20 

00 00 07 00 F7 D4 47   // передача: 7 байт; 10:15:40:761 02.02.2020
// приём по количеству байт: 39 из 39
// принято с порта: 39 байт

01 00 27 00 F7 C2 E5 E4 EE EC FB E9 2C 45 73 63 2B 43 52 43 20 2E 39 36 30 30 20 20 00 73 20 20 20 20 20 20 32 43 70   // прием: 39 байт; 10:15:40:828 02.02.2020
// таймаут: 67 мсек

Ведомый,Esc+CRC 
.9600   s      2

CA E0 EB FE EC ED FB 20 

00 00 08 00 F6 00 45 DB   // передача: 8 байт; 10:15:40:934 02.02.2020
// приём по количеству байт: 9 из 9
// принято с порта: 9 байт

01 00 09 00 F6 00 00 37 F3   // прием: 9 байт; 10:15:40:966 02.02.2020
// таймаут: 32 мсек


CA E0 EB FE EC ED FB 20 

00 00 07 00 F7 D4 47   // передача: 7 байт; 10:15:40:966 02.02.2020
// приём по количеству байт: 39 из 39
// принято с порта: 39 байт

01 00 27 00 F7 C2 E5 E4 EE EC FB E9 2C 45 73 63 2B 43 52 43 20 2E 39 36 30 30 20 20 00 6E 20 20 20 20 20 20 32 83 E5   // прием: 39 байт; 10:15:41:028 02.02.2020
// таймаут: 62 мсек

Ведомый,Esc+CRC 
.9600   n      2

CA E0 EB FE EC ED FB 20 

00 00 08 00 F6 00 45 DB   // передача: 8 байт; 10:15:41:153 02.02.2020
// приём по количеству байт: 9 из 9
// принято с порта: 9 байт

01 00 09 00 F6 00 00 37 F3   // прием: 9 байт; 10:15:41:200 02.02.2020
// таймаут: 47 мсек


CA E0 EB FE EC ED FB 20 

00 00 07 00 F7 D4 47   // передача: 7 байт; 10:15:41:200 02.02.2020
// приём по количеству байт: 39 из 39
// принято с порта: 39 байт

01 00 27 00 F7 C2 E5 E4 EE EC FB E9 2C 45 73 63 2B 43 52 43 20 2E 39 36 30 30 20 20 00 65 20 20 20 20 20 20 32 C2 56   // прием: 39 байт; 10:15:41:262 02.02.2020
// таймаут: 62 мсек

Ведомый,Esc+CRC 
.9600   e      2

CA E0 EB FE EC ED FB 20 

00 00 08 00 F6 0B 04 1C   // передача: 8 байт; 10:15:41:574 02.02.2020
// приём по количеству байт: 9 из 9
// принято с порта: 9 байт

01 00 09 00 F6 00 00 37 F3   // прием: 9 байт; 10:15:41:606 02.02.2020
// таймаут: 32 мсек


CA E0 EB FE EC ED FB 20 

00 00 07 00 F7 D4 47   // передача: 7 байт; 10:15:41:606 02.02.2020
// приём по количеству байт: 39 из 39
// принято с порта: 39 байт

01 00 27 00 F7 C2 E5 E4 EE EC FB E9 2C 45 73 63 2B 43 52 43 20 2E 31 39 32 30 30 20 00 65 20 20 20 20 20 20 32 96 DD   // прием: 39 байт; 10:15:41:684 02.02.2020
// таймаут: 78 мсек

Ведомый,Esc+CRC 
.19200  e      2

CA E0 EB FE EC ED FB 20 

00 00 08 00 F6 0B 04 1C   // передача: 8 байт; 10:15:41:793 02.02.2020
// приём по количеству байт: 9 из 9
// принято с порта: 9 байт

01 00 09 00 F6 00 00 37 F3   // прием: 9 байт; 10:15:41:824 02.02.2020
// таймаут: 31 мсек


CA E0 EB FE EC ED FB 20 

00 00 07 00 F7 D4 47   // передача: 7 байт; 10:15:41:824 02.02.2020
// приём по количеству байт: 39 из 39
// принято с порта: 39 байт

01 00 27 00 F7 C2 E5 E4 EE EC FB E9 2C 45 73 63 2B 43 52 43 20 2E 33 38 34 30 30 20 00 65 20 20 20 20 20 20 32 1D DB   // прием: 39 байт; 10:15:41:888 02.02.2020
// таймаут: 64 мсек

Ведомый,Esc+CRC 
.38400  e      2

CA E0 EB FE EC ED FB 20 

00 00 08 00 F6 0B 04 1C   // передача: 8 байт; 10:15:41:981 02.02.2020
// приём по количеству байт: 9 из 9
// принято с порта: 9 байт

01 00 09 00 F6 00 00 37 F3   // прием: 9 байт; 10:15:42:013 02.02.2020
// таймаут: 32 мсек


CA E0 EB FE EC ED FB 20 

00 00 07 00 F7 D4 47   // передача: 7 байт; 10:15:42:013 02.02.2020
// приём по количеству байт: 39 из 39
// принято с порта: 39 байт

01 00 27 00 F7 C2 E5 E4 EE EC FB E9 2C 45 73 63 2B 43 52 43 20 2E 35 37 36 30 30 20 00 65 20 20 20 20 20 20 32 93 94   // прием: 39 байт; 10:15:42:075 02.02.2020
// таймаут: 62 мсек

Ведомый,Esc+CRC 
.57600  e      2

CA E0 EB FE EC ED FB 20 

00 00 08 00 F6 00 45 DB   // передача: 8 байт; 10:15:42:372 02.02.2020
// приём по количеству байт: 9 из 9
// принято с порта: 9 байт

01 00 09 00 F6 00 00 37 F3   // прием: 9 байт; 10:15:42:403 02.02.2020
// таймаут: 31 мсек


CA E0 EB FE EC ED FB 20 

00 00 07 00 F7 D4 47   // передача: 7 байт; 10:15:42:419 02.02.2020
// приём по количеству байт: 39 из 39
// принято с порта: 39 байт

01 00 27 00 F7 C2 E5 E4 EE EC FB E9 2C 45 73 63 2B 43 52 43 20 2E 35 37 36 30 30 20 00 6F 20 20 20 20 20 20 32 13 EB   // прием: 39 байт; 10:15:42:481 02.02.2020
// таймаут: 62 мсек

Ведомый,Esc+CRC 
.57600  o      2

CA E0 EB FE EC ED FB 20 

00 00 08 00 F6 00 45 DB   // передача: 8 байт; 10:15:42:575 02.02.2020
// приём по количеству байт: 9 из 9
// принято с порта: 9 байт

01 00 09 00 F6 00 00 37 F3   // прием: 9 байт; 10:15:42:606 02.02.2020
// таймаут: 31 мсек


CA E0 EB FE EC ED FB 20 

00 00 07 00 F7 D4 47   // передача: 7 байт; 10:15:42:606 02.02.2020
// приём по количеству байт: 39 из 39
// принято с порта: 39 байт

01 00 27 00 F7 C2 E5 E4 EE EC FB E9 2C 45 73 63 2B 43 52 43 20 2E 35 37 36 30 30 20 00 6D 20 20 20 20 20 20 32 92 32   // прием: 39 байт; 10:15:42:684 02.02.2020
// таймаут: 78 мсек

Ведомый,Esc+CRC 
.57600  m      2

CA E0 EB FE EC ED FB 20 

00 00 08 00 F6 0B 04 1C   // передача: 8 байт; 10:15:42:998 02.02.2020
// приём по количеству байт: 9 из 9
// принято с порта: 9 байт

01 00 09 00 F6 00 00 37 F3   // прием: 9 байт; 10:15:43:029 02.02.2020
// таймаут: 31 мсек


CA E0 EB FE EC ED FB 20 

00 00 07 00 F7 D4 47   // передача: 7 байт; 10:15:43:029 02.02.2020
// приём по количеству байт: 39 из 39
// принято с порта: 39 байт

01 00 27 00 F7 C2 E5 E4 EE EC FB E9 2C 45 73 63 2B 43 52 43 20 2E 31 31 35 32 30 30 00 6D 20 20 20 20 20 20 32 6D A6   // прием: 39 байт; 10:15:43:092 02.02.2020
// таймаут: 63 мсек

Ведомый,Esc+CRC 
.115200 m      2

CA E0 EB FE EC ED FB 20 

00 00 08 00 F6 0B 04 1C   // передача: 8 байт; 10:15:43:201 02.02.2020
// приём по количеству байт: 9 из 9
// принято с порта: 9 байт

01 00 09 00 F6 00 00 37 F3   // прием: 9 байт; 10:15:43:248 02.02.2020
// таймаут: 47 мсек


CA E0 EB FE EC ED FB 20 

00 00 07 00 F7 D4 47   // передача: 7 байт; 10:15:43:248 02.02.2020
// приём по количеству байт: 39 из 39
// принято с порта: 39 байт

01 00 27 00 F7 C2 E5 E4 EE EC FB E9 2C 45 73 63 2B 43 52 43 20 2E 32 33 30 34 30 30 00 6D 20 20 20 20 20 20 32 29 68   // прием: 39 байт; 10:15:43:310 02.02.2020
// таймаут: 62 мсек

Ведомый,Esc+CRC 
.230400 m      2

CA E0 EB FE EC ED FB 20 

00 00 08 00 F6 00 45 DB   // передача: 8 байт; 10:15:43:596 02.02.2020
// приём по количеству байт: 9 из 9
// принято с порта: 9 байт

01 00 09 00 F6 00 00 37 F3   // прием: 9 байт; 10:15:43:628 02.02.2020
// таймаут: 32 мсек


CA E0 EB FE EC ED FB 20 

00 00 07 00 F7 D4 47   // передача: 7 байт; 10:15:43:643 02.02.2020
// приём по количеству байт: 39 из 39
// принято с порта: 39 байт

01 00 27 00 F7 C2 E5 E4 EE EC FB E9 2C 45 73 63 2B 43 52 43 20 2E 32 33 30 34 30 30 00 73 20 20 20 20 20 20 32 A9 E8   // прием: 39 байт; 10:15:43:706 02.02.2020
// таймаут: 63 мсек

Ведомый,Esc+CRC 
.230400 s      2

CA E0 EB FE EC ED FB 20 

00 00 08 00 F6 00 45 DB   // передача: 8 байт; 10:15:43:846 02.02.2020
// приём по количеству байт: 9 из 9
// принято с порта: 9 байт

01 00 09 00 F6 00 00 37 F3   // прием: 9 байт; 10:15:43:882 02.02.2020
// таймаут: 36 мсек


CA E0 EB FE EC ED FB 20 

00 00 07 00 F7 D4 47   // передача: 7 байт; 10:15:43:883 02.02.2020
// приём по количеству байт: 39 из 39
// принято с порта: 39 байт

01 00 27 00 F7 C2 E5 E4 EE EC FB E9 2C 45 73 63 2B 43 52 43 20 2E 32 33 30 34 30 30 00 6E 20 20 20 20 20 20 32 69 7D   // прием: 39 байт; 10:15:43:937 02.02.2020
// таймаут: 54 мсек

Ведомый,Esc+CRC 
.230400 n      2

CA E0 EB FE EC ED FB 20 

00 00 08 00 F6 0B 04 1C   // передача: 8 байт; 10:15:44:359 02.02.2020
// приём по количеству байт: 9 из 9
// принято с порта: 9 байт

01 00 09 00 F6 00 00 37 F3   // прием: 9 байт; 10:15:44:390 02.02.2020
// таймаут: 31 мсек


CA E0 EB FE EC ED FB 20 

00 00 07 00 F7 D4 47   // передача: 7 байт; 10:15:44:390 02.02.2020
// приём по количеству байт: 39 из 39
// принято с порта: 39 байт

01 00 27 00 F7 C2 E5 E4 EE EC FB E9 2C 45 73 63 2B 43 52 43 20 2E 31 32 30 30 20 20 00 6E 20 20 20 20 20 20 32 8E 27   // прием: 39 байт; 10:15:44:468 02.02.2020
// таймаут: 78 мсек

Ведомый,Esc+CRC 
.1200   n      2

CA E0 EB FE EC ED FB 20 

00 00 08 00 F6 0B 04 1C   // передача: 8 байт; 10:15:44:577 02.02.2020
// приём по количеству байт: 9 из 9
// принято с порта: 9 байт

01 00 09 00 F6 00 00 37 F3   // прием: 9 байт; 10:15:44:609 02.02.2020
// таймаут: 32 мсек


CA E0 EB FE EC ED FB 20 

00 00 07 00 F7 D4 47   // передача: 7 байт; 10:15:44:609 02.02.2020
// приём по количеству байт: 39 из 39
// принято с порта: 39 байт

01 00 27 00 F7 C2 E5 E4 EE EC FB E9 2C 45 73 63 2B 43 52 43 20 2E 32 34 30 30 20 20 00 6E 20 20 20 20 20 20 32 CB 20   // прием: 39 байт; 10:15:44:671 02.02.2020
// таймаут: 62 мсек

Ведомый,Esc+CRC 
.2400   n      2

CA E0 EB FE EC ED FB 20 

00 00 08 00 F6 00 45 DB   // передача: 8 байт; 10:15:44:922 02.02.2020
// приём по количеству байт: 9 из 9
// принято с порта: 9 байт

01 00 09 00 F6 00 00 37 F3   // прием: 9 байт; 10:15:44:969 02.02.2020
// таймаут: 47 мсек


CA E0 EB FE EC ED FB 20 

00 00 07 00 F7 D4 47   // передача: 7 байт; 10:15:44:969 02.02.2020
// приём по количеству байт: 39 из 39
// принято с порта: 39 байт

01 00 27 00 F7 C2 E5 E4 EE EC FB E9 2C 45 73 63 2B 43 52 43 20 2E 32 34 30 30 20 20 00 65 20 20 20 20 20 20 32 8A 93   // прием: 39 байт; 10:15:45:031 02.02.2020
// таймаут: 62 мсек

Ведомый,Esc+CRC 
.2400   e      2

CA E0 EB FE EC ED FB 20 

00 00 08 00 F6 00 45 DB   // передача: 8 байт; 10:15:45:109 02.02.2020
// приём по количеству байт: 9 из 9
// принято с порта: 9 байт

01 00 09 00 F6 00 00 37 F3   // прием: 9 байт; 10:15:45:140 02.02.2020
// таймаут: 31 мсек


CA E0 EB FE EC ED FB 20 

00 00 07 00 F7 D4 47   // передача: 7 байт; 10:15:45:140 02.02.2020
// приём по количеству байт: 39 из 39
// принято с порта: 39 байт

01 00 27 00 F7 C2 E5 E4 EE EC FB E9 2C 45 73 63 2B 43 52 43 20 2E 32 34 30 30 20 20 00 6F 20 20 20 20 20 20 32 0A EC   // прием: 39 байт; 10:15:45:203 02.02.2020
// таймаут: 63 мсек

Ведомый,Esc+CRC 
.2400   o      2

CA E0 EB FE EC ED FB 20 

00 00 08 00 F6 08 44 1D   // передача: 8 байт; 10:15:45:547 02.02.2020
// приём по количеству байт: 9 из 9
// принято с порта: 9 байт

01 00 09 00 F6 00 00 37 F3   // прием: 9 байт; 10:15:45:579 02.02.2020
// таймаут: 32 мсек


CA E0 EB FE EC ED FB 20 

00 00 07 00 F7 D4 47   // передача: 7 байт; 10:15:45:594 02.02.2020

CA E0 EB FE EC ED FB 20 

00 00 08 00 F6 08 44 1D   // передача: 8 байт; 10:15:45:750 02.02.2020
// приём по количеству байт: 32 из 9
// принято с порта: 32 байт

01 00 27 00 F7 C2 E5 E4 EE EC FB E9 2C 45 73 63 2B 43 52 43 20 2E 32 34 30 30 20 20 00 6F 20 20   // прием: 32 байт; 10:15:45:750 02.02.2020
// таймаут: 0 мсек

// приём по количеству байт: 14 из 9
// принято с порта: 14 байт

20 20 20 20 32 0A 01 00 09 00 F6 00 00 37   // прием: 14 байт; 10:15:45:766 02.02.2020
// таймаут: 16 мсек


CA E0 EB FE EC ED FB 20 

00 00 08 00 F6 0B 04 1C   // передача: 8 байт; 10:15:46:517 02.02.2020
// приём по количеству байт: 9 из 9
// принято с порта: 9 байт

F3 01 00 09 00 F6 00 00 37   // прием: 9 байт; 10:15:46:549 02.02.2020
// таймаут: 32 мсек


CA E0 EB FE EC ED FB 20 

00 00 08 00 F6 0B 04 1C   // передача: 8 байт; 10:15:46:720 02.02.2020
// приём по количеству байт: 9 из 9
// принято с порта: 9 байт

F3 01 00 09 00 F6 00 00 37   // прием: 9 байт; 10:15:46:751 02.02.2020
// таймаут: 31 мсек


CA E0 EB FE EC ED FB 20 

00 00 08 00 F6 00 45 DB   // передача: 8 байт; 10:15:47:111 02.02.2020
// приём по количеству байт: 9 из 9
// принято с порта: 9 байт

F3 01 00 09 00 F6 00 00 37   // прием: 9 байт; 10:15:47:126 02.02.2020
// таймаут: 15 мсек


CA E0 EB FE EC ED FB 20 

00 00 08 00 F6 00 45 DB   // передача: 8 байт; 10:15:47:313 02.02.2020
// приём по количеству байт: 9 из 9
// принято с порта: 9 байт

F3 01 00 09 00 F6 00 00 37   // прием: 9 байт; 10:15:47:345 02.02.2020
// таймаут: 32 мсек


CA E0 EB FE EC ED FB 20 

00 00 08 00 F6 00 45 DB   // передача: 8 байт; 10:15:47:831 02.02.2020
// приём по количеству байт: 9 из 9
// принято с порта: 9 байт

F3 01 00 09 00 F6 00 00 37   // прием: 9 байт; 10:15:47:846 02.02.2020
// таймаут: 15 мсек


CA E0 EB FE EC ED FB 20 

00 00 08 00 F6 00 45 DB   // передача: 8 байт; 10:15:48:049 02.02.2020
// приём по количеству байт: 9 из 9
// принято с порта: 9 байт

F3 01 00 09 00 F6 00 00 37   // прием: 9 байт; 10:15:48:081 02.02.2020
// таймаут: 32 мсек


CA E0 EB FE EC ED FB 20 

00 00 08 00 F6 00 45 DB   // передача: 8 байт; 10:15:48:283 02.02.2020
// приём по количеству байт: 9 из 9
// принято с порта: 9 байт

F3 01 00 09 00 F6 00 00 37   // прием: 9 байт; 10:15:48:315 02.02.2020
// таймаут: 32 мсек


CA E0 EB FE EC ED FB 20 

00 00 08 00 F6 00 45 DB   // передача: 8 байт; 10:15:48:614 02.02.2020
// приём по количеству байт: 9 из 9
// принято с порта: 9 байт

F3 01 00 09 00 F6 00 00 37   // прием: 9 байт; 10:15:48:645 02.02.2020
// таймаут: 31 мсек


CA E0 EB FE EC ED FB 20 

00 00 08 00 F6 00 45 DB   // передача: 8 байт; 10:15:48:817 02.02.2020
// приём по количеству байт: 9 из 9
// принято с порта: 9 байт

F3 01 00 09 00 F6 00 00 37   // прием: 9 байт; 10:15:48:848 02.02.2020
// таймаут: 31 мсек


CA E0 EB FE EC ED FB 20 

00 00 08 00 F6 00 45 DB   // передача: 8 байт; 10:15:49:019 02.02.2020
// приём по количеству байт: 9 из 9
// принято с порта: 9 байт

F3 01 00 09 00 F6 00 00 37   // прием: 9 байт; 10:15:49:050 02.02.2020
// таймаут: 31 мсек


CA E0 EB FE EC ED FB 20 

00 00 08 00 F6 00 45 DB   // передача: 8 байт; 10:15:49:222 02.02.2020
// приём по количеству байт: 9 из 9
// принято с порта: 9 байт

F3 01 00 09 00 F6 00 00 37   // прием: 9 байт; 10:15:49:253 02.02.2020
// таймаут: 31 мсек


CA E0 EB FE EC ED FB 20 

00 00 08 00 F6 00 45 DB   // передача: 8 байт; 10:15:49:424 02.02.2020
// приём по количеству байт: 9 из 9
// принято с порта: 9 байт

F3 01 00 09 00 F6 00 00 37   // прием: 9 байт; 10:15:49:468 02.02.2020
// таймаут: 44 мсек


CA E0 EB FE EC ED FB 20 

00 00 08 00 F6 00 45 DB   // передача: 8 байт; 10:15:49:630 02.02.2020
// приём по количеству байт: 9 из 9
// принято с порта: 9 байт

F3 01 00 09 00 F6 00 00 37   // прием: 9 байт; 10:15:49:645 02.02.2020
// таймаут: 15 мсек


CA E0 EB FE EC ED FB 20 

00 00 08 00 F6 00 45 DB   // передача: 8 байт; 10:15:49:786 02.02.2020
// приём по количеству байт: 9 из 9
// принято с порта: 9 байт

F3 01 00 09 00 F6 00 00 37   // прием: 9 байт; 10:15:49:817 02.02.2020
// таймаут: 31 мсек

// приём по таймауту: 1000 мс
// принято с порта: 1 байт

F3   // прием: 1 байт; 10:15:50:848 02.02.2020
// таймаут: 1062 мсек


CA E0 EB FE EC ED FB 20 

00 00 07 00 F7 D4 47   // передача: 7 байт; 10:15:50:957 02.02.2020
// приём по количеству байт: 39 из 39
// принято с порта: 39 байт

01 00 27 00 F7 C2 E5 E4 EE EC FB E9 2C 45 73 63 2B 43 52 43 20 2E 39 36 30 30 20 20 00 73 20 20 20 20 20 20 32 43 70   // прием: 39 байт; 10:15:51:021 02.02.2020
// таймаут: 64 мсек

Ведомый,Esc+CRC 
.9600   s      2

CA E0 EB FE EC ED FB 20 

00 00 07 00 F7 D4 47   // передача: 7 байт; 10:15:51:444 02.02.2020
// приём по количеству байт: 39 из 39
// принято с порта: 39 байт

01 00 27 00 F7 C2 E5 E4 EE EC FB E9 2C 45 73 63 2B 43 52 43 20 2E 39 36 30 30 20 20 00 73 20 20 20 20 20 20 32 43 70   // прием: 39 байт; 10:15:51:505 02.02.2020
// таймаут: 61 мсек

Ведомый,Esc+CRC 
.9600   s      2

CA E0 EB FE EC ED FB 20 

00 00 07 00 F7 D4 47   // передача: 7 байт; 10:15:51:802 02.02.2020
// приём по количеству байт: 39 из 39
// принято с порта: 39 байт

01 00 27 00 F7 C2 E5 E4 EE EC FB E9 2C 45 73 63 2B 43 52 43 20 2E 39 36 30 30 20 20 00 73 20 20 20 20 20 20 32 43 70   // прием: 39 байт; 10:15:51:864 02.02.2020
// таймаут: 62 мсек

Ведомый,Esc+CRC 
.9600   s      2

CA E0 EB FE EC ED FB 20 

00 00 07 00 F7 D4 47   // передача: 7 байт; 10:15:52:023 02.02.2020
// приём по количеству байт: 39 из 39
// принято с порта: 39 байт

01 00 27 00 F7 C2 E5 E4 EE EC FB E9 2C 45 73 63 2B 43 52 43 20 2E 39 36 30 30 20 20 00 73 20 20 20 20 20 20 32 43 70   // прием: 39 байт; 10:15:52:085 02.02.2020
// таймаут: 62 мсек

Ведомый,Esc+CRC 
.9600   s      2

CA E0 EB FE EC ED FB 20 

00 00 07 00 F7 D4 47   // передача: 7 байт; 10:15:52:225 02.02.2020
// приём по количеству байт: 39 из 39
// принято с порта: 39 байт

01 00 27 00 F7 C2 E5 E4 EE EC FB E9 2C 45 73 63 2B 43 52 43 20 2E 39 36 30 30 20 20 00 73 20 20 20 20 20 20 32 43 70   // прием: 39 байт; 10:15:52:288 02.02.2020
// таймаут: 63 мсек

Ведомый,Esc+CRC 
.9600   s      2

CA E0 EB FE EC ED FB 20 

00 00 07 00 F7 D4 47   // передача: 7 байт; 10:15:52:507 02.02.2020
// приём по количеству байт: 39 из 39
// принято с порта: 39 байт

01 00 27 00 F7 C2 E5 E4 EE EC FB E9 2C 45 73 63 2B 43 52 43 20 2E 39 36 30 30 20 20 00 73 20 20 20 20 20 20 32 43 70   // прием: 39 байт; 10:15:52:569 02.02.2020
// таймаут: 62 мсек

Ведомый,Esc+CRC 
.9600   s      2

CA E0 EB FE EC ED FB 20 

00 00 08 00 F6 00 45 DB   // передача: 8 байт; 10:15:53:211 02.02.2020
// приём по количеству байт: 9 из 9
// принято с порта: 9 байт

01 00 09 00 F6 00 00 37 F3   // прием: 9 байт; 10:15:53:242 02.02.2020
// таймаут: 31 мсек


CA E0 EB FE EC ED FB 20 

00 00 07 00 F7 D4 47   // передача: 7 байт; 10:15:53:242 02.02.2020
// приём по количеству байт: 39 из 39
// принято с порта: 39 байт

01 00 27 00 F7 C2 E5 E4 EE EC FB E9 2C 45 73 63 2B 43 52 43 20 2E 39 36 30 30 20 20 00 6E 20 20 20 20 20 20 32 83 E5   // прием: 39 байт; 10:15:53:305 02.02.2020
// таймаут: 63 мсек

Ведомый,Esc+CRC 
.9600   n      2

CA E0 EB FE EC ED FB 20 

00 00 08 00 F6 00 45 DB   // передача: 8 байт; 10:15:53:429 02.02.2020
// приём по количеству байт: 9 из 9
// принято с порта: 9 байт

01 00 09 00 F6 00 00 37 F3   // прием: 9 байт; 10:15:53:461 02.02.2020
// таймаут: 32 мсек


CA E0 EB FE EC ED FB 20 

00 00 07 00 F7 D4 47   // передача: 7 байт; 10:15:53:461 02.02.2020
// приём по количеству байт: 39 из 39
// принято с порта: 39 байт

01 00 27 00 F7 C2 E5 E4 EE EC FB E9 2C 45 73 63 2B 43 52 43 20 2E 39 36 30 30 20 20 00 65 20 20 20 20 20 20 32 C2 56   // прием: 39 байт; 10:15:53:539 02.02.2020
// таймаут: 78 мсек

Ведомый,Esc+CRC 
.9600   e      2

CA E0 EB FE EC ED FB 20 

00 00 08 00 F6 00 45 DB   // передача: 8 байт; 10:15:53:757 02.02.2020
// приём по количеству байт: 9 из 9
// принято с порта: 9 байт

01 00 09 00 F6 00 00 37 F3   // прием: 9 байт; 10:15:53:789 02.02.2020
// таймаут: 32 мсек


CA E0 EB FE EC ED FB 20 

00 00 07 00 F7 D4 47   // передача: 7 байт; 10:15:53:789 02.02.2020
// приём по количеству байт: 39 из 39
// принято с порта: 39 байт

01 00 27 00 F7 C2 E5 E4 EE EC FB E9 2C 45 73 63 2B 43 52 43 20 2E 39 36 30 30 20 20 00 6F 20 20 20 20 20 20 32 42 29   // прием: 39 байт; 10:15:53:851 02.02.2020
// таймаут: 62 мсек

Ведомый,Esc+CRC 
.9600   o      2

CA E0 EB FE EC ED FB 20 

00 00 08 00 F6 00 45 DB   // передача: 8 байт; 10:15:53:945 02.02.2020
// приём по количеству байт: 9 из 9
// принято с порта: 9 байт

01 00 09 00 F6 00 00 37 F3   // прием: 9 байт; 10:15:53:991 02.02.2020
// таймаут: 46 мсек


CA E0 EB FE EC ED FB 20 

00 00 07 00 F7 D4 47   // передача: 7 байт; 10:15:53:991 02.02.2020
// приём по количеству байт: 39 из 39
// принято с порта: 39 байт

01 00 27 00 F7 C2 E5 E4 EE EC FB E9 2C 45 73 63 2B 43 52 43 20 2E 39 36 30 30 20 20 00 6D 20 20 20 20 20 20 32 C3 F0   // прием: 39 байт; 10:15:54:055 02.02.2020
// таймаут: 64 мсек

Ведомый,Esc+CRC 
.9600   m      2

CA E0 EB FE EC ED FB 20 

00 00 08 00 F6 00 45 DB   // передача: 8 байт; 10:15:54:133 02.02.2020
// приём по количеству байт: 9 из 9
// принято с порта: 9 байт

01 00 09 00 F6 00 00 37 F3   // прием: 9 байт; 10:15:54:164 02.02.2020
// таймаут: 31 мсек


CA E0 EB FE EC ED FB 20 

00 00 07 00 F7 D4 47   // передача: 7 байт; 10:15:54:180 02.02.2020
// приём по количеству байт: 39 из 39
// принято с порта: 39 байт

01 00 27 00 F7 C2 E5 E4 EE EC FB E9 2C 45 73 63 2B 43 52 43 20 2E 39 36 30 30 20 20 00 73 20 20 20 20 20 20 32 43 70   // прием: 39 байт; 10:15:54:242 02.02.2020
// таймаут: 62 мсек

Ведомый,Esc+CRC 
.9600   s      2

CA E0 EB FE EC ED FB 20 

00 00 08 00 F6 0B 04 1C   // передача: 8 байт; 10:15:54:743 02.02.2020
// приём по количеству байт: 9 из 9
// принято с порта: 9 байт

01 00 09 00 F6 00 00 37 F3   // прием: 9 байт; 10:15:54:774 02.02.2020
// таймаут: 31 мсек


CA E0 EB FE EC ED FB 20 

00 00 07 00 F7 D4 47   // передача: 7 байт; 10:15:54:774 02.02.2020
// приём по количеству байт: 39 из 39
// принято с порта: 39 байт

01 00 27 00 F7 C2 E5 E4 EE EC FB E9 2C 45 73 63 2B 43 52 43 20 2E 31 39 32 30 30 20 00 73 20 20 20 20 20 20 32 17 FB   // прием: 39 байт; 10:15:54:852 02.02.2020
// таймаут: 78 мсек

Ведомый,Esc+CRC 
.19200  s      2

CA E0 EB FE EC ED FB 20 

00 00 08 00 F6 0B 04 1C   // передача: 8 байт; 10:15:54:946 02.02.2020
// приём по количеству байт: 9 из 9
// принято с порта: 9 байт

01 00 09 00 F6 00 00 37 F3   // прием: 9 байт; 10:15:54:993 02.02.2020
// таймаут: 47 мсек


CA E0 EB FE EC ED FB 20 

00 00 07 00 F7 D4 47   // передача: 7 байт; 10:15:54:993 02.02.2020
// приём по количеству байт: 39 из 39
// принято с порта: 39 байт

01 00 27 00 F7 C2 E5 E4 EE EC FB E9 2C 45 73 63 2B 43 52 43 20 2E 33 38 34 30 30 20 00 73 20 20 20 20 20 20 32 9C FD   // прием: 39 байт; 10:15:55:055 02.02.2020
// таймаут: 62 мсек

Ведомый,Esc+CRC 
.38400  s      2

CA E0 EB FE EC ED FB 20 

00 00 08 00 F6 0B 04 1C   // передача: 8 байт; 10:15:55:149 02.02.2020
// приём по количеству байт: 9 из 9
// принято с порта: 9 байт

01 00 09 00 F6 00 00 37 F3   // прием: 9 байт; 10:15:55:180 02.02.2020
// таймаут: 31 мсек


CA E0 EB FE EC ED FB 20 

00 00 07 00 F7 D4 47   // передача: 7 байт; 10:15:55:180 02.02.2020
// приём по количеству байт: 39 из 39
// принято с порта: 39 байт

01 00 27 00 F7 C2 E5 E4 EE EC FB E9 2C 45 73 63 2B 43 52 43 20 2E 35 37 36 30 30 20 00 73 20 20 20 20 20 20 32 12 B2   // прием: 39 байт; 10:15:55:258 02.02.2020
// таймаут: 78 мсек

Ведомый,Esc+CRC 
.57600  s      2

CA E0 EB FE EC ED FB 20 

00 00 08 00 F6 0B 04 1C   // передача: 8 байт; 10:15:55:367 02.02.2020
// приём по количеству байт: 9 из 9
// принято с порта: 9 байт

01 00 09 00 F6 00 00 37 F3   // прием: 9 байт; 10:15:55:399 02.02.2020
// таймаут: 32 мсек


CA E0 EB FE EC ED FB 20 

00 00 07 00 F7 D4 47   // передача: 7 байт; 10:15:55:399 02.02.2020
// приём по количеству байт: 39 из 39
// принято с порта: 39 байт

01 00 27 00 F7 C2 E5 E4 EE EC FB E9 2C 45 73 63 2B 43 52 43 20 2E 31 31 35 32 30 30 00 73 20 20 20 20 20 20 32 ED 26   // прием: 39 байт; 10:15:55:462 02.02.2020
// таймаут: 63 мсек

Ведомый,Esc+CRC 
.115200 s      2

CA E0 EB FE EC ED FB 20 

00 00 08 00 F6 0B 04 1C   // передача: 8 байт; 10:15:55:555 02.02.2020
// приём по количеству байт: 9 из 9
// принято с порта: 9 байт

01 00 09 00 F6 00 00 37 F3   // прием: 9 байт; 10:15:55:602 02.02.2020
// таймаут: 47 мсек


CA E0 EB FE EC ED FB 20 

00 00 07 00 F7 D4 47   // передача: 7 байт; 10:15:55:602 02.02.2020
// приём по количеству байт: 39 из 39
// принято с порта: 39 байт

01 00 27 00 F7 C2 E5 E4 EE EC FB E9 2C 45 73 63 2B 43 52 43 20 2E 32 33 30 34 30 30 00 73 20 20 20 20 20 20 32 A9 E8   // прием: 39 байт; 10:15:55:664 02.02.2020
// таймаут: 62 мсек

Ведомый,Esc+CRC 
.230400 s      2

CA E0 EB FE EC ED FB 20 

00 00 08 00 F6 0B 04 1C   // передача: 8 байт; 10:15:55:820 02.02.2020
// приём по количеству байт: 9 из 9
// принято с порта: 9 байт

01 00 09 00 F6 00 00 37 F3   // прием: 9 байт; 10:15:55:851 02.02.2020
// таймаут: 31 мсек


CA E0 EB FE EC ED FB 20 

00 00 07 00 F7 D4 47   // передача: 7 байт; 10:15:55:867 02.02.2020
// приём по количеству байт: 39 из 39
// принято с порта: 39 байт

01 00 27 00 F7 C2 E5 E4 EE EC FB E9 2C 45 73 63 2B 43 52 43 20 2E 31 32 30 30 20 20 00 73 20 20 20 20 20 20 32 4E B2   // прием: 39 байт; 10:15:55:929 02.02.2020
// таймаут: 62 мсек

Ведомый,Esc+CRC 
.1200   s      2

CA E0 EB FE EC ED FB 20 

00 00 08 00 F6 0B 04 1C   // передача: 8 байт; 10:15:56:023 02.02.2020
// приём по количеству байт: 9 из 9
// принято с порта: 9 байт

01 00 09 00 F6 00 00 37 F3   // прием: 9 байт; 10:15:56:057 02.02.2020
// таймаут: 34 мсек


CA E0 EB FE EC ED FB 20 

00 00 07 00 F7 D4 47   // передача: 7 байт; 10:15:56:057 02.02.2020
// приём по количеству байт: 39 из 39
// принято с порта: 39 байт

01 00 27 00 F7 C2 E5 E4 EE EC FB E9 2C 45 73 63 2B 43 52 43 20 2E 32 34 30 30 20 20 00 73 20 20 20 20 20 20 32 0B B5   // прием: 39 байт; 10:15:56:119 02.02.2020
// таймаут: 62 мсек

Ведомый,Esc+CRC 
.2400   s      2

CA E0 EB FE EC ED FB 20 

00 00 08 00 F6 0B 04 1C   // передача: 8 байт; 10:15:56:213 02.02.2020
// приём по количеству байт: 9 из 9
// принято с порта: 9 байт

01 00 09 00 F6 00 00 37 F3   // прием: 9 байт; 10:15:56:244 02.02.2020
// таймаут: 31 мсек


CA E0 EB FE EC ED FB 20 

00 00 07 00 F7 D4 47   // передача: 7 байт; 10:15:56:244 02.02.2020
// приём по количеству байт: 39 из 39
// принято с порта: 39 байт

01 00 27 00 F7 C2 E5 E4 EE EC FB E9 2C 45 73 63 2B 43 52 43 20 2E 34 38 30 30 20 20 00 73 20 20 20 20 20 20 32 81 BB   // прием: 39 байт; 10:15:56:322 02.02.2020
// таймаут: 78 мсек

Ведомый,Esc+CRC 
.4800   s      2

CA E0 EB FE EC ED FB 20 

00 00 08 00 F6 0B 04 1C   // передача: 8 байт; 10:15:56:415 02.02.2020
// приём по количеству байт: 9 из 9
// принято с порта: 9 байт

01 00 09 00 F6 00 00 37 F3   // прием: 9 байт; 10:15:56:447 02.02.2020
// таймаут: 32 мсек


CA E0 EB FE EC ED FB 20 

00 00 07 00 F7 D4 47   // передача: 7 байт; 10:15:56:447 02.02.2020
// приём по количеству байт: 39 из 39
// принято с порта: 39 байт

01 00 27 00 F7 C2 E5 E4 EE EC FB E9 2C 45 73 63 2B 43 52 43 20 2E 39 36 30 30 20 20 00 73 20 20 20 20 20 20 32 43 70   // прием: 39 байт; 10:15:56:525 02.02.2020
// таймаут: 78 мсек

Ведомый,Esc+CRC 
.9600   s      2

CA E0 EB FE EC ED FB 20 

00 00 08 00 F6 0B 04 1C   // передача: 8 байт; 10:15:56:604 02.02.2020
// приём по количеству байт: 9 из 9
// принято с порта: 9 байт

01 00 09 00 F6 00 00 37 F3   // прием: 9 байт; 10:15:56:635 02.02.2020
// таймаут: 31 мсек


CA E0 EB FE EC ED FB 20 

00 00 07 00 F7 D4 47   // передача: 7 байт; 10:15:56:651 02.02.2020
// приём по количеству байт: 39 из 39
// принято с порта: 39 байт

01 00 27 00 F7 C2 E5 E4 EE EC FB E9 2C 45 73 63 2B 43 52 43 20 2E 31 39 32 30 30 20 00 73 20 20 20 20 20 20 32 17 FB   // прием: 39 байт; 10:15:56:713 02.02.2020
// таймаут: 62 мсек

Ведомый,Esc+CRC 
.19200  s      2

CA E0 EB FE EC ED FB 20 

00 00 08 00 F6 0B 04 1C   // передача: 8 байт; 10:15:56:822 02.02.2020
// приём по количеству байт: 9 из 9
// принято с порта: 9 байт

01 00 09 00 F6 00 00 37 F3   // прием: 9 байт; 10:15:56:854 02.02.2020
// таймаут: 32 мсек


CA E0 EB FE EC ED FB 20 

00 00 07 00 F7 D4 47   // передача: 7 байт; 10:15:56:854 02.02.2020
// приём по количеству байт: 39 из 39
// принято с порта: 39 байт

01 00 27 00 F7 C2 E5 E4 EE EC FB E9 2C 45 73 63 2B 43 52 43 20 2E 33 38 34 30 30 20 00 73 20 20 20 20 20 20 32 9C FD   // прием: 39 байт; 10:15:56:932 02.02.2020
// таймаут: 78 мсек

Ведомый,Esc+CRC 
.38400  s      2

CA E0 EB FE EC ED FB 20 

00 00 08 00 F6 0B 04 1C   // передача: 8 байт; 10:15:57:025 02.02.2020
// приём по количеству байт: 9 из 9
// принято с порта: 9 байт

01 00 09 00 F6 00 00 37 F3   // прием: 9 байт; 10:15:57:072 02.02.2020
// таймаут: 47 мсек


CA E0 EB FE EC ED FB 20 

00 00 07 00 F7 D4 47   // передача: 7 байт; 10:15:57:072 02.02.2020
// приём по количеству байт: 39 из 39
// принято с порта: 39 байт

01 00 27 00 F7 C2 E5 E4 EE EC FB E9 2C 45 73 63 2B 43 52 43 20 2E 35 37 36 30 30 20 00 73 20 20 20 20 20 20 32 12 B2   // прием: 39 байт; 10:15:57:135 02.02.2020
// таймаут: 63 мсек

Ведомый,Esc+CRC 
.57600  s      2

CA E0 EB FE EC ED FB 20 

00 00 08 00 F6 0B 04 1C   // передача: 8 байт; 10:15:57:244 02.02.2020
// приём по количеству байт: 9 из 9
// принято с порта: 9 байт

01 00 09 00 F6 00 00 37 F3   // прием: 9 байт; 10:15:57:275 02.02.2020
// таймаут: 31 мсек


CA E0 EB FE EC ED FB 20 

00 00 07 00 F7 D4 47   // передача: 7 байт; 10:15:57:291 02.02.2020
// приём по количеству байт: 39 из 39
// принято с порта: 39 байт

01 00 27 00 F7 C2 E5 E4 EE EC FB E9 2C 45 73 63 2B 43 52 43 20 2E 31 31 35 32 30 30 00 73 20 20 20 20 20 20 32 ED 26   // прием: 39 байт; 10:15:57:353 02.02.2020
// таймаут: 62 мсек

Ведомый,Esc+CRC 
.115200 s      2

CA E0 EB FE EC ED FB 20 

00 00 08 00 F6 00 45 DB   // передача: 8 байт; 10:15:57:963 02.02.2020
// приём по количеству байт: 9 из 9
// принято с порта: 9 байт

01 00 09 00 F6 00 00 37 F3   // прием: 9 байт; 10:15:58:010 02.02.2020
// таймаут: 47 мсек


CA E0 EB FE EC ED FB 20 

00 00 07 00 F7 D4 47   // передача: 7 байт; 10:15:58:010 02.02.2020
// приём по количеству байт: 39 из 39
// принято с порта: 39 байт

01 00 27 00 F7 C2 E5 E4 EE EC FB E9 2C 45 73 63 2B 43 52 43 20 2E 31 31 35 32 30 30 00 6E 20 20 20 20 20 20 32 2D B3   // прием: 39 байт; 10:15:58:073 02.02.2020
// таймаут: 63 мсек

Ведомый,Esc+CRC 
.115200 n      2

CA E0 EB FE EC ED FB 20 

00 00 08 00 F6 00 45 DB   // передача: 8 байт; 10:15:58:167 02.02.2020
// приём по количеству байт: 9 из 9
// принято с порта: 9 байт

01 00 09 00 F6 00 00 37 F3   // прием: 9 байт; 10:15:58:198 02.02.2020
// таймаут: 31 мсек


CA E0 EB FE EC ED FB 20 

00 00 07 00 F7 D4 47   // передача: 7 байт; 10:15:58:198 02.02.2020
// приём по количеству байт: 39 из 39
// принято с порта: 39 байт

01 00 27 00 F7 C2 E5 E4 EE EC FB E9 2C 45 73 63 2B 43 52 43 20 2E 31 31 35 32 30 30 00 65 20 20 20 20 20 20 32 6C 00   // прием: 39 байт; 10:15:58:276 02.02.2020
// таймаут: 78 мсек

Ведомый,Esc+CRC 
.115200 e      2

CA E0 EB FE EC ED FB 20 

00 00 08 00 F6 00 45 DB   // передача: 8 байт; 10:15:58:370 02.02.2020
// приём по количеству байт: 9 из 9
// принято с порта: 9 байт

01 00 09 00 F6 00 00 37 F3   // прием: 9 байт; 10:15:58:401 02.02.2020
// таймаут: 31 мсек


CA E0 EB FE EC ED FB 20 

00 00 07 00 F7 D4 47   // передача: 7 байт; 10:15:58:401 02.02.2020
// приём по количеству байт: 39 из 39
// принято с порта: 39 байт

01 00 27 00 F7 C2 E5 E4 EE EC FB E9 2C 45 73 63 2B 43 52 43 20 2E 31 31 35 32 30 30 00 6F 20 20 20 20 20 20 32 EC 7F   // прием: 39 байт; 10:15:58:464 02.02.2020
// таймаут: 63 мсек

Ведомый,Esc+CRC 
.115200 o      2

CA E0 EB FE EC ED FB 20 

00 00 08 00 F6 00 45 DB   // передача: 8 байт; 10:15:58:575 02.02.2020
// приём по количеству байт: 9 из 9
// принято с порта: 9 байт

01 00 09 00 F6 00 00 37 F3   // прием: 9 байт; 10:15:58:605 02.02.2020
// таймаут: 30 мсек


CA E0 EB FE EC ED FB 20 

00 00 07 00 F7 D4 47   // передача: 7 байт; 10:15:58:605 02.02.2020
// приём по количеству байт: 39 из 39
// принято с порта: 39 байт

01 00 27 00 F7 C2 E5 E4 EE EC FB E9 2C 45 73 63 2B 43 52 43 20 2E 31 31 35 32 30 30 00 6D 20 20 20 20 20 20 32 6D A6   // прием: 39 байт; 10:15:58:668 02.02.2020
// таймаут: 63 мсек

Ведомый,Esc+CRC 
.115200 m      2

CA E0 EB FE EC ED FB 20 

00 00 08 00 F6 00 45 DB   // передача: 8 байт; 10:15:58:777 02.02.2020
// приём по количеству байт: 9 из 9
// принято с порта: 9 байт

01 00 09 00 F6 00 00 37 F3   // прием: 9 байт; 10:15:58:808 02.02.2020
// таймаут: 31 мсек


CA E0 EB FE EC ED FB 20 

00 00 07 00 F7 D4 47   // передача: 7 байт; 10:15:58:808 02.02.2020
// приём по количеству байт: 39 из 39
// принято с порта: 39 байт

01 00 27 00 F7 C2 E5 E4 EE EC FB E9 2C 45 73 63 2B 43 52 43 20 2E 31 31 35 32 30 30 00 73 20 20 20 20 20 20 32 ED 26   // прием: 39 байт; 10:15:58:871 02.02.2020
// таймаут: 63 мсек

Ведомый,Esc+CRC 
.115200 s      2

CA E0 EB FE EC ED FB 20 

00 00 08 00 F6 0B 04 1C   // передача: 8 байт; 10:15:59:294 02.02.2020
// приём по количеству байт: 9 из 9
// принято с порта: 9 байт

01 00 09 00 F6 00 00 37 F3   // прием: 9 байт; 10:15:59:325 02.02.2020
// таймаут: 31 мсек


CA E0 EB FE EC ED FB 20 

00 00 07 00 F7 D4 47   // передача: 7 байт; 10:15:59:325 02.02.2020
// приём по количеству байт: 39 из 39
// принято с порта: 39 байт

01 00 27 00 F7 C2 E5 E4 EE EC FB E9 2C 45 73 63 2B 43 52 43 20 2E 32 33 30 34 30 30 00 73 20 20 20 20 20 20 32 A9 E8   // прием: 39 байт; 10:15:59:403 02.02.2020
// таймаут: 78 мсек

Ведомый,Esc+CRC 
.230400 s      2

CA E0 EB FE EC ED FB 20 

00 00 08 00 F6 0B 04 1C   // передача: 8 байт; 10:15:59:513 02.02.2020
// приём по количеству байт: 9 из 9
// принято с порта: 9 байт

01 00 09 00 F6 00 00 37 F3   // прием: 9 байт; 10:15:59:560 02.02.2020
// таймаут: 47 мсек


CA E0 EB FE EC ED FB 20 

00 00 07 00 F7 D4 47   // передача: 7 байт; 10:15:59:560 02.02.2020
// приём по количеству байт: 39 из 39
// принято с порта: 39 байт

01 00 27 00 F7 C2 E5 E4 EE EC FB E9 2C 45 73 63 2B 43 52 43 20 2E 31 32 30 30 20 20 00 73 20 20 20 20 20 20 32 4E B2   // прием: 39 байт; 10:15:59:623 02.02.2020
// таймаут: 63 мсек

Ведомый,Esc+CRC 
.1200   s      2

CA E0 EB FE EC ED FB 20 

00 00 08 00 F6 0B 04 1C   // передача: 8 байт; 10:15:59:716 02.02.2020
// приём по количеству байт: 9 из 9
// принято с порта: 9 байт

01 00 09 00 F6 00 00 37 F3   // прием: 9 байт; 10:15:59:748 02.02.2020
// таймаут: 32 мсек


CA E0 EB FE EC ED FB 20 

00 00 07 00 F7 D4 47   // передача: 7 байт; 10:15:59:748 02.02.2020
// приём по количеству байт: 39 из 39
// принято с порта: 39 байт

01 00 27 00 F7 C2 E5 E4 EE EC FB E9 2C 45 73 63 2B 43 52 43 20 2E 32 34 30 30 20 20 00 73 20 20 20 20 20 20 32 0B B5   // прием: 39 байт; 10:15:59:810 02.02.2020
// таймаут: 62 мсек

Ведомый,Esc+CRC 
.2400   s      2

CA E0 EB FE EC ED FB 20 

00 00 08 00 F6 00 45 DB   // передача: 8 байт; 10:16:00:171 02.02.2020
// приём по количеству байт: 9 из 9
// принято с порта: 9 байт

01 00 09 00 F6 00 00 37 F3   // прием: 9 байт; 10:16:00:202 02.02.2020
// таймаут: 31 мсек


CA E0 EB FE EC ED FB 20 

00 00 07 00 F7 D4 47   // передача: 7 байт; 10:16:00:202 02.02.2020
// приём по количеству байт: 39 из 39
// принято с порта: 39 байт

01 00 27 00 F7 C2 E5 E4 EE EC FB E9 2C 45 73 63 2B 43 52 43 20 2E 32 34 30 30 20 20 00 6E 20 20 20 20 20 20 32 CB 20   // прием: 39 байт; 10:16:00:265 02.02.2020
// таймаут: 63 мсек

Ведомый,Esc+CRC 
.2400   n      2

CA E0 EB FE EC ED FB 20 

00 00 08 00 F6 00 45 DB   // передача: 8 байт; 10:16:00:374 02.02.2020
// приём по количеству байт: 9 из 9
// принято с порта: 9 байт

01 00 09 00 F6 00 00 37 F3   // прием: 9 байт; 10:16:00:405 02.02.2020
// таймаут: 31 мсек


CA E0 EB FE EC ED FB 20 

00 00 07 00 F7 D4 47   // передача: 7 байт; 10:16:00:405 02.02.2020
// приём по количеству байт: 39 из 39
// принято с порта: 39 байт

01 00 27 00 F7 C2 E5 E4 EE EC FB E9 2C 45 73 63 2B 43 52 43 20 2E 32 34 30 30 20 20 00 65 20 20 20 20 20 20 32 8A 93   // прием: 39 байт; 10:16:00:483 02.02.2020
// таймаут: 78 мсек

Ведомый,Esc+CRC 
.2400   e      2

CA E0 EB FE EC ED FB 20 

00 00 08 00 F6 00 45 DB   // передача: 8 байт; 10:16:00:561 02.02.2020
// приём по количеству байт: 9 из 9
// принято с порта: 9 байт

01 00 09 00 F6 00 00 37 F3   // прием: 9 байт; 10:16:00:608 02.02.2020
// таймаут: 47 мсек


CA E0 EB FE EC ED FB 20 

00 00 07 00 F7 D4 47   // передача: 7 байт; 10:16:00:608 02.02.2020
// приём по количеству байт: 39 из 39
// принято с порта: 39 байт

01 00 27 00 F7 C2 E5 E4 EE EC FB E9 2C 45 73 63 2B 43 52 43 20 2E 32 34 30 30 20 20 00 6F 20 20 20 20 20 20 32 0A EC   // прием: 39 байт; 10:16:00:671 02.02.2020
// таймаут: 63 мсек

Ведомый,Esc+CRC 
.2400   o      2

CA E0 EB FE EC ED FB 20 

00 00 08 00 F6 00 45 DB   // передача: 8 байт; 10:16:00:796 02.02.2020
// приём по количеству байт: 9 из 9
// принято с порта: 9 байт

01 00 09 00 F6 00 00 37 F3   // прием: 9 байт; 10:16:00:827 02.02.2020
// таймаут: 31 мсек


CA E0 EB FE EC ED FB 20 

00 00 07 00 F7 D4 47   // передача: 7 байт; 10:16:00:827 02.02.2020
// приём по количеству байт: 39 из 39
// принято с порта: 39 байт

01 00 27 00 F7 C2 E5 E4 EE EC FB E9 2C 45 73 63 2B 43 52 43 20 2E 32 34 30 30 20 20 00 6D 20 20 20 20 20 20 32 8B 35   // прием: 39 байт; 10:16:00:889 02.02.2020
// таймаут: 62 мсек

Ведомый,Esc+CRC 
.2400   m      2

CA E0 EB FE EC ED FB 20 

00 00 08 00 F6 0B 04 1C   // передача: 8 байт; 10:16:01:313 02.02.2020
// приём по количеству байт: 9 из 9
// принято с порта: 9 байт

01 00 09 00 F6 00 00 37 F3   // прием: 9 байт; 10:16:01:360 02.02.2020
// таймаут: 47 мсек


CA E0 EB FE EC ED FB 20 

00 00 07 00 F7 D4 47   // передача: 7 байт; 10:16:01:360 02.02.2020
// приём по количеству байт: 39 из 39
// принято с порта: 39 байт

01 00 27 00 F7 C2 E5 E4 EE EC FB E9 2C 45 73 63 2B 43 52 43 20 2E 34 38 30 30 20 20 00 6D 20 20 20 20 20 20 32 01 3B   // прием: 39 байт; 10:16:01:422 02.02.2020
// таймаут: 62 мсек

Ведомый,Esc+CRC 
.4800   m      2

CA E0 EB FE EC ED FB 20 

00 00 08 00 F6 0B 04 1C   // передача: 8 байт; 10:16:01:531 02.02.2020
// приём по количеству байт: 9 из 9
// принято с порта: 9 байт

01 00 09 00 F6 00 00 37 F3   // прием: 9 байт; 10:16:01:578 02.02.2020
// таймаут: 47 мсек


CA E0 EB FE EC ED FB 20 

00 00 07 00 F7 D4 47   // передача: 7 байт; 10:16:01:578 02.02.2020
// приём по количеству байт: 39 из 39
// принято с порта: 39 байт

01 00 27 00 F7 C2 E5 E4 EE EC FB E9 2C 45 73 63 2B 43 52 43 20 2E 39 36 30 30 20 20 00 6D 20 20 20 20 20 20 32 C3 F0   // прием: 39 байт; 10:16:01:644 02.02.2020
// таймаут: 66 мсек

Ведомый,Esc+CRC 
.9600   m      2

CA E0 EB FE EC ED FB 20 

00 00 08 00 F6 0B 04 1C   // передача: 8 байт; 10:16:01:844 02.02.2020
// приём по количеству байт: 9 из 9
// принято с порта: 9 байт

01 00 09 00 F6 00 00 37 F3   // прием: 9 байт; 10:16:01:875 02.02.2020
// таймаут: 31 мсек


CA E0 EB FE EC ED FB 20 

00 00 07 00 F7 D4 47   // передача: 7 байт; 10:16:01:890 02.02.2020
// приём по количеству байт: 39 из 39
// принято с порта: 39 байт

01 00 27 00 F7 C2 E5 E4 EE EC FB E9 2C 45 73 63 2B 43 52 43 20 2E 31 39 32 30 30 20 00 6D 20 20 20 20 20 20 32 97 7B   // прием: 39 байт; 10:16:01:953 02.02.2020
// таймаут: 63 мсек

Ведомый,Esc+CRC 
.19200  m      2

CA E0 EB FE EC ED FB 20 

00 00 08 00 F6 0B 04 1C   // передача: 8 байт; 10:16:02:046 02.02.2020
// приём по количеству байт: 9 из 9
// принято с порта: 9 байт

01 00 09 00 F6 00 00 37 F3   // прием: 9 байт; 10:16:02:078 02.02.2020
// таймаут: 32 мсек


CA E0 EB FE EC ED FB 20 

00 00 07 00 F7 D4 47   // передача: 7 байт; 10:16:02:078 02.02.2020
// приём по количеству байт: 39 из 39
// принято с порта: 39 байт

01 00 27 00 F7 C2 E5 E4 EE EC FB E9 2C 45 73 63 2B 43 52 43 20 2E 33 38 34 30 30 20 00 6D 20 20 20 20 20 20 32 1C 7D   // прием: 39 байт; 10:16:02:157 02.02.2020
// таймаут: 79 мсек

Ведомый,Esc+CRC 
.38400  m      2

CA E0 EB FE EC ED FB 20 

00 00 08 00 F6 0B 04 1C   // передача: 8 байт; 10:16:02:251 02.02.2020
// приём по количеству байт: 9 из 9
// принято с порта: 9 байт

01 00 09 00 F6 00 00 37 F3   // прием: 9 байт; 10:16:02:282 02.02.2020
// таймаут: 31 мсек


CA E0 EB FE EC ED FB 20 

00 00 07 00 F7 D4 47   // передача: 7 байт; 10:16:02:282 02.02.2020
// приём по количеству байт: 39 из 39
// принято с порта: 39 байт

01 00 27 00 F7 C2 E5 E4 EE EC FB E9 2C 45 73 63 2B 43 52 43 20 2E 35 37 36 30 30 20 00 6D 20 20 20 20 20 20 32 92 32   // прием: 39 байт; 10:16:02:344 02.02.2020
// таймаут: 62 мсек

Ведомый,Esc+CRC 
.57600  m      2

CA E0 EB FE EC ED FB 20 

00 00 08 00 F6 00 45 DB   // передача: 8 байт; 10:16:02:704 02.02.2020
// приём по количеству байт: 9 из 9
// принято с порта: 9 байт

01 00 09 00 F6 00 00 37 F3   // прием: 9 байт; 10:16:02:736 02.02.2020
// таймаут: 32 мсек


CA E0 EB FE EC ED FB 20 

00 00 07 00 F7 D4 47   // передача: 7 байт; 10:16:02:736 02.02.2020
// приём по количеству байт: 39 из 39
// принято с порта: 39 байт

01 00 27 00 F7 C2 E5 E4 EE EC FB E9 2C 45 73 63 2B 43 52 43 20 2E 35 37 36 30 30 20 00 73 20 20 20 20 20 20 32 12 B2   // прием: 39 байт; 10:16:02:798 02.02.2020
// таймаут: 62 мсек

Ведомый,Esc+CRC 
.57600  s      2

CA E0 EB FE EC ED FB 20 

00 00 08 00 F6 00 45 DB   // передача: 8 байт; 10:16:02:892 02.02.2020
// приём по количеству байт: 9 из 9
// принято с порта: 9 байт

01 00 09 00 F6 00 00 37 F3   // прием: 9 байт; 10:16:02:923 02.02.2020
// таймаут: 31 мсек


CA E0 EB FE EC ED FB 20 

00 00 07 00 F7 D4 47   // передача: 7 байт; 10:16:02:923 02.02.2020
// приём по количеству байт: 39 из 39
// принято с порта: 39 байт

01 00 27 00 F7 C2 E5 E4 EE EC FB E9 2C 45 73 63 2B 43 52 43 20 2E 35 37 36 30 30 20 00 6E 20 20 20 20 20 20 32 D2 27   // прием: 39 байт; 10:16:02:985 02.02.2020
// таймаут: 62 мсек

Ведомый,Esc+CRC 
.57600  n      2

CA E0 EB FE EC ED FB 20 

00 00 08 00 F6 00 45 DB   // передача: 8 байт; 10:16:03:094 02.02.2020
// приём по количеству байт: 9 из 9
// принято с порта: 9 байт

01 00 09 00 F6 00 00 37 F3   // прием: 9 байт; 10:16:03:126 02.02.2020
// таймаут: 32 мсек


CA E0 EB FE EC ED FB 20 

00 00 07 00 F7 D4 47   // передача: 7 байт; 10:16:03:126 02.02.2020
// приём по количеству байт: 39 из 39
// принято с порта: 39 байт

01 00 27 00 F7 C2 E5 E4 EE EC FB E9 2C 45 73 63 2B 43 52 43 20 2E 35 37 36 30 30 20 00 65 20 20 20 20 20 20 32 93 94   // прием: 39 байт; 10:16:03:204 02.02.2020
// таймаут: 78 мсек

Ведомый,Esc+CRC 
.57600  e      2

CA E0 EB FE EC ED FB 20 

00 00 08 00 F6 0B 04 1C   // передача: 8 байт; 10:16:03:486 02.02.2020
// приём по количеству байт: 9 из 9
// принято с порта: 9 байт

01 00 09 00 F6 00 00 37 F3   // прием: 9 байт; 10:16:03:517 02.02.2020
// таймаут: 31 мсек


CA E0 EB FE EC ED FB 20 

00 00 07 00 F7 D4 47   // передача: 7 байт; 10:16:03:517 02.02.2020
// приём по количеству байт: 39 из 39
// принято с порта: 39 байт

01 00 27 00 F7 C2 E5 E4 EE EC FB E9 2C 45 73 63 2B 43 52 43 20 2E 31 31 35 32 30 30 00 65 20 20 20 20 20 20 32 6C 00   // прием: 39 байт; 10:16:03:596 02.02.2020
// таймаут: 79 мсек

Ведомый,Esc+CRC 
.115200 e      2

CA E0 EB FE EC ED FB 20 

00 00 08 00 F6 0B 04 1C   // передача: 8 байт; 10:16:03:672 02.02.2020
// приём по количеству байт: 9 из 9
// принято с порта: 9 байт

01 00 09 00 F6 00 00 37 F3   // прием: 9 байт; 10:16:03:719 02.02.2020
// таймаут: 47 мсек


CA E0 EB FE EC ED FB 20 

00 00 07 00 F7 D4 47   // передача: 7 байт; 10:16:03:719 02.02.2020
// приём по количеству байт: 39 из 39
// принято с порта: 39 байт

01 00 27 00 F7 C2 E5 E4 EE EC FB E9 2C 45 73 63 2B 43 52 43 20 2E 32 33 30 34 30 30 00 65 20 20 20 20 20 20 32 28 CE   // прием: 39 байт; 10:16:03:782 02.02.2020
// таймаут: 63 мсек

Ведомый,Esc+CRC 
.230400 e      2

CA E0 EB FE EC ED FB 20 

00 00 08 00 F6 0B 04 1C   // передача: 8 байт; 10:16:03:906 02.02.2020
// приём по количеству байт: 9 из 9
// принято с порта: 9 байт

01 00 09 00 F6 00 00 37 F3   // прием: 9 байт; 10:16:03:938 02.02.2020
// таймаут: 32 мсек


CA E0 EB FE EC ED FB 20 

00 00 07 00 F7 D4 47   // передача: 7 байт; 10:16:03:938 02.02.2020
// приём по количеству байт: 39 из 39
// принято с порта: 39 байт

01 00 27 00 F7 C2 E5 E4 EE EC FB E9 2C 45 73 63 2B 43 52 43 20 2E 31 32 30 30 20 20 00 65 20 20 20 20 20 20 32 CF 94   // прием: 39 байт; 10:16:04:000 02.02.2020
// таймаут: 62 мсек

Ведомый,Esc+CRC 
.1200   e      2

CA E0 EB FE EC ED FB 20 

00 00 08 00 F6 00 45 DB   // передача: 8 байт; 10:16:04:283 02.02.2020
// приём по количеству байт: 9 из 9
// принято с порта: 9 байт

01 00 09 00 F6 00 00 37 F3   // прием: 9 байт; 10:16:04:314 02.02.2020
// таймаут: 31 мсек


CA E0 EB FE EC ED FB 20 

00 00 07 00 F7 D4 47   // передача: 7 байт; 10:16:04:314 02.02.2020
// приём по количеству байт: 39 из 39
// принято с порта: 39 байт

01 00 27 00 F7 C2 E5 E4 EE EC FB E9 2C 45 73 63 2B 43 52 43 20 2E 31 32 30 30 20 20 00 6F 20 20 20 20 20 20 32 4F EB   // прием: 39 байт; 10:16:04:377 02.02.2020
// таймаут: 63 мсек

Ведомый,Esc+CRC 
.1200   o      2

CA E0 EB FE EC ED FB 20 

00 00 08 00 F6 00 45 DB   // передача: 8 байт; 10:16:04:470 02.02.2020
// приём по количеству байт: 9 из 9
// принято с порта: 9 байт

01 00 09 00 F6 00 00 37 F3   // прием: 9 байт; 10:16:04:502 02.02.2020
// таймаут: 32 мсек


CA E0 EB FE EC ED FB 20 

00 00 07 00 F7 D4 47   // передача: 7 байт; 10:16:04:502 02.02.2020
// приём по количеству байт: 39 из 39
// принято с порта: 39 байт

01 00 27 00 F7 C2 E5 E4 EE EC FB E9 2C 45 73 63 2B 43 52 43 20 2E 31 32 30 30 20 20 00 6D 20 20 20 20 20 20 32 CE 32   // прием: 39 байт; 10:16:04:580 02.02.2020
// таймаут: 78 мсек

Ведомый,Esc+CRC 
.1200   m      2

CA E0 EB FE EC ED FB 20 

00 00 08 00 F6 00 45 DB   // передача: 8 байт; 10:16:04:706 02.02.2020
// приём по количеству байт: 9 из 9
// принято с порта: 9 байт

01 00 09 00 F6 00 00 37 F3   // прием: 9 байт; 10:16:04:737 02.02.2020
// таймаут: 31 мсек


CA E0 EB FE EC ED FB 20 

00 00 07 00 F7 D4 47   // передача: 7 байт; 10:16:04:737 02.02.2020
// приём по количеству байт: 39 из 39
// принято с порта: 39 байт

01 00 27 00 F7 C2 E5 E4 EE EC FB E9 2C 45 73 63 2B 43 52 43 20 2E 31 32 30 30 20 20 00 73 20 20 20 20 20 20 32 4E B2   // прием: 39 байт; 10:16:04:799 02.02.2020
// таймаут: 62 мсек

Ведомый,Esc+CRC 
.1200   s      2

CA E0 EB FE EC ED FB 20 

00 00 08 00 F6 0B 04 1C   // передача: 8 байт; 10:16:05:065 02.02.2020
// приём по количеству байт: 9 из 9
// принято с порта: 9 байт

01 00 09 00 F6 00 00 37 F3   // прием: 9 байт; 10:16:05:096 02.02.2020
// таймаут: 31 мсек


CA E0 EB FE EC ED FB 20 

00 00 07 00 F7 D4 47   // передача: 7 байт; 10:16:05:096 02.02.2020
// приём по количеству байт: 39 из 39
// принято с порта: 39 байт

01 00 27 00 F7 C2 E5 E4 EE EC FB E9 2C 45 73 63 2B 43 52 43 20 2E 32 34 30 30 20 20 00 73 20 20 20 20 20 20 32 0B B5   // прием: 39 байт; 10:16:05:158 02.02.2020
// таймаут: 62 мсек

Ведомый,Esc+CRC 
.2400   s      2

CA E0 EB FE EC ED FB 20 

00 00 08 00 F6 0B 04 1C   // передача: 8 байт; 10:16:05:252 02.02.2020
// приём по количеству байт: 9 из 9
// принято с порта: 9 байт

01 00 09 00 F6 00 00 37 F3   // прием: 9 байт; 10:16:05:283 02.02.2020
// таймаут: 31 мсек


CA E0 EB FE EC ED FB 20 

00 00 07 00 F7 D4 47   // передача: 7 байт; 10:16:05:299 02.02.2020
// приём по количеству байт: 39 из 39
// принято с порта: 39 байт

01 00 27 00 F7 C2 E5 E4 EE EC FB E9 2C 45 73 63 2B 43 52 43 20 2E 34 38 30 30 20 20 00 73 20 20 20 20 20 20 32 81 BB   // прием: 39 байт; 10:16:05:361 02.02.2020
// таймаут: 62 мсек

Ведомый,Esc+CRC 
.4800   s      2

CA E0 EB FE EC ED FB 20 

00 00 08 00 F6 00 45 DB   // передача: 8 байт; 10:16:05:846 02.02.2020
// приём по количеству байт: 9 из 9
// принято с порта: 9 байт

01 00 09 00 F6 00 00 37 F3   // прием: 9 байт; 10:16:05:878 02.02.2020
// таймаут: 32 мсек


CA E0 EB FE EC ED FB 20 

00 00 07 00 F7 D4 47   // передача: 7 байт; 10:16:05:878 02.02.2020
// приём по количеству байт: 39 из 39
// принято с порта: 39 байт

01 00 27 00 F7 C2 E5 E4 EE EC FB E9 2C 45 73 63 2B 43 52 43 20 2E 34 38 30 30 20 20 00 6E 20 20 20 20 20 20 32 41 2E   // прием: 39 байт; 10:16:05:940 02.02.2020
// таймаут: 62 мсек

Ведомый,Esc+CRC 
.4800   n      2

CA E0 EB FE EC ED FB 20 

00 00 08 00 F6 00 45 DB   // передача: 8 байт; 10:16:06:018 02.02.2020
// приём по количеству байт: 9 из 9
// принято с порта: 9 байт

01 00 09 00 F6 00 00 37 F3   // прием: 9 байт; 10:16:06:065 02.02.2020
// таймаут: 47 мсек


CA E0 EB FE EC ED FB 20 

00 00 07 00 F7 D4 47   // передача: 7 байт; 10:16:06:065 02.02.2020
// приём по количеству байт: 39 из 39
// принято с порта: 39 байт

01 00 27 00 F7 C2 E5 E4 EE EC FB E9 2C 45 73 63 2B 43 52 43 20 2E 34 38 30 30 20 20 00 65 20 20 20 20 20 20 32 00 9D   // прием: 39 байт; 10:16:06:127 02.02.2020
// таймаут: 62 мсек

Ведомый,Esc+CRC 
.4800   e      2

CA E0 EB FE EC ED FB 20 

00 00 08 00 F6 0B 04 1C   // передача: 8 байт; 10:16:06:408 02.02.2020
// приём по количеству байт: 9 из 9
// принято с порта: 9 байт

01 00 09 00 F6 00 00 37 F3   // прием: 9 байт; 10:16:06:455 02.02.2020
// таймаут: 47 мсек


CA E0 EB FE EC ED FB 20 

00 00 07 00 F7 D4 47   // передача: 7 байт; 10:16:06:455 02.02.2020
// приём по количеству байт: 39 из 39
// принято с порта: 39 байт

01 00 27 00 F7 C2 E5 E4 EE EC FB E9 2C 45 73 63 2B 43 52 43 20 2E 39 36 30 30 20 20 00 65 20 20 20 20 20 20 32 C2 56   // прием: 39 байт; 10:16:06:518 02.02.2020
// таймаут: 63 мсек

Ведомый,Esc+CRC 
.9600   e      2

CA E0 EB FE EC ED FB 20 

00 00 08 00 F6 0B 04 1C   // передача: 8 байт; 10:16:06:627 02.02.2020
// приём по количеству байт: 9 из 9
// принято с порта: 9 байт

01 00 09 00 F6 00 00 37 F3   // прием: 9 байт; 10:16:06:674 02.02.2020
// таймаут: 47 мсек


CA E0 EB FE EC ED FB 20 

00 00 07 00 F7 D4 47   // передача: 7 байт; 10:16:06:674 02.02.2020
// приём по количеству байт: 39 из 39
// принято с порта: 39 байт

01 00 27 00 F7 C2 E5 E4 EE EC FB E9 2C 45 73 63 2B 43 52 43 20 2E 31 39 32 30 30 20 00 65 20 20 20 20 20 20 32 96 DD   // прием: 39 байт; 10:16:06:738 02.02.2020
// таймаут: 64 мсек

Ведомый,Esc+CRC 
.19200  e      2

CA E0 EB FE EC ED FB 20 

00 00 08 00 F6 0B 04 1C   // передача: 8 байт; 10:16:06:926 02.02.2020
// приём по количеству байт: 9 из 9
// принято с порта: 9 байт

01 00 09 00 F6 00 00 37 F3   // прием: 9 байт; 10:16:06:957 02.02.2020
// таймаут: 31 мсек


CA E0 EB FE EC ED FB 20 

00 00 07 00 F7 D4 47   // передача: 7 байт; 10:16:06:957 02.02.2020
// приём по количеству байт: 39 из 39
// принято с порта: 39 байт

01 00 27 00 F7 C2 E5 E4 EE EC FB E9 2C 45 73 63 2B 43 52 43 20 2E 33 38 34 30 30 20 00 65 20 20 20 20 20 20 32 1D DB   // прием: 39 байт; 10:16:07:035 02.02.2020
// таймаут: 78 мсек

Ведомый,Esc+CRC 
.38400  e      2

CA E0 EB FE EC ED FB 20 

00 00 08 00 F6 0B 04 1C   // передача: 8 байт; 10:16:07:113 02.02.2020
// приём по количеству байт: 9 из 9
// принято с порта: 9 байт

01 00 09 00 F6 00 00 37 F3   // прием: 9 байт; 10:16:07:160 02.02.2020
// таймаут: 47 мсек


CA E0 EB FE EC ED FB 20 

00 00 07 00 F7 D4 47   // передача: 7 байт; 10:16:07:160 02.02.2020
// приём по количеству байт: 39 из 39
// принято с порта: 39 байт

01 00 27 00 F7 C2 E5 E4 EE EC FB E9 2C 45 73 63 2B 43 52 43 20 2E 35 37 36 30 30 20 00 65 20 20 20 20 20 20 32 93 94   // прием: 39 байт; 10:16:07:222 02.02.2020
// таймаут: 62 мсек

Ведомый,Esc+CRC 
.57600  e      2

CA E0 EB FE EC ED FB 20 

00 00 08 00 F6 00 45 DB   // передача: 8 байт; 10:16:07:582 02.02.2020
// приём по количеству байт: 9 из 9
// принято с порта: 9 байт

01 00 09 00 F6 00 00 37 F3   // прием: 9 байт; 10:16:07:613 02.02.2020
// таймаут: 31 мсек


CA E0 EB FE EC ED FB 20 

00 00 07 00 F7 D4 47   // передача: 7 байт; 10:16:07:613 02.02.2020
// приём по количеству байт: 39 из 39
// принято с порта: 39 байт

01 00 27 00 F7 C2 E5 E4 EE EC FB E9 2C 45 73 63 2B 43 52 43 20 2E 35 37 36 30 30 20 00 6F 20 20 20 20 20 20 32 13 EB   // прием: 39 байт; 10:16:07:676 02.02.2020
// таймаут: 63 мсек

Ведомый,Esc+CRC 
.57600  o      2

CA E0 EB FE EC ED FB 20 

00 00 08 00 F6 00 45 DB   // передача: 8 байт; 10:16:07:754 02.02.2020
// приём по количеству байт: 9 из 9
// принято с порта: 9 байт

01 00 09 00 F6 00 00 37 F3   // прием: 9 байт; 10:16:07:801 02.02.2020
// таймаут: 47 мсек


CA E0 EB FE EC ED FB 20 

00 00 07 00 F7 D4 47   // передача: 7 байт; 10:16:07:801 02.02.2020
// приём по количеству байт: 39 из 39
// принято с порта: 39 байт

01 00 27 00 F7 C2 E5 E4 EE EC FB E9 2C 45 73 63 2B 43 52 43 20 2E 35 37 36 30 30 20 00 6D 20 20 20 20 20 20 32 92 32   // прием: 39 байт; 10:16:07:863 02.02.2020
// таймаут: 62 мсек

Ведомый,Esc+CRC 
.57600  m      2

CA E0 EB FE EC ED FB 20 

00 00 08 00 F6 0B 04 1C   // передача: 8 байт; 10:16:08:097 02.02.2020
// приём по количеству байт: 9 из 9
// принято с порта: 9 байт

01 00 09 00 F6 00 00 37 F3   // прием: 9 байт; 10:16:08:144 02.02.2020
// таймаут: 47 мсек


CA E0 EB FE EC ED FB 20 

00 00 07 00 F7 D4 47   // передача: 7 байт; 10:16:08:144 02.02.2020
// приём по количеству байт: 39 из 39
// принято с порта: 39 байт

01 00 27 00 F7 C2 E5 E4 EE EC FB E9 2C 45 73 63 2B 43 52 43 20 2E 31 31 35 32 30 30 00 6D 20 20 20 20 20 20 32 6D A6   // прием: 39 байт; 10:16:08:207 02.02.2020
// таймаут: 63 мсек

Ведомый,Esc+CRC 
.115200 m      2

CA E0 EB FE EC ED FB 20 

00 00 08 00 F6 0B 04 1C   // передача: 8 байт; 10:16:08:318 02.02.2020
// приём по количеству байт: 9 из 9
// принято с порта: 9 байт

01 00 09 00 F6 00 00 37 F3   // прием: 9 байт; 10:16:08:349 02.02.2020
// таймаут: 31 мсек


CA E0 EB FE EC ED FB 20 

00 00 07 00 F7 D4 47   // передача: 7 байт; 10:16:08:349 02.02.2020
// приём по количеству байт: 39 из 39
// принято с порта: 39 байт

01 00 27 00 F7 C2 E5 E4 EE EC FB E9 2C 45 73 63 2B 43 52 43 20 2E 32 33 30 34 30 30 00 6D 20 20 20 20 20 20 32 29 68   // прием: 39 байт; 10:16:08:412 02.02.2020
// таймаут: 63 мсек

Ведомый,Esc+CRC 
.230400 m      2

CA E0 EB FE EC ED FB 20 

00 00 08 00 F6 00 45 DB   // передача: 8 байт; 10:16:08:662 02.02.2020
// приём по количеству байт: 9 из 9
// принято с порта: 9 байт

01 00 09 00 F6 00 00 37 F3   // прием: 9 байт; 10:16:08:694 02.02.2020
// таймаут: 32 мсек


CA E0 EB FE EC ED FB 20 

00 00 07 00 F7 D4 47   // передача: 7 байт; 10:16:08:694 02.02.2020
// приём по количеству байт: 39 из 39
// принято с порта: 39 байт

01 00 27 00 F7 C2 E5 E4 EE EC FB E9 2C 45 73 63 2B 43 52 43 20 2E 32 33 30 34 30 30 00 73 20 20 20 20 20 20 32 A9 E8   // прием: 39 байт; 10:16:08:771 02.02.2020
// таймаут: 77 мсек

Ведомый,Esc+CRC 
.230400 s      2

CA E0 EB FE EC ED FB 20 

00 00 08 00 F6 00 45 DB   // передача: 8 байт; 10:16:08:849 02.02.2020
// приём по количеству байт: 9 из 9
// принято с порта: 9 байт

01 00 09 00 F6 00 00 37 F3   // прием: 9 байт; 10:16:08:896 02.02.2020
// таймаут: 47 мсек


CA E0 EB FE EC ED FB 20 

00 00 07 00 F7 D4 47   // передача: 7 байт; 10:16:08:896 02.02.2020
// приём по количеству байт: 39 из 39
// принято с порта: 39 байт

01 00 27 00 F7 C2 E5 E4 EE EC FB E9 2C 45 73 63 2B 43 52 43 20 2E 32 33 30 34 30 30 00 6E 20 20 20 20 20 20 32 69 7D   // прием: 39 байт; 10:16:08:958 02.02.2020
// таймаут: 62 мсек

Ведомый,Esc+CRC 
.230400 n      2

CA E0 EB FE EC ED FB 20 

00 00 08 00 F6 0B 04 1C   // передача: 8 байт; 10:16:09:130 02.02.2020
// приём по количеству байт: 9 из 9
// принято с порта: 9 байт

01 00 09 00 F6 00 00 37 F3   // прием: 9 байт; 10:16:09:177 02.02.2020
// таймаут: 47 мсек


CA E0 EB FE EC ED FB 20 

00 00 07 00 F7 D4 47   // передача: 7 байт; 10:16:09:177 02.02.2020
// приём по количеству байт: 39 из 39
// принято с порта: 39 байт

01 00 27 00 F7 C2 E5 E4 EE EC FB E9 2C 45 73 63 2B 43 52 43 20 2E 31 32 30 30 20 20 00 6E 20 20 20 20 20 20 32 8E 27   // прием: 39 байт; 10:16:09:244 02.02.2020
// таймаут: 67 мсек

Ведомый,Esc+CRC 
.1200   n      2

CA E0 EB FE EC ED FB 20 

00 00 08 00 F6 0B 04 1C   // передача: 8 байт; 10:16:09:381 02.02.2020
// приём по количеству байт: 9 из 9
// принято с порта: 9 байт

01 00 09 00 F6 00 00 37 F3   // прием: 9 байт; 10:16:09:412 02.02.2020
// таймаут: 31 мсек


CA E0 EB FE EC ED FB 20 

00 00 07 00 F7 D4 47   // передача: 7 байт; 10:16:09:412 02.02.2020
// приём по количеству байт: 39 из 39
// принято с порта: 39 байт

01 00 27 00 F7 C2 E5 E4 EE EC FB E9 2C 45 73 63 2B 43 52 43 20 2E 32 34 30 30 20 20 00 6E 20 20 20 20 20 20 32 CB 20   // прием: 39 байт; 10:16:09:490 02.02.2020
// таймаут: 78 мсек

Ведомый,Esc+CRC 
.2400   n      2

// О программе
