
CA E0 EB FE EC ED FB 20 

00 00 07 00 F7 D4 47   // передача: 7 байт; 10:17:33:614 02.02.2020
// приём по количеству байт: 39 из 39
// принято с порта: 39 байт

01 00 27 00 F7 C2 E5 E4 EE EC FB E9 2C 45 73 63 2B 43 52 43 20 2E 32 34 30 30 20 20 00 6E 20 20 20 20 20 20 32 CB 20   // прием: 39 байт; 10:17:33:676 02.02.2020
// таймаут: 62 мсек

Ведомый,Esc+CRC 
.2400   n      2

CA E0 EB FE EC ED FB 20 

00 00 08 00 F6 00 45 DB   // передача: 8 байт; 10:17:34:895 02.02.2020
// приём по количеству байт: 9 из 9
// принято с порта: 9 байт

01 00 09 00 F6 00 00 37 F3   // прием: 9 байт; 10:17:34:926 02.02.2020
// таймаут: 31 мсек


CA E0 EB FE EC ED FB 20 

00 00 07 00 F7 D4 47   // передача: 7 байт; 10:17:34:926 02.02.2020
// приём по количеству байт: 39 из 39
// принято с порта: 39 байт

01 00 27 00 F7 C2 E5 E4 EE EC FB E9 2C 45 73 63 2B 43 52 43 20 2E 32 34 30 30 20 20 00 65 20 20 20 20 20 20 32 8A 93   // прием: 39 байт; 10:17:35:004 02.02.2020
// таймаут: 78 мсек

Ведомый,Esc+CRC 
.2400   e      2

CA E0 EB FE EC ED FB 20 

00 00 08 00 F6 00 45 DB   // передача: 8 байт; 10:17:35:082 02.02.2020
// приём по количеству байт: 9 из 9
// принято с порта: 9 байт

01 00 09 00 F6 00 00 37 F3   // прием: 9 байт; 10:17:35:129 02.02.2020
// таймаут: 47 мсек


CA E0 EB FE EC ED FB 20 

00 00 07 00 F7 D4 47   // передача: 7 байт; 10:17:35:129 02.02.2020
// приём по количеству байт: 39 из 39
// принято с порта: 39 байт

01 00 27 00 F7 C2 E5 E4 EE EC FB E9 2C 45 73 63 2B 43 52 43 20 2E 32 34 30 30 20 20 00 6F 20 20 20 20 20 20 32 0A EC   // прием: 39 байт; 10:17:35:191 02.02.2020
// таймаут: 62 мсек

Ведомый,Esc+CRC 
.2400   o      2

CA E0 EB FE EC ED FB 20 

00 00 08 00 F6 00 45 DB   // передача: 8 байт; 10:17:35:279 02.02.2020
// приём по количеству байт: 9 из 9
// принято с порта: 9 байт

01 00 09 00 F6 00 00 37 F3   // прием: 9 байт; 10:17:35:301 02.02.2020
// таймаут: 22 мсек


CA E0 EB FE EC ED FB 20 

00 00 07 00 F7 D4 47   // передача: 7 байт; 10:17:35:301 02.02.2020
// приём по количеству байт: 39 из 39
// принято с порта: 39 байт

01 00 27 00 F7 C2 E5 E4 EE EC FB E9 2C 45 73 63 2B 43 52 43 20 2E 32 34 30 30 20 20 00 6D 20 20 20 20 20 20 32 8B 35   // прием: 39 байт; 10:17:35:379 02.02.2020
// таймаут: 78 мсек

Ведомый,Esc+CRC 
.2400   m      2

CA E0 EB FE EC ED FB 20 

00 00 08 00 F6 0B 04 1C   // передача: 8 байт; 10:17:35:786 02.02.2020
// приём по количеству байт: 9 из 9
// принято с порта: 9 байт

01 00 09 00 F6 00 00 37 F3   // прием: 9 байт; 10:17:35:833 02.02.2020
// таймаут: 47 мсек


CA E0 EB FE EC ED FB 20 

00 00 07 00 F7 D4 47   // передача: 7 байт; 10:17:35:833 02.02.2020
// приём по количеству байт: 39 из 39
// принято с порта: 39 байт

01 00 27 00 F7 C2 E5 E4 EE EC FB E9 2C 45 73 63 2B 43 52 43 20 2E 34 38 30 30 20 20 00 6D 20 20 20 20 20 20 32 01 3B   // прием: 39 байт; 10:17:35:895 02.02.2020
// таймаут: 62 мсек

Ведомый,Esc+CRC 
.4800   m      2

CA E0 EB FE EC ED FB 20 

00 00 08 00 F6 0B 04 1C   // передача: 8 байт; 10:17:35:989 02.02.2020
// приём по количеству байт: 9 из 9
// принято с порта: 9 байт

01 00 09 00 F6 00 00 37 F3   // прием: 9 байт; 10:17:36:020 02.02.2020
// таймаут: 31 мсек


CA E0 EB FE EC ED FB 20 

00 00 07 00 F7 D4 47   // передача: 7 байт; 10:17:36:035 02.02.2020
// приём по количеству байт: 39 из 39
// принято с порта: 39 байт

01 00 27 00 F7 C2 E5 E4 EE EC FB E9 2C 45 73 63 2B 43 52 43 20 2E 39 36 30 30 20 20 00 6D 20 20 20 20 20 20 32 C3 F0   // прием: 39 байт; 10:17:36:098 02.02.2020
// таймаут: 63 мсек

Ведомый,Esc+CRC 
.9600   m      2

CA E0 EB FE EC ED FB 20 

00 00 08 00 F6 0B 04 1C   // передача: 8 байт; 10:17:36:176 02.02.2020
// приём по количеству байт: 9 из 9
// принято с порта: 9 байт

01 00 09 00 F6 00 00 37 F3   // прием: 9 байт; 10:17:36:207 02.02.2020
// таймаут: 31 мсек


CA E0 EB FE EC ED FB 20 

00 00 07 00 F7 D4 47   // передача: 7 байт; 10:17:36:207 02.02.2020
// приём по количеству байт: 39 из 39
// принято с порта: 39 байт

01 00 27 00 F7 C2 E5 E4 EE EC FB E9 2C 45 73 63 2B 43 52 43 20 2E 31 39 32 30 30 20 00 6D 20 20 20 20 20 20 32 97 7B   // прием: 39 байт; 10:17:36:284 02.02.2020
// таймаут: 77 мсек

Ведомый,Esc+CRC 
.19200  m      2

CA E0 EB FE EC ED FB 20 

00 00 08 00 F6 00 45 DB   // передача: 8 байт; 10:17:36:629 02.02.2020
// приём по количеству байт: 9 из 9
// принято с порта: 9 байт

01 00 09 00 F6 00 00 37 F3   // прием: 9 байт; 10:17:36:660 02.02.2020
// таймаут: 31 мсек


CA E0 EB FE EC ED FB 20 

00 00 07 00 F7 D4 47   // передача: 7 байт; 10:17:36:660 02.02.2020
// приём по количеству байт: 39 из 39
// принято с порта: 39 байт

01 00 27 00 F7 C2 E5 E4 EE EC FB E9 2C 45 73 63 2B 43 52 43 20 2E 31 39 32 30 30 20 00 73 20 20 20 20 20 20 32 17 FB   // прием: 39 байт; 10:17:36:722 02.02.2020
// таймаут: 62 мсек

Ведомый,Esc+CRC 
.19200  s      2

CA E0 EB FE EC ED FB 20 

00 00 08 00 F6 00 45 DB   // передача: 8 байт; 10:17:36:818 02.02.2020
// приём по количеству байт: 9 из 9
// принято с порта: 9 байт

01 00 09 00 F6 00 00 37 F3   // прием: 9 байт; 10:17:36:849 02.02.2020
// таймаут: 31 мсек


CA E0 EB FE EC ED FB 20 

00 00 07 00 F7 D4 47   // передача: 7 байт; 10:17:36:849 02.02.2020
// приём по количеству байт: 39 из 39
// принято с порта: 39 байт

01 00 27 00 F7 C2 E5 E4 EE EC FB E9 2C 45 73 63 2B 43 52 43 20 2E 31 39 32 30 30 20 00 6E 20 20 20 20 20 20 32 D7 6E   // прием: 39 байт; 10:17:36:911 02.02.2020
// таймаут: 62 мсек

Ведомый,Esc+CRC 
.19200  n      2

CA E0 EB FE EC ED FB 20 

00 00 08 00 F6 0B 04 1C   // передача: 8 байт; 10:17:37:396 02.02.2020
// приём по количеству байт: 9 из 9
// принято с порта: 9 байт

01 00 09 00 F6 00 00 37 F3   // прием: 9 байт; 10:17:37:428 02.02.2020
// таймаут: 32 мсек


CA E0 EB FE EC ED FB 20 

00 00 07 00 F7 D4 47   // передача: 7 байт; 10:17:37:428 02.02.2020
// приём по количеству байт: 39 из 39
// принято с порта: 39 байт

01 00 27 00 F7 C2 E5 E4 EE EC FB E9 2C 45 73 63 2B 43 52 43 20 2E 33 38 34 30 30 20 00 6E 20 20 20 20 20 20 32 5C 68   // прием: 39 байт; 10:17:37:490 02.02.2020
// таймаут: 62 мсек

Ведомый,Esc+CRC 
.38400  n      2

CA E0 EB FE EC ED FB 20 

00 00 08 00 F6 0B 04 1C   // передача: 8 байт; 10:17:37:584 02.02.2020
// приём по количеству байт: 9 из 9
// принято с порта: 9 байт

01 00 09 00 F6 00 00 37 F3   // прием: 9 байт; 10:17:37:615 02.02.2020
// таймаут: 31 мсек


CA E0 EB FE EC ED FB 20 

00 00 07 00 F7 D4 47   // передача: 7 байт; 10:17:37:615 02.02.2020
// приём по количеству байт: 39 из 39
// принято с порта: 39 байт

01 00 27 00 F7 C2 E5 E4 EE EC FB E9 2C 45 73 63 2B 43 52 43 20 2E 35 37 36 30 30 20 00 6E 20 20 20 20 20 20 32 D2 27   // прием: 39 байт; 10:17:37:677 02.02.2020
// таймаут: 62 мсек

Ведомый,Esc+CRC 
.57600  n      2

CA E0 EB FE EC ED FB 20 

00 00 08 00 F6 0B 04 1C   // передача: 8 байт; 10:17:37:799 02.02.2020
// приём по количеству байт: 9 из 9
// принято с порта: 9 байт

01 00 09 00 F6 00 00 37 F3   // прием: 9 байт; 10:17:37:834 02.02.2020
// таймаут: 35 мсек


CA E0 EB FE EC ED FB 20 

00 00 07 00 F7 D4 47   // передача: 7 байт; 10:17:37:834 02.02.2020
// приём по количеству байт: 39 из 39
// принято с порта: 39 байт

01 00 27 00 F7 C2 E5 E4 EE EC FB E9 2C 45 73 63 2B 43 52 43 20 2E 31 31 35 32 30 30 00 6E 20 20 20 20 20 20 32 2D B3   // прием: 39 байт; 10:17:37:896 02.02.2020
// таймаут: 62 мсек

Ведомый,Esc+CRC 
.115200 n      2

CA E0 EB FE EC ED FB 20 

00 00 08 00 F6 0D 84 1E   // передача: 8 байт; 10:17:38:286 02.02.2020
// приём по количеству байт: 9 из 9
// принято с порта: 9 байт

01 00 09 00 F6 00 00 37 F3   // прием: 9 байт; 10:17:38:319 02.02.2020
// таймаут: 33 мсек


CA E0 EB FE EC ED FB 20 

00 00 07 00 F7 D4 47   // передача: 7 байт; 10:17:38:319 02.02.2020
// приём по количеству байт: 39 из 39
// принято с порта: 39 байт

01 00 27 00 F7 C2 E5 E4 F3 F9 E8 E9 2C EF F0 FF EC EE E9 20 20 2E 39 36 30 30 20 20 00 6E 20 20 20 20 2B 20 33 DE 16   // прием: 39 байт; 10:17:38:382 02.02.2020
// таймаут: 63 мсек

Ведущий,прямой  
.9600   n    + 3

CA E0 EB FE EC ED FB 20 

00 00 08 00 F6 00 45 DB   // передача: 8 байт; 10:17:39:211 02.02.2020
// приём по количеству байт: 9 из 9
// принято с порта: 9 байт

01 00 09 00 F6 00 00 37 F3   // прием: 9 байт; 10:17:39:243 02.02.2020
// таймаут: 32 мсек


CA E0 EB FE EC ED FB 20 

00 00 07 00 F7 D4 47   // передача: 7 байт; 10:17:39:243 02.02.2020
// приём по количеству байт: 39 из 39
// принято с порта: 39 байт

01 00 27 00 F7 C2 E5 E4 F3 F9 E8 E9 2C EF F0 FF EC EE E9 20 20 2E 39 36 30 30 20 20 00 65 20 20 20 20 2B 20 33 9F A5   // прием: 39 байт; 10:17:39:316 02.02.2020
// таймаут: 73 мсек

Ведущий,прямой  
.9600   e    + 3

CA E0 EB FE EC ED FB 20 

00 00 08 00 F6 00 45 DB   // передача: 8 байт; 10:17:39:397 02.02.2020
// приём по количеству байт: 9 из 9
// принято с порта: 9 байт

01 00 09 00 F6 00 00 37 F3   // прием: 9 байт; 10:17:39:428 02.02.2020
// таймаут: 31 мсек


CA E0 EB FE EC ED FB 20 

00 00 07 00 F7 D4 47   // передача: 7 байт; 10:17:39:428 02.02.2020
// приём по количеству байт: 39 из 39
// принято с порта: 39 байт

01 00 27 00 F7 C2 E5 E4 F3 F9 E8 E9 2C EF F0 FF EC EE E9 20 20 2E 39 36 30 30 20 20 00 6F 20 20 20 20 2B 20 33 1F DA   // прием: 39 байт; 10:17:39:491 02.02.2020
// таймаут: 63 мсек

Ведущий,прямой  
.9600   o    + 3

CA E0 EB FE EC ED FB 20 

00 00 08 00 F6 00 45 DB   // передача: 8 байт; 10:17:39:585 02.02.2020
// приём по количеству байт: 9 из 9
// принято с порта: 9 байт

01 00 09 00 F6 00 00 37 F3   // прием: 9 байт; 10:17:39:632 02.02.2020
// таймаут: 47 мсек


CA E0 EB FE EC ED FB 20 

00 00 07 00 F7 D4 47   // передача: 7 байт; 10:17:39:632 02.02.2020
// приём по количеству байт: 39 из 39
// принято с порта: 39 байт

01 00 27 00 F7 C2 E5 E4 F3 F9 E8 E9 2C EF F0 FF EC EE E9 20 20 2E 39 36 30 30 20 20 00 6D 20 20 20 20 2B 20 33 9E 03   // прием: 39 байт; 10:17:39:694 02.02.2020
// таймаут: 62 мсек

Ведущий,прямой  
.9600   m    + 3

CA E0 EB FE EC ED FB 20 

00 00 08 00 F6 0B 04 1C   // передача: 8 байт; 10:17:40:085 02.02.2020
// приём по количеству байт: 9 из 9
// принято с порта: 9 байт

01 00 09 00 F6 00 00 37 F3   // прием: 9 байт; 10:17:40:116 02.02.2020
// таймаут: 31 мсек


CA E0 EB FE EC ED FB 20 

00 00 07 00 F7 D4 47   // передача: 7 байт; 10:17:40:132 02.02.2020
// приём по количеству байт: 39 из 39
// принято с порта: 39 байт

01 00 27 00 F7 C2 E5 E4 F3 F9 E8 E9 2C EF F0 FF EC EE E9 20 20 2E 31 39 32 30 30 20 00 6D 20 20 20 20 2B 20 33 CA 88   // прием: 39 байт; 10:17:40:194 02.02.2020
// таймаут: 62 мсек

Ведущий,прямой  
.19200  m    + 3

CA E0 EB FE EC ED FB 20 

00 00 08 00 F6 0B 04 1C   // передача: 8 байт; 10:17:40:303 02.02.2020
// приём по количеству байт: 9 из 9
// принято с порта: 9 байт

01 00 09 00 F6 00 00 37 F3   // прием: 9 байт; 10:17:40:336 02.02.2020
// таймаут: 33 мсек


CA E0 EB FE EC ED FB 20 

00 00 07 00 F7 D4 47   // передача: 7 байт; 10:17:40:336 02.02.2020
// приём по количеству байт: 39 из 39
// принято с порта: 39 байт

01 00 27 00 F7 C2 E5 E4 F3 F9 E8 E9 2C EF F0 FF EC EE E9 20 20 2E 33 38 34 30 30 20 00 6D 20 20 20 20 2B 20 33 41 8E   // прием: 39 байт; 10:17:40:399 02.02.2020
// таймаут: 63 мсек

Ведущий,прямой  
.38400  m    + 3

CA E0 EB FE EC ED FB 20 

00 00 08 00 F6 0B 04 1C   // передача: 8 байт; 10:17:40:508 02.02.2020
// приём по количеству байт: 9 из 9
// принято с порта: 9 байт

01 00 09 00 F6 00 00 37 F3   // прием: 9 байт; 10:17:40:539 02.02.2020
// таймаут: 31 мсек


CA E0 EB FE EC ED FB 20 

00 00 07 00 F7 D4 47   // передача: 7 байт; 10:17:40:555 02.02.2020
// приём по количеству байт: 39 из 39
// принято с порта: 39 байт

01 00 27 00 F7 C2 E5 E4 F3 F9 E8 E9 2C EF F0 FF EC EE E9 20 20 2E 35 37 36 30 30 20 00 6D 20 20 20 20 2B 20 33 CF C1   // прием: 39 байт; 10:17:40:617 02.02.2020
// таймаут: 62 мсек

Ведущий,прямой  
.57600  m    + 3

CA E0 EB FE EC ED FB 20 

00 00 08 00 F6 00 45 DB   // передача: 8 байт; 10:17:40:931 02.02.2020
// приём по количеству байт: 9 из 9
// принято с порта: 9 байт

01 00 09 00 F6 00 00 37 F3   // прием: 9 байт; 10:17:40:962 02.02.2020
// таймаут: 31 мсек


CA E0 EB FE EC ED FB 20 

00 00 07 00 F7 D4 47   // передача: 7 байт; 10:17:40:962 02.02.2020
// приём по количеству байт: 39 из 39
// принято с порта: 39 байт

01 00 27 00 F7 C2 E5 E4 F3 F9 E8 E9 2C EF F0 FF EC EE E9 20 20 2E 35 37 36 30 30 20 00 73 20 20 20 20 2B 20 33 4F 41   // прием: 39 байт; 10:17:41:024 02.02.2020
// таймаут: 62 мсек

Ведущий,прямой  
.57600  s    + 3

CA E0 EB FE EC ED FB 20 

00 00 08 00 F6 00 45 DB   // передача: 8 байт; 10:17:41:133 02.02.2020
// приём по количеству байт: 9 из 9
// принято с порта: 9 байт

01 00 09 00 F6 00 00 37 F3   // прием: 9 байт; 10:17:41:165 02.02.2020
// таймаут: 32 мсек


CA E0 EB FE EC ED FB 20 

00 00 07 00 F7 D4 47   // передача: 7 байт; 10:17:41:165 02.02.2020
// приём по количеству байт: 39 из 39
// принято с порта: 39 байт

01 00 27 00 F7 C2 E5 E4 F3 F9 E8 E9 2C EF F0 FF EC EE E9 20 20 2E 35 37 36 30 30 20 00 6E 20 20 20 20 2B 20 33 8F D4   // прием: 39 байт; 10:17:41:227 02.02.2020
// таймаут: 62 мсек

Ведущий,прямой  
.57600  n    + 3

CA E0 EB FE EC ED FB 20 

00 00 08 00 F6 00 45 DB   // передача: 8 байт; 10:17:41:305 02.02.2020
// приём по количеству байт: 9 из 9
// принято с порта: 9 байт

01 00 09 00 F6 00 00 37 F3   // прием: 9 байт; 10:17:41:354 02.02.2020
// таймаут: 49 мсек


CA E0 EB FE EC ED FB 20 

00 00 07 00 F7 D4 47   // передача: 7 байт; 10:17:41:354 02.02.2020
// приём по количеству байт: 39 из 39
// принято с порта: 39 байт

01 00 27 00 F7 C2 E5 E4 F3 F9 E8 E9 2C EF F0 FF EC EE E9 20 20 2E 35 37 36 30 30 20 00 65 20 20 20 20 2B 20 33 CE 67   // прием: 39 байт; 10:17:41:416 02.02.2020
// таймаут: 62 мсек

Ведущий,прямой  
.57600  e    + 3

CA E0 EB FE EC ED FB 20 

00 00 08 00 F6 0B 04 1C   // передача: 8 байт; 10:17:41:713 02.02.2020
// приём по количеству байт: 9 из 9
// принято с порта: 9 байт

01 00 09 00 F6 00 00 37 F3   // прием: 9 байт; 10:17:41:744 02.02.2020
// таймаут: 31 мсек


CA E0 EB FE EC ED FB 20 

00 00 07 00 F7 D4 47   // передача: 7 байт; 10:17:41:744 02.02.2020
// приём по количеству байт: 39 из 39
// принято с порта: 39 байт

01 00 27 00 F7 C2 E5 E4 F3 F9 E8 E9 2C EF F0 FF EC EE E9 20 20 2E 31 32 30 30 20 20 00 65 20 20 20 20 2B 20 33 92 67   // прием: 39 байт; 10:17:41:806 02.02.2020
// таймаут: 62 мсек

Ведущий,прямой  
.1200   e    + 3

CA E0 EB FE EC ED FB 20 

00 00 08 00 F6 0B 04 1C   // передача: 8 байт; 10:17:41:899 02.02.2020
// приём по количеству байт: 9 из 9
// принято с порта: 9 байт

01 00 09 00 F6 00 00 37 F3   // прием: 9 байт; 10:17:41:946 02.02.2020
// таймаут: 47 мсек


CA E0 EB FE EC ED FB 20 

00 00 07 00 F7 D4 47   // передача: 7 байт; 10:17:41:946 02.02.2020
// приём по количеству байт: 39 из 39
// принято с порта: 39 байт

01 00 27 00 F7 C2 E5 E4 F3 F9 E8 E9 2C EF F0 FF EC EE E9 20 20 2E 32 34 30 30 20 20 00 65 20 20 20 20 2B 20 33 D7 60   // прием: 39 байт; 10:17:42:008 02.02.2020
// таймаут: 62 мсек

Ведущий,прямой  
.2400   e    + 3

CA E0 EB FE EC ED FB 20 

00 00 08 00 F6 0B 04 1C   // передача: 8 байт; 10:17:42:086 02.02.2020
// приём по количеству байт: 9 из 9
// принято с порта: 9 байт

01 00 09 00 F6 00 00 37 F3   // прием: 9 байт; 10:17:42:118 02.02.2020
// таймаут: 32 мсек


CA E0 EB FE EC ED FB 20 

00 00 07 00 F7 D4 47   // передача: 7 байт; 10:17:42:118 02.02.2020
// приём по количеству байт: 39 из 39
// принято с порта: 39 байт

01 00 27 00 F7 C2 E5 E4 F3 F9 E8 E9 2C EF F0 FF EC EE E9 20 20 2E 34 38 30 30 20 20 00 65 20 20 20 20 2B 20 33 5D 6E   // прием: 39 байт; 10:17:42:196 02.02.2020
// таймаут: 78 мсек

Ведущий,прямой  
.4800   e    + 3

CA E0 EB FE EC ED FB 20 

00 00 08 00 F6 00 45 DB   // передача: 8 байт; 10:17:42:478 02.02.2020
// приём по количеству байт: 9 из 9
// принято с порта: 9 байт

01 00 09 00 F6 00 00 37 F3   // прием: 9 байт; 10:17:42:509 02.02.2020
// таймаут: 31 мсек


CA E0 EB FE EC ED FB 20 

00 00 07 00 F7 D4 47   // передача: 7 байт; 10:17:42:509 02.02.2020
// приём по количеству байт: 39 из 39
// принято с порта: 39 байт

01 00 27 00 F7 C2 E5 E4 F3 F9 E8 E9 2C EF F0 FF EC EE E9 20 20 2E 34 38 30 30 20 20 00 6F 20 20 20 20 2B 20 33 DD 11   // прием: 39 байт; 10:17:42:587 02.02.2020
// таймаут: 78 мсек

Ведущий,прямой  
.4800   o    + 3

CA E0 EB FE EC ED FB 20 

00 00 08 00 F6 00 45 DB   // передача: 8 байт; 10:17:42:665 02.02.2020
// приём по количеству байт: 9 из 9
// принято с порта: 9 байт

01 00 09 00 F6 00 00 37 F3   // прием: 9 байт; 10:17:42:712 02.02.2020
// таймаут: 47 мсек


CA E0 EB FE EC ED FB 20 

00 00 07 00 F7 D4 47   // передача: 7 байт; 10:17:42:712 02.02.2020
// приём по количеству байт: 39 из 39
// принято с порта: 39 байт

01 00 27 00 F7 C2 E5 E4 F3 F9 E8 E9 2C EF F0 FF EC EE E9 20 20 2E 34 38 30 30 20 20 00 6D 20 20 20 20 2B 20 33 5C C8   // прием: 39 байт; 10:17:42:774 02.02.2020
// таймаут: 62 мсек

Ведущий,прямой  
.4800   m    + 3

CA E0 EB FE EC ED FB 20 

00 00 08 00 F6 00 45 DB   // передача: 8 байт; 10:17:42:868 02.02.2020
// приём по количеству байт: 9 из 9
// принято с порта: 9 байт

01 00 09 00 F6 00 00 37 F3   // прием: 9 байт; 10:17:42:899 02.02.2020
// таймаут: 31 мсек


CA E0 EB FE EC ED FB 20 

00 00 07 00 F7 D4 47   // передача: 7 байт; 10:17:42:915 02.02.2020
// приём по количеству байт: 39 из 39
// принято с порта: 39 байт

01 00 27 00 F7 C2 E5 E4 F3 F9 E8 E9 2C EF F0 FF EC EE E9 20 20 2E 34 38 30 30 20 20 00 73 20 20 20 20 2B 20 33 DC 48   // прием: 39 байт; 10:17:42:977 02.02.2020
// таймаут: 62 мсек

Ведущий,прямой  
.4800   s    + 3

CA E0 EB FE EC ED FB 20 

00 00 08 00 F6 0B 04 1C   // передача: 8 байт; 10:17:43:321 02.02.2020
// приём по количеству байт: 9 из 9
// принято с порта: 9 байт

01 00 09 00 F6 00 00 37 F3   // прием: 9 байт; 10:17:43:369 02.02.2020
// таймаут: 48 мсек


CA E0 EB FE EC ED FB 20 

00 00 07 00 F7 D4 47   // передача: 7 байт; 10:17:43:369 02.02.2020
// приём по количеству байт: 39 из 39
// принято с порта: 39 байт

01 00 27 00 F7 C2 E5 E4 F3 F9 E8 E9 2C EF F0 FF EC EE E9 20 20 2E 39 36 30 30 20 20 00 73 20 20 20 20 2B 20 33 1E 83   // прием: 39 байт; 10:17:43:432 02.02.2020
// таймаут: 63 мсек

Ведущий,прямой  
.9600   s    + 3

CA E0 EB FE EC ED FB 20 

00 00 08 00 F6 0B 04 1C   // передача: 8 байт; 10:17:43:558 02.02.2020
// приём по количеству байт: 9 из 9
// принято с порта: 9 байт

01 00 09 00 F6 00 00 37 F3   // прием: 9 байт; 10:17:43:589 02.02.2020
// таймаут: 31 мсек


CA E0 EB FE EC ED FB 20 

00 00 07 00 F7 D4 47   // передача: 7 байт; 10:17:43:589 02.02.2020
// приём по количеству байт: 39 из 39
// принято с порта: 39 байт

01 00 27 00 F7 C2 E5 E4 F3 F9 E8 E9 2C EF F0 FF EC EE E9 20 20 2E 31 39 32 30 30 20 00 73 20 20 20 20 2B 20 33 4A 08   // прием: 39 байт; 10:17:43:652 02.02.2020
// таймаут: 63 мсек

Ведущий,прямой  
.19200  s    + 3

CA E0 EB FE EC ED FB 20 

00 00 08 00 F6 0B 04 1C   // передача: 8 байт; 10:17:43:715 02.02.2020
// приём по количеству байт: 9 из 9
// принято с порта: 9 байт

01 00 09 00 F6 00 00 37 F3   // прием: 9 байт; 10:17:43:761 02.02.2020
// таймаут: 46 мсек


CA E0 EB FE EC ED FB 20 

00 00 07 00 F7 D4 47   // передача: 7 байт; 10:17:43:761 02.02.2020
// приём по количеству байт: 39 из 39
// принято с порта: 39 байт

01 00 27 00 F7 C2 E5 E4 F3 F9 E8 E9 2C EF F0 FF EC EE E9 20 20 2E 33 38 34 30 30 20 00 73 20 20 20 20 2B 20 33 C1 0E   // прием: 39 байт; 10:17:43:824 02.02.2020
// таймаут: 63 мсек

Ведущий,прямой  
.38400  s    + 3

CA E0 EB FE EC ED FB 20 

00 00 08 00 F6 00 45 DB   // передача: 8 байт; 10:17:44:091 02.02.2020
// приём по количеству байт: 9 из 9
// принято с порта: 9 байт

01 00 09 00 F6 00 00 37 F3   // прием: 9 байт; 10:17:44:138 02.02.2020
// таймаут: 47 мсек


CA E0 EB FE EC ED FB 20 

00 00 07 00 F7 D4 47   // передача: 7 байт; 10:17:44:138 02.02.2020
// приём по количеству байт: 39 из 39
// принято с порта: 39 байт

01 00 27 00 F7 C2 E5 E4 F3 F9 E8 E9 2C EF F0 FF EC EE E9 20 20 2E 33 38 34 30 30 20 00 6E 20 20 20 20 2B 20 33 01 9B   // прием: 39 байт; 10:17:44:200 02.02.2020
// таймаут: 62 мсек

Ведущий,прямой  
.38400  n    + 3

CA E0 EB FE EC ED FB 20 

00 00 08 00 F6 00 45 DB   // передача: 8 байт; 10:17:44:294 02.02.2020
// приём по количеству байт: 9 из 9
// принято с порта: 9 байт

01 00 09 00 F6 00 00 37 F3   // прием: 9 байт; 10:17:44:325 02.02.2020
// таймаут: 31 мсек


CA E0 EB FE EC ED FB 20 

00 00 07 00 F7 D4 47   // передача: 7 байт; 10:17:44:325 02.02.2020
// приём по количеству байт: 39 из 39
// принято с порта: 39 байт

01 00 27 00 F7 C2 E5 E4 F3 F9 E8 E9 2C EF F0 FF EC EE E9 20 20 2E 33 38 34 30 30 20 00 65 20 20 20 20 2B 20 33 40 28   // прием: 39 байт; 10:17:44:389 02.02.2020
// таймаут: 64 мсек

Ведущий,прямой  
.38400  e    + 3

CA E0 EB FE EC ED FB 20 

00 00 08 00 F6 00 45 DB   // передача: 8 байт; 10:17:44:514 02.02.2020
// приём по количеству байт: 9 из 9
// принято с порта: 9 байт

01 00 09 00 F6 00 00 37 F3   // прием: 9 байт; 10:17:44:545 02.02.2020
// таймаут: 31 мсек


CA E0 EB FE EC ED FB 20 

00 00 07 00 F7 D4 47   // передача: 7 байт; 10:17:44:545 02.02.2020
// приём по количеству байт: 39 из 39
// принято с порта: 39 байт

01 00 27 00 F7 C2 E5 E4 F3 F9 E8 E9 2C EF F0 FF EC EE E9 20 20 2E 33 38 34 30 30 20 00 6F 20 20 20 20 2B 20 33 C0 57   // прием: 39 байт; 10:17:44:608 02.02.2020
// таймаут: 63 мсек

Ведущий,прямой  
.38400  o    + 3

CA E0 EB FE EC ED FB 20 

00 00 08 00 F6 0B 04 1C   // передача: 8 байт; 10:17:44:980 02.02.2020
// приём по количеству байт: 9 из 9
// принято с порта: 9 байт

01 00 09 00 F6 00 00 37 F3   // прием: 9 байт; 10:17:45:011 02.02.2020
// таймаут: 31 мсек


CA E0 EB FE EC ED FB 20 

00 00 07 00 F7 D4 47   // передача: 7 байт; 10:17:45:011 02.02.2020
// приём по количеству байт: 39 из 39
// принято с порта: 39 байт

01 00 27 00 F7 C2 E5 E4 F3 F9 E8 E9 2C EF F0 FF EC EE E9 20 20 2E 35 37 36 30 30 20 00 6F 20 20 20 20 2B 20 33 4E 18   // прием: 39 байт; 10:17:45:073 02.02.2020
// таймаут: 62 мсек

Ведущий,прямой  
.57600  o    + 3

CA E0 EB FE EC ED FB 20 

00 00 08 00 F6 0B 04 1C   // передача: 8 байт; 10:17:45:182 02.02.2020
// приём по количеству байт: 9 из 9
// принято с порта: 9 байт

01 00 09 00 F6 00 00 37 F3   // прием: 9 байт; 10:17:45:214 02.02.2020
// таймаут: 32 мсек


CA E0 EB FE EC ED FB 20 

00 00 07 00 F7 D4 47   // передача: 7 байт; 10:17:45:214 02.02.2020
// приём по количеству байт: 39 из 39
// принято с порта: 39 байт

01 00 27 00 F7 C2 E5 E4 F3 F9 E8 E9 2C EF F0 FF EC EE E9 20 20 2E 31 32 30 30 20 20 00 6F 20 20 20 20 2B 20 33 12 18   // прием: 39 байт; 10:17:45:276 02.02.2020
// таймаут: 62 мсек

Ведущий,прямой  
.1200   o    + 3

CA E0 EB FE EC ED FB 20 

00 00 08 00 F6 00 45 DB   // передача: 8 байт; 10:17:45:792 02.02.2020
// приём по количеству байт: 9 из 9
// принято с порта: 9 байт

01 00 09 00 F6 00 00 37 F3   // прием: 9 байт; 10:17:45:824 02.02.2020
// таймаут: 32 мсек


CA E0 EB FE EC ED FB 20 

00 00 07 00 F7 D4 47   // передача: 7 байт; 10:17:45:824 02.02.2020
// приём по количеству байт: 39 из 39
// принято с порта: 39 байт

01 00 27 00 F7 C2 E5 E4 F3 F9 E8 E9 2C EF F0 FF EC EE E9 20 20 2E 31 32 30 30 20 20 00 6D 20 20 20 20 2B 20 33 93 C1   // прием: 39 байт; 10:17:45:886 02.02.2020
// таймаут: 62 мсек

Ведущий,прямой  
.1200   m    + 3

CA E0 EB FE EC ED FB 20 

00 00 08 00 F6 00 45 DB   // передача: 8 байт; 10:17:45:997 02.02.2020
// приём по количеству байт: 9 из 9
// принято с порта: 9 байт

01 00 09 00 F6 00 00 37 F3   // прием: 9 байт; 10:17:46:028 02.02.2020
// таймаут: 31 мсек


CA E0 EB FE EC ED FB 20 

00 00 07 00 F7 D4 47   // передача: 7 байт; 10:17:46:043 02.02.2020
// приём по количеству байт: 39 из 39
// принято с порта: 39 байт

01 00 27 00 F7 C2 E5 E4 F3 F9 E8 E9 2C EF F0 FF EC EE E9 20 20 2E 31 32 30 30 20 20 00 73 20 20 20 20 2B 20 33 13 41   // прием: 39 байт; 10:17:46:106 02.02.2020
// таймаут: 63 мсек

Ведущий,прямой  
.1200   s    + 3

CA E0 EB FE EC ED FB 20 

00 00 08 00 F6 0B 04 1C   // передача: 8 байт; 10:17:46:482 02.02.2020
// приём по количеству байт: 9 из 9
// принято с порта: 9 байт

01 00 09 00 F6 00 00 37 F3   // прием: 9 байт; 10:17:46:513 02.02.2020
// таймаут: 31 мсек


CA E0 EB FE EC ED FB 20 

00 00 07 00 F7 D4 47   // передача: 7 байт; 10:17:46:513 02.02.2020
// приём по количеству байт: 39 из 39
// принято с порта: 39 байт

01 00 27 00 F7 C2 E5 E4 F3 F9 E8 E9 2C EF F0 FF EC EE E9 20 20 2E 32 34 30 30 20 20 00 73 20 20 20 20 2B 20 33 56 46   // прием: 39 байт; 10:17:46:575 02.02.2020
// таймаут: 62 мсек

Ведущий,прямой  
.2400   s    + 3

CA E0 EB FE EC ED FB 20 

00 00 08 00 F6 0B 04 1C   // передача: 8 байт; 10:17:46:684 02.02.2020
// приём по количеству байт: 9 из 9
// принято с порта: 9 байт

01 00 09 00 F6 00 00 37 F3   // прием: 9 байт; 10:17:46:716 02.02.2020
// таймаут: 32 мсек


CA E0 EB FE EC ED FB 20 

00 00 07 00 F7 D4 47   // передача: 7 байт; 10:17:46:716 02.02.2020
// приём по количеству байт: 39 из 39
// принято с порта: 39 байт

01 00 27 00 F7 C2 E5 E4 F3 F9 E8 E9 2C EF F0 FF EC EE E9 20 20 2E 34 38 30 30 20 20 00 73 20 20 20 20 2B 20 33 DC 48   // прием: 39 байт; 10:17:46:778 02.02.2020
// таймаут: 62 мсек

Ведущий,прямой  
.4800   s    + 3

CA E0 EB FE EC ED FB 20 

00 00 08 00 F6 0D 84 1E   // передача: 8 байт; 10:17:47:889 02.02.2020
// приём по количеству байт: 9 из 9
// принято с порта: 9 байт

01 00 09 00 F6 00 00 37 F3   // прием: 9 байт; 10:17:47:936 02.02.2020
// таймаут: 47 мсек


CA E0 EB FE EC ED FB 20 

00 00 07 00 F7 D4 47   // передача: 7 байт; 10:17:47:936 02.02.2020
// приём по количеству байт: 39 из 39
// принято с порта: 39 байт

01 00 27 00 F7 C2 E5 E4 F3 F9 E8 E9 2C EF F0 FF EC EE E9 20 20 2E 39 36 30 30 20 20 00 6E 20 20 20 20 2B 20 34 9F D4   // прием: 39 байт; 10:17:47:998 02.02.2020
// таймаут: 62 мсек

Ведущий,прямой  
.9600   n    + 4

CA E0 EB FE EC ED FB 20 

00 00 08 00 F6 00 45 DB   // передача: 8 байт; 10:17:49:185 02.02.2020
// приём по количеству байт: 9 из 9
// принято с порта: 9 байт

01 00 09 00 F6 00 00 37 F3   // прием: 9 байт; 10:17:49:232 02.02.2020
// таймаут: 47 мсек


CA E0 EB FE EC ED FB 20 

00 00 07 00 F7 D4 47   // передача: 7 байт; 10:17:49:232 02.02.2020
// приём по количеству байт: 39 из 39
// принято с порта: 39 байт

01 00 27 00 F7 C2 E5 E4 F3 F9 E8 E9 2C EF F0 FF EC EE E9 20 20 2E 39 36 30 30 20 20 00 65 20 20 20 20 2B 20 34 DE 67   // прием: 39 байт; 10:17:49:295 02.02.2020
// таймаут: 63 мсек

Ведущий,прямой  
.9600   e    + 4

CA E0 EB FE EC ED FB 20 

00 00 08 00 F6 00 45 DB   // передача: 8 байт; 10:17:49:404 02.02.2020
// приём по количеству байт: 9 из 9
// принято с порта: 9 байт

01 00 09 00 F6 00 00 37 F3   // прием: 9 байт; 10:17:49:435 02.02.2020
// таймаут: 31 мсек


CA E0 EB FE EC ED FB 20 

00 00 07 00 F7 D4 47   // передача: 7 байт; 10:17:49:435 02.02.2020
// приём по количеству байт: 39 из 39
// принято с порта: 39 байт

01 00 27 00 F7 C2 E5 E4 F3 F9 E8 E9 2C EF F0 FF EC EE E9 20 20 2E 39 36 30 30 20 20 00 6F 20 20 20 20 2B 20 34 5E 18   // прием: 39 байт; 10:17:49:500 02.02.2020
// таймаут: 65 мсек

Ведущий,прямой  
.9600   o    + 4

CA E0 EB FE EC ED FB 20 

00 00 08 00 F6 00 45 DB   // передача: 8 байт; 10:17:49:593 02.02.2020
// приём по количеству байт: 9 из 9
// принято с порта: 9 байт

01 00 09 00 F6 00 00 37 F3   // прием: 9 байт; 10:17:49:625 02.02.2020
// таймаут: 32 мсек


CA E0 EB FE EC ED FB 20 

00 00 07 00 F7 D4 47   // передача: 7 байт; 10:17:49:625 02.02.2020
// приём по количеству байт: 39 из 39
// принято с порта: 39 байт

01 00 27 00 F7 C2 E5 E4 F3 F9 E8 E9 2C EF F0 FF EC EE E9 20 20 2E 39 36 30 30 20 20 00 6D 20 20 20 20 2B 20 34 DF C1   // прием: 39 байт; 10:17:49:687 02.02.2020
// таймаут: 62 мсек

Ведущий,прямой  
.9600   m    + 4

CA E0 EB FE EC ED FB 20 

00 00 08 00 F6 0B 04 1C   // передача: 8 байт; 10:17:50:047 02.02.2020
// приём по количеству байт: 9 из 9
// принято с порта: 9 байт

01 00 09 00 F6 00 00 37 F3   // прием: 9 байт; 10:17:50:078 02.02.2020
// таймаут: 31 мсек


CA E0 EB FE EC ED FB 20 

00 00 07 00 F7 D4 47   // передача: 7 байт; 10:17:50:078 02.02.2020
// приём по количеству байт: 39 из 39
// принято с порта: 39 байт

01 00 27 00 F7 C2 E5 E4 F3 F9 E8 E9 2C EF F0 FF EC EE E9 20 20 2E 31 39 32 30 30 20 00 6D 20 20 20 20 2B 20 34 8B 4A   // прием: 39 байт; 10:17:50:156 02.02.2020
// таймаут: 78 мсек

Ведущий,прямой  
.19200  m    + 4

CA E0 EB FE EC ED FB 20 

00 00 08 00 F6 0B 04 1C   // передача: 8 байт; 10:17:50:250 02.02.2020
// приём по количеству байт: 9 из 9
// принято с порта: 9 байт

01 00 09 00 F6 00 00 37 F3   // прием: 9 байт; 10:17:50:297 02.02.2020
// таймаут: 47 мсек


CA E0 EB FE EC ED FB 20 

00 00 07 00 F7 D4 47   // передача: 7 байт; 10:17:50:297 02.02.2020
// приём по количеству байт: 39 из 39
// принято с порта: 39 байт

01 00 27 00 F7 C2 E5 E4 F3 F9 E8 E9 2C EF F0 FF EC EE E9 20 20 2E 33 38 34 30 30 20 00 6D 20 20 20 20 2B 20 34 00 4C   // прием: 39 байт; 10:17:50:359 02.02.2020
// таймаут: 62 мсек

Ведущий,прямой  
.38400  m    + 4

CA E0 EB FE EC ED FB 20 

00 00 08 00 F6 0B 04 1C   // передача: 8 байт; 10:17:50:422 02.02.2020
// приём по количеству байт: 9 из 9
// принято с порта: 9 байт

01 00 09 00 F6 00 00 37 F3   // прием: 9 байт; 10:17:50:466 02.02.2020
// таймаут: 44 мсек


CA E0 EB FE EC ED FB 20 

00 00 07 00 F7 D4 47   // передача: 7 байт; 10:17:50:468 02.02.2020
// приём по количеству байт: 39 из 39
// принято с порта: 39 байт

01 00 27 00 F7 C2 E5 E4 F3 F9 E8 E9 2C EF F0 FF EC EE E9 20 20 2E 35 37 36 30 30 20 00 6D 20 20 20 20 2B 20 34 8E 03   // прием: 39 байт; 10:17:50:531 02.02.2020
// таймаут: 63 мсек

Ведущий,прямой  
.57600  m    + 4

CA E0 EB FE EC ED FB 20 

00 00 08 00 F6 00 45 DB   // передача: 8 байт; 10:17:50:828 02.02.2020
// приём по количеству байт: 9 из 9
// принято с порта: 9 байт

01 00 09 00 F6 00 00 37 F3   // прием: 9 байт; 10:17:50:859 02.02.2020
// таймаут: 31 мсек


CA E0 EB FE EC ED FB 20 

00 00 07 00 F7 D4 47   // передача: 7 байт; 10:17:50:874 02.02.2020
// приём по количеству байт: 39 из 39
// принято с порта: 39 байт

01 00 27 00 F7 C2 E5 E4 F3 F9 E8 E9 2C EF F0 FF EC EE E9 20 20 2E 35 37 36 30 30 20 00 73 20 20 20 20 2B 20 34 0E 83   // прием: 39 байт; 10:17:50:937 02.02.2020
// таймаут: 63 мсек

Ведущий,прямой  
.57600  s    + 4

CA E0 EB FE EC ED FB 20 

00 00 08 00 F6 00 45 DB   // передача: 8 байт; 10:17:51:033 02.02.2020
// приём по количеству байт: 9 из 9
// принято с порта: 9 байт

01 00 09 00 F6 00 00 37 F3   // прием: 9 байт; 10:17:51:080 02.02.2020
// таймаут: 47 мсек


CA E0 EB FE EC ED FB 20 

00 00 07 00 F7 D4 47   // передача: 7 байт; 10:17:51:080 02.02.2020
// приём по количеству байт: 39 из 39
// принято с порта: 39 байт

01 00 27 00 F7 C2 E5 E4 F3 F9 E8 E9 2C EF F0 FF EC EE E9 20 20 2E 35 37 36 30 30 20 00 6E 20 20 20 20 2B 20 34 CE 16   // прием: 39 байт; 10:17:51:142 02.02.2020
// таймаут: 62 мсек

Ведущий,прямой  
.57600  n    + 4

CA E0 EB FE EC ED FB 20 

00 00 08 00 F6 00 45 DB   // передача: 8 байт; 10:17:51:236 02.02.2020
// приём по количеству байт: 9 из 9
// принято с порта: 9 байт

01 00 09 00 F6 00 00 37 F3   // прием: 9 байт; 10:17:51:267 02.02.2020
// таймаут: 31 мсек


CA E0 EB FE EC ED FB 20 

00 00 07 00 F7 D4 47   // передача: 7 байт; 10:17:51:282 02.02.2020
// приём по количеству байт: 39 из 39
// принято с порта: 39 байт

01 00 27 00 F7 C2 E5 E4 F3 F9 E8 E9 2C EF F0 FF EC EE E9 20 20 2E 35 37 36 30 30 20 00 65 20 20 20 20 2B 20 34 8F A5   // прием: 39 байт; 10:17:51:345 02.02.2020
// таймаут: 63 мсек

Ведущий,прямой  
.57600  e    + 4

CA E0 EB FE EC ED FB 20 

00 00 08 00 F6 0B 04 1C   // передача: 8 байт; 10:17:51:689 02.02.2020
// приём по количеству байт: 9 из 9
// принято с порта: 9 байт

01 00 09 00 F6 00 00 37 F3   // прием: 9 байт; 10:17:51:721 02.02.2020
// таймаут: 32 мсек


CA E0 EB FE EC ED FB 20 

00 00 07 00 F7 D4 47   // передача: 7 байт; 10:17:51:721 02.02.2020
// приём по количеству байт: 39 из 39
// принято с порта: 39 байт

01 00 27 00 F7 C2 E5 E4 F3 F9 E8 E9 2C EF F0 FF EC EE E9 20 20 2E 31 32 30 30 20 20 00 65 20 20 20 20 2B 20 34 D3 A5   // прием: 39 байт; 10:17:51:783 02.02.2020
// таймаут: 62 мсек

Ведущий,прямой  
.1200   e    + 4

CA E0 EB FE EC ED FB 20 

00 00 08 00 F6 0B 04 1C   // передача: 8 байт; 10:17:51:892 02.02.2020
// приём по количеству байт: 9 из 9
// принято с порта: 9 байт

01 00 09 00 F6 00 00 37 F3   // прием: 9 байт; 10:17:51:923 02.02.2020
// таймаут: 31 мсек


CA E0 EB FE EC ED FB 20 

00 00 07 00 F7 D4 47   // передача: 7 байт; 10:17:51:939 02.02.2020
// приём по количеству байт: 39 из 39
// принято с порта: 39 байт

01 00 27 00 F7 C2 E5 E4 F3 F9 E8 E9 2C EF F0 FF EC EE E9 20 20 2E 32 34 30 30 20 20 00 65 20 20 20 20 2B 20 34 96 A2   // прием: 39 байт; 10:17:52:002 02.02.2020
// таймаут: 63 мсек

Ведущий,прямой  
.2400   e    + 4

CA E0 EB FE EC ED FB 20 

00 00 08 00 F6 0B 04 1C   // передача: 8 байт; 10:17:52:064 02.02.2020
// приём по количеству байт: 9 из 9
// принято с порта: 9 байт

01 00 09 00 F6 00 00 37 F3   // прием: 9 байт; 10:17:52:095 02.02.2020
// таймаут: 31 мсек


CA E0 EB FE EC ED FB 20 

00 00 07 00 F7 D4 47   // передача: 7 байт; 10:17:52:095 02.02.2020
// приём по количеству байт: 39 из 39
// принято с порта: 39 байт

01 00 27 00 F7 C2 E5 E4 F3 F9 E8 E9 2C EF F0 FF EC EE E9 20 20 2E 34 38 30 30 20 20 00 65 20 20 20 20 2B 20 34 1C AC   // прием: 39 байт; 10:17:52:158 02.02.2020
// таймаут: 63 мсек

Ведущий,прямой  
.4800   e    + 4

CA E0 EB FE EC ED FB 20 

00 00 08 00 F6 00 45 DB   // передача: 8 байт; 10:17:52:439 02.02.2020
// приём по количеству байт: 9 из 9
// принято с порта: 9 байт

01 00 09 00 F6 00 00 37 F3   // прием: 9 байт; 10:17:52:474 02.02.2020
// таймаут: 35 мсек


CA E0 EB FE EC ED FB 20 

00 00 07 00 F7 D4 47   // передача: 7 байт; 10:17:52:476 02.02.2020
// приём по количеству байт: 39 из 39
// принято с порта: 39 байт

01 00 27 00 F7 C2 E5 E4 F3 F9 E8 E9 2C EF F0 FF EC EE E9 20 20 2E 34 38 30 30 20 20 00 6F 20 20 20 20 2B 20 34 9C D3   // прием: 39 байт; 10:17:52:533 02.02.2020
// таймаут: 57 мсек

Ведущий,прямой  
.4800   o    + 4

CA E0 EB FE EC ED FB 20 

00 00 08 00 F6 00 45 DB   // передача: 8 байт; 10:17:52:626 02.02.2020
// приём по количеству байт: 9 из 9
// принято с порта: 9 байт

01 00 09 00 F6 00 00 37 F3   // прием: 9 байт; 10:17:52:657 02.02.2020
// таймаут: 31 мсек


CA E0 EB FE EC ED FB 20 

00 00 07 00 F7 D4 47   // передача: 7 байт; 10:17:52:657 02.02.2020
// приём по количеству байт: 39 из 39
// принято с порта: 39 байт

01 00 27 00 F7 C2 E5 E4 F3 F9 E8 E9 2C EF F0 FF EC EE E9 20 20 2E 34 38 30 30 20 20 00 6D 20 20 20 20 2B 20 34 1D 0A   // прием: 39 байт; 10:17:52:720 02.02.2020
// таймаут: 63 мсек

Ведущий,прямой  
.4800   m    + 4

CA E0 EB FE EC ED FB 20 

00 00 08 00 F6 00 45 DB   // передача: 8 байт; 10:17:52:829 02.02.2020
// приём по количеству байт: 9 из 9
// принято с порта: 9 байт

01 00 09 00 F6 00 00 37 F3   // прием: 9 байт; 10:17:52:860 02.02.2020
// таймаут: 31 мсек


CA E0 EB FE EC ED FB 20 

00 00 07 00 F7 D4 47   // передача: 7 байт; 10:17:52:860 02.02.2020
// приём по количеству байт: 39 из 39
// принято с порта: 39 байт

01 00 27 00 F7 C2 E5 E4 F3 F9 E8 E9 2C EF F0 FF EC EE E9 20 20 2E 34 38 30 30 20 20 00 73 20 20 20 20 2B 20 34 9D 8A   // прием: 39 байт; 10:17:52:923 02.02.2020
// таймаут: 63 мсек

Ведущий,прямой  
.4800   s    + 4

CA E0 EB FE EC ED FB 20 

00 00 08 00 F6 0B 04 1C   // передача: 8 байт; 10:17:53:205 02.02.2020
// приём по количеству байт: 9 из 9
// принято с порта: 9 байт

01 00 09 00 F6 00 00 37 F3   // прием: 9 байт; 10:17:53:236 02.02.2020
// таймаут: 31 мсек


CA E0 EB FE EC ED FB 20 

00 00 07 00 F7 D4 47   // передача: 7 байт; 10:17:53:252 02.02.2020
// приём по количеству байт: 39 из 39
// принято с порта: 39 байт

01 00 27 00 F7 C2 E5 E4 F3 F9 E8 E9 2C EF F0 FF EC EE E9 20 20 2E 39 36 30 30 20 20 00 73 20 20 20 20 2B 20 34 5F 41   // прием: 39 байт; 10:17:53:314 02.02.2020
// таймаут: 62 мсек

Ведущий,прямой  
.9600   s    + 4

CA E0 EB FE EC ED FB 20 

00 00 08 00 F6 0B 04 1C   // передача: 8 байт; 10:17:53:392 02.02.2020
// приём по количеству байт: 9 из 9
// принято с порта: 9 байт

01 00 09 00 F6 00 00 37 F3   // прием: 9 байт; 10:17:53:423 02.02.2020
// таймаут: 31 мсек


CA E0 EB FE EC ED FB 20 

00 00 07 00 F7 D4 47   // передача: 7 байт; 10:17:53:423 02.02.2020
// приём по количеству байт: 39 из 39
// принято с порта: 39 байт

01 00 27 00 F7 C2 E5 E4 F3 F9 E8 E9 2C EF F0 FF EC EE E9 20 20 2E 31 39 32 30 30 20 00 73 20 20 20 20 2B 20 34 0B CA   // прием: 39 байт; 10:17:53:501 02.02.2020
// таймаут: 78 мсек

Ведущий,прямой  
.19200  s    + 4

CA E0 EB FE EC ED FB 20 

00 00 08 00 F6 00 45 DB   // передача: 8 байт; 10:17:53:971 02.02.2020
// приём по количеству байт: 9 из 9
// принято с порта: 9 байт

01 00 09 00 F6 00 00 37 F3   // прием: 9 байт; 10:17:54:002 02.02.2020
// таймаут: 31 мсек


CA E0 EB FE EC ED FB 20 

00 00 07 00 F7 D4 47   // передача: 7 байт; 10:17:54:002 02.02.2020
// приём по количеству байт: 39 из 39
// принято с порта: 39 байт

01 00 27 00 F7 C2 E5 E4 F3 F9 E8 E9 2C EF F0 FF EC EE E9 20 20 2E 31 39 32 30 30 20 00 6E 20 20 20 20 2B 20 34 CB 5F   // прием: 39 байт; 10:17:54:065 02.02.2020
// таймаут: 63 мсек

Ведущий,прямой  
.19200  n    + 4

CA E0 EB FE EC ED FB 20 

00 00 08 00 F6 00 45 DB   // передача: 8 байт; 10:17:54:143 02.02.2020
// приём по количеству байт: 9 из 9
// принято с порта: 9 байт

01 00 09 00 F6 00 00 37 F3   // прием: 9 байт; 10:17:54:174 02.02.2020
// таймаут: 31 мсек


CA E0 EB FE EC ED FB 20 

00 00 07 00 F7 D4 47   // передача: 7 байт; 10:17:54:174 02.02.2020
// приём по количеству байт: 39 из 39
// принято с порта: 39 байт

01 00 27 00 F7 C2 E5 E4 F3 F9 E8 E9 2C EF F0 FF EC EE E9 20 20 2E 31 39 32 30 30 20 00 65 20 20 20 20 2B 20 34 8A EC   // прием: 39 байт; 10:17:54:252 02.02.2020
// таймаут: 78 мсек

Ведущий,прямой  
.19200  e    + 4

CA E0 EB FE EC ED FB 20 

00 00 08 00 F6 00 45 DB   // передача: 8 байт; 10:17:54:345 02.02.2020
// приём по количеству байт: 9 из 9
// принято с порта: 9 байт

01 00 09 00 F6 00 00 37 F3   // прием: 9 байт; 10:17:54:377 02.02.2020
// таймаут: 32 мсек


CA E0 EB FE EC ED FB 20 

00 00 07 00 F7 D4 47   // передача: 7 байт; 10:17:54:377 02.02.2020
// приём по количеству байт: 39 из 39
// принято с порта: 39 байт

01 00 27 00 F7 C2 E5 E4 F3 F9 E8 E9 2C EF F0 FF EC EE E9 20 20 2E 31 39 32 30 30 20 00 6F 20 20 20 20 2B 20 34 0A 93   // прием: 39 байт; 10:17:54:439 02.02.2020
// таймаут: 62 мсек

Ведущий,прямой  
.19200  o    + 4

CA E0 EB FE EC ED FB 20 

00 00 08 00 F6 0B 04 1C   // передача: 8 байт; 10:17:54:862 02.02.2020
// приём по количеству байт: 9 из 9
// принято с порта: 9 байт

01 00 09 00 F6 00 00 37 F3   // прием: 9 байт; 10:17:54:893 02.02.2020
// таймаут: 31 мсек


CA E0 EB FE EC ED FB 20 

00 00 07 00 F7 D4 47   // передача: 7 байт; 10:17:54:893 02.02.2020
// приём по количеству байт: 39 из 39
// принято с порта: 39 байт

01 00 27 00 F7 C2 E5 E4 F3 F9 E8 E9 2C EF F0 FF EC EE E9 20 20 2E 33 38 34 30 30 20 00 6F 20 20 20 20 2B 20 34 81 95   // прием: 39 байт; 10:17:54:971 02.02.2020
// таймаут: 78 мсек

Ведущий,прямой  
.38400  o    + 4

CA E0 EB FE EC ED FB 20 

00 00 08 00 F6 0B 04 1C   // передача: 8 байт; 10:17:55:113 02.02.2020
// приём по количеству байт: 9 из 9
// принято с порта: 9 байт

01 00 09 00 F6 00 00 37 F3   // прием: 9 байт; 10:17:55:159 02.02.2020
// таймаут: 46 мсек


CA E0 EB FE EC ED FB 20 

00 00 07 00 F7 D4 47   // передача: 7 байт; 10:17:55:159 02.02.2020
// приём по количеству байт: 39 из 39
// принято с порта: 39 байт

01 00 27 00 F7 C2 E5 E4 F3 F9 E8 E9 2C EF F0 FF EC EE E9 20 20 2E 35 37 36 30 30 20 00 6F 20 20 20 20 2B 20 34 0F DA   // прием: 39 байт; 10:17:55:222 02.02.2020
// таймаут: 63 мсек

Ведущий,прямой  
.57600  o    + 4

CA E0 EB FE EC ED FB 20 

00 00 08 00 F6 0B 04 1C   // передача: 8 байт; 10:17:55:300 02.02.2020
// приём по количеству байт: 9 из 9
// принято с порта: 9 байт

01 00 09 00 F6 00 00 37 F3   // прием: 9 байт; 10:17:55:331 02.02.2020
// таймаут: 31 мсек


CA E0 EB FE EC ED FB 20 

00 00 07 00 F7 D4 47   // передача: 7 байт; 10:17:55:331 02.02.2020
// приём по количеству байт: 39 из 39
// принято с порта: 39 байт

01 00 27 00 F7 C2 E5 E4 F3 F9 E8 E9 2C EF F0 FF EC EE E9 20 20 2E 31 32 30 30 20 20 00 6F 20 20 20 20 2B 20 34 53 DA   // прием: 39 байт; 10:17:55:393 02.02.2020
// таймаут: 62 мсек

Ведущий,прямой  
.1200   o    + 4

CA E0 EB FE EC ED FB 20 

00 00 08 00 F6 00 45 DB   // передача: 8 байт; 10:17:55:737 02.02.2020
// приём по количеству байт: 9 из 9
// принято с порта: 9 байт

01 00 09 00 F6 00 00 37 F3   // прием: 9 байт; 10:17:55:768 02.02.2020
// таймаут: 31 мсек


CA E0 EB FE EC ED FB 20 

00 00 07 00 F7 D4 47   // передача: 7 байт; 10:17:55:768 02.02.2020
// приём по количеству байт: 39 из 39
// принято с порта: 39 байт

01 00 27 00 F7 C2 E5 E4 F3 F9 E8 E9 2C EF F0 FF EC EE E9 20 20 2E 31 32 30 30 20 20 00 6D 20 20 20 20 2B 20 34 D2 03   // прием: 39 байт; 10:17:55:831 02.02.2020
// таймаут: 63 мсек

Ведущий,прямой  
.1200   m    + 4

CA E0 EB FE EC ED FB 20 

00 00 08 00 F6 00 45 DB   // передача: 8 байт; 10:17:55:955 02.02.2020
// приём по количеству байт: 9 из 9
// принято с порта: 9 байт

01 00 09 00 F6 00 00 37 F3   // прием: 9 байт; 10:17:55:987 02.02.2020
// таймаут: 32 мсек


CA E0 EB FE EC ED FB 20 

00 00 07 00 F7 D4 47   // передача: 7 байт; 10:17:56:002 02.02.2020
// приём по количеству байт: 39 из 39
// принято с порта: 39 байт

01 00 27 00 F7 C2 E5 E4 F3 F9 E8 E9 2C EF F0 FF EC EE E9 20 20 2E 31 32 30 30 20 20 00 73 20 20 20 20 2B 20 34 52 83   // прием: 39 байт; 10:17:56:066 02.02.2020
// таймаут: 64 мсек

Ведущий,прямой  
.1200   s    + 4

CA E0 EB FE EC ED FB 20 

00 00 08 00 F6 00 45 DB   // передача: 8 байт; 10:17:56:160 02.02.2020
// приём по количеству байт: 9 из 9
// принято с порта: 9 байт

01 00 09 00 F6 00 00 37 F3   // прием: 9 байт; 10:17:56:191 02.02.2020
// таймаут: 31 мсек


CA E0 EB FE EC ED FB 20 

00 00 07 00 F7 D4 47   // передача: 7 байт; 10:17:56:191 02.02.2020
// приём по количеству байт: 39 из 39
// принято с порта: 39 байт

01 00 27 00 F7 C2 E5 E4 F3 F9 E8 E9 2C EF F0 FF EC EE E9 20 20 2E 31 32 30 30 20 20 00 6E 20 20 20 20 2B 20 34 92 16   // прием: 39 байт; 10:17:56:253 02.02.2020
// таймаут: 62 мсек

Ведущий,прямой  
.1200   n    + 4

CA E0 EB FE EC ED FB 20 

00 00 08 00 F6 0B 04 1C   // передача: 8 байт; 10:17:56:644 02.02.2020
// приём по количеству байт: 9 из 9
// принято с порта: 9 байт

01 00 09 00 F6 00 00 37 F3   // прием: 9 байт; 10:17:56:675 02.02.2020
// таймаут: 31 мсек


CA E0 EB FE EC ED FB 20 

00 00 07 00 F7 D4 47   // передача: 7 байт; 10:17:56:690 02.02.2020
// приём по количеству байт: 39 из 39
// принято с порта: 39 байт

01 00 27 00 F7 C2 E5 E4 F3 F9 E8 E9 2C EF F0 FF EC EE E9 20 20 2E 32 34 30 30 20 20 00 6E 20 20 20 20 2B 20 34 D7 11   // прием: 39 байт; 10:17:56:753 02.02.2020
// таймаут: 63 мсек

Ведущий,прямой  
.2400   n    + 4

CA E0 EB FE EC ED FB 20 

00 00 08 00 F6 0B 04 1C   // передача: 8 байт; 10:17:56:846 02.02.2020
// приём по количеству байт: 9 из 9
// принято с порта: 9 байт

01 00 09 00 F6 00 00 37 F3   // прием: 9 байт; 10:17:56:878 02.02.2020
// таймаут: 32 мсек


CA E0 EB FE EC ED FB 20 

00 00 07 00 F7 D4 47   // передача: 7 байт; 10:17:56:878 02.02.2020
// приём по количеству байт: 39 из 39
// принято с порта: 39 байт

01 00 27 00 F7 C2 E5 E4 F3 F9 E8 E9 2C EF F0 FF EC EE E9 20 20 2E 34 38 30 30 20 20 00 6E 20 20 20 20 2B 20 34 5D 1F   // прием: 39 байт; 10:17:56:956 02.02.2020
// таймаут: 78 мсек

Ведущий,прямой  
.4800   n    + 4

CA E0 EB FE EC ED FB 20 

00 00 08 00 F6 0B 04 1C   // передача: 8 байт; 10:17:57:067 02.02.2020
// приём по количеству байт: 9 из 9
// принято с порта: 9 байт

01 00 09 00 F6 00 00 37 F3   // прием: 9 байт; 10:17:57:114 02.02.2020
// таймаут: 47 мсек


CA E0 EB FE EC ED FB 20 

00 00 07 00 F7 D4 47   // передача: 7 байт; 10:17:57:114 02.02.2020
// приём по количеству байт: 39 из 39
// принято с порта: 39 байт

01 00 27 00 F7 C2 E5 E4 F3 F9 E8 E9 2C EF F0 FF EC EE E9 20 20 2E 39 36 30 30 20 20 00 6E 20 20 20 20 2B 20 34 9F D4   // прием: 39 байт; 10:17:57:176 02.02.2020
// таймаут: 62 мсек

Ведущий,прямой  
.9600   n    + 4

CA E0 EB FE EC ED FB 20 

00 00 08 00 F6 0D 84 1E   // передача: 8 байт; 10:17:58:005 02.02.2020
// приём по количеству байт: 9 из 9
// принято с порта: 9 байт

01 00 09 00 F6 00 00 37 F3   // прием: 9 байт; 10:17:58:050 02.02.2020
// таймаут: 45 мсек


CA E0 EB FE EC ED FB 20 

00 00 07 00 F7 D4 47   // передача: 7 байт; 10:17:58:052 02.02.2020
// приём по количеству байт: 39 из 39
// принято с порта: 39 байт

01 00 27 00 F7 C2 E5 E4 EE EC FB E9 2C 45 73 63 2B 43 52 43 20 2E 39 36 30 30 20 20 00 6E 20 20 20 20 20 20 31 C3 E4   // прием: 39 байт; 10:17:58:114 02.02.2020
// таймаут: 62 мсек

Ведомый,Esc+CRC 
.9600   n      1

CA E0 EB FE EC ED FB 20 

00 00 08 00 F6 00 45 DB   // передача: 8 байт; 10:17:59:427 02.02.2020
// приём по таймауту: 1000 мс
// принято с порта: 8 байт

01 00 08 00 F6 03 04 0B   // прием: 8 байт; 10:18:00:474 02.02.2020
// таймаут: 1047 мсек


CA E0 EB FE EC ED FB 20 

00 00 08 00 F6 00 45 DB   // передача: 8 байт; 10:18:02:242 02.02.2020
// приём по таймауту: 1000 мс
// принято с порта: 8 байт

01 00 08 00 F6 03 04 0B   // прием: 8 байт; 10:18:03:274 02.02.2020
// таймаут: 1032 мсек


CA E0 EB FE EC ED FB 20 

00 00 08 00 F6 0B 04 1C   // передача: 8 байт; 10:18:04:558 02.02.2020
// приём по таймауту: 1000 мс
// принято с порта: 8 байт

01 00 08 00 F6 03 04 0B   // прием: 8 байт; 10:18:05:604 02.02.2020
// таймаут: 1046 мсек


CA E0 EB FE EC ED FB 20 

00 00 08 00 F6 00 45 DB   // передача: 8 байт; 10:18:07:018 02.02.2020
// приём по таймауту: 1000 мс
// принято с порта: 8 байт

01 00 08 00 F6 03 04 0B   // прием: 8 байт; 10:18:08:075 02.02.2020
// таймаут: 1057 мсек


CA E0 EB FE EC ED FB 20 

00 00 08 00 F6 0B 04 1C   // передача: 8 байт; 10:18:09:441 02.02.2020
// приём по таймауту: 1000 мс
// принято с порта: 8 байт

01 00 08 00 F6 03 04 0B   // прием: 8 байт; 10:18:10:483 02.02.2020
// таймаут: 1042 мсек


CA E0 EB FE EC ED FB 20 

00 00 08 00 F6 00 45 DB   // передача: 8 байт; 10:18:12:188 02.02.2020
// приём по таймауту: 1000 мс
// принято с порта: 8 байт

01 00 08 00 F6 03 04 0B   // прием: 8 байт; 10:18:13:234 02.02.2020
// таймаут: 1046 мсек


CA E0 EB FE EC ED FB 20 

00 00 08 00 F6 0B 04 1C   // передача: 8 байт; 10:18:14:924 02.02.2020
// приём по таймауту: 1000 мс
// принято с порта: 8 байт

01 00 08 00 F6 03 04 0B   // прием: 8 байт; 10:18:15:956 02.02.2020
// таймаут: 1032 мсек


CA E0 EB FE EC ED FB 20 

00 00 08 00 F6 0A C5 DC   // передача: 8 байт; 10:18:21:193 02.02.2020
// приём по таймауту: 1000 мс
// принято с порта: 1 байт

01   // прием: 1 байт; 10:18:22:240 02.02.2020
// таймаут: 1047 мсек



00 00 07 00 F7 D4 47   // передача: 7 байт; 10:18:25:712 02.02.2020
// приём по количеству байт: 39 из 39
// принято с порта: 39 байт

01 00 27 00 F7 C2 E5 E4 EE EC FB E9 2C 43 52 43 20 20 20 20 20 2E 39 36 30 30 20 20 00 6E 20 20 20 20 20 20 31 C7 0D   // прием: 39 байт; 10:18:25:775 02.02.2020
// таймаут: 63 мсек

Ведомый,CRC     
.9600   n      1


00 00 08 00 F6 00 45 DB   // передача: 8 байт; 10:18:28:809 02.02.2020
// приём по таймауту: 1000 мс
// принято с порта: 8 байт

01 00 08 00 F6 03 04 0B   // прием: 8 байт; 10:18:29:839 02.02.2020
// таймаут: 1030 мсек



00 00 08 00 F6 0B 04 1C   // передача: 8 байт; 10:18:31:033 02.02.2020
// приём по таймауту: 1000 мс
// принято с порта: 8 байт

01 00 08 00 F6 03 04 0B   // прием: 8 байт; 10:18:32:060 02.02.2020
// таймаут: 1027 мсек



00 00 07 00 F7 D4 47   // передача: 7 байт; 10:18:37:111 02.02.2020
// приём по количеству байт: 39 из 39
// принято с порта: 39 байт

01 00 27 00 F7 C2 E5 E4 EE EC FB E9 2C 43 52 43 20 20 20 20 20 2E 39 36 30 30 20 20 00 6E 20 20 20 20 20 20 31 C7 0D   // прием: 39 байт; 10:18:37:157 02.02.2020
// таймаут: 46 мсек

Ведомый,CRC     
.9600   n      1


00 00 07 00 F7 D4 47   // передача: 7 байт; 10:18:39:160 02.02.2020
// приём по количеству байт: 39 из 39
// принято с порта: 39 байт

01 00 27 00 F7 C2 E5 E4 EE EC FB E9 2C 43 52 43 20 20 20 20 20 2E 39 36 30 30 20 20 00 6E 20 20 20 20 20 20 31 C7 0D   // прием: 39 байт; 10:18:39:222 02.02.2020
// таймаут: 62 мсек

Ведомый,CRC     
.9600   n      1


00 00 07 00 F7 D4 47   // передача: 7 байт; 10:18:39:646 02.02.2020
// приём по количеству байт: 39 из 39
// принято с порта: 39 байт

01 00 27 00 F7 C2 E5 E4 EE EC FB E9 2C 43 52 43 20 20 20 20 20 2E 39 36 30 30 20 20 00 6E 20 20 20 20 20 20 31 C7 0D   // прием: 39 байт; 10:18:39:708 02.02.2020
// таймаут: 62 мсек

Ведомый,CRC     
.9600   n      1


00 00 07 00 F7 D4 47   // передача: 7 байт; 10:18:39:895 02.02.2020
// приём по количеству байт: 39 из 39
// принято с порта: 39 байт

01 00 27 00 F7 C2 E5 E4 EE EC FB E9 2C 43 52 43 20 20 20 20 20 2E 39 36 30 30 20 20 00 6E 20 20 20 20 20 20 31 C7 0D   // прием: 39 байт; 10:18:39:958 02.02.2020
// таймаут: 63 мсек

Ведомый,CRC     
.9600   n      1


00 00 07 00 F7 D4 47   // передача: 7 байт; 10:18:40:100 02.02.2020
// приём по количеству байт: 39 из 39
// принято с порта: 39 байт

01 00 27 00 F7 C2 E5 E4 EE EC FB E9 2C 43 52 43 20 20 20 20 20 2E 39 36 30 30 20 20 00 6E 20 20 20 20 20 20 31 C7 0D   // прием: 39 байт; 10:18:40:162 02.02.2020
// таймаут: 62 мсек

Ведомый,CRC     
.9600   n      1


00 00 07 00 F7 D4 47   // передача: 7 байт; 10:18:40:302 02.02.2020
// приём по количеству байт: 39 из 39
// принято с порта: 39 байт

01 00 27 00 F7 C2 E5 E4 EE EC FB E9 2C 43 52 43 20 20 20 20 20 2E 39 36 30 30 20 20 00 6E 20 20 20 20 20 20 31 C7 0D   // прием: 39 байт; 10:18:40:349 02.02.2020
// таймаут: 47 мсек

Ведомый,CRC     
.9600   n      1


00 00 07 00 F7 D4 47   // передача: 7 байт; 10:18:40:505 02.02.2020
// приём по количеству байт: 39 из 39
// принято с порта: 39 байт

01 00 27 00 F7 C2 E5 E4 EE EC FB E9 2C 43 52 43 20 20 20 20 20 2E 39 36 30 30 20 20 00 6E 20 20 20 20 20 20 31 C7 0D   // прием: 39 байт; 10:18:40:568 02.02.2020
// таймаут: 63 мсек

Ведомый,CRC     
.9600   n      1


00 00 07 00 F7 D4 47   // передача: 7 байт; 10:18:40:709 02.02.2020
// приём по количеству байт: 39 из 39
// принято с порта: 39 байт

01 00 27 00 F7 C2 E5 E4 EE EC FB E9 2C 43 52 43 20 20 20 20 20 2E 39 36 30 30 20 20 00 6E 20 20 20 20 20 20 31 C7 0D   // прием: 39 байт; 10:18:40:755 02.02.2020
// таймаут: 46 мсек

Ведомый,CRC     
.9600   n      1


00 00 07 00 F7 D4 47   // передача: 7 байт; 10:18:40:896 02.02.2020
// приём по количеству байт: 39 из 39
// принято с порта: 39 байт

01 00 27 00 F7 C2 E5 E4 EE EC FB E9 2C 43 52 43 20 20 20 20 20 2E 39 36 30 30 20 20 00 6E 20 20 20 20 20 20 31 C7 0D   // прием: 39 байт; 10:18:40:958 02.02.2020
// таймаут: 62 мсек

Ведомый,CRC     
.9600   n      1


00 00 07 00 F7 D4 47   // передача: 7 байт; 10:18:41:162 02.02.2020
// приём по количеству байт: 39 из 39
// принято с порта: 39 байт

01 00 27 00 F7 C2 E5 E4 EE EC FB E9 2C 43 52 43 20 20 20 20 20 2E 39 36 30 30 20 20 00 6E 20 20 20 20 20 20 31 C7 0D   // прием: 39 байт; 10:18:41:225 02.02.2020
// таймаут: 63 мсек

Ведомый,CRC     
.9600   n      1


00 00 08 00 F6 0A C5 DC   // передача: 8 байт; 10:18:42:083 02.02.2020
// приём по таймауту: 1000 мс
// принято с порта: 1 байт

01   // прием: 1 байт; 10:18:43:103 02.02.2020
// таймаут: 1020 мсек




1A   // передача: 1 байт; 10:18:43:444 02.02.2020



1A   // передача: 1 байт; 10:18:45:259 02.02.2020

CA E0 EB FE EC ED FB 20 

00 00 07 00 F7 D4 47   // передача: 7 байт; 10:18:46:573 02.02.2020
// приём по количеству байт: 39 из 39
// принято с порта: 39 байт

01 00 27 00 F7 C2 E5 E4 F3 F9 E8 E9 2C EF F0 FF EC EE E9 20 20 2E 39 36 30 30 20 20 00 6E 20 20 20 20 2B 20 31 5F D7   // прием: 39 байт; 10:18:46:635 02.02.2020
// таймаут: 62 мсек

Ведущий,прямой  
.9600   n    + 1

CA E0 EB FE EC ED FB 20 

00 00 08 00 F6 00 45 DB   // передача: 8 байт; 10:18:48:605 02.02.2020
// приём по таймауту: 1000 мс
// принято с порта: 8 байт

01 00 08 00 F6 03 04 0B   // прием: 8 байт; 10:18:49:636 02.02.2020
// таймаут: 1031 мсек


CA E0 EB FE EC ED FB 20 

00 00 07 00 F7 D4 47   // передача: 7 байт; 10:18:50:957 02.02.2020
// приём по количеству байт: 39 из 39
// принято с порта: 39 байт

01 00 27 00 F7 C2 E5 E4 F3 F9 E8 E9 2C EF F0 FF EC EE E9 20 20 2E 39 36 30 30 20 20 00 6E 20 20 20 20 2B 20 31 5F D7   // прием: 39 байт; 10:18:51:017 02.02.2020
// таймаут: 60 мсек

Ведущий,прямой  
.9600   n    + 1

CA E0 EB FE EC ED FB 20 

00 00 07 00 F7 D4 47   // передача: 7 байт; 10:18:52:890 02.02.2020
// приём по количеству байт: 39 из 39
// принято с порта: 39 байт

01 00 27 00 F7 C2 E5 E4 F3 F9 E8 E9 2C EF F0 FF EC EE E9 20 20 2E 39 36 30 30 20 20 00 6E 20 20 20 20 2B 20 31 5F D7   // прием: 39 байт; 10:18:52:953 02.02.2020
// таймаут: 63 мсек

Ведущий,прямой  
.9600   n    + 1

CA E0 EB FE EC ED FB 20 

00 00 07 00 F7 D4 47   // передача: 7 байт; 10:18:53:421 02.02.2020
// приём по количеству байт: 39 из 39
// принято с порта: 39 байт

01 00 27 00 F7 C2 E5 E4 F3 F9 E8 E9 2C EF F0 FF EC EE E9 20 20 2E 39 36 30 30 20 20 00 6E 20 20 20 20 2B 20 31 5F D7   // прием: 39 байт; 10:18:53:483 02.02.2020
// таймаут: 62 мсек

Ведущий,прямой  
.9600   n    + 1

CA E0 EB FE EC ED FB 20 

00 00 07 00 F7 D4 47   // передача: 7 байт; 10:18:53:655 02.02.2020
// приём по количеству байт: 39 из 39
// принято с порта: 39 байт

01 00 27 00 F7 C2 E5 E4 F3 F9 E8 E9 2C EF F0 FF EC EE E9 20 20 2E 39 36 30 30 20 20 00 6E 20 20 20 20 2B 20 31 5F D7   // прием: 39 байт; 10:18:53:718 02.02.2020
// таймаут: 63 мсек

Ведущий,прямой  
.9600   n    + 1

CA E0 EB FE EC ED FB 20 

00 00 07 00 F7 D4 47   // передача: 7 байт; 10:18:53:844 02.02.2020
// приём по количеству байт: 39 из 39
// принято с порта: 39 байт

01 00 27 00 F7 C2 E5 E4 F3 F9 E8 E9 2C EF F0 FF EC EE E9 20 20 2E 39 36 30 30 20 20 00 6E 20 20 20 20 2B 20 31 5F D7   // прием: 39 байт; 10:18:53:906 02.02.2020
// таймаут: 62 мсек

Ведущий,прямой  
.9600   n    + 1

CA E0 EB FE EC ED FB 20 

00 00 07 00 F7 D4 47   // передача: 7 байт; 10:18:54:266 02.02.2020
// приём по количеству байт: 39 из 39
// принято с порта: 39 байт

01 00 27 00 F7 C2 E5 E4 F3 F9 E8 E9 2C EF F0 FF EC EE E9 20 20 2E 39 36 30 30 20 20 00 6E 20 20 20 20 2B 20 31 5F D7   // прием: 39 байт; 10:18:54:344 02.02.2020
// таймаут: 78 мсек

Ведущий,прямой  
.9600   n    + 1

CA E0 EB FE EC ED FB 20 

00 00 08 00 F6 0A C5 DC   // передача: 8 байт; 10:18:55:798 02.02.2020



1A   // передача: 1 байт; 10:18:56:659 02.02.2020

CA E0 EB FE EC ED FB 20 

00 00 07 00 F7 D4 47   // передача: 7 байт; 10:18:57:643 02.02.2020
// приём по количеству байт: 40 из 39
// принято с порта: 40 байт

01 01 00 27 00 F7 C2 E5 E4 F3 F9 E8 E9 2C EC EE E4 E5 EC ED FB E9 2E 39 36 30 30 20 20 00 6E 20 20 20 20 2B 20 31 8C 4C   // прием: 40 байт; 10:18:57:706 02.02.2020
// таймаут: 63 мсек


CA E0 EB FE EC ED FB 20 

00 00 07 00 F7 D4 47   // передача: 7 байт; 10:18:58:331 02.02.2020
// приём по количеству байт: 39 из 39
// принято с порта: 39 байт

01 00 27 00 F7 C2 E5 E4 F3 F9 E8 E9 2C EC EE E4 E5 EC ED FB E9 2E 39 36 30 30 20 20 00 6E 20 20 20 20 2B 20 31 8C 4C   // прием: 39 байт; 10:18:58:394 02.02.2020
// таймаут: 63 мсек

Ведущий,модемный
.9600   n    + 1

CA E0 EB FE EC ED FB 20 

00 00 07 00 F7 D4 47   // передача: 7 байт; 10:18:58:565 02.02.2020
// приём по количеству байт: 39 из 39
// принято с порта: 39 байт

01 00 27 00 F7 C2 E5 E4 F3 F9 E8 E9 2C EC EE E4 E5 EC ED FB E9 2E 39 36 30 30 20 20 00 6E 20 20 20 20 2B 20 31 8C 4C   // прием: 39 байт; 10:18:58:628 02.02.2020
// таймаут: 63 мсек

Ведущий,модемный
.9600   n    + 1

CA E0 EB FE EC ED FB 20 

00 00 07 00 F7 D4 47   // передача: 7 байт; 10:18:58:925 02.02.2020
// приём по количеству байт: 39 из 39
// принято с порта: 39 байт

01 00 27 00 F7 C2 E5 E4 F3 F9 E8 E9 2C EC EE E4 E5 EC ED FB E9 2E 39 36 30 30 20 20 00 6E 20 20 20 20 2B 20 31 8C 4C   // прием: 39 байт; 10:18:58:987 02.02.2020
// таймаут: 62 мсек

Ведущий,модемный
.9600   n    + 1

CA E0 EB FE EC ED FB 20 

00 00 07 00 F7 D4 47   // передача: 7 байт; 10:18:59:127 02.02.2020
// приём по количеству байт: 39 из 39
// принято с порта: 39 байт

01 00 27 00 F7 C2 E5 E4 F3 F9 E8 E9 2C EC EE E4 E5 EC ED FB E9 2E 39 36 30 30 20 20 00 6E 20 20 20 20 2B 20 31 8C 4C   // прием: 39 байт; 10:18:59:190 02.02.2020
// таймаут: 63 мсек

Ведущий,модемный
.9600   n    + 1

CA E0 EB FE EC ED FB 20 

00 00 07 00 F7 D4 47   // передача: 7 байт; 10:18:59:299 02.02.2020
// приём по количеству байт: 39 из 39
// принято с порта: 39 байт

01 00 27 00 F7 C2 E5 E4 F3 F9 E8 E9 2C EC EE E4 E5 EC ED FB E9 2E 39 36 30 30 20 20 00 6E 20 20 20 20 2B 20 31 8C 4C   // прием: 39 байт; 10:18:59:364 02.02.2020
// таймаут: 65 мсек

Ведущий,модемный
.9600   n    + 1

CA E0 EB FE EC ED FB 20 

00 00 07 00 F7 D4 47   // передача: 7 байт; 10:18:59:489 02.02.2020
// приём по количеству байт: 39 из 39
// принято с порта: 39 байт

01 00 27 00 F7 C2 E5 E4 F3 F9 E8 E9 2C EC EE E4 E5 EC ED FB E9 2E 39 36 30 30 20 20 00 6E 20 20 20 20 2B 20 31 8C 4C   // прием: 39 байт; 10:18:59:567 02.02.2020
// таймаут: 78 мсек

Ведущий,модемный
.9600   n    + 1

CA E0 EB FE EC ED FB 20 

00 00 07 00 F7 D4 47   // передача: 7 байт; 10:18:59:974 02.02.2020
// приём по количеству байт: 39 из 39
// принято с порта: 39 байт

01 00 27 00 F7 C2 E5 E4 F3 F9 E8 E9 2C EC EE E4 E5 EC ED FB E9 2E 39 36 30 30 20 20 00 6E 20 20 20 20 2B 20 31 8C 4C   // прием: 39 байт; 10:19:00:036 02.02.2020
// таймаут: 62 мсек

Ведущий,модемный
.9600   n    + 1

CA E0 EB FE EC ED FB 20 

00 00 07 00 F7 D4 47   // передача: 7 байт; 10:19:00:161 02.02.2020
// приём по количеству байт: 39 из 39
// принято с порта: 39 байт

01 00 27 00 F7 C2 E5 E4 F3 F9 E8 E9 2C EC EE E4 E5 EC ED FB E9 2E 39 36 30 30 20 20 00 6E 20 20 20 20 2B 20 31 8C 4C   // прием: 39 байт; 10:19:00:223 02.02.2020
// таймаут: 62 мсек

Ведущий,модемный
.9600   n    + 1

CA E0 EB FE EC ED FB 20 

00 00 07 00 F7 D4 47   // передача: 7 байт; 10:19:00:348 02.02.2020
// приём по количеству байт: 39 из 39
// принято с порта: 39 байт

01 00 27 00 F7 C2 E5 E4 F3 F9 E8 E9 2C EC EE E4 E5 EC ED FB E9 2E 39 36 30 30 20 20 00 6E 20 20 20 20 2B 20 31 8C 4C   // прием: 39 байт; 10:19:00:411 02.02.2020
// таймаут: 63 мсек

Ведущий,модемный
.9600   n    + 1

CA E0 EB FE EC ED FB 20 

00 00 08 00 F6 0A C5 DC   // передача: 8 байт; 10:19:01:707 02.02.2020
// приём по таймауту: 1000 мс
// принято с порта: 1 байт

01   // прием: 1 байт; 10:19:02:739 02.02.2020
// таймаут: 1032 мсек


CA E0 EB FE EC ED FB 20 

00 00 07 00 F7 D4 47   // передача: 7 байт; 10:19:04:271 02.02.2020
// приём по таймауту: 1000 мс
// принято с порта: 0 байт
повтор: 1


00 00 07 00 F7 D4 47   // передача: 7 байт; 10:19:05:288 02.02.2020


55 00 00 11 FF F0 00 00 07 00 F7 D4 47 21 B3 8C 7D   // передача: 17 байт; 10:19:05:288 02.02.2020
// приём по количеству байт: 39 из 39
// принято с порта: 39 байт

01 00 27 00 F7 C2 E5 E4 EE EC FB E9 2C D3 CF C8 CE 20 20 20 20 2E 39 36 30 30 20 20 00 6E 20 20 20 20 20 20 31 3B 4E   // прием: 39 байт; 10:19:05:351 02.02.2020
// таймаут: 63 мсек

Ведомый,УПИО    
.9600   n      1


00 00 07 00 F7 D4 47   // передача: 7 байт; 10:19:06:478 02.02.2020


55 00 00 11 FF F0 00 00 07 00 F7 D4 47 21 B3 8C 7D   // передача: 17 байт; 10:19:06:478 02.02.2020
// приём по количеству байт: 39 из 39
// принято с порта: 39 байт

01 00 27 00 F7 C2 E5 E4 EE EC FB E9 2C D3 CF C8 CE 20 20 20 20 2E 39 36 30 30 20 20 00 6E 20 20 20 20 20 20 31 3B 4E   // прием: 39 байт; 10:19:06:540 02.02.2020
// таймаут: 62 мсек

Ведомый,УПИО    
.9600   n      1


00 00 07 00 F7 D4 47   // передача: 7 байт; 10:19:07:150 02.02.2020


55 00 00 11 FF F0 00 00 07 00 F7 D4 47 21 B3 8C 7D   // передача: 17 байт; 10:19:07:150 02.02.2020
// приём по количеству байт: 39 из 39
// принято с порта: 39 байт

01 00 27 00 F7 C2 E5 E4 EE EC FB E9 2C D3 CF C8 CE 20 20 20 20 2E 39 36 30 30 20 20 00 6E 20 20 20 20 20 20 31 3B 4E   // прием: 39 байт; 10:19:07:212 02.02.2020
// таймаут: 62 мсек

Ведомый,УПИО    
.9600   n      1


00 00 07 00 F7 D4 47   // передача: 7 байт; 10:19:07:337 02.02.2020


55 00 00 11 FF F0 00 00 07 00 F7 D4 47 21 B3 8C 7D   // передача: 17 байт; 10:19:07:337 02.02.2020
// приём по количеству байт: 39 из 39
// принято с порта: 39 байт

01 00 27 00 F7 C2 E5 E4 EE EC FB E9 2C D3 CF C8 CE 20 20 20 20 2E 39 36 30 30 20 20 00 6E 20 20 20 20 20 20 31 3B 4E   // прием: 39 байт; 10:19:07:410 02.02.2020
// таймаут: 73 мсек

Ведомый,УПИО    
.9600   n      1


00 00 07 00 F7 D4 47   // передача: 7 байт; 10:19:07:525 02.02.2020


55 00 00 11 FF F0 00 00 07 00 F7 D4 47 21 B3 8C 7D   // передача: 17 байт; 10:19:07:525 02.02.2020
// приём по количеству байт: 39 из 39
// принято с порта: 39 байт

01 00 27 00 F7 C2 E5 E4 EE EC FB E9 2C D3 CF C8 CE 20 20 20 20 2E 39 36 30 30 20 20 00 6E 20 20 20 20 20 20 31 3B 4E   // прием: 39 байт; 10:19:07:588 02.02.2020
// таймаут: 63 мсек

Ведомый,УПИО    
.9600   n      1


00 00 07 00 F7 D4 47   // передача: 7 байт; 10:19:07:713 02.02.2020


55 00 00 11 FF F0 00 00 07 00 F7 D4 47 21 B3 8C 7D   // передача: 17 байт; 10:19:07:713 02.02.2020
// приём по количеству байт: 39 из 39
// принято с порта: 39 байт

01 00 27 00 F7 C2 E5 E4 EE EC FB E9 2C D3 CF C8 CE 20 20 20 20 2E 39 36 30 30 20 20 00 6E 20 20 20 20 20 20 31 3B 4E   // прием: 39 байт; 10:19:07:791 02.02.2020
// таймаут: 78 мсек

Ведомый,УПИО    
.9600   n      1


00 00 07 00 F7 D4 47   // передача: 7 байт; 10:19:07:911 02.02.2020


55 00 00 11 FF F0 00 00 07 00 F7 D4 47 21 B3 8C 7D   // передача: 17 байт; 10:19:07:911 02.02.2020
// приём по количеству байт: 39 из 39
// принято с порта: 39 байт

01 00 27 00 F7 C2 E5 E4 EE EC FB E9 2C D3 CF C8 CE 20 20 20 20 2E 39 36 30 30 20 20 00 6E 20 20 20 20 20 20 31 3B 4E   // прием: 39 байт; 10:19:07:978 02.02.2020
// таймаут: 67 мсек

Ведомый,УПИО    
.9600   n      1


00 00 07 00 F7 D4 47   // передача: 7 байт; 10:19:08:088 02.02.2020


55 00 00 11 FF F0 00 00 07 00 F7 D4 47 21 B3 8C 7D   // передача: 17 байт; 10:19:08:103 02.02.2020
// приём по количеству байт: 39 из 39
// принято с порта: 39 байт

01 00 27 00 F7 C2 E5 E4 EE EC FB E9 2C D3 CF C8 CE 20 20 20 20 2E 39 36 30 30 20 20 00 6E 20 20 20 20 20 20 31 3B 4E   // прием: 39 байт; 10:19:08:166 02.02.2020
// таймаут: 63 мсек

Ведомый,УПИО    
.9600   n      1


00 00 07 00 F7 D4 47   // передача: 7 байт; 10:19:08:290 02.02.2020


55 00 00 11 FF F0 00 00 07 00 F7 D4 47 21 B3 8C 7D   // передача: 17 байт; 10:19:08:290 02.02.2020
// приём по количеству байт: 39 из 39
// принято с порта: 39 байт

01 00 27 00 F7 C2 E5 E4 EE EC FB E9 2C D3 CF C8 CE 20 20 20 20 2E 39 36 30 30 20 20 00 6E 20 20 20 20 20 20 31 3B 4E   // прием: 39 байт; 10:19:08:368 02.02.2020
// таймаут: 78 мсек

Ведомый,УПИО    
.9600   n      1


00 00 07 00 F7 D4 47   // передача: 7 байт; 10:19:08:464 02.02.2020


55 00 00 11 FF F0 00 00 07 00 F7 D4 47 21 B3 8C 7D   // передача: 17 байт; 10:19:08:464 02.02.2020
// приём по количеству байт: 39 из 39
// принято с порта: 39 байт

01 00 27 00 F7 C2 E5 E4 EE EC FB E9 2C D3 CF C8 CE 20 20 20 20 2E 39 36 30 30 20 20 00 6E 20 20 20 20 20 20 31 3B 4E   // прием: 39 байт; 10:19:08:527 02.02.2020
// таймаут: 63 мсек

Ведомый,УПИО    
.9600   n      1


00 00 07 00 F7 D4 47   // передача: 7 байт; 10:19:08:667 02.02.2020


55 00 00 11 FF F0 00 00 07 00 F7 D4 47 21 B3 8C 7D   // передача: 17 байт; 10:19:08:667 02.02.2020
// приём по количеству байт: 39 из 39
// принято с порта: 39 байт

01 00 27 00 F7 C2 E5 E4 EE EC FB E9 2C D3 CF C8 CE 20 20 20 20 2E 39 36 30 30 20 20 00 6E 20 20 20 20 20 20 31 3B 4E   // прием: 39 байт; 10:19:08:746 02.02.2020
// таймаут: 79 мсек

Ведомый,УПИО    
.9600   n      1


00 00 07 00 F7 D4 47   // передача: 7 байт; 10:19:08:967 02.02.2020


55 00 00 11 FF F0 00 00 07 00 F7 D4 47 21 B3 8C 7D   // передача: 17 байт; 10:19:08:967 02.02.2020
// приём по количеству байт: 39 из 39
// принято с порта: 39 байт

01 00 27 00 F7 C2 E5 E4 EE EC FB E9 2C D3 CF C8 CE 20 20 20 20 2E 39 36 30 30 20 20 00 6E 20 20 20 20 20 20 31 3B 4E   // прием: 39 байт; 10:19:09:029 02.02.2020
// таймаут: 62 мсек

Ведомый,УПИО    
.9600   n      1


00 00 07 00 F7 D4 47   // передача: 7 байт; 10:19:09:201 02.02.2020


55 00 00 11 FF F0 00 00 07 00 F7 D4 47 21 B3 8C 7D   // передача: 17 байт; 10:19:09:201 02.02.2020
// приём по количеству байт: 39 из 39
// принято с порта: 39 байт

01 00 27 00 F7 C2 E5 E4 EE EC FB E9 2C D3 CF C8 CE 20 20 20 20 2E 39 36 30 30 20 20 00 6E 20 20 20 20 20 20 31 3B 4E   // прием: 39 байт; 10:19:09:263 02.02.2020
// таймаут: 62 мсек

Ведомый,УПИО    
.9600   n      1


00 00 07 00 F7 D4 47   // передача: 7 байт; 10:19:09:422 02.02.2020


55 00 00 11 FF F0 00 00 07 00 F7 D4 47 21 B3 8C 7D   // передача: 17 байт; 10:19:09:423 02.02.2020
// приём по количеству байт: 39 из 39
// принято с порта: 39 байт

01 00 27 00 F7 C2 E5 E4 EE EC FB E9 2C D3 CF C8 CE 20 20 20 20 2E 39 36 30 30 20 20 00 6E 20 20 20 20 20 20 31 3B 4E   // прием: 39 байт; 10:19:09:479 02.02.2020
// таймаут: 56 мсек

Ведомый,УПИО    
.9600   n      1


00 00 07 00 F7 D4 47   // передача: 7 байт; 10:19:09:619 02.02.2020


55 00 00 11 FF F0 00 00 07 00 F7 D4 47 21 B3 8C 7D   // передача: 17 байт; 10:19:09:619 02.02.2020
// приём по количеству байт: 39 из 39
// принято с порта: 39 байт

01 00 27 00 F7 C2 E5 E4 EE EC FB E9 2C D3 CF C8 CE 20 20 20 20 2E 39 36 30 30 20 20 00 6E 20 20 20 20 20 20 31 3B 4E   // прием: 39 байт; 10:19:09:682 02.02.2020
// таймаут: 63 мсек

Ведомый,УПИО    
.9600   n      1


00 00 07 00 F7 D4 47   // передача: 7 байт; 10:19:09:838 02.02.2020


55 00 00 11 FF F0 00 00 07 00 F7 D4 47 21 B3 8C 7D   // передача: 17 байт; 10:19:09:838 02.02.2020
// приём по количеству байт: 39 из 39
// принято с порта: 39 байт

01 00 27 00 F7 C2 E5 E4 EE EC FB E9 2C D3 CF C8 CE 20 20 20 20 2E 39 36 30 30 20 20 00 6E 20 20 20 20 20 20 31 3B 4E   // прием: 39 байт; 10:19:09:900 02.02.2020
// таймаут: 62 мсек

Ведомый,УПИО    
.9600   n      1


00 00 07 00 F7 D4 47   // передача: 7 байт; 10:19:10:074 02.02.2020


55 00 00 11 FF F0 00 00 07 00 F7 D4 47 21 B3 8C 7D   // передача: 17 байт; 10:19:10:074 02.02.2020
// приём по количеству байт: 39 из 39
// принято с порта: 39 байт

01 00 27 00 F7 C2 E5 E4 EE EC FB E9 2C D3 CF C8 CE 20 20 20 20 2E 39 36 30 30 20 20 00 6E 20 20 20 20 20 20 31 3B 4E   // прием: 39 байт; 10:19:10:136 02.02.2020
// таймаут: 62 мсек

Ведомый,УПИО    
.9600   n      1


00 00 07 00 F7 D4 47   // передача: 7 байт; 10:19:10:292 02.02.2020


55 00 00 11 FF F0 00 00 07 00 F7 D4 47 21 B3 8C 7D   // передача: 17 байт; 10:19:10:292 02.02.2020
// приём по количеству байт: 39 из 39
// принято с порта: 39 байт

01 00 27 00 F7 C2 E5 E4 EE EC FB E9 2C D3 CF C8 CE 20 20 20 20 2E 39 36 30 30 20 20 00 6E 20 20 20 20 20 20 31 3B 4E   // прием: 39 байт; 10:19:10:370 02.02.2020
// таймаут: 78 мсек

Ведомый,УПИО    
.9600   n      1


00 00 07 00 F7 D4 47   // передача: 7 байт; 10:19:10:511 02.02.2020


55 00 00 11 FF F0 00 00 07 00 F7 D4 47 21 B3 8C 7D   // передача: 17 байт; 10:19:10:511 02.02.2020
// приём по количеству байт: 39 из 39
// принято с порта: 39 байт

01 00 27 00 F7 C2 E5 E4 EE EC FB E9 2C D3 CF C8 CE 20 20 20 20 2E 39 36 30 30 20 20 00 6E 20 20 20 20 20 20 31 3B 4E   // прием: 39 байт; 10:19:10:573 02.02.2020
// таймаут: 62 мсек

Ведомый,УПИО    
.9600   n      1


00 00 07 00 F7 D4 47   // передача: 7 байт; 10:19:11:324 02.02.2020


55 00 00 11 FF F0 00 00 07 00 F7 D4 47 21 B3 8C 7D   // передача: 17 байт; 10:19:11:324 02.02.2020
// приём по количеству байт: 39 из 39
// принято с порта: 39 байт

01 00 27 00 F7 C2 E5 E4 EE EC FB E9 2C D3 CF C8 CE 20 20 20 20 2E 39 36 30 30 20 20 00 6E 20 20 20 20 20 20 31 3B 4E   // прием: 39 байт; 10:19:11:386 02.02.2020
// таймаут: 62 мсек

Ведомый,УПИО    
.9600   n      1


00 00 07 00 F7 D4 47   // передача: 7 байт; 10:19:11:513 02.02.2020


55 00 00 11 FF F0 00 00 07 00 F7 D4 47 21 B3 8C 7D   // передача: 17 байт; 10:19:11:513 02.02.2020
// приём по количеству байт: 39 из 39
// принято с порта: 39 байт

01 00 27 00 F7 C2 E5 E4 EE EC FB E9 2C D3 CF C8 CE 20 20 20 20 2E 39 36 30 30 20 20 00 6E 20 20 20 20 20 20 31 3B 4E   // прием: 39 байт; 10:19:11:592 02.02.2020
// таймаут: 79 мсек

Ведомый,УПИО    
.9600   n      1


00 00 07 00 F7 D4 47   // передача: 7 байт; 10:19:11:716 02.02.2020


55 00 00 11 FF F0 00 00 07 00 F7 D4 47 21 B3 8C 7D   // передача: 17 байт; 10:19:11:716 02.02.2020
// приём по количеству байт: 39 из 39
// принято с порта: 39 байт

01 00 27 00 F7 C2 E5 E4 EE EC FB E9 2C D3 CF C8 CE 20 20 20 20 2E 39 36 30 30 20 20 00 6E 20 20 20 20 20 20 31 3B 4E   // прием: 39 байт; 10:19:11:779 02.02.2020
// таймаут: 63 мсек

Ведомый,УПИО    
.9600   n      1


00 00 07 00 F7 D4 47   // передача: 7 байт; 10:19:11:919 02.02.2020


55 00 00 11 FF F0 00 00 07 00 F7 D4 47 21 B3 8C 7D   // передача: 17 байт; 10:19:11:919 02.02.2020
// приём по количеству байт: 39 из 39
// принято с порта: 39 байт

01 00 27 00 F7 C2 E5 E4 EE EC FB E9 2C D3 CF C8 CE 20 20 20 20 2E 39 36 30 30 20 20 00 6E 20 20 20 20 20 20 31 3B 4E   // прием: 39 байт; 10:19:11:981 02.02.2020
// таймаут: 62 мсек

Ведомый,УПИО    
.9600   n      1


00 00 07 00 F7 D4 47   // передача: 7 байт; 10:19:12:106 02.02.2020


55 00 00 11 FF F0 00 00 07 00 F7 D4 47 21 B3 8C 7D   // передача: 17 байт; 10:19:12:106 02.02.2020
// приём по количеству байт: 39 из 39
// принято с порта: 39 байт

01 00 27 00 F7 C2 E5 E4 EE EC FB E9 2C D3 CF C8 CE 20 20 20 20 2E 39 36 30 30 20 20 00 6E 20 20 20 20 20 20 31 3B 4E   // прием: 39 байт; 10:19:12:184 02.02.2020
// таймаут: 78 мсек

Ведомый,УПИО    
.9600   n      1


00 00 07 00 F7 D4 47   // передача: 7 байт; 10:19:12:355 02.02.2020


55 00 00 11 FF F0 00 00 07 00 F7 D4 47 21 B3 8C 7D   // передача: 17 байт; 10:19:12:355 02.02.2020
// приём по количеству байт: 39 из 39
// принято с порта: 39 байт

01 00 27 00 F7 C2 E5 E4 EE EC FB E9 2C D3 CF C8 CE 20 20 20 20 2E 39 36 30 30 20 20 00 6E 20 20 20 20 20 20 31 3B 4E   // прием: 39 байт; 10:19:12:433 02.02.2020
// таймаут: 78 мсек

Ведомый,УПИО    
.9600   n      1


00 00 07 00 F7 D4 47   // передача: 7 байт; 10:19:12:576 02.02.2020


55 00 00 11 FF F0 00 00 07 00 F7 D4 47 21 B3 8C 7D   // передача: 17 байт; 10:19:12:576 02.02.2020
// приём по количеству байт: 39 из 39
// принято с порта: 39 байт

01 00 27 00 F7 C2 E5 E4 EE EC FB E9 2C D3 CF C8 CE 20 20 20 20 2E 39 36 30 30 20 20 00 6E 20 20 20 20 20 20 31 3B 4E   // прием: 39 байт; 10:19:12:639 02.02.2020
// таймаут: 63 мсек

Ведомый,УПИО    
.9600   n      1


00 00 07 00 F7 D4 47   // передача: 7 байт; 10:19:12:826 02.02.2020


55 00 00 11 FF F0 00 00 07 00 F7 D4 47 21 B3 8C 7D   // передача: 17 байт; 10:19:12:826 02.02.2020
// приём по количеству байт: 39 из 39
// принято с порта: 39 байт

01 00 27 00 F7 C2 E5 E4 EE EC FB E9 2C D3 CF C8 CE 20 20 20 20 2E 39 36 30 30 20 20 00 6E 20 20 20 20 20 20 31 3B 4E   // прием: 39 байт; 10:19:12:904 02.02.2020
// таймаут: 78 мсек

Ведомый,УПИО    
.9600   n      1


00 00 07 00 F7 D4 47   // передача: 7 байт; 10:19:13:045 02.02.2020


55 00 00 11 FF F0 00 00 07 00 F7 D4 47 21 B3 8C 7D   // передача: 17 байт; 10:19:13:045 02.02.2020
// приём по количеству байт: 39 из 39
// принято с порта: 39 байт

01 00 27 00 F7 C2 E5 E4 EE EC FB E9 2C D3 CF C8 CE 20 20 20 20 2E 39 36 30 30 20 20 00 6E 20 20 20 20 20 20 31 3B 4E   // прием: 39 байт; 10:19:13:123 02.02.2020
// таймаут: 78 мсек

Ведомый,УПИО    
.9600   n      1


00 00 07 00 F7 D4 47   // передача: 7 байт; 10:19:13:247 02.02.2020


55 00 00 11 FF F0 00 00 07 00 F7 D4 47 21 B3 8C 7D   // передача: 17 байт; 10:19:13:247 02.02.2020
// приём по количеству байт: 39 из 39
// принято с порта: 39 байт

01 00 27 00 F7 C2 E5 E4 EE EC FB E9 2C D3 CF C8 CE 20 20 20 20 2E 39 36 30 30 20 20 00 6E 20 20 20 20 20 20 31 3B 4E   // прием: 39 байт; 10:19:13:310 02.02.2020
// таймаут: 63 мсек

Ведомый,УПИО    
.9600   n      1


00 00 08 00 F6 0A C5 DC   // передача: 8 байт; 10:19:14:717 02.02.2020


55 00 00 12 FF F0 00 00 08 00 F6 0A C5 DC 21 B3 05 B9   // передача: 18 байт; 10:19:14:717 02.02.2020
// приём по таймауту: 1000 мс
// принято с порта: 1 байт

01   // прием: 1 байт; 10:19:15:765 02.02.2020
// таймаут: 1048 мсек


CA E0 EB FE EC ED FB 20 

00 00 07 00 F7 D4 47   // передача: 7 байт; 10:19:17:922 02.02.2020
// приём по количеству байт: 39 из 39
// принято с порта: 39 байт

01 00 27 00 F7 C2 E5 E4 EE EC FB E9 2C 45 73 63 2B 43 52 43 20 2E 39 36 30 30 20 20 00 6E 20 20 20 20 20 20 31 C3 E4   // прием: 39 байт; 10:19:18:000 02.02.2020
// таймаут: 78 мсек

Ведомый,Esc+CRC 
.9600   n      1

CA E0 EB FE EC ED FB 20 

00 00 07 00 F7 D4 47   // передача: 7 байт; 10:19:18:359 02.02.2020
// приём по количеству байт: 39 из 39
// принято с порта: 39 байт

01 00 27 00 F7 C2 E5 E4 EE EC FB E9 2C 45 73 63 2B 43 52 43 20 2E 39 36 30 30 20 20 00 6E 20 20 20 20 20 20 31 C3 E4   // прием: 39 байт; 10:19:18:422 02.02.2020
// таймаут: 63 мсек

Ведомый,Esc+CRC 
.9600   n      1

CA E0 EB FE EC ED FB 20 

00 00 07 00 F7 D4 47   // передача: 7 байт; 10:19:18:547 02.02.2020
// приём по количеству байт: 39 из 39
// принято с порта: 39 байт

01 00 27 00 F7 C2 E5 E4 EE EC FB E9 2C 45 73 63 2B 43 52 43 20 2E 39 36 30 30 20 20 00 6E 20 20 20 20 20 20 31 C3 E4   // прием: 39 байт; 10:19:18:609 02.02.2020
// таймаут: 62 мсек

Ведомый,Esc+CRC 
.9600   n      1

CA E0 EB FE EC ED FB 20 

00 00 07 00 F7 D4 47   // передача: 7 байт; 10:19:18:735 02.02.2020
// приём по количеству байт: 39 из 39
// принято с порта: 39 байт

01 00 27 00 F7 C2 E5 E4 EE EC FB E9 2C 45 73 63 2B 43 52 43 20 2E 39 36 30 30 20 20 00 6E 20 20 20 20 20 20 31 C3 E4   // прием: 39 байт; 10:19:18:798 02.02.2020
// таймаут: 63 мсек

Ведомый,Esc+CRC 
.9600   n      1

CA E0 EB FE EC ED FB 20 

00 00 07 00 F7 D4 47   // передача: 7 байт; 10:19:18:938 02.02.2020
// приём по количеству байт: 39 из 39
// принято с порта: 39 байт

01 00 27 00 F7 C2 E5 E4 EE EC FB E9 2C 45 73 63 2B 43 52 43 20 2E 39 36 30 30 20 20 00 6E 20 20 20 20 20 20 31 C3 E4   // прием: 39 байт; 10:19:19:000 02.02.2020
// таймаут: 62 мсек

Ведомый,Esc+CRC 
.9600   n      1

CA E0 EB FE EC ED FB 20 

00 00 07 00 F7 D4 47   // передача: 7 байт; 10:19:19:141 02.02.2020
// приём по количеству байт: 39 из 39
// принято с порта: 39 байт

01 00 27 00 F7 C2 E5 E4 EE EC FB E9 2C 45 73 63 2B 43 52 43 20 2E 39 36 30 30 20 20 00 6E 20 20 20 20 20 20 31 C3 E4   // прием: 39 байт; 10:19:19:204 02.02.2020
// таймаут: 63 мсек

Ведомый,Esc+CRC 
.9600   n      1

CA E0 EB FE EC ED FB 20 

00 00 07 00 F7 D4 47   // передача: 7 байт; 10:19:19:469 02.02.2020
// приём по количеству байт: 39 из 39
// принято с порта: 39 байт

01 00 27 00 F7 C2 E5 E4 EE EC FB E9 2C 45 73 63 2B 43 52 43 20 2E 39 36 30 30 20 20 00 6E 20 20 20 20 20 20 31 C3 E4   // прием: 39 байт; 10:19:19:532 02.02.2020
// таймаут: 63 мсек

Ведомый,Esc+CRC 
.9600   n      1

CA E0 EB FE EC ED FB 20 

00 00 07 00 F7 D4 47   // передача: 7 байт; 10:19:19:673 02.02.2020
// приём по количеству байт: 39 из 39
// принято с порта: 39 байт

01 00 27 00 F7 C2 E5 E4 EE EC FB E9 2C 45 73 63 2B 43 52 43 20 2E 39 36 30 30 20 20 00 6E 20 20 20 20 20 20 31 C3 E4   // прием: 39 байт; 10:19:19:735 02.02.2020
// таймаут: 62 мсек

Ведомый,Esc+CRC 
.9600   n      1

CA E0 EB FE EC ED FB 20 

00 00 07 00 F7 D4 47   // передача: 7 байт; 10:19:19:860 02.02.2020
// приём по количеству байт: 39 из 39
// принято с порта: 39 байт

01 00 27 00 F7 C2 E5 E4 EE EC FB E9 2C 45 73 63 2B 43 52 43 20 2E 39 36 30 30 20 20 00 6E 20 20 20 20 20 20 31 C3 E4   // прием: 39 байт; 10:19:19:923 02.02.2020
// таймаут: 63 мсек

Ведомый,Esc+CRC 
.9600   n      1

// О программе
