
CA E0 EB FE EC ED FB 20 

00 00 07 00 F7 D4 47   // передача: 7 байт; 07:36:14:202 29.01.2020
// приём по количеству байт: 39 из 39
// принято с порта: 39 байт

01 00 27 00 F7 C2 E5 E4 EE EC FB E9 2C 45 73 63 2B 43 52 43 20 2E 39 36 30 30 20 20 00 6E 20 20 20 20 20 20 31 C3 E4   // прием: 39 байт; 07:36:14:264 29.01.2020
// таймаут: 62 мсек

Ведомый,Esc+CRC 
.9600   n      1

CA E0 EB FE EC ED FB 20 

00 00 07 00 F7 D4 47   // передача: 7 байт; 07:36:16:057 29.01.2020
// приём по количеству байт: 39 из 39
// принято с порта: 39 байт

01 00 27 00 F7 C2 E5 E4 EE EC FB E9 2C 45 73 63 2B 43 52 43 20 2E 39 36 30 30 20 20 00 6E 20 20 20 20 20 20 31 C3 E4   // прием: 39 байт; 07:36:16:119 29.01.2020
// таймаут: 62 мсек

Ведомый,Esc+CRC 
.9600   n      1

CA E0 EB FE EC ED FB 20 

00 00 07 00 F7 D4 47   // передача: 7 байт; 07:36:16:899 29.01.2020
// приём по количеству байт: 39 из 39
// принято с порта: 39 байт

01 00 27 00 F7 C2 E5 E4 EE EC FB E9 2C 45 73 63 2B 43 52 43 20 2E 39 36 30 30 20 20 00 6E 20 20 20 20 20 20 31 C3 E4   // прием: 39 байт; 07:36:16:962 29.01.2020
// таймаут: 63 мсек

Ведомый,Esc+CRC 
.9600   n      1

CA E0 EB FE EC ED FB 20 

00 00 07 00 F7 D4 47   // передача: 7 байт; 07:36:17:352 29.01.2020
// приём по количеству байт: 39 из 39
// принято с порта: 39 байт

01 00 27 00 F7 C2 E5 E4 EE EC FB E9 2C 45 73 63 2B 43 52 43 20 2E 39 36 30 30 20 20 00 6E 20 20 20 20 20 20 31 C3 E4   // прием: 39 байт; 07:36:17:414 29.01.2020
// таймаут: 62 мсек

Ведомый,Esc+CRC 
.9600   n      1

CA E0 EB FE EC ED FB 20 

00 00 07 00 F7 D4 47   // передача: 7 байт; 07:36:17:695 29.01.2020
// приём по количеству байт: 39 из 39
// принято с порта: 39 байт

01 00 27 00 F7 C2 E5 E4 EE EC FB E9 2C 45 73 63 2B 43 52 43 20 2E 39 36 30 30 20 20 00 6E 20 20 20 20 20 20 31 C3 E4   // прием: 39 байт; 07:36:17:773 29.01.2020
// таймаут: 78 мсек

Ведомый,Esc+CRC 
.9600   n      1

CA E0 EB FE EC ED FB 20 

00 00 07 00 F7 D4 47   // передача: 7 байт; 07:36:18:163 29.01.2020
// приём по количеству байт: 39 из 39
// принято с порта: 39 байт

01 00 27 00 F7 C2 E5 E4 EE EC FB E9 2C 45 73 63 2B 43 52 43 20 2E 39 36 30 30 20 20 00 6E 20 20 20 20 20 20 31 C3 E4   // прием: 39 байт; 07:36:18:225 29.01.2020
// таймаут: 62 мсек

Ведомый,Esc+CRC 
.9600   n      1

CA E0 EB FE EC ED FB 20 

00 00 07 00 F7 D4 47   // передача: 7 байт; 07:36:18:662 29.01.2020
// приём по количеству байт: 39 из 39
// принято с порта: 39 байт

01 00 27 00 F7 C2 E5 E4 EE EC FB E9 2C 45 73 63 2B 43 52 43 20 2E 39 36 30 30 20 20 00 6E 20 20 20 20 20 20 31 C3 E4   // прием: 39 байт; 07:36:18:725 29.01.2020
// таймаут: 63 мсек

Ведомый,Esc+CRC 
.9600   n      1

// О программе
