// приём по количеству байт: 1 из 0
// принято с порта: 1 байт

FF   // прием: 1 байт; 07:34:58:570 29.01.2020
// таймаут: 58570 мсек

// приём по таймауту: 1000 мс
// принято с порта: 0 байт



1A   // передача: 1 байт; 07:35:20:053 29.01.2020



1B 41   // передача: 2 байт; 07:35:20:757 29.01.2020



1B 41   // передача: 2 байт; 07:35:21:181 29.01.2020



1B 41   // передача: 2 байт; 07:35:21:397 29.01.2020
// приём по таймауту: 1000 мс
// принято с порта: 0 байт

CA E0 EB FE EC ED FB 20 

00 00 07 00 F7 D4 47   // передача: 7 байт; 07:35:25:166 29.01.2020
// приём по количеству байт: 39 из 39
// принято с порта: 39 байт

01 00 27 00 F7 D0 E0 E1 EE F2 E0 20 20 20 20 20 20 20 20 20 20 20 20 20 20 20 20 20 20 20 20 20 20 20 20 20 20 D5 94   // прием: 39 байт; 07:35:25:231 29.01.2020
// таймаут: 65 мсек

Работа          
                

// О программе
