
CA E0 EB FE EC ED FB 20 

00 00 08 00 F6 0C 45 DE   // передача: 8 байт; 07:51:29:718 29.01.2020
// приём по количеству байт: 9 из 9
// принято с порта: 9 байт

01 00 09 00 F6 00 00 37 F3   // прием: 9 байт; 07:51:29:750 29.01.2020
// таймаут: 32 мсек


CA E0 EB FE EC ED FB 20 

00 00 07 00 F7 D4 47   // передача: 7 байт; 07:51:29:750 29.01.2020
// приём по количеству байт: 39 из 39
// принято с порта: 39 байт

01 00 27 00 F7 CF F0 EE E3 F0 E0 EC EC E0 20 3F 20 20 20 20 20 3E 5F 5F 5F 20 20 20 20 20 20 20 20 20 20 20 20 5B EF   // прием: 39 байт; 07:51:29:812 29.01.2020
// таймаут: 62 мсек

Программа ?     
>___            

CA E0 EB FE EC ED FB 20 

00 00 08 00 F6 02 C4 1A   // передача: 8 байт; 07:51:30:499 29.01.2020
// приём по количеству байт: 9 из 9
// принято с порта: 9 байт

01 00 09 00 F6 00 00 37 F3   // прием: 9 байт; 07:51:30:530 29.01.2020
// таймаут: 31 мсек


CA E0 EB FE EC ED FB 20 

00 00 07 00 F7 D4 47   // передача: 7 байт; 07:51:30:530 29.01.2020
// приём по количеству байт: 39 из 39
// принято с порта: 39 байт

01 00 27 00 F7 CF F0 EE E3 F0 E0 EC EC E0 20 3F 20 20 20 20 20 3E 5F 5F 32 20 20 20 20 20 20 20 20 20 20 20 20 C9 02   // прием: 39 байт; 07:51:30:608 29.01.2020
// таймаут: 78 мсек

Программа ?     
>__2            

CA E0 EB FE EC ED FB 20 

00 00 08 00 F6 02 C4 1A   // передача: 8 байт; 07:51:30:749 29.01.2020
// приём по количеству байт: 9 из 9
// принято с порта: 9 байт

01 00 09 00 F6 00 00 37 F3   // прием: 9 байт; 07:51:30:781 29.01.2020
// таймаут: 32 мсек


CA E0 EB FE EC ED FB 20 

00 00 07 00 F7 D4 47   // передача: 7 байт; 07:51:30:781 29.01.2020
// приём по количеству байт: 39 из 39
// принято с порта: 39 байт

01 00 27 00 F7 CF F0 EE E3 F0 E0 EC EC E0 20 3F 20 20 20 20 20 3E 5F 32 32 20 20 20 20 20 20 20 20 20 20 20 20 A5 AF   // прием: 39 байт; 07:51:30:843 29.01.2020
// таймаут: 62 мсек

Программа ?     
>_22            

CA E0 EB FE EC ED FB 20 

00 00 08 00 F6 00 45 DB   // передача: 8 байт; 07:51:31:624 29.01.2020
// приём по количеству байт: 9 из 9
// принято с порта: 9 байт

01 00 09 00 F6 00 00 37 F3   // прием: 9 байт; 07:51:31:655 29.01.2020
// таймаут: 31 мсек


CA E0 EB FE EC ED FB 20 

00 00 07 00 F7 D4 47   // передача: 7 байт; 07:51:31:655 29.01.2020
// приём по количеству байт: 39 из 39
// принято с порта: 39 байт

01 00 27 00 F7 CF F0 EE E3 F0 E0 EC EC E0 20 3F 20 20 20 20 20 3E 32 32 30 20 20 20 20 20 20 20 20 20 20 20 20 0F C0   // прием: 39 байт; 07:51:31:718 29.01.2020
// таймаут: 63 мсек

Программа ?     
>220            

CA E0 EB FE EC ED FB 20 

00 00 08 00 F6 0D 84 1E   // передача: 8 байт; 07:51:32:202 29.01.2020
// приём по количеству байт: 9 из 9
// принято с порта: 9 байт

01 00 09 00 F6 00 00 37 F3   // прием: 9 байт; 07:51:32:233 29.01.2020
// таймаут: 31 мсек


CA E0 EB FE EC ED FB 20 

00 00 07 00 F7 D4 47   // передача: 7 байт; 07:51:32:249 29.01.2020
// приём по количеству байт: 39 из 39
// принято с порта: 39 байт

01 00 27 00 F7 CF EE F0 F2 20 31 3A 20 43 52 43 32 34 37 20 34 30 33 20 33 36 34 37 20 30 37 20 30 30 20 20 20 00 45   // прием: 39 байт; 07:51:32:311 29.01.2020
// таймаут: 62 мсек

Порт 1: CRC247 4
03 3647 07 00   

// О программе
