
CA E0 EB FE EC ED FB 20 


00 00 08 00 F6 0C 45 DE   // передача: 8 байт; 10:28:11:231 26.04.2022
// приём по количеству байт: 9 из 9
// принято с порта: 9 байт

01 00 09 00 F6 00 00 37 F3   // прием: 9 байт; 10:28:11:263 26.04.2022
// таймаут: 32 мсек


CA E0 EB FE EC ED FB 20 


00 00 07 00 F7 D4 47   // передача: 7 байт; 10:28:11:265 26.04.2022
// приём по количеству байт: 39 из 39
// принято с порта: 39 байт

01 00 27 00 F7 CF F0 EE E3 F0 E0 EC EC E0 20 3F 20 20 20 20 20 3E 5F 5F 5F 20 20 20 20 20 20 20 20 20 20 20 20 5B EF   // прием: 39 байт; 10:28:11:329 26.04.2022
// таймаут: 64 мсек

I?ia?aiia ?     
>___            

CA E0 EB FE EC ED FB 20 


00 00 08 00 F6 01 84 1B   // передача: 8 байт; 10:28:11:861 26.04.2022
// приём по количеству байт: 9 из 9
// принято с порта: 9 байт

01 00 09 00 F6 00 00 37 F3   // прием: 9 байт; 10:28:11:894 26.04.2022
// таймаут: 33 мсек


CA E0 EB FE EC ED FB 20 


00 00 07 00 F7 D4 47   // передача: 7 байт; 10:28:11:896 26.04.2022
// приём по количеству байт: 39 из 39
// принято с порта: 39 байт

01 00 27 00 F7 CF F0 EE E3 F0 E0 EC EC E0 20 3F 20 20 20 20 20 3E 5F 5F 31 20 20 20 20 20 20 20 20 20 20 20 20 CC C1   // прием: 39 байт; 10:28:11:960 26.04.2022
// таймаут: 64 мсек

I?ia?aiia ?     
>__1            

CA E0 EB FE EC ED FB 20 


00 00 08 00 F6 04 44 18   // передача: 8 байт; 10:28:12:237 26.04.2022
// приём по количеству байт: 9 из 9
// принято с порта: 9 байт

01 00 09 00 F6 00 00 37 F3   // прием: 9 байт; 10:28:12:270 26.04.2022
// таймаут: 33 мсек


CA E0 EB FE EC ED FB 20 


00 00 07 00 F7 D4 47   // передача: 7 байт; 10:28:12:272 26.04.2022
// приём по количеству байт: 39 из 39
// принято с порта: 39 байт

01 00 27 00 F7 CF F0 EE E3 F0 E0 EC EC E0 20 3F 20 20 20 20 20 3E 5F 31 34 20 20 20 20 20 20 20 20 20 20 20 20 AF 6A   // прием: 39 байт; 10:28:12:336 26.04.2022
// таймаут: 64 мсек

I?ia?aiia ?     
>_14            

CA E0 EB FE EC ED FB 20 


00 00 08 00 F6 04 44 18   // передача: 8 байт; 10:28:12:749 26.04.2022
// приём по количеству байт: 9 из 9
// принято с порта: 9 байт

01 00 09 00 F6 00 00 37 F3   // прием: 9 байт; 10:28:12:782 26.04.2022
// таймаут: 33 мсек


CA E0 EB FE EC ED FB 20 


00 00 07 00 F7 D4 47   // передача: 7 байт; 10:28:12:784 26.04.2022
// приём по количеству байт: 39 из 39
// принято с порта: 39 байт

01 00 27 00 F7 CF F0 EE E3 F0 E0 EC EC E0 20 3F 20 20 20 20 20 3E 31 34 34 20 20 20 20 20 20 20 20 20 20 20 20 44 43   // прием: 39 байт; 10:28:12:848 26.04.2022
// таймаут: 64 мсек

I?ia?aiia ?     
>144            

CA E0 EB FE EC ED FB 20 


00 00 08 00 F6 0D 84 1E   // передача: 8 байт; 10:28:13:773 26.04.2022
// приём по количеству байт: 9 из 9
// принято с порта: 9 байт

01 00 09 00 F6 00 00 37 F3   // прием: 9 байт; 10:28:13:806 26.04.2022
// таймаут: 33 мсек


CA E0 EB FE EC ED FB 20 


00 00 07 00 F7 D4 47   // передача: 7 байт; 10:28:13:808 26.04.2022
// приём по количеству байт: 39 из 39
// принято с порта: 39 байт

01 00 27 00 F7 C8 EC EF F3 EB FC F1 FB 20 CF C8 2D 31 20 20 20 20 20 20 EA E0 ED E0 EB 20 3F 5F 5F 20 20 20 20 F4 37   // прием: 39 байт; 10:28:13:872 26.04.2022
// таймаут: 64 мсек

Eiioeunu IE-1   
   eaiae ?__    

CA E0 EB FE EC ED FB 20 


00 00 07 00 F7 D4 47   // передача: 7 байт; 10:28:21:350 26.04.2022
// приём по количеству байт: 39 из 39
// принято с порта: 39 байт

01 00 27 00 F7 C8 EC EF F3 EB FC F1 FB 20 CF C8 2D 31 20 20 20 20 20 20 EA E0 ED E0 EB 20 3F 5F 5F 20 20 20 20 F4 37   // прием: 39 байт; 10:28:21:413 26.04.2022
// таймаут: 63 мсек

Eiioeunu IE-1   
   eaiae ?__    

CA E0 EB FE EC ED FB 20 


00 00 08 00 F6 0D 84 1E   // передача: 8 байт; 10:28:22:334 26.04.2022
// приём по количеству байт: 9 из 9
// принято с порта: 9 байт

01 00 09 00 F6 00 00 37 F3   // прием: 9 байт; 10:28:22:367 26.04.2022
// таймаут: 33 мсек


CA E0 EB FE EC ED FB 20 


00 00 07 00 F7 D4 47   // передача: 7 байт; 10:28:22:368 26.04.2022
// приём по количеству байт: 39 из 39
// принято с порта: 39 байт

01 00 27 00 F7 C8 EC EF F3 EB FC F1 FB 20 CF C8 2D 31 20 20 20 20 20 20 20 20 20 35 30 25 00 20 20 20 20 20 20 C2 A7   // прием: 39 байт; 10:28:22:435 26.04.2022
// таймаут: 67 мсек

Eiioeunu IE-1   
      50%       

CA E0 EB FE EC ED FB 20 


00 00 07 00 F7 D4 47   // передача: 7 байт; 10:28:23:830 26.04.2022
// приём по количеству байт: 39 из 39
// принято с порта: 39 байт

01 00 27 00 F7 C8 EC EF F3 EB FC F1 FB 20 CF C8 2D 31 20 20 20 20 20 20 20 20 20 20 32 37 00 20 20 20 20 20 31 8A 9B   // прием: 39 байт; 10:28:23:893 26.04.2022
// таймаут: 63 мсек

Eiioeunu IE-1   
       27      1

CA E0 EB FE EC ED FB 20 


00 00 07 00 F7 D4 47   // передача: 7 байт; 10:28:24:157 26.04.2022
// приём по количеству байт: 39 из 39
// принято с порта: 39 байт

01 00 27 00 F7 C8 EC EF F3 EB FC F1 FB 20 CF C8 2D 31 20 20 20 20 20 20 20 20 20 20 32 37 00 20 20 20 20 20 31 8A 9B   // прием: 39 байт; 10:28:24:221 26.04.2022
// таймаут: 64 мсек

Eiioeunu IE-1   
       27      1

CA E0 EB FE EC ED FB 20 


00 00 08 00 F6 0D 84 1E   // передача: 8 байт; 10:28:25:093 26.04.2022
// приём по количеству байт: 9 из 9
// принято с порта: 9 байт

01 00 09 00 F6 00 00 37 F3   // прием: 9 байт; 10:28:25:127 26.04.2022
// таймаут: 34 мсек


CA E0 EB FE EC ED FB 20 


00 00 07 00 F7 D4 47   // передача: 7 байт; 10:28:25:128 26.04.2022
// приём по количеству байт: 39 из 39
// принято с порта: 39 байт

01 00 27 00 F7 C8 EC EF F3 EB FC F1 FB 20 CF C8 2D 31 20 20 20 20 20 20 20 20 20 35 30 25 00 20 20 20 20 20 20 C2 A7   // прием: 39 байт; 10:28:25:195 26.04.2022
// таймаут: 67 мсек

Eiioeunu IE-1   
      50%       

CA E0 EB FE EC ED FB 20 


00 00 07 00 F7 D4 47   // передача: 7 байт; 10:28:26:077 26.04.2022
// приём по количеству байт: 39 из 39
// принято с порта: 39 байт

01 00 27 00 F7 C8 EC EF F3 EB FC F1 FB 20 CF C8 2D 31 20 20 20 20 20 20 20 20 20 31 34 33 00 20 20 20 20 20 32 B0 99   // прием: 39 байт; 10:28:26:141 26.04.2022
// таймаут: 64 мсек

Eiioeunu IE-1   
      143      2

// О программе
