Чтение коэффициентов

CA E0 EB FE EC ED FB 20 


00 00 07 00 1E 15 C9   // передача: 7 байт; 09:20:20:187 26.04.2022
// приём по количеству байт: 263 из 263
// принято с порта: 263 байт

01 00 07 01 1E 3F 80 00 00 3F 80 00 00 3F 80 00 00 3F 80 00 00 3F 80 00 00 3F 80 00 00 3F 80 00 00 3F 80 00 00 3F 80 00 00 3F 80 00 00 3F 80 00 00 3F 80 00 00 3F 80 00 00 3F 80 00 00 3F 80 00 00 3F 80 00 00 3F 80 00 00 3F 80 00 00 3F 80 00 00 3F 80 00 00 3F 80 00 00 3F 80 00 00 3F 80 00 00 3F 80 00 00 3F 80 00 00 3F 80 00 00 3F 80 00 00 3F 80 00 00 3F 80 00 00 3F 80 00 00 3F 80 00 00 3F 80 00 00 3F 80 00 00 3F 80 00 00 3F 80 00 00 3F 80 00 00 3F 80 00 00 3F 80 00 00 3F 80 00 00 3F 80 00 00 3F 80 00 00 3F 80 00 00 3F 80 00 00 3F 80 00 00 3F 80 00 00 3F 80 00 00 3F 80 00 00 3F 80 00 00 3F 80 00 00 3F 80 00 00 3F 80 00 00 3F 80 00 00 3F 80 00 00 3F 80 00 00 3F 80 00 00 3F 80 00 00 3F 80 00 00 3F 80 00 00 3F 80 00 00 3F 80 00 00 3F 80 00 00 3F 80 00 00 3F 80 00 00 3F 80 00 00 BE 01   // прием: 263 байт; 09:20:20:486 26.04.2022
// таймаут: 299 мсек

1   : 1,000
2   : 1,000
3   : 1,000
4   : 1,000
5   : 1,000
6   : 1,000
7   : 1,000
8   : 1,000
9   : 1,000
10  : 1,000
11  : 1,000
12  : 1,000
13  : 1,000
14  : 1,000
15  : 1,000
16  : 1,000
17  : 1,000
18  : 1,000
19  : 1,000
20  : 1,000
21  : 1,000
22  : 1,000
23  : 1,000
24  : 1,000
25  : 1,000
26  : 1,000
27  : 1,000
28  : 1,000
29  : 1,000
30  : 1,000
31  : 1,000
32  : 1,000
33  : 1,000
34  : 1,000
35  : 1,000
36  : 1,000
37  : 1,000
38  : 1,000
39  : 1,000
40  : 1,000
41  : 1,000
42  : 1,000
43  : 1,000
44  : 1,000
45  : 1,000
46  : 1,000
47  : 1,000
48  : 1,000
49  : 1,000
50  : 1,000
51  : 1,000
52  : 1,000
53  : 1,000
54  : 1,000
55  : 1,000
56  : 1,000
57  : 1,000
58  : 1,000
59  : 1,000
60  : 1,000
61  : 1,000
62  : 1,000
63  : 1,000
64  : 1,000
Чтение коэффициентов: 20 %

CA E0 EB FE EC ED FB 20 


00 00 07 00 22 15 D8   // передача: 7 байт; 09:20:20:497 26.04.2022
// приём по количеству байт: 263 из 263
// принято с порта: 263 байт

01 00 07 01 22 43 FA 00 00 43 FA 00 00 43 FA 00 00 43 FA 00 00 43 FA 00 00 43 FA 00 00 43 FA 00 00 43 FA 00 00 43 FA 00 00 43 FA 00 00 43 FA 00 00 43 FA 00 00 43 FA 00 00 43 FA 00 00 43 FA 00 00 43 FA 00 00 43 FA 00 00 43 FA 00 00 43 FA 00 00 43 FA 00 00 43 FA 00 00 43 FA 00 00 43 FA 00 00 43 FA 00 00 43 FA 00 00 43 FA 00 00 43 FA 00 00 43 FA 00 00 43 FA 00 00 43 FA 00 00 43 FA 00 00 43 FA 00 00 43 FA 00 00 43 FA 00 00 43 FA 00 00 43 FA 00 00 43 FA 00 00 43 FA 00 00 43 FA 00 00 43 FA 00 00 43 FA 00 00 43 FA 00 00 43 FA 00 00 43 FA 00 00 43 FA 00 00 43 FA 00 00 43 FA 00 00 43 FA 00 00 43 FA 00 00 43 FA 00 00 43 FA 00 00 43 FA 00 00 43 FA 00 00 43 FA 00 00 43 FA 00 00 43 FA 00 00 43 FA 00 00 43 FA 00 00 43 FA 00 00 43 FA 00 00 43 FA 00 00 43 FA 00 00 43 FA 00 00 43 FA 00 00 6E 11   // прием: 263 байт; 09:20:20:796 26.04.2022
// таймаут: 299 мсек

1   : 500,000
2   : 500,000
3   : 500,000
4   : 500,000
5   : 500,000
6   : 500,000
7   : 500,000
8   : 500,000
9   : 500,000
10  : 500,000
11  : 500,000
12  : 500,000
13  : 500,000
14  : 500,000
15  : 500,000
16  : 500,000
17  : 500,000
18  : 500,000
19  : 500,000
20  : 500,000
21  : 500,000
22  : 500,000
23  : 500,000
24  : 500,000
25  : 500,000
26  : 500,000
27  : 500,000
28  : 500,000
29  : 500,000
30  : 500,000
31  : 500,000
32  : 500,000
33  : 500,000
34  : 500,000
35  : 500,000
36  : 500,000
37  : 500,000
38  : 500,000
39  : 500,000
40  : 500,000
41  : 500,000
42  : 500,000
43  : 500,000
44  : 500,000
45  : 500,000
46  : 500,000
47  : 500,000
48  : 500,000
49  : 500,000
50  : 500,000
51  : 500,000
52  : 500,000
53  : 500,000
54  : 500,000
55  : 500,000
56  : 500,000
57  : 500,000
58  : 500,000
59  : 500,000
60  : 500,000
61  : 500,000
62  : 500,000
63  : 500,000
64  : 500,000
Чтение коэффициентов: 40 %

CA E0 EB FE EC ED FB 20 


00 00 07 00 28 95 DF   // передача: 7 байт; 09:20:20:808 26.04.2022
// приём по количеству байт: 263 из 263
// принято с порта: 263 байт

01 00 07 01 28 00 00 00 00 00 00 00 00 00 00 00 00 00 00 00 00 00 00 00 00 00 00 00 00 00 00 00 00 00 00 00 00 00 00 00 00 00 00 00 00 00 00 00 00 00 00 00 00 00 00 00 00 00 00 00 00 00 00 00 00 00 00 00 00 00 00 00 00 00 00 00 00 00 00 00 00 00 00 00 00 00 00 00 00 00 00 00 00 00 00 00 00 00 00 00 00 00 00 00 00 00 00 00 00 00 00 00 00 00 00 00 00 00 00 00 00 00 00 00 00 00 00 00 00 00 00 00 00 00 00 00 00 00 00 00 00 00 00 00 00 00 00 00 00 00 00 00 00 00 00 00 00 00 00 00 00 00 00 00 00 00 00 00 00 00 00 00 00 00 00 00 00 00 00 00 00 00 00 00 00 00 00 00 00 00 00 00 00 00 00 00 00 00 00 00 00 00 00 00 00 00 00 00 00 00 00 00 00 00 00 00 00 00 00 00 00 00 00 00 00 00 00 00 00 00 00 00 00 00 00 00 00 00 00 00 00 00 00 00 00 00 00 00 00 00 00 00 00 00 00 00 00 00 00 00 00 5E C9   // прием: 263 байт; 09:20:21:107 26.04.2022
// таймаут: 299 мсек

1   : 0,000
2   : 0,000
3   : 0,000
4   : 0,000
5   : 0,000
6   : 0,000
7   : 0,000
8   : 0,000
9   : 0,000
10  : 0,000
11  : 0,000
12  : 0,000
13  : 0,000
14  : 0,000
15  : 0,000
16  : 0,000
17  : 0,000
18  : 0,000
19  : 0,000
20  : 0,000
21  : 0,000
22  : 0,000
23  : 0,000
24  : 0,000
25  : 0,000
26  : 0,000
27  : 0,000
28  : 0,000
29  : 0,000
30  : 0,000
31  : 0,000
32  : 0,000
33  : 0,000
34  : 0,000
35  : 0,000
36  : 0,000
37  : 0,000
38  : 0,000
39  : 0,000
40  : 0,000
41  : 0,000
42  : 0,000
43  : 0,000
44  : 0,000
45  : 0,000
46  : 0,000
47  : 0,000
48  : 0,000
49  : 0,000
50  : 0,000
51  : 0,000
52  : 0,000
53  : 0,000
54  : 0,000
55  : 0,000
56  : 0,000
57  : 0,000
58  : 0,000
59  : 0,000
60  : 0,000
61  : 0,000
62  : 0,000
63  : 0,000
64  : 0,000
Чтение коэффициентов: 60 %

CA E0 EB FE EC ED FB 20 


00 00 07 00 26 14 1B   // передача: 7 байт; 09:20:21:118 26.04.2022
// приём по количеству байт: 263 из 263
// принято с порта: 263 байт

01 00 07 01 26 00 00 00 00 00 00 00 00 00 00 00 00 00 00 00 00 00 00 00 00 00 00 00 00 00 00 00 00 00 00 00 00 00 00 00 00 00 00 00 00 00 00 00 00 00 00 00 00 00 00 00 00 00 00 00 00 00 00 00 00 00 00 00 00 00 00 00 00 00 00 00 00 00 00 00 00 00 00 00 00 00 00 00 00 00 00 00 00 00 00 00 00 00 00 00 00 00 00 00 00 00 00 00 00 00 00 00 00 00 00 00 00 00 00 00 00 00 00 00 00 00 00 00 00 00 00 00 00 00 00 00 00 00 00 00 00 00 00 00 00 00 00 00 00 00 00 00 00 00 00 00 00 00 00 00 00 00 00 00 00 00 00 00 00 00 00 00 00 00 00 00 00 00 00 00 00 00 00 00 00 00 00 00 00 00 00 00 00 00 00 00 00 00 00 00 00 00 00 00 00 00 00 00 00 00 00 00 00 00 00 00 00 00 00 00 00 00 00 00 00 00 00 00 00 00 00 00 00 00 00 00 00 00 00 00 00 00 00 00 00 00 00 00 00 00 00 00 00 00 00 00 00 00 00 00 00 32 A8   // прием: 263 байт; 09:20:21:417 26.04.2022
// таймаут: 299 мсек

1   : 0,000
2   : 0,000
3   : 0,000
4   : 0,000
5   : 0,000
6   : 0,000
7   : 0,000
8   : 0,000
9   : 0,000
10  : 0,000
11  : 0,000
12  : 0,000
13  : 0,000
14  : 0,000
15  : 0,000
16  : 0,000
17  : 0,000
18  : 0,000
19  : 0,000
20  : 0,000
21  : 0,000
22  : 0,000
23  : 0,000
24  : 0,000
25  : 0,000
26  : 0,000
27  : 0,000
28  : 0,000
29  : 0,000
30  : 0,000
31  : 0,000
32  : 0,000
33  : 0,000
34  : 0,000
35  : 0,000
36  : 0,000
37  : 0,000
38  : 0,000
39  : 0,000
40  : 0,000
41  : 0,000
42  : 0,000
43  : 0,000
44  : 0,000
45  : 0,000
46  : 0,000
47  : 0,000
48  : 0,000
49  : 0,000
50  : 0,000
51  : 0,000
52  : 0,000
53  : 0,000
54  : 0,000
55  : 0,000
56  : 0,000
57  : 0,000
58  : 0,000
59  : 0,000
60  : 0,000
61  : 0,000
62  : 0,000
63  : 0,000
64  : 0,000
Чтение коэффициентов: 80 %

CA E0 EB FE EC ED FB 20 


00 00 08 00 2A 00 1D 1B   // передача: 8 байт; 09:20:21:428 26.04.2022
// приём по количеству байт: 12 из 12
// принято с порта: 12 байт

01 00 0C 00 2A 01 00 13 01 00 EB C8   // прием: 12 байт; 09:20:21:464 26.04.2022
// таймаут: 36 мсек

1   : 02.00.019.01.01
Чтение коэффициентов: 80 %

CA E0 EB FE EC ED FB 20 


00 00 08 00 2A 01 DC DB   // передача: 8 байт; 09:20:21:466 26.04.2022
// приём по количеству байт: 12 из 12
// принято с порта: 12 байт

01 00 0C 00 2A 00 00 00 00 00 26 5D   // прием: 12 байт; 09:20:21:503 26.04.2022
// таймаут: 37 мсек

2   : 01.00.000.00.01
Чтение коэффициентов: 80 %

CA E0 EB FE EC ED FB 20 


00 00 08 00 2A 02 9C DA   // передача: 8 байт; 09:20:21:505 26.04.2022
// приём по количеству байт: 12 из 12
// принято с порта: 12 байт

01 00 0C 00 2A 00 00 00 00 00 26 5D   // прием: 12 байт; 09:20:21:541 26.04.2022
// таймаут: 36 мсек

3   : 01.00.000.00.01
Чтение коэффициентов: 80 %

CA E0 EB FE EC ED FB 20 


00 00 08 00 2A 03 5D 1A   // передача: 8 байт; 09:20:21:543 26.04.2022
// приём по количеству байт: 12 из 12
// принято с порта: 12 байт

01 00 0C 00 2A 00 00 00 00 00 26 5D   // прием: 12 байт; 09:20:21:580 26.04.2022
// таймаут: 37 мсек

4   : 01.00.000.00.01
Чтение коэффициентов: 81 %

CA E0 EB FE EC ED FB 20 


00 00 08 00 2A 04 1C D8   // передача: 8 байт; 09:20:21:582 26.04.2022
// приём по количеству байт: 12 из 12
// принято с порта: 12 байт

01 00 0C 00 2A 00 00 00 00 00 26 5D   // прием: 12 байт; 09:20:21:618 26.04.2022
// таймаут: 36 мсек

5   : 01.00.000.00.01
Чтение коэффициентов: 81 %

CA E0 EB FE EC ED FB 20 


00 00 08 00 2A 05 DD 18   // передача: 8 байт; 09:20:21:620 26.04.2022
// приём по количеству байт: 12 из 12
// принято с порта: 12 байт

01 00 0C 00 2A 00 00 00 00 00 26 5D   // прием: 12 байт; 09:20:21:656 26.04.2022
// таймаут: 36 мсек

6   : 01.00.000.00.01
Чтение коэффициентов: 81 %

CA E0 EB FE EC ED FB 20 


00 00 08 00 2A 06 9D 19   // передача: 8 байт; 09:20:21:658 26.04.2022
// приём по количеству байт: 12 из 12
// принято с порта: 12 байт

01 00 0C 00 2A 00 00 00 00 00 26 5D   // прием: 12 байт; 09:20:21:695 26.04.2022
// таймаут: 37 мсек

7   : 01.00.000.00.01
Чтение коэффициентов: 82 %

CA E0 EB FE EC ED FB 20 


00 00 08 00 2A 07 5C D9   // передача: 8 байт; 09:20:21:697 26.04.2022
// приём по количеству байт: 12 из 12
// принято с порта: 12 байт

01 00 0C 00 2A 00 00 00 00 00 26 5D   // прием: 12 байт; 09:20:21:733 26.04.2022
// таймаут: 36 мсек

8   : 01.00.000.00.01
Чтение коэффициентов: 82 %

CA E0 EB FE EC ED FB 20 


00 00 08 00 2A 08 1C DD   // передача: 8 байт; 09:20:21:735 26.04.2022
// приём по количеству байт: 12 из 12
// принято с порта: 12 байт

01 00 0C 00 2A 00 00 00 00 00 26 5D   // прием: 12 байт; 09:20:21:772 26.04.2022
// таймаут: 37 мсек

9   : 01.00.000.00.01
Чтение коэффициентов: 82 %

CA E0 EB FE EC ED FB 20 


00 00 08 00 2A 09 DD 1D   // передача: 8 байт; 09:20:21:774 26.04.2022
// приём по количеству байт: 12 из 12
// принято с порта: 12 байт

01 00 0C 00 2A 00 00 00 00 00 26 5D   // прием: 12 байт; 09:20:21:810 26.04.2022
// таймаут: 36 мсек

10  : 01.00.000.00.01
Чтение коэффициентов: 83 %

CA E0 EB FE EC ED FB 20 


00 00 08 00 2A 0A 9D 1C   // передача: 8 байт; 09:20:21:812 26.04.2022
// приём по количеству байт: 12 из 12
// принято с порта: 12 байт

01 00 0C 00 2A 00 00 00 00 00 26 5D   // прием: 12 байт; 09:20:21:848 26.04.2022
// таймаут: 36 мсек

11  : 01.00.000.00.01
Чтение коэффициентов: 83 %

CA E0 EB FE EC ED FB 20 


00 00 08 00 2A 0B 5C DC   // передача: 8 байт; 09:20:21:850 26.04.2022
// приём по количеству байт: 12 из 12
// принято с порта: 12 байт

01 00 0C 00 2A 00 00 00 00 00 26 5D   // прием: 12 байт; 09:20:21:887 26.04.2022
// таймаут: 37 мсек

12  : 01.00.000.00.01
Чтение коэффициентов: 83 %

CA E0 EB FE EC ED FB 20 


00 00 08 00 2A 0C 1D 1E   // передача: 8 байт; 09:20:21:889 26.04.2022
// приём по количеству байт: 12 из 12
// принято с порта: 12 байт

01 00 0C 00 2A 00 00 00 00 00 26 5D   // прием: 12 байт; 09:20:21:925 26.04.2022
// таймаут: 36 мсек

13  : 01.00.000.00.01
Чтение коэффициентов: 84 %

CA E0 EB FE EC ED FB 20 


00 00 08 00 2A 0D DC DE   // передача: 8 байт; 09:20:21:927 26.04.2022
// приём по количеству байт: 12 из 12
// принято с порта: 12 байт

01 00 0C 00 2A 00 00 00 00 00 26 5D   // прием: 12 байт; 09:20:21:964 26.04.2022
// таймаут: 37 мсек

14  : 01.00.000.00.01
Чтение коэффициентов: 84 %

CA E0 EB FE EC ED FB 20 


00 00 08 00 2A 0E 9C DF   // передача: 8 байт; 09:20:21:966 26.04.2022
// приём по количеству байт: 12 из 12
// принято с порта: 12 байт

01 00 0C 00 2A 00 00 00 00 00 26 5D   // прием: 12 байт; 09:20:22:002 26.04.2022
// таймаут: 36 мсек

15  : 01.00.000.00.01
Чтение коэффициентов: 84 %

CA E0 EB FE EC ED FB 20 


00 00 08 00 2A 0F 5D 1F   // передача: 8 байт; 09:20:22:004 26.04.2022
// приём по количеству байт: 12 из 12
// принято с порта: 12 байт

01 00 0C 00 2A 00 00 00 00 00 26 5D   // прием: 12 байт; 09:20:22:041 26.04.2022
// таймаут: 37 мсек

16  : 01.00.000.00.01
Чтение коэффициентов: 84 %

CA E0 EB FE EC ED FB 20 


00 00 08 00 2A 10 1C D7   // передача: 8 байт; 09:20:22:043 26.04.2022
// приём по количеству байт: 12 из 12
// принято с порта: 12 байт

01 00 0C 00 2A 00 00 00 00 00 26 5D   // прием: 12 байт; 09:20:22:079 26.04.2022
// таймаут: 36 мсек

17  : 01.00.000.00.01
Чтение коэффициентов: 85 %

CA E0 EB FE EC ED FB 20 


00 00 08 00 2A 11 DD 17   // передача: 8 байт; 09:20:22:081 26.04.2022
// приём по количеству байт: 12 из 12
// принято с порта: 12 байт

01 00 0C 00 2A 00 00 00 00 00 26 5D   // прием: 12 байт; 09:20:22:118 26.04.2022
// таймаут: 37 мсек

18  : 01.00.000.00.01
Чтение коэффициентов: 85 %

CA E0 EB FE EC ED FB 20 


00 00 08 00 2A 12 9D 16   // передача: 8 байт; 09:20:22:120 26.04.2022
// приём по количеству байт: 12 из 12
// принято с порта: 12 байт

01 00 0C 00 2A 00 00 00 00 00 26 5D   // прием: 12 байт; 09:20:22:156 26.04.2022
// таймаут: 36 мсек

19  : 01.00.000.00.01
Чтение коэффициентов: 85 %

CA E0 EB FE EC ED FB 20 


00 00 08 00 2A 13 5C D6   // передача: 8 байт; 09:20:22:158 26.04.2022
// приём по количеству байт: 12 из 12
// принято с порта: 12 байт

01 00 0C 00 2A 00 00 00 00 00 26 5D   // прием: 12 байт; 09:20:22:195 26.04.2022
// таймаут: 37 мсек

20  : 01.00.000.00.01
Чтение коэффициентов: 86 %

CA E0 EB FE EC ED FB 20 


00 00 08 00 2A 14 1D 14   // передача: 8 байт; 09:20:22:197 26.04.2022
// приём по количеству байт: 12 из 12
// принято с порта: 12 байт

01 00 0C 00 2A 00 00 00 00 00 26 5D   // прием: 12 байт; 09:20:22:233 26.04.2022
// таймаут: 36 мсек

21  : 01.00.000.00.01
Чтение коэффициентов: 86 %

CA E0 EB FE EC ED FB 20 


00 00 08 00 2A 15 DC D4   // передача: 8 байт; 09:20:22:236 26.04.2022
// приём по количеству байт: 12 из 12
// принято с порта: 12 байт

01 00 0C 00 2A 00 00 00 00 00 26 5D   // прием: 12 байт; 09:20:22:272 26.04.2022
// таймаут: 36 мсек

22  : 01.00.000.00.01
Чтение коэффициентов: 86 %

CA E0 EB FE EC ED FB 20 


00 00 08 00 2A 16 9C D5   // передача: 8 байт; 09:20:22:274 26.04.2022
// приём по количеству байт: 12 из 12
// принято с порта: 12 байт

01 00 0C 00 2A 00 00 00 00 00 26 5D   // прием: 12 байт; 09:20:22:311 26.04.2022
// таймаут: 37 мсек

23  : 01.00.000.00.01
Чтение коэффициентов: 87 %

CA E0 EB FE EC ED FB 20 


00 00 08 00 2A 17 5D 15   // передача: 8 байт; 09:20:22:313 26.04.2022
// приём по количеству байт: 12 из 12
// принято с порта: 12 байт

01 00 0C 00 2A 00 00 00 00 00 26 5D   // прием: 12 байт; 09:20:22:349 26.04.2022
// таймаут: 36 мсек

24  : 01.00.000.00.01
Чтение коэффициентов: 87 %

CA E0 EB FE EC ED FB 20 


00 00 08 00 2A 18 1D 11   // передача: 8 байт; 09:20:22:351 26.04.2022
// приём по количеству байт: 12 из 12
// принято с порта: 12 байт

01 00 0C 00 2A 00 00 00 00 00 26 5D   // прием: 12 байт; 09:20:22:388 26.04.2022
// таймаут: 37 мсек

25  : 01.00.000.00.01
Чтение коэффициентов: 87 %

CA E0 EB FE EC ED FB 20 


00 00 08 00 2A 19 DC D1   // передача: 8 байт; 09:20:22:390 26.04.2022
// приём по количеству байт: 12 из 12
// принято с порта: 12 байт

01 00 0C 00 2A 00 00 00 00 00 26 5D   // прием: 12 байт; 09:20:22:426 26.04.2022
// таймаут: 36 мсек

26  : 01.00.000.00.01
Чтение коэффициентов: 88 %

CA E0 EB FE EC ED FB 20 


00 00 08 00 2A 1A 9C D0   // передача: 8 байт; 09:20:22:428 26.04.2022
// приём по количеству байт: 12 из 12
// принято с порта: 12 байт

01 00 0C 00 2A 00 00 00 00 00 26 5D   // прием: 12 байт; 09:20:22:464 26.04.2022
// таймаут: 36 мсек

27  : 01.00.000.00.01
Чтение коэффициентов: 88 %

CA E0 EB FE EC ED FB 20 


00 00 08 00 2A 1B 5D 10   // передача: 8 байт; 09:20:22:466 26.04.2022
// приём по количеству байт: 12 из 12
// принято с порта: 12 байт

01 00 0C 00 2A 00 00 00 00 00 26 5D   // прием: 12 байт; 09:20:22:503 26.04.2022
// таймаут: 37 мсек

28  : 01.00.000.00.01
Чтение коэффициентов: 88 %

CA E0 EB FE EC ED FB 20 


00 00 08 00 2A 1C 1C D2   // передача: 8 байт; 09:20:22:505 26.04.2022
// приём по количеству байт: 12 из 12
// принято с порта: 12 байт

01 00 0C 00 2A 00 00 00 00 00 26 5D   // прием: 12 байт; 09:20:22:541 26.04.2022
// таймаут: 36 мсек

29  : 01.00.000.00.01
Чтение коэффициентов: 89 %

CA E0 EB FE EC ED FB 20 


00 00 08 00 2A 1D DD 12   // передача: 8 байт; 09:20:22:543 26.04.2022
// приём по количеству байт: 12 из 12
// принято с порта: 12 байт

01 00 0C 00 2A 00 00 00 00 00 26 5D   // прием: 12 байт; 09:20:22:580 26.04.2022
// таймаут: 37 мсек

30  : 01.00.000.00.01
Чтение коэффициентов: 89 %

CA E0 EB FE EC ED FB 20 


00 00 08 00 2A 1E 9D 13   // передача: 8 байт; 09:20:22:582 26.04.2022
// приём по количеству байт: 12 из 12
// принято с порта: 12 байт

01 00 0C 00 2A 00 00 00 00 00 26 5D   // прием: 12 байт; 09:20:22:618 26.04.2022
// таймаут: 36 мсек

31  : 01.00.000.00.01
Чтение коэффициентов: 89 %

CA E0 EB FE EC ED FB 20 


00 00 08 00 2A 1F 5C D3   // передача: 8 байт; 09:20:22:620 26.04.2022
// приём по количеству байт: 12 из 12
// принято с порта: 12 байт

01 00 0C 00 2A 00 00 00 00 00 26 5D   // прием: 12 байт; 09:20:22:657 26.04.2022
// таймаут: 37 мсек

32  : 01.00.000.00.01
Чтение коэффициентов: 89 %

CA E0 EB FE EC ED FB 20 


00 00 08 00 2A 20 1C C3   // передача: 8 байт; 09:20:22:658 26.04.2022
// приём по количеству байт: 12 из 12
// принято с порта: 12 байт

01 00 0C 00 2A 00 00 00 00 00 26 5D   // прием: 12 байт; 09:20:22:695 26.04.2022
// таймаут: 37 мсек

33  : 01.00.000.00.01
Чтение коэффициентов: 90 %

CA E0 EB FE EC ED FB 20 


00 00 08 00 2A 21 DD 03   // передача: 8 байт; 09:20:22:697 26.04.2022
// приём по количеству байт: 12 из 12
// принято с порта: 12 байт

01 00 0C 00 2A 00 00 00 00 00 26 5D   // прием: 12 байт; 09:20:22:733 26.04.2022
// таймаут: 36 мсек

34  : 01.00.000.00.01
Чтение коэффициентов: 90 %

CA E0 EB FE EC ED FB 20 


00 00 08 00 2A 22 9D 02   // передача: 8 байт; 09:20:22:735 26.04.2022
// приём по количеству байт: 12 из 12
// принято с порта: 12 байт

01 00 0C 00 2A 00 00 00 00 00 26 5D   // прием: 12 байт; 09:20:22:772 26.04.2022
// таймаут: 37 мсек

35  : 01.00.000.00.01
Чтение коэффициентов: 90 %

CA E0 EB FE EC ED FB 20 


00 00 08 00 2A 23 5C C2   // передача: 8 байт; 09:20:22:774 26.04.2022
// приём по количеству байт: 12 из 12
// принято с порта: 12 байт

01 00 0C 00 2A 00 00 00 00 00 26 5D   // прием: 12 байт; 09:20:22:810 26.04.2022
// таймаут: 36 мсек

36  : 01.00.000.00.01
Чтение коэффициентов: 91 %

CA E0 EB FE EC ED FB 20 


00 00 08 00 2A 24 1D 00   // передача: 8 байт; 09:20:22:812 26.04.2022
// приём по количеству байт: 12 из 12
// принято с порта: 12 байт

01 00 0C 00 2A 00 00 00 00 00 26 5D   // прием: 12 байт; 09:20:22:848 26.04.2022
// таймаут: 36 мсек

37  : 01.00.000.00.01
Чтение коэффициентов: 91 %

CA E0 EB FE EC ED FB 20 


00 00 08 00 2A 25 DC C0   // передача: 8 байт; 09:20:22:850 26.04.2022
// приём по количеству байт: 12 из 12
// принято с порта: 12 байт

01 00 0C 00 2A 00 00 00 00 00 26 5D   // прием: 12 байт; 09:20:22:887 26.04.2022
// таймаут: 37 мсек

38  : 01.00.000.00.01
Чтение коэффициентов: 91 %

CA E0 EB FE EC ED FB 20 


00 00 08 00 2A 26 9C C1   // передача: 8 байт; 09:20:22:889 26.04.2022
// приём по количеству байт: 12 из 12
// принято с порта: 12 байт

01 00 0C 00 2A 00 00 00 00 00 26 5D   // прием: 12 байт; 09:20:22:925 26.04.2022
// таймаут: 36 мсек

39  : 01.00.000.00.01
Чтение коэффициентов: 92 %

CA E0 EB FE EC ED FB 20 


00 00 08 00 2A 27 5D 01   // передача: 8 байт; 09:20:22:927 26.04.2022
// приём по количеству байт: 12 из 12
// принято с порта: 12 байт

01 00 0C 00 2A 00 00 00 00 00 26 5D   // прием: 12 байт; 09:20:22:964 26.04.2022
// таймаут: 37 мсек

40  : 01.00.000.00.01
Чтение коэффициентов: 92 %

CA E0 EB FE EC ED FB 20 


00 00 08 00 2A 28 1D 05   // передача: 8 байт; 09:20:22:965 26.04.2022
// приём по количеству байт: 12 из 12
// принято с порта: 12 байт

01 00 0C 00 2A 00 00 00 00 00 26 5D   // прием: 12 байт; 09:20:23:002 26.04.2022
// таймаут: 37 мсек

41  : 01.00.000.00.01
Чтение коэффициентов: 92 %

CA E0 EB FE EC ED FB 20 


00 00 08 00 2A 29 DC C5   // передача: 8 байт; 09:20:23:004 26.04.2022
// приём по количеству байт: 12 из 12
// принято с порта: 12 байт

01 00 0C 00 2A 00 00 00 00 00 26 5D   // прием: 12 байт; 09:20:23:040 26.04.2022
// таймаут: 36 мсек

42  : 01.00.000.00.01
Чтение коэффициентов: 93 %

CA E0 EB FE EC ED FB 20 


00 00 08 00 2A 2A 9C C4   // передача: 8 байт; 09:20:23:043 26.04.2022
// приём по количеству байт: 12 из 12
// принято с порта: 12 байт

01 00 0C 00 2A 00 00 00 00 00 26 5D   // прием: 12 байт; 09:20:23:079 26.04.2022
// таймаут: 36 мсек

43  : 01.00.000.00.01
Чтение коэффициентов: 93 %

CA E0 EB FE EC ED FB 20 


00 00 08 00 2A 2B 5D 04   // передача: 8 байт; 09:20:23:081 26.04.2022
// приём по количеству байт: 12 из 12
// принято с порта: 12 байт

01 00 0C 00 2A 00 00 00 00 00 26 5D   // прием: 12 байт; 09:20:23:117 26.04.2022
// таймаут: 36 мсек

44  : 01.00.000.00.01
Чтение коэффициентов: 93 %

CA E0 EB FE EC ED FB 20 


00 00 08 00 2A 2C 1C C6   // передача: 8 байт; 09:20:23:120 26.04.2022
// приём по количеству байт: 12 из 12
// принято с порта: 12 байт

01 00 0C 00 2A 00 00 00 00 00 26 5D   // прием: 12 байт; 09:20:23:156 26.04.2022
// таймаут: 36 мсек

45  : 01.00.000.00.01
Чтение коэффициентов: 94 %

CA E0 EB FE EC ED FB 20 


00 00 08 00 2A 2D DD 06   // передача: 8 байт; 09:20:23:158 26.04.2022
// приём по количеству байт: 12 из 12
// принято с порта: 12 байт

01 00 0C 00 2A 00 00 00 00 00 26 5D   // прием: 12 байт; 09:20:23:195 26.04.2022
// таймаут: 37 мсек

46  : 01.00.000.00.01
Чтение коэффициентов: 94 %

CA E0 EB FE EC ED FB 20 


00 00 08 00 2A 2E 9D 07   // передача: 8 байт; 09:20:23:197 26.04.2022
// приём по количеству байт: 12 из 12
// принято с порта: 12 байт

01 00 0C 00 2A 00 00 00 00 00 26 5D   // прием: 12 байт; 09:20:23:233 26.04.2022
// таймаут: 36 мсек

47  : 01.00.000.00.01
Чтение коэффициентов: 94 %

CA E0 EB FE EC ED FB 20 


00 00 08 00 2A 2F 5C C7   // передача: 8 байт; 09:20:23:235 26.04.2022
// приём по количеству байт: 12 из 12
// принято с порта: 12 байт

01 00 0C 00 2A 00 00 00 00 00 26 5D   // прием: 12 байт; 09:20:23:271 26.04.2022
// таймаут: 36 мсек

48  : 01.00.000.00.01
Чтение коэффициентов: 94 %

CA E0 EB FE EC ED FB 20 


00 00 08 00 2A 30 1D 0F   // передача: 8 байт; 09:20:23:273 26.04.2022
// приём по количеству байт: 12 из 12
// принято с порта: 12 байт

01 00 0C 00 2A 00 00 00 00 00 26 5D   // прием: 12 байт; 09:20:23:309 26.04.2022
// таймаут: 36 мсек

49  : 01.00.000.00.01
Чтение коэффициентов: 95 %

CA E0 EB FE EC ED FB 20 


00 00 08 00 2A 31 DC CF   // передача: 8 байт; 09:20:23:311 26.04.2022
// приём по количеству байт: 12 из 12
// принято с порта: 12 байт

01 00 0C 00 2A 00 00 00 00 00 26 5D   // прием: 12 байт; 09:20:23:348 26.04.2022
// таймаут: 37 мсек

50  : 01.00.000.00.01
Чтение коэффициентов: 95 %

CA E0 EB FE EC ED FB 20 


00 00 08 00 2A 32 9C CE   // передача: 8 байт; 09:20:23:350 26.04.2022
// приём по количеству байт: 12 из 12
// принято с порта: 12 байт

01 00 0C 00 2A 00 00 00 00 00 26 5D   // прием: 12 байт; 09:20:23:386 26.04.2022
// таймаут: 36 мсек

51  : 01.00.000.00.01
Чтение коэффициентов: 95 %

CA E0 EB FE EC ED FB 20 


00 00 08 00 2A 33 5D 0E   // передача: 8 байт; 09:20:23:388 26.04.2022
// приём по количеству байт: 12 из 12
// принято с порта: 12 байт

01 00 0C 00 2A 00 00 00 00 00 26 5D   // прием: 12 байт; 09:20:23:425 26.04.2022
// таймаут: 37 мсек

52  : 01.00.000.00.01
Чтение коэффициентов: 96 %

CA E0 EB FE EC ED FB 20 


00 00 08 00 2A 34 1C CC   // передача: 8 байт; 09:20:23:427 26.04.2022
// приём по количеству байт: 12 из 12
// принято с порта: 12 байт

01 00 0C 00 2A 00 00 00 00 00 26 5D   // прием: 12 байт; 09:20:23:463 26.04.2022
// таймаут: 36 мсек

53  : 01.00.000.00.01
Чтение коэффициентов: 96 %

CA E0 EB FE EC ED FB 20 


00 00 08 00 2A 35 DD 0C   // передача: 8 байт; 09:20:23:465 26.04.2022
// приём по количеству байт: 12 из 12
// принято с порта: 12 байт

01 00 0C 00 2A 00 00 00 00 00 26 5D   // прием: 12 байт; 09:20:23:502 26.04.2022
// таймаут: 37 мсек

54  : 01.00.000.00.01
Чтение коэффициентов: 96 %

CA E0 EB FE EC ED FB 20 


00 00 08 00 2A 36 9D 0D   // передача: 8 байт; 09:20:23:504 26.04.2022
// приём по количеству байт: 12 из 12
// принято с порта: 12 байт

01 00 0C 00 2A 00 00 00 00 00 26 5D   // прием: 12 байт; 09:20:23:540 26.04.2022
// таймаут: 36 мсек

55  : 01.00.000.00.01
Чтение коэффициентов: 97 %

CA E0 EB FE EC ED FB 20 


00 00 08 00 2A 37 5C CD   // передача: 8 байт; 09:20:23:543 26.04.2022
// приём по количеству байт: 12 из 12
// принято с порта: 12 байт

01 00 0C 00 2A 00 00 00 00 00 26 5D   // прием: 12 байт; 09:20:23:579 26.04.2022
// таймаут: 36 мсек

56  : 01.00.000.00.01
Чтение коэффициентов: 97 %

CA E0 EB FE EC ED FB 20 


00 00 08 00 2A 38 1C C9   // передача: 8 байт; 09:20:23:581 26.04.2022
// приём по количеству байт: 12 из 12
// принято с порта: 12 байт

01 00 0C 00 2A 00 00 00 00 00 26 5D   // прием: 12 байт; 09:20:23:618 26.04.2022
// таймаут: 37 мсек

57  : 01.00.000.00.01
Чтение коэффициентов: 97 %

CA E0 EB FE EC ED FB 20 


00 00 08 00 2A 39 DD 09   // передача: 8 байт; 09:20:23:620 26.04.2022
// приём по количеству байт: 12 из 12
// принято с порта: 12 байт

01 00 0C 00 2A 00 00 00 00 00 26 5D   // прием: 12 байт; 09:20:23:656 26.04.2022
// таймаут: 36 мсек

58  : 01.00.000.00.01
Чтение коэффициентов: 98 %

CA E0 EB FE EC ED FB 20 


00 00 08 00 2A 3A 9D 08   // передача: 8 байт; 09:20:23:658 26.04.2022
// приём по количеству байт: 12 из 12
// принято с порта: 12 байт

01 00 0C 00 2A 00 00 00 00 00 26 5D   // прием: 12 байт; 09:20:23:695 26.04.2022
// таймаут: 37 мсек

59  : 01.00.000.00.01
Чтение коэффициентов: 98 %

CA E0 EB FE EC ED FB 20 


00 00 08 00 2A 3B 5C C8   // передача: 8 байт; 09:20:23:697 26.04.2022
// приём по количеству байт: 12 из 12
// принято с порта: 12 байт

01 00 0C 00 2A 00 00 00 00 00 26 5D   // прием: 12 байт; 09:20:23:733 26.04.2022
// таймаут: 36 мсек

60  : 01.00.000.00.01
Чтение коэффициентов: 98 %

CA E0 EB FE EC ED FB 20 


00 00 08 00 2A 3C 1D 0A   // передача: 8 байт; 09:20:23:735 26.04.2022
// приём по количеству байт: 12 из 12
// принято с порта: 12 байт

01 00 0C 00 2A 00 00 00 00 00 26 5D   // прием: 12 байт; 09:20:23:772 26.04.2022
// таймаут: 37 мсек

61  : 01.00.000.00.01
Чтение коэффициентов: 99 %

CA E0 EB FE EC ED FB 20 


00 00 08 00 2A 3D DC CA   // передача: 8 байт; 09:20:23:774 26.04.2022
// приём по количеству байт: 12 из 12
// принято с порта: 12 байт

01 00 0C 00 2A 00 00 00 00 00 26 5D   // прием: 12 байт; 09:20:23:810 26.04.2022
// таймаут: 36 мсек

62  : 01.00.000.00.01
Чтение коэффициентов: 99 %

CA E0 EB FE EC ED FB 20 


00 00 08 00 2A 3E 9C CB   // передача: 8 байт; 09:20:23:812 26.04.2022
// приём по количеству байт: 12 из 12
// принято с порта: 12 байт

01 00 0C 00 2A 00 00 00 00 00 26 5D   // прием: 12 байт; 09:20:23:848 26.04.2022
// таймаут: 36 мсек

63  : 01.00.000.00.01
Чтение коэффициентов: 99 %

CA E0 EB FE EC ED FB 20 


00 00 08 00 2A 3F 5D 0B   // передача: 8 байт; 09:20:23:850 26.04.2022
// приём по количеству байт: 12 из 12
// принято с порта: 12 байт

01 00 0C 00 2A 00 00 00 00 00 26 5D   // прием: 12 байт; 09:20:23:887 26.04.2022
// таймаут: 37 мсек

64  : 01.00.000.00.01
Чтение коэффициентов: 100 %

// О программе
