Чтение адресов и паролей

CA E0 EB FE EC ED FB 20 

00 00 09 00 FD 88 00 30 F1   // передача: 9 байт; 19:14:50:367 27.06.2020
// приём по количеству байт: 21 из 21
// принято с порта: 21 байт

01 00 15 00 FD 63 62 61 00 00 00 00 00 00 00 00 00 00 00 A2 CF   // прием: 21 байт; 19:14:50:414 27.06.2020
// таймаут: 47 мсек

Чтение адресов и паролей: 1 %

CA E0 EB FE EC ED FB 20 

00 00 09 00 FD 88 01 F1 31   // передача: 9 байт; 19:14:50:415 27.06.2020
// приём по количеству байт: 21 из 21
// принято с порта: 21 байт

01 00 15 00 FD 33 32 31 00 00 00 00 00 00 00 00 00 00 00 F2 0F   // прием: 21 байт; 19:14:50:462 27.06.2020
// таймаут: 47 мсек

Чтение адресов и паролей: 3 %

CA E0 EB FE EC ED FB 20 

00 00 09 00 FD 88 02 B1 30   // передача: 9 байт; 19:14:50:463 27.06.2020
// приём по количеству байт: 21 из 21
// принято с порта: 21 байт

01 00 15 00 FD 00 00 00 00 00 00 00 00 00 00 00 00 00 00 3A 0D   // прием: 21 байт; 19:14:50:510 27.06.2020
// таймаут: 47 мсек

Чтение адресов и паролей: 4 %

CA E0 EB FE EC ED FB 20 

00 00 09 00 FD 88 03 70 F0   // передача: 9 байт; 19:14:50:512 27.06.2020
// приём по количеству байт: 21 из 21
// принято с порта: 21 байт

01 00 15 00 FD 00 00 00 00 00 00 00 00 00 00 00 00 00 00 3A 0D   // прием: 21 байт; 19:14:50:559 27.06.2020
// таймаут: 47 мсек

Чтение адресов и паролей: 6 %

CA E0 EB FE EC ED FB 20 

00 00 09 00 FD 88 04 31 32   // передача: 9 байт; 19:14:50:560 27.06.2020
// приём по количеству байт: 21 из 21
// принято с порта: 21 байт

01 00 15 00 FD 30 32 30 00 00 00 00 00 00 00 00 00 00 00 0C CF   // прием: 21 байт; 19:14:50:607 27.06.2020
// таймаут: 47 мсек

Чтение адресов и паролей: 7 %

CA E0 EB FE EC ED FB 20 

00 00 09 00 FD 88 05 F0 F2   // передача: 9 байт; 19:14:50:608 27.06.2020
// приём по количеству байт: 21 из 21
// принято с порта: 21 байт

01 00 15 00 FD 00 00 00 00 00 00 00 00 00 00 00 00 00 00 3A 0D   // прием: 21 байт; 19:14:50:656 27.06.2020
// таймаут: 48 мсек

Чтение адресов и паролей: 9 %

CA E0 EB FE EC ED FB 20 

00 00 09 00 FD 88 06 B0 F3   // передача: 9 байт; 19:14:50:657 27.06.2020
// приём по количеству байт: 21 из 21
// принято с порта: 21 байт

01 00 15 00 FD 00 00 00 00 00 00 00 00 00 00 00 00 00 00 3A 0D   // прием: 21 байт; 19:14:50:704 27.06.2020
// таймаут: 47 мсек

Чтение адресов и паролей: 11 %

CA E0 EB FE EC ED FB 20 

00 00 09 00 FD 88 07 71 33   // передача: 9 байт; 19:14:50:706 27.06.2020
// приём по количеству байт: 21 из 21
// принято с порта: 21 байт

01 00 15 00 FD 00 00 00 00 00 00 00 00 00 00 00 00 00 00 3A 0D   // прием: 21 байт; 19:14:50:753 27.06.2020
// таймаут: 47 мсек

Чтение адресов и паролей: 12 %

CA E0 EB FE EC ED FB 20 

00 00 09 00 FD 88 08 31 37   // передача: 9 байт; 19:14:50:754 27.06.2020
// приём по количеству байт: 21 из 21
// принято с порта: 21 байт

01 00 15 00 FD 00 00 00 00 00 00 00 00 00 00 00 00 00 00 3A 0D   // прием: 21 байт; 19:14:50:801 27.06.2020
// таймаут: 47 мсек

Чтение адресов и паролей: 14 %

CA E0 EB FE EC ED FB 20 

00 00 09 00 FD 88 09 F0 F7   // передача: 9 байт; 19:14:50:803 27.06.2020
// приём по количеству байт: 21 из 21
// принято с порта: 21 байт

01 00 15 00 FD 00 00 00 00 00 00 00 00 00 00 00 00 00 00 3A 0D   // прием: 21 байт; 19:14:50:850 27.06.2020
// таймаут: 47 мсек

Чтение адресов и паролей: 15 %

CA E0 EB FE EC ED FB 20 

00 00 09 00 FD 88 0A B0 F6   // передача: 9 байт; 19:14:50:851 27.06.2020
// приём по количеству байт: 21 из 21
// принято с порта: 21 байт

01 00 15 00 FD 00 00 00 00 00 00 00 00 00 00 00 00 00 00 3A 0D   // прием: 21 байт; 19:14:50:898 27.06.2020
// таймаут: 47 мсек

Чтение адресов и паролей: 17 %

CA E0 EB FE EC ED FB 20 

00 00 09 00 FD 88 0B 71 36   // передача: 9 байт; 19:14:50:900 27.06.2020
// приём по количеству байт: 21 из 21
// принято с порта: 21 байт

01 00 15 00 FD 00 00 00 00 00 00 00 00 00 00 00 00 00 00 3A 0D   // прием: 21 байт; 19:14:50:947 27.06.2020
// таймаут: 47 мсек

Чтение адресов и паролей: 19 %

CA E0 EB FE EC ED FB 20 

00 00 09 00 FD 88 0C 30 F4   // передача: 9 байт; 19:14:50:948 27.06.2020
// приём по количеству байт: 21 из 21
// принято с порта: 21 байт

01 00 15 00 FD 00 00 00 00 00 00 00 00 00 00 00 00 00 00 3A 0D   // прием: 21 байт; 19:14:50:996 27.06.2020
// таймаут: 48 мсек

Чтение адресов и паролей: 20 %

CA E0 EB FE EC ED FB 20 

00 00 09 00 FD 88 0D F1 34   // передача: 9 байт; 19:14:50:997 27.06.2020
// приём по количеству байт: 21 из 21
// принято с порта: 21 байт

01 00 15 00 FD 00 00 00 00 00 00 00 00 00 00 00 00 00 00 3A 0D   // прием: 21 байт; 19:14:51:044 27.06.2020
// таймаут: 47 мсек

Чтение адресов и паролей: 22 %

CA E0 EB FE EC ED FB 20 

00 00 09 00 FD 88 0E B1 35   // передача: 9 байт; 19:14:51:046 27.06.2020
// приём по количеству байт: 21 из 21
// принято с порта: 21 байт

01 00 15 00 FD 00 00 00 00 00 00 00 00 00 00 00 00 00 00 3A 0D   // прием: 21 байт; 19:14:51:093 27.06.2020
// таймаут: 47 мсек

Чтение адресов и паролей: 23 %

CA E0 EB FE EC ED FB 20 

00 00 09 00 FD 88 0F 70 F5   // передача: 9 байт; 19:14:51:095 27.06.2020
// приём по количеству байт: 21 из 21
// принято с порта: 21 байт

01 00 15 00 FD 00 00 00 00 00 00 00 00 00 00 00 00 00 00 3A 0D   // прием: 21 байт; 19:14:51:142 27.06.2020
// таймаут: 47 мсек

Чтение адресов и паролей: 25 %

CA E0 EB FE EC ED FB 20 

00 00 09 00 FD 88 10 31 3D   // передача: 9 байт; 19:14:51:143 27.06.2020
// приём по количеству байт: 21 из 21
// принято с порта: 21 байт

01 00 15 00 FD 00 00 00 00 00 00 00 00 00 00 00 00 00 00 3A 0D   // прием: 21 байт; 19:14:51:190 27.06.2020
// таймаут: 47 мсек

Чтение адресов и паролей: 26 %

CA E0 EB FE EC ED FB 20 

00 00 09 00 FD 88 11 F0 FD   // передача: 9 байт; 19:14:51:191 27.06.2020
// приём по количеству байт: 21 из 21
// принято с порта: 21 байт

01 00 15 00 FD 00 00 00 00 00 00 00 00 00 00 00 00 00 00 3A 0D   // прием: 21 байт; 19:14:51:239 27.06.2020
// таймаут: 48 мсек

Чтение адресов и паролей: 28 %

CA E0 EB FE EC ED FB 20 

00 00 09 00 FD 88 12 B0 FC   // передача: 9 байт; 19:14:51:240 27.06.2020
// приём по количеству байт: 21 из 21
// принято с порта: 21 байт

01 00 15 00 FD 00 00 00 00 00 00 00 00 00 00 00 00 00 00 3A 0D   // прием: 21 байт; 19:14:51:287 27.06.2020
// таймаут: 47 мсек

Чтение адресов и паролей: 30 %

CA E0 EB FE EC ED FB 20 

00 00 09 00 FD 88 13 71 3C   // передача: 9 байт; 19:14:51:289 27.06.2020
// приём по количеству байт: 21 из 21
// принято с порта: 21 байт

01 00 15 00 FD 00 00 00 00 00 00 00 00 00 00 00 00 00 00 3A 0D   // прием: 21 байт; 19:14:51:336 27.06.2020
// таймаут: 47 мсек

Чтение адресов и паролей: 31 %

CA E0 EB FE EC ED FB 20 

00 00 09 00 FD 88 14 30 FE   // передача: 9 байт; 19:14:51:337 27.06.2020
// приём по количеству байт: 21 из 21
// принято с порта: 21 байт

01 00 15 00 FD 00 00 00 00 00 00 00 00 00 00 00 00 00 00 3A 0D   // прием: 21 байт; 19:14:51:384 27.06.2020
// таймаут: 47 мсек

Чтение адресов и паролей: 33 %

CA E0 EB FE EC ED FB 20 

00 00 09 00 FD 88 15 F1 3E   // передача: 9 байт; 19:14:51:386 27.06.2020
// приём по количеству байт: 21 из 21
// принято с порта: 21 байт

01 00 15 00 FD 00 00 00 00 00 00 00 00 00 00 00 00 00 00 3A 0D   // прием: 21 байт; 19:14:51:433 27.06.2020
// таймаут: 47 мсек

Чтение адресов и паролей: 34 %

CA E0 EB FE EC ED FB 20 

00 00 09 00 FD 88 16 B1 3F   // передача: 9 байт; 19:14:51:434 27.06.2020
// приём по количеству байт: 21 из 21
// принято с порта: 21 байт

01 00 15 00 FD 00 00 00 00 00 00 00 00 00 00 00 00 00 00 3A 0D   // прием: 21 байт; 19:14:51:481 27.06.2020
// таймаут: 47 мсек

Чтение адресов и паролей: 36 %

CA E0 EB FE EC ED FB 20 

00 00 09 00 FD 88 17 70 FF   // передача: 9 байт; 19:14:51:483 27.06.2020
// приём по количеству байт: 21 из 21
// принято с порта: 21 байт

01 00 15 00 FD 00 00 00 00 00 00 00 00 00 00 00 00 00 00 3A 0D   // прием: 21 байт; 19:14:51:530 27.06.2020
// таймаут: 47 мсек

Чтение адресов и паролей: 38 %

CA E0 EB FE EC ED FB 20 

00 00 09 00 FD 88 18 30 FB   // передача: 9 байт; 19:14:51:531 27.06.2020
// приём по количеству байт: 21 из 21
// принято с порта: 21 байт

01 00 15 00 FD 00 00 00 00 00 00 00 00 00 00 00 00 00 00 3A 0D   // прием: 21 байт; 19:14:51:579 27.06.2020
// таймаут: 48 мсек

Чтение адресов и паролей: 39 %

CA E0 EB FE EC ED FB 20 

00 00 09 00 FD 88 19 F1 3B   // передача: 9 байт; 19:14:51:580 27.06.2020
// приём по количеству байт: 21 из 21
// принято с порта: 21 байт

01 00 15 00 FD 00 00 00 00 00 00 00 00 00 00 00 00 00 00 3A 0D   // прием: 21 байт; 19:14:51:627 27.06.2020
// таймаут: 47 мсек

Чтение адресов и паролей: 41 %

CA E0 EB FE EC ED FB 20 

00 00 09 00 FD 88 1A B1 3A   // передача: 9 байт; 19:14:51:629 27.06.2020
// приём по количеству байт: 21 из 21
// принято с порта: 21 байт

01 00 15 00 FD 00 00 00 00 00 00 00 00 00 00 00 00 00 00 3A 0D   // прием: 21 байт; 19:14:51:676 27.06.2020
// таймаут: 47 мсек

Чтение адресов и паролей: 42 %

CA E0 EB FE EC ED FB 20 

00 00 09 00 FD 88 1B 70 FA   // передача: 9 байт; 19:14:51:677 27.06.2020
// приём по количеству байт: 21 из 21
// принято с порта: 21 байт

01 00 15 00 FD 00 00 00 00 00 00 00 00 00 00 00 00 00 00 3A 0D   // прием: 21 байт; 19:14:51:725 27.06.2020
// таймаут: 48 мсек

Чтение адресов и паролей: 44 %

CA E0 EB FE EC ED FB 20 

00 00 09 00 FD 88 1C 31 38   // передача: 9 байт; 19:14:51:726 27.06.2020
// приём по количеству байт: 21 из 21
// принято с порта: 21 байт

01 00 15 00 FD 00 00 00 00 00 00 00 00 00 00 00 00 00 00 3A 0D   // прием: 21 байт; 19:14:51:773 27.06.2020
// таймаут: 47 мсек

Чтение адресов и паролей: 46 %

CA E0 EB FE EC ED FB 20 

00 00 09 00 FD 88 1D F0 F8   // передача: 9 байт; 19:14:51:775 27.06.2020
// приём по количеству байт: 21 из 21
// принято с порта: 21 байт

01 00 15 00 FD 00 00 00 00 00 00 00 00 00 00 00 00 00 00 3A 0D   // прием: 21 байт; 19:14:51:822 27.06.2020
// таймаут: 47 мсек

Чтение адресов и паролей: 47 %

CA E0 EB FE EC ED FB 20 

00 00 09 00 FD 88 1E B0 F9   // передача: 9 байт; 19:14:51:823 27.06.2020
// приём по количеству байт: 21 из 21
// принято с порта: 21 байт

01 00 15 00 FD 00 00 00 00 00 00 00 00 00 00 00 00 00 00 3A 0D   // прием: 21 байт; 19:14:51:870 27.06.2020
// таймаут: 47 мсек

Чтение адресов и паролей: 49 %

CA E0 EB FE EC ED FB 20 

00 00 09 00 FD 88 1F 71 39   // передача: 9 байт; 19:14:51:872 27.06.2020
// приём по количеству байт: 21 из 21
// принято с порта: 21 байт

01 00 15 00 FD 00 00 00 00 00 00 00 00 00 00 00 00 00 00 3A 0D   // прием: 21 байт; 19:14:51:919 27.06.2020
// таймаут: 47 мсек

Чтение адресов и паролей: 50 %

CA E0 EB FE EC ED FB 20 

00 00 09 00 FD 88 20 31 29   // передача: 9 байт; 19:14:51:920 27.06.2020
// приём по количеству байт: 21 из 21
// принято с порта: 21 байт

01 00 15 00 FD 00 00 00 00 00 00 00 00 00 00 00 00 00 00 3A 0D   // прием: 21 байт; 19:14:51:968 27.06.2020
// таймаут: 48 мсек

Чтение адресов и паролей: 52 %

CA E0 EB FE EC ED FB 20 

00 00 09 00 FD 88 21 F0 E9   // передача: 9 байт; 19:14:51:969 27.06.2020
// приём по количеству байт: 21 из 21
// принято с порта: 21 байт

01 00 15 00 FD 00 00 00 00 00 00 00 00 00 00 00 00 00 00 3A 0D   // прием: 21 байт; 19:14:52:016 27.06.2020
// таймаут: 47 мсек

Чтение адресов и паролей: 53 %

CA E0 EB FE EC ED FB 20 

00 00 09 00 FD 88 22 B0 E8   // передача: 9 байт; 19:14:52:017 27.06.2020
// приём по количеству байт: 21 из 21
// принято с порта: 21 байт

01 00 15 00 FD 00 00 00 00 00 00 00 00 00 00 00 00 00 00 3A 0D   // прием: 21 байт; 19:14:52:065 27.06.2020
// таймаут: 48 мсек

Чтение адресов и паролей: 55 %

CA E0 EB FE EC ED FB 20 

00 00 09 00 FD 88 23 71 28   // передача: 9 байт; 19:14:52:066 27.06.2020
// приём по количеству байт: 21 из 21
// принято с порта: 21 байт

01 00 15 00 FD 00 00 00 00 00 00 00 00 00 00 00 00 00 00 3A 0D   // прием: 21 байт; 19:14:52:114 27.06.2020
// таймаут: 48 мсек

Чтение адресов и паролей: 57 %

CA E0 EB FE EC ED FB 20 

00 00 09 00 FD 88 24 30 EA   // передача: 9 байт; 19:14:52:115 27.06.2020
// приём по количеству байт: 21 из 21
// принято с порта: 21 байт

01 00 15 00 FD 00 00 00 00 00 00 00 00 00 00 00 00 00 00 3A 0D   // прием: 21 байт; 19:14:52:162 27.06.2020
// таймаут: 47 мсек

Чтение адресов и паролей: 58 %

CA E0 EB FE EC ED FB 20 

00 00 09 00 FD 88 25 F1 2A   // передача: 9 байт; 19:14:52:164 27.06.2020
// приём по количеству байт: 21 из 21
// принято с порта: 21 байт

01 00 15 00 FD 00 00 00 00 00 00 00 00 00 00 00 00 00 00 3A 0D   // прием: 21 байт; 19:14:52:211 27.06.2020
// таймаут: 47 мсек

Чтение адресов и паролей: 60 %

CA E0 EB FE EC ED FB 20 

00 00 09 00 FD 88 26 B1 2B   // передача: 9 байт; 19:14:52:212 27.06.2020
// приём по количеству байт: 21 из 21
// принято с порта: 21 байт

01 00 15 00 FD 00 00 00 00 00 00 00 00 00 00 00 00 00 00 3A 0D   // прием: 21 байт; 19:14:52:259 27.06.2020
// таймаут: 47 мсек

Чтение адресов и паролей: 61 %

CA E0 EB FE EC ED FB 20 

00 00 09 00 FD 88 27 70 EB   // передача: 9 байт; 19:14:52:261 27.06.2020
// приём по количеству байт: 21 из 21
// принято с порта: 21 байт

01 00 15 00 FD 00 00 00 00 00 00 00 00 00 00 00 00 00 00 3A 0D   // прием: 21 байт; 19:14:52:308 27.06.2020
// таймаут: 47 мсек

Чтение адресов и паролей: 63 %

CA E0 EB FE EC ED FB 20 

00 00 09 00 FD 88 28 30 EF   // передача: 9 байт; 19:14:52:310 27.06.2020
// приём по количеству байт: 21 из 21
// принято с порта: 21 байт

01 00 15 00 FD 00 00 00 00 00 00 00 00 00 00 00 00 00 00 3A 0D   // прием: 21 байт; 19:14:52:357 27.06.2020
// таймаут: 47 мсек

Чтение адресов и паролей: 65 %

CA E0 EB FE EC ED FB 20 

00 00 09 00 FD 88 29 F1 2F   // передача: 9 байт; 19:14:52:358 27.06.2020
// приём по количеству байт: 21 из 21
// принято с порта: 21 байт

01 00 15 00 FD 00 00 00 00 00 00 00 00 00 00 00 00 00 00 3A 0D   // прием: 21 байт; 19:14:52:405 27.06.2020
// таймаут: 47 мсек

Чтение адресов и паролей: 66 %

CA E0 EB FE EC ED FB 20 

00 00 09 00 FD 88 2A B1 2E   // передача: 9 байт; 19:14:52:407 27.06.2020
// приём по количеству байт: 21 из 21
// принято с порта: 21 байт

01 00 15 00 FD 00 00 00 00 00 00 00 00 00 00 00 00 00 00 3A 0D   // прием: 21 байт; 19:14:52:454 27.06.2020
// таймаут: 47 мсек

Чтение адресов и паролей: 68 %

CA E0 EB FE EC ED FB 20 

00 00 09 00 FD 88 2B 70 EE   // передача: 9 байт; 19:14:52:455 27.06.2020
// приём по количеству байт: 21 из 21
// принято с порта: 21 байт

01 00 15 00 FD 00 00 00 00 00 00 00 00 00 00 00 00 00 00 3A 0D   // прием: 21 байт; 19:14:52:503 27.06.2020
// таймаут: 48 мсек

Чтение адресов и паролей: 69 %

CA E0 EB FE EC ED FB 20 

00 00 09 00 FD 88 2C 31 2C   // передача: 9 байт; 19:14:52:504 27.06.2020
// приём по количеству байт: 21 из 21
// принято с порта: 21 байт

01 00 15 00 FD 00 00 00 00 00 00 00 00 00 00 00 00 00 00 3A 0D   // прием: 21 байт; 19:14:52:551 27.06.2020
// таймаут: 47 мсек

Чтение адресов и паролей: 71 %

CA E0 EB FE EC ED FB 20 

00 00 09 00 FD 88 2D F0 EC   // передача: 9 байт; 19:14:52:553 27.06.2020
// приём по количеству байт: 21 из 21
// принято с порта: 21 байт

01 00 15 00 FD 00 00 00 00 00 00 00 00 00 00 00 00 00 00 3A 0D   // прием: 21 байт; 19:14:52:600 27.06.2020
// таймаут: 47 мсек

Чтение адресов и паролей: 73 %

CA E0 EB FE EC ED FB 20 

00 00 09 00 FD 88 2E B0 ED   // передача: 9 байт; 19:14:52:601 27.06.2020
// приём по количеству байт: 21 из 21
// принято с порта: 21 байт

01 00 15 00 FD 00 00 00 00 00 00 00 00 00 00 00 00 00 00 3A 0D   // прием: 21 байт; 19:14:52:649 27.06.2020
// таймаут: 48 мсек

Чтение адресов и паролей: 74 %

CA E0 EB FE EC ED FB 20 

00 00 09 00 FD 88 2F 71 2D   // передача: 9 байт; 19:14:52:650 27.06.2020
// приём по количеству байт: 21 из 21
// принято с порта: 21 байт

01 00 15 00 FD 00 00 00 00 00 00 00 00 00 00 00 00 00 00 3A 0D   // прием: 21 байт; 19:14:52:697 27.06.2020
// таймаут: 47 мсек

Чтение адресов и паролей: 76 %

CA E0 EB FE EC ED FB 20 

00 00 09 00 FD 88 30 30 E5   // передача: 9 байт; 19:14:52:699 27.06.2020
// приём по количеству байт: 21 из 21
// принято с порта: 21 байт

01 00 15 00 FD 00 00 00 00 00 00 00 00 00 00 00 00 00 00 3A 0D   // прием: 21 байт; 19:14:52:746 27.06.2020
// таймаут: 47 мсек

Чтение адресов и паролей: 77 %

CA E0 EB FE EC ED FB 20 

00 00 09 00 FD 88 31 F1 25   // передача: 9 байт; 19:14:52:747 27.06.2020
// приём по количеству байт: 21 из 21
// принято с порта: 21 байт

01 00 15 00 FD 00 00 00 00 00 00 00 00 00 00 00 00 00 00 3A 0D   // прием: 21 байт; 19:14:52:795 27.06.2020
// таймаут: 48 мсек

Чтение адресов и паролей: 79 %

CA E0 EB FE EC ED FB 20 

00 00 09 00 FD 88 32 B1 24   // передача: 9 байт; 19:14:52:796 27.06.2020
// приём по количеству байт: 21 из 21
// принято с порта: 21 байт

01 00 15 00 FD 00 00 00 00 00 00 00 00 00 00 00 00 00 00 3A 0D   // прием: 21 байт; 19:14:52:843 27.06.2020
// таймаут: 47 мсек

Чтение адресов и паролей: 80 %

CA E0 EB FE EC ED FB 20 

00 00 09 00 FD 88 33 70 E4   // передача: 9 байт; 19:14:52:845 27.06.2020
// приём по количеству байт: 21 из 21
// принято с порта: 21 байт

01 00 15 00 FD 00 00 00 00 00 00 00 00 00 00 00 00 00 00 3A 0D   // прием: 21 байт; 19:14:52:892 27.06.2020
// таймаут: 47 мсек

Чтение адресов и паролей: 82 %

CA E0 EB FE EC ED FB 20 

00 00 09 00 FD 88 34 31 26   // передача: 9 байт; 19:14:52:893 27.06.2020
// приём по количеству байт: 21 из 21
// принято с порта: 21 байт

01 00 15 00 FD 00 00 00 00 00 00 00 00 00 00 00 00 00 00 3A 0D   // прием: 21 байт; 19:14:52:941 27.06.2020
// таймаут: 48 мсек

Чтение адресов и паролей: 84 %

CA E0 EB FE EC ED FB 20 

00 00 09 00 FD 88 35 F0 E6   // передача: 9 байт; 19:14:52:942 27.06.2020
// приём по количеству байт: 21 из 21
// принято с порта: 21 байт

01 00 15 00 FD 00 00 00 00 00 00 00 00 00 00 00 00 00 00 3A 0D   // прием: 21 байт; 19:14:52:990 27.06.2020
// таймаут: 48 мсек

Чтение адресов и паролей: 85 %

CA E0 EB FE EC ED FB 20 

00 00 09 00 FD 88 36 B0 E7   // передача: 9 байт; 19:14:52:991 27.06.2020
// приём по количеству байт: 21 из 21
// принято с порта: 21 байт

01 00 15 00 FD 00 00 00 00 00 00 00 00 00 00 00 00 00 00 3A 0D   // прием: 21 байт; 19:14:53:038 27.06.2020
// таймаут: 47 мсек

Чтение адресов и паролей: 87 %

CA E0 EB FE EC ED FB 20 

00 00 09 00 FD 88 37 71 27   // передача: 9 байт; 19:14:53:040 27.06.2020
// приём по количеству байт: 21 из 21
// принято с порта: 21 байт

01 00 15 00 FD 00 00 00 00 00 00 00 00 00 00 00 00 00 00 3A 0D   // прием: 21 байт; 19:14:53:087 27.06.2020
// таймаут: 47 мсек

Чтение адресов и паролей: 88 %

CA E0 EB FE EC ED FB 20 

00 00 09 00 FD 88 38 31 23   // передача: 9 байт; 19:14:53:088 27.06.2020
// приём по количеству байт: 21 из 21
// принято с порта: 21 байт

01 00 15 00 FD 00 00 00 00 00 00 00 00 00 00 00 00 00 00 3A 0D   // прием: 21 байт; 19:14:53:136 27.06.2020
// таймаут: 48 мсек

Чтение адресов и паролей: 90 %

CA E0 EB FE EC ED FB 20 

00 00 09 00 FD 88 39 F0 E3   // передача: 9 байт; 19:14:53:137 27.06.2020
// приём по количеству байт: 21 из 21
// принято с порта: 21 байт

01 00 15 00 FD 00 00 00 00 00 00 00 00 00 00 00 00 00 00 3A 0D   // прием: 21 байт; 19:14:53:184 27.06.2020
// таймаут: 47 мсек

Чтение адресов и паролей: 92 %

CA E0 EB FE EC ED FB 20 

00 00 09 00 FD 88 3A B0 E2   // передача: 9 байт; 19:14:53:186 27.06.2020
// приём по количеству байт: 21 из 21
// принято с порта: 21 байт

01 00 15 00 FD 00 00 00 00 00 00 00 00 00 00 00 00 00 00 3A 0D   // прием: 21 байт; 19:14:53:233 27.06.2020
// таймаут: 47 мсек

Чтение адресов и паролей: 93 %

CA E0 EB FE EC ED FB 20 

00 00 09 00 FD 88 3B 71 22   // передача: 9 байт; 19:14:53:235 27.06.2020
// приём по количеству байт: 21 из 21
// принято с порта: 21 байт

01 00 15 00 FD 00 00 00 00 00 00 00 00 00 00 00 00 00 00 3A 0D   // прием: 21 байт; 19:14:53:282 27.06.2020
// таймаут: 47 мсек

Чтение адресов и паролей: 95 %

CA E0 EB FE EC ED FB 20 

00 00 09 00 FD 88 3C 30 E0   // передача: 9 байт; 19:14:53:283 27.06.2020
// приём по количеству байт: 21 из 21
// принято с порта: 21 байт

01 00 15 00 FD 00 00 00 00 00 00 00 00 00 00 00 00 00 00 3A 0D   // прием: 21 байт; 19:14:53:330 27.06.2020
// таймаут: 47 мсек

Чтение адресов и паролей: 96 %

CA E0 EB FE EC ED FB 20 

00 00 09 00 FD 88 3D F1 20   // передача: 9 байт; 19:14:53:332 27.06.2020
// приём по количеству байт: 21 из 21
// принято с порта: 21 байт

01 00 15 00 FD 00 00 00 00 00 00 00 00 00 00 00 00 00 00 3A 0D   // прием: 21 байт; 19:14:53:379 27.06.2020
// таймаут: 47 мсек

Чтение адресов и паролей: 98 %

CA E0 EB FE EC ED FB 20 

00 00 09 00 FD 88 3E B1 21   // передача: 9 байт; 19:14:53:381 27.06.2020
// приём по количеству байт: 21 из 21
// принято с порта: 21 байт

01 00 15 00 FD 00 00 00 00 00 00 00 00 00 00 00 00 00 00 3A 0D   // прием: 21 байт; 19:14:53:428 27.06.2020
// таймаут: 47 мсек

Чтение адресов и паролей: 100 %

CA E0 EB FE EC ED FB 20 

00 00 09 00 FD 88 3F 70 E1   // передача: 9 байт; 19:14:53:429 27.06.2020
// приём по количеству байт: 21 из 21
// принято с порта: 21 байт

01 00 15 00 FD 00 00 00 00 00 00 00 00 00 00 00 00 00 00 3A 0D   // прием: 21 байт; 19:14:53:476 27.06.2020
// таймаут: 47 мсек

Чтение адресов и паролей: 100 %

// О программе
