Чтение адресов и паролей

CA E0 EB FE EC ED FB 20 

00 00 09 00 FF 1C 00 FF F1   // передача: 9 байт; 19:12:35:864 27.06.2020
// приём по количеству байт: 15 из 15
// принято с порта: 15 байт

01 00 0F 00 FF 00 00 00 7B 00 0D 84 13 23 8E   // прием: 15 байт; 19:12:35:905 27.06.2020
// таймаут: 41 мсек

Чтение адресов и паролей: 1 %

CA E0 EB FE EC ED FB 20 

00 00 09 00 FF 1C 01 3E 31   // передача: 9 байт; 19:12:35:906 27.06.2020
// приём по количеству байт: 15 из 15
// принято с порта: 15 байт

01 00 0F 00 FF 00 00 00 6F 00 00 00 00 A0 83   // прием: 15 байт; 19:12:35:947 27.06.2020
// таймаут: 41 мсек

Чтение адресов и паролей: 3 %

CA E0 EB FE EC ED FB 20 

00 00 09 00 FF 1C 02 7E 30   // передача: 9 байт; 19:12:35:948 27.06.2020
// приём по количеству байт: 15 из 15
// принято с порта: 15 байт

01 00 0F 00 FF 00 00 00 00 00 00 00 00 74 8A   // прием: 15 байт; 19:12:35:989 27.06.2020
// таймаут: 41 мсек

Чтение адресов и паролей: 4 %

CA E0 EB FE EC ED FB 20 

00 00 09 00 FF 1C 03 BF F0   // передача: 9 байт; 19:12:35:990 27.06.2020
// приём по количеству байт: 15 из 15
// принято с порта: 15 байт

01 00 0F 00 FF 00 00 00 00 00 00 00 00 74 8A   // прием: 15 байт; 19:12:36:031 27.06.2020
// таймаут: 41 мсек

Чтение адресов и паролей: 6 %

CA E0 EB FE EC ED FB 20 

00 00 09 00 FF 1C 04 FE 32   // передача: 9 байт; 19:12:36:032 27.06.2020
// приём по количеству байт: 15 из 15
// принято с порта: 15 байт

01 00 0F 00 FF 00 00 00 02 00 00 00 00 0D 4A   // прием: 15 байт; 19:12:36:073 27.06.2020
// таймаут: 41 мсек

Чтение адресов и паролей: 7 %

CA E0 EB FE EC ED FB 20 

00 00 09 00 FF 1C 05 3F F2   // передача: 9 байт; 19:12:36:074 27.06.2020
// приём по количеству байт: 15 из 15
// принято с порта: 15 байт

01 00 0F 00 FF 00 00 00 00 00 00 00 00 74 8A   // прием: 15 байт; 19:12:36:116 27.06.2020
// таймаут: 42 мсек

Чтение адресов и паролей: 9 %

CA E0 EB FE EC ED FB 20 

00 00 09 00 FF 1C 06 7F F3   // передача: 9 байт; 19:12:36:117 27.06.2020
// приём по количеству байт: 15 из 15
// принято с порта: 15 байт

01 00 0F 00 FF 00 00 00 00 00 00 00 00 74 8A   // прием: 15 байт; 19:12:36:158 27.06.2020
// таймаут: 41 мсек

Чтение адресов и паролей: 11 %

CA E0 EB FE EC ED FB 20 

00 00 09 00 FF 1C 07 BE 33   // передача: 9 байт; 19:12:36:159 27.06.2020
// приём по количеству байт: 15 из 15
// принято с порта: 15 байт

01 00 0F 00 FF 00 00 00 00 00 00 00 00 74 8A   // прием: 15 байт; 19:12:36:200 27.06.2020
// таймаут: 41 мсек

Чтение адресов и паролей: 12 %

CA E0 EB FE EC ED FB 20 

00 00 09 00 FF 1C 08 FE 37   // передача: 9 байт; 19:12:36:201 27.06.2020
// приём по количеству байт: 15 из 15
// принято с порта: 15 байт

01 00 0F 00 FF 00 00 00 00 00 00 00 00 74 8A   // прием: 15 байт; 19:12:36:242 27.06.2020
// таймаут: 41 мсек

Чтение адресов и паролей: 14 %

CA E0 EB FE EC ED FB 20 

00 00 09 00 FF 1C 09 3F F7   // передача: 9 байт; 19:12:36:243 27.06.2020
// приём по количеству байт: 15 из 15
// принято с порта: 15 байт

01 00 0F 00 FF 00 00 00 00 00 00 00 00 74 8A   // прием: 15 байт; 19:12:36:284 27.06.2020
// таймаут: 41 мсек

Чтение адресов и паролей: 15 %

CA E0 EB FE EC ED FB 20 

00 00 09 00 FF 1C 0A 7F F6   // передача: 9 байт; 19:12:36:286 27.06.2020
// приём по количеству байт: 15 из 15
// принято с порта: 15 байт

01 00 0F 00 FF 00 00 00 00 00 00 00 00 74 8A   // прием: 15 байт; 19:12:36:327 27.06.2020
// таймаут: 41 мсек

Чтение адресов и паролей: 17 %

CA E0 EB FE EC ED FB 20 

00 00 09 00 FF 1C 0B BE 36   // передача: 9 байт; 19:12:36:328 27.06.2020
// приём по количеству байт: 15 из 15
// принято с порта: 15 байт

01 00 0F 00 FF 00 00 00 00 00 00 00 00 74 8A   // прием: 15 байт; 19:12:36:369 27.06.2020
// таймаут: 41 мсек

Чтение адресов и паролей: 19 %

CA E0 EB FE EC ED FB 20 

00 00 09 00 FF 1C 0C FF F4   // передача: 9 байт; 19:12:36:370 27.06.2020
// приём по количеству байт: 15 из 15
// принято с порта: 15 байт

01 00 0F 00 FF 00 00 00 00 00 00 00 00 74 8A   // прием: 15 байт; 19:12:36:411 27.06.2020
// таймаут: 41 мсек

Чтение адресов и паролей: 20 %

CA E0 EB FE EC ED FB 20 

00 00 09 00 FF 1C 0D 3E 34   // передача: 9 байт; 19:12:36:412 27.06.2020
// приём по количеству байт: 15 из 15
// принято с порта: 15 байт

01 00 0F 00 FF 00 00 00 00 00 00 00 00 74 8A   // прием: 15 байт; 19:12:36:453 27.06.2020
// таймаут: 41 мсек

Чтение адресов и паролей: 22 %

CA E0 EB FE EC ED FB 20 

00 00 09 00 FF 1C 0E 7E 35   // передача: 9 байт; 19:12:36:454 27.06.2020
// приём по количеству байт: 15 из 15
// принято с порта: 15 байт

01 00 0F 00 FF 00 00 00 00 00 00 00 00 74 8A   // прием: 15 байт; 19:12:36:495 27.06.2020
// таймаут: 41 мсек

Чтение адресов и паролей: 23 %

CA E0 EB FE EC ED FB 20 

00 00 09 00 FF 1C 0F BF F5   // передача: 9 байт; 19:12:36:496 27.06.2020
// приём по количеству байт: 15 из 15
// принято с порта: 15 байт

01 00 0F 00 FF 00 00 00 00 00 00 00 00 74 8A   // прием: 15 байт; 19:12:36:537 27.06.2020
// таймаут: 41 мсек

Чтение адресов и паролей: 25 %

CA E0 EB FE EC ED FB 20 

00 00 09 00 FF 1C 10 FE 3D   // передача: 9 байт; 19:12:36:539 27.06.2020
// приём по количеству байт: 15 из 15
// принято с порта: 15 байт

01 00 0F 00 FF 00 00 00 00 00 00 00 00 74 8A   // прием: 15 байт; 19:12:36:579 27.06.2020
// таймаут: 40 мсек

Чтение адресов и паролей: 26 %

CA E0 EB FE EC ED FB 20 

00 00 09 00 FF 1C 11 3F FD   // передача: 9 байт; 19:12:36:581 27.06.2020
// приём по количеству байт: 15 из 15
// принято с порта: 15 байт

01 00 0F 00 FF 00 00 00 00 00 00 00 00 74 8A   // прием: 15 байт; 19:12:36:622 27.06.2020
// таймаут: 41 мсек

Чтение адресов и паролей: 28 %

CA E0 EB FE EC ED FB 20 

00 00 09 00 FF 1C 12 7F FC   // передача: 9 байт; 19:12:36:623 27.06.2020
// приём по количеству байт: 15 из 15
// принято с порта: 15 байт

01 00 0F 00 FF 00 00 00 00 00 00 00 00 74 8A   // прием: 15 байт; 19:12:36:664 27.06.2020
// таймаут: 41 мсек

Чтение адресов и паролей: 30 %

CA E0 EB FE EC ED FB 20 

00 00 09 00 FF 1C 13 BE 3C   // передача: 9 байт; 19:12:36:665 27.06.2020
// приём по количеству байт: 15 из 15
// принято с порта: 15 байт

01 00 0F 00 FF 00 00 00 00 00 00 00 00 74 8A   // прием: 15 байт; 19:12:36:706 27.06.2020
// таймаут: 41 мсек

Чтение адресов и паролей: 31 %

CA E0 EB FE EC ED FB 20 

00 00 09 00 FF 1C 14 FF FE   // передача: 9 байт; 19:12:36:707 27.06.2020
// приём по количеству байт: 15 из 15
// принято с порта: 15 байт

01 00 0F 00 FF 00 00 00 00 00 00 00 00 74 8A   // прием: 15 байт; 19:12:36:748 27.06.2020
// таймаут: 41 мсек

Чтение адресов и паролей: 33 %

CA E0 EB FE EC ED FB 20 

00 00 09 00 FF 1C 15 3E 3E   // передача: 9 байт; 19:12:36:749 27.06.2020
// приём по количеству байт: 15 из 15
// принято с порта: 15 байт

01 00 0F 00 FF 00 00 00 00 00 00 00 00 74 8A   // прием: 15 байт; 19:12:36:790 27.06.2020
// таймаут: 41 мсек

Чтение адресов и паролей: 34 %

CA E0 EB FE EC ED FB 20 

00 00 09 00 FF 1C 16 7E 3F   // передача: 9 байт; 19:12:36:791 27.06.2020
// приём по количеству байт: 15 из 15
// принято с порта: 15 байт

01 00 0F 00 FF 00 00 00 00 00 00 00 00 74 8A   // прием: 15 байт; 19:12:36:832 27.06.2020
// таймаут: 41 мсек

Чтение адресов и паролей: 36 %

CA E0 EB FE EC ED FB 20 

00 00 09 00 FF 1C 17 BF FF   // передача: 9 байт; 19:12:36:833 27.06.2020
// приём по количеству байт: 15 из 15
// принято с порта: 15 байт

01 00 0F 00 FF 00 00 00 00 00 00 00 00 74 8A   // прием: 15 байт; 19:12:36:875 27.06.2020
// таймаут: 42 мсек

Чтение адресов и паролей: 38 %

CA E0 EB FE EC ED FB 20 

00 00 09 00 FF 1C 18 FF FB   // передача: 9 байт; 19:12:36:876 27.06.2020
// приём по количеству байт: 15 из 15
// принято с порта: 15 байт

01 00 0F 00 FF 00 00 00 00 00 00 00 00 74 8A   // прием: 15 байт; 19:12:36:917 27.06.2020
// таймаут: 41 мсек

Чтение адресов и паролей: 39 %

CA E0 EB FE EC ED FB 20 

00 00 09 00 FF 1C 19 3E 3B   // передача: 9 байт; 19:12:36:918 27.06.2020
// приём по количеству байт: 15 из 15
// принято с порта: 15 байт

01 00 0F 00 FF 00 00 00 00 00 00 00 00 74 8A   // прием: 15 байт; 19:12:36:959 27.06.2020
// таймаут: 41 мсек

Чтение адресов и паролей: 41 %

CA E0 EB FE EC ED FB 20 

00 00 09 00 FF 1C 1A 7E 3A   // передача: 9 байт; 19:12:36:960 27.06.2020
// приём по количеству байт: 15 из 15
// принято с порта: 15 байт

01 00 0F 00 FF 00 00 00 00 00 00 00 00 74 8A   // прием: 15 байт; 19:12:37:001 27.06.2020
// таймаут: 41 мсек

Чтение адресов и паролей: 42 %

CA E0 EB FE EC ED FB 20 

00 00 09 00 FF 1C 1B BF FA   // передача: 9 байт; 19:12:37:002 27.06.2020
// приём по количеству байт: 15 из 15
// принято с порта: 15 байт

01 00 0F 00 FF 00 00 00 00 00 00 00 00 74 8A   // прием: 15 байт; 19:12:37:043 27.06.2020
// таймаут: 41 мсек

Чтение адресов и паролей: 44 %

CA E0 EB FE EC ED FB 20 

00 00 09 00 FF 1C 1C FE 38   // передача: 9 байт; 19:12:37:044 27.06.2020
// приём по количеству байт: 15 из 15
// принято с порта: 15 байт

01 00 0F 00 FF 00 00 00 00 00 00 00 00 74 8A   // прием: 15 байт; 19:12:37:085 27.06.2020
// таймаут: 41 мсек

Чтение адресов и паролей: 46 %

CA E0 EB FE EC ED FB 20 

00 00 09 00 FF 1C 1D 3F F8   // передача: 9 байт; 19:12:37:086 27.06.2020
// приём по количеству байт: 15 из 15
// принято с порта: 15 байт

01 00 0F 00 FF 00 00 00 00 00 00 00 00 74 8A   // прием: 15 байт; 19:12:37:127 27.06.2020
// таймаут: 41 мсек

Чтение адресов и паролей: 47 %

CA E0 EB FE EC ED FB 20 

00 00 09 00 FF 1C 1E 7F F9   // передача: 9 байт; 19:12:37:129 27.06.2020
// приём по количеству байт: 15 из 15
// принято с порта: 15 байт

01 00 0F 00 FF 00 00 00 00 00 00 00 00 74 8A   // прием: 15 байт; 19:12:37:169 27.06.2020
// таймаут: 40 мсек

Чтение адресов и паролей: 49 %

CA E0 EB FE EC ED FB 20 

00 00 09 00 FF 1C 1F BE 39   // передача: 9 байт; 19:12:37:171 27.06.2020
// приём по количеству байт: 15 из 15
// принято с порта: 15 байт

01 00 0F 00 FF 00 00 00 00 00 00 00 00 74 8A   // прием: 15 байт; 19:12:37:212 27.06.2020
// таймаут: 41 мсек

Чтение адресов и паролей: 50 %

CA E0 EB FE EC ED FB 20 

00 00 09 00 FF 1C 20 FE 29   // передача: 9 байт; 19:12:37:213 27.06.2020
// приём по количеству байт: 15 из 15
// принято с порта: 15 байт

01 00 0F 00 FF 00 00 00 00 00 00 00 00 74 8A   // прием: 15 байт; 19:12:37:254 27.06.2020
// таймаут: 41 мсек

Чтение адресов и паролей: 52 %

CA E0 EB FE EC ED FB 20 

00 00 09 00 FF 1C 21 3F E9   // передача: 9 байт; 19:12:37:255 27.06.2020
// приём по количеству байт: 15 из 15
// принято с порта: 15 байт

01 00 0F 00 FF 00 00 00 00 00 00 00 00 74 8A   // прием: 15 байт; 19:12:37:296 27.06.2020
// таймаут: 41 мсек

Чтение адресов и паролей: 53 %

CA E0 EB FE EC ED FB 20 

00 00 09 00 FF 1C 22 7F E8   // передача: 9 байт; 19:12:37:297 27.06.2020
// приём по количеству байт: 15 из 15
// принято с порта: 15 байт

01 00 0F 00 FF 00 00 00 00 00 00 00 00 74 8A   // прием: 15 байт; 19:12:37:338 27.06.2020
// таймаут: 41 мсек

Чтение адресов и паролей: 55 %

CA E0 EB FE EC ED FB 20 

00 00 09 00 FF 1C 23 BE 28   // передача: 9 байт; 19:12:37:340 27.06.2020
// приём по количеству байт: 15 из 15
// принято с порта: 15 байт

01 00 0F 00 FF 00 00 00 00 00 00 00 00 74 8A   // прием: 15 байт; 19:12:37:381 27.06.2020
// таймаут: 41 мсек

Чтение адресов и паролей: 57 %

CA E0 EB FE EC ED FB 20 

00 00 09 00 FF 1C 24 FF EA   // передача: 9 байт; 19:12:37:382 27.06.2020
// приём по количеству байт: 15 из 15
// принято с порта: 15 байт

01 00 0F 00 FF 00 00 00 00 00 00 00 00 74 8A   // прием: 15 байт; 19:12:37:423 27.06.2020
// таймаут: 41 мсек

Чтение адресов и паролей: 58 %

CA E0 EB FE EC ED FB 20 

00 00 09 00 FF 1C 25 3E 2A   // передача: 9 байт; 19:12:37:424 27.06.2020
// приём по количеству байт: 15 из 15
// принято с порта: 15 байт

01 00 0F 00 FF 00 00 00 00 00 00 00 00 74 8A   // прием: 15 байт; 19:12:37:465 27.06.2020
// таймаут: 41 мсек

Чтение адресов и паролей: 60 %

CA E0 EB FE EC ED FB 20 

00 00 09 00 FF 1C 26 7E 2B   // передача: 9 байт; 19:12:37:466 27.06.2020
// приём по количеству байт: 15 из 15
// принято с порта: 15 байт

01 00 0F 00 FF 00 00 00 00 00 00 00 00 74 8A   // прием: 15 байт; 19:12:37:507 27.06.2020
// таймаут: 41 мсек

Чтение адресов и паролей: 61 %

CA E0 EB FE EC ED FB 20 

00 00 09 00 FF 1C 27 BF EB   // передача: 9 байт; 19:12:37:508 27.06.2020
// приём по количеству байт: 15 из 15
// принято с порта: 15 байт

01 00 0F 00 FF 00 00 00 00 00 00 00 00 74 8A   // прием: 15 байт; 19:12:37:549 27.06.2020
// таймаут: 41 мсек

Чтение адресов и паролей: 63 %

CA E0 EB FE EC ED FB 20 

00 00 09 00 FF 1C 28 FF EF   // передача: 9 байт; 19:12:37:550 27.06.2020
// приём по количеству байт: 15 из 15
// принято с порта: 15 байт

01 00 0F 00 FF 00 00 00 00 00 00 00 00 74 8A   // прием: 15 байт; 19:12:37:591 27.06.2020
// таймаут: 41 мсек

Чтение адресов и паролей: 65 %

CA E0 EB FE EC ED FB 20 

00 00 09 00 FF 1C 29 3E 2F   // передача: 9 байт; 19:12:37:593 27.06.2020
// приём по количеству байт: 15 из 15
// принято с порта: 15 байт

01 00 0F 00 FF 00 00 00 00 00 00 00 00 74 8A   // прием: 15 байт; 19:12:37:634 27.06.2020
// таймаут: 41 мсек

Чтение адресов и паролей: 66 %

CA E0 EB FE EC ED FB 20 

00 00 09 00 FF 1C 2A 7E 2E   // передача: 9 байт; 19:12:37:635 27.06.2020
// приём по количеству байт: 15 из 15
// принято с порта: 15 байт

01 00 0F 00 FF 00 00 00 00 00 00 00 00 74 8A   // прием: 15 байт; 19:12:37:676 27.06.2020
// таймаут: 41 мсек

Чтение адресов и паролей: 68 %

CA E0 EB FE EC ED FB 20 

00 00 09 00 FF 1C 2B BF EE   // передача: 9 байт; 19:12:37:677 27.06.2020
// приём по количеству байт: 15 из 15
// принято с порта: 15 байт

01 00 0F 00 FF 00 00 00 00 00 00 00 00 74 8A   // прием: 15 байт; 19:12:37:718 27.06.2020
// таймаут: 41 мсек

Чтение адресов и паролей: 69 %

CA E0 EB FE EC ED FB 20 

00 00 09 00 FF 1C 2C FE 2C   // передача: 9 байт; 19:12:37:719 27.06.2020
// приём по количеству байт: 15 из 15
// принято с порта: 15 байт

01 00 0F 00 FF 00 00 00 00 00 00 00 00 74 8A   // прием: 15 байт; 19:12:37:760 27.06.2020
// таймаут: 41 мсек

Чтение адресов и паролей: 71 %

CA E0 EB FE EC ED FB 20 

00 00 09 00 FF 1C 2D 3F EC   // передача: 9 байт; 19:12:37:761 27.06.2020
// приём по количеству байт: 15 из 15
// принято с порта: 15 байт

01 00 0F 00 FF 00 00 00 00 00 00 00 00 74 8A   // прием: 15 байт; 19:12:37:802 27.06.2020
// таймаут: 41 мсек

Чтение адресов и паролей: 73 %

CA E0 EB FE EC ED FB 20 

00 00 09 00 FF 1C 2E 7F ED   // передача: 9 байт; 19:12:37:804 27.06.2020
// приём по количеству байт: 15 из 15
// принято с порта: 15 байт

01 00 0F 00 FF 00 00 00 00 00 00 00 00 74 8A   // прием: 15 байт; 19:12:37:844 27.06.2020
// таймаут: 40 мсек

Чтение адресов и паролей: 74 %

CA E0 EB FE EC ED FB 20 

00 00 09 00 FF 1C 2F BE 2D   // передача: 9 байт; 19:12:37:846 27.06.2020
// приём по количеству байт: 15 из 15
// принято с порта: 15 байт

01 00 0F 00 FF 00 00 00 00 00 00 00 00 74 8A   // прием: 15 байт; 19:12:37:887 27.06.2020
// таймаут: 41 мсек

Чтение адресов и паролей: 76 %

CA E0 EB FE EC ED FB 20 

00 00 09 00 FF 1C 30 FF E5   // передача: 9 байт; 19:12:37:888 27.06.2020
// приём по количеству байт: 15 из 15
// принято с порта: 15 байт

01 00 0F 00 FF 00 00 00 00 00 00 00 00 74 8A   // прием: 15 байт; 19:12:37:929 27.06.2020
// таймаут: 41 мсек

Чтение адресов и паролей: 77 %

CA E0 EB FE EC ED FB 20 

00 00 09 00 FF 1C 31 3E 25   // передача: 9 байт; 19:12:37:930 27.06.2020
// приём по количеству байт: 15 из 15
// принято с порта: 15 байт

01 00 0F 00 FF 00 00 00 00 00 00 00 00 74 8A   // прием: 15 байт; 19:12:37:971 27.06.2020
// таймаут: 41 мсек

Чтение адресов и паролей: 79 %

CA E0 EB FE EC ED FB 20 

00 00 09 00 FF 1C 32 7E 24   // передача: 9 байт; 19:12:37:972 27.06.2020
// приём по количеству байт: 15 из 15
// принято с порта: 15 байт

01 00 0F 00 FF 00 00 00 00 00 00 00 00 74 8A   // прием: 15 байт; 19:12:38:013 27.06.2020
// таймаут: 41 мсек

Чтение адресов и паролей: 80 %

CA E0 EB FE EC ED FB 20 

00 00 09 00 FF 1C 33 BF E4   // передача: 9 байт; 19:12:38:015 27.06.2020
// приём по количеству байт: 15 из 15
// принято с порта: 15 байт

01 00 0F 00 FF 00 00 00 00 00 00 00 00 74 8A   // прием: 15 байт; 19:12:38:055 27.06.2020
// таймаут: 40 мсек

Чтение адресов и паролей: 82 %

CA E0 EB FE EC ED FB 20 

00 00 09 00 FF 1C 34 FE 26   // передача: 9 байт; 19:12:38:057 27.06.2020
// приём по количеству байт: 15 из 15
// принято с порта: 15 байт

01 00 0F 00 FF 00 00 00 00 00 00 00 00 74 8A   // прием: 15 байт; 19:12:38:098 27.06.2020
// таймаут: 41 мсек

Чтение адресов и паролей: 84 %

CA E0 EB FE EC ED FB 20 

00 00 09 00 FF 1C 35 3F E6   // передача: 9 байт; 19:12:38:099 27.06.2020
// приём по количеству байт: 15 из 15
// принято с порта: 15 байт

01 00 0F 00 FF 00 00 00 00 00 00 00 00 74 8A   // прием: 15 байт; 19:12:38:140 27.06.2020
// таймаут: 41 мсек

Чтение адресов и паролей: 85 %

CA E0 EB FE EC ED FB 20 

00 00 09 00 FF 1C 36 7F E7   // передача: 9 байт; 19:12:38:141 27.06.2020
// приём по количеству байт: 15 из 15
// принято с порта: 15 байт

01 00 0F 00 FF 00 00 00 00 00 00 00 00 74 8A   // прием: 15 байт; 19:12:38:182 27.06.2020
// таймаут: 41 мсек

Чтение адресов и паролей: 87 %

CA E0 EB FE EC ED FB 20 

00 00 09 00 FF 1C 37 BE 27   // передача: 9 байт; 19:12:38:183 27.06.2020
// приём по количеству байт: 15 из 15
// принято с порта: 15 байт

01 00 0F 00 FF 00 00 00 00 00 00 00 00 74 8A   // прием: 15 байт; 19:12:38:224 27.06.2020
// таймаут: 41 мсек

Чтение адресов и паролей: 88 %

CA E0 EB FE EC ED FB 20 

00 00 09 00 FF 1C 38 FE 23   // передача: 9 байт; 19:12:38:225 27.06.2020
// приём по количеству байт: 15 из 15
// принято с порта: 15 байт

01 00 0F 00 FF 00 00 00 00 00 00 00 00 74 8A   // прием: 15 байт; 19:12:38:266 27.06.2020
// таймаут: 41 мсек

Чтение адресов и паролей: 90 %

CA E0 EB FE EC ED FB 20 

00 00 09 00 FF 1C 39 3F E3   // передача: 9 байт; 19:12:38:268 27.06.2020
// приём по количеству байт: 15 из 15
// принято с порта: 15 байт

01 00 0F 00 FF 00 00 00 00 00 00 00 00 74 8A   // прием: 15 байт; 19:12:38:309 27.06.2020
// таймаут: 41 мсек

Чтение адресов и паролей: 92 %

CA E0 EB FE EC ED FB 20 

00 00 09 00 FF 1C 3A 7F E2   // передача: 9 байт; 19:12:38:310 27.06.2020
// приём по количеству байт: 15 из 15
// принято с порта: 15 байт

01 00 0F 00 FF 00 00 00 00 00 00 00 00 74 8A   // прием: 15 байт; 19:12:38:351 27.06.2020
// таймаут: 41 мсек

Чтение адресов и паролей: 93 %

CA E0 EB FE EC ED FB 20 

00 00 09 00 FF 1C 3B BE 22   // передача: 9 байт; 19:12:38:352 27.06.2020
// приём по количеству байт: 15 из 15
// принято с порта: 15 байт

01 00 0F 00 FF 00 00 00 00 00 00 00 00 74 8A   // прием: 15 байт; 19:12:38:393 27.06.2020
// таймаут: 41 мсек

Чтение адресов и паролей: 95 %

CA E0 EB FE EC ED FB 20 

00 00 09 00 FF 1C 3C FF E0   // передача: 9 байт; 19:12:38:395 27.06.2020
// приём по количеству байт: 15 из 15
// принято с порта: 15 байт

01 00 0F 00 FF 00 00 00 00 00 00 00 00 74 8A   // прием: 15 байт; 19:12:38:436 27.06.2020
// таймаут: 41 мсек

Чтение адресов и паролей: 96 %

CA E0 EB FE EC ED FB 20 

00 00 09 00 FF 1C 3D 3E 20   // передача: 9 байт; 19:12:38:437 27.06.2020
// приём по количеству байт: 15 из 15
// принято с порта: 15 байт

01 00 0F 00 FF 00 00 00 00 00 00 00 00 74 8A   // прием: 15 байт; 19:12:38:478 27.06.2020
// таймаут: 41 мсек

Чтение адресов и паролей: 98 %

CA E0 EB FE EC ED FB 20 

00 00 09 00 FF 1C 3E 7E 21   // передача: 9 байт; 19:12:38:480 27.06.2020
// приём по количеству байт: 15 из 15
// принято с порта: 15 байт

01 00 0F 00 FF 00 00 00 00 00 00 00 00 74 8A   // прием: 15 байт; 19:12:38:520 27.06.2020
// таймаут: 40 мсек

Чтение адресов и паролей: 100 %

CA E0 EB FE EC ED FB 20 

00 00 09 00 FF 1C 3F BF E1   // передача: 9 байт; 19:12:38:522 27.06.2020
// приём по количеству байт: 15 из 15
// принято с порта: 15 байт

01 00 0F 00 FF 00 00 00 00 00 00 00 00 74 8A   // прием: 15 байт; 19:12:38:563 27.06.2020
// таймаут: 41 мсек

Чтение адресов и паролей: 100 %
Чтение адресов и паролей

CA E0 EB FE EC ED FB 20 

00 00 09 00 FF 88 00 91 31   // передача: 9 байт; 19:12:41:279 27.06.2020
// приём по количеству байт: 15 из 15
// принято с порта: 15 байт

01 00 0F 00 FF 00 00 00 00 00 00 00 00 74 8A   // прием: 15 байт; 19:12:41:320 27.06.2020
// таймаут: 41 мсек

Чтение адресов и паролей: 1 %

CA E0 EB FE EC ED FB 20 

00 00 09 00 FF 88 01 50 F1   // передача: 9 байт; 19:12:41:321 27.06.2020
// приём по количеству байт: 15 из 15
// принято с порта: 15 байт

01 00 0F 00 FF 00 00 00 00 00 00 00 00 74 8A   // прием: 15 байт; 19:12:41:362 27.06.2020
// таймаут: 41 мсек

Чтение адресов и паролей: 3 %

CA E0 EB FE EC ED FB 20 

00 00 09 00 FF 88 02 10 F0   // передача: 9 байт; 19:12:41:363 27.06.2020
// приём по количеству байт: 15 из 15
// принято с порта: 15 байт

01 00 0F 00 FF 00 00 00 00 00 00 00 00 74 8A   // прием: 15 байт; 19:12:41:404 27.06.2020
// таймаут: 41 мсек

Чтение адресов и паролей: 4 %

CA E0 EB FE EC ED FB 20 

00 00 09 00 FF 88 03 D1 30   // передача: 9 байт; 19:12:41:405 27.06.2020
// приём по количеству байт: 15 из 15
// принято с порта: 15 байт

01 00 0F 00 FF 00 00 00 00 00 00 00 00 74 8A   // прием: 15 байт; 19:12:41:446 27.06.2020
// таймаут: 41 мсек

Чтение адресов и паролей: 6 %

CA E0 EB FE EC ED FB 20 

00 00 09 00 FF 88 04 90 F2   // передача: 9 байт; 19:12:41:447 27.06.2020
// приём по количеству байт: 15 из 15
// принято с порта: 15 байт

01 00 0F 00 FF 00 00 00 00 00 00 00 00 74 8A   // прием: 15 байт; 19:12:41:488 27.06.2020
// таймаут: 41 мсек

Чтение адресов и паролей: 7 %

CA E0 EB FE EC ED FB 20 

00 00 09 00 FF 88 05 51 32   // передача: 9 байт; 19:12:41:489 27.06.2020
// приём по количеству байт: 15 из 15
// принято с порта: 15 байт

01 00 0F 00 FF 00 00 00 00 00 00 00 00 74 8A   // прием: 15 байт; 19:12:41:530 27.06.2020
// таймаут: 41 мсек

Чтение адресов и паролей: 9 %

CA E0 EB FE EC ED FB 20 

00 00 09 00 FF 88 06 11 33   // передача: 9 байт; 19:12:41:531 27.06.2020
// приём по количеству байт: 15 из 15
// принято с порта: 15 байт

01 00 0F 00 FF 00 00 00 00 00 00 00 00 74 8A   // прием: 15 байт; 19:12:41:572 27.06.2020
// таймаут: 41 мсек

Чтение адресов и паролей: 11 %

CA E0 EB FE EC ED FB 20 

00 00 09 00 FF 88 07 D0 F3   // передача: 9 байт; 19:12:41:573 27.06.2020
// приём по количеству байт: 15 из 15
// принято с порта: 15 байт

01 00 0F 00 FF 00 00 00 00 00 00 00 00 74 8A   // прием: 15 байт; 19:12:41:614 27.06.2020
// таймаут: 41 мсек

Чтение адресов и паролей: 12 %

CA E0 EB FE EC ED FB 20 

00 00 09 00 FF 88 08 90 F7   // передача: 9 байт; 19:12:41:615 27.06.2020
// приём по количеству байт: 15 из 15
// принято с порта: 15 байт

01 00 0F 00 FF 00 00 00 00 00 00 00 00 74 8A   // прием: 15 байт; 19:12:41:656 27.06.2020
// таймаут: 41 мсек

Чтение адресов и паролей: 14 %

CA E0 EB FE EC ED FB 20 

00 00 09 00 FF 88 09 51 37   // передача: 9 байт; 19:12:41:657 27.06.2020
// приём по количеству байт: 15 из 15
// принято с порта: 15 байт

01 00 0F 00 FF 00 00 00 00 00 00 00 00 74 8A   // прием: 15 байт; 19:12:41:698 27.06.2020
// таймаут: 41 мсек

Чтение адресов и паролей: 15 %

CA E0 EB FE EC ED FB 20 

00 00 09 00 FF 88 0A 11 36   // передача: 9 байт; 19:12:41:699 27.06.2020
// приём по количеству байт: 15 из 15
// принято с порта: 15 байт

01 00 0F 00 FF 00 00 00 00 00 00 00 00 74 8A   // прием: 15 байт; 19:12:41:740 27.06.2020
// таймаут: 41 мсек

Чтение адресов и паролей: 17 %

CA E0 EB FE EC ED FB 20 

00 00 09 00 FF 88 0B D0 F6   // передача: 9 байт; 19:12:41:742 27.06.2020
// приём по количеству байт: 15 из 15
// принято с порта: 15 байт

01 00 0F 00 FF 00 00 00 00 00 00 00 00 74 8A   // прием: 15 байт; 19:12:41:782 27.06.2020
// таймаут: 40 мсек

Чтение адресов и паролей: 19 %

CA E0 EB FE EC ED FB 20 

00 00 09 00 FF 88 0C 91 34   // передача: 9 байт; 19:12:41:784 27.06.2020
// приём по количеству байт: 15 из 15
// принято с порта: 15 байт

01 00 0F 00 FF 00 00 00 00 00 00 00 00 74 8A   // прием: 15 байт; 19:12:41:825 27.06.2020
// таймаут: 41 мсек

Чтение адресов и паролей: 20 %

CA E0 EB FE EC ED FB 20 

00 00 09 00 FF 88 0D 50 F4   // передача: 9 байт; 19:12:41:826 27.06.2020
// приём по количеству байт: 15 из 15
// принято с порта: 15 байт

01 00 0F 00 FF 00 00 00 00 00 00 00 00 74 8A   // прием: 15 байт; 19:12:41:867 27.06.2020
// таймаут: 41 мсек

Чтение адресов и паролей: 22 %

CA E0 EB FE EC ED FB 20 

00 00 09 00 FF 88 0E 10 F5   // передача: 9 байт; 19:12:41:868 27.06.2020
// приём по количеству байт: 15 из 15
// принято с порта: 15 байт

01 00 0F 00 FF 00 00 00 00 00 00 00 00 74 8A   // прием: 15 байт; 19:12:41:908 27.06.2020
// таймаут: 40 мсек

Чтение адресов и паролей: 23 %

CA E0 EB FE EC ED FB 20 

00 00 09 00 FF 88 0F D1 35   // передача: 9 байт; 19:12:41:910 27.06.2020
// приём по количеству байт: 15 из 15
// принято с порта: 15 байт

01 00 0F 00 FF 00 00 00 00 00 00 00 00 74 8A   // прием: 15 байт; 19:12:41:951 27.06.2020
// таймаут: 41 мсек

Чтение адресов и паролей: 25 %

CA E0 EB FE EC ED FB 20 

00 00 09 00 FF 88 10 90 FD   // передача: 9 байт; 19:12:41:952 27.06.2020
// приём по количеству байт: 15 из 15
// принято с порта: 15 байт

01 00 0F 00 FF 00 00 00 00 00 00 00 00 74 8A   // прием: 15 байт; 19:12:41:992 27.06.2020
// таймаут: 40 мсек

Чтение адресов и паролей: 26 %

CA E0 EB FE EC ED FB 20 

00 00 09 00 FF 88 11 51 3D   // передача: 9 байт; 19:12:41:994 27.06.2020
// приём по количеству байт: 15 из 15
// принято с порта: 15 байт

01 00 0F 00 FF 00 00 00 00 00 00 00 00 74 8A   // прием: 15 байт; 19:12:42:035 27.06.2020
// таймаут: 41 мсек

Чтение адресов и паролей: 28 %

CA E0 EB FE EC ED FB 20 

00 00 09 00 FF 88 12 11 3C   // передача: 9 байт; 19:12:42:036 27.06.2020
// приём по количеству байт: 15 из 15
// принято с порта: 15 байт

01 00 0F 00 FF 00 00 00 00 00 00 00 00 74 8A   // прием: 15 байт; 19:12:42:077 27.06.2020
// таймаут: 41 мсек

Чтение адресов и паролей: 30 %

CA E0 EB FE EC ED FB 20 

00 00 09 00 FF 88 13 D0 FC   // передача: 9 байт; 19:12:42:078 27.06.2020
// приём по количеству байт: 15 из 15
// принято с порта: 15 байт

01 00 0F 00 FF 00 00 00 00 00 00 00 00 74 8A   // прием: 15 байт; 19:12:42:119 27.06.2020
// таймаут: 41 мсек

Чтение адресов и паролей: 31 %

CA E0 EB FE EC ED FB 20 

00 00 09 00 FF 88 14 91 3E   // передача: 9 байт; 19:12:42:120 27.06.2020
// приём по количеству байт: 15 из 15
// принято с порта: 15 байт

01 00 0F 00 FF 00 00 00 00 00 00 00 00 74 8A   // прием: 15 байт; 19:12:42:161 27.06.2020
// таймаут: 41 мсек

Чтение адресов и паролей: 33 %

CA E0 EB FE EC ED FB 20 

00 00 09 00 FF 88 15 50 FE   // передача: 9 байт; 19:12:42:162 27.06.2020
// приём по количеству байт: 15 из 15
// принято с порта: 15 байт

01 00 0F 00 FF 00 00 00 00 00 00 00 00 74 8A   // прием: 15 байт; 19:12:42:203 27.06.2020
// таймаут: 41 мсек

Чтение адресов и паролей: 34 %

CA E0 EB FE EC ED FB 20 

00 00 09 00 FF 88 16 10 FF   // передача: 9 байт; 19:12:42:204 27.06.2020
// приём по количеству байт: 15 из 15
// принято с порта: 15 байт

01 00 0F 00 FF 00 00 00 00 00 00 00 00 74 8A   // прием: 15 байт; 19:12:42:245 27.06.2020
// таймаут: 41 мсек

Чтение адресов и паролей: 36 %

CA E0 EB FE EC ED FB 20 

00 00 09 00 FF 88 17 D1 3F   // передача: 9 байт; 19:12:42:246 27.06.2020
// приём по количеству байт: 15 из 15
// принято с порта: 15 байт

01 00 0F 00 FF 00 00 00 00 00 00 00 00 74 8A   // прием: 15 байт; 19:12:42:287 27.06.2020
// таймаут: 41 мсек

Чтение адресов и паролей: 38 %

CA E0 EB FE EC ED FB 20 

00 00 09 00 FF 88 18 91 3B   // передача: 9 байт; 19:12:42:288 27.06.2020
// приём по количеству байт: 15 из 15
// принято с порта: 15 байт

01 00 0F 00 FF 00 00 00 00 00 00 00 00 74 8A   // прием: 15 байт; 19:12:42:321 27.06.2020
// таймаут: 33 мсек

Чтение адресов и паролей: 39 %

CA E0 EB FE EC ED FB 20 

00 00 09 00 FF 88 19 50 FB   // передача: 9 байт; 19:12:42:321 27.06.2020
// приём по количеству байт: 15 из 15
// принято с порта: 15 байт

01 00 0F 00 FF 00 00 00 00 00 00 00 00 74 8A   // прием: 15 байт; 19:12:42:368 27.06.2020
// таймаут: 47 мсек

Чтение адресов и паролей: 41 %

CA E0 EB FE EC ED FB 20 

00 00 09 00 FF 88 1A 10 FA   // передача: 9 байт; 19:12:42:368 27.06.2020
// приём по количеству байт: 15 из 15
// принято с порта: 15 байт

01 00 0F 00 FF 00 00 00 00 00 00 00 00 74 8A   // прием: 15 байт; 19:12:42:399 27.06.2020
// таймаут: 31 мсек

Чтение адресов и паролей: 42 %

CA E0 EB FE EC ED FB 20 

00 00 09 00 FF 88 1B D1 3A   // передача: 9 байт; 19:12:42:415 27.06.2020
// приём по количеству байт: 15 из 15
// принято с порта: 15 байт

01 00 0F 00 FF 00 00 00 00 00 00 00 00 74 8A   // прием: 15 байт; 19:12:42:446 27.06.2020
// таймаут: 31 мсек

Чтение адресов и паролей: 44 %

CA E0 EB FE EC ED FB 20 

00 00 09 00 FF 88 1C 90 F8   // передача: 9 байт; 19:12:42:446 27.06.2020
// приём по количеству байт: 15 из 15
// принято с порта: 15 байт

01 00 0F 00 FF 00 00 00 00 00 00 00 00 74 8A   // прием: 15 байт; 19:12:42:493 27.06.2020
// таймаут: 47 мсек

Чтение адресов и паролей: 46 %

CA E0 EB FE EC ED FB 20 

00 00 09 00 FF 88 1D 51 38   // передача: 9 байт; 19:12:42:493 27.06.2020
// приём по количеству байт: 15 из 15
// принято с порта: 15 байт

01 00 0F 00 FF 00 00 00 00 00 00 00 00 74 8A   // прием: 15 байт; 19:12:42:540 27.06.2020
// таймаут: 47 мсек

Чтение адресов и паролей: 47 %

CA E0 EB FE EC ED FB 20 

00 00 09 00 FF 88 1E 11 39   // передача: 9 байт; 19:12:42:540 27.06.2020
// приём по количеству байт: 15 из 15
// принято с порта: 15 байт

01 00 0F 00 FF 00 00 00 00 00 00 00 00 74 8A   // прием: 15 байт; 19:12:42:571 27.06.2020
// таймаут: 31 мсек

Чтение адресов и паролей: 49 %

CA E0 EB FE EC ED FB 20 

00 00 09 00 FF 88 1F D0 F9   // передача: 9 байт; 19:12:42:571 27.06.2020
// приём по количеству байт: 15 из 15
// принято с порта: 15 байт

01 00 0F 00 FF 00 00 00 00 00 00 00 00 74 8A   // прием: 15 байт; 19:12:42:618 27.06.2020
// таймаут: 47 мсек

Чтение адресов и паролей: 50 %

CA E0 EB FE EC ED FB 20 

00 00 09 00 FF 88 20 90 E9   // передача: 9 байт; 19:12:42:618 27.06.2020
// приём по количеству байт: 15 из 15
// принято с порта: 15 байт

01 00 0F 00 FF 00 00 00 00 00 00 00 00 74 8A   // прием: 15 байт; 19:12:42:667 27.06.2020
// таймаут: 49 мсек

Чтение адресов и паролей: 52 %

CA E0 EB FE EC ED FB 20 

00 00 09 00 FF 88 21 51 29   // передача: 9 байт; 19:12:42:668 27.06.2020
// приём по количеству байт: 15 из 15
// принято с порта: 15 байт

01 00 0F 00 FF 00 00 00 00 00 00 00 00 74 8A   // прием: 15 байт; 19:12:42:709 27.06.2020
// таймаут: 41 мсек

Чтение адресов и паролей: 53 %

CA E0 EB FE EC ED FB 20 

00 00 09 00 FF 88 22 11 28   // передача: 9 байт; 19:12:42:710 27.06.2020
// приём по количеству байт: 15 из 15
// принято с порта: 15 байт

01 00 0F 00 FF 00 00 00 00 00 00 00 00 74 8A   // прием: 15 байт; 19:12:42:751 27.06.2020
// таймаут: 41 мсек

Чтение адресов и паролей: 55 %

CA E0 EB FE EC ED FB 20 

00 00 09 00 FF 88 23 D0 E8   // передача: 9 байт; 19:12:42:753 27.06.2020
// приём по количеству байт: 15 из 15
// принято с порта: 15 байт

01 00 0F 00 FF 00 00 00 00 00 00 00 00 74 8A   // прием: 15 байт; 19:12:42:793 27.06.2020
// таймаут: 40 мсек

Чтение адресов и паролей: 57 %

CA E0 EB FE EC ED FB 20 

00 00 09 00 FF 88 24 91 2A   // передача: 9 байт; 19:12:42:795 27.06.2020
// приём по количеству байт: 15 из 15
// принято с порта: 15 байт

01 00 0F 00 FF 00 00 00 00 00 00 00 00 74 8A   // прием: 15 байт; 19:12:42:836 27.06.2020
// таймаут: 41 мсек

Чтение адресов и паролей: 58 %

CA E0 EB FE EC ED FB 20 

00 00 09 00 FF 88 25 50 EA   // передача: 9 байт; 19:12:42:837 27.06.2020
// приём по количеству байт: 15 из 15
// принято с порта: 15 байт

01 00 0F 00 FF 00 00 00 00 00 00 00 00 74 8A   // прием: 15 байт; 19:12:42:878 27.06.2020
// таймаут: 41 мсек

Чтение адресов и паролей: 60 %

CA E0 EB FE EC ED FB 20 

00 00 09 00 FF 88 26 10 EB   // передача: 9 байт; 19:12:42:879 27.06.2020
// приём по количеству байт: 15 из 15
// принято с порта: 15 байт

01 00 0F 00 FF 00 00 00 00 00 00 00 00 74 8A   // прием: 15 байт; 19:12:42:920 27.06.2020
// таймаут: 41 мсек

Чтение адресов и паролей: 61 %

CA E0 EB FE EC ED FB 20 

00 00 09 00 FF 88 27 D1 2B   // передача: 9 байт; 19:12:42:921 27.06.2020
// приём по количеству байт: 15 из 15
// принято с порта: 15 байт

01 00 0F 00 FF 00 00 00 00 00 00 00 00 74 8A   // прием: 15 байт; 19:12:42:962 27.06.2020
// таймаут: 41 мсек

Чтение адресов и паролей: 63 %

CA E0 EB FE EC ED FB 20 

00 00 09 00 FF 88 28 91 2F   // передача: 9 байт; 19:12:42:963 27.06.2020
// приём по количеству байт: 15 из 15
// принято с порта: 15 байт

01 00 0F 00 FF 00 00 00 00 00 00 00 00 74 8A   // прием: 15 байт; 19:12:43:004 27.06.2020
// таймаут: 41 мсек

Чтение адресов и паролей: 65 %

CA E0 EB FE EC ED FB 20 

00 00 09 00 FF 88 29 50 EF   // передача: 9 байт; 19:12:43:005 27.06.2020
// приём по количеству байт: 15 из 15
// принято с порта: 15 байт

01 00 0F 00 FF 00 00 00 00 00 00 00 00 74 8A   // прием: 15 байт; 19:12:43:046 27.06.2020
// таймаут: 41 мсек

Чтение адресов и паролей: 66 %

CA E0 EB FE EC ED FB 20 

00 00 09 00 FF 88 2A 10 EE   // передача: 9 байт; 19:12:43:047 27.06.2020
// приём по количеству байт: 15 из 15
// принято с порта: 15 байт

01 00 0F 00 FF 00 00 00 00 00 00 00 00 74 8A   // прием: 15 байт; 19:12:43:088 27.06.2020
// таймаут: 41 мсек

Чтение адресов и паролей: 68 %

CA E0 EB FE EC ED FB 20 

00 00 09 00 FF 88 2B D1 2E   // передача: 9 байт; 19:12:43:090 27.06.2020
// приём по количеству байт: 15 из 15
// принято с порта: 15 байт

01 00 0F 00 FF 00 00 00 00 00 00 00 00 74 8A   // прием: 15 байт; 19:12:43:131 27.06.2020
// таймаут: 41 мсек

Чтение адресов и паролей: 69 %

CA E0 EB FE EC ED FB 20 

00 00 09 00 FF 88 2C 90 EC   // передача: 9 байт; 19:12:43:132 27.06.2020
// приём по количеству байт: 15 из 15
// принято с порта: 15 байт

01 00 0F 00 FF 00 00 00 00 00 00 00 00 74 8A   // прием: 15 байт; 19:12:43:173 27.06.2020
// таймаут: 41 мсек

Чтение адресов и паролей: 71 %

CA E0 EB FE EC ED FB 20 

00 00 09 00 FF 88 2D 51 2C   // передача: 9 байт; 19:12:43:174 27.06.2020
// приём по количеству байт: 15 из 15
// принято с порта: 15 байт

01 00 0F 00 FF 00 00 00 00 00 00 00 00 74 8A   // прием: 15 байт; 19:12:43:215 27.06.2020
// таймаут: 41 мсек

Чтение адресов и паролей: 73 %

CA E0 EB FE EC ED FB 20 

00 00 09 00 FF 88 2E 11 2D   // передача: 9 байт; 19:12:43:216 27.06.2020
// приём по количеству байт: 15 из 15
// принято с порта: 15 байт

01 00 0F 00 FF 00 00 00 00 00 00 00 00 74 8A   // прием: 15 байт; 19:12:43:257 27.06.2020
// таймаут: 41 мсек

Чтение адресов и паролей: 74 %

CA E0 EB FE EC ED FB 20 

00 00 09 00 FF 88 2F D0 ED   // передача: 9 байт; 19:12:43:258 27.06.2020
// приём по количеству байт: 15 из 15
// принято с порта: 15 байт

01 00 0F 00 FF 00 00 00 00 00 00 00 00 74 8A   // прием: 15 байт; 19:12:43:299 27.06.2020
// таймаут: 41 мсек

Чтение адресов и паролей: 76 %

CA E0 EB FE EC ED FB 20 

00 00 09 00 FF 88 30 91 25   // передача: 9 байт; 19:12:43:300 27.06.2020
// приём по количеству байт: 15 из 15
// принято с порта: 15 байт

01 00 0F 00 FF 00 00 00 00 00 00 00 00 74 8A   // прием: 15 байт; 19:12:43:341 27.06.2020
// таймаут: 41 мсек

Чтение адресов и паролей: 77 %

CA E0 EB FE EC ED FB 20 

00 00 09 00 FF 88 31 50 E5   // передача: 9 байт; 19:12:43:343 27.06.2020
// приём по количеству байт: 15 из 15
// принято с порта: 15 байт

01 00 0F 00 FF 00 00 00 00 00 00 00 00 74 8A   // прием: 15 байт; 19:12:43:383 27.06.2020
// таймаут: 40 мсек

Чтение адресов и паролей: 79 %

CA E0 EB FE EC ED FB 20 

00 00 09 00 FF 88 32 10 E4   // передача: 9 байт; 19:12:43:385 27.06.2020
// приём по количеству байт: 15 из 15
// принято с порта: 15 байт

01 00 0F 00 FF 00 00 00 00 00 00 00 00 74 8A   // прием: 15 байт; 19:12:43:426 27.06.2020
// таймаут: 41 мсек

Чтение адресов и паролей: 80 %

CA E0 EB FE EC ED FB 20 

00 00 09 00 FF 88 33 D1 24   // передача: 9 байт; 19:12:43:427 27.06.2020
// приём по количеству байт: 15 из 15
// принято с порта: 15 байт

01 00 0F 00 FF 00 00 00 00 00 00 00 00 74 8A   // прием: 15 байт; 19:12:43:468 27.06.2020
// таймаут: 41 мсек

Чтение адресов и паролей: 82 %

CA E0 EB FE EC ED FB 20 

00 00 09 00 FF 88 34 90 E6   // передача: 9 байт; 19:12:43:469 27.06.2020
// приём по количеству байт: 15 из 15
// принято с порта: 15 байт

01 00 0F 00 FF 00 00 00 00 00 00 00 00 74 8A   // прием: 15 байт; 19:12:43:510 27.06.2020
// таймаут: 41 мсек

Чтение адресов и паролей: 84 %

CA E0 EB FE EC ED FB 20 

00 00 09 00 FF 88 35 51 26   // передача: 9 байт; 19:12:43:511 27.06.2020
// приём по количеству байт: 15 из 15
// принято с порта: 15 байт

01 00 0F 00 FF 00 00 00 00 00 00 00 00 74 8A   // прием: 15 байт; 19:12:43:552 27.06.2020
// таймаут: 41 мсек

Чтение адресов и паролей: 85 %

CA E0 EB FE EC ED FB 20 

00 00 09 00 FF 88 36 11 27   // передача: 9 байт; 19:12:43:554 27.06.2020
// приём по количеству байт: 15 из 15
// принято с порта: 15 байт

01 00 0F 00 FF 00 00 00 00 00 00 00 00 74 8A   // прием: 15 байт; 19:12:43:595 27.06.2020
// таймаут: 41 мсек

Чтение адресов и паролей: 87 %

CA E0 EB FE EC ED FB 20 

00 00 09 00 FF 88 37 D0 E7   // передача: 9 байт; 19:12:43:596 27.06.2020
// приём по количеству байт: 15 из 15
// принято с порта: 15 байт

01 00 0F 00 FF 00 00 00 00 00 00 00 00 74 8A   // прием: 15 байт; 19:12:43:637 27.06.2020
// таймаут: 41 мсек

Чтение адресов и паролей: 88 %

CA E0 EB FE EC ED FB 20 

00 00 09 00 FF 88 38 90 E3   // передача: 9 байт; 19:12:43:638 27.06.2020
// приём по количеству байт: 15 из 15
// принято с порта: 15 байт

01 00 0F 00 FF 00 00 00 00 00 00 00 00 74 8A   // прием: 15 байт; 19:12:43:679 27.06.2020
// таймаут: 41 мсек

Чтение адресов и паролей: 90 %

CA E0 EB FE EC ED FB 20 

00 00 09 00 FF 88 39 51 23   // передача: 9 байт; 19:12:43:681 27.06.2020
// приём по количеству байт: 15 из 15
// принято с порта: 15 байт

01 00 0F 00 FF 00 00 00 00 00 00 00 00 74 8A   // прием: 15 байт; 19:12:43:721 27.06.2020
// таймаут: 40 мсек

Чтение адресов и паролей: 92 %

CA E0 EB FE EC ED FB 20 

00 00 09 00 FF 88 3A 11 22   // передача: 9 байт; 19:12:43:723 27.06.2020
// приём по количеству байт: 15 из 15
// принято с порта: 15 байт

01 00 0F 00 FF 00 00 00 00 00 00 00 00 74 8A   // прием: 15 байт; 19:12:43:764 27.06.2020
// таймаут: 41 мсек

Чтение адресов и паролей: 93 %

CA E0 EB FE EC ED FB 20 

00 00 09 00 FF 88 3B D0 E2   // передача: 9 байт; 19:12:43:765 27.06.2020
// приём по количеству байт: 15 из 15
// принято с порта: 15 байт

01 00 0F 00 FF 00 00 00 00 00 00 00 00 74 8A   // прием: 15 байт; 19:12:43:807 27.06.2020
// таймаут: 42 мсек

Чтение адресов и паролей: 95 %

CA E0 EB FE EC ED FB 20 

00 00 09 00 FF 88 3C 91 20   // передача: 9 байт; 19:12:43:808 27.06.2020
// приём по количеству байт: 15 из 15
// принято с порта: 15 байт

01 00 0F 00 FF 00 00 00 00 00 00 00 00 74 8A   // прием: 15 байт; 19:12:43:849 27.06.2020
// таймаут: 41 мсек

Чтение адресов и паролей: 96 %

CA E0 EB FE EC ED FB 20 

00 00 09 00 FF 88 3D 50 E0   // передача: 9 байт; 19:12:43:850 27.06.2020
// приём по количеству байт: 15 из 15
// принято с порта: 15 байт

01 00 0F 00 FF 00 00 00 00 00 00 00 00 74 8A   // прием: 15 байт; 19:12:43:891 27.06.2020
// таймаут: 41 мсек

Чтение адресов и паролей: 98 %

CA E0 EB FE EC ED FB 20 

00 00 09 00 FF 88 3E 10 E1   // передача: 9 байт; 19:12:43:892 27.06.2020
// приём по количеству байт: 15 из 15
// принято с порта: 15 байт

01 00 0F 00 FF 00 00 00 00 00 00 00 00 74 8A   // прием: 15 байт; 19:12:43:933 27.06.2020
// таймаут: 41 мсек

Чтение адресов и паролей: 100 %

CA E0 EB FE EC ED FB 20 

00 00 09 00 FF 88 3F D1 21   // передача: 9 байт; 19:12:43:935 27.06.2020
// приём по количеству байт: 15 из 15
// принято с порта: 15 байт

01 00 0F 00 FF 00 00 00 00 00 00 00 00 74 8A   // прием: 15 байт; 19:12:43:976 27.06.2020
// таймаут: 41 мсек

Чтение адресов и паролей: 100 %

// О программе
