Чтение адресов и паролей

CA E0 EB FE EC ED FB 20 

00 00 09 00 FD 88 00 30 F1   // передача: 9 байт; 19:38:13:361 27.06.2020
// приём по количеству байт: 25 из 25
// принято с порта: 25 байт

01 00 19 00 FD 62 61 00 00 00 00 00 00 00 00 00 00 00 00 00 00 00 00 97 FF   // прием: 25 байт; 19:38:13:411 27.06.2020
// таймаут: 50 мсек

Чтение адресов и паролей: 1 %

CA E0 EB FE EC ED FB 20 

00 00 09 00 FD 88 01 F1 31   // передача: 9 байт; 19:38:13:413 27.06.2020
// приём по количеству байт: 25 из 25
// принято с порта: 25 байт

01 00 19 00 FD 62 61 00 00 00 00 00 00 00 00 00 00 00 00 00 00 00 00 97 FF   // прием: 25 байт; 19:38:13:464 27.06.2020
// таймаут: 51 мсек

Чтение адресов и паролей: 3 %

CA E0 EB FE EC ED FB 20 

00 00 09 00 FD 88 02 B1 30   // передача: 9 байт; 19:38:13:465 27.06.2020
// приём по количеству байт: 25 из 25
// принято с порта: 25 байт

01 00 19 00 FD 62 61 00 00 00 00 00 00 00 00 00 00 00 00 00 00 00 00 97 FF   // прием: 25 байт; 19:38:13:516 27.06.2020
// таймаут: 51 мсек

Чтение адресов и паролей: 4 %

CA E0 EB FE EC ED FB 20 

00 00 09 00 FD 88 03 70 F0   // передача: 9 байт; 19:38:13:518 27.06.2020
// приём по количеству байт: 25 из 25
// принято с порта: 25 байт

01 00 19 00 FD 62 61 00 00 00 00 00 00 00 00 00 00 00 00 00 00 00 00 97 FF   // прием: 25 байт; 19:38:13:569 27.06.2020
// таймаут: 51 мсек

Чтение адресов и паролей: 6 %

CA E0 EB FE EC ED FB 20 

00 00 09 00 FD 88 04 31 32   // передача: 9 байт; 19:38:13:570 27.06.2020
// приём по количеству байт: 25 из 25
// принято с порта: 25 байт

01 00 19 00 FD 62 61 00 00 00 00 00 00 00 00 00 00 00 00 00 00 00 00 97 FF   // прием: 25 байт; 19:38:13:622 27.06.2020
// таймаут: 52 мсек

Чтение адресов и паролей: 7 %

CA E0 EB FE EC ED FB 20 

00 00 09 00 FD 88 05 F0 F2   // передача: 9 байт; 19:38:13:623 27.06.2020
// приём по количеству байт: 25 из 25
// принято с порта: 25 байт

01 00 19 00 FD 62 61 00 00 00 00 00 00 00 00 00 00 00 00 00 00 00 00 97 FF   // прием: 25 байт; 19:38:13:674 27.06.2020
// таймаут: 51 мсек

Чтение адресов и паролей: 9 %

CA E0 EB FE EC ED FB 20 

00 00 09 00 FD 88 06 B0 F3   // передача: 9 байт; 19:38:13:676 27.06.2020
// приём по количеству байт: 25 из 25
// принято с порта: 25 байт

01 00 19 00 FD 62 61 00 00 00 00 00 00 00 00 00 00 00 00 00 00 00 00 97 FF   // прием: 25 байт; 19:38:13:727 27.06.2020
// таймаут: 51 мсек

Чтение адресов и паролей: 11 %

CA E0 EB FE EC ED FB 20 

00 00 09 00 FD 88 07 71 33   // передача: 9 байт; 19:38:13:728 27.06.2020
// приём по количеству байт: 25 из 25
// принято с порта: 25 байт

01 00 19 00 FD 62 61 00 00 00 00 00 00 00 00 00 00 00 00 00 00 00 00 97 FF   // прием: 25 байт; 19:38:13:779 27.06.2020
// таймаут: 51 мсек

Чтение адресов и паролей: 12 %

CA E0 EB FE EC ED FB 20 

00 00 09 00 FD 88 08 31 37   // передача: 9 байт; 19:38:13:781 27.06.2020
// приём по количеству байт: 25 из 25
// принято с порта: 25 байт

01 00 19 00 FD 62 61 00 00 00 00 00 00 00 00 00 00 00 00 00 00 00 00 97 FF   // прием: 25 байт; 19:38:13:832 27.06.2020
// таймаут: 51 мсек

Чтение адресов и паролей: 14 %

CA E0 EB FE EC ED FB 20 

00 00 09 00 FD 88 09 F0 F7   // передача: 9 байт; 19:38:13:833 27.06.2020
// приём по количеству байт: 25 из 25
// принято с порта: 25 байт

01 00 19 00 FD 62 61 00 00 00 00 00 00 00 00 00 00 00 00 00 00 00 00 97 FF   // прием: 25 байт; 19:38:13:885 27.06.2020
// таймаут: 52 мсек

Чтение адресов и паролей: 15 %

CA E0 EB FE EC ED FB 20 

00 00 09 00 FD 88 0A B0 F6   // передача: 9 байт; 19:38:13:886 27.06.2020
// приём по количеству байт: 25 из 25
// принято с порта: 25 байт

01 00 19 00 FD 62 61 00 00 00 00 00 00 00 00 00 00 00 00 00 00 00 00 97 FF   // прием: 25 байт; 19:38:13:937 27.06.2020
// таймаут: 51 мсек

Чтение адресов и паролей: 17 %

CA E0 EB FE EC ED FB 20 

00 00 09 00 FD 88 0B 71 36   // передача: 9 байт; 19:38:13:939 27.06.2020
// приём по количеству байт: 25 из 25
// принято с порта: 25 байт

01 00 19 00 FD 62 61 00 00 00 00 00 00 00 00 00 00 00 00 00 00 00 00 97 FF   // прием: 25 байт; 19:38:13:990 27.06.2020
// таймаут: 51 мсек

Чтение адресов и паролей: 19 %

CA E0 EB FE EC ED FB 20 

00 00 09 00 FD 88 0C 30 F4   // передача: 9 байт; 19:38:13:992 27.06.2020
// приём по количеству байт: 25 из 25
// принято с порта: 25 байт

01 00 19 00 FD 62 61 00 00 00 00 00 00 00 00 00 00 00 00 00 00 00 00 97 FF   // прием: 25 байт; 19:38:14:043 27.06.2020
// таймаут: 51 мсек

Чтение адресов и паролей: 20 %

CA E0 EB FE EC ED FB 20 

00 00 09 00 FD 88 0D F1 34   // передача: 9 байт; 19:38:14:044 27.06.2020
// приём по количеству байт: 25 из 25
// принято с порта: 25 байт

01 00 19 00 FD 62 61 00 00 00 00 00 00 00 00 00 00 00 00 00 00 00 00 97 FF   // прием: 25 байт; 19:38:14:096 27.06.2020
// таймаут: 52 мсек

Чтение адресов и паролей: 22 %

CA E0 EB FE EC ED FB 20 

00 00 09 00 FD 88 0E B1 35   // передача: 9 байт; 19:38:14:097 27.06.2020
// приём по количеству байт: 25 из 25
// принято с порта: 25 байт

01 00 19 00 FD 62 61 00 00 00 00 00 00 00 00 00 00 00 00 00 00 00 00 97 FF   // прием: 25 байт; 19:38:14:149 27.06.2020
// таймаут: 52 мсек

Чтение адресов и паролей: 23 %

CA E0 EB FE EC ED FB 20 

00 00 09 00 FD 88 0F 70 F5   // передача: 9 байт; 19:38:14:150 27.06.2020
// приём по количеству байт: 25 из 25
// принято с порта: 25 байт

01 00 19 00 FD 62 61 00 00 00 00 00 00 00 00 00 00 00 00 00 00 00 00 97 FF   // прием: 25 байт; 19:38:14:201 27.06.2020
// таймаут: 51 мсек

Чтение адресов и паролей: 25 %

CA E0 EB FE EC ED FB 20 

00 00 09 00 FD 88 10 31 3D   // передача: 9 байт; 19:38:14:203 27.06.2020
// приём по количеству байт: 25 из 25
// принято с порта: 25 байт

01 00 19 00 FD 62 61 00 00 00 00 00 00 00 00 00 00 00 00 00 00 00 00 97 FF   // прием: 25 байт; 19:38:14:254 27.06.2020
// таймаут: 51 мсек

Чтение адресов и паролей: 26 %

CA E0 EB FE EC ED FB 20 

00 00 09 00 FD 88 11 F0 FD   // передача: 9 байт; 19:38:14:256 27.06.2020
// приём по количеству байт: 25 из 25
// принято с порта: 25 байт

01 00 19 00 FD 62 61 00 00 00 00 00 00 00 00 00 00 00 00 00 00 00 00 97 FF   // прием: 25 байт; 19:38:14:307 27.06.2020
// таймаут: 51 мсек

Чтение адресов и паролей: 28 %

CA E0 EB FE EC ED FB 20 

00 00 09 00 FD 88 12 B0 FC   // передача: 9 байт; 19:38:14:309 27.06.2020
// приём по количеству байт: 25 из 25
// принято с порта: 25 байт

01 00 19 00 FD 62 61 00 00 00 00 00 00 00 00 00 00 00 00 00 00 00 00 97 FF   // прием: 25 байт; 19:38:14:360 27.06.2020
// таймаут: 51 мсек

Чтение адресов и паролей: 30 %

CA E0 EB FE EC ED FB 20 

00 00 09 00 FD 88 13 71 3C   // передача: 9 байт; 19:38:14:362 27.06.2020
// приём по количеству байт: 25 из 25
// принято с порта: 25 байт

01 00 19 00 FD 62 61 00 00 00 00 00 00 00 00 00 00 00 00 00 00 00 00 97 FF   // прием: 25 байт; 19:38:14:413 27.06.2020
// таймаут: 51 мсек

Чтение адресов и паролей: 31 %

CA E0 EB FE EC ED FB 20 

00 00 09 00 FD 88 14 30 FE   // передача: 9 байт; 19:38:14:414 27.06.2020
// приём по количеству байт: 25 из 25
// принято с порта: 25 байт

01 00 19 00 FD 62 61 00 00 00 00 00 00 00 00 00 00 00 00 00 00 00 00 97 FF   // прием: 25 байт; 19:38:14:466 27.06.2020
// таймаут: 52 мсек

Чтение адресов и паролей: 33 %

CA E0 EB FE EC ED FB 20 

00 00 09 00 FD 88 15 F1 3E   // передача: 9 байт; 19:38:14:467 27.06.2020
// приём по количеству байт: 25 из 25
// принято с порта: 25 байт

01 00 19 00 FD 62 61 00 00 00 00 00 00 00 00 00 00 00 00 00 00 00 00 97 FF   // прием: 25 байт; 19:38:14:519 27.06.2020
// таймаут: 52 мсек

Чтение адресов и паролей: 34 %

CA E0 EB FE EC ED FB 20 

00 00 09 00 FD 88 16 B1 3F   // передача: 9 байт; 19:38:14:520 27.06.2020
// приём по количеству байт: 25 из 25
// принято с порта: 25 байт

01 00 19 00 FD 62 61 00 00 00 00 00 00 00 00 00 00 00 00 00 00 00 00 97 FF   // прием: 25 байт; 19:38:14:572 27.06.2020
// таймаут: 52 мсек

Чтение адресов и паролей: 36 %

CA E0 EB FE EC ED FB 20 

00 00 09 00 FD 88 17 70 FF   // передача: 9 байт; 19:38:14:573 27.06.2020
// приём по количеству байт: 25 из 25
// принято с порта: 25 байт

01 00 19 00 FD 62 61 00 00 00 00 00 00 00 00 00 00 00 00 00 00 00 00 97 FF   // прием: 25 байт; 19:38:14:624 27.06.2020
// таймаут: 51 мсек

Чтение адресов и паролей: 38 %

CA E0 EB FE EC ED FB 20 

00 00 09 00 FD 88 18 30 FB   // передача: 9 байт; 19:38:14:626 27.06.2020
// приём по количеству байт: 25 из 25
// принято с порта: 25 байт

01 00 19 00 FD 62 61 00 00 00 00 00 00 00 00 00 00 00 00 00 00 00 00 97 FF   // прием: 25 байт; 19:38:14:681 27.06.2020
// таймаут: 55 мсек

Чтение адресов и паролей: 39 %

CA E0 EB FE EC ED FB 20 

00 00 09 00 FD 88 19 F1 3B   // передача: 9 байт; 19:38:14:683 27.06.2020
// приём по количеству байт: 25 из 25
// принято с порта: 25 байт

01 00 19 00 FD 62 61 00 00 00 00 00 00 00 00 00 00 00 00 00 00 00 00 97 FF   // прием: 25 байт; 19:38:14:734 27.06.2020
// таймаут: 51 мсек

Чтение адресов и паролей: 41 %

CA E0 EB FE EC ED FB 20 

00 00 09 00 FD 88 1A B1 3A   // передача: 9 байт; 19:38:14:736 27.06.2020
// приём по количеству байт: 25 из 25
// принято с порта: 25 байт

01 00 19 00 FD 62 61 00 00 00 00 00 00 00 00 00 00 00 00 00 00 00 00 97 FF   // прием: 25 байт; 19:38:14:787 27.06.2020
// таймаут: 51 мсек

Чтение адресов и паролей: 42 %

CA E0 EB FE EC ED FB 20 

00 00 09 00 FD 88 1B 70 FA   // передача: 9 байт; 19:38:14:788 27.06.2020
// приём по количеству байт: 25 из 25
// принято с порта: 25 байт

01 00 19 00 FD 62 61 00 00 00 00 00 00 00 00 00 00 00 00 00 00 00 00 97 FF   // прием: 25 байт; 19:38:14:840 27.06.2020
// таймаут: 52 мсек

Чтение адресов и паролей: 44 %

CA E0 EB FE EC ED FB 20 

00 00 09 00 FD 88 1C 31 38   // передача: 9 байт; 19:38:14:841 27.06.2020
// приём по количеству байт: 25 из 25
// принято с порта: 25 байт

01 00 19 00 FD 62 61 00 00 00 00 00 00 00 00 00 00 00 00 00 00 00 00 97 FF   // прием: 25 байт; 19:38:14:893 27.06.2020
// таймаут: 52 мсек

Чтение адресов и паролей: 46 %

CA E0 EB FE EC ED FB 20 

00 00 09 00 FD 88 1D F0 F8   // передача: 9 байт; 19:38:14:894 27.06.2020
// приём по количеству байт: 25 из 25
// принято с порта: 25 байт

01 00 19 00 FD 62 61 00 00 00 00 00 00 00 00 00 00 00 00 00 00 00 00 97 FF   // прием: 25 байт; 19:38:14:946 27.06.2020
// таймаут: 52 мсек

Чтение адресов и паролей: 47 %

CA E0 EB FE EC ED FB 20 

00 00 09 00 FD 88 1E B0 F9   // передача: 9 байт; 19:38:14:947 27.06.2020
// приём по количеству байт: 25 из 25
// принято с порта: 25 байт

01 00 19 00 FD 62 61 00 00 00 00 00 00 00 00 00 00 00 00 00 00 00 00 97 FF   // прием: 25 байт; 19:38:14:998 27.06.2020
// таймаут: 51 мсек

Чтение адресов и паролей: 49 %

CA E0 EB FE EC ED FB 20 

00 00 09 00 FD 88 1F 71 39   // передача: 9 байт; 19:38:15:000 27.06.2020
// приём по количеству байт: 25 из 25
// принято с порта: 25 байт

01 00 19 00 FD 62 61 00 00 00 00 00 00 00 00 00 00 00 00 00 00 00 00 97 FF   // прием: 25 байт; 19:38:15:051 27.06.2020
// таймаут: 51 мсек

Чтение адресов и паролей: 50 %

CA E0 EB FE EC ED FB 20 

00 00 09 00 FD 88 20 31 29   // передача: 9 байт; 19:38:15:053 27.06.2020
// приём по количеству байт: 25 из 25
// принято с порта: 25 байт

01 00 19 00 FD 62 61 00 00 00 00 00 00 00 00 00 00 00 00 00 00 00 00 97 FF   // прием: 25 байт; 19:38:15:104 27.06.2020
// таймаут: 51 мсек

Чтение адресов и паролей: 52 %

CA E0 EB FE EC ED FB 20 

00 00 09 00 FD 88 21 F0 E9   // передача: 9 байт; 19:38:15:105 27.06.2020
// приём по количеству байт: 25 из 25
// принято с порта: 25 байт

01 00 19 00 FD 62 61 00 00 00 00 00 00 00 00 00 00 00 00 00 00 00 00 97 FF   // прием: 25 байт; 19:38:15:157 27.06.2020
// таймаут: 52 мсек

Чтение адресов и паролей: 53 %

CA E0 EB FE EC ED FB 20 

00 00 09 00 FD 88 22 B0 E8   // передача: 9 байт; 19:38:15:158 27.06.2020
// приём по количеству байт: 25 из 25
// принято с порта: 25 байт

01 00 19 00 FD 62 61 00 00 00 00 00 00 00 00 00 00 00 00 00 00 00 00 97 FF   // прием: 25 байт; 19:38:15:209 27.06.2020
// таймаут: 51 мсек

Чтение адресов и паролей: 55 %

CA E0 EB FE EC ED FB 20 

00 00 09 00 FD 88 23 71 28   // передача: 9 байт; 19:38:15:211 27.06.2020
// приём по количеству байт: 25 из 25
// принято с порта: 25 байт

01 00 19 00 FD 62 61 00 00 00 00 00 00 00 00 00 00 00 00 00 00 00 00 97 FF   // прием: 25 байт; 19:38:15:262 27.06.2020
// таймаут: 51 мсек

Чтение адресов и паролей: 57 %

CA E0 EB FE EC ED FB 20 

00 00 09 00 FD 88 24 30 EA   // передача: 9 байт; 19:38:15:264 27.06.2020
// приём по количеству байт: 25 из 25
// принято с порта: 25 байт

01 00 19 00 FD 62 61 00 00 00 00 00 00 00 00 00 00 00 00 00 00 00 00 97 FF   // прием: 25 байт; 19:38:15:316 27.06.2020
// таймаут: 52 мсек

Чтение адресов и паролей: 58 %

CA E0 EB FE EC ED FB 20 

00 00 09 00 FD 88 25 F1 2A   // передача: 9 байт; 19:38:15:317 27.06.2020
// приём по количеству байт: 25 из 25
// принято с порта: 25 байт

01 00 19 00 FD 62 61 00 00 00 00 00 00 00 00 00 00 00 00 00 00 00 00 97 FF   // прием: 25 байт; 19:38:15:369 27.06.2020
// таймаут: 52 мсек

Чтение адресов и паролей: 60 %

CA E0 EB FE EC ED FB 20 

00 00 09 00 FD 88 26 B1 2B   // передача: 9 байт; 19:38:15:370 27.06.2020
// приём по количеству байт: 25 из 25
// принято с порта: 25 байт

01 00 19 00 FD 62 61 00 00 00 00 00 00 00 00 00 00 00 00 00 00 00 00 97 FF   // прием: 25 байт; 19:38:15:422 27.06.2020
// таймаут: 52 мсек

Чтение адресов и паролей: 61 %

CA E0 EB FE EC ED FB 20 

00 00 09 00 FD 88 27 70 EB   // передача: 9 байт; 19:38:15:423 27.06.2020
// приём по количеству байт: 25 из 25
// принято с порта: 25 байт

01 00 19 00 FD 62 61 00 00 00 00 00 00 00 00 00 00 00 00 00 00 00 00 97 FF   // прием: 25 байт; 19:38:15:461 27.06.2020
// таймаут: 38 мсек

Чтение адресов и паролей: 63 %

CA E0 EB FE EC ED FB 20 

00 00 09 00 FD 88 28 30 EF   // передача: 9 байт; 19:38:15:476 27.06.2020
// приём по количеству байт: 25 из 25
// принято с порта: 25 байт

01 00 19 00 FD 62 61 00 00 00 00 00 00 00 00 00 00 00 00 00 00 00 00 97 FF   // прием: 25 байт; 19:38:15:523 27.06.2020
// таймаут: 47 мсек

Чтение адресов и паролей: 65 %

CA E0 EB FE EC ED FB 20 

00 00 09 00 FD 88 29 F1 2F   // передача: 9 байт; 19:38:15:523 27.06.2020
// приём по количеству байт: 25 из 25
// принято с порта: 25 байт

01 00 19 00 FD 62 61 00 00 00 00 00 00 00 00 00 00 00 00 00 00 00 00 97 FF   // прием: 25 байт; 19:38:15:570 27.06.2020
// таймаут: 47 мсек

Чтение адресов и паролей: 66 %

CA E0 EB FE EC ED FB 20 

00 00 09 00 FD 88 2A B1 2E   // передача: 9 байт; 19:38:15:570 27.06.2020
// приём по количеству байт: 25 из 25
// принято с порта: 25 байт

01 00 19 00 FD 62 61 00 00 00 00 00 00 00 00 00 00 00 00 00 00 00 00 97 FF   // прием: 25 байт; 19:38:15:632 27.06.2020
// таймаут: 62 мсек

Чтение адресов и паролей: 68 %

CA E0 EB FE EC ED FB 20 

00 00 09 00 FD 88 2B 70 EE   // передача: 9 байт; 19:38:15:632 27.06.2020
// приём по количеству байт: 25 из 25
// принято с порта: 25 байт

01 00 19 00 FD 62 61 00 00 00 00 00 00 00 00 00 00 00 00 00 00 00 00 97 FF   // прием: 25 байт; 19:38:15:688 27.06.2020
// таймаут: 56 мсек

Чтение адресов и паролей: 69 %

CA E0 EB FE EC ED FB 20 

00 00 09 00 FD 88 2C 31 2C   // передача: 9 байт; 19:38:15:689 27.06.2020
// приём по количеству байт: 25 из 25
// принято с порта: 25 байт

01 00 19 00 FD 62 61 00 00 00 00 00 00 00 00 00 00 00 00 00 00 00 00 97 FF   // прием: 25 байт; 19:38:15:742 27.06.2020
// таймаут: 53 мсек

Чтение адресов и паролей: 71 %

CA E0 EB FE EC ED FB 20 

00 00 09 00 FD 88 2D F0 EC   // передача: 9 байт; 19:38:15:744 27.06.2020
// приём по количеству байт: 25 из 25
// принято с порта: 25 байт

01 00 19 00 FD 62 61 00 00 00 00 00 00 00 00 00 00 00 00 00 00 00 00 97 FF   // прием: 25 байт; 19:38:15:795 27.06.2020
// таймаут: 51 мсек

Чтение адресов и паролей: 73 %

CA E0 EB FE EC ED FB 20 

00 00 09 00 FD 88 2E B0 ED   // передача: 9 байт; 19:38:15:796 27.06.2020
// приём по количеству байт: 25 из 25
// принято с порта: 25 байт

01 00 19 00 FD 62 61 00 00 00 00 00 00 00 00 00 00 00 00 00 00 00 00 97 FF   // прием: 25 байт; 19:38:15:848 27.06.2020
// таймаут: 52 мсек

Чтение адресов и паролей: 74 %

CA E0 EB FE EC ED FB 20 

00 00 09 00 FD 88 2F 71 2D   // передача: 9 байт; 19:38:15:850 27.06.2020
// приём по количеству байт: 25 из 25
// принято с порта: 25 байт

01 00 19 00 FD 62 61 00 00 00 00 00 00 00 00 00 00 00 00 00 00 00 00 97 FF   // прием: 25 байт; 19:38:15:901 27.06.2020
// таймаут: 51 мсек

Чтение адресов и паролей: 76 %

CA E0 EB FE EC ED FB 20 

00 00 09 00 FD 88 30 30 E5   // передача: 9 байт; 19:38:15:903 27.06.2020
// приём по количеству байт: 25 из 25
// принято с порта: 25 байт

01 00 19 00 FD 62 61 00 00 00 00 00 00 00 00 00 00 00 00 00 00 00 00 97 FF   // прием: 25 байт; 19:38:15:954 27.06.2020
// таймаут: 51 мсек

Чтение адресов и паролей: 77 %

CA E0 EB FE EC ED FB 20 

00 00 09 00 FD 88 31 F1 25   // передача: 9 байт; 19:38:15:956 27.06.2020
// приём по количеству байт: 25 из 25
// принято с порта: 25 байт

01 00 19 00 FD 62 61 00 00 00 00 00 00 00 00 00 00 00 00 00 00 00 00 97 FF   // прием: 25 байт; 19:38:16:007 27.06.2020
// таймаут: 51 мсек

Чтение адресов и паролей: 79 %

CA E0 EB FE EC ED FB 20 

00 00 09 00 FD 88 32 B1 24   // передача: 9 байт; 19:38:16:008 27.06.2020
// приём по количеству байт: 25 из 25
// принято с порта: 25 байт

01 00 19 00 FD 62 61 00 00 00 00 00 00 00 00 00 00 00 00 00 00 00 00 97 FF   // прием: 25 байт; 19:38:16:060 27.06.2020
// таймаут: 52 мсек

Чтение адресов и паролей: 80 %

CA E0 EB FE EC ED FB 20 

00 00 09 00 FD 88 33 70 E4   // передача: 9 байт; 19:38:16:061 27.06.2020
// приём по количеству байт: 25 из 25
// принято с порта: 25 байт

01 00 19 00 FD 62 61 00 00 00 00 00 00 00 00 00 00 00 00 00 00 00 00 97 FF   // прием: 25 байт; 19:38:16:113 27.06.2020
// таймаут: 52 мсек

Чтение адресов и паролей: 82 %

CA E0 EB FE EC ED FB 20 

00 00 09 00 FD 88 34 31 26   // передача: 9 байт; 19:38:16:114 27.06.2020
// приём по количеству байт: 25 из 25
// принято с порта: 25 байт

01 00 19 00 FD 62 61 00 00 00 00 00 00 00 00 00 00 00 00 00 00 00 00 97 FF   // прием: 25 байт; 19:38:16:166 27.06.2020
// таймаут: 52 мсек

Чтение адресов и паролей: 84 %

CA E0 EB FE EC ED FB 20 

00 00 09 00 FD 88 35 F0 E6   // передача: 9 байт; 19:38:16:167 27.06.2020
// приём по количеству байт: 25 из 25
// принято с порта: 25 байт

01 00 19 00 FD 62 61 00 00 00 00 00 00 00 00 00 00 00 00 00 00 00 00 97 FF   // прием: 25 байт; 19:38:16:218 27.06.2020
// таймаут: 51 мсек

Чтение адресов и паролей: 85 %

CA E0 EB FE EC ED FB 20 

00 00 09 00 FD 88 36 B0 E7   // передача: 9 байт; 19:38:16:220 27.06.2020
// приём по количеству байт: 25 из 25
// принято с порта: 25 байт

01 00 19 00 FD 62 61 00 00 00 00 00 00 00 00 00 00 00 00 00 00 00 00 97 FF   // прием: 25 байт; 19:38:16:271 27.06.2020
// таймаут: 51 мсек

Чтение адресов и паролей: 87 %

CA E0 EB FE EC ED FB 20 

00 00 09 00 FD 88 37 71 27   // передача: 9 байт; 19:38:16:273 27.06.2020
// приём по количеству байт: 25 из 25
// принято с порта: 25 байт

01 00 19 00 FD 62 61 00 00 00 00 00 00 00 00 00 00 00 00 00 00 00 00 97 FF   // прием: 25 байт; 19:38:16:324 27.06.2020
// таймаут: 51 мсек

Чтение адресов и паролей: 88 %

CA E0 EB FE EC ED FB 20 

00 00 09 00 FD 88 38 31 23   // передача: 9 байт; 19:38:16:325 27.06.2020

// О программе
