Чтение адресов и паролей

CA E0 EB FE EC ED FB 20 

00 00 09 00 FD 88 00 30 F1   // передача: 9 байт; 21:56:47:614 27.06.2020
// приём по количеству байт: 25 из 25
// принято с порта: 25 байт

01 00 19 00 FD 00 00 00 7B 61 62 63 00 00 00 00 00 00 00 00 00 00 00 08 33   // прием: 25 байт; 21:56:47:665 27.06.2020
// таймаут: 51 мсек

Чтение адресов и паролей: 1 %

CA E0 EB FE EC ED FB 20 

00 00 09 00 FD 88 01 F1 31   // передача: 9 байт; 21:56:47:666 27.06.2020
// приём по количеству байт: 25 из 25
// принято с порта: 25 байт

01 00 19 00 FD 00 00 00 22 64 65 00 00 00 00 00 00 00 00 00 00 00 00 1B CF   // прием: 25 байт; 21:56:47:718 27.06.2020
// таймаут: 52 мсек

Чтение адресов и паролей: 3 %

CA E0 EB FE EC ED FB 20 

00 00 09 00 FD 88 02 B1 30   // передача: 9 байт; 21:56:47:720 27.06.2020
// приём по количеству байт: 25 из 25
// принято с порта: 25 байт

01 00 19 00 FD 00 00 00 05 66 00 00 00 00 00 00 00 00 00 00 00 00 00 F2 B2   // прием: 25 байт; 21:56:47:771 27.06.2020
// таймаут: 51 мсек

Чтение адресов и паролей: 4 %

CA E0 EB FE EC ED FB 20 

00 00 09 00 FD 88 03 70 F0   // передача: 9 байт; 21:56:47:772 27.06.2020
// приём по количеству байт: 25 из 25
// принято с порта: 25 байт

01 00 19 00 FD 00 00 00 00 00 00 00 00 00 00 00 00 00 00 00 00 00 00 51 D7   // прием: 25 байт; 21:56:47:823 27.06.2020
// таймаут: 51 мсек

Чтение адресов и паролей: 6 %

CA E0 EB FE EC ED FB 20 

00 00 09 00 FD 88 04 31 32   // передача: 9 байт; 21:56:47:824 27.06.2020
// приём по количеству байт: 25 из 25
// принято с порта: 25 байт

01 00 19 00 FD 00 00 00 00 00 00 00 00 00 00 00 00 00 00 00 00 00 00 51 D7   // прием: 25 байт; 21:56:47:876 27.06.2020
// таймаут: 52 мсек

Чтение адресов и паролей: 7 %

CA E0 EB FE EC ED FB 20 

00 00 09 00 FD 88 05 F0 F2   // передача: 9 байт; 21:56:47:877 27.06.2020
// приём по количеству байт: 25 из 25
// принято с порта: 25 байт

01 00 19 00 FD 00 00 00 00 00 00 00 00 00 00 00 00 00 00 00 00 00 00 51 D7   // прием: 25 байт; 21:56:47:928 27.06.2020
// таймаут: 51 мсек

Чтение адресов и паролей: 9 %

CA E0 EB FE EC ED FB 20 

00 00 09 00 FD 88 06 B0 F3   // передача: 9 байт; 21:56:47:929 27.06.2020
// приём по количеству байт: 25 из 25
// принято с порта: 25 байт

01 00 19 00 FD 00 00 00 00 00 00 00 00 00 00 00 00 00 00 00 00 00 00 51 D7   // прием: 25 байт; 21:56:47:980 27.06.2020
// таймаут: 51 мсек

Чтение адресов и паролей: 11 %

CA E0 EB FE EC ED FB 20 

00 00 09 00 FD 88 07 71 33   // передача: 9 байт; 21:56:47:981 27.06.2020
// приём по количеству байт: 25 из 25
// принято с порта: 25 байт

01 00 19 00 FD 00 00 00 00 00 00 00 00 00 00 00 00 00 00 00 00 00 00 51 D7   // прием: 25 байт; 21:56:48:033 27.06.2020
// таймаут: 52 мсек

Чтение адресов и паролей: 12 %

CA E0 EB FE EC ED FB 20 

00 00 09 00 FD 88 08 31 37   // передача: 9 байт; 21:56:48:034 27.06.2020
// приём по количеству байт: 25 из 25
// принято с порта: 25 байт

01 00 19 00 FD 00 00 00 00 00 00 00 00 00 00 00 00 00 00 00 00 00 00 51 D7   // прием: 25 байт; 21:56:48:085 27.06.2020
// таймаут: 51 мсек

Чтение адресов и паролей: 14 %

CA E0 EB FE EC ED FB 20 

00 00 09 00 FD 88 09 F0 F7   // передача: 9 байт; 21:56:48:087 27.06.2020
// приём по количеству байт: 25 из 25
// принято с порта: 25 байт

01 00 19 00 FD 00 00 00 00 00 00 00 00 00 00 00 00 00 00 00 00 00 00 51 D7   // прием: 25 байт; 21:56:48:138 27.06.2020
// таймаут: 51 мсек

Чтение адресов и паролей: 15 %

CA E0 EB FE EC ED FB 20 

00 00 09 00 FD 88 0A B0 F6   // передача: 9 байт; 21:56:48:139 27.06.2020
// приём по количеству байт: 25 из 25
// принято с порта: 25 байт

01 00 19 00 FD 00 00 00 00 00 00 00 00 00 00 00 00 00 00 00 00 00 00 51 D7   // прием: 25 байт; 21:56:48:190 27.06.2020
// таймаут: 51 мсек

Чтение адресов и паролей: 17 %

CA E0 EB FE EC ED FB 20 

00 00 09 00 FD 88 0B 71 36   // передача: 9 байт; 21:56:48:192 27.06.2020
// приём по количеству байт: 25 из 25
// принято с порта: 25 байт

01 00 19 00 FD 00 00 00 00 00 00 00 00 00 00 00 00 00 00 00 00 00 00 51 D7   // прием: 25 байт; 21:56:48:243 27.06.2020
// таймаут: 51 мсек

Чтение адресов и паролей: 19 %

CA E0 EB FE EC ED FB 20 

00 00 09 00 FD 88 0C 30 F4   // передача: 9 байт; 21:56:48:244 27.06.2020
// приём по количеству байт: 25 из 25
// принято с порта: 25 байт

01 00 19 00 FD 00 00 00 00 00 00 00 00 00 00 00 00 00 00 00 00 00 00 51 D7   // прием: 25 байт; 21:56:48:295 27.06.2020
// таймаут: 51 мсек

Чтение адресов и паролей: 20 %

CA E0 EB FE EC ED FB 20 

00 00 09 00 FD 88 0D F1 34   // передача: 9 байт; 21:56:48:297 27.06.2020
// приём по количеству байт: 25 из 25
// принято с порта: 25 байт

01 00 19 00 FD 00 00 00 00 00 00 00 00 00 00 00 00 00 00 00 00 00 00 51 D7   // прием: 25 байт; 21:56:48:348 27.06.2020
// таймаут: 51 мсек

Чтение адресов и паролей: 22 %

CA E0 EB FE EC ED FB 20 

00 00 09 00 FD 88 0E B1 35   // передача: 9 байт; 21:56:48:349 27.06.2020
// приём по количеству байт: 25 из 25
// принято с порта: 25 байт

01 00 19 00 FD 00 00 00 00 00 00 00 00 00 00 00 00 00 00 00 00 00 00 51 D7   // прием: 25 байт; 21:56:48:401 27.06.2020
// таймаут: 52 мсек

Чтение адресов и паролей: 23 %

CA E0 EB FE EC ED FB 20 

00 00 09 00 FD 88 0F 70 F5   // передача: 9 байт; 21:56:48:402 27.06.2020
// приём по количеству байт: 25 из 25
// принято с порта: 25 байт

01 00 19 00 FD 00 00 00 00 00 00 00 00 00 00 00 00 00 00 00 00 00 00 51 D7   // прием: 25 байт; 21:56:48:453 27.06.2020
// таймаут: 51 мсек

Чтение адресов и паролей: 25 %

CA E0 EB FE EC ED FB 20 

00 00 09 00 FD 88 10 31 3D   // передача: 9 байт; 21:56:48:455 27.06.2020
// приём по количеству байт: 25 из 25
// принято с порта: 25 байт

01 00 19 00 FD 00 00 00 00 00 00 00 00 00 00 00 00 00 00 00 00 00 00 51 D7   // прием: 25 байт; 21:56:48:506 27.06.2020
// таймаут: 51 мсек

Чтение адресов и паролей: 26 %

CA E0 EB FE EC ED FB 20 

00 00 09 00 FD 88 11 F0 FD   // передача: 9 байт; 21:56:48:507 27.06.2020
// приём по количеству байт: 25 из 25
// принято с порта: 25 байт

01 00 19 00 FD 00 00 00 00 00 00 00 00 00 00 00 00 00 00 00 00 00 00 51 D7   // прием: 25 байт; 21:56:48:558 27.06.2020
// таймаут: 51 мсек

Чтение адресов и паролей: 28 %

CA E0 EB FE EC ED FB 20 

00 00 09 00 FD 88 12 B0 FC   // передача: 9 байт; 21:56:48:560 27.06.2020
// приём по количеству байт: 25 из 25
// принято с порта: 25 байт

01 00 19 00 FD 00 00 00 00 00 00 00 00 00 00 00 00 00 00 00 00 00 00 51 D7   // прием: 25 байт; 21:56:48:611 27.06.2020
// таймаут: 51 мсек

Чтение адресов и паролей: 30 %

CA E0 EB FE EC ED FB 20 

00 00 09 00 FD 88 13 71 3C   // передача: 9 байт; 21:56:48:612 27.06.2020
// приём по количеству байт: 25 из 25
// принято с порта: 25 байт

01 00 19 00 FD 00 00 00 00 00 00 00 00 00 00 00 00 00 00 00 00 00 00 51 D7   // прием: 25 байт; 21:56:48:664 27.06.2020
// таймаут: 52 мсек

Чтение адресов и паролей: 31 %

CA E0 EB FE EC ED FB 20 

00 00 09 00 FD 88 14 30 FE   // передача: 9 байт; 21:56:48:665 27.06.2020
// приём по количеству байт: 25 из 25
// принято с порта: 25 байт

01 00 19 00 FD 00 00 00 00 00 00 00 00 00 00 00 00 00 00 00 00 00 00 51 D7   // прием: 25 байт; 21:56:48:716 27.06.2020
// таймаут: 51 мсек

Чтение адресов и паролей: 33 %

CA E0 EB FE EC ED FB 20 

00 00 09 00 FD 88 15 F1 3E   // передача: 9 байт; 21:56:48:717 27.06.2020
// приём по количеству байт: 25 из 25
// принято с порта: 25 байт

01 00 19 00 FD 00 00 00 00 00 00 00 00 00 00 00 00 00 00 00 00 00 00 51 D7   // прием: 25 байт; 21:56:48:769 27.06.2020
// таймаут: 52 мсек

Чтение адресов и паролей: 34 %

CA E0 EB FE EC ED FB 20 

00 00 09 00 FD 88 16 B1 3F   // передача: 9 байт; 21:56:48:770 27.06.2020
// приём по количеству байт: 25 из 25
// принято с порта: 25 байт

01 00 19 00 FD 00 00 00 00 00 00 00 00 00 00 00 00 00 00 00 00 00 00 51 D7   // прием: 25 байт; 21:56:48:821 27.06.2020
// таймаут: 51 мсек

Чтение адресов и паролей: 36 %

CA E0 EB FE EC ED FB 20 

00 00 09 00 FD 88 17 70 FF   // передача: 9 байт; 21:56:48:822 27.06.2020
// приём по количеству байт: 25 из 25
// принято с порта: 25 байт

01 00 19 00 FD 00 00 00 00 00 00 00 00 00 00 00 00 00 00 00 00 00 00 51 D7   // прием: 25 байт; 21:56:48:874 27.06.2020
// таймаут: 52 мсек

Чтение адресов и паролей: 38 %

CA E0 EB FE EC ED FB 20 

00 00 09 00 FD 88 18 30 FB   // передача: 9 байт; 21:56:48:875 27.06.2020
// приём по количеству байт: 25 из 25
// принято с порта: 25 байт

01 00 19 00 FD 00 00 00 00 00 00 00 00 00 00 00 00 00 00 00 00 00 00 51 D7   // прием: 25 байт; 21:56:48:926 27.06.2020
// таймаут: 51 мсек

Чтение адресов и паролей: 39 %

CA E0 EB FE EC ED FB 20 

00 00 09 00 FD 88 19 F1 3B   // передача: 9 байт; 21:56:48:928 27.06.2020
// приём по количеству байт: 25 из 25
// принято с порта: 25 байт

01 00 19 00 FD 00 00 00 00 00 00 00 00 00 00 00 00 00 00 00 00 00 00 51 D7   // прием: 25 байт; 21:56:48:979 27.06.2020
// таймаут: 51 мсек

Чтение адресов и паролей: 41 %

CA E0 EB FE EC ED FB 20 

00 00 09 00 FD 88 1A B1 3A   // передача: 9 байт; 21:56:48:980 27.06.2020
// приём по количеству байт: 25 из 25
// принято с порта: 25 байт

01 00 19 00 FD 00 00 00 00 00 00 00 00 00 00 00 00 00 00 00 00 00 00 51 D7   // прием: 25 байт; 21:56:49:031 27.06.2020
// таймаут: 51 мсек

Чтение адресов и паролей: 42 %

CA E0 EB FE EC ED FB 20 

00 00 09 00 FD 88 1B 70 FA   // передача: 9 байт; 21:56:49:033 27.06.2020
// приём по количеству байт: 25 из 25
// принято с порта: 25 байт

01 00 19 00 FD 00 00 00 00 00 00 00 00 00 00 00 00 00 00 00 00 00 00 51 D7   // прием: 25 байт; 21:56:49:084 27.06.2020
// таймаут: 51 мсек

Чтение адресов и паролей: 44 %

CA E0 EB FE EC ED FB 20 

00 00 09 00 FD 88 1C 31 38   // передача: 9 байт; 21:56:49:085 27.06.2020
// приём по количеству байт: 25 из 25
// принято с порта: 25 байт

01 00 19 00 FD 00 00 00 00 00 00 00 00 00 00 00 00 00 00 00 00 00 00 51 D7   // прием: 25 байт; 21:56:49:136 27.06.2020
// таймаут: 51 мсек

Чтение адресов и паролей: 46 %

CA E0 EB FE EC ED FB 20 

00 00 09 00 FD 88 1D F0 F8   // передача: 9 байт; 21:56:49:138 27.06.2020
// приём по количеству байт: 25 из 25
// принято с порта: 25 байт

01 00 19 00 FD 00 00 00 00 00 00 00 00 00 00 00 00 00 00 00 00 00 00 51 D7   // прием: 25 байт; 21:56:49:189 27.06.2020
// таймаут: 51 мсек

Чтение адресов и паролей: 47 %

CA E0 EB FE EC ED FB 20 

00 00 09 00 FD 88 1E B0 F9   // передача: 9 байт; 21:56:49:190 27.06.2020
// приём по количеству байт: 25 из 25
// принято с порта: 25 байт

01 00 19 00 FD 00 00 00 00 00 00 00 00 00 00 00 00 00 00 00 00 00 00 51 D7   // прием: 25 байт; 21:56:49:242 27.06.2020
// таймаут: 52 мсек

Чтение адресов и паролей: 49 %

CA E0 EB FE EC ED FB 20 

00 00 09 00 FD 88 1F 71 39   // передача: 9 байт; 21:56:49:243 27.06.2020
// приём по количеству байт: 25 из 25
// принято с порта: 25 байт

01 00 19 00 FD 00 00 00 00 00 00 00 00 00 00 00 00 00 00 00 00 00 00 51 D7   // прием: 25 байт; 21:56:49:294 27.06.2020
// таймаут: 51 мсек

Чтение адресов и паролей: 50 %

CA E0 EB FE EC ED FB 20 

00 00 09 00 FD 88 20 31 29   // передача: 9 байт; 21:56:49:295 27.06.2020
// приём по количеству байт: 25 из 25
// принято с порта: 25 байт

01 00 19 00 FD 00 00 00 00 00 00 00 00 00 00 00 00 00 00 00 00 00 00 51 D7   // прием: 25 байт; 21:56:49:347 27.06.2020
// таймаут: 52 мсек

Чтение адресов и паролей: 52 %

CA E0 EB FE EC ED FB 20 

00 00 09 00 FD 88 21 F0 E9   // передача: 9 байт; 21:56:49:348 27.06.2020
// приём по количеству байт: 25 из 25
// принято с порта: 25 байт

01 00 19 00 FD 00 00 00 00 00 00 00 00 00 00 00 00 00 00 00 00 00 00 51 D7   // прием: 25 байт; 21:56:49:399 27.06.2020
// таймаут: 51 мсек

Чтение адресов и паролей: 53 %

CA E0 EB FE EC ED FB 20 

00 00 09 00 FD 88 22 B0 E8   // передача: 9 байт; 21:56:49:400 27.06.2020
// приём по количеству байт: 25 из 25
// принято с порта: 25 байт

01 00 19 00 FD 00 00 00 00 00 00 00 00 00 00 00 00 00 00 00 00 00 00 51 D7   // прием: 25 байт; 21:56:49:452 27.06.2020
// таймаут: 52 мсек

Чтение адресов и паролей: 55 %

CA E0 EB FE EC ED FB 20 

00 00 09 00 FD 88 23 71 28   // передача: 9 байт; 21:56:49:453 27.06.2020
// приём по количеству байт: 25 из 25
// принято с порта: 25 байт

01 00 19 00 FD 00 00 00 00 00 00 00 00 00 00 00 00 00 00 00 00 00 00 51 D7   // прием: 25 байт; 21:56:49:504 27.06.2020
// таймаут: 51 мсек

Чтение адресов и паролей: 57 %

CA E0 EB FE EC ED FB 20 

00 00 09 00 FD 88 24 30 EA   // передача: 9 байт; 21:56:49:505 27.06.2020
// приём по количеству байт: 25 из 25
// принято с порта: 25 байт

01 00 19 00 FD 00 00 00 00 00 00 00 00 00 00 00 00 00 00 00 00 00 00 51 D7   // прием: 25 байт; 21:56:49:557 27.06.2020
// таймаут: 52 мсек

Чтение адресов и паролей: 58 %

CA E0 EB FE EC ED FB 20 

00 00 09 00 FD 88 25 F1 2A   // передача: 9 байт; 21:56:49:558 27.06.2020
// приём по количеству байт: 25 из 25
// принято с порта: 25 байт

01 00 19 00 FD 00 00 00 00 00 00 00 00 00 00 00 00 00 00 00 00 00 00 51 D7   // прием: 25 байт; 21:56:49:609 27.06.2020
// таймаут: 51 мсек

Чтение адресов и паролей: 60 %

CA E0 EB FE EC ED FB 20 

00 00 09 00 FD 88 26 B1 2B   // передача: 9 байт; 21:56:49:611 27.06.2020
// приём по количеству байт: 25 из 25
// принято с порта: 25 байт

01 00 19 00 FD 00 00 00 00 00 00 00 00 00 00 00 00 00 00 00 00 00 00 51 D7   // прием: 25 байт; 21:56:49:662 27.06.2020
// таймаут: 51 мсек

Чтение адресов и паролей: 61 %

CA E0 EB FE EC ED FB 20 

00 00 09 00 FD 88 27 70 EB   // передача: 9 байт; 21:56:49:663 27.06.2020
// приём по количеству байт: 25 из 25
// принято с порта: 25 байт

01 00 19 00 FD 00 00 00 00 00 00 00 00 00 00 00 00 00 00 00 00 00 00 51 D7   // прием: 25 байт; 21:56:49:715 27.06.2020
// таймаут: 52 мсек

Чтение адресов и паролей: 63 %

CA E0 EB FE EC ED FB 20 

00 00 09 00 FD 88 28 30 EF   // передача: 9 байт; 21:56:49:716 27.06.2020
// приём по количеству байт: 25 из 25
// принято с порта: 25 байт

01 00 19 00 FD 00 00 00 00 00 00 00 00 00 00 00 00 00 00 00 00 00 00 51 D7   // прием: 25 байт; 21:56:49:767 27.06.2020
// таймаут: 51 мсек

Чтение адресов и паролей: 65 %

CA E0 EB FE EC ED FB 20 

00 00 09 00 FD 88 29 F1 2F   // передача: 9 байт; 21:56:49:769 27.06.2020
// приём по количеству байт: 25 из 25
// принято с порта: 25 байт

01 00 19 00 FD 00 00 00 00 00 00 00 00 00 00 00 00 00 00 00 00 00 00 51 D7   // прием: 25 байт; 21:56:49:820 27.06.2020
// таймаут: 51 мсек

Чтение адресов и паролей: 66 %

CA E0 EB FE EC ED FB 20 

00 00 09 00 FD 88 2A B1 2E   // передача: 9 байт; 21:56:49:821 27.06.2020
// приём по количеству байт: 25 из 25
// принято с порта: 25 байт

01 00 19 00 FD 00 00 00 00 00 00 00 00 00 00 00 00 00 00 00 00 00 00 51 D7   // прием: 25 байт; 21:56:49:873 27.06.2020
// таймаут: 52 мсек

Чтение адресов и паролей: 68 %

CA E0 EB FE EC ED FB 20 

00 00 09 00 FD 88 2B 70 EE   // передача: 9 байт; 21:56:49:874 27.06.2020
// приём по количеству байт: 25 из 25
// принято с порта: 25 байт

01 00 19 00 FD 00 00 00 00 00 00 00 00 00 00 00 00 00 00 00 00 00 00 51 D7   // прием: 25 байт; 21:56:49:925 27.06.2020
// таймаут: 51 мсек

Чтение адресов и паролей: 69 %

CA E0 EB FE EC ED FB 20 

00 00 09 00 FD 88 2C 31 2C   // передача: 9 байт; 21:56:49:926 27.06.2020
// приём по количеству байт: 25 из 25
// принято с порта: 25 байт

01 00 19 00 FD 00 00 00 00 00 00 00 00 00 00 00 00 00 00 00 00 00 00 51 D7   // прием: 25 байт; 21:56:49:978 27.06.2020
// таймаут: 52 мсек

Чтение адресов и паролей: 71 %

CA E0 EB FE EC ED FB 20 

00 00 09 00 FD 88 2D F0 EC   // передача: 9 байт; 21:56:49:979 27.06.2020
// приём по количеству байт: 25 из 25
// принято с порта: 25 байт

01 00 19 00 FD 00 00 00 00 00 00 00 00 00 00 00 00 00 00 00 00 00 00 51 D7   // прием: 25 байт; 21:56:50:030 27.06.2020
// таймаут: 51 мсек

Чтение адресов и паролей: 73 %

CA E0 EB FE EC ED FB 20 

00 00 09 00 FD 88 2E B0 ED   // передача: 9 байт; 21:56:50:031 27.06.2020
// приём по количеству байт: 25 из 25
// принято с порта: 25 байт

01 00 19 00 FD 00 00 00 00 00 00 00 00 00 00 00 00 00 00 00 00 00 00 51 D7   // прием: 25 байт; 21:56:50:083 27.06.2020
// таймаут: 52 мсек

Чтение адресов и паролей: 74 %

CA E0 EB FE EC ED FB 20 

00 00 09 00 FD 88 2F 71 2D   // передача: 9 байт; 21:56:50:084 27.06.2020
// приём по количеству байт: 25 из 25
// принято с порта: 25 байт

01 00 19 00 FD 00 00 00 00 00 00 00 00 00 00 00 00 00 00 00 00 00 00 51 D7   // прием: 25 байт; 21:56:50:135 27.06.2020
// таймаут: 51 мсек

Чтение адресов и паролей: 76 %

CA E0 EB FE EC ED FB 20 

00 00 09 00 FD 88 30 30 E5   // передача: 9 байт; 21:56:50:137 27.06.2020
// приём по количеству байт: 25 из 25
// принято с порта: 25 байт

01 00 19 00 FD 00 00 00 00 00 00 00 00 00 00 00 00 00 00 00 00 00 00 51 D7   // прием: 25 байт; 21:56:50:188 27.06.2020
// таймаут: 51 мсек

Чтение адресов и паролей: 77 %

CA E0 EB FE EC ED FB 20 

00 00 09 00 FD 88 31 F1 25   // передача: 9 байт; 21:56:50:189 27.06.2020
// приём по количеству байт: 25 из 25
// принято с порта: 25 байт

01 00 19 00 FD 00 00 00 00 00 00 00 00 00 00 00 00 00 00 00 00 00 00 51 D7   // прием: 25 байт; 21:56:50:241 27.06.2020
// таймаут: 52 мсек

Чтение адресов и паролей: 79 %

CA E0 EB FE EC ED FB 20 

00 00 09 00 FD 88 32 B1 24   // передача: 9 байт; 21:56:50:242 27.06.2020
// приём по количеству байт: 25 из 25
// принято с порта: 25 байт

01 00 19 00 FD 00 00 00 00 00 00 00 00 00 00 00 00 00 00 00 00 00 00 51 D7   // прием: 25 байт; 21:56:50:294 27.06.2020
// таймаут: 52 мсек

Чтение адресов и паролей: 80 %

CA E0 EB FE EC ED FB 20 

00 00 09 00 FD 88 33 70 E4   // передача: 9 байт; 21:56:50:295 27.06.2020
// приём по количеству байт: 25 из 25
// принято с порта: 25 байт

01 00 19 00 FD 00 00 00 00 00 00 00 00 00 00 00 00 00 00 00 00 00 00 51 D7   // прием: 25 байт; 21:56:50:346 27.06.2020
// таймаут: 51 мсек

Чтение адресов и паролей: 82 %

CA E0 EB FE EC ED FB 20 

00 00 09 00 FD 88 34 31 26   // передача: 9 байт; 21:56:50:348 27.06.2020
// приём по количеству байт: 25 из 25
// принято с порта: 25 байт

01 00 19 00 FD 00 00 00 00 00 00 00 00 00 00 00 00 00 00 00 00 00 00 51 D7   // прием: 25 байт; 21:56:50:399 27.06.2020
// таймаут: 51 мсек

Чтение адресов и паролей: 84 %

CA E0 EB FE EC ED FB 20 

00 00 09 00 FD 88 35 F0 E6   // передача: 9 байт; 21:56:50:400 27.06.2020
// приём по количеству байт: 25 из 25
// принято с порта: 25 байт

01 00 19 00 FD 00 00 00 00 00 00 00 00 00 00 00 00 00 00 00 00 00 00 51 D7   // прием: 25 байт; 21:56:50:452 27.06.2020
// таймаут: 52 мсек

Чтение адресов и паролей: 85 %

CA E0 EB FE EC ED FB 20 

00 00 09 00 FD 88 36 B0 E7   // передача: 9 байт; 21:56:50:453 27.06.2020
// приём по количеству байт: 25 из 25
// принято с порта: 25 байт

01 00 19 00 FD 00 00 00 00 00 00 00 00 00 00 00 00 00 00 00 00 00 00 51 D7   // прием: 25 байт; 21:56:50:504 27.06.2020
// таймаут: 51 мсек

Чтение адресов и паролей: 87 %

CA E0 EB FE EC ED FB 20 

00 00 09 00 FD 88 37 71 27   // передача: 9 байт; 21:56:50:506 27.06.2020
// приём по количеству байт: 25 из 25
// принято с порта: 25 байт

01 00 19 00 FD 00 00 00 00 00 00 00 00 00 00 00 00 00 00 00 00 00 00 51 D7   // прием: 25 байт; 21:56:50:557 27.06.2020
// таймаут: 51 мсек

Чтение адресов и паролей: 88 %

CA E0 EB FE EC ED FB 20 

00 00 09 00 FD 88 38 31 23   // передача: 9 байт; 21:56:50:558 27.06.2020
// приём по количеству байт: 25 из 25
// принято с порта: 25 байт

01 00 19 00 FD 00 00 00 00 00 00 00 00 00 00 00 00 00 00 00 00 00 00 51 D7   // прием: 25 байт; 21:56:50:610 27.06.2020
// таймаут: 52 мсек

Чтение адресов и паролей: 90 %

CA E0 EB FE EC ED FB 20 

00 00 09 00 FD 88 39 F0 E3   // передача: 9 байт; 21:56:50:611 27.06.2020
// приём по количеству байт: 25 из 25
// принято с порта: 25 байт

01 00 19 00 FD 00 00 00 00 00 00 00 00 00 00 00 00 00 00 00 00 00 00 51 D7   // прием: 25 байт; 21:56:50:662 27.06.2020
// таймаут: 51 мсек

Чтение адресов и паролей: 92 %

CA E0 EB FE EC ED FB 20 

00 00 09 00 FD 88 3A B0 E2   // передача: 9 байт; 21:56:50:664 27.06.2020
// приём по количеству байт: 25 из 25
// принято с порта: 25 байт

01 00 19 00 FD 00 00 00 00 00 00 00 00 00 00 00 00 00 00 00 00 00 00 51 D7   // прием: 25 байт; 21:56:50:715 27.06.2020
// таймаут: 51 мсек

Чтение адресов и паролей: 93 %

CA E0 EB FE EC ED FB 20 

00 00 09 00 FD 88 3B 71 22   // передача: 9 байт; 21:56:50:716 27.06.2020
// приём по количеству байт: 25 из 25
// принято с порта: 25 байт

01 00 19 00 FD 00 00 00 00 00 00 00 00 00 00 00 00 00 00 00 00 00 00 51 D7   // прием: 25 байт; 21:56:50:768 27.06.2020
// таймаут: 52 мсек

Чтение адресов и паролей: 95 %

CA E0 EB FE EC ED FB 20 

00 00 09 00 FD 88 3C 30 E0   // передача: 9 байт; 21:56:50:769 27.06.2020
// приём по количеству байт: 25 из 25
// принято с порта: 25 байт

01 00 19 00 FD 00 00 00 00 00 00 00 00 00 00 00 00 00 00 00 00 00 00 51 D7   // прием: 25 байт; 21:56:50:820 27.06.2020
// таймаут: 51 мсек

Чтение адресов и паролей: 96 %

CA E0 EB FE EC ED FB 20 

00 00 09 00 FD 88 3D F1 20   // передача: 9 байт; 21:56:50:822 27.06.2020
// приём по количеству байт: 25 из 25
// принято с порта: 25 байт

01 00 19 00 FD 00 00 00 00 00 00 00 00 00 00 00 00 00 00 00 00 00 00 51 D7   // прием: 25 байт; 21:56:50:873 27.06.2020
// таймаут: 51 мсек

Чтение адресов и паролей: 98 %

CA E0 EB FE EC ED FB 20 

00 00 09 00 FD 88 3E B1 21   // передача: 9 байт; 21:56:50:874 27.06.2020
// приём по количеству байт: 25 из 25
// принято с порта: 25 байт

01 00 19 00 FD 00 00 00 00 00 00 00 00 00 00 00 00 00 00 00 00 00 00 51 D7   // прием: 25 байт; 21:56:50:926 27.06.2020
// таймаут: 52 мсек

Чтение адресов и паролей: 100 %

CA E0 EB FE EC ED FB 20 

00 00 09 00 FD 88 3F 70 E1   // передача: 9 байт; 21:56:50:927 27.06.2020
// приём по количеству байт: 25 из 25
// принято с порта: 25 байт

01 00 19 00 FD 00 00 00 00 00 00 00 00 00 00 00 00 00 00 00 00 00 00 51 D7   // прием: 25 байт; 21:56:50:978 27.06.2020
// таймаут: 51 мсек

Чтение адресов и паролей: 100 %

// О программе
