Чтение адресов и паролей

CA E0 EB FE EC ED FB 20 

00 00 09 00 FD 88 00 30 F1   // передача: 9 байт; 19:42:27:600 27.06.2020
// приём по количеству байт: 25 из 25
// принято с порта: 25 байт

01 00 19 00 FD 62 61 00 00 00 00 00 00 00 00 00 00 00 00 00 00 00 00 97 FF   // прием: 25 байт; 19:42:27:651 27.06.2020
// таймаут: 51 мсек

Чтение адресов и паролей: 1 %

CA E0 EB FE EC ED FB 20 

00 00 09 00 FD 88 01 F1 31   // передача: 9 байт; 19:42:27:653 27.06.2020
// приём по количеству байт: 25 из 25
// принято с порта: 25 байт

01 00 19 00 FD 62 61 00 00 00 00 00 00 00 00 00 00 00 00 00 00 00 00 97 FF   // прием: 25 байт; 19:42:27:704 27.06.2020
// таймаут: 51 мсек

Чтение адресов и паролей: 3 %

CA E0 EB FE EC ED FB 20 

00 00 09 00 FD 88 02 B1 30   // передача: 9 байт; 19:42:27:705 27.06.2020
// приём по количеству байт: 25 из 25
// принято с порта: 25 байт

01 00 19 00 FD 62 61 00 00 00 00 00 00 00 00 00 00 00 00 00 00 00 00 97 FF   // прием: 25 байт; 19:42:27:757 27.06.2020
// таймаут: 52 мсек

Чтение адресов и паролей: 4 %

CA E0 EB FE EC ED FB 20 

00 00 09 00 FD 88 03 70 F0   // передача: 9 байт; 19:42:27:758 27.06.2020
// приём по количеству байт: 25 из 25
// принято с порта: 25 байт

01 00 19 00 FD 62 61 00 00 00 00 00 00 00 00 00 00 00 00 00 00 00 00 97 FF   // прием: 25 байт; 19:42:27:809 27.06.2020
// таймаут: 51 мсек

Чтение адресов и паролей: 6 %

CA E0 EB FE EC ED FB 20 

00 00 09 00 FD 88 04 31 32   // передача: 9 байт; 19:42:27:811 27.06.2020
// приём по количеству байт: 25 из 25
// принято с порта: 25 байт

01 00 19 00 FD 62 61 00 00 00 00 00 00 00 00 00 00 00 00 00 00 00 00 97 FF   // прием: 25 байт; 19:42:27:862 27.06.2020
// таймаут: 51 мсек

Чтение адресов и паролей: 7 %

CA E0 EB FE EC ED FB 20 

00 00 09 00 FD 88 05 F0 F2   // передача: 9 байт; 19:42:27:863 27.06.2020
// приём по количеству байт: 25 из 25
// принято с порта: 25 байт

01 00 19 00 FD 62 61 00 00 00 00 00 00 00 00 00 00 00 00 00 00 00 00 97 FF   // прием: 25 байт; 19:42:27:915 27.06.2020
// таймаут: 52 мсек

Чтение адресов и паролей: 9 %

CA E0 EB FE EC ED FB 20 

00 00 09 00 FD 88 06 B0 F3   // передача: 9 байт; 19:42:27:916 27.06.2020
// приём по количеству байт: 25 из 25
// принято с порта: 25 байт

01 00 19 00 FD 62 61 00 00 00 00 00 00 00 00 00 00 00 00 00 00 00 00 97 FF   // прием: 25 байт; 19:42:27:967 27.06.2020
// таймаут: 51 мсек

Чтение адресов и паролей: 11 %

CA E0 EB FE EC ED FB 20 

00 00 09 00 FD 88 07 71 33   // передача: 9 байт; 19:42:27:969 27.06.2020
// приём по количеству байт: 25 из 25
// принято с порта: 25 байт

01 00 19 00 FD 62 61 00 00 00 00 00 00 00 00 00 00 00 00 00 00 00 00 97 FF   // прием: 25 байт; 19:42:28:020 27.06.2020
// таймаут: 51 мсек

Чтение адресов и паролей: 12 %

CA E0 EB FE EC ED FB 20 

00 00 09 00 FD 88 08 31 37   // передача: 9 байт; 19:42:28:022 27.06.2020
// приём по количеству байт: 25 из 25
// принято с порта: 25 байт

01 00 19 00 FD 62 61 00 00 00 00 00 00 00 00 00 00 00 00 00 00 00 00 97 FF   // прием: 25 байт; 19:42:28:073 27.06.2020
// таймаут: 51 мсек

Чтение адресов и паролей: 14 %

CA E0 EB FE EC ED FB 20 

00 00 09 00 FD 88 09 F0 F7   // передача: 9 байт; 19:42:28:074 27.06.2020
// приём по количеству байт: 25 из 25
// принято с порта: 25 байт

01 00 19 00 FD 62 61 00 00 00 00 00 00 00 00 00 00 00 00 00 00 00 00 97 FF   // прием: 25 байт; 19:42:28:126 27.06.2020
// таймаут: 52 мсек

Чтение адресов и паролей: 15 %

CA E0 EB FE EC ED FB 20 

00 00 09 00 FD 88 0A B0 F6   // передача: 9 байт; 19:42:28:127 27.06.2020
// приём по количеству байт: 25 из 25
// принято с порта: 25 байт

01 00 19 00 FD 62 61 00 00 00 00 00 00 00 00 00 00 00 00 00 00 00 00 97 FF   // прием: 25 байт; 19:42:28:179 27.06.2020
// таймаут: 52 мсек

Чтение адресов и паролей: 17 %

CA E0 EB FE EC ED FB 20 

00 00 09 00 FD 88 0B 71 36   // передача: 9 байт; 19:42:28:180 27.06.2020
// приём по количеству байт: 25 из 25
// принято с порта: 25 байт

01 00 19 00 FD 62 61 00 00 00 00 00 00 00 00 00 00 00 00 00 00 00 00 97 FF   // прием: 25 байт; 19:42:28:231 27.06.2020
// таймаут: 51 мсек

Чтение адресов и паролей: 19 %

CA E0 EB FE EC ED FB 20 

00 00 09 00 FD 88 0C 30 F4   // передача: 9 байт; 19:42:28:233 27.06.2020
// приём по количеству байт: 25 из 25
// принято с порта: 25 байт

01 00 19 00 FD 62 61 00 00 00 00 00 00 00 00 00 00 00 00 00 00 00 00 97 FF   // прием: 25 байт; 19:42:28:284 27.06.2020
// таймаут: 51 мсек

Чтение адресов и паролей: 20 %

CA E0 EB FE EC ED FB 20 

00 00 09 00 FD 88 0D F1 34   // передача: 9 байт; 19:42:28:286 27.06.2020
// приём по количеству байт: 25 из 25
// принято с порта: 25 байт

01 00 19 00 FD 62 61 00 00 00 00 00 00 00 00 00 00 00 00 00 00 00 00 97 FF   // прием: 25 байт; 19:42:28:337 27.06.2020
// таймаут: 51 мсек

Чтение адресов и паролей: 22 %

CA E0 EB FE EC ED FB 20 

00 00 09 00 FD 88 0E B1 35   // передача: 9 байт; 19:42:28:339 27.06.2020
// приём по количеству байт: 25 из 25
// принято с порта: 25 байт

01 00 19 00 FD 62 61 00 00 00 00 00 00 00 00 00 00 00 00 00 00 00 00 97 FF   // прием: 25 байт; 19:42:28:390 27.06.2020
// таймаут: 51 мсек

Чтение адресов и паролей: 23 %

CA E0 EB FE EC ED FB 20 

00 00 09 00 FD 88 0F 70 F5   // передача: 9 байт; 19:42:28:392 27.06.2020
// приём по количеству байт: 25 из 25
// принято с порта: 25 байт

01 00 19 00 FD 62 61 00 00 00 00 00 00 00 00 00 00 00 00 00 00 00 00 97 FF   // прием: 25 байт; 19:42:28:443 27.06.2020
// таймаут: 51 мсек

Чтение адресов и паролей: 25 %

CA E0 EB FE EC ED FB 20 

00 00 09 00 FD 88 10 31 3D   // передача: 9 байт; 19:42:28:445 27.06.2020
// приём по количеству байт: 25 из 25
// принято с порта: 25 байт

01 00 19 00 FD 62 61 00 00 00 00 00 00 00 00 00 00 00 00 00 00 00 00 97 FF   // прием: 25 байт; 19:42:28:496 27.06.2020
// таймаут: 51 мсек

Чтение адресов и паролей: 26 %

CA E0 EB FE EC ED FB 20 

00 00 09 00 FD 88 11 F0 FD   // передача: 9 байт; 19:42:28:498 27.06.2020
// приём по количеству байт: 25 из 25
// принято с порта: 25 байт

01 00 19 00 FD 62 61 00 00 00 00 00 00 00 00 00 00 00 00 00 00 00 00 97 FF   // прием: 25 байт; 19:42:28:549 27.06.2020
// таймаут: 51 мсек

Чтение адресов и паролей: 28 %

CA E0 EB FE EC ED FB 20 

00 00 09 00 FD 88 12 B0 FC   // передача: 9 байт; 19:42:28:550 27.06.2020
// приём по количеству байт: 25 из 25
// принято с порта: 25 байт

01 00 19 00 FD 62 61 00 00 00 00 00 00 00 00 00 00 00 00 00 00 00 00 97 FF   // прием: 25 байт; 19:42:28:602 27.06.2020
// таймаут: 52 мсек

Чтение адресов и паролей: 30 %

CA E0 EB FE EC ED FB 20 

00 00 09 00 FD 88 13 71 3C   // передача: 9 байт; 19:42:28:603 27.06.2020
// приём по количеству байт: 25 из 25
// принято с порта: 25 байт

01 00 19 00 FD 62 61 00 00 00 00 00 00 00 00 00 00 00 00 00 00 00 00 97 FF   // прием: 25 байт; 19:42:28:655 27.06.2020
// таймаут: 52 мсек

Чтение адресов и паролей: 31 %

CA E0 EB FE EC ED FB 20 

00 00 09 00 FD 88 14 30 FE   // передача: 9 байт; 19:42:28:656 27.06.2020
// приём по количеству байт: 25 из 25
// принято с порта: 25 байт

01 00 19 00 FD 62 61 00 00 00 00 00 00 00 00 00 00 00 00 00 00 00 00 97 FF   // прием: 25 байт; 19:42:28:708 27.06.2020
// таймаут: 52 мсек

Чтение адресов и паролей: 33 %

CA E0 EB FE EC ED FB 20 

00 00 09 00 FD 88 15 F1 3E   // передача: 9 байт; 19:42:28:709 27.06.2020
// приём по количеству байт: 25 из 25
// принято с порта: 25 байт

01 00 19 00 FD 62 61 00 00 00 00 00 00 00 00 00 00 00 00 00 00 00 00 97 FF   // прием: 25 байт; 19:42:28:761 27.06.2020
// таймаут: 52 мсек

Чтение адресов и паролей: 34 %

CA E0 EB FE EC ED FB 20 

00 00 09 00 FD 88 16 B1 3F   // передача: 9 байт; 19:42:28:762 27.06.2020
// приём по количеству байт: 25 из 25
// принято с порта: 25 байт

01 00 19 00 FD 62 61 00 00 00 00 00 00 00 00 00 00 00 00 00 00 00 00 97 FF   // прием: 25 байт; 19:42:28:814 27.06.2020
// таймаут: 52 мсек

Чтение адресов и паролей: 36 %

CA E0 EB FE EC ED FB 20 

00 00 09 00 FD 88 17 70 FF   // передача: 9 байт; 19:42:28:815 27.06.2020
// приём по количеству байт: 25 из 25
// принято с порта: 25 байт

01 00 19 00 FD 62 61 00 00 00 00 00 00 00 00 00 00 00 00 00 00 00 00 97 FF   // прием: 25 байт; 19:42:28:866 27.06.2020
// таймаут: 51 мсек

Чтение адресов и паролей: 38 %

CA E0 EB FE EC ED FB 20 

00 00 09 00 FD 88 18 30 FB   // передача: 9 байт; 19:42:28:868 27.06.2020
// приём по количеству байт: 25 из 25
// принято с порта: 25 байт

01 00 19 00 FD 62 61 00 00 00 00 00 00 00 00 00 00 00 00 00 00 00 00 97 FF   // прием: 25 байт; 19:42:28:919 27.06.2020
// таймаут: 51 мсек

Чтение адресов и паролей: 39 %

CA E0 EB FE EC ED FB 20 

00 00 09 00 FD 88 19 F1 3B   // передача: 9 байт; 19:42:28:921 27.06.2020
// приём по количеству байт: 25 из 25
// принято с порта: 25 байт

01 00 19 00 FD 62 61 00 00 00 00 00 00 00 00 00 00 00 00 00 00 00 00 97 FF   // прием: 25 байт; 19:42:28:972 27.06.2020
// таймаут: 51 мсек

Чтение адресов и паролей: 41 %

CA E0 EB FE EC ED FB 20 

00 00 09 00 FD 88 1A B1 3A   // передача: 9 байт; 19:42:28:974 27.06.2020
// приём по количеству байт: 25 из 25
// принято с порта: 25 байт

01 00 19 00 FD 62 61 00 00 00 00 00 00 00 00 00 00 00 00 00 00 00 00 97 FF   // прием: 25 байт; 19:42:29:025 27.06.2020
// таймаут: 51 мсек

Чтение адресов и паролей: 42 %

CA E0 EB FE EC ED FB 20 

00 00 09 00 FD 88 1B 70 FA   // передача: 9 байт; 19:42:29:027 27.06.2020
// приём по количеству байт: 25 из 25
// принято с порта: 25 байт

01 00 19 00 FD 62 61 00 00 00 00 00 00 00 00 00 00 00 00 00 00 00 00 97 FF   // прием: 25 байт; 19:42:29:078 27.06.2020
// таймаут: 51 мсек

Чтение адресов и паролей: 44 %

CA E0 EB FE EC ED FB 20 

00 00 09 00 FD 88 1C 31 38   // передача: 9 байт; 19:42:29:079 27.06.2020
// приём по количеству байт: 25 из 25
// принято с порта: 25 байт

01 00 19 00 FD 62 61 00 00 00 00 00 00 00 00 00 00 00 00 00 00 00 00 97 FF   // прием: 25 байт; 19:42:29:131 27.06.2020
// таймаут: 52 мсек

Чтение адресов и паролей: 46 %

CA E0 EB FE EC ED FB 20 

00 00 09 00 FD 88 1D F0 F8   // передача: 9 байт; 19:42:29:132 27.06.2020
// приём по количеству байт: 25 из 25
// принято с порта: 25 байт

01 00 19 00 FD 62 61 00 00 00 00 00 00 00 00 00 00 00 00 00 00 00 00 97 FF   // прием: 25 байт; 19:42:29:184 27.06.2020
// таймаут: 52 мсек

Чтение адресов и паролей: 47 %

CA E0 EB FE EC ED FB 20 

00 00 09 00 FD 88 1E B0 F9   // передача: 9 байт; 19:42:29:185 27.06.2020
// приём по количеству байт: 25 из 25
// принято с порта: 25 байт

01 00 19 00 FD 62 61 00 00 00 00 00 00 00 00 00 00 00 00 00 00 00 00 97 FF   // прием: 25 байт; 19:42:29:237 27.06.2020
// таймаут: 52 мсек

Чтение адресов и паролей: 49 %

CA E0 EB FE EC ED FB 20 

00 00 09 00 FD 88 1F 71 39   // передача: 9 байт; 19:42:29:238 27.06.2020
// приём по количеству байт: 25 из 25
// принято с порта: 25 байт

01 00 19 00 FD 62 61 00 00 00 00 00 00 00 00 00 00 00 00 00 00 00 00 97 FF   // прием: 25 байт; 19:42:29:290 27.06.2020
// таймаут: 52 мсек

Чтение адресов и паролей: 50 %

CA E0 EB FE EC ED FB 20 

00 00 09 00 FD 88 20 31 29   // передача: 9 байт; 19:42:29:292 27.06.2020
// приём по количеству байт: 25 из 25
// принято с порта: 25 байт

01 00 19 00 FD 62 61 00 00 00 00 00 00 00 00 00 00 00 00 00 00 00 00 97 FF   // прием: 25 байт; 19:42:29:343 27.06.2020
// таймаут: 51 мсек

Чтение адресов и паролей: 52 %

CA E0 EB FE EC ED FB 20 

00 00 09 00 FD 88 21 F0 E9   // передача: 9 байт; 19:42:29:344 27.06.2020
// приём по количеству байт: 25 из 25
// принято с порта: 25 байт

01 00 19 00 FD 62 61 00 00 00 00 00 00 00 00 00 00 00 00 00 00 00 00 97 FF   // прием: 25 байт; 19:42:29:396 27.06.2020
// таймаут: 52 мсек

Чтение адресов и паролей: 53 %

CA E0 EB FE EC ED FB 20 

00 00 09 00 FD 88 22 B0 E8   // передача: 9 байт; 19:42:29:397 27.06.2020
// приём по количеству байт: 25 из 25
// принято с порта: 25 байт

01 00 19 00 FD 62 61 00 00 00 00 00 00 00 00 00 00 00 00 00 00 00 00 97 FF   // прием: 25 байт; 19:42:29:449 27.06.2020
// таймаут: 52 мсек

Чтение адресов и паролей: 55 %

CA E0 EB FE EC ED FB 20 

00 00 09 00 FD 88 23 71 28   // передача: 9 байт; 19:42:29:450 27.06.2020
// приём по количеству байт: 25 из 25
// принято с порта: 25 байт

01 00 19 00 FD 62 61 00 00 00 00 00 00 00 00 00 00 00 00 00 00 00 00 97 FF   // прием: 25 байт; 19:42:29:502 27.06.2020
// таймаут: 52 мсек

Чтение адресов и паролей: 57 %

CA E0 EB FE EC ED FB 20 

00 00 09 00 FD 88 24 30 EA   // передача: 9 байт; 19:42:29:503 27.06.2020
// приём по количеству байт: 25 из 25
// принято с порта: 25 байт

01 00 19 00 FD 62 61 00 00 00 00 00 00 00 00 00 00 00 00 00 00 00 00 97 FF   // прием: 25 байт; 19:42:29:555 27.06.2020
// таймаут: 52 мсек

Чтение адресов и паролей: 58 %

CA E0 EB FE EC ED FB 20 

00 00 09 00 FD 88 25 F1 2A   // передача: 9 байт; 19:42:29:556 27.06.2020
// приём по количеству байт: 25 из 25
// принято с порта: 25 байт

01 00 19 00 FD 62 61 00 00 00 00 00 00 00 00 00 00 00 00 00 00 00 00 97 FF   // прием: 25 байт; 19:42:29:607 27.06.2020
// таймаут: 51 мсек

Чтение адресов и паролей: 60 %

CA E0 EB FE EC ED FB 20 

00 00 09 00 FD 88 26 B1 2B   // передача: 9 байт; 19:42:29:609 27.06.2020
// приём по количеству байт: 25 из 25
// принято с порта: 25 байт

01 00 19 00 FD 62 61 00 00 00 00 00 00 00 00 00 00 00 00 00 00 00 00 97 FF   // прием: 25 байт; 19:42:29:660 27.06.2020
// таймаут: 51 мсек

Чтение адресов и паролей: 61 %

CA E0 EB FE EC ED FB 20 

00 00 09 00 FD 88 27 70 EB   // передача: 9 байт; 19:42:29:662 27.06.2020
// приём по количеству байт: 25 из 25
// принято с порта: 25 байт

01 00 19 00 FD 62 61 00 00 00 00 00 00 00 00 00 00 00 00 00 00 00 00 97 FF   // прием: 25 байт; 19:42:29:713 27.06.2020
// таймаут: 51 мсек

Чтение адресов и паролей: 63 %

CA E0 EB FE EC ED FB 20 

00 00 09 00 FD 88 28 30 EF   // передача: 9 байт; 19:42:29:715 27.06.2020
// приём по количеству байт: 25 из 25
// принято с порта: 25 байт

01 00 19 00 FD 62 61 00 00 00 00 00 00 00 00 00 00 00 00 00 00 00 00 97 FF   // прием: 25 байт; 19:42:29:766 27.06.2020
// таймаут: 51 мсек

Чтение адресов и паролей: 65 %

CA E0 EB FE EC ED FB 20 

00 00 09 00 FD 88 29 F1 2F   // передача: 9 байт; 19:42:29:768 27.06.2020
// приём по количеству байт: 25 из 25
// принято с порта: 25 байт

01 00 19 00 FD 62 61 00 00 00 00 00 00 00 00 00 00 00 00 00 00 00 00 97 FF   // прием: 25 байт; 19:42:29:819 27.06.2020
// таймаут: 51 мсек

Чтение адресов и паролей: 66 %

CA E0 EB FE EC ED FB 20 

00 00 09 00 FD 88 2A B1 2E   // передача: 9 байт; 19:42:29:820 27.06.2020
// приём по количеству байт: 25 из 25
// принято с порта: 25 байт

01 00 19 00 FD 62 61 00 00 00 00 00 00 00 00 00 00 00 00 00 00 00 00 97 FF   // прием: 25 байт; 19:42:29:872 27.06.2020
// таймаут: 52 мсек

Чтение адресов и паролей: 68 %

CA E0 EB FE EC ED FB 20 

00 00 09 00 FD 88 2B 70 EE   // передача: 9 байт; 19:42:29:873 27.06.2020
// приём по количеству байт: 25 из 25
// принято с порта: 25 байт

01 00 19 00 FD 62 61 00 00 00 00 00 00 00 00 00 00 00 00 00 00 00 00 97 FF   // прием: 25 байт; 19:42:29:925 27.06.2020
// таймаут: 52 мсек

Чтение адресов и паролей: 69 %

CA E0 EB FE EC ED FB 20 

00 00 09 00 FD 88 2C 31 2C   // передача: 9 байт; 19:42:29:926 27.06.2020
// приём по количеству байт: 25 из 25
// принято с порта: 25 байт

01 00 19 00 FD 62 61 00 00 00 00 00 00 00 00 00 00 00 00 00 00 00 00 97 FF   // прием: 25 байт; 19:42:29:978 27.06.2020
// таймаут: 52 мсек

Чтение адресов и паролей: 71 %

CA E0 EB FE EC ED FB 20 

00 00 09 00 FD 88 2D F0 EC   // передача: 9 байт; 19:42:29:979 27.06.2020
// приём по количеству байт: 25 из 25
// принято с порта: 25 байт

01 00 19 00 FD 62 61 00 00 00 00 00 00 00 00 00 00 00 00 00 00 00 00 97 FF   // прием: 25 байт; 19:42:30:031 27.06.2020
// таймаут: 52 мсек

Чтение адресов и паролей: 73 %

CA E0 EB FE EC ED FB 20 

00 00 09 00 FD 88 2E B0 ED   // передача: 9 байт; 19:42:30:032 27.06.2020
// приём по количеству байт: 25 из 25
// принято с порта: 25 байт

01 00 19 00 FD 62 61 00 00 00 00 00 00 00 00 00 00 00 00 00 00 00 00 97 FF   // прием: 25 байт; 19:42:30:083 27.06.2020
// таймаут: 51 мсек

Чтение адресов и паролей: 74 %

CA E0 EB FE EC ED FB 20 

00 00 09 00 FD 88 2F 71 2D   // передача: 9 байт; 19:42:30:085 27.06.2020
// приём по количеству байт: 25 из 25
// принято с порта: 25 байт

01 00 19 00 FD 62 61 00 00 00 00 00 00 00 00 00 00 00 00 00 00 00 00 97 FF   // прием: 25 байт; 19:42:30:136 27.06.2020
// таймаут: 51 мсек

Чтение адресов и паролей: 76 %

CA E0 EB FE EC ED FB 20 

00 00 09 00 FD 88 30 30 E5   // передача: 9 байт; 19:42:30:138 27.06.2020
// приём по количеству байт: 25 из 25
// принято с порта: 25 байт

01 00 19 00 FD 62 61 00 00 00 00 00 00 00 00 00 00 00 00 00 00 00 00 97 FF   // прием: 25 байт; 19:42:30:189 27.06.2020
// таймаут: 51 мсек

Чтение адресов и паролей: 77 %

CA E0 EB FE EC ED FB 20 

00 00 09 00 FD 88 31 F1 25   // передача: 9 байт; 19:42:30:191 27.06.2020
// приём по количеству байт: 25 из 25
// принято с порта: 25 байт

01 00 19 00 FD 62 61 00 00 00 00 00 00 00 00 00 00 00 00 00 00 00 00 97 FF   // прием: 25 байт; 19:42:30:242 27.06.2020
// таймаут: 51 мсек

Чтение адресов и паролей: 79 %

CA E0 EB FE EC ED FB 20 

00 00 09 00 FD 88 32 B1 24   // передача: 9 байт; 19:42:30:244 27.06.2020
// приём по количеству байт: 25 из 25
// принято с порта: 25 байт

01 00 19 00 FD 62 61 00 00 00 00 00 00 00 00 00 00 00 00 00 00 00 00 97 FF   // прием: 25 байт; 19:42:30:295 27.06.2020
// таймаут: 51 мсек

Чтение адресов и паролей: 80 %

CA E0 EB FE EC ED FB 20 

00 00 09 00 FD 88 33 70 E4   // передача: 9 байт; 19:42:30:297 27.06.2020
// приём по количеству байт: 25 из 25
// принято с порта: 25 байт

01 00 19 00 FD 62 61 00 00 00 00 00 00 00 00 00 00 00 00 00 00 00 00 97 FF   // прием: 25 байт; 19:42:30:349 27.06.2020
// таймаут: 52 мсек

Чтение адресов и паролей: 82 %

CA E0 EB FE EC ED FB 20 

00 00 09 00 FD 88 34 31 26   // передача: 9 байт; 19:42:30:350 27.06.2020
// приём по количеству байт: 25 из 25
// принято с порта: 25 байт

01 00 19 00 FD 62 61 00 00 00 00 00 00 00 00 00 00 00 00 00 00 00 00 97 FF   // прием: 25 байт; 19:42:30:402 27.06.2020
// таймаут: 52 мсек

Чтение адресов и паролей: 84 %

CA E0 EB FE EC ED FB 20 

00 00 09 00 FD 88 35 F0 E6   // передача: 9 байт; 19:42:30:403 27.06.2020
// приём по количеству байт: 25 из 25
// принято с порта: 25 байт

01 00 19 00 FD 62 61 00 00 00 00 00 00 00 00 00 00 00 00 00 00 00 00 97 FF   // прием: 25 байт; 19:42:30:455 27.06.2020
// таймаут: 52 мсек

Чтение адресов и паролей: 85 %

CA E0 EB FE EC ED FB 20 

00 00 09 00 FD 88 36 B0 E7   // передача: 9 байт; 19:42:30:456 27.06.2020
// приём по количеству байт: 25 из 25
// принято с порта: 25 байт

01 00 19 00 FD 62 61 00 00 00 00 00 00 00 00 00 00 00 00 00 00 00 00 97 FF   // прием: 25 байт; 19:42:30:508 27.06.2020
// таймаут: 52 мсек

Чтение адресов и паролей: 87 %

CA E0 EB FE EC ED FB 20 

00 00 09 00 FD 88 37 71 27   // передача: 9 байт; 19:42:30:509 27.06.2020
// приём по количеству байт: 25 из 25
// принято с порта: 25 байт

01 00 19 00 FD 62 61 00 00 00 00 00 00 00 00 00 00 00 00 00 00 00 00 97 FF   // прием: 25 байт; 19:42:30:561 27.06.2020
// таймаут: 52 мсек

Чтение адресов и паролей: 88 %

CA E0 EB FE EC ED FB 20 

00 00 09 00 FD 88 38 31 23   // передача: 9 байт; 19:42:30:562 27.06.2020
// приём по количеству байт: 25 из 25
// принято с порта: 25 байт

01 00 19 00 FD 62 61 00 00 00 00 00 00 00 00 00 00 00 00 00 00 00 00 97 FF   // прием: 25 байт; 19:42:30:614 27.06.2020
// таймаут: 52 мсек

Чтение адресов и паролей: 90 %

CA E0 EB FE EC ED FB 20 

00 00 09 00 FD 88 39 F0 E3   // передача: 9 байт; 19:42:30:615 27.06.2020
// приём по количеству байт: 25 из 25
// принято с порта: 25 байт

01 00 19 00 FD 62 61 00 00 00 00 00 00 00 00 00 00 00 00 00 00 00 00 97 FF   // прием: 25 байт; 19:42:30:667 27.06.2020
// таймаут: 52 мсек

Чтение адресов и паролей: 92 %

CA E0 EB FE EC ED FB 20 

00 00 09 00 FD 88 3A B0 E2   // передача: 9 байт; 19:42:30:668 27.06.2020
// приём по количеству байт: 25 из 25
// принято с порта: 25 байт

01 00 19 00 FD 62 61 00 00 00 00 00 00 00 00 00 00 00 00 00 00 00 00 97 FF   // прием: 25 байт; 19:42:30:720 27.06.2020
// таймаут: 52 мсек

Чтение адресов и паролей: 93 %

CA E0 EB FE EC ED FB 20 

00 00 09 00 FD 88 3B 71 22   // передача: 9 байт; 19:42:30:721 27.06.2020
// приём по количеству байт: 25 из 25
// принято с порта: 25 байт

01 00 19 00 FD 62 61 00 00 00 00 00 00 00 00 00 00 00 00 00 00 00 00 97 FF   // прием: 25 байт; 19:42:30:772 27.06.2020
// таймаут: 51 мсек

Чтение адресов и паролей: 95 %

CA E0 EB FE EC ED FB 20 

00 00 09 00 FD 88 3C 30 E0   // передача: 9 байт; 19:42:30:774 27.06.2020
// приём по количеству байт: 25 из 25
// принято с порта: 25 байт

01 00 19 00 FD 62 61 00 00 00 00 00 00 00 00 00 00 00 00 00 00 00 00 97 FF   // прием: 25 байт; 19:42:30:826 27.06.2020
// таймаут: 52 мсек

Чтение адресов и паролей: 96 %

CA E0 EB FE EC ED FB 20 

00 00 09 00 FD 88 3D F1 20   // передача: 9 байт; 19:42:30:827 27.06.2020
// приём по количеству байт: 25 из 25
// принято с порта: 25 байт

01 00 19 00 FD 62 61 00 00 00 00 00 00 00 00 00 00 00 00 00 00 00 00 97 FF   // прием: 25 байт; 19:42:30:879 27.06.2020
// таймаут: 52 мсек

Чтение адресов и паролей: 98 %

CA E0 EB FE EC ED FB 20 

00 00 09 00 FD 88 3E B1 21   // передача: 9 байт; 19:42:30:880 27.06.2020
// приём по количеству байт: 25 из 25
// принято с порта: 25 байт

01 00 19 00 FD 62 61 00 00 00 00 00 00 00 00 00 00 00 00 00 00 00 00 97 FF   // прием: 25 байт; 19:42:30:931 27.06.2020
// таймаут: 51 мсек

Чтение адресов и паролей: 100 %

CA E0 EB FE EC ED FB 20 

00 00 09 00 FD 88 3F 70 E1   // передача: 9 байт; 19:42:30:933 27.06.2020
// приём по количеству байт: 25 из 25
// принято с порта: 25 байт

01 00 19 00 FD 62 61 00 00 00 00 00 00 00 00 00 00 00 00 00 00 00 00 97 FF   // прием: 25 байт; 19:42:30:984 27.06.2020
// таймаут: 51 мсек

Чтение адресов и паролей: 100 %
Чтение адресов и паролей

CA E0 EB FE EC ED FB 20 

00 00 09 00 FD 88 00 30 F1   // передача: 9 байт; 19:48:40:893 27.06.2020
// приём по количеству байт: 25 из 25
// принято с порта: 25 байт

01 00 19 00 FD 00 00 00 7B 63 62 61 00 00 00 00 00 00 00 00 00 00 00 F2 36   // прием: 25 байт; 19:48:40:940 27.06.2020
// таймаут: 47 мсек

Чтение адресов и паролей: 1 %

CA E0 EB FE EC ED FB 20 

00 00 09 00 FD 88 01 F1 31   // передача: 9 байт; 19:48:40:940 27.06.2020
// приём по количеству байт: 25 из 25
// принято с порта: 25 байт

01 00 19 00 FD 00 00 00 6F 33 32 31 00 00 00 00 00 00 00 00 00 00 00 B6 F9   // прием: 25 байт; 19:48:41:002 27.06.2020
// таймаут: 62 мсек

Чтение адресов и паролей: 3 %

CA E0 EB FE EC ED FB 20 

00 00 09 00 FD 88 02 B1 30   // передача: 9 байт; 19:48:41:002 27.06.2020
// приём по количеству байт: 25 из 25
// принято с порта: 25 байт

01 00 19 00 FD 00 00 00 00 00 00 00 00 00 00 00 00 00 00 00 00 00 00 51 D7   // прием: 25 байт; 19:48:41:049 27.06.2020
// таймаут: 47 мсек

Чтение адресов и паролей: 4 %

CA E0 EB FE EC ED FB 20 

00 00 09 00 FD 88 03 70 F0   // передача: 9 байт; 19:48:41:049 27.06.2020
// приём по количеству байт: 25 из 25
// принято с порта: 25 байт

01 00 19 00 FD 00 00 00 00 00 00 00 00 00 00 00 00 00 00 00 00 00 00 51 D7   // прием: 25 байт; 19:48:41:096 27.06.2020
// таймаут: 47 мсек

Чтение адресов и паролей: 6 %

CA E0 EB FE EC ED FB 20 

00 00 09 00 FD 88 04 31 32   // передача: 9 байт; 19:48:41:096 27.06.2020
// приём по количеству байт: 25 из 25
// принято с порта: 25 байт

01 00 19 00 FD 00 00 00 02 30 32 30 00 00 00 00 00 00 00 00 00 00 00 E5 14   // прием: 25 байт; 19:48:41:158 27.06.2020
// таймаут: 62 мсек

Чтение адресов и паролей: 7 %

CA E0 EB FE EC ED FB 20 

00 00 09 00 FD 88 05 F0 F2   // передача: 9 байт; 19:48:41:158 27.06.2020
// приём по количеству байт: 25 из 25
// принято с порта: 25 байт

01 00 19 00 FD 00 00 00 00 00 00 00 00 00 00 00 00 00 00 00 00 00 00 51 D7   // прием: 25 байт; 19:48:41:205 27.06.2020
// таймаут: 47 мсек

Чтение адресов и паролей: 9 %

CA E0 EB FE EC ED FB 20 

00 00 09 00 FD 88 06 B0 F3   // передача: 9 байт; 19:48:41:205 27.06.2020
// приём по количеству байт: 25 из 25
// принято с порта: 25 байт

01 00 19 00 FD 00 00 00 00 00 00 00 00 00 00 00 00 00 00 00 00 00 00 51 D7   // прием: 25 байт; 19:48:41:252 27.06.2020
// таймаут: 47 мсек

Чтение адресов и паролей: 11 %

CA E0 EB FE EC ED FB 20 

00 00 09 00 FD 88 07 71 33   // передача: 9 байт; 19:48:41:268 27.06.2020
// приём по количеству байт: 25 из 25
// принято с порта: 25 байт

01 00 19 00 FD 00 00 00 00 00 00 00 00 00 00 00 00 00 00 00 00 00 00 51 D7   // прием: 25 байт; 19:48:41:314 27.06.2020
// таймаут: 46 мсек

Чтение адресов и паролей: 12 %

CA E0 EB FE EC ED FB 20 

00 00 09 00 FD 88 08 31 37   // передача: 9 байт; 19:48:41:314 27.06.2020
// приём по количеству байт: 25 из 25
// принято с порта: 25 байт

01 00 19 00 FD 00 00 00 00 00 00 00 00 00 00 00 00 00 00 00 00 00 00 51 D7   // прием: 25 байт; 19:48:41:361 27.06.2020
// таймаут: 47 мсек

Чтение адресов и паролей: 14 %

CA E0 EB FE EC ED FB 20 

00 00 09 00 FD 88 09 F0 F7   // передача: 9 байт; 19:48:41:361 27.06.2020
// приём по количеству байт: 25 из 25
// принято с порта: 25 байт

01 00 19 00 FD 00 00 00 00 00 00 00 00 00 00 00 00 00 00 00 00 00 00 51 D7   // прием: 25 байт; 19:48:41:424 27.06.2020
// таймаут: 63 мсек

Чтение адресов и паролей: 15 %

CA E0 EB FE EC ED FB 20 

00 00 09 00 FD 88 0A B0 F6   // передача: 9 байт; 19:48:41:424 27.06.2020
// приём по количеству байт: 25 из 25
// принято с порта: 25 байт

01 00 19 00 FD 00 00 00 00 00 00 00 00 00 00 00 00 00 00 00 00 00 00 51 D7   // прием: 25 байт; 19:48:41:470 27.06.2020
// таймаут: 46 мсек

Чтение адресов и паролей: 17 %

CA E0 EB FE EC ED FB 20 

00 00 09 00 FD 88 0B 71 36   // передача: 9 байт; 19:48:41:470 27.06.2020
// приём по количеству байт: 25 из 25
// принято с порта: 25 байт

01 00 19 00 FD 00 00 00 00 00 00 00 00 00 00 00 00 00 00 00 00 00 00 51 D7   // прием: 25 байт; 19:48:41:517 27.06.2020
// таймаут: 47 мсек

Чтение адресов и паролей: 19 %

CA E0 EB FE EC ED FB 20 

00 00 09 00 FD 88 0C 30 F4   // передача: 9 байт; 19:48:41:517 27.06.2020
// приём по количеству байт: 25 из 25
// принято с порта: 25 байт

01 00 19 00 FD 00 00 00 00 00 00 00 00 00 00 00 00 00 00 00 00 00 00 51 D7   // прием: 25 байт; 19:48:41:580 27.06.2020
// таймаут: 63 мсек

Чтение адресов и паролей: 20 %

CA E0 EB FE EC ED FB 20 

00 00 09 00 FD 88 0D F1 34   // передача: 9 байт; 19:48:41:580 27.06.2020
// приём по количеству байт: 25 из 25
// принято с порта: 25 байт

01 00 19 00 FD 00 00 00 00 00 00 00 00 00 00 00 00 00 00 00 00 00 00 51 D7   // прием: 25 байт; 19:48:41:626 27.06.2020
// таймаут: 46 мсек

Чтение адресов и паролей: 22 %

CA E0 EB FE EC ED FB 20 

00 00 09 00 FD 88 0E B1 35   // передача: 9 байт; 19:48:41:626 27.06.2020
// приём по количеству байт: 25 из 25
// принято с порта: 25 байт

01 00 19 00 FD 00 00 00 00 00 00 00 00 00 00 00 00 00 00 00 00 00 00 51 D7   // прием: 25 байт; 19:48:41:673 27.06.2020
// таймаут: 47 мсек

Чтение адресов и паролей: 23 %

CA E0 EB FE EC ED FB 20 

00 00 09 00 FD 88 0F 70 F5   // передача: 9 байт; 19:48:41:689 27.06.2020
// приём по количеству байт: 25 из 25
// принято с порта: 25 байт

01 00 19 00 FD 00 00 00 00 00 00 00 00 00 00 00 00 00 00 00 00 00 00 51 D7   // прием: 25 байт; 19:48:41:736 27.06.2020
// таймаут: 47 мсек

Чтение адресов и паролей: 25 %

CA E0 EB FE EC ED FB 20 

00 00 09 00 FD 88 10 31 3D   // передача: 9 байт; 19:48:41:736 27.06.2020
// приём по количеству байт: 25 из 25
// принято с порта: 25 байт

01 00 19 00 FD 00 00 00 00 00 00 00 00 00 00 00 00 00 00 00 00 00 00 51 D7   // прием: 25 байт; 19:48:41:782 27.06.2020
// таймаут: 46 мсек

Чтение адресов и паролей: 26 %

CA E0 EB FE EC ED FB 20 

00 00 09 00 FD 88 11 F0 FD   // передача: 9 байт; 19:48:41:782 27.06.2020
// приём по количеству байт: 25 из 25
// принято с порта: 25 байт

01 00 19 00 FD 00 00 00 00 00 00 00 00 00 00 00 00 00 00 00 00 00 00 51 D7   // прием: 25 байт; 19:48:41:845 27.06.2020
// таймаут: 63 мсек

Чтение адресов и паролей: 28 %

CA E0 EB FE EC ED FB 20 

00 00 09 00 FD 88 12 B0 FC   // передача: 9 байт; 19:48:41:845 27.06.2020
// приём по количеству байт: 25 из 25
// принято с порта: 25 байт

01 00 19 00 FD 00 00 00 00 00 00 00 00 00 00 00 00 00 00 00 00 00 00 51 D7   // прием: 25 байт; 19:48:41:892 27.06.2020
// таймаут: 47 мсек

Чтение адресов и паролей: 30 %

CA E0 EB FE EC ED FB 20 

00 00 09 00 FD 88 13 71 3C   // передача: 9 байт; 19:48:41:892 27.06.2020
// приём по количеству байт: 25 из 25
// принято с порта: 25 байт

01 00 19 00 FD 00 00 00 00 00 00 00 00 00 00 00 00 00 00 00 00 00 00 51 D7   // прием: 25 байт; 19:48:41:938 27.06.2020
// таймаут: 46 мсек

Чтение адресов и паролей: 31 %

CA E0 EB FE EC ED FB 20 

00 00 09 00 FD 88 14 30 FE   // передача: 9 байт; 19:48:41:938 27.06.2020
// приём по количеству байт: 25 из 25
// принято с порта: 25 байт

01 00 19 00 FD 00 00 00 00 00 00 00 00 00 00 00 00 00 00 00 00 00 00 51 D7   // прием: 25 байт; 19:48:42:001 27.06.2020
// таймаут: 63 мсек

Чтение адресов и паролей: 33 %

CA E0 EB FE EC ED FB 20 

00 00 09 00 FD 88 15 F1 3E   // передача: 9 байт; 19:48:42:001 27.06.2020
// приём по количеству байт: 25 из 25
// принято с порта: 25 байт

01 00 19 00 FD 00 00 00 00 00 00 00 00 00 00 00 00 00 00 00 00 00 00 51 D7   // прием: 25 байт; 19:48:42:048 27.06.2020
// таймаут: 47 мсек

Чтение адресов и паролей: 34 %

CA E0 EB FE EC ED FB 20 

00 00 09 00 FD 88 16 B1 3F   // передача: 9 байт; 19:48:42:048 27.06.2020
// приём по количеству байт: 25 из 25
// принято с порта: 25 байт

01 00 19 00 FD 00 00 00 00 00 00 00 00 00 00 00 00 00 00 00 00 00 00 51 D7   // прием: 25 байт; 19:48:42:110 27.06.2020
// таймаут: 62 мсек

Чтение адресов и паролей: 36 %

CA E0 EB FE EC ED FB 20 

00 00 09 00 FD 88 17 70 FF   // передача: 9 байт; 19:48:42:110 27.06.2020
// приём по количеству байт: 25 из 25
// принято с порта: 25 байт

01 00 19 00 FD 00 00 00 00 00 00 00 00 00 00 00 00 00 00 00 00 00 00 51 D7   // прием: 25 байт; 19:48:42:157 27.06.2020
// таймаут: 47 мсек

Чтение адресов и паролей: 38 %

CA E0 EB FE EC ED FB 20 

00 00 09 00 FD 88 18 30 FB   // передача: 9 байт; 19:48:42:157 27.06.2020
// приём по количеству байт: 25 из 25
// принято с порта: 25 байт

01 00 19 00 FD 00 00 00 00 00 00 00 00 00 00 00 00 00 00 00 00 00 00 51 D7   // прием: 25 байт; 19:48:42:204 27.06.2020
// таймаут: 47 мсек

Чтение адресов и паролей: 39 %

CA E0 EB FE EC ED FB 20 

00 00 09 00 FD 88 19 F1 3B   // передача: 9 байт; 19:48:42:204 27.06.2020
// приём по количеству байт: 25 из 25
// принято с порта: 25 байт

01 00 19 00 FD 00 00 00 00 00 00 00 00 00 00 00 00 00 00 00 00 00 00 51 D7   // прием: 25 байт; 19:48:42:266 27.06.2020
// таймаут: 62 мсек

Чтение адресов и паролей: 41 %

CA E0 EB FE EC ED FB 20 

00 00 09 00 FD 88 1A B1 3A   // передача: 9 байт; 19:48:42:266 27.06.2020
// приём по количеству байт: 25 из 25
// принято с порта: 25 байт

01 00 19 00 FD 00 00 00 00 00 00 00 00 00 00 00 00 00 00 00 00 00 00 51 D7   // прием: 25 байт; 19:48:42:313 27.06.2020
// таймаут: 47 мсек

Чтение адресов и паролей: 42 %

CA E0 EB FE EC ED FB 20 

00 00 09 00 FD 88 1B 70 FA   // передача: 9 байт; 19:48:42:313 27.06.2020
// приём по количеству байт: 25 из 25
// принято с порта: 25 байт

01 00 19 00 FD 00 00 00 00 00 00 00 00 00 00 00 00 00 00 00 00 00 00 51 D7   // прием: 25 байт; 19:48:42:360 27.06.2020
// таймаут: 47 мсек

Чтение адресов и паролей: 44 %

CA E0 EB FE EC ED FB 20 

00 00 09 00 FD 88 1C 31 38   // передача: 9 байт; 19:48:42:360 27.06.2020
// приём по количеству байт: 25 из 25
// принято с порта: 25 байт

01 00 19 00 FD 00 00 00 00 00 00 00 00 00 00 00 00 00 00 00 00 00 00 51 D7   // прием: 25 байт; 19:48:42:422 27.06.2020
// таймаут: 62 мсек

Чтение адресов и паролей: 46 %

CA E0 EB FE EC ED FB 20 

00 00 09 00 FD 88 1D F0 F8   // передача: 9 байт; 19:48:42:422 27.06.2020
// приём по количеству байт: 25 из 25
// принято с порта: 25 байт

01 00 19 00 FD 00 00 00 00 00 00 00 00 00 00 00 00 00 00 00 00 00 00 51 D7   // прием: 25 байт; 19:48:42:469 27.06.2020
// таймаут: 47 мсек

Чтение адресов и паролей: 47 %

CA E0 EB FE EC ED FB 20 

00 00 09 00 FD 88 1E B0 F9   // передача: 9 байт; 19:48:42:469 27.06.2020
// приём по количеству байт: 25 из 25
// принято с порта: 25 байт

01 00 19 00 FD 00 00 00 00 00 00 00 00 00 00 00 00 00 00 00 00 00 00 51 D7   // прием: 25 байт; 19:48:42:531 27.06.2020
// таймаут: 62 мсек

Чтение адресов и паролей: 49 %

CA E0 EB FE EC ED FB 20 

00 00 09 00 FD 88 1F 71 39   // передача: 9 байт; 19:48:42:531 27.06.2020
// приём по количеству байт: 25 из 25
// принято с порта: 25 байт

01 00 19 00 FD 00 00 00 00 00 00 00 00 00 00 00 00 00 00 00 00 00 00 51 D7   // прием: 25 байт; 19:48:42:578 27.06.2020
// таймаут: 47 мсек

Чтение адресов и паролей: 50 %

CA E0 EB FE EC ED FB 20 

00 00 09 00 FD 88 20 31 29   // передача: 9 байт; 19:48:42:578 27.06.2020
// приём по количеству байт: 25 из 25
// принято с порта: 25 байт

01 00 19 00 FD 00 00 00 00 00 00 00 00 00 00 00 00 00 00 00 00 00 00 51 D7   // прием: 25 байт; 19:48:42:625 27.06.2020
// таймаут: 47 мсек

Чтение адресов и паролей: 52 %

CA E0 EB FE EC ED FB 20 

00 00 09 00 FD 88 21 F0 E9   // передача: 9 байт; 19:48:42:625 27.06.2020
// приём по количеству байт: 25 из 25
// принято с порта: 25 байт

01 00 19 00 FD 00 00 00 00 00 00 00 00 00 00 00 00 00 00 00 00 00 00 51 D7   // прием: 25 байт; 19:48:42:687 27.06.2020
// таймаут: 62 мсек

Чтение адресов и паролей: 53 %

CA E0 EB FE EC ED FB 20 

00 00 09 00 FD 88 22 B0 E8   // передача: 9 байт; 19:48:42:687 27.06.2020
// приём по количеству байт: 25 из 25
// принято с порта: 25 байт

01 00 19 00 FD 00 00 00 00 00 00 00 00 00 00 00 00 00 00 00 00 00 00 51 D7   // прием: 25 байт; 19:48:42:734 27.06.2020
// таймаут: 47 мсек

Чтение адресов и паролей: 55 %

CA E0 EB FE EC ED FB 20 

00 00 09 00 FD 88 23 71 28   // передача: 9 байт; 19:48:42:734 27.06.2020
// приём по количеству байт: 25 из 25
// принято с порта: 25 байт

01 00 19 00 FD 00 00 00 00 00 00 00 00 00 00 00 00 00 00 00 00 00 00 51 D7   // прием: 25 байт; 19:48:42:781 27.06.2020
// таймаут: 47 мсек

Чтение адресов и паролей: 57 %

CA E0 EB FE EC ED FB 20 

00 00 09 00 FD 88 24 30 EA   // передача: 9 байт; 19:48:42:796 27.06.2020
// приём по количеству байт: 25 из 25
// принято с порта: 25 байт

01 00 19 00 FD 00 00 00 00 00 00 00 00 00 00 00 00 00 00 00 00 00 00 51 D7   // прием: 25 байт; 19:48:42:843 27.06.2020
// таймаут: 47 мсек

Чтение адресов и паролей: 58 %

CA E0 EB FE EC ED FB 20 

00 00 09 00 FD 88 25 F1 2A   // передача: 9 байт; 19:48:42:843 27.06.2020
// приём по количеству байт: 25 из 25
// принято с порта: 25 байт

01 00 19 00 FD 00 00 00 00 00 00 00 00 00 00 00 00 00 00 00 00 00 00 51 D7   // прием: 25 байт; 19:48:42:890 27.06.2020
// таймаут: 47 мсек

Чтение адресов и паролей: 60 %

CA E0 EB FE EC ED FB 20 

00 00 09 00 FD 88 26 B1 2B   // передача: 9 байт; 19:48:42:890 27.06.2020
// приём по количеству байт: 25 из 25
// принято с порта: 25 байт

01 00 19 00 FD 00 00 00 00 00 00 00 00 00 00 00 00 00 00 00 00 00 00 51 D7   // прием: 25 байт; 19:48:42:952 27.06.2020
// таймаут: 62 мсек

Чтение адресов и паролей: 61 %

CA E0 EB FE EC ED FB 20 

00 00 09 00 FD 88 27 70 EB   // передача: 9 байт; 19:48:42:952 27.06.2020
// приём по количеству байт: 25 из 25
// принято с порта: 25 байт

01 00 19 00 FD 00 00 00 00 00 00 00 00 00 00 00 00 00 00 00 00 00 00 51 D7   // прием: 25 байт; 19:48:42:999 27.06.2020
// таймаут: 47 мсек

Чтение адресов и паролей: 63 %

CA E0 EB FE EC ED FB 20 

00 00 09 00 FD 88 28 30 EF   // передача: 9 байт; 19:48:42:999 27.06.2020
// приём по количеству байт: 25 из 25
// принято с порта: 25 байт

01 00 19 00 FD 00 00 00 00 00 00 00 00 00 00 00 00 00 00 00 00 00 00 51 D7   // прием: 25 байт; 19:48:43:046 27.06.2020
// таймаут: 47 мсек

Чтение адресов и паролей: 65 %

CA E0 EB FE EC ED FB 20 

00 00 09 00 FD 88 29 F1 2F   // передача: 9 байт; 19:48:43:046 27.06.2020
// приём по количеству байт: 25 из 25
// принято с порта: 25 байт

01 00 19 00 FD 00 00 00 00 00 00 00 00 00 00 00 00 00 00 00 00 00 00 51 D7   // прием: 25 байт; 19:48:43:108 27.06.2020
// таймаут: 62 мсек

Чтение адресов и паролей: 66 %

CA E0 EB FE EC ED FB 20 

00 00 09 00 FD 88 2A B1 2E   // передача: 9 байт; 19:48:43:108 27.06.2020
// приём по количеству байт: 25 из 25
// принято с порта: 25 байт

01 00 19 00 FD 00 00 00 00 00 00 00 00 00 00 00 00 00 00 00 00 00 00 51 D7   // прием: 25 байт; 19:48:43:155 27.06.2020
// таймаут: 47 мсек

Чтение адресов и паролей: 68 %

CA E0 EB FE EC ED FB 20 

00 00 09 00 FD 88 2B 70 EE   // передача: 9 байт; 19:48:43:155 27.06.2020
// приём по количеству байт: 25 из 25
// принято с порта: 25 байт

01 00 19 00 FD 00 00 00 00 00 00 00 00 00 00 00 00 00 00 00 00 00 00 51 D7   // прием: 25 байт; 19:48:43:202 27.06.2020
// таймаут: 47 мсек

Чтение адресов и паролей: 69 %

CA E0 EB FE EC ED FB 20 

00 00 09 00 FD 88 2C 31 2C   // передача: 9 байт; 19:48:43:218 27.06.2020
// приём по количеству байт: 25 из 25
// принято с порта: 25 байт

01 00 19 00 FD 00 00 00 00 00 00 00 00 00 00 00 00 00 00 00 00 00 00 51 D7   // прием: 25 байт; 19:48:43:264 27.06.2020
// таймаут: 46 мсек

Чтение адресов и паролей: 71 %

CA E0 EB FE EC ED FB 20 

00 00 09 00 FD 88 2D F0 EC   // передача: 9 байт; 19:48:43:264 27.06.2020
// приём по количеству байт: 25 из 25
// принято с порта: 25 байт

01 00 19 00 FD 00 00 00 00 00 00 00 00 00 00 00 00 00 00 00 00 00 00 51 D7   // прием: 25 байт; 19:48:43:311 27.06.2020
// таймаут: 47 мсек

Чтение адресов и паролей: 73 %

CA E0 EB FE EC ED FB 20 

00 00 09 00 FD 88 2E B0 ED   // передача: 9 байт; 19:48:43:311 27.06.2020
// приём по количеству байт: 25 из 25
// принято с порта: 25 байт

01 00 19 00 FD 00 00 00 00 00 00 00 00 00 00 00 00 00 00 00 00 00 00 51 D7   // прием: 25 байт; 19:48:43:374 27.06.2020
// таймаут: 63 мсек

Чтение адресов и паролей: 74 %

CA E0 EB FE EC ED FB 20 

00 00 09 00 FD 88 2F 71 2D   // передача: 9 байт; 19:48:43:374 27.06.2020
// приём по количеству байт: 25 из 25
// принято с порта: 25 байт

01 00 19 00 FD 00 00 00 00 00 00 00 00 00 00 00 00 00 00 00 00 00 00 51 D7   // прием: 25 байт; 19:48:43:420 27.06.2020
// таймаут: 46 мсек

Чтение адресов и паролей: 76 %

CA E0 EB FE EC ED FB 20 

00 00 09 00 FD 88 30 30 E5   // передача: 9 байт; 19:48:43:420 27.06.2020
// приём по количеству байт: 25 из 25
// принято с порта: 25 байт

01 00 19 00 FD 00 00 00 00 00 00 00 00 00 00 00 00 00 00 00 00 00 00 51 D7   // прием: 25 байт; 19:48:43:467 27.06.2020
// таймаут: 47 мсек

Чтение адресов и паролей: 77 %

CA E0 EB FE EC ED FB 20 

00 00 09 00 FD 88 31 F1 25   // передача: 9 байт; 19:48:43:467 27.06.2020
// приём по количеству байт: 25 из 25
// принято с порта: 25 байт

01 00 19 00 FD 00 00 00 00 00 00 00 00 00 00 00 00 00 00 00 00 00 00 51 D7   // прием: 25 байт; 19:48:43:530 27.06.2020
// таймаут: 63 мсек

Чтение адресов и паролей: 79 %

CA E0 EB FE EC ED FB 20 

00 00 09 00 FD 88 32 B1 24   // передача: 9 байт; 19:48:43:530 27.06.2020
// приём по количеству байт: 25 из 25
// принято с порта: 25 байт

01 00 19 00 FD 00 00 00 00 00 00 00 00 00 00 00 00 00 00 00 00 00 00 51 D7   // прием: 25 байт; 19:48:43:576 27.06.2020
// таймаут: 46 мсек

Чтение адресов и паролей: 80 %

CA E0 EB FE EC ED FB 20 

00 00 09 00 FD 88 33 70 E4   // передача: 9 байт; 19:48:43:576 27.06.2020
// приём по количеству байт: 25 из 25
// принято с порта: 25 байт

01 00 19 00 FD 00 00 00 00 00 00 00 00 00 00 00 00 00 00 00 00 00 00 51 D7   // прием: 25 байт; 19:48:43:639 27.06.2020
// таймаут: 63 мсек

Чтение адресов и паролей: 82 %

CA E0 EB FE EC ED FB 20 

00 00 09 00 FD 88 34 31 26   // передача: 9 байт; 19:48:43:639 27.06.2020
// приём по количеству байт: 25 из 25
// принято с порта: 25 байт

01 00 19 00 FD 00 00 00 00 00 00 00 00 00 00 00 00 00 00 00 00 00 00 51 D7   // прием: 25 байт; 19:48:43:686 27.06.2020
// таймаут: 47 мсек

Чтение адресов и паролей: 84 %

CA E0 EB FE EC ED FB 20 

00 00 09 00 FD 88 35 F0 E6   // передача: 9 байт; 19:48:43:686 27.06.2020
// приём по количеству байт: 25 из 25
// принято с порта: 25 байт

01 00 19 00 FD 00 00 00 00 00 00 00 00 00 00 00 00 00 00 00 00 00 00 51 D7   // прием: 25 байт; 19:48:43:732 27.06.2020
// таймаут: 46 мсек

Чтение адресов и паролей: 85 %

CA E0 EB FE EC ED FB 20 

00 00 09 00 FD 88 36 B0 E7   // передача: 9 байт; 19:48:43:732 27.06.2020
// приём по количеству байт: 25 из 25
// принято с порта: 25 байт

01 00 19 00 FD 00 00 00 00 00 00 00 00 00 00 00 00 00 00 00 00 00 00 51 D7   // прием: 25 байт; 19:48:43:795 27.06.2020
// таймаут: 63 мсек

Чтение адресов и паролей: 87 %

CA E0 EB FE EC ED FB 20 

00 00 09 00 FD 88 37 71 27   // передача: 9 байт; 19:48:43:795 27.06.2020
// приём по количеству байт: 25 из 25
// принято с порта: 25 байт

01 00 19 00 FD 00 00 00 00 00 00 00 00 00 00 00 00 00 00 00 00 00 00 51 D7   // прием: 25 байт; 19:48:43:842 27.06.2020
// таймаут: 47 мсек

Чтение адресов и паролей: 88 %

CA E0 EB FE EC ED FB 20 

00 00 09 00 FD 88 38 31 23   // передача: 9 байт; 19:48:43:842 27.06.2020
// приём по количеству байт: 25 из 25
// принято с порта: 25 байт

01 00 19 00 FD 00 00 00 00 00 00 00 00 00 00 00 00 00 00 00 00 00 00 51 D7   // прием: 25 байт; 19:48:43:888 27.06.2020
// таймаут: 46 мсек

Чтение адресов и паролей: 90 %

CA E0 EB FE EC ED FB 20 

00 00 09 00 FD 88 39 F0 E3   // передача: 9 байт; 19:48:43:904 27.06.2020
// приём по количеству байт: 25 из 25
// принято с порта: 25 байт

01 00 19 00 FD 00 00 00 00 00 00 00 00 00 00 00 00 00 00 00 00 00 00 51 D7   // прием: 25 байт; 19:48:43:951 27.06.2020
// таймаут: 47 мсек

Чтение адресов и паролей: 92 %

CA E0 EB FE EC ED FB 20 

00 00 09 00 FD 88 3A B0 E2   // передача: 9 байт; 19:48:43:951 27.06.2020
// приём по количеству байт: 25 из 25
// принято с порта: 25 байт

01 00 19 00 FD 00 00 00 00 00 00 00 00 00 00 00 00 00 00 00 00 00 00 51 D7   // прием: 25 байт; 19:48:43:998 27.06.2020
// таймаут: 47 мсек

Чтение адресов и паролей: 93 %

CA E0 EB FE EC ED FB 20 

00 00 09 00 FD 88 3B 71 22   // передача: 9 байт; 19:48:43:998 27.06.2020
// приём по количеству байт: 25 из 25
// принято с порта: 25 байт

01 00 19 00 FD 00 00 00 00 00 00 00 00 00 00 00 00 00 00 00 00 00 00 51 D7   // прием: 25 байт; 19:48:44:060 27.06.2020
// таймаут: 62 мсек

Чтение адресов и паролей: 95 %

CA E0 EB FE EC ED FB 20 

00 00 09 00 FD 88 3C 30 E0   // передача: 9 байт; 19:48:44:060 27.06.2020
// приём по количеству байт: 25 из 25
// принято с порта: 25 байт

01 00 19 00 FD 00 00 00 00 00 00 00 00 00 00 00 00 00 00 00 00 00 00 51 D7   // прием: 25 байт; 19:48:44:107 27.06.2020
// таймаут: 47 мсек

Чтение адресов и паролей: 96 %

CA E0 EB FE EC ED FB 20 

00 00 09 00 FD 88 3D F1 20   // передача: 9 байт; 19:48:44:107 27.06.2020
// приём по количеству байт: 25 из 25
// принято с порта: 25 байт

01 00 19 00 FD 00 00 00 00 00 00 00 00 00 00 00 00 00 00 00 00 00 00 51 D7   // прием: 25 байт; 19:48:44:154 27.06.2020
// таймаут: 47 мсек

Чтение адресов и паролей: 98 %

CA E0 EB FE EC ED FB 20 

00 00 09 00 FD 88 3E B1 21   // передача: 9 байт; 19:48:44:154 27.06.2020
// приём по количеству байт: 25 из 25
// принято с порта: 25 байт

01 00 19 00 FD 00 00 00 00 00 00 00 00 00 00 00 00 00 00 00 00 00 00 51 D7   // прием: 25 байт; 19:48:44:216 27.06.2020
// таймаут: 62 мсек

Чтение адресов и паролей: 100 %

CA E0 EB FE EC ED FB 20 

00 00 09 00 FD 88 3F 70 E1   // передача: 9 байт; 19:48:44:216 27.06.2020
// приём по количеству байт: 25 из 25
// принято с порта: 25 байт

01 00 19 00 FD 00 00 00 00 00 00 00 00 00 00 00 00 00 00 00 00 00 00 51 D7   // прием: 25 байт; 19:48:44:263 27.06.2020
// таймаут: 47 мсек

Чтение адресов и паролей: 100 %

// О программе
