Чтение адресов и паролей

CA E0 EB FE EC ED FB 20 

00 00 09 00 FF 88 00 91 31   // передача: 9 байт; 19:12:00:273 27.06.2020
// приём по таймауту: 1000 мс
// принято с порта: 0 байт
повтор: 1

CA E0 EB FE EC ED FB 20 

00 00 09 00 FF 88 00 91 31   // передача: 9 байт; 19:12:01:273 27.06.2020
// приём по таймауту: 1000 мс
// принято с порта: 0 байт
повтор: 2

CA E0 EB FE EC ED FB 20 

00 00 09 00 FF 88 00 91 31   // передача: 9 байт; 19:12:02:287 27.06.2020
// приём по таймауту: 1000 мс
// принято с порта: 0 байт
повтор: 3

CA E0 EB FE EC ED FB 20 

00 00 09 00 FF 88 00 91 31   // передача: 9 байт; 19:12:03:301 27.06.2020
// приём по таймауту: 1000 мс
// принято с порта: 0 байт
повтор: 4

CA E0 EB FE EC ED FB 20 

00 00 09 00 FF 88 00 91 31   // передача: 9 байт; 19:12:04:367 27.06.2020
// приём по таймауту: 1000 мс
// принято с порта: 0 байт
повтор: 5

CA E0 EB FE EC ED FB 20 

00 00 09 00 FF 88 00 91 31   // передача: 9 байт; 19:12:05:398 27.06.2020
// приём по таймауту: 1000 мс
// принято с порта: 0 байт
Чтение адресов и паролей

CA E0 EB FE EC ED FB 20 

00 00 09 00 FF 88 00 91 31   // передача: 9 байт; 19:12:16:599 27.06.2020
// приём по таймауту: 1000 мс
// принято с порта: 0 байт

// О программе
