Чтение адресов и паролей

CA E0 EB FE EC ED FB 20 

00 00 09 00 FF 88 00 91 31   // передача: 9 байт; 19:12:53:943 27.06.2020
// приём по количеству байт: 15 из 15
// принято с порта: 15 байт

01 00 0F 00 FF 00 00 00 00 00 00 00 00 74 8A   // прием: 15 байт; 19:12:53:984 27.06.2020
// таймаут: 41 мсек

Чтение адресов и паролей: 1 %

CA E0 EB FE EC ED FB 20 

00 00 09 00 FF 88 01 50 F1   // передача: 9 байт; 19:12:53:985 27.06.2020
// приём по количеству байт: 15 из 15
// принято с порта: 15 байт

01 00 0F 00 FF 00 00 00 00 00 00 00 00 74 8A   // прием: 15 байт; 19:12:54:026 27.06.2020
// таймаут: 41 мсек

Чтение адресов и паролей: 3 %

CA E0 EB FE EC ED FB 20 

00 00 09 00 FF 88 02 10 F0   // передача: 9 байт; 19:12:54:027 27.06.2020
// приём по количеству байт: 15 из 15
// принято с порта: 15 байт

01 00 0F 00 FF 00 00 00 00 00 00 00 00 74 8A   // прием: 15 байт; 19:12:54:068 27.06.2020
// таймаут: 41 мсек

Чтение адресов и паролей: 4 %

CA E0 EB FE EC ED FB 20 

00 00 09 00 FF 88 03 D1 30   // передача: 9 байт; 19:12:54:069 27.06.2020
// приём по количеству байт: 15 из 15
// принято с порта: 15 байт

01 00 0F 00 FF 00 00 00 00 00 00 00 00 74 8A   // прием: 15 байт; 19:12:54:110 27.06.2020
// таймаут: 41 мсек

Чтение адресов и паролей: 6 %

CA E0 EB FE EC ED FB 20 

00 00 09 00 FF 88 04 90 F2   // передача: 9 байт; 19:12:54:111 27.06.2020
// приём по количеству байт: 15 из 15
// принято с порта: 15 байт

01 00 0F 00 FF 00 00 00 00 00 00 00 00 74 8A   // прием: 15 байт; 19:12:54:152 27.06.2020
// таймаут: 41 мсек

Чтение адресов и паролей: 7 %

CA E0 EB FE EC ED FB 20 

00 00 09 00 FF 88 05 51 32   // передача: 9 байт; 19:12:54:153 27.06.2020
// приём по количеству байт: 15 из 15
// принято с порта: 15 байт

01 00 0F 00 FF 00 00 00 00 00 00 00 00 74 8A   // прием: 15 байт; 19:12:54:194 27.06.2020
// таймаут: 41 мсек

Чтение адресов и паролей: 9 %

CA E0 EB FE EC ED FB 20 

00 00 09 00 FF 88 06 11 33   // передача: 9 байт; 19:12:54:195 27.06.2020
// приём по количеству байт: 15 из 15
// принято с порта: 15 байт

01 00 0F 00 FF 00 00 00 00 00 00 00 00 74 8A   // прием: 15 байт; 19:12:54:236 27.06.2020
// таймаут: 41 мсек

Чтение адресов и паролей: 11 %

CA E0 EB FE EC ED FB 20 

00 00 09 00 FF 88 07 D0 F3   // передача: 9 байт; 19:12:54:237 27.06.2020
// приём по количеству байт: 15 из 15
// принято с порта: 15 байт

01 00 0F 00 FF 00 00 00 00 00 00 00 00 74 8A   // прием: 15 байт; 19:12:54:278 27.06.2020
// таймаут: 41 мсек

Чтение адресов и паролей: 12 %

CA E0 EB FE EC ED FB 20 

00 00 09 00 FF 88 08 90 F7   // передача: 9 байт; 19:12:54:279 27.06.2020
// приём по количеству байт: 15 из 15
// принято с порта: 15 байт

01 00 0F 00 FF 00 00 00 00 00 00 00 00 74 8A   // прием: 15 байт; 19:12:54:320 27.06.2020
// таймаут: 41 мсек

Чтение адресов и паролей: 14 %

CA E0 EB FE EC ED FB 20 

00 00 09 00 FF 88 09 51 37   // передача: 9 байт; 19:12:54:321 27.06.2020
// приём по количеству байт: 15 из 15
// принято с порта: 15 байт

01 00 0F 00 FF 00 00 00 00 00 00 00 00 74 8A   // прием: 15 байт; 19:12:54:362 27.06.2020
// таймаут: 41 мсек

Чтение адресов и паролей: 15 %

CA E0 EB FE EC ED FB 20 

00 00 09 00 FF 88 0A 11 36   // передача: 9 байт; 19:12:54:363 27.06.2020
// приём по количеству байт: 15 из 15
// принято с порта: 15 байт

01 00 0F 00 FF 00 00 00 00 00 00 00 00 74 8A   // прием: 15 байт; 19:12:54:404 27.06.2020
// таймаут: 41 мсек

Чтение адресов и паролей: 17 %

CA E0 EB FE EC ED FB 20 

00 00 09 00 FF 88 0B D0 F6   // передача: 9 байт; 19:12:54:405 27.06.2020
// приём по количеству байт: 15 из 15
// принято с порта: 15 байт

01 00 0F 00 FF 00 00 00 00 00 00 00 00 74 8A   // прием: 15 байт; 19:12:54:446 27.06.2020
// таймаут: 41 мсек

Чтение адресов и паролей: 19 %

CA E0 EB FE EC ED FB 20 

00 00 09 00 FF 88 0C 91 34   // передача: 9 байт; 19:12:54:447 27.06.2020
// приём по количеству байт: 15 из 15
// принято с порта: 15 байт

01 00 0F 00 FF 00 00 00 00 00 00 00 00 74 8A   // прием: 15 байт; 19:12:54:488 27.06.2020
// таймаут: 41 мсек

Чтение адресов и паролей: 20 %

CA E0 EB FE EC ED FB 20 

00 00 09 00 FF 88 0D 50 F4   // передача: 9 байт; 19:12:54:489 27.06.2020
// приём по количеству байт: 15 из 15
// принято с порта: 15 байт

01 00 0F 00 FF 00 00 00 00 00 00 00 00 74 8A   // прием: 15 байт; 19:12:54:530 27.06.2020
// таймаут: 41 мсек

Чтение адресов и паролей: 22 %

CA E0 EB FE EC ED FB 20 

00 00 09 00 FF 88 0E 10 F5   // передача: 9 байт; 19:12:54:531 27.06.2020
// приём по количеству байт: 15 из 15
// принято с порта: 15 байт

01 00 0F 00 FF 00 00 00 00 00 00 00 00 74 8A   // прием: 15 байт; 19:12:54:572 27.06.2020
// таймаут: 41 мсек

Чтение адресов и паролей: 23 %

CA E0 EB FE EC ED FB 20 

00 00 09 00 FF 88 0F D1 35   // передача: 9 байт; 19:12:54:574 27.06.2020
// приём по количеству байт: 15 из 15
// принято с порта: 15 байт

01 00 0F 00 FF 00 00 00 00 00 00 00 00 74 8A   // прием: 15 байт; 19:12:54:615 27.06.2020
// таймаут: 41 мсек

Чтение адресов и паролей: 25 %

CA E0 EB FE EC ED FB 20 

00 00 09 00 FF 88 10 90 FD   // передача: 9 байт; 19:12:54:616 27.06.2020
// приём по количеству байт: 15 из 15
// принято с порта: 15 байт

01 00 0F 00 FF 00 00 00 00 00 00 00 00 74 8A   // прием: 15 байт; 19:12:54:657 27.06.2020
// таймаут: 41 мсек

Чтение адресов и паролей: 26 %

CA E0 EB FE EC ED FB 20 

00 00 09 00 FF 88 11 51 3D   // передача: 9 байт; 19:12:54:658 27.06.2020
// приём по количеству байт: 15 из 15
// принято с порта: 15 байт

01 00 0F 00 FF 00 00 00 00 00 00 00 00 74 8A   // прием: 15 байт; 19:12:54:699 27.06.2020
// таймаут: 41 мсек

Чтение адресов и паролей: 28 %

CA E0 EB FE EC ED FB 20 

00 00 09 00 FF 88 12 11 3C   // передача: 9 байт; 19:12:54:700 27.06.2020
// приём по количеству байт: 15 из 15
// принято с порта: 15 байт

01 00 0F 00 FF 00 00 00 00 00 00 00 00 74 8A   // прием: 15 байт; 19:12:54:741 27.06.2020
// таймаут: 41 мсек

Чтение адресов и паролей: 30 %

CA E0 EB FE EC ED FB 20 

00 00 09 00 FF 88 13 D0 FC   // передача: 9 байт; 19:12:54:742 27.06.2020
// приём по количеству байт: 15 из 15
// принято с порта: 15 байт

01 00 0F 00 FF 00 00 00 00 00 00 00 00 74 8A   // прием: 15 байт; 19:12:54:783 27.06.2020
// таймаут: 41 мсек

Чтение адресов и паролей: 31 %

CA E0 EB FE EC ED FB 20 

00 00 09 00 FF 88 14 91 3E   // передача: 9 байт; 19:12:54:784 27.06.2020
// приём по количеству байт: 15 из 15
// принято с порта: 15 байт

01 00 0F 00 FF 00 00 00 00 00 00 00 00 74 8A   // прием: 15 байт; 19:12:54:825 27.06.2020
// таймаут: 41 мсек

Чтение адресов и паролей: 33 %

CA E0 EB FE EC ED FB 20 

00 00 09 00 FF 88 15 50 FE   // передача: 9 байт; 19:12:54:826 27.06.2020
// приём по количеству байт: 15 из 15
// принято с порта: 15 байт

01 00 0F 00 FF 00 00 00 00 00 00 00 00 74 8A   // прием: 15 байт; 19:12:54:868 27.06.2020
// таймаут: 42 мсек

Чтение адресов и паролей: 34 %

CA E0 EB FE EC ED FB 20 

00 00 09 00 FF 88 16 10 FF   // передача: 9 байт; 19:12:54:869 27.06.2020
// приём по количеству байт: 15 из 15
// принято с порта: 15 байт

01 00 0F 00 FF 00 00 00 00 00 00 00 00 74 8A   // прием: 15 байт; 19:12:54:910 27.06.2020
// таймаут: 41 мсек

Чтение адресов и паролей: 36 %

CA E0 EB FE EC ED FB 20 

00 00 09 00 FF 88 17 D1 3F   // передача: 9 байт; 19:12:54:912 27.06.2020
// приём по количеству байт: 15 из 15
// принято с порта: 15 байт

01 00 0F 00 FF 00 00 00 00 00 00 00 00 74 8A   // прием: 15 байт; 19:12:54:953 27.06.2020
// таймаут: 41 мсек

Чтение адресов и паролей: 38 %

CA E0 EB FE EC ED FB 20 

00 00 09 00 FF 88 18 91 3B   // передача: 9 байт; 19:12:54:954 27.06.2020
// приём по количеству байт: 15 из 15
// принято с порта: 15 байт

01 00 0F 00 FF 00 00 00 00 00 00 00 00 74 8A   // прием: 15 байт; 19:12:54:995 27.06.2020
// таймаут: 41 мсек

Чтение адресов и паролей: 39 %

CA E0 EB FE EC ED FB 20 

00 00 09 00 FF 88 19 50 FB   // передача: 9 байт; 19:12:54:996 27.06.2020
// приём по количеству байт: 15 из 15
// принято с порта: 15 байт

01 00 0F 00 FF 00 00 00 00 00 00 00 00 74 8A   // прием: 15 байт; 19:12:55:037 27.06.2020
// таймаут: 41 мсек

Чтение адресов и паролей: 41 %

CA E0 EB FE EC ED FB 20 

00 00 09 00 FF 88 1A 10 FA   // передача: 9 байт; 19:12:55:038 27.06.2020
// приём по количеству байт: 15 из 15
// принято с порта: 15 байт

01 00 0F 00 FF 00 00 00 00 00 00 00 00 74 8A   // прием: 15 байт; 19:12:55:079 27.06.2020
// таймаут: 41 мсек

Чтение адресов и паролей: 42 %

CA E0 EB FE EC ED FB 20 

00 00 09 00 FF 88 1B D1 3A   // передача: 9 байт; 19:12:55:080 27.06.2020
// приём по количеству байт: 15 из 15
// принято с порта: 15 байт

01 00 0F 00 FF 00 00 00 00 00 00 00 00 74 8A   // прием: 15 байт; 19:12:55:121 27.06.2020
// таймаут: 41 мсек

Чтение адресов и паролей: 44 %

CA E0 EB FE EC ED FB 20 

00 00 09 00 FF 88 1C 90 F8   // передача: 9 байт; 19:12:55:122 27.06.2020
// приём по количеству байт: 15 из 15
// принято с порта: 15 байт

01 00 0F 00 FF 00 00 00 00 00 00 00 00 74 8A   // прием: 15 байт; 19:12:55:163 27.06.2020
// таймаут: 41 мсек

Чтение адресов и паролей: 46 %

CA E0 EB FE EC ED FB 20 

00 00 09 00 FF 88 1D 51 38   // передача: 9 байт; 19:12:55:164 27.06.2020
// приём по количеству байт: 15 из 15
// принято с порта: 15 байт

01 00 0F 00 FF 00 00 00 00 00 00 00 00 74 8A   // прием: 15 байт; 19:12:55:205 27.06.2020
// таймаут: 41 мсек

Чтение адресов и паролей: 47 %

CA E0 EB FE EC ED FB 20 

00 00 09 00 FF 88 1E 11 39   // передача: 9 байт; 19:12:55:207 27.06.2020
// приём по количеству байт: 15 из 15
// принято с порта: 15 байт

01 00 0F 00 FF 00 00 00 00 00 00 00 00 74 8A   // прием: 15 байт; 19:12:55:247 27.06.2020
// таймаут: 40 мсек

Чтение адресов и паролей: 49 %

CA E0 EB FE EC ED FB 20 

00 00 09 00 FF 88 1F D0 F9   // передача: 9 байт; 19:12:55:249 27.06.2020
// приём по количеству байт: 15 из 15
// принято с порта: 15 байт

01 00 0F 00 FF 00 00 00 00 00 00 00 00 74 8A   // прием: 15 байт; 19:12:55:290 27.06.2020
// таймаут: 41 мсек

Чтение адресов и паролей: 50 %

CA E0 EB FE EC ED FB 20 

00 00 09 00 FF 88 20 90 E9   // передача: 9 байт; 19:12:55:291 27.06.2020
// приём по количеству байт: 15 из 15
// принято с порта: 15 байт

01 00 0F 00 FF 00 00 00 00 00 00 00 00 74 8A   // прием: 15 байт; 19:12:55:332 27.06.2020
// таймаут: 41 мсек

Чтение адресов и паролей: 52 %

CA E0 EB FE EC ED FB 20 

00 00 09 00 FF 88 21 51 29   // передача: 9 байт; 19:12:55:333 27.06.2020
// приём по количеству байт: 15 из 15
// принято с порта: 15 байт

01 00 0F 00 FF 00 00 00 00 00 00 00 00 74 8A   // прием: 15 байт; 19:12:55:374 27.06.2020
// таймаут: 41 мсек

Чтение адресов и паролей: 53 %

CA E0 EB FE EC ED FB 20 

00 00 09 00 FF 88 22 11 28   // передача: 9 байт; 19:12:55:375 27.06.2020
// приём по количеству байт: 15 из 15
// принято с порта: 15 байт

01 00 0F 00 FF 00 00 00 00 00 00 00 00 74 8A   // прием: 15 байт; 19:12:55:416 27.06.2020
// таймаут: 41 мсек

Чтение адресов и паролей: 55 %

CA E0 EB FE EC ED FB 20 

00 00 09 00 FF 88 23 D0 E8   // передача: 9 байт; 19:12:55:417 27.06.2020
// приём по количеству байт: 15 из 15
// принято с порта: 15 байт

01 00 0F 00 FF 00 00 00 00 00 00 00 00 74 8A   // прием: 15 байт; 19:12:55:458 27.06.2020
// таймаут: 41 мсек

Чтение адресов и паролей: 57 %

CA E0 EB FE EC ED FB 20 

00 00 09 00 FF 88 24 91 2A   // передача: 9 байт; 19:12:55:459 27.06.2020
// приём по количеству байт: 15 из 15
// принято с порта: 15 байт

01 00 0F 00 FF 00 00 00 00 00 00 00 00 74 8A   // прием: 15 байт; 19:12:55:500 27.06.2020
// таймаут: 41 мсек

Чтение адресов и паролей: 58 %

CA E0 EB FE EC ED FB 20 

00 00 09 00 FF 88 25 50 EA   // передача: 9 байт; 19:12:55:501 27.06.2020
// приём по количеству байт: 15 из 15
// принято с порта: 15 байт

01 00 0F 00 FF 00 00 00 00 00 00 00 00 74 8A   // прием: 15 байт; 19:12:55:542 27.06.2020
// таймаут: 41 мсек

Чтение адресов и паролей: 60 %

CA E0 EB FE EC ED FB 20 

00 00 09 00 FF 88 26 10 EB   // передача: 9 байт; 19:12:55:544 27.06.2020
// приём по количеству байт: 15 из 15
// принято с порта: 15 байт

01 00 0F 00 FF 00 00 00 00 00 00 00 00 74 8A   // прием: 15 байт; 19:12:55:585 27.06.2020
// таймаут: 41 мсек

Чтение адресов и паролей: 61 %

CA E0 EB FE EC ED FB 20 

00 00 09 00 FF 88 27 D1 2B   // передача: 9 байт; 19:12:55:586 27.06.2020
// приём по количеству байт: 15 из 15
// принято с порта: 15 байт

01 00 0F 00 FF 00 00 00 00 00 00 00 00 74 8A   // прием: 15 байт; 19:12:55:627 27.06.2020
// таймаут: 41 мсек

Чтение адресов и паролей: 63 %

CA E0 EB FE EC ED FB 20 

00 00 09 00 FF 88 28 91 2F   // передача: 9 байт; 19:12:55:628 27.06.2020
// приём по количеству байт: 15 из 15
// принято с порта: 15 байт

01 00 0F 00 FF 00 00 00 00 00 00 00 00 74 8A   // прием: 15 байт; 19:12:55:669 27.06.2020
// таймаут: 41 мсек

Чтение адресов и паролей: 65 %

CA E0 EB FE EC ED FB 20 

00 00 09 00 FF 88 29 50 EF   // передача: 9 байт; 19:12:55:670 27.06.2020
// приём по количеству байт: 15 из 15
// принято с порта: 15 байт

01 00 0F 00 FF 00 00 00 00 00 00 00 00 74 8A   // прием: 15 байт; 19:12:55:711 27.06.2020
// таймаут: 41 мсек

Чтение адресов и паролей: 66 %

CA E0 EB FE EC ED FB 20 

00 00 09 00 FF 88 2A 10 EE   // передача: 9 байт; 19:12:55:712 27.06.2020
// приём по количеству байт: 15 из 15
// принято с порта: 15 байт

01 00 0F 00 FF 00 00 00 00 00 00 00 00 74 8A   // прием: 15 байт; 19:12:55:753 27.06.2020
// таймаут: 41 мсек

Чтение адресов и паролей: 68 %

CA E0 EB FE EC ED FB 20 

00 00 09 00 FF 88 2B D1 2E   // передача: 9 байт; 19:12:55:754 27.06.2020
// приём по количеству байт: 15 из 15
// принято с порта: 15 байт

01 00 0F 00 FF 00 00 00 00 00 00 00 00 74 8A   // прием: 15 байт; 19:12:55:795 27.06.2020
// таймаут: 41 мсек

Чтение адресов и паролей: 69 %

CA E0 EB FE EC ED FB 20 

00 00 09 00 FF 88 2C 90 EC   // передача: 9 байт; 19:12:55:797 27.06.2020
// приём по количеству байт: 15 из 15
// принято с порта: 15 байт

01 00 0F 00 FF 00 00 00 00 00 00 00 00 74 8A   // прием: 15 байт; 19:12:55:838 27.06.2020
// таймаут: 41 мсек

Чтение адресов и паролей: 71 %

CA E0 EB FE EC ED FB 20 

00 00 09 00 FF 88 2D 51 2C   // передача: 9 байт; 19:12:55:839 27.06.2020
// приём по количеству байт: 15 из 15
// принято с порта: 15 байт

01 00 0F 00 FF 00 00 00 00 00 00 00 00 74 8A   // прием: 15 байт; 19:12:55:880 27.06.2020
// таймаут: 41 мсек

Чтение адресов и паролей: 73 %

CA E0 EB FE EC ED FB 20 

00 00 09 00 FF 88 2E 11 2D   // передача: 9 байт; 19:12:55:881 27.06.2020
// приём по количеству байт: 15 из 15
// принято с порта: 15 байт

01 00 0F 00 FF 00 00 00 00 00 00 00 00 74 8A   // прием: 15 байт; 19:12:55:922 27.06.2020
// таймаут: 41 мсек

Чтение адресов и паролей: 74 %

CA E0 EB FE EC ED FB 20 

00 00 09 00 FF 88 2F D0 ED   // передача: 9 байт; 19:12:55:923 27.06.2020
// приём по количеству байт: 15 из 15
// принято с порта: 15 байт

01 00 0F 00 FF 00 00 00 00 00 00 00 00 74 8A   // прием: 15 байт; 19:12:55:964 27.06.2020
// таймаут: 41 мсек

Чтение адресов и паролей: 76 %

CA E0 EB FE EC ED FB 20 

00 00 09 00 FF 88 30 91 25   // передача: 9 байт; 19:12:55:965 27.06.2020
// приём по количеству байт: 15 из 15
// принято с порта: 15 байт

01 00 0F 00 FF 00 00 00 00 00 00 00 00 74 8A   // прием: 15 байт; 19:12:56:006 27.06.2020
// таймаут: 41 мсек

Чтение адресов и паролей: 77 %

CA E0 EB FE EC ED FB 20 

00 00 09 00 FF 88 31 50 E5   // передача: 9 байт; 19:12:56:008 27.06.2020
// приём по количеству байт: 15 из 15
// принято с порта: 15 байт

01 00 0F 00 FF 00 00 00 00 00 00 00 00 74 8A   // прием: 15 байт; 19:12:56:048 27.06.2020
// таймаут: 40 мсек

Чтение адресов и паролей: 79 %

CA E0 EB FE EC ED FB 20 

00 00 09 00 FF 88 32 10 E4   // передача: 9 байт; 19:12:56:050 27.06.2020
// приём по количеству байт: 15 из 15
// принято с порта: 15 байт

01 00 0F 00 FF 00 00 00 00 00 00 00 00 74 8A   // прием: 15 байт; 19:12:56:091 27.06.2020
// таймаут: 41 мсек

Чтение адресов и паролей: 80 %

CA E0 EB FE EC ED FB 20 

00 00 09 00 FF 88 33 D1 24   // передача: 9 байт; 19:12:56:092 27.06.2020
// приём по количеству байт: 15 из 15
// принято с порта: 15 байт

01 00 0F 00 FF 00 00 00 00 00 00 00 00 74 8A   // прием: 15 байт; 19:12:56:133 27.06.2020
// таймаут: 41 мсек

Чтение адресов и паролей: 82 %

CA E0 EB FE EC ED FB 20 

00 00 09 00 FF 88 34 90 E6   // передача: 9 байт; 19:12:56:134 27.06.2020
// приём по количеству байт: 15 из 15
// принято с порта: 15 байт

01 00 0F 00 FF 00 00 00 00 00 00 00 00 74 8A   // прием: 15 байт; 19:12:56:175 27.06.2020
// таймаут: 41 мсек

Чтение адресов и паролей: 84 %

CA E0 EB FE EC ED FB 20 

00 00 09 00 FF 88 35 51 26   // передача: 9 байт; 19:12:56:176 27.06.2020
// приём по количеству байт: 15 из 15
// принято с порта: 15 байт

01 00 0F 00 FF 00 00 00 00 00 00 00 00 74 8A   // прием: 15 байт; 19:12:56:217 27.06.2020
// таймаут: 41 мсек

Чтение адресов и паролей: 85 %

CA E0 EB FE EC ED FB 20 

00 00 09 00 FF 88 36 11 27   // передача: 9 байт; 19:12:56:219 27.06.2020
// приём по количеству байт: 15 из 15
// принято с порта: 15 байт

01 00 0F 00 FF 00 00 00 00 00 00 00 00 74 8A   // прием: 15 байт; 19:12:56:259 27.06.2020
// таймаут: 40 мсек

Чтение адресов и паролей: 87 %

CA E0 EB FE EC ED FB 20 

00 00 09 00 FF 88 37 D0 E7   // передача: 9 байт; 19:12:56:261 27.06.2020
// приём по количеству байт: 15 из 15
// принято с порта: 15 байт

01 00 0F 00 FF 00 00 00 00 00 00 00 00 74 8A   // прием: 15 байт; 19:12:56:302 27.06.2020
// таймаут: 41 мсек

Чтение адресов и паролей: 88 %

CA E0 EB FE EC ED FB 20 

00 00 09 00 FF 88 38 90 E3   // передача: 9 байт; 19:12:56:303 27.06.2020
// приём по количеству байт: 15 из 15
// принято с порта: 15 байт

01 00 0F 00 FF 00 00 00 00 00 00 00 00 74 8A   // прием: 15 байт; 19:12:56:344 27.06.2020
// таймаут: 41 мсек

Чтение адресов и паролей: 90 %

CA E0 EB FE EC ED FB 20 

00 00 09 00 FF 88 39 51 23   // передача: 9 байт; 19:12:56:345 27.06.2020
// приём по количеству байт: 15 из 15
// принято с порта: 15 байт

01 00 0F 00 FF 00 00 00 00 00 00 00 00 74 8A   // прием: 15 байт; 19:12:56:386 27.06.2020
// таймаут: 41 мсек

Чтение адресов и паролей: 92 %

CA E0 EB FE EC ED FB 20 

00 00 09 00 FF 88 3A 11 22   // передача: 9 байт; 19:12:56:387 27.06.2020
// приём по количеству байт: 15 из 15
// принято с порта: 15 байт

01 00 0F 00 FF 00 00 00 00 00 00 00 00 74 8A   // прием: 15 байт; 19:12:56:428 27.06.2020
// таймаут: 41 мсек

Чтение адресов и паролей: 93 %

CA E0 EB FE EC ED FB 20 

00 00 09 00 FF 88 3B D0 E2   // передача: 9 байт; 19:12:56:430 27.06.2020
// приём по количеству байт: 15 из 15
// принято с порта: 15 байт

01 00 0F 00 FF 00 00 00 00 00 00 00 00 74 8A   // прием: 15 байт; 19:12:56:471 27.06.2020
// таймаут: 41 мсек

Чтение адресов и паролей: 95 %

CA E0 EB FE EC ED FB 20 

00 00 09 00 FF 88 3C 91 20   // передача: 9 байт; 19:12:56:472 27.06.2020
// приём по количеству байт: 15 из 15
// принято с порта: 15 байт

01 00 0F 00 FF 00 00 00 00 00 00 00 00 74 8A   // прием: 15 байт; 19:12:56:513 27.06.2020
// таймаут: 41 мсек

Чтение адресов и паролей: 96 %

CA E0 EB FE EC ED FB 20 

00 00 09 00 FF 88 3D 50 E0   // передача: 9 байт; 19:12:56:514 27.06.2020
// приём по количеству байт: 15 из 15
// принято с порта: 15 байт

01 00 0F 00 FF 00 00 00 00 00 00 00 00 74 8A   // прием: 15 байт; 19:12:56:555 27.06.2020
// таймаут: 41 мсек

Чтение адресов и паролей: 98 %

CA E0 EB FE EC ED FB 20 

00 00 09 00 FF 88 3E 10 E1   // передача: 9 байт; 19:12:56:556 27.06.2020
// приём по количеству байт: 15 из 15
// принято с порта: 15 байт

01 00 0F 00 FF 00 00 00 00 00 00 00 00 74 8A   // прием: 15 байт; 19:12:56:597 27.06.2020
// таймаут: 41 мсек

Чтение адресов и паролей: 100 %

CA E0 EB FE EC ED FB 20 

00 00 09 00 FF 88 3F D1 21   // передача: 9 байт; 19:12:56:599 27.06.2020
// приём по количеству байт: 15 из 15
// принято с порта: 15 байт

01 00 0F 00 FF 00 00 00 00 00 00 00 00 74 8A   // прием: 15 байт; 19:12:56:640 27.06.2020
// таймаут: 41 мсек

Чтение адресов и паролей: 100 %

// О программе
