OnTapiStatus event
событие: Dialing... 029-190-59-08
OnTapiStatus event
событие: Proceeding... 029-190-59-08
OnTapiStatus event
Last event
OnTapiPortOpen event
OnTapiConnect event
установлено соединение на скорости 9600

CA E0 EB FE EC ED FB 20 

00 00 08 00 F6 0C 45 DE   // передача: 8 байт; 19:22:15:103 20.05.2019
// приём по количеству байт: 9 из 9
// принято с порта: 9 байт

01 00 09 00 F6 00 00 37 F3   // прием: 9 байт; 19:22:16:392 20.05.2019
// таймаут: 1289 мсек


CA E0 EB FE EC ED FB 20 

00 00 07 00 F7 D4 47   // передача: 7 байт; 19:22:16:393 20.05.2019
// приём по количеству байт: 39 из 39
// принято с порта: 39 байт

01 00 27 00 F7 CF F0 EE E3 F0 E0 EC EC E0 20 3F 20 20 20 20 20 3E 5F 5F 5F 20 20 20 20 20 20 20 20 20 20 20 20 5B EF   // прием: 39 байт; 19:22:17:671 20.05.2019
// таймаут: 1278 мсек

Программа ?     
>___            



1B E1   // передача: 2 байт; 19:22:18:809 20.05.2019
// приём по количеству байт: 39 из 39
// принято с порта: 39 байт

0D 0A CF F0 EE E3 F0 E0 EC EC E0 20 3F 20 20 20 20 20 0D 0A 3E 5F 5F 5F 20 20 20 20 20 20 20 20 20 20 20 20 0D 0A 37   // прием: 39 байт; 19:22:20:149 20.05.2019
// таймаут: 1340 мсек




1B EE   // передача: 2 байт; 19:22:20:150 20.05.2019



1B E1   // передача: 2 байт; 19:22:20:561 20.05.2019
// приём по количеству байт: 39 из 39
// принято с порта: 39 байт

0D 0A CF F0 EE E3 F0 E0 EC EC E0 20 3F 20 20 20 20 20 0D 0A 3E 5F 5F 31 20 20 20 20 20 20 20 20 20 20 20 20 0D 0A 09   // прием: 39 байт; 19:22:21:589 20.05.2019
// таймаут: 1028 мсек




1B EE   // передача: 2 байт; 19:22:21:590 20.05.2019
// приём по количеству байт: 39 из 39
// принято с порта: 39 байт

0D 0A CF F0 EE E3 F0 E0 EC EC E0 20 3F 20 20 20 20 20 0D 0A 3E 5F 5F 31 20 20 20 20 20 20 20 20 20 20 20 20 0D 0A 09   // прием: 39 байт; 19:22:21:852 20.05.2019
// таймаут: 262 мсек

Программа ?     
>__1            
// приём по количеству байт: 8 из 0
// принято с порта: 8 байт

0D 0A CF F0 EE E3 F0 E0   // прием: 8 байт; 19:22:22:830 20.05.2019
// таймаут: 1240 мсек

// приём по количеству байт: 8 из 0
// принято с порта: 8 байт

EC EC E0 20 3F 20 20 20   // прием: 8 байт; 19:22:22:830 20.05.2019
// таймаут: 1240 мсек

// приём по количеству байт: 7 из 0
// принято с порта: 7 байт

20 20 0D 0A 3E 5F 31   // прием: 7 байт; 19:22:22:831 20.05.2019
// таймаут: 1241 мсек

// приём по количеству байт: 5 из 0
// принято с порта: 5 байт

31 20 20 20 20   // прием: 5 байт; 19:22:22:848 20.05.2019
// таймаут: 1258 мсек

// приём по количеству байт: 8 из 0
// принято с порта: 8 байт

20 20 20 20 20 20 20 20   // прием: 8 байт; 19:22:22:890 20.05.2019
// таймаут: 1300 мсек

// приём по количеству байт: 3 из 0
// принято с порта: 3 байт

0D 0A DB   // прием: 3 байт; 19:22:22:890 20.05.2019
// таймаут: 1300 мсек




1B EE   // передача: 2 байт; 19:22:23:241 20.05.2019
// приём по количеству байт: 39 из 39
// принято с порта: 39 байт

0D 0A CF F0 EE E3 F0 E0 EC EC E0 20 3F 20 20 20 20 20 0D 0A 3E 5F 31 31 20 20 20 20 20 20 20 20 20 20 20 20 0D 0A DB   // прием: 39 байт; 19:22:24:552 20.05.2019
// таймаут: 1311 мсек

Программа ?     
>_11            



1B ED   // передача: 2 байт; 19:22:25:193 20.05.2019
// приём по количеству байт: 39 из 39
// принято с порта: 39 байт

0D 0A CF F0 EE E3 F0 E0 EC EC E0 20 3F 20 20 20 20 20 0D 0A 3E 5F 31 31 20 20 20 20 20 20 20 20 20 20 20 20 0D 0A DB   // прием: 39 байт; 19:22:26:492 20.05.2019
// таймаут: 1299 мсек




1B EE   // передача: 2 байт; 19:22:26:492 20.05.2019
// приём по количеству байт: 39 из 39
// принято с порта: 39 байт

0D 0A CF E0 F0 EE EB FC 20 20 20 20 20 20 20 20 20 20 0D 0A 20 20 20 2D 2D 2D 2D 2D 2D 2D 2D 2D 2D 20 20 20 0D 0A 7B   // прием: 39 байт; 19:22:27:792 20.05.2019
// таймаут: 1300 мсек

Пароль          
   ----------   



1B E2   // передача: 2 байт; 19:22:28:673 20.05.2019



1B E6   // передача: 2 байт; 19:22:29:961 20.05.2019
// приём по количеству байт: 39 из 39
// принято с порта: 39 байт

0D 0A CF E0 F0 EE EB FC 20 20 20 20 20 20 20 20 20 20 0D 0A 20 20 20 2D 2D 2D 2D 2D 2D 2D 2D 2D 2D 20 20 20 0D 0A 7B   // прием: 39 байт; 19:22:29:970 20.05.2019
// таймаут: 9 мсек




1B EE   // передача: 2 байт; 19:22:29:971 20.05.2019



1B E1   // передача: 2 байт; 19:22:30:930 20.05.2019
// приём по количеству байт: 39 из 39
// принято с порта: 39 байт

0D 0A CF E0 F0 EE EB FC 20 20 20 20 20 20 20 20 20 20 0D 0A 20 20 20 2A 2D 2D 2D 2D 2D 2D 2D 2D 2D 20 20 20 0D 0A 78   // прием: 39 байт; 19:22:31:309 20.05.2019
// таймаут: 379 мсек




1B EE   // передача: 2 байт; 19:22:31:310 20.05.2019



1B E1   // передача: 2 байт; 19:22:32:058 20.05.2019
// приём по количеству байт: 39 из 39
// принято с порта: 39 байт

0D 0A CF E0 F0 EE EB FC 20 20 20 20 20 20 20 20 20 20 0D 0A 20 20 20 2A 2A 2D 2D 2D 2D 2D 2D 2D 2D 20 20 20 0D 0A 75   // прием: 39 байт; 19:22:32:232 20.05.2019
// таймаут: 174 мсек




1B EE   // передача: 2 байт; 19:22:32:233 20.05.2019
// приём по количеству байт: 39 из 39
// принято с порта: 39 байт

0D 0A CF E0 F0 EE EB FC 20 20 20 20 20 20 20 20 20 20 0D 0A 20 20 20 2A 2A 2A 2D 2D 2D 2D 2D 2D 2D 20 20 20 0D 0A 72   // прием: 39 байт; 19:22:32:611 20.05.2019
// таймаут: 378 мсек

Пароль          
   ***-------   



1B E3   // передача: 2 байт; 19:22:33:154 20.05.2019
// приём по количеству байт: 39 из 39
// принято с порта: 39 байт

0D 0A CF E0 F0 EE EB FC 20 20 20 20 20 20 20 20 20 20 0D 0A 20 20 20 2A 2A 2A 2D 2D 2D 2D 2D 2D 2D 20 20 20 0D 0A 72   // прием: 39 байт; 19:22:33:349 20.05.2019
// таймаут: 195 мсек




1B EE   // передача: 2 байт; 19:22:33:350 20.05.2019
// приём по количеству байт: 39 из 39
// принято с порта: 39 байт

0D 0A CF E0 F0 EE EB FC 20 20 20 20 20 20 20 20 20 20 0D 0A 20 20 20 2A 2A 2A 2A 2D 2D 2D 2D 2D 2D 20 20 20 0D 0A 6F   // прием: 39 байт; 19:22:33:529 20.05.2019
// таймаут: 179 мсек

Пароль          
   ****------   



1B E7   // передача: 2 байт; 19:22:34:058 20.05.2019
// приём по количеству байт: 39 из 39
// принято с порта: 39 байт

0D 0A CF E0 F0 EE EB FC 20 20 20 20 20 20 20 20 20 20 0D 0A 20 20 20 2A 2A 2A 2A 2D 2D 2D 2D 2D 2D 20 20 20 0D 0A 6F   // прием: 39 байт; 19:22:34:452 20.05.2019
// таймаут: 394 мсек




1B EE   // передача: 2 байт; 19:22:34:453 20.05.2019
// приём по количеству байт: 39 из 39
// принято с порта: 39 байт

0D 0A CF E0 F0 EE EB FC 20 20 20 20 20 20 20 20 20 20 0D 0A 20 20 20 2A 2A 2A 2A 2A 2D 2D 2D 2D 2D 20 20 20 0D 0A 6C   // прием: 39 байт; 19:22:34:651 20.05.2019
// таймаут: 198 мсек

Пароль          
   *****-----   



1B E9   // передача: 2 байт; 19:22:35:162 20.05.2019
// приём по количеству байт: 39 из 39
// принято с порта: 39 байт

0D 0A CF E0 F0 EE EB FC 20 20 20 20 20 20 20 20 20 20 0D 0A 20 20 20 2A 2A 2A 2A 2A 2D 2D 2D 2D 2D 20 20 20 0D 0A 6C   // прием: 39 байт; 19:22:35:352 20.05.2019
// таймаут: 190 мсек




1B EE   // передача: 2 байт; 19:22:35:353 20.05.2019
// приём по количеству байт: 39 из 39
// принято с порта: 39 байт

0D 0A CF E0 F0 EE EB FC 20 20 20 20 20 20 20 20 20 20 0D 0A 20 20 20 2A 2A 2A 2A 2A 2A 2D 2D 2D 2D 20 20 20 0D 0A 69   // прием: 39 байт; 19:22:35:749 20.05.2019
// таймаут: 396 мсек

Пароль          
   ******----   



1B E1   // передача: 2 байт; 19:22:36:305 20.05.2019
// приём по количеству байт: 39 из 39
// принято с порта: 39 байт

0D 0A CF E0 F0 EE EB FC 20 20 20 20 20 20 20 20 20 20 0D 0A 20 20 20 2A 2A 2A 2A 2A 2A 2D 2D 2D 2D 20 20 20 0D 0A 69   // прием: 39 байт; 19:22:36:451 20.05.2019
// таймаут: 146 мсек




1B EE   // передача: 2 байт; 19:22:36:451 20.05.2019
// приём по количеству байт: 39 из 39
// принято с порта: 39 байт

0D 0A CF E0 F0 EE EB FC 20 20 20 20 20 20 20 20 20 20 0D 0A 20 20 20 2A 2A 2A 2A 2A 2A 2A 2D 2D 2D 20 20 20 0D 0A 66   // прием: 39 байт; 19:22:36:649 20.05.2019
// таймаут: 198 мсек

Пароль          
   *******---   
// приём по количеству байт: 8 из 0
// принято с порта: 8 байт

0D 0A CF E0 F0 EE EB FC   // прием: 8 байт; 19:22:37:530 20.05.2019
// таймаут: 1079 мсек

// приём по количеству байт: 8 из 0
// принято с порта: 8 байт

20 20 20 20 20 20 20 20   // прием: 8 байт; 19:22:37:530 20.05.2019
// таймаут: 1079 мсек

// приём по количеству байт: 7 из 0
// принято с порта: 7 байт

20 20 0D 0A 20 20 20   // прием: 7 байт; 19:22:37:531 20.05.2019
// таймаут: 1080 мсек

// приём по количеству байт: 5 из 0
// принято с порта: 5 байт

2A 2A 2A 2A 2A   // прием: 5 байт; 19:22:37:548 20.05.2019
// таймаут: 1097 мсек

// приём по количеству байт: 8 из 0
// принято с порта: 8 байт

2A 2A 2D 2D 2D 20 20 20   // прием: 8 байт; 19:22:37:590 20.05.2019
// таймаут: 1139 мсек

// приём по количеству байт: 3 из 0
// принято с порта: 3 байт

0D 0A 66   // прием: 3 байт; 19:22:37:590 20.05.2019
// таймаут: 1139 мсек

// приём по количеству байт: 8 из 0
// принято с порта: 8 байт

0D 0A CF E0 F0 EE EB FC   // прием: 8 байт; 19:22:37:692 20.05.2019
// таймаут: 1241 мсек

// приём по количеству байт: 8 из 0
// принято с порта: 8 байт

20 20 20 20 20 20 20 20   // прием: 8 байт; 19:22:37:692 20.05.2019
// таймаут: 1241 мсек

// приём по количеству байт: 7 из 0
// принято с порта: 7 байт

20 20 0D 0A 20 20 20   // прием: 7 байт; 19:22:37:693 20.05.2019
// таймаут: 1242 мсек

// приём по количеству байт: 4 из 0
// принято с порта: 4 байт

2A 2A 2A 2A   // прием: 4 байт; 19:22:37:710 20.05.2019
// таймаут: 1259 мсек

// приём по количеству байт: 8 из 0
// принято с порта: 8 байт

2A 2A 2A 2A 2D 2D 20 20   // прием: 8 байт; 19:22:37:751 20.05.2019
// таймаут: 1300 мсек

// приём по количеству байт: 4 из 0
// принято с порта: 4 байт

20 0D 0A 63   // прием: 4 байт; 19:22:37:752 20.05.2019
// таймаут: 1301 мсек




1B EE   // передача: 2 байт; 19:22:38:505 20.05.2019
// приём по количеству байт: 39 из 39
// принято с порта: 39 байт

0D 0A CF E0 F0 EE EB FC 20 20 20 20 20 20 20 20 20 20 0D 0A 20 20 20 2A 2A 2A 2A 2A 2A 2A 2A 2D 2D 20 20 20 0D 0A 63   // прием: 39 байт; 19:22:39:852 20.05.2019
// таймаут: 1347 мсек

Пароль          
   ********--   



1B ED   // передача: 2 байт; 19:22:41:073 20.05.2019
// приём по количеству байт: 39 из 39
// принято с порта: 39 байт

0D 0A CF E0 F0 EE EB FC 20 20 20 20 20 20 20 20 20 20 0D 0A 20 20 20 2A 2A 2A 2A 2A 2A 2A 2A 2D 2D 20 20 20 0D 0A 63   // прием: 39 байт; 19:22:42:372 20.05.2019
// таймаут: 1299 мсек




1B EE   // передача: 2 байт; 19:22:42:373 20.05.2019
// приём по количеству байт: 39 из 39
// принято с порта: 39 байт

0D 0A CD E0 F1 F2 F0 EE E9 EA E0 20 20 20 20 20 20 20 0D 0A 20 20 20 20 20 20 20 CE CA 20 20 20 20 20 20 20 0D 0A 9E   // прием: 39 байт; 19:22:43:669 20.05.2019
// таймаут: 1296 мсек

Настройка       
       ОК       



1B EC   // передача: 2 байт; 19:22:44:777 20.05.2019
// приём по количеству байт: 39 из 39
// принято с порта: 39 байт

0D 0A CD E0 F1 F2 F0 EE E9 EA E0 20 20 20 20 20 20 20 0D 0A 20 20 20 20 20 20 20 CE CA 20 20 20 20 20 20 20 0D 0A 9E   // прием: 39 байт; 19:22:46:068 20.05.2019
// таймаут: 1291 мсек




1B EE   // передача: 2 байт; 19:22:46:069 20.05.2019



1B E1   // передача: 2 байт; 19:22:47:209 20.05.2019
// приём по количеству байт: 39 из 39
// принято с порта: 39 байт

0D 0A CF F0 EE E3 F0 E0 EC EC E0 20 3F 20 20 20 20 20 0D 0A 3D 5F 5F 5F 20 20 20 20 20 20 20 20 20 20 20 20 0D 0A 36   // прием: 39 байт; 19:22:47:388 20.05.2019
// таймаут: 179 мсек




1B EE   // передача: 2 байт; 19:22:47:389 20.05.2019



1B E7   // передача: 2 байт; 19:22:48:106 20.05.2019
// приём по количеству байт: 39 из 39
// принято с порта: 39 байт

0D 0A CF F0 EE E3 F0 E0 EC EC E0 20 3F 20 20 20 20 20 0D 0A 3D 5F 5F 5F 20 20 20 20 20 20 20 20 20 20 20 20 0D 0A 36   // прием: 39 байт; 19:22:48:511 20.05.2019
// таймаут: 405 мсек




1B EE   // передача: 2 байт; 19:22:48:511 20.05.2019
// приём по количеству байт: 39 из 39
// принято с порта: 39 байт

0D 0A CF F0 EE E3 F0 E0 EC EC E0 20 3F 20 20 20 20 20 0D 0A 3D 5F 5F 31 20 20 20 20 20 20 20 20 20 20 20 20 0D 0A 08   // прием: 39 байт; 19:22:48:691 20.05.2019
// таймаут: 180 мсек

Программа ?     
=__1            



1B E0   // передача: 2 байт; 19:22:48:802 20.05.2019
// приём по количеству байт: 39 из 39
// принято с порта: 39 байт

0D 0A CF F0 EE E3 F0 E0 EC EC E0 20 3F 20 20 20 20 20 0D 0A 3D 5F 5F 31 20 20 20 20 20 20 20 20 20 20 20 20 0D 0A 08   // прием: 39 байт; 19:22:49:392 20.05.2019
// таймаут: 590 мсек




1B EE   // передача: 2 байт; 19:22:49:393 20.05.2019
// приём по количеству байт: 39 из 39
// принято с порта: 39 байт

0D 0A CF F0 EE E3 F0 E0 EC EC E0 20 3F 20 20 20 20 20 0D 0A 3D 5F 31 37 20 20 20 20 20 20 20 20 20 20 20 20 0D 0A E0   // прием: 39 байт; 19:22:49:813 20.05.2019
// таймаут: 420 мсек

Программа ?     
=_17            
// приём по количеству байт: 8 из 0
// принято с порта: 8 байт

0D 0A CF F0 EE E3 F0 E0   // прием: 8 байт; 19:22:50:029 20.05.2019
// таймаут: 636 мсек

// приём по количеству байт: 8 из 0
// принято с порта: 8 байт

EC EC E0 20 3F 20 20 20   // прием: 8 байт; 19:22:50:029 20.05.2019
// таймаут: 636 мсек

// приём по количеству байт: 7 из 0
// принято с порта: 7 байт

20 20 0D 0A 3D 5F 31   // прием: 7 байт; 19:22:50:030 20.05.2019
// таймаут: 637 мсек

// приём по количеству байт: 5 из 0
// принято с порта: 5 байт

37 20 20 20 20   // прием: 5 байт; 19:22:50:052 20.05.2019
// таймаут: 659 мсек

// приём по количеству байт: 8 из 0
// принято с порта: 8 байт

20 20 20 20 20 20 20 20   // прием: 8 байт; 19:22:50:089 20.05.2019
// таймаут: 696 мсек

// приём по количеству байт: 3 из 0
// принято с порта: 3 байт

0D 0A E0   // прием: 3 байт; 19:22:50:089 20.05.2019
// таймаут: 696 мсек




1B EE   // передача: 2 байт; 19:22:50:106 20.05.2019
// приём по количеству байт: 39 из 39
// принято с порта: 39 байт

0D 0A CF F0 EE E3 F0 E0 EC EC E0 20 3F 20 20 20 20 20 0D 0A 3D 31 37 30 20 20 20 20 20 20 20 20 20 20 20 20 0D 0A B1   // прием: 39 байт; 19:22:50:689 20.05.2019
// таймаут: 583 мсек

Программа ?     
=170            



1B ED   // передача: 2 байт; 19:22:51:146 20.05.2019
// приём по количеству байт: 39 из 39
// принято с порта: 39 байт

0D 0A CF F0 EE E3 F0 E0 EC EC E0 20 3F 20 20 20 20 20 0D 0A 3D 31 37 30 20 20 20 20 20 20 20 20 20 20 20 20 0D 0A B1   // прием: 39 байт; 19:22:51:372 20.05.2019
// таймаут: 226 мсек




1B EE   // передача: 2 байт; 19:22:51:373 20.05.2019
// приём по количеству байт: 39 из 39
// принято с порта: 39 байт

0D 0A CF F0 EE E3 F0 E0 EC EC E0 20 3F 20 20 20 20 20 0D 0A 3D 31 37 30 20 20 20 20 20 20 20 20 20 20 20 20 0D 0A B1   // прием: 39 байт; 19:22:52:429 20.05.2019
// таймаут: 1056 мсек

Программа ?     
=170            
// приём по количеству байт: 8 из 0
// принято с порта: 8 байт

0D 0A CF E0 F0 EE EB E8   // прием: 8 байт; 19:22:52:608 20.05.2019
// таймаут: 1235 мсек

// приём по количеству байт: 8 из 0
// принято с порта: 8 байт

20 3F 20 20 20 20 20 20   // прием: 8 байт; 19:22:52:609 20.05.2019
// таймаут: 1236 мсек

// приём по количеству байт: 7 из 0
// принято с порта: 7 байт

20 20 0D 0A 2E ED E5   // прием: 7 байт; 19:22:52:610 20.05.2019
// таймаут: 1237 мсек

// приём по количеству байт: 5 из 0
// принято с порта: 5 байт

F2 00 20 20 20   // прием: 5 байт; 19:22:52:632 20.05.2019
// таймаут: 1259 мсек

// приём по количеству байт: 8 из 0
// принято с порта: 8 байт

20 20 20 20 20 20 20 20   // прием: 8 байт; 19:22:52:669 20.05.2019
// таймаут: 1295 мсек

// приём по количеству байт: 3 из 0
// принято с порта: 3 байт

0D 0A 56   // прием: 3 байт; 19:22:52:669 20.05.2019
// таймаут: 1296 мсек




1B EE   // передача: 2 байт; 19:22:56:881 20.05.2019
// приём по количеству байт: 39 из 39
// принято с порта: 39 байт

0D 0A CF E0 F0 EE EB E8 20 3F 20 20 20 20 20 20 20 20 0D 0A 2E ED E5 F2 00 20 20 20 20 20 20 20 20 20 20 20 0D 0A 56   // прием: 39 байт; 19:22:58:170 20.05.2019
// таймаут: 1289 мсек

Пароли ?        
.нет            



1B EC   // передача: 2 байт; 19:23:05:978 20.05.2019
// приём по количеству байт: 39 из 39
// принято с порта: 39 байт

0D 0A CF E0 F0 EE EB E8 20 3F 20 20 20 20 20 20 20 20 0D 0A 2E ED E5 F2 00 20 20 20 20 20 20 20 20 20 20 20 0D 0A 56   // прием: 39 байт; 19:23:07:272 20.05.2019
// таймаут: 1294 мсек




1B EE   // передача: 2 байт; 19:23:07:273 20.05.2019
// приём по количеству байт: 39 из 39
// принято с порта: 39 байт

0D 0A CF F0 EE E3 F0 E0 EC EC E0 20 3F 20 20 20 20 20 0D 0A 3D 5F 5F 5F 20 20 20 20 20 20 20 20 20 20 20 20 0D 0A 36   // прием: 39 байт; 19:23:08:592 20.05.2019
// таймаут: 1319 мсек

Программа ?     
=___            



1B E1   // передача: 2 байт; 19:23:09:698 20.05.2019



1B E1   // передача: 2 байт; 19:23:11:001 20.05.2019
// приём по количеству байт: 39 из 39
// принято с порта: 39 байт

0D 0A CF F0 EE E3 F0 E0 EC EC E0 20 3F 20 20 20 20 20 0D 0A 3D 5F 5F 5F 20 20 20 20 20 20 20 20 20 20 20 20 0D 0A 36   // прием: 39 байт; 19:23:11:011 20.05.2019
// таймаут: 10 мсек




1B EE   // передача: 2 байт; 19:23:11:011 20.05.2019



1B E0   // передача: 2 байт; 19:23:12:153 20.05.2019
// приём по количеству байт: 39 из 39
// принято с порта: 39 байт

0D 0A CF F0 EE E3 F0 E0 EC EC E0 20 3F 20 20 20 20 20 0D 0A 3D 5F 5F 31 20 20 20 20 20 20 20 20 20 20 20 20 0D 0A 08   // прием: 39 байт; 19:23:12:252 20.05.2019
// таймаут: 99 мсек




1B EE   // передача: 2 байт; 19:23:12:252 20.05.2019



1B ED   // передача: 2 байт; 19:23:12:761 20.05.2019
// приём по количеству байт: 43 из 39
// принято с порта: 43 байт

0D 0A CF F0 EE E3 F0 E0 EC EC E0 20 3F 20 20 20 20 20 0D 0A 3D 5F 31 31 20 20 20 20 20 20 20 20 20 20 20 20 0D 0A DA 0D 0A CF F0   // прием: 43 байт; 19:23:13:452 20.05.2019
// таймаут: 691 мсек

// приём по количеству байт: 74 из 0
// принято с порта: 74 байт

EE E3 F0 E0 EC EC E0 20 3F 20 20 20 20 20 0D 0A 3D 31 31 30 20 20 20 20 20 20 20 20 20 20 20 20 0D 0A AB 0D 0A CF F0 EE E3 F0 E0 EC EC E0 20 3F 20 20 20 20 20 0D 0A 3D 31 31 30 20 20 20 20 20 20 20 20 20 20 20 20 0D 0A AB   // прием: 74 байт; 19:23:15:123 20.05.2019
// таймаут: 2362 мсек




1B EE   // передача: 2 байт; 19:23:15:665 20.05.2019
// приём по количеству байт: 39 из 39
// принято с порта: 39 байт

0D 0A D1 F7 E5 F2 F7 E8 EA E8 20 20 20 20 20 20 20 20 0D 0A 20 20 20 EA E0 ED E0 EB 20 3F 5F 5F 20 20 20 20 0D 0A 14   // прием: 39 байт; 19:23:16:950 20.05.2019
// таймаут: 1285 мсек

Счетчики        
   канал ?__    



1B E2   // передача: 2 байт; 19:23:18:393 20.05.2019
// приём по количеству байт: 39 из 39
// принято с порта: 39 байт

0D 0A 20 20 20 28 F6 E8 F4 F0 EE E2 EE E9 29 20 20 20 0D 0A 20 20 20 EA E0 ED E0 EB 20 3F 5F 5F 20 20 20 20 0D 0A 3E   // прием: 39 байт; 19:23:19:668 20.05.2019
// таймаут: 1275 мсек




1B EE   // передача: 2 байт; 19:23:19:669 20.05.2019
// приём по количеству байт: 39 из 39
// принято с порта: 39 байт

0D 0A 20 20 20 28 F6 E8 F4 F0 EE E2 EE E9 29 20 20 20 0D 0A 20 20 20 EA E0 ED E0 EB 20 3F 5F 32 20 20 20 20 0D 0A 11   // прием: 39 байт; 19:23:20:988 20.05.2019
// таймаут: 1319 мсек

   (цифровой)   
   канал ?_2    



1B E1   // передача: 2 байт; 19:23:21:673 20.05.2019
// приём по количеству байт: 39 из 39
// принято с порта: 39 байт

0D 0A D1 F7 E5 F2 F7 E8 EA E8 20 20 20 20 20 20 20 20 0D 0A 20 20 20 EA E0 ED E0 EB 20 3F 5F 32 20 20 20 20 0D 0A E7   // прием: 39 байт; 19:23:22:969 20.05.2019
// таймаут: 1296 мсек




1B EE   // передача: 2 байт; 19:23:22:970 20.05.2019
// приём по количеству байт: 39 из 39
// принято с порта: 39 байт

0D 0A D1 F7 E5 F2 F7 E8 EA E8 20 20 20 20 20 20 20 20 0D 0A 20 20 20 EA E0 ED E0 EB 20 3F 32 31 20 20 20 20 0D 0A B9   // прием: 39 байт; 19:23:24:271 20.05.2019
// таймаут: 1301 мсек

Счетчики        
   канал ?21    



1B ED   // передача: 2 байт; 19:23:24:850 20.05.2019
// приём по количеству байт: 39 из 39
// принято с порта: 39 байт

0D 0A D1 F7 E5 F2 F7 E8 EA E8 20 20 20 20 20 20 20 20 0D 0A 20 20 20 EA E0 ED E0 EB 20 3F 32 31 20 20 20 20 0D 0A B9   // прием: 39 байт; 19:23:26:149 20.05.2019
// таймаут: 1299 мсек




1B EE   // передача: 2 байт; 19:23:26:150 20.05.2019



1B EE   // передача: 2 байт; 19:23:27:122 20.05.2019



1B EE   // передача: 2 байт; 19:23:32:065 20.05.2019



1B EE   // передача: 2 байт; 19:23:36:105 20.05.2019



1B EE   // передача: 2 байт; 19:23:40:570 20.05.2019



1B ED   // передача: 2 байт; 19:23:41:186 20.05.2019
// приём по таймауту: 5000 мс
// принято с порта: 0 байт



1B EE   // передача: 2 байт; 19:23:47:689 20.05.2019
// приём по таймауту: 5000 мс
// принято с порта: 0 байт



1B EE   // передача: 2 байт; 19:23:54:129 20.05.2019
// приём по количеству байт: 39 из 39
// принято с порта: 39 байт

0D 0A D1 F7 E5 F2 F7 E8 EA E8 20 20 20 20 20 20 20 20 0D 0A 33 30 35 38 37 31 37 38 2E 33 37 35 30 30 32 31 0D 0A CC   // прием: 39 байт; 19:23:54:852 20.05.2019
// таймаут: 723 мсек

Счетчики        
30587178.3750021
// приём по количеству байт: 8 из 0
// принято с порта: 8 байт

0D 0A D1 F7 E5 F2 F7 E8   // прием: 8 байт; 19:23:55:391 20.05.2019
// таймаут: 1262 мсек

// приём по количеству байт: 8 из 0
// принято с порта: 8 байт

EA E8 20 20 20 20 20 20   // прием: 8 байт; 19:23:55:391 20.05.2019
// таймаут: 1262 мсек

// приём по количеству байт: 7 из 0
// принято с порта: 7 байт

20 20 0D 0A 33 30 35   // прием: 7 байт; 19:23:55:392 20.05.2019
// таймаут: 1263 мсек

// приём по количеству байт: 2 из 0
// принято с порта: 2 байт

38 37   // прием: 2 байт; 19:23:55:409 20.05.2019
// таймаут: 1280 мсек

// приём по количеству байт: 8 из 0
// принято с порта: 8 байт

31 37 38 2E 33 37 35 30   // прием: 8 байт; 19:23:55:451 20.05.2019
// таймаут: 1322 мсек

// приём по количеству байт: 6 из 0
// принято с порта: 6 байт

30 32 31 0D 0A CC   // прием: 6 байт; 19:23:55:451 20.05.2019
// таймаут: 1322 мсек

// приём по таймауту: 5000 мс
// принято с порта: 0 байт
OnTapiStatus event
событие: Call disconnected (Normal Hangup by Remote) 029-190-59-08
OnTapiStatus event
событие: Line is idle 029-190-59-08
OnTapiPortClose event

// О программе
