OnTapiStatus event
событие: Dialing... 029-190-59-08
OnTapiStatus event
событие: Proceeding... 029-190-59-08
OnTapiStatus event
Last event
OnTapiPortOpen event
OnTapiConnect event
установлено соединение на скорости 9600

CA E0 EB FE EC ED FB 20 

00 00 08 00 F6 0C 45 DE   // передача: 8 байт; 19:41:10:149 20.05.2019
// приём по количеству байт: 9 из 9
// принято с порта: 9 байт

01 00 09 00 F6 00 00 37 F3   // прием: 9 байт; 19:41:11:413 20.05.2019
// таймаут: 1264 мсек


CA E0 EB FE EC ED FB 20 

00 00 07 00 F7 D4 47   // передача: 7 байт; 19:41:11:413 20.05.2019
// приём по количеству байт: 39 из 39
// принято с порта: 39 байт

01 00 27 00 F7 D0 E0 E1 EE F2 E0 20 20 20 20 20 20 20 20 20 20 20 20 20 20 20 20 20 CE CA 20 20 20 20 20 20 20 DE 07   // прием: 39 байт; 19:41:12:676 20.05.2019
// таймаут: 1263 мсек

Работа          
       ОК       

CA E0 EB FE EC ED FB 20 

00 00 08 00 F6 01 84 1B   // передача: 8 байт; 19:41:12:723 20.05.2019

CA E0 EB FE EC ED FB 20 

00 00 08 00 F6 08 44 1D   // передача: 8 байт; 19:41:13:612 20.05.2019
// приём по количеству байт: 9 из 9
// принято с порта: 9 байт

01 00 09 00 F6 00 00 37 F3   // прием: 9 байт; 19:41:14:018 20.05.2019
// таймаут: 406 мсек


CA E0 EB FE EC ED FB 20 

00 00 07 00 F7 D4 47   // передача: 7 байт; 19:41:14:018 20.05.2019

CA E0 EB FE EC ED FB 20 

00 00 08 00 F6 08 44 1D   // передача: 8 байт; 19:41:14:486 20.05.2019
// приём по количеству байт: 9 из 9
// принято с порта: 9 байт

01 00 09 00 F6 00 00 37 F3   // прием: 9 байт; 19:41:14:845 20.05.2019
// таймаут: 359 мсек


CA E0 EB FE EC ED FB 20 

00 00 07 00 F7 D4 47   // передача: 7 байт; 19:41:14:845 20.05.2019

CA E0 EB FE EC ED FB 20 

00 00 07 00 F7 D4 47   // передача: 7 байт; 19:41:15:032 20.05.2019
// приём по количеству байт: 39 из 39
// принято с порта: 39 байт

01 00 27 00 F7 CD E5 EE E1 F5 EE E4 E8 EC EE 3A 20 20 20 20 20 20 20 20 EA ED EE EF EA E0 20 27 50 27 20 20 20 F9 0E   // прием: 39 байт; 19:41:15:297 20.05.2019
// таймаут: 265 мсек

Необходимо:     
   кнопка 'P'   
// приём по количеству байт: 8 из 0
// принято с порта: 8 байт

01 00 09 00 F6 00 00 37   // прием: 8 байт; 19:41:15:921 20.05.2019
// таймаут: 889 мсек

// приём по количеству байт: 1 из 0
// принято с порта: 1 байт

F3   // прием: 1 байт; 19:41:15:921 20.05.2019
// таймаут: 889 мсек

// приём по количеству байт: 8 из 0
// принято с порта: 8 байт

01 00 27 00 F7 CD E5 EE   // прием: 8 байт; 19:41:16:139 20.05.2019
// таймаут: 1107 мсек

// приём по количеству байт: 8 из 0
// принято с порта: 8 байт

E1 F5 EE E4 E8 EC EE 3A   // прием: 8 байт; 19:41:16:139 20.05.2019
// таймаут: 1107 мсек

// приём по количеству байт: 7 из 0
// принято с порта: 7 байт

20 20 20 20 20 20 20   // прием: 7 байт; 19:41:16:139 20.05.2019
// таймаут: 1107 мсек

// приём по количеству байт: 8 из 0
// принято с порта: 8 байт

20 EA ED EE EF EA E0 20   // прием: 8 байт; 19:41:16:155 20.05.2019
// таймаут: 1123 мсек

// приём по количеству байт: 8 из 0
// принято с порта: 8 байт

27 50 27 20 20 20 F9 0E   // прием: 8 байт; 19:41:16:155 20.05.2019
// таймаут: 1123 мсек

// приём по количеству байт: 8 из 0
// принято с порта: 8 байт

01 00 27 00 F7 CD E5 EE   // прием: 8 байт; 19:41:16:295 20.05.2019
// таймаут: 1263 мсек

// приём по количеству байт: 8 из 0
// принято с порта: 8 байт

E1 F5 EE E4 E8 EC EE 3A   // прием: 8 байт; 19:41:16:295 20.05.2019
// таймаут: 1263 мсек

// приём по количеству байт: 7 из 0
// принято с порта: 7 байт

20 20 20 20 20 20 20   // прием: 7 байт; 19:41:16:295 20.05.2019
// таймаут: 1263 мсек

// приём по количеству байт: 8 из 0
// принято с порта: 8 байт

20 EA ED EE EF EA E0 20   // прием: 8 байт; 19:41:16:311 20.05.2019
// таймаут: 1279 мсек

// приём по количеству байт: 8 из 0
// принято с порта: 8 байт

27 50 27 20 20 20 F9 0E   // прием: 8 байт; 19:41:16:311 20.05.2019
// таймаут: 1279 мсек




1B EC   // передача: 2 байт; 19:41:17:216 20.05.2019
// приём по количеству байт: 39 из 39
// принято с порта: 39 байт

0D 0A CD E5 EE E1 F5 EE E4 E8 EC EE 3A 20 20 20 20 20 0D 0A 20 20 20 EA ED EE EF EA E0 20 27 50 27 20 20 20 0D 0A 25   // прием: 39 байт; 19:41:18:511 20.05.2019
// таймаут: 1295 мсек




1B EE   // передача: 2 байт; 19:41:18:511 20.05.2019



1B E1   // передача: 2 байт; 19:41:18:838 20.05.2019
// приём по количеству байт: 39 из 39
// принято с порта: 39 байт

0D 0A CF F0 EE E3 F0 E0 EC EC E0 20 3F 20 20 20 20 20 0D 0A 3D 5F 5F 5F 20 20 20 20 20 20 20 20 20 20 20 20 0D 0A 36   // прием: 39 байт; 19:41:19:806 20.05.2019
// таймаут: 968 мсек




1B EE   // передача: 2 байт; 19:41:19:806 20.05.2019
// приём по количеству байт: 39 из 39
// принято с порта: 39 байт

0D 0A CF F0 EE E3 F0 E0 EC EC E0 20 3F 20 20 20 20 20 0D 0A 3D 5F 5F 5F 20 20 20 20 20 20 20 20 20 20 20 20 0D 0A 36   // прием: 39 байт; 19:41:20:133 20.05.2019
// таймаут: 327 мсек

Программа ?     
=___            



1B E8   // передача: 2 байт; 19:41:20:289 20.05.2019



1B E8   // передача: 2 байт; 19:41:20:960 20.05.2019
// приём по количеству байт: 39 из 39
// принято с порта: 39 байт

0D 0A CF F0 EE E3 F0 E0 EC EC E0 20 3F 20 20 20 20 20 0D 0A 3D 5F 5F 31 20 20 20 20 20 20 20 20 20 20 20 20 0D 0A 08   // прием: 39 байт; 19:41:21:506 20.05.2019
// таймаут: 546 мсек




1B EE   // передача: 2 байт; 19:41:21:506 20.05.2019
// приём по количеству байт: 43 из 39
// принято с порта: 43 байт

0D 0A CF F0 EE E3 F0 E0 EC EC E0 20 3F 20 20 20 20 20 0D 0A 3D 5F 5F 31 20 20 20 20 20 20 20 20 20 20 20 20 0D 0A 08 0D 0A CF F0   // прием: 43 байт; 19:41:22:770 20.05.2019
// таймаут: 1264 мсек

// приём по количеству байт: 35 из 0
// принято с порта: 35 байт

EE E3 F0 E0 EC EC E0 20 3F 20 20 20 20 20 0D 0A 3D 5F 31 38 20 20 20 20 20 20 20 20 20 20 20 20 0D 0A E1   // прием: 35 байт; 19:41:23:584 20.05.2019
// таймаут: 2078 мсек




1B EE   // передача: 2 байт; 19:41:24:269 20.05.2019
// приём по количеству байт: 39 из 39
// принято с порта: 39 байт

0D 0A CF F0 EE E3 F0 E0 EC EC E0 20 3F 20 20 20 20 20 0D 0A 3D 5F 31 38 20 20 20 20 20 20 20 20 20 20 20 20 0D 0A E1   // прием: 39 байт; 19:41:25:610 20.05.2019
// таймаут: 1341 мсек

Программа ?     
=_18            



1B E8   // передача: 2 байт; 19:41:26:890 20.05.2019
// приём по количеству байт: 39 из 39
// принято с порта: 39 байт

0D 0A CF F0 EE E3 F0 E0 EC EC E0 20 3F 20 20 20 20 20 0D 0A 3D 5F 31 38 20 20 20 20 20 20 20 20 20 20 20 20 0D 0A E1   // прием: 39 байт; 19:41:28:200 20.05.2019
// таймаут: 1310 мсек




1B EE   // передача: 2 байт; 19:41:28:200 20.05.2019
// приём по количеству байт: 39 из 39
// принято с порта: 39 байт

0D 0A CF F0 EE E3 F0 E0 EC EC E0 20 3F 20 20 20 20 20 0D 0A 3D 31 38 38 20 20 20 20 20 20 20 20 20 20 20 20 0D 0A BA   // прием: 39 байт; 19:41:29:526 20.05.2019
// таймаут: 1326 мсек

Программа ?     
=188            



1B ED   // передача: 2 байт; 19:41:30:072 20.05.2019
// приём по количеству байт: 39 из 39
// принято с порта: 39 байт

0D 0A CF F0 EE E3 F0 E0 EC EC E0 20 3F 20 20 20 20 20 0D 0A 3D 31 38 38 20 20 20 20 20 20 20 20 20 20 20 20 0D 0A BA   // прием: 39 байт; 19:41:31:382 20.05.2019
// таймаут: 1310 мсек




1B EE   // передача: 2 байт; 19:41:31:382 20.05.2019
// приём по количеству байт: 39 из 39
// принято с порта: 39 байт

0D 0A D2 E0 E9 EC E0 F3 F2 3A 20 F2 F0 E0 ED E7 E8 F2 0D 0A 20 20 20 20 20 20 20 31 30 00 20 20 20 20 20 20 0D 0A 5C   // прием: 39 байт; 19:41:32:708 20.05.2019
// таймаут: 1326 мсек

Таймаут: транзит
       10       



1B EE   // передача: 2 байт; 19:41:34:534 20.05.2019
// приём по количеству байт: 39 из 39
// принято с порта: 39 байт

0D 0A D2 E0 E9 EC E0 F3 F2 3A 20 F2 F0 E0 ED E7 E8 F2 0D 0A 20 20 20 20 20 20 20 31 30 00 20 20 20 20 20 20 0D 0A 5C   // прием: 39 байт; 19:41:35:844 20.05.2019
// таймаут: 1310 мсек

Таймаут: транзит
       10       



1B E1   // передача: 2 байт; 19:41:36:484 20.05.2019



1B E8   // передача: 2 байт; 19:41:37:685 20.05.2019
// приём по количеству байт: 39 из 39
// принято с порта: 39 байт

0D 0A 20 20 20 20 20 20 31 2E 2E 32 35 35 00 00 00 00 0D 0A 20 20 20 20 20 20 20 31 30 00 20 20 20 20 20 20 0D 0A 2F   // прием: 39 байт; 19:41:37:794 20.05.2019
// таймаут: 109 мсек




1B EE   // передача: 2 байт; 19:41:37:794 20.05.2019
// приём по количеству байт: 44 из 39
// принято с порта: 44 байт

0D 0A 20 20 20 20 20 20 31 2E 2E 32 35 35 00 00 00 00 0D 0A 20 20 20 20 20 20 5F 5F 31 20 20 20 20 20 20 20 0D 0A BD 0D 0A 20 20 20   // прием: 44 байт; 19:41:39:011 20.05.2019
// таймаут: 1217 мсек

// приём по количеству байт: 34 из 0
// принято с порта: 34 байт

20 20 20 31 2E 2E 32 35 35 00 00 00 00 0D 0A 20 20 20 20 20 20 5F 31 38 20 20 20 20 20 20 20 0D 0A 96   // прием: 34 байт; 19:41:39:800 20.05.2019
// таймаут: 2006 мсек




1B EE   // передача: 2 байт; 19:41:40:380 20.05.2019
// приём по количеству байт: 39 из 39
// принято с порта: 39 байт

0D 0A D2 E0 E9 EC E0 F3 F2 3A 20 F2 F0 E0 ED E7 E8 F2 0D 0A 20 20 20 20 20 20 5F 31 38 20 20 20 20 20 20 20 0D 0A C3   // прием: 39 байт; 19:41:41:690 20.05.2019
// таймаут: 1310 мсек

Таймаут: транзит
      _18       



1B E7   // передача: 2 байт; 19:41:42:314 20.05.2019
// приём по количеству байт: 39 из 39
// принято с порта: 39 байт

0D 0A D2 E0 E9 EC E0 F3 F2 3A 20 F2 F0 E0 ED E7 E8 F2 0D 0A 20 20 20 20 20 20 5F 31 38 20 20 20 20 20 20 20 0D 0A C3   // прием: 39 байт; 19:41:43:609 20.05.2019
// таймаут: 1295 мсек




1B EE   // передача: 2 байт; 19:41:43:609 20.05.2019
// приём по количеству байт: 39 из 39
// принято с порта: 39 байт

0D 0A 20 20 20 20 20 20 31 2E 2E 32 35 35 00 00 00 00 0D 0A 20 20 20 20 20 20 31 38 37 20 20 20 20 20 20 20 0D 0A 6E   // прием: 39 байт; 19:41:44:982 20.05.2019
// таймаут: 1373 мсек

      1..255    
      187       



1B ED   // передача: 2 байт; 19:41:45:465 20.05.2019
// приём по количеству байт: 39 из 39
// принято с порта: 39 байт

0D 0A 20 20 20 20 20 20 31 2E 2E 32 35 35 00 00 00 00 0D 0A 20 20 20 20 20 20 31 38 37 20 20 20 20 20 20 20 0D 0A 6E   // прием: 39 байт; 19:41:46:791 20.05.2019
// таймаут: 1326 мсек




1B EE   // передача: 2 байт; 19:41:46:791 20.05.2019
// приём по количеству байт: 39 из 39
// принято с порта: 39 байт

0D 0A D2 E0 E9 EC E0 F3 F2 3A 20 F2 F0 E0 ED E7 E8 F2 0D 0A 20 20 20 20 20 20 31 38 37 00 20 20 20 20 20 20 0D 0A 7B   // прием: 39 байт; 19:41:48:102 20.05.2019
// таймаут: 1311 мсек

Таймаут: транзит
      187       



1B EE   // передача: 2 байт; 19:41:48:866 20.05.2019
// приём по количеству байт: 39 из 39
// принято с порта: 39 байт

0D 0A D2 E0 E9 EC E0 F3 F2 3A 20 F2 F0 E0 ED E7 E8 F2 0D 0A 20 20 20 20 20 20 31 38 37 00 20 20 20 20 20 20 0D 0A 7B   // прием: 39 байт; 19:41:50:208 20.05.2019
// таймаут: 1342 мсек

Таймаут: транзит
      187       



1B EC   // передача: 2 байт; 19:41:54:732 20.05.2019
// приём по количеству байт: 39 из 39
// принято с порта: 39 байт

0D 0A 20 20 20 20 20 20 31 2E 2E 32 35 35 00 00 00 00 0D 0A 20 20 20 20 20 20 31 38 37 00 20 20 20 20 20 20 0D 0A 4E   // прием: 39 байт; 19:41:56:011 20.05.2019
// таймаут: 1279 мсек




1B EE   // передача: 2 байт; 19:41:56:011 20.05.2019
// приём по количеству байт: 39 из 39
// принято с порта: 39 байт

0D 0A CF F0 EE E3 F0 E0 EC EC E0 20 3F 20 20 20 20 20 0D 0A 3D 5F 5F 5F 20 20 20 20 20 20 20 20 20 20 20 20 0D 0A 36   // прием: 39 байт; 19:41:57:321 20.05.2019
// таймаут: 1310 мсек

Программа ?     
=___            



1B E1   // передача: 2 байт; 19:41:57:961 20.05.2019
// приём по количеству байт: 39 из 39
// принято с порта: 39 байт

0D 0A CF F0 EE E3 F0 E0 EC EC E0 20 3F 20 20 20 20 20 0D 0A 3D 5F 5F 5F 20 20 20 20 20 20 20 20 20 20 20 20 0D 0A 36   // прием: 39 байт; 19:41:59:256 20.05.2019
// таймаут: 1295 мсек




1B EE   // передача: 2 байт; 19:41:59:256 20.05.2019



1B E8   // передача: 2 байт; 19:41:59:692 20.05.2019
// приём по количеству байт: 39 из 39
// принято с порта: 39 байт

0D 0A CF F0 EE E3 F0 E0 EC EC E0 20 3F 20 20 20 20 20 0D 0A 3D 5F 5F 31 20 20 20 20 20 20 20 20 20 20 20 20 0D 0A 08   // прием: 39 байт; 19:42:00:550 20.05.2019
// таймаут: 858 мсек




1B EE   // передача: 2 байт; 19:42:00:550 20.05.2019
// приём по количеству байт: 39 из 39
// принято с порта: 39 байт

0D 0A CF F0 EE E3 F0 E0 EC EC E0 20 3F 20 20 20 20 20 0D 0A 3D 5F 5F 31 20 20 20 20 20 20 20 20 20 20 20 20 0D 0A 08   // прием: 39 байт; 19:42:00:987 20.05.2019
// таймаут: 437 мсек

Программа ?     
=__1            



1B E7   // передача: 2 байт; 19:42:01:065 20.05.2019
// приём по количеству байт: 39 из 39
// принято с порта: 39 байт

0D 0A CF F0 EE E3 F0 E0 EC EC E0 20 3F 20 20 20 20 20 0D 0A 3D 5F 31 38 20 20 20 20 20 20 20 20 20 20 20 20 0D 0A E1   // прием: 39 байт; 19:42:01:845 20.05.2019
// таймаут: 780 мсек




1B EE   // передача: 2 байт; 19:42:01:845 20.05.2019
// приём по количеству байт: 39 из 39
// принято с порта: 39 байт

0D 0A CF F0 EE E3 F0 E0 EC EC E0 20 3F 20 20 20 20 20 0D 0A 3D 5F 31 38 20 20 20 20 20 20 20 20 20 20 20 20 0D 0A E1   // прием: 39 байт; 19:42:02:376 20.05.2019
// таймаут: 531 мсек

Программа ?     
=_18            



1B EE   // передача: 2 байт; 19:42:02:594 20.05.2019
// приём по количеству байт: 39 из 39
// принято с порта: 39 байт

0D 0A CF F0 EE E3 F0 E0 EC EC E0 20 3F 20 20 20 20 20 0D 0A 3D 31 38 37 20 20 20 20 20 20 20 20 20 20 20 20 0D 0A B9   // прием: 39 байт; 19:42:03:156 20.05.2019
// таймаут: 562 мсек

Программа ?     
=187            
// приём по количеству байт: 8 из 0
// принято с порта: 8 байт

0D 0A CF F0 EE E3 F0 E0   // прием: 8 байт; 19:42:03:826 20.05.2019
// таймаут: 1232 мсек

// приём по количеству байт: 8 из 0
// принято с порта: 8 байт

EC EC E0 20 3F 20 20 20   // прием: 8 байт; 19:42:03:826 20.05.2019
// таймаут: 1232 мсек

// приём по количеству байт: 7 из 0
// принято с порта: 7 байт

20 20 0D 0A 3D 31 38   // прием: 7 байт; 19:42:03:826 20.05.2019
// таймаут: 1232 мсек




1B ED   // передача: 2 байт; 19:42:03:826 20.05.2019
// приём по количеству байт: 39 из 39
// принято с порта: 39 байт

37 20 20 20 20 20 20 20 20 20 20 20 20 0D 0A B9 0D 0A CF F0 EE E3 F0 E0 EC EC E0 20 3F 20 20 20 20 20 0D 0A 3D 31 38   // прием: 39 байт; 19:42:05:074 20.05.2019
// таймаут: 1248 мсек




1B EE   // передача: 2 байт; 19:42:05:074 20.05.2019
// приём по количеству байт: 39 из 39
// принято с порта: 39 байт

37 20 20 20 20 20 20 20 20 20 20 20 20 0D 0A B9 0D 0A D2 F0 E0 ED E7 E8 F2 3A 20 EF EE F0 F2 20 20 20 0D 0A 20 20 20   // прием: 39 байт; 19:42:06:322 20.05.2019
// таймаут: 1248 мсек

             №  
анзит: порт     
// приём по количеству байт: 5 из 0
// принято с порта: 5 байт

20 20 20 20 20   // прием: 5 байт; 19:42:06:338 20.05.2019
// таймаут: 1264 мсек

// приём по количеству байт: 8 из 0
// принято с порта: 8 байт

33 00 20 20 20 20 20 20   // прием: 8 байт; 19:42:06:369 20.05.2019
// таймаут: 1295 мсек

// приём по количеству байт: 3 из 0
// принято с порта: 3 байт

0D 0A 01   // прием: 3 байт; 19:42:06:369 20.05.2019
// таймаут: 1295 мсек




1B EE   // передача: 2 байт; 19:42:07:680 20.05.2019
// приём по количеству байт: 39 из 39
// принято с порта: 39 байт

0D 0A D2 F0 E0 ED E7 E8 F2 3A 20 EF EE F0 F2 20 20 20 0D 0A 20 20 20 20 20 20 20 20 33 00 20 20 20 20 20 20 0D 0A 01   // прием: 39 байт; 19:42:08:990 20.05.2019
// таймаут: 1310 мсек

Транзит: порт   
        3       



1B E4   // передача: 2 байт; 19:42:10:332 20.05.2019
// приём по количеству байт: 39 из 39
// принято с порта: 39 байт

0D 0A D2 F0 E0 ED E7 E8 F2 3A 20 EF EE F0 F2 20 20 20 0D 0A 20 20 20 20 20 20 20 20 33 00 20 20 20 20 20 20 0D 0A 01   // прием: 39 байт; 19:42:11:626 20.05.2019
// таймаут: 1294 мсек




1B EE   // передача: 2 байт; 19:42:11:626 20.05.2019
// приём по количеству байт: 39 из 39
// принято с порта: 39 байт

0D 0A D2 F0 E0 ED E7 E8 F2 3A 20 EF EE F0 F2 20 20 20 0D 0A 20 20 20 20 20 20 5F 5F 34 20 20 20 20 20 20 20 0D 0A A0   // прием: 39 байт; 19:42:12:923 20.05.2019
// таймаут: 1297 мсек

Транзит: порт   
      __4       



1B ED   // передача: 2 байт; 19:42:13:594 20.05.2019
// приём по количеству байт: 39 из 39
// принято с порта: 39 байт

0D 0A D2 F0 E0 ED E7 E8 F2 3A 20 EF EE F0 F2 20 20 20 0D 0A 20 20 20 20 20 20 5F 5F 34 20 20 20 20 20 20 20 0D 0A A0   // прием: 39 байт; 19:42:14:889 20.05.2019
// таймаут: 1295 мсек




1B EE   // передача: 2 байт; 19:42:14:889 20.05.2019
// приём по количеству байт: 39 из 39
// принято с порта: 39 байт

0D 0A D2 F0 E0 ED E7 E8 F2 3A 20 EF EE F0 F2 20 20 20 0D 0A 20 20 20 20 20 20 20 20 34 00 20 20 20 20 20 20 0D 0A 02   // прием: 39 байт; 19:42:16:152 20.05.2019
// таймаут: 1263 мсек

Транзит: порт   
        4       



1B EC   // передача: 2 байт; 19:42:17:058 20.05.2019
// приём по количеству байт: 39 из 39
// принято с порта: 39 байт

0D 0A D2 F0 E0 ED E7 E8 F2 3A 20 EF EE F0 F2 20 20 20 0D 0A 20 20 20 20 20 20 20 20 34 00 20 20 20 20 20 20 0D 0A 02   // прием: 39 байт; 19:42:18:353 20.05.2019
// таймаут: 1295 мсек




1B EE   // передача: 2 байт; 19:42:18:353 20.05.2019



1B EE   // передача: 2 байт; 19:42:19:617 20.05.2019
// приём по количеству байт: 39 из 39
// принято с порта: 39 байт

0D 0A CF F0 EE E3 F0 E0 EC EC E0 20 3F 20 20 20 20 20 0D 0A 3D 5F 5F 5F 20 20 20 20 20 20 20 20 20 20 20 20 0D 0A 36   // прием: 39 байт; 19:42:19:648 20.05.2019
// таймаут: 31 мсек

Программа ?     
=___            
// приём по количеству байт: 8 из 0
// принято с порта: 8 байт

0D 0A CF F0 EE E3 F0 E0   // прием: 8 байт; 19:42:20:849 20.05.2019
// таймаут: 1232 мсек

// приём по количеству байт: 8 из 0
// принято с порта: 8 байт

EC EC E0 20 3F 20 20 20   // прием: 8 байт; 19:42:20:849 20.05.2019
// таймаут: 1232 мсек

// приём по количеству байт: 7 из 0
// принято с порта: 7 байт

20 20 0D 0A 3D 5F 5F   // прием: 7 байт; 19:42:20:849 20.05.2019
// таймаут: 1232 мсек

// приём по количеству байт: 5 из 0
// принято с порта: 5 байт

5F 20 20 20 20   // прием: 5 байт; 19:42:20:865 20.05.2019
// таймаут: 1248 мсек

// приём по количеству байт: 8 из 0
// принято с порта: 8 байт

20 20 20 20 20 20 20 20   // прием: 8 байт; 19:42:20:911 20.05.2019
// таймаут: 1294 мсек

// приём по количеству байт: 3 из 0
// принято с порта: 3 байт

0D 0A 36   // прием: 3 байт; 19:42:20:911 20.05.2019
// таймаут: 1294 мсек




1B E1   // передача: 2 байт; 19:42:20:943 20.05.2019



1B E8   // передача: 2 байт; 19:42:21:910 20.05.2019
// приём по количеству байт: 39 из 39
// принято с порта: 39 байт

0D 0A CF F0 EE E3 F0 E0 EC EC E0 20 3F 20 20 20 20 20 0D 0A 3D 5F 5F 5F 20 20 20 20 20 20 20 20 20 20 20 20 0D 0A 36   // прием: 39 байт; 19:42:22:222 20.05.2019
// таймаут: 312 мсек




1B EE   // передача: 2 байт; 19:42:22:222 20.05.2019



1B E8   // передача: 2 байт; 19:42:22:815 20.05.2019
// приём по количеству байт: 39 из 39
// принято с порта: 39 байт

0D 0A CF F0 EE E3 F0 E0 EC EC E0 20 3F 20 20 20 20 20 0D 0A 3D 5F 5F 31 20 20 20 20 20 20 20 20 20 20 20 20 0D 0A 08   // прием: 39 байт; 19:42:23:205 20.05.2019
// таймаут: 390 мсек




1B EE   // передача: 2 байт; 19:42:23:205 20.05.2019



1B ED   // передача: 2 байт; 19:42:23:485 20.05.2019
// приём по количеству байт: 39 из 39
// принято с порта: 39 байт

0D 0A CF F0 EE E3 F0 E0 EC EC E0 20 3F 20 20 20 20 20 0D 0A 3D 5F 31 38 20 20 20 20 20 20 20 20 20 20 20 20 0D 0A E1   // прием: 39 байт; 19:42:23:501 20.05.2019
// таймаут: 16 мсек




1B EE   // передача: 2 байт; 19:42:23:501 20.05.2019
// приём по количеству байт: 39 из 39
// принято с порта: 39 байт

0D 0A CF F0 EE E3 F0 E0 EC EC E0 20 3F 20 20 20 20 20 0D 0A 3D 5F 31 38 20 20 20 20 20 20 20 20 20 20 20 20 0D 0A E1   // прием: 39 байт; 19:42:24:109 20.05.2019
// таймаут: 608 мсек

Программа ?     
=_18            
// приём по количеству байт: 8 из 0
// принято с порта: 8 байт

0D 0A CF F0 EE E3 F0 E0   // прием: 8 байт; 19:42:24:421 20.05.2019
// таймаут: 920 мсек

// приём по количеству байт: 8 из 0
// принято с порта: 8 байт

EC EC E0 20 3F 20 20 20   // прием: 8 байт; 19:42:24:421 20.05.2019
// таймаут: 920 мсек

// приём по количеству байт: 7 из 0
// принято с порта: 7 байт

20 20 0D 0A 3D 31 38   // прием: 7 байт; 19:42:24:421 20.05.2019
// таймаут: 920 мсек

// приём по количеству байт: 5 из 0
// принято с порта: 5 байт

38 20 20 20 20   // прием: 5 байт; 19:42:24:453 20.05.2019
// таймаут: 952 мсек

// приём по количеству байт: 8 из 0
// принято с порта: 8 байт

20 20 20 20 20 20 20 20   // прием: 8 байт; 19:42:24:484 20.05.2019
// таймаут: 983 мсек

// приём по количеству байт: 3 из 0
// принято с порта: 3 байт

0D 0A BA   // прием: 3 байт; 19:42:24:484 20.05.2019
// таймаут: 983 мсек

// приём по количеству байт: 8 из 0
// принято с порта: 8 байт

0D 0A CF F0 EE E3 F0 E0   // прием: 8 байт; 19:42:24:702 20.05.2019
// таймаут: 1201 мсек

// приём по количеству байт: 8 из 0
// принято с порта: 8 байт

EC EC E0 20 3F 20 20 20   // прием: 8 байт; 19:42:24:702 20.05.2019
// таймаут: 1201 мсек

// приём по количеству байт: 7 из 0
// принято с порта: 7 байт

20 20 0D 0A 3D 31 38   // прием: 7 байт; 19:42:24:702 20.05.2019
// таймаут: 1201 мсек

// приём по количеству байт: 8 из 0
// принято с порта: 8 байт

38 20 20 20 20 20 20 20   // прием: 8 байт; 19:42:24:718 20.05.2019
// таймаут: 1217 мсек

// приём по количеству байт: 8 из 0
// принято с порта: 8 байт

20 20 20 20 20 0D 0A BA   // прием: 8 байт; 19:42:24:718 20.05.2019
// таймаут: 1217 мсек

// приём по таймауту: 5000 мс
// принято с порта: 0 байт



1B EE   // передача: 2 байт; 19:42:30:162 20.05.2019
// приём по количеству байт: 39 из 39
// принято с порта: 39 байт

0D 0A 20 20 20 20 20 20 31 2E 2E 32 35 35 00 00 00 00 0D 0A 20 20 20 20 20 20 31 38 37 00 20 20 20 20 20 20 0D 0A 4E   // прием: 39 байт; 19:42:31:426 20.05.2019
// таймаут: 1264 мсек

      1..255    
      187       



1B E2   // передача: 2 байт; 19:42:33:703 20.05.2019



1B E5   // передача: 2 байт; 19:42:34:702 20.05.2019
// приём по количеству байт: 39 из 39
// принято с порта: 39 байт

0D 0A D2 E0 E9 EC E0 F3 F2 3A 20 F2 F0 E0 ED E7 E8 F2 0D 0A 20 20 20 20 20 20 31 38 37 00 20 20 20 20 20 20 0D 0A 7B   // прием: 39 байт; 19:42:34:983 20.05.2019
// таймаут: 281 мсек




1B EE   // передача: 2 байт; 19:42:34:983 20.05.2019



1B E0   // передача: 2 байт; 19:42:35:794 20.05.2019
// приём по количеству байт: 39 из 39
// принято с порта: 39 байт

0D 0A D2 E0 E9 EC E0 F3 F2 3A 20 F2 F0 E0 ED E7 E8 F2 0D 0A 20 20 20 20 20 20 5F 5F 32 20 20 20 20 20 20 20 0D 0A EB   // прием: 39 байт; 19:42:35:965 20.05.2019
// таймаут: 171 мсек




1B EE   // передача: 2 байт; 19:42:35:965 20.05.2019
// приём по количеству байт: 39 из 39
// принято с порта: 39 байт

0D 0A D2 E0 E9 EC E0 F3 F2 3A 20 F2 F0 E0 ED E7 E8 F2 0D 0A 20 20 20 20 20 20 5F 32 35 20 20 20 20 20 20 20 0D 0A C1   // прием: 39 байт; 19:42:36:262 20.05.2019
// таймаут: 297 мсек

Таймаут: транзит
      _25       
// приём по количеству байт: 8 из 0
// принято с порта: 8 байт

0D 0A D2 E0 E9 EC E0 F3   // прием: 8 байт; 19:42:37:011 20.05.2019
// таймаут: 1046 мсек

// приём по количеству байт: 8 из 0
// принято с порта: 8 байт

F2 3A 20 F2 F0 E0 ED E7   // прием: 8 байт; 19:42:37:011 20.05.2019
// таймаут: 1046 мсек

// приём по количеству байт: 7 из 0
// принято с порта: 7 байт

E8 F2 0D 0A 20 20 20   // прием: 7 байт; 19:42:37:011 20.05.2019
// таймаут: 1046 мсек

// приём по количеству байт: 4 из 0
// принято с порта: 4 байт

20 20 20 5F   // прием: 4 байт; 19:42:37:026 20.05.2019
// таймаут: 1061 мсек

// приём по количеству байт: 8 из 0
// принято с порта: 8 байт

32 35 20 20 20 20 20 20   // прием: 8 байт; 19:42:37:073 20.05.2019
// таймаут: 1108 мсек

// приём по количеству байт: 4 из 0
// принято с порта: 4 байт

20 0D 0A C1   // прием: 4 байт; 19:42:37:073 20.05.2019
// таймаут: 1108 мсек

// приём по количеству байт: 8 из 0
// принято с порта: 8 байт

0D 0A 20 20 20 20 20 20   // прием: 8 байт; 19:42:37:182 20.05.2019
// таймаут: 1217 мсек

// приём по количеству байт: 8 из 0
// принято с порта: 8 байт

31 2E 2E 32 35 35 00 00   // прием: 8 байт; 19:42:37:182 20.05.2019
// таймаут: 1217 мсек

// приём по количеству байт: 7 из 0
// принято с порта: 7 байт

00 00 0D 0A 20 20 20   // прием: 7 байт; 19:42:37:182 20.05.2019
// таймаут: 1217 мсек

// приём по количеству байт: 4 из 0
// принято с порта: 4 байт

20 20 20 32   // прием: 4 байт; 19:42:37:198 20.05.2019
// таймаут: 1233 мсек

// приём по количеству байт: 8 из 0
// принято с порта: 8 байт

35 30 20 20 20 20 20 20   // прием: 8 байт; 19:42:37:245 20.05.2019
// таймаут: 1280 мсек

// приём по количеству байт: 4 из 0
// принято с порта: 4 байт

20 0D 0A 65   // прием: 4 байт; 19:42:37:245 20.05.2019
// таймаут: 1280 мсек




1B EE   // передача: 2 байт; 19:42:37:479 20.05.2019
// приём по количеству байт: 39 из 39
// принято с порта: 39 байт

0D 0A 20 20 20 20 20 20 31 2E 2E 32 35 35 00 00 00 00 0D 0A 20 20 20 20 20 20 32 35 30 20 20 20 20 20 20 20 0D 0A 65   // прием: 39 байт; 19:42:38:789 20.05.2019
// таймаут: 1310 мсек

      1..255    
      250       



1B ED   // передача: 2 байт; 19:42:39:553 20.05.2019
// приём по количеству байт: 39 из 39
// принято с порта: 39 байт

0D 0A 20 20 20 20 20 20 31 2E 2E 32 35 35 00 00 00 00 0D 0A 20 20 20 20 20 20 32 35 30 20 20 20 20 20 20 20 0D 0A 65   // прием: 39 байт; 19:42:40:926 20.05.2019
// таймаут: 1373 мсек




1B EE   // передача: 2 байт; 19:42:40:926 20.05.2019
// приём по количеству байт: 39 из 39
// принято с порта: 39 байт

0D 0A D2 E0 E9 EC E0 F3 F2 3A 20 F2 F0 E0 ED E7 E8 F2 0D 0A 20 20 20 20 20 20 32 35 30 00 20 20 20 20 20 20 0D 0A 72   // прием: 39 байт; 19:42:42:205 20.05.2019
// таймаут: 1279 мсек

Таймаут: транзит
      250       



1B EC   // передача: 2 байт; 19:42:43:407 20.05.2019
// приём по количеству байт: 39 из 39
// принято с порта: 39 байт

0D 0A D2 E0 E9 EC E0 F3 F2 3A 20 F2 F0 E0 ED E7 E8 F2 0D 0A 20 20 20 20 20 20 32 35 30 00 20 20 20 20 20 20 0D 0A 72   // прием: 39 байт; 19:42:44:687 20.05.2019
// таймаут: 1280 мсек




1B EE   // передача: 2 байт; 19:42:44:687 20.05.2019



1B EC   // передача: 2 байт; 19:42:45:904 20.05.2019
// приём по количеству байт: 39 из 39
// принято с порта: 39 байт

0D 0A CF F0 EE E3 F0 E0 EC EC E0 20 3F 20 20 20 20 20 0D 0A 3D 5F 5F 5F 20 20 20 20 20 20 20 20 20 20 20 20 0D 0A 36   // прием: 39 байт; 19:42:45:982 20.05.2019
// таймаут: 78 мсек




1B EE   // передача: 2 байт; 19:42:45:982 20.05.2019



1B E8   // передача: 2 байт; 19:42:46:590 20.05.2019
// приём по количеству байт: 44 из 39
// принято с порта: 44 байт

0D 0A CF F0 EE E3 F0 E0 EC EC E0 20 3F 20 20 20 20 20 0D 0A 3D 5F 5F 5F 20 20 20 20 20 20 20 20 20 20 20 20 0D 0A 36 0D 0A CF F0 EE   // прием: 44 байт; 19:42:47:167 20.05.2019
// таймаут: 577 мсек

// приём по количеству байт: 73 из 0
// принято с порта: 73 байт

E3 F0 E0 EC EC E0 20 3F 20 20 20 20 20 0D 0A 3D 5F 5F 5F 20 20 20 20 20 20 20 20 20 20 20 20 0D 0A 36 0D 0A CF F0 EE E3 F0 E0 EC EC E0 20 3F 20 20 20 20 20 0D 0A 3D 5F 5F 5F 20 20 20 20 20 20 20 20 20 20 20 20 0D 0A 36   // прием: 73 байт; 19:42:48:022 20.05.2019
// таймаут: 1432 мсек




1B EC   // передача: 2 байт; 19:42:49:232 20.05.2019
// приём по количеству байт: 39 из 39
// принято с порта: 39 байт

0D 0A CF F0 EE E3 F0 E0 EC EC E0 20 3F 20 20 20 20 20 0D 0A 3D 5F 5F 38 20 20 20 20 20 20 20 20 20 20 20 20 0D 0A 0F   // прием: 39 байт; 19:42:50:527 20.05.2019
// таймаут: 1295 мсек




1B EE   // передача: 2 байт; 19:42:50:527 20.05.2019
// приём по количеству байт: 39 из 39
// принято с порта: 39 байт

0D 0A CF F0 EE E3 F0 E0 EC EC E0 20 3F 20 20 20 20 20 0D 0A 3D 5F 5F 5F 20 20 20 20 20 20 20 20 20 20 20 20 0D 0A 36   // прием: 39 байт; 19:42:51:838 20.05.2019
// таймаут: 1311 мсек

Программа ?     
=___            



1B E1   // передача: 2 байт; 19:42:55:067 20.05.2019



1B E9   // передача: 2 байт; 19:42:55:644 20.05.2019
// приём по количеству байт: 39 из 39
// принято с порта: 39 байт

0D 0A CF F0 EE E3 F0 E0 EC EC E0 20 3F 20 20 20 20 20 0D 0A 3D 5F 5F 5F 20 20 20 20 20 20 20 20 20 20 20 20 0D 0A 36   // прием: 39 байт; 19:42:56:346 20.05.2019
// таймаут: 702 мсек




1B EE   // передача: 2 байт; 19:42:56:346 20.05.2019



1B E8   // передача: 2 байт; 19:42:56:362 20.05.2019
// приём по количеству байт: 39 из 39
// принято с порта: 39 байт

0D 0A CF F0 EE E3 F0 E0 EC EC E0 20 3F 20 20 20 20 20 0D 0A 3D 5F 5F 31 20 20 20 20 20 20 20 20 20 20 20 20 0D 0A 08   // прием: 39 байт; 19:42:56:939 20.05.2019
// таймаут: 577 мсек




1B EE   // передача: 2 байт; 19:42:56:939 20.05.2019
// приём по количеству байт: 39 из 39
// принято с порта: 39 байт

0D 0A CF F0 EE E3 F0 E0 EC EC E0 20 3F 20 20 20 20 20 0D 0A 3D 5F 31 39 20 20 20 20 20 20 20 20 20 20 20 20 0D 0A E2   // прием: 39 байт; 19:42:57:641 20.05.2019
// таймаут: 702 мсек

Программа ?     
=_19            



1B ED   // передача: 2 байт; 19:42:57:859 20.05.2019
// приём по количеству байт: 39 из 39
// принято с порта: 39 байт

0D 0A CF F0 EE E3 F0 E0 EC EC E0 20 3F 20 20 20 20 20 0D 0A 3D 5F 31 39 20 20 20 20 20 20 20 20 20 20 20 20 0D 0A E2   // прием: 39 байт; 19:42:58:234 20.05.2019
// таймаут: 375 мсек




1B EE   // передача: 2 байт; 19:42:58:234 20.05.2019
// приём по количеству байт: 39 из 39
// принято с порта: 39 байт

0D 0A CF F0 EE E3 F0 E0 EC EC E0 20 3F 20 20 20 20 20 0D 0A 3D 5F 31 39 20 20 20 20 20 20 20 20 20 20 20 20 0D 0A E2   // прием: 39 байт; 19:42:59:138 20.05.2019
// таймаут: 904 мсек

Программа ?     
=_19            
// приём по количеству байт: 8 из 0
// принято с порта: 8 байт

0D 0A CD E5 F2 3A 20 20   // прием: 8 байт; 19:42:59:528 20.05.2019
// таймаут: 1294 мсек

// приём по количеству байт: 8 из 0
// принято с порта: 8 байт

20 20 20 20 20 20 20 20   // прием: 8 байт; 19:42:59:528 20.05.2019
// таймаут: 1294 мсек

// приём по количеству байт: 7 из 0
// принято с порта: 7 байт

20 20 0D 0A 20 20 EF   // прием: 7 байт; 19:42:59:528 20.05.2019
// таймаут: 1294 мсек

// приём по количеству байт: 8 из 0
// принято с порта: 8 байт

F0 EE E3 F0 E0 EC EC FB   // прием: 8 байт; 19:42:59:544 20.05.2019
// таймаут: 1310 мсек

// приём по количеству байт: 8 из 0
// принято с порта: 8 байт

20 31 39 20 20 0D 0A 00   // прием: 8 байт; 19:42:59:544 20.05.2019
// таймаут: 1310 мсек




1B EC   // передача: 2 байт; 19:43:01:884 20.05.2019
// приём по количеству байт: 39 из 39
// принято с порта: 39 байт

0D 0A CD E5 F2 3A 20 20 20 20 20 20 20 20 20 20 20 20 0D 0A 20 20 EF F0 EE E3 F0 E0 EC EC FB 20 31 39 20 20 0D 0A 00   // прием: 39 байт; 19:43:03:179 20.05.2019
// таймаут: 1295 мсек




1B EE   // передача: 2 байт; 19:43:03:179 20.05.2019
// приём по количеству байт: 39 из 39
// принято с порта: 39 байт

0D 0A CF F0 EE E3 F0 E0 EC EC E0 20 3F 20 20 20 20 20 0D 0A 3D 5F 5F 5F 20 20 20 20 20 20 20 20 20 20 20 20 0D 0A 36   // прием: 39 байт; 19:43:04:474 20.05.2019
// таймаут: 1295 мсек

Программа ?     
=___            



1B E1   // передача: 2 байт; 19:43:05:581 20.05.2019



1B E8   // передача: 2 байт; 19:43:06:377 20.05.2019
// приём по количеству байт: 39 из 39
// принято с порта: 39 байт

0D 0A CF F0 EE E3 F0 E0 EC EC E0 20 3F 20 20 20 20 20 0D 0A 3D 5F 5F 5F 20 20 20 20 20 20 20 20 20 20 20 20 0D 0A 36   // прием: 39 байт; 19:43:06:860 20.05.2019
// таймаут: 483 мсек




1B EE   // передача: 2 байт; 19:43:06:860 20.05.2019



1B E9   // передача: 2 байт; 19:43:07:172 20.05.2019
// приём по количеству байт: 39 из 39
// принято с порта: 39 байт

0D 0A CF F0 EE E3 F0 E0 EC EC E0 20 3F 20 20 20 20 20 0D 0A 3D 5F 5F 31 20 20 20 20 20 20 20 20 20 20 20 20 0D 0A 08   // прием: 39 байт; 19:43:07:672 20.05.2019
// таймаут: 500 мсек




1B EE   // передача: 2 байт; 19:43:07:672 20.05.2019



1B ED   // передача: 2 байт; 19:43:07:937 20.05.2019
// приём по количеству байт: 39 из 39
// принято с порта: 39 байт

0D 0A CF F0 EE E3 F0 E0 EC EC E0 20 3F 20 20 20 20 20 0D 0A 3D 5F 31 38 20 20 20 20 20 20 20 20 20 20 20 20 0D 0A E1   // прием: 39 байт; 19:43:08:140 20.05.2019
// таймаут: 203 мсек




1B EE   // передача: 2 байт; 19:43:08:140 20.05.2019
// приём по количеству байт: 39 из 39
// принято с порта: 39 байт

0D 0A CF F0 EE E3 F0 E0 EC EC E0 20 3F 20 20 20 20 20 0D 0A 3D 5F 31 38 20 20 20 20 20 20 20 20 20 20 20 20 0D 0A E1   // прием: 39 байт; 19:43:08:467 20.05.2019
// таймаут: 327 мсек

Программа ?     
=_18            
// приём по количеству байт: 8 из 0
// принято с порта: 8 байт

0D 0A CF F0 EE E3 F0 E0   // прием: 8 байт; 19:43:08:904 20.05.2019
// таймаут: 764 мсек

// приём по количеству байт: 8 из 0
// принято с порта: 8 байт

EC EC E0 20 3F 20 20 20   // прием: 8 байт; 19:43:08:904 20.05.2019
// таймаут: 764 мсек

// приём по количеству байт: 7 из 0
// принято с порта: 7 байт

20 20 0D 0A 3D 31 38   // прием: 7 байт; 19:43:08:904 20.05.2019
// таймаут: 764 мсек

// приём по количеству байт: 5 из 0
// принято с порта: 5 байт

39 20 20 20 20   // прием: 5 байт; 19:43:08:920 20.05.2019
// таймаут: 780 мсек

// приём по количеству байт: 8 из 0
// принято с порта: 8 байт

20 20 20 20 20 20 20 20   // прием: 8 байт; 19:43:08:966 20.05.2019
// таймаут: 826 мсек

// приём по количеству байт: 3 из 0
// принято с порта: 3 байт

0D 0A BB   // прием: 3 байт; 19:43:08:966 20.05.2019
// таймаут: 826 мсек

// приём по количеству байт: 8 из 0
// принято с порта: 8 байт

0D 0A CF F0 EE E3 F0 E0   // прием: 8 байт; 19:43:09:185 20.05.2019
// таймаут: 1045 мсек

// приём по количеству байт: 8 из 0
// принято с порта: 8 байт

EC EC E0 20 3F 20 20 20   // прием: 8 байт; 19:43:09:185 20.05.2019
// таймаут: 1045 мсек

// приём по количеству байт: 7 из 0
// принято с порта: 7 байт

20 20 0D 0A 3D 31 38   // прием: 7 байт; 19:43:09:185 20.05.2019
// таймаут: 1045 мсек

// приём по количеству байт: 4 из 0
// принято с порта: 4 байт

39 20 20 20   // прием: 4 байт; 19:43:09:200 20.05.2019
// таймаут: 1060 мсек

// приём по количеству байт: 8 из 0
// принято с порта: 8 байт

20 20 20 20 20 20 20 20   // прием: 8 байт; 19:43:09:247 20.05.2019
// таймаут: 1107 мсек

// приём по количеству байт: 4 из 0
// принято с порта: 4 байт

20 0D 0A BB   // прием: 4 байт; 19:43:09:247 20.05.2019
// таймаут: 1107 мсек

// приём по количеству байт: 8 из 0
// принято с порта: 8 байт

0D 0A D2 F0 E0 ED E7 E8   // прием: 8 байт; 19:43:09:403 20.05.2019
// таймаут: 1263 мсек

// приём по количеству байт: 8 из 0
// принято с порта: 8 байт

F2 3A 20 E7 E0 EF F3 F1   // прием: 8 байт; 19:43:09:403 20.05.2019
// таймаут: 1263 мсек

// приём по количеству байт: 7 из 0
// принято с порта: 7 байт

EA 20 0D 0A 20 20 20   // прием: 7 байт; 19:43:09:403 20.05.2019
// таймаут: 1263 мсек

// приём по количеству байт: 5 из 0
// принято с порта: 5 байт

20 EF EE F0 F2   // прием: 5 байт; 19:43:09:419 20.05.2019
// таймаут: 1279 мсек

// приём по количеству байт: 8 из 0
// принято с порта: 8 байт

20 3F 5F 5F 20 20 20 20   // прием: 8 байт; 19:43:09:466 20.05.2019
// таймаут: 1326 мсек

// приём по количеству байт: 3 из 0
// принято с порта: 3 байт

0D 0A 6F   // прием: 3 байт; 19:43:09:466 20.05.2019
// таймаут: 1326 мсек




1B EE   // передача: 2 байт; 19:43:12:087 20.05.2019
// приём по количеству байт: 39 из 39
// принято с порта: 39 байт

0D 0A D2 F0 E0 ED E7 E8 F2 3A 20 E7 E0 EF F3 F1 EA 20 0D 0A 20 20 20 20 EF EE F0 F2 20 3F 5F 5F 20 20 20 20 0D 0A 6F   // прием: 39 байт; 19:43:13:381 20.05.2019
// таймаут: 1294 мсек

Транзит: запуск 
    порт ?__    



1B E1   // передача: 2 байт; 19:43:14:442 20.05.2019
// приём по количеству байт: 39 из 39
// принято с порта: 39 байт

0D 0A D2 F0 E0 ED E7 E8 F2 3A 20 E7 E0 EF F3 F1 EA 20 0D 0A 20 20 20 20 EF EE F0 F2 20 3F 5F 5F 20 20 20 20 0D 0A 6F   // прием: 39 байт; 19:43:15:706 20.05.2019
// таймаут: 1264 мсек




1B EE   // передача: 2 байт; 19:43:15:706 20.05.2019



1B ED   // передача: 2 байт; 19:43:16:143 20.05.2019
// приём по количеству байт: 39 из 39
// принято с порта: 39 байт

0D 0A D2 F0 E0 ED E7 E8 F2 3A 20 E7 E0 EF F3 F1 EA 20 0D 0A 20 20 20 20 EF EE F0 F2 20 3F 5F 31 20 20 20 20 0D 0A 41   // прием: 39 байт; 19:43:17:001 20.05.2019
// таймаут: 858 мсек




1B EE   // передача: 2 байт; 19:43:17:001 20.05.2019
// приём по количеству байт: 39 из 39
// принято с порта: 39 байт

0D 0A D2 F0 E0 ED E7 E8 F2 3A 20 E7 E0 EF F3 F1 EA 20 0D 0A 20 20 20 20 EF EE F0 F2 20 3F 5F 31 20 20 20 20 0D 0A 41   // прием: 39 байт; 19:43:18:516 20.05.2019
// таймаут: 1515 мсек

Транзит: запуск 
    порт ?_1    



1B EE   // передача: 2 байт; 19:43:20:232 20.05.2019
OnTapiStatus event
событие: Call disconnected (Normal Hangup by Remote) 029-190-59-08
OnTapiStatus event
событие: Line is idle 029-190-59-08
OnTapiPortClose event
// приём по таймауту: 5000 мс
// принято с порта: 0 байт

// О программе
