


1A   // передача: 1 байт; 15:25:38:078 03.11.2019



1A   // передача: 1 байт; 15:25:38:284 03.11.2019



1A   // передача: 1 байт; 15:25:38:572 03.11.2019



1A   // передача: 1 байт; 15:25:38:821 03.11.2019



1A   // передача: 1 байт; 15:25:39:059 03.11.2019



1A   // передача: 1 байт; 15:25:39:301 03.11.2019



1A   // передача: 1 байт; 15:25:39:524 03.11.2019



1A   // передача: 1 байт; 15:25:39:724 03.11.2019



1A   // передача: 1 байт; 15:25:39:916 03.11.2019



1A   // передача: 1 байт; 15:25:40:115 03.11.2019



1A   // передача: 1 байт; 15:25:40:329 03.11.2019



1A   // передача: 1 байт; 15:25:40:531 03.11.2019



1A   // передача: 1 байт; 15:25:41:668 03.11.2019



1A   // передача: 1 байт; 15:25:41:836 03.11.2019



1B 41   // передача: 2 байт; 15:25:42:187 03.11.2019



1B 41   // передача: 2 байт; 15:25:42:396 03.11.2019



1B 41   // передача: 2 байт; 15:25:42:588 03.11.2019



1B 41   // передача: 2 байт; 15:25:42:764 03.11.2019



1B 41   // передача: 2 байт; 15:25:42:955 03.11.2019



1B 41   // передача: 2 байт; 15:25:43:164 03.11.2019



1B 41   // передача: 2 байт; 15:25:43:356 03.11.2019



1B 41   // передача: 2 байт; 15:25:43:521 03.11.2019



1B 41   // передача: 2 байт; 15:25:44:027 03.11.2019



1B 41   // передача: 2 байт; 15:25:44:211 03.11.2019



1B 41   // передача: 2 байт; 15:25:44:428 03.11.2019



1B 41   // передача: 2 байт; 15:25:44:612 03.11.2019



1B 41   // передача: 2 байт; 15:25:44:996 03.11.2019



1B 41   // передача: 2 байт; 15:25:45:188 03.11.2019



1B 41   // передача: 2 байт; 15:25:45:364 03.11.2019



1B 41   // передача: 2 байт; 15:25:45:548 03.11.2019



1B 41   // передача: 2 байт; 15:25:45:748 03.11.2019



1B 41   // передача: 2 байт; 15:25:45:932 03.11.2019
// приём по таймауту: 1000 мс
// принято с порта: 0 байт



1B 41   // передача: 2 байт; 15:25:49:349 03.11.2019



1B 41   // передача: 2 байт; 15:25:49:556 03.11.2019



1B 41   // передача: 2 байт; 15:25:49:748 03.11.2019



1B 41   // передача: 2 байт; 15:25:49:932 03.11.2019



1B 41   // передача: 2 байт; 15:25:50:107 03.11.2019



1B 41   // передача: 2 байт; 15:25:50:299 03.11.2019



1B 41   // передача: 2 байт; 15:25:50:484 03.11.2019



1B 41   // передача: 2 байт; 15:25:50:852 03.11.2019



1B 41   // передача: 2 байт; 15:25:51:052 03.11.2019



1B 41   // передача: 2 байт; 15:25:51:244 03.11.2019



1B 41   // передача: 2 байт; 15:25:51:436 03.11.2019



1B 41   // передача: 2 байт; 15:25:51:656 03.11.2019
// приём по таймауту: 1000 мс
// принято с порта: 0 байт

CA E0 EB FE EC ED FB 20 

00 00 07 00 01 54 01   // передача: 7 байт; 15:25:55:860 03.11.2019

CA E0 EB FE EC ED FB 20 

00 00 07 00 01 54 01   // передача: 7 байт; 15:25:56:572 03.11.2019

CA E0 EB FE EC ED FB 20 

00 00 07 00 01 54 01   // передача: 7 байт; 15:25:57:108 03.11.2019

CA E0 EB FE EC ED FB 20 

00 00 07 00 01 54 01   // передача: 7 байт; 15:25:57:562 03.11.2019

CA E0 EB FE EC ED FB 20 

00 00 07 00 01 54 01   // передача: 7 байт; 15:25:57:845 03.11.2019

CA E0 EB FE EC ED FB 20 

00 00 07 00 01 54 01   // передача: 7 байт; 15:25:58:121 03.11.2019
// приём по таймауту: 1000 мс
// принято с порта: 0 байт
повтор: 1

CA E0 EB FE EC ED FB 20 

00 00 07 00 01 54 01   // передача: 7 байт; 15:25:59:209 03.11.2019
// приём по таймауту: 1000 мс
// принято с порта: 0 байт
повтор: 2

CA E0 EB FE EC ED FB 20 

00 00 07 00 01 54 01   // передача: 7 байт; 15:26:00:217 03.11.2019
// приём по таймауту: 1000 мс
// принято с порта: 0 байт
повтор: 3

CA E0 EB FE EC ED FB 20 

00 00 07 00 01 54 01   // передача: 7 байт; 15:26:01:255 03.11.2019
// приём по таймауту: 1000 мс
// принято с порта: 0 байт
повтор: 4

CA E0 EB FE EC ED FB 20 

00 00 07 00 01 54 01   // передача: 7 байт; 15:26:02:287 03.11.2019
// приём по таймауту: 1000 мс
// принято с порта: 0 байт
повтор: 5

CA E0 EB FE EC ED FB 20 

00 00 07 00 01 54 01   // передача: 7 байт; 15:26:03:318 03.11.2019
// приём по таймауту: 1000 мс
// принято с порта: 0 байт



1B 41   // передача: 2 байт; 15:27:46:415 03.11.2019



1B 41   // передача: 2 байт; 15:27:46:671 03.11.2019



1B 41   // передача: 2 байт; 15:27:46:887 03.11.2019



1B 41   // передача: 2 байт; 15:27:47:111 03.11.2019
// приём по таймауту: 1000 мс
// принято с порта: 0 байт



1B 41   // передача: 2 байт; 15:27:51:295 03.11.2019



1B 41   // передача: 2 байт; 15:27:51:519 03.11.2019



1B 41   // передача: 2 байт; 15:27:51:719 03.11.2019



1B 41   // передача: 2 байт; 15:27:51:943 03.11.2019



1B 41   // передача: 2 байт; 15:27:52:335 03.11.2019



1B 41   // передача: 2 байт; 15:27:52:551 03.11.2019
// приём по таймауту: 1000 мс
// принято с порта: 0 байт

CA E0 EB FE EC ED FB 20 

00 00 07 00 01 54 01   // передача: 7 байт; 15:27:55:417 03.11.2019
// приём по количеству байт: 13 из 13
// принято с порта: 13 байт

01 00 0D 00 01 15 1B 0F 03 0B 13 99 66   // прием: 13 байт; 15:27:55:455 03.11.2019
// таймаут: 38 мсек


// О программе
