


1A   // передача: 1 байт; 14:44:04:858 03.11.2019



1B 41   // передача: 2 байт; 14:44:05:394 03.11.2019



1B 41   // передача: 2 байт; 14:44:05:594 03.11.2019



1B 41   // передача: 2 байт; 14:44:05:778 03.11.2019



1B 41   // передача: 2 байт; 14:44:06:226 03.11.2019



1B 41   // передача: 2 байт; 14:44:06:418 03.11.2019



1B 41   // передача: 2 байт; 14:44:06:626 03.11.2019



1B 41   // передача: 2 байт; 14:44:06:834 03.11.2019



1B 41   // передача: 2 байт; 14:44:07:026 03.11.2019



1B 41   // передача: 2 байт; 14:44:07:234 03.11.2019



1B 41   // передача: 2 байт; 14:44:07:442 03.11.2019



1A   // передача: 1 байт; 14:44:08:018 03.11.2019



1A   // передача: 1 байт; 14:44:08:226 03.11.2019



1A   // передача: 1 байт; 14:44:08:434 03.11.2019



1A   // передача: 1 байт; 14:44:08:618 03.11.2019



1A   // передача: 1 байт; 14:44:08:818 03.11.2019



1A   // передача: 1 байт; 14:44:09:034 03.11.2019



1A   // передача: 1 байт; 14:44:09:242 03.11.2019



1A   // передача: 1 байт; 14:44:09:434 03.11.2019



1A   // передача: 1 байт; 14:44:09:610 03.11.2019



1B 41   // передача: 2 байт; 14:44:09:954 03.11.2019



1B 41   // передача: 2 байт; 14:44:10:146 03.11.2019



1B 41   // передача: 2 байт; 14:44:10:394 03.11.2019
// приём по таймауту: 1000 мс
// принято с порта: 0 байт



1B 41   // передача: 2 байт; 14:44:11:641 03.11.2019
// приём по таймауту: 1000 мс
// принято с порта: 0 байт



1B 41   // передача: 2 байт; 14:44:13:305 03.11.2019



1B 41   // передача: 2 байт; 14:44:13:481 03.11.2019



1B 41   // передача: 2 байт; 14:44:13:681 03.11.2019



1B 41   // передача: 2 байт; 14:44:13:913 03.11.2019



1B 41   // передача: 2 байт; 14:44:14:073 03.11.2019



1B 41   // передача: 2 байт; 14:44:14:321 03.11.2019



1B 41   // передача: 2 байт; 14:44:14:522 03.11.2019



1B 41   // передача: 2 байт; 14:44:14:738 03.11.2019



1B 41   // передача: 2 байт; 14:44:14:930 03.11.2019



1B 41   // передача: 2 байт; 14:44:15:146 03.11.2019



1B 41   // передача: 2 байт; 14:44:15:338 03.11.2019



1B 41   // передача: 2 байт; 14:44:15:546 03.11.2019



1B 41   // передача: 2 байт; 14:44:15:738 03.11.2019



1B 41   // передача: 2 байт; 14:44:15:930 03.11.2019



1B 41   // передача: 2 байт; 14:44:16:170 03.11.2019



1B 41   // передача: 2 байт; 14:44:16:386 03.11.2019



1B 41   // передача: 2 байт; 14:44:16:594 03.11.2019



1B 41   // передача: 2 байт; 14:44:16:818 03.11.2019



1B 41   // передача: 2 байт; 14:44:16:994 03.11.2019



1B 41   // передача: 2 байт; 14:44:17:210 03.11.2019



1B 41   // передача: 2 байт; 14:44:17:394 03.11.2019
// приём по таймауту: 1000 мс
// принято с порта: 0 байт



1A   // передача: 1 байт; 14:44:21:570 03.11.2019



1A   // передача: 1 байт; 14:44:21:762 03.11.2019



1A   // передача: 1 байт; 14:44:21:962 03.11.2019



1A   // передача: 1 байт; 14:44:22:170 03.11.2019



1A   // передача: 1 байт; 14:44:22:346 03.11.2019



1A   // передача: 1 байт; 14:44:22:538 03.11.2019



1A   // передача: 1 байт; 14:44:22:738 03.11.2019



1A   // передача: 1 байт; 14:44:22:946 03.11.2019



1A   // передача: 1 байт; 14:44:23:146 03.11.2019



1A   // передача: 1 байт; 14:44:23:338 03.11.2019



1A   // передача: 1 байт; 14:44:23:546 03.11.2019



1A   // передача: 1 байт; 14:44:23:746 03.11.2019



1A   // передача: 1 байт; 14:44:23:946 03.11.2019



1A   // передача: 1 байт; 14:44:24:154 03.11.2019



1A   // передача: 1 байт; 14:44:24:386 03.11.2019



1A   // передача: 1 байт; 14:44:24:562 03.11.2019



1A   // передача: 1 байт; 14:44:24:802 03.11.2019



1A   // передача: 1 байт; 14:44:25:002 03.11.2019



1A   // передача: 1 байт; 14:44:25:218 03.11.2019



1A   // передача: 1 байт; 14:44:25:410 03.11.2019



1A   // передача: 1 байт; 14:44:25:610 03.11.2019



1A   // передача: 1 байт; 14:44:25:802 03.11.2019



1A   // передача: 1 байт; 14:44:26:026 03.11.2019



1A   // передача: 1 байт; 14:44:26:234 03.11.2019



1A   // передача: 1 байт; 14:44:26:426 03.11.2019



1A   // передача: 1 байт; 14:44:26:618 03.11.2019



1A   // передача: 1 байт; 14:44:26:826 03.11.2019



1A   // передача: 1 байт; 14:44:27:034 03.11.2019



1A   // передача: 1 байт; 14:44:27:234 03.11.2019



1A   // передача: 1 байт; 14:44:27:426 03.11.2019



1A   // передача: 1 байт; 14:44:27:658 03.11.2019



1A   // передача: 1 байт; 14:44:27:866 03.11.2019



1A   // передача: 1 байт; 14:44:28:098 03.11.2019



1A   // передача: 1 байт; 14:44:28:306 03.11.2019



1A   // передача: 1 байт; 14:44:28:522 03.11.2019



1A   // передача: 1 байт; 14:46:44:191 03.11.2019



1B 41   // передача: 2 байт; 14:46:47:839 03.11.2019
// приём по таймауту: 1000 мс
// принято с порта: 0 байт



1B 41   // передача: 2 байт; 14:46:51:903 03.11.2019



1B 41   // передача: 2 байт; 14:46:52:655 03.11.2019



1B 41   // передача: 2 байт; 14:46:52:919 03.11.2019



1B 41   // передача: 2 байт; 14:46:53:199 03.11.2019



1A   // передача: 1 байт; 14:46:53:863 03.11.2019



1A   // передача: 1 байт; 14:46:54:079 03.11.2019



1A   // передача: 1 байт; 14:46:54:295 03.11.2019



1A   // передача: 1 байт; 14:46:54:503 03.11.2019



1A   // передача: 1 байт; 14:46:54:703 03.11.2019



1A   // передача: 1 байт; 14:46:54:895 03.11.2019



1A   // передача: 1 байт; 14:46:55:127 03.11.2019



1A   // передача: 1 байт; 14:46:55:303 03.11.2019



1A   // передача: 1 байт; 14:46:55:495 03.11.2019



1A   // передача: 1 байт; 14:46:55:695 03.11.2019



1A   // передача: 1 байт; 14:46:55:879 03.11.2019
Чтение коэффициентов

CA E0 EB FE EC ED FB 20 

00 00 07 00 1E 15 C9   // передача: 7 байт; 14:46:57:020 03.11.2019
// приём по таймауту: 1000 мс
// принято с порта: 0 байт
повтор: 1

CA E0 EB FE EC ED FB 20 

00 00 07 00 1E 15 C9   // передача: 7 байт; 14:46:58:033 03.11.2019
// приём по таймауту: 1000 мс
// принято с порта: 0 байт
повтор: 2

CA E0 EB FE EC ED FB 20 

00 00 07 00 1E 15 C9   // передача: 7 байт; 14:46:59:048 03.11.2019
// приём по таймауту: 1000 мс
// принято с порта: 0 байт
повтор: 3

CA E0 EB FE EC ED FB 20 

00 00 07 00 1E 15 C9   // передача: 7 байт; 14:47:00:061 03.11.2019

// О программе
