


1A   // передача: 1 байт; 15:25:25:421 03.11.2019



1B 41   // передача: 2 байт; 15:25:25:853 03.11.2019



1B 41   // передача: 2 байт; 15:25:26:205 03.11.2019



1B 41   // передача: 2 байт; 15:25:26:413 03.11.2019



1B 41   // передача: 2 байт; 15:25:26:613 03.11.2019



1B 41   // передача: 2 байт; 15:25:26:807 03.11.2019



1B 41   // передача: 2 байт; 15:25:26:991 03.11.2019



1B 41   // передача: 2 байт; 15:25:27:189 03.11.2019



1B 41   // передача: 2 байт; 15:25:27:453 03.11.2019



1B 41   // передача: 2 байт; 15:25:28:389 03.11.2019



1B 41   // передача: 2 байт; 15:25:28:597 03.11.2019



1B 41   // передача: 2 байт; 15:25:28:781 03.11.2019
// приЄм по таймауту: 1000 мс
// прин€то с порта: 0 байт

CA E0 EB FE EC ED FB 20 

00 00 07 00 F7 D4 47   // передача: 7 байт; 15:25:30:182 03.11.2019
// приЄм по таймауту: 1000 мс
// прин€то с порта: 0 байт
повтор: 1

CA E0 EB FE EC ED FB 20 

00 00 07 00 F7 D4 47   // передача: 7 байт; 15:25:31:192 03.11.2019
// приЄм по таймауту: 1000 мс
// прин€то с порта: 0 байт
повтор: 2

CA E0 EB FE EC ED FB 20 

00 00 07 00 F7 D4 47   // передача: 7 байт; 15:25:32:209 03.11.2019
// приЄм по таймауту: 1000 мс
// прин€то с порта: 0 байт
повтор: 3

CA E0 EB FE EC ED FB 20 

00 00 07 00 F7 D4 47   // передача: 7 байт; 15:25:33:224 03.11.2019
// приЄм по таймауту: 1000 мс
// прин€то с порта: 0 байт
повтор: 4

CA E0 EB FE EC ED FB 20 

00 00 07 00 F7 D4 47   // передача: 7 байт; 15:25:34:234 03.11.2019



1A   // передача: 1 байт; 15:25:34:412 03.11.2019



1A   // передача: 1 байт; 15:25:34:596 03.11.2019



1A   // передача: 1 байт; 15:25:34:796 03.11.2019



1A   // передача: 1 байт; 15:25:35:300 03.11.2019

// ќ программе
