Чтение адресов и паролей

CA E0 EB FE EC ED FB 20 

00 00 09 00 FD 88 00 30 F1   // передача: 9 байт; 09:44:27:567 28.06.2020
// приём по количеству байт: 25 из 25
// принято с порта: 25 байт

01 00 19 00 FD 00 00 00 7B 61 62 63 00 00 00 00 00 00 00 00 00 00 00 08 33   // прием: 25 байт; 09:44:27:614 28.06.2020
// таймаут: 47 мсек

Чтение адресов и паролей: 1 %

CA E0 EB FE EC ED FB 20 

00 00 09 00 FD 88 01 F1 31   // передача: 9 байт; 09:44:27:614 28.06.2020
// приём по количеству байт: 25 из 25
// принято с порта: 25 байт

01 00 19 00 FD 00 00 00 22 64 65 00 00 00 00 00 00 00 00 00 00 00 00 1B CF   // прием: 25 байт; 09:44:27:661 28.06.2020
// таймаут: 47 мсек

Чтение адресов и паролей: 3 %

CA E0 EB FE EC ED FB 20 

00 00 09 00 FD 88 02 B1 30   // передача: 9 байт; 09:44:27:661 28.06.2020
// приём по количеству байт: 25 из 25
// принято с порта: 25 байт

01 00 19 00 FD 00 00 00 05 66 00 00 00 00 00 00 00 00 00 00 00 00 00 F2 B2   // прием: 25 байт; 09:44:27:723 28.06.2020
// таймаут: 62 мсек

Чтение адресов и паролей: 4 %

CA E0 EB FE EC ED FB 20 

00 00 09 00 FD 88 03 70 F0   // передача: 9 байт; 09:44:27:723 28.06.2020
// приём по количеству байт: 25 из 25
// принято с порта: 25 байт

01 00 19 00 FD 00 00 00 00 00 00 00 00 00 00 00 00 00 00 00 00 00 00 51 D7   // прием: 25 байт; 09:44:27:770 28.06.2020
// таймаут: 47 мсек

Чтение адресов и паролей: 6 %

CA E0 EB FE EC ED FB 20 

00 00 09 00 FD 88 04 31 32   // передача: 9 байт; 09:44:27:770 28.06.2020
// приём по количеству байт: 25 из 25
// принято с порта: 25 байт

01 00 19 00 FD 00 00 00 00 00 00 00 00 00 00 00 00 00 00 00 00 00 00 51 D7   // прием: 25 байт; 09:44:27:817 28.06.2020
// таймаут: 47 мсек

Чтение адресов и паролей: 7 %

CA E0 EB FE EC ED FB 20 

00 00 09 00 FD 88 05 F0 F2   // передача: 9 байт; 09:44:27:832 28.06.2020
// приём по количеству байт: 25 из 25
// принято с порта: 25 байт

01 00 19 00 FD 00 00 00 00 00 00 00 00 00 00 00 00 00 00 00 00 00 00 51 D7   // прием: 25 байт; 09:44:27:879 28.06.2020
// таймаут: 47 мсек

Чтение адресов и паролей: 9 %

CA E0 EB FE EC ED FB 20 

00 00 09 00 FD 88 06 B0 F3   // передача: 9 байт; 09:44:27:879 28.06.2020
// приём по количеству байт: 25 из 25
// принято с порта: 25 байт

01 00 19 00 FD 00 00 00 00 00 00 00 00 00 00 00 00 00 00 00 00 00 00 51 D7   // прием: 25 байт; 09:44:27:926 28.06.2020
// таймаут: 47 мсек

Чтение адресов и паролей: 11 %

CA E0 EB FE EC ED FB 20 

00 00 09 00 FD 88 07 71 33   // передача: 9 байт; 09:44:27:926 28.06.2020
// приём по количеству байт: 25 из 25
// принято с порта: 25 байт

01 00 19 00 FD 00 00 00 00 00 00 00 00 00 00 00 00 00 00 00 00 00 00 51 D7   // прием: 25 байт; 09:44:27:988 28.06.2020
// таймаут: 62 мсек

Чтение адресов и паролей: 12 %

CA E0 EB FE EC ED FB 20 

00 00 09 00 FD 88 08 31 37   // передача: 9 байт; 09:44:27:988 28.06.2020
// приём по количеству байт: 25 из 25
// принято с порта: 25 байт

01 00 19 00 FD 00 00 00 00 00 00 00 00 00 00 00 00 00 00 00 00 00 00 51 D7   // прием: 25 байт; 09:44:28:035 28.06.2020
// таймаут: 47 мсек

Чтение адресов и паролей: 14 %

CA E0 EB FE EC ED FB 20 

00 00 09 00 FD 88 09 F0 F7   // передача: 9 байт; 09:44:28:035 28.06.2020
// приём по количеству байт: 25 из 25
// принято с порта: 25 байт

01 00 19 00 FD 00 00 00 00 00 00 00 00 00 00 00 00 00 00 00 00 00 00 51 D7   // прием: 25 байт; 09:44:28:082 28.06.2020
// таймаут: 47 мсек

Чтение адресов и паролей: 15 %

CA E0 EB FE EC ED FB 20 

00 00 09 00 FD 88 0A B0 F6   // передача: 9 байт; 09:44:28:082 28.06.2020
// приём по количеству байт: 25 из 25
// принято с порта: 25 байт

01 00 19 00 FD 00 00 00 00 00 00 00 00 00 00 00 00 00 00 00 00 00 00 51 D7   // прием: 25 байт; 09:44:28:144 28.06.2020
// таймаут: 62 мсек

Чтение адресов и паролей: 17 %

CA E0 EB FE EC ED FB 20 

00 00 09 00 FD 88 0B 71 36   // передача: 9 байт; 09:44:28:144 28.06.2020
// приём по количеству байт: 25 из 25
// принято с порта: 25 байт

01 00 19 00 FD 00 00 00 00 00 00 00 00 00 00 00 00 00 00 00 00 00 00 51 D7   // прием: 25 байт; 09:44:28:191 28.06.2020
// таймаут: 47 мсек

Чтение адресов и паролей: 19 %

CA E0 EB FE EC ED FB 20 

00 00 09 00 FD 88 0C 30 F4   // передача: 9 байт; 09:44:28:191 28.06.2020
// приём по количеству байт: 25 из 25
// принято с порта: 25 байт

01 00 19 00 FD 00 00 00 00 00 00 00 00 00 00 00 00 00 00 00 00 00 00 51 D7   // прием: 25 байт; 09:44:28:238 28.06.2020
// таймаут: 47 мсек

Чтение адресов и паролей: 20 %

CA E0 EB FE EC ED FB 20 

00 00 09 00 FD 88 0D F1 34   // передача: 9 байт; 09:44:28:253 28.06.2020
// приём по количеству байт: 25 из 25
// принято с порта: 25 байт

01 00 19 00 FD 00 00 00 00 00 00 00 00 00 00 00 00 00 00 00 00 00 00 51 D7   // прием: 25 байт; 09:44:28:300 28.06.2020
// таймаут: 47 мсек

Чтение адресов и паролей: 22 %

CA E0 EB FE EC ED FB 20 

00 00 09 00 FD 88 0E B1 35   // передача: 9 байт; 09:44:28:300 28.06.2020
// приём по количеству байт: 25 из 25
// принято с порта: 25 байт

01 00 19 00 FD 00 00 00 00 00 00 00 00 00 00 00 00 00 00 00 00 00 00 51 D7   // прием: 25 байт; 09:44:28:347 28.06.2020
// таймаут: 47 мсек

Чтение адресов и паролей: 23 %

CA E0 EB FE EC ED FB 20 

00 00 09 00 FD 88 0F 70 F5   // передача: 9 байт; 09:44:28:347 28.06.2020
// приём по количеству байт: 25 из 25
// принято с порта: 25 байт

01 00 19 00 FD 00 00 00 00 00 00 00 00 00 00 00 00 00 00 00 00 00 00 51 D7   // прием: 25 байт; 09:44:28:409 28.06.2020
// таймаут: 62 мсек

Чтение адресов и паролей: 25 %

CA E0 EB FE EC ED FB 20 

00 00 09 00 FD 88 10 31 3D   // передача: 9 байт; 09:44:28:409 28.06.2020
// приём по количеству байт: 25 из 25
// принято с порта: 25 байт

01 00 19 00 FD 00 00 00 00 00 00 00 00 00 00 00 00 00 00 00 00 00 00 51 D7   // прием: 25 байт; 09:44:28:456 28.06.2020
// таймаут: 47 мсек

Чтение адресов и паролей: 26 %

CA E0 EB FE EC ED FB 20 

00 00 09 00 FD 88 11 F0 FD   // передача: 9 байт; 09:44:28:456 28.06.2020
// приём по количеству байт: 25 из 25
// принято с порта: 25 байт

01 00 19 00 FD 00 00 00 00 00 00 00 00 00 00 00 00 00 00 00 00 00 00 51 D7   // прием: 25 байт; 09:44:28:503 28.06.2020
// таймаут: 47 мсек

Чтение адресов и паролей: 28 %

CA E0 EB FE EC ED FB 20 

00 00 09 00 FD 88 12 B0 FC   // передача: 9 байт; 09:44:28:503 28.06.2020
// приём по количеству байт: 25 из 25
// принято с порта: 25 байт

01 00 19 00 FD 00 00 00 00 00 00 00 00 00 00 00 00 00 00 00 00 00 00 51 D7   // прием: 25 байт; 09:44:28:565 28.06.2020
// таймаут: 62 мсек

Чтение адресов и паролей: 30 %

CA E0 EB FE EC ED FB 20 

00 00 09 00 FD 88 13 71 3C   // передача: 9 байт; 09:44:28:565 28.06.2020
// приём по количеству байт: 25 из 25
// принято с порта: 25 байт

01 00 19 00 FD 00 00 00 00 00 00 00 00 00 00 00 00 00 00 00 00 00 00 51 D7   // прием: 25 байт; 09:44:28:612 28.06.2020
// таймаут: 47 мсек

Чтение адресов и паролей: 31 %

CA E0 EB FE EC ED FB 20 

00 00 09 00 FD 88 14 30 FE   // передача: 9 байт; 09:44:28:612 28.06.2020
// приём по количеству байт: 25 из 25
// принято с порта: 25 байт

01 00 19 00 FD 00 00 00 00 00 00 00 00 00 00 00 00 00 00 00 00 00 00 51 D7   // прием: 25 байт; 09:44:28:659 28.06.2020
// таймаут: 47 мсек

Чтение адресов и паролей: 33 %

CA E0 EB FE EC ED FB 20 

00 00 09 00 FD 88 15 F1 3E   // передача: 9 байт; 09:44:28:659 28.06.2020
// приём по количеству байт: 25 из 25
// принято с порта: 25 байт

01 00 19 00 FD 00 00 00 00 00 00 00 00 00 00 00 00 00 00 00 00 00 00 51 D7   // прием: 25 байт; 09:44:28:721 28.06.2020
// таймаут: 62 мсек

Чтение адресов и паролей: 34 %

CA E0 EB FE EC ED FB 20 

00 00 09 00 FD 88 16 B1 3F   // передача: 9 байт; 09:44:28:721 28.06.2020
// приём по количеству байт: 25 из 25
// принято с порта: 25 байт

01 00 19 00 FD 00 00 00 00 00 00 00 00 00 00 00 00 00 00 00 00 00 00 51 D7   // прием: 25 байт; 09:44:28:768 28.06.2020
// таймаут: 47 мсек

Чтение адресов и паролей: 36 %

CA E0 EB FE EC ED FB 20 

00 00 09 00 FD 88 17 70 FF   // передача: 9 байт; 09:44:28:768 28.06.2020
// приём по количеству байт: 25 из 25
// принято с порта: 25 байт

01 00 19 00 FD 00 00 00 00 00 00 00 00 00 00 00 00 00 00 00 00 00 00 51 D7   // прием: 25 байт; 09:44:28:831 28.06.2020
// таймаут: 63 мсек

Чтение адресов и паролей: 38 %

CA E0 EB FE EC ED FB 20 

00 00 09 00 FD 88 18 30 FB   // передача: 9 байт; 09:44:28:831 28.06.2020
// приём по количеству байт: 25 из 25
// принято с порта: 25 байт

01 00 19 00 FD 00 00 00 00 00 00 00 00 00 00 00 00 00 00 00 00 00 00 51 D7   // прием: 25 байт; 09:44:28:877 28.06.2020
// таймаут: 46 мсек

Чтение адресов и паролей: 39 %

CA E0 EB FE EC ED FB 20 

00 00 09 00 FD 88 19 F1 3B   // передача: 9 байт; 09:44:28:877 28.06.2020
// приём по количеству байт: 25 из 25
// принято с порта: 25 байт

01 00 19 00 FD 00 00 00 00 00 00 00 00 00 00 00 00 00 00 00 00 00 00 51 D7   // прием: 25 байт; 09:44:28:924 28.06.2020
// таймаут: 47 мсек

Чтение адресов и паролей: 41 %

CA E0 EB FE EC ED FB 20 

00 00 09 00 FD 88 1A B1 3A   // передача: 9 байт; 09:44:28:924 28.06.2020
// приём по количеству байт: 25 из 25
// принято с порта: 25 байт

01 00 19 00 FD 00 00 00 00 00 00 00 00 00 00 00 00 00 00 00 00 00 00 51 D7   // прием: 25 байт; 09:44:28:987 28.06.2020
// таймаут: 63 мсек

Чтение адресов и паролей: 42 %

CA E0 EB FE EC ED FB 20 

00 00 09 00 FD 88 1B 70 FA   // передача: 9 байт; 09:44:28:987 28.06.2020
// приём по количеству байт: 25 из 25
// принято с порта: 25 байт

01 00 19 00 FD 00 00 00 00 00 00 00 00 00 00 00 00 00 00 00 00 00 00 51 D7   // прием: 25 байт; 09:44:29:033 28.06.2020
// таймаут: 46 мсек

Чтение адресов и паролей: 44 %

CA E0 EB FE EC ED FB 20 

00 00 09 00 FD 88 1C 31 38   // передача: 9 байт; 09:44:29:033 28.06.2020
// приём по количеству байт: 25 из 25
// принято с порта: 25 байт

01 00 19 00 FD 00 00 00 00 00 00 00 00 00 00 00 00 00 00 00 00 00 00 51 D7   // прием: 25 байт; 09:44:29:080 28.06.2020
// таймаут: 47 мсек

Чтение адресов и паролей: 46 %

CA E0 EB FE EC ED FB 20 

00 00 09 00 FD 88 1D F0 F8   // передача: 9 байт; 09:44:29:080 28.06.2020
// приём по количеству байт: 25 из 25
// принято с порта: 25 байт

01 00 19 00 FD 00 00 00 00 00 00 00 00 00 00 00 00 00 00 00 00 00 00 51 D7   // прием: 25 байт; 09:44:29:143 28.06.2020
// таймаут: 63 мсек

Чтение адресов и паролей: 47 %

CA E0 EB FE EC ED FB 20 

00 00 09 00 FD 88 1E B0 F9   // передача: 9 байт; 09:44:29:143 28.06.2020
// приём по количеству байт: 25 из 25
// принято с порта: 25 байт

01 00 19 00 FD 00 00 00 00 00 00 00 00 00 00 00 00 00 00 00 00 00 00 51 D7   // прием: 25 байт; 09:44:29:189 28.06.2020
// таймаут: 46 мсек

Чтение адресов и паролей: 49 %

CA E0 EB FE EC ED FB 20 

00 00 09 00 FD 88 1F 71 39   // передача: 9 байт; 09:44:29:189 28.06.2020
// приём по количеству байт: 25 из 25
// принято с порта: 25 байт

01 00 19 00 FD 00 00 00 00 00 00 00 00 00 00 00 00 00 00 00 00 00 00 51 D7   // прием: 25 байт; 09:44:29:236 28.06.2020
// таймаут: 47 мсек

Чтение адресов и паролей: 50 %

CA E0 EB FE EC ED FB 20 

00 00 09 00 FD 88 20 31 29   // передача: 9 байт; 09:44:29:252 28.06.2020
// приём по количеству байт: 25 из 25
// принято с порта: 25 байт

01 00 19 00 FD 00 00 00 00 00 00 00 00 00 00 00 00 00 00 00 00 00 00 51 D7   // прием: 25 байт; 09:44:29:299 28.06.2020
// таймаут: 47 мсек

Чтение адресов и паролей: 52 %

CA E0 EB FE EC ED FB 20 

00 00 09 00 FD 88 21 F0 E9   // передача: 9 байт; 09:44:29:299 28.06.2020
// приём по количеству байт: 25 из 25
// принято с порта: 25 байт

01 00 19 00 FD 00 00 00 00 00 00 00 00 00 00 00 00 00 00 00 00 00 00 51 D7   // прием: 25 байт; 09:44:29:345 28.06.2020
// таймаут: 46 мсек

Чтение адресов и паролей: 53 %

CA E0 EB FE EC ED FB 20 

00 00 09 00 FD 88 22 B0 E8   // передача: 9 байт; 09:44:29:345 28.06.2020
// приём по количеству байт: 25 из 25
// принято с порта: 25 байт

01 00 19 00 FD 00 00 00 00 00 00 00 00 00 00 00 00 00 00 00 00 00 00 51 D7   // прием: 25 байт; 09:44:29:408 28.06.2020
// таймаут: 63 мсек

Чтение адресов и паролей: 55 %

CA E0 EB FE EC ED FB 20 

00 00 09 00 FD 88 23 71 28   // передача: 9 байт; 09:44:29:408 28.06.2020
// приём по количеству байт: 25 из 25
// принято с порта: 25 байт

01 00 19 00 FD 00 00 00 00 00 00 00 00 00 00 00 00 00 00 00 00 00 00 51 D7   // прием: 25 байт; 09:44:29:455 28.06.2020
// таймаут: 47 мсек

Чтение адресов и паролей: 57 %

CA E0 EB FE EC ED FB 20 

00 00 09 00 FD 88 24 30 EA   // передача: 9 байт; 09:44:29:455 28.06.2020
// приём по количеству байт: 25 из 25
// принято с порта: 25 байт

01 00 19 00 FD 00 00 00 00 00 00 00 00 00 00 00 00 00 00 00 00 00 00 51 D7   // прием: 25 байт; 09:44:29:501 28.06.2020
// таймаут: 46 мсек

Чтение адресов и паролей: 58 %

CA E0 EB FE EC ED FB 20 

00 00 09 00 FD 88 25 F1 2A   // передача: 9 байт; 09:44:29:501 28.06.2020
// приём по количеству байт: 25 из 25
// принято с порта: 25 байт

01 00 19 00 FD 00 00 00 00 00 00 00 00 00 00 00 00 00 00 00 00 00 00 51 D7   // прием: 25 байт; 09:44:29:564 28.06.2020
// таймаут: 63 мсек

Чтение адресов и паролей: 60 %

CA E0 EB FE EC ED FB 20 

00 00 09 00 FD 88 26 B1 2B   // передача: 9 байт; 09:44:29:564 28.06.2020
// приём по количеству байт: 25 из 25
// принято с порта: 25 байт

01 00 19 00 FD 00 00 00 00 00 00 00 00 00 00 00 00 00 00 00 00 00 00 51 D7   // прием: 25 байт; 09:44:29:611 28.06.2020
// таймаут: 47 мсек

Чтение адресов и паролей: 61 %

CA E0 EB FE EC ED FB 20 

00 00 09 00 FD 88 27 70 EB   // передача: 9 байт; 09:44:29:611 28.06.2020
// приём по количеству байт: 25 из 25
// принято с порта: 25 байт

01 00 19 00 FD 00 00 00 00 00 00 00 00 00 00 00 00 00 00 00 00 00 00 51 D7   // прием: 25 байт; 09:44:29:657 28.06.2020
// таймаут: 46 мсек

Чтение адресов и паролей: 63 %

CA E0 EB FE EC ED FB 20 

00 00 09 00 FD 88 28 30 EF   // передача: 9 байт; 09:44:29:673 28.06.2020
// приём по количеству байт: 25 из 25
// принято с порта: 25 байт

01 00 19 00 FD 00 00 00 00 00 00 00 00 00 00 00 00 00 00 00 00 00 00 51 D7   // прием: 25 байт; 09:44:29:720 28.06.2020
// таймаут: 47 мсек

Чтение адресов и паролей: 65 %

CA E0 EB FE EC ED FB 20 

00 00 09 00 FD 88 29 F1 2F   // передача: 9 байт; 09:44:29:720 28.06.2020
// приём по количеству байт: 25 из 25
// принято с порта: 25 байт

01 00 19 00 FD 00 00 00 00 00 00 00 00 00 00 00 00 00 00 00 00 00 00 51 D7   // прием: 25 байт; 09:44:29:767 28.06.2020
// таймаут: 47 мсек

Чтение адресов и паролей: 66 %

CA E0 EB FE EC ED FB 20 

00 00 09 00 FD 88 2A B1 2E   // передача: 9 байт; 09:44:29:767 28.06.2020
// приём по количеству байт: 25 из 25
// принято с порта: 25 байт

01 00 19 00 FD 00 00 00 00 00 00 00 00 00 00 00 00 00 00 00 00 00 00 51 D7   // прием: 25 байт; 09:44:29:829 28.06.2020
// таймаут: 62 мсек

Чтение адресов и паролей: 68 %

CA E0 EB FE EC ED FB 20 

00 00 09 00 FD 88 2B 70 EE   // передача: 9 байт; 09:44:29:829 28.06.2020
// приём по количеству байт: 25 из 25
// принято с порта: 25 байт

01 00 19 00 FD 00 00 00 00 00 00 00 00 00 00 00 00 00 00 00 00 00 00 51 D7   // прием: 25 байт; 09:44:29:876 28.06.2020
// таймаут: 47 мсек

Чтение адресов и паролей: 69 %

CA E0 EB FE EC ED FB 20 

00 00 09 00 FD 88 2C 31 2C   // передача: 9 байт; 09:44:29:876 28.06.2020
// приём по количеству байт: 25 из 25
// принято с порта: 25 байт

01 00 19 00 FD 00 00 00 00 00 00 00 00 00 00 00 00 00 00 00 00 00 00 51 D7   // прием: 25 байт; 09:44:29:923 28.06.2020
// таймаут: 47 мсек

Чтение адресов и паролей: 71 %

CA E0 EB FE EC ED FB 20 

00 00 09 00 FD 88 2D F0 EC   // передача: 9 байт; 09:44:29:923 28.06.2020
// приём по количеству байт: 25 из 25
// принято с порта: 25 байт

01 00 19 00 FD 00 00 00 00 00 00 00 00 00 00 00 00 00 00 00 00 00 00 51 D7   // прием: 25 байт; 09:44:29:985 28.06.2020
// таймаут: 62 мсек

Чтение адресов и паролей: 73 %

CA E0 EB FE EC ED FB 20 

00 00 09 00 FD 88 2E B0 ED   // передача: 9 байт; 09:44:29:985 28.06.2020
// приём по количеству байт: 25 из 25
// принято с порта: 25 байт

01 00 19 00 FD 00 00 00 00 00 00 00 00 00 00 00 00 00 00 00 00 00 00 51 D7   // прием: 25 байт; 09:44:30:032 28.06.2020
// таймаут: 47 мсек

Чтение адресов и паролей: 74 %

CA E0 EB FE EC ED FB 20 

00 00 09 00 FD 88 2F 71 2D   // передача: 9 байт; 09:44:30:032 28.06.2020
// приём по количеству байт: 25 из 25
// принято с порта: 25 байт

01 00 19 00 FD 00 00 00 00 00 00 00 00 00 00 00 00 00 00 00 00 00 00 51 D7   // прием: 25 байт; 09:44:30:094 28.06.2020
// таймаут: 62 мсек

Чтение адресов и паролей: 76 %

CA E0 EB FE EC ED FB 20 

00 00 09 00 FD 88 30 30 E5   // передача: 9 байт; 09:44:30:094 28.06.2020
// приём по количеству байт: 25 из 25
// принято с порта: 25 байт

01 00 19 00 FD 00 00 00 00 00 00 00 00 00 00 00 00 00 00 00 00 00 00 51 D7   // прием: 25 байт; 09:44:30:141 28.06.2020
// таймаут: 47 мсек

Чтение адресов и паролей: 77 %

CA E0 EB FE EC ED FB 20 

00 00 09 00 FD 88 31 F1 25   // передача: 9 байт; 09:44:30:141 28.06.2020
// приём по количеству байт: 25 из 25
// принято с порта: 25 байт

01 00 19 00 FD 00 00 00 00 00 00 00 00 00 00 00 00 00 00 00 00 00 00 51 D7   // прием: 25 байт; 09:44:30:188 28.06.2020
// таймаут: 47 мсек

Чтение адресов и паролей: 79 %

CA E0 EB FE EC ED FB 20 

00 00 09 00 FD 88 32 B1 24   // передача: 9 байт; 09:44:30:188 28.06.2020
// приём по количеству байт: 25 из 25
// принято с порта: 25 байт

01 00 19 00 FD 00 00 00 00 00 00 00 00 00 00 00 00 00 00 00 00 00 00 51 D7   // прием: 25 байт; 09:44:30:250 28.06.2020
// таймаут: 62 мсек

Чтение адресов и паролей: 80 %

CA E0 EB FE EC ED FB 20 

00 00 09 00 FD 88 33 70 E4   // передача: 9 байт; 09:44:30:250 28.06.2020
// приём по количеству байт: 25 из 25
// принято с порта: 25 байт

01 00 19 00 FD 00 00 00 00 00 00 00 00 00 00 00 00 00 00 00 00 00 00 51 D7   // прием: 25 байт; 09:44:30:297 28.06.2020
// таймаут: 47 мсек

Чтение адресов и паролей: 82 %

CA E0 EB FE EC ED FB 20 

00 00 09 00 FD 88 34 31 26   // передача: 9 байт; 09:44:30:297 28.06.2020
// приём по количеству байт: 25 из 25
// принято с порта: 25 байт

01 00 19 00 FD 00 00 00 00 00 00 00 00 00 00 00 00 00 00 00 00 00 00 51 D7   // прием: 25 байт; 09:44:30:344 28.06.2020
// таймаут: 47 мсек

Чтение адресов и паролей: 84 %

CA E0 EB FE EC ED FB 20 

00 00 09 00 FD 88 35 F0 E6   // передача: 9 байт; 09:44:30:344 28.06.2020
// приём по количеству байт: 25 из 25
// принято с порта: 25 байт

01 00 19 00 FD 00 00 00 00 00 00 00 00 00 00 00 00 00 00 00 00 00 00 51 D7   // прием: 25 байт; 09:44:30:406 28.06.2020
// таймаут: 62 мсек

Чтение адресов и паролей: 85 %

CA E0 EB FE EC ED FB 20 

00 00 09 00 FD 88 36 B0 E7   // передача: 9 байт; 09:44:30:406 28.06.2020
// приём по количеству байт: 25 из 25
// принято с порта: 25 байт

01 00 19 00 FD 00 00 00 00 00 00 00 00 00 00 00 00 00 00 00 00 00 00 51 D7   // прием: 25 байт; 09:44:30:453 28.06.2020
// таймаут: 47 мсек

Чтение адресов и паролей: 87 %

CA E0 EB FE EC ED FB 20 

00 00 09 00 FD 88 37 71 27   // передача: 9 байт; 09:44:30:453 28.06.2020
// приём по количеству байт: 25 из 25
// принято с порта: 25 байт

01 00 19 00 FD 00 00 00 00 00 00 00 00 00 00 00 00 00 00 00 00 00 00 51 D7   // прием: 25 байт; 09:44:30:515 28.06.2020
// таймаут: 62 мсек

Чтение адресов и паролей: 88 %

CA E0 EB FE EC ED FB 20 

00 00 09 00 FD 88 38 31 23   // передача: 9 байт; 09:44:30:515 28.06.2020
// приём по количеству байт: 25 из 25
// принято с порта: 25 байт

01 00 19 00 FD 00 00 00 00 00 00 00 00 00 00 00 00 00 00 00 00 00 00 51 D7   // прием: 25 байт; 09:44:30:562 28.06.2020
// таймаут: 47 мсек

Чтение адресов и паролей: 90 %

CA E0 EB FE EC ED FB 20 

00 00 09 00 FD 88 39 F0 E3   // передача: 9 байт; 09:44:30:562 28.06.2020
// приём по количеству байт: 25 из 25
// принято с порта: 25 байт

01 00 19 00 FD 00 00 00 00 00 00 00 00 00 00 00 00 00 00 00 00 00 00 51 D7   // прием: 25 байт; 09:44:30:609 28.06.2020
// таймаут: 47 мсек

Чтение адресов и паролей: 92 %

CA E0 EB FE EC ED FB 20 

00 00 09 00 FD 88 3A B0 E2   // передача: 9 байт; 09:44:30:609 28.06.2020
// приём по количеству байт: 25 из 25
// принято с порта: 25 байт

01 00 19 00 FD 00 00 00 00 00 00 00 00 00 00 00 00 00 00 00 00 00 00 51 D7   // прием: 25 байт; 09:44:30:671 28.06.2020
// таймаут: 62 мсек

Чтение адресов и паролей: 93 %

CA E0 EB FE EC ED FB 20 

00 00 09 00 FD 88 3B 71 22   // передача: 9 байт; 09:44:30:671 28.06.2020
// приём по количеству байт: 25 из 25
// принято с порта: 25 байт

01 00 19 00 FD 00 00 00 00 00 00 00 00 00 00 00 00 00 00 00 00 00 00 51 D7   // прием: 25 байт; 09:44:30:718 28.06.2020
// таймаут: 47 мсек

Чтение адресов и паролей: 95 %

CA E0 EB FE EC ED FB 20 

00 00 09 00 FD 88 3C 30 E0   // передача: 9 байт; 09:44:30:718 28.06.2020
// приём по количеству байт: 25 из 25
// принято с порта: 25 байт

01 00 19 00 FD 00 00 00 00 00 00 00 00 00 00 00 00 00 00 00 00 00 00 51 D7   // прием: 25 байт; 09:44:30:765 28.06.2020
// таймаут: 47 мсек

Чтение адресов и паролей: 96 %

CA E0 EB FE EC ED FB 20 

00 00 09 00 FD 88 3D F1 20   // передача: 9 байт; 09:44:30:781 28.06.2020
// приём по количеству байт: 25 из 25
// принято с порта: 25 байт

01 00 19 00 FD 00 00 00 00 00 00 00 00 00 00 00 00 00 00 00 00 00 00 51 D7   // прием: 25 байт; 09:44:30:827 28.06.2020
// таймаут: 46 мсек

Чтение адресов и паролей: 98 %

CA E0 EB FE EC ED FB 20 

00 00 09 00 FD 88 3E B1 21   // передача: 9 байт; 09:44:30:827 28.06.2020
// приём по количеству байт: 25 из 25
// принято с порта: 25 байт

01 00 19 00 FD 00 00 00 00 00 00 00 00 00 00 00 00 00 00 00 00 00 00 51 D7   // прием: 25 байт; 09:44:30:890 28.06.2020
// таймаут: 63 мсек

Чтение адресов и паролей: 100 %

CA E0 EB FE EC ED FB 20 

00 00 09 00 FD 88 3F 70 E1   // передача: 9 байт; 09:44:30:968 28.06.2020
// приём по количеству байт: 25 из 25
// принято с порта: 25 байт

01 00 19 00 FD 00 00 00 00 00 00 00 00 00 00 00 00 00 00 00 00 00 00 51 D7   // прием: 25 байт; 09:44:31:015 28.06.2020
// таймаут: 47 мсек

Чтение адресов и паролей: 100 %

// О программе
