Запись адресов и паролей

CA E0 EB FE EC ED FB 20 

00 00 1B 00 FD 89 00 00 00 00 7B 61 62 63 00 00 00 00 00 00 00 00 00 00 00 2A EC   // передача: 27 байт; 09:44:35:986 28.06.2020
// приём по количеству байт: 9 из 9
// принято с порта: 9 байт

01 00 09 00 FD 00 00 46 31   // прием: 9 байт; 09:44:36:049 28.06.2020
// таймаут: 63 мсек

Запись адресов и паролей: 1 %

CA E0 EB FE EC ED FB 20 

00 00 1B 00 FD 89 01 00 00 00 22 64 65 00 00 00 00 00 00 00 00 00 00 00 00 04 EC   // передача: 27 байт; 09:44:36:049 28.06.2020
// приём по количеству байт: 9 из 9
// принято с порта: 9 байт

01 00 09 00 FD 00 00 46 31   // прием: 9 байт; 09:44:36:096 28.06.2020
// таймаут: 47 мсек

Запись адресов и паролей: 3 %

CA E0 EB FE EC ED FB 20 

00 00 1B 00 FD 89 02 00 00 00 05 66 00 00 00 00 00 00 00 00 00 00 00 00 00 A9 D5   // передача: 27 байт; 09:44:36:096 28.06.2020
// приём по количеству байт: 9 из 9
// принято с порта: 9 байт

01 00 09 00 FD 00 00 46 31   // прием: 9 байт; 09:44:36:158 28.06.2020
// таймаут: 62 мсек

Запись адресов и паролей: 4 %

CA E0 EB FE EC ED FB 20 

00 00 1B 00 FD 89 03 00 00 00 00 00 00 00 00 00 00 00 00 00 00 00 00 00 00 37 4C   // передача: 27 байт; 09:44:36:158 28.06.2020
// приём по количеству байт: 9 из 9
// принято с порта: 9 байт

01 00 09 00 FD 00 00 46 31   // прием: 9 байт; 09:44:36:205 28.06.2020
// таймаут: 47 мсек

Запись адресов и паролей: 6 %

CA E0 EB FE EC ED FB 20 

00 00 1B 00 FD 89 04 00 00 00 00 00 00 00 00 00 00 00 00 00 00 00 00 00 00 82 38   // передача: 27 байт; 09:44:36:205 28.06.2020
// приём по количеству байт: 9 из 9
// принято с порта: 9 байт

01 00 09 00 FD 00 00 46 31   // прием: 9 байт; 09:44:36:267 28.06.2020
// таймаут: 62 мсек

Запись адресов и паролей: 7 %

CA E0 EB FE EC ED FB 20 

00 00 1B 00 FD 89 05 00 00 00 00 00 00 00 00 00 00 00 00 00 00 00 00 00 00 BF C4   // передача: 27 байт; 09:44:36:267 28.06.2020
// приём по количеству байт: 9 из 9
// принято с порта: 9 байт

01 00 09 00 FD 00 00 46 31   // прием: 9 байт; 09:44:36:314 28.06.2020
// таймаут: 47 мсек

Запись адресов и паролей: 9 %

CA E0 EB FE EC ED FB 20 

00 00 1B 00 FD 89 06 00 00 00 00 00 00 00 00 00 00 00 00 00 00 00 00 00 00 FB 80   // передача: 27 байт; 09:44:36:314 28.06.2020
// приём по количеству байт: 9 из 9
// принято с порта: 9 байт

01 00 09 00 FD 00 00 46 31   // прием: 9 байт; 09:44:36:376 28.06.2020
// таймаут: 62 мсек

Запись адресов и паролей: 11 %

CA E0 EB FE EC ED FB 20 

00 00 1B 00 FD 89 07 00 00 00 00 00 00 00 00 00 00 00 00 00 00 00 00 00 00 C6 7C   // передача: 27 байт; 09:44:36:376 28.06.2020
// приём по количеству байт: 9 из 9
// принято с порта: 9 байт

01 00 09 00 FD 00 00 46 31   // прием: 9 байт; 09:44:36:423 28.06.2020
// таймаут: 47 мсек

Запись адресов и паролей: 12 %

CA E0 EB FE EC ED FB 20 

00 00 1B 00 FD 89 08 00 00 00 00 00 00 00 00 00 00 00 00 00 00 00 00 00 00 91 69   // передача: 27 байт; 09:44:36:423 28.06.2020
// приём по количеству байт: 9 из 9
// принято с порта: 9 байт

01 00 09 00 FD 00 00 46 31   // прием: 9 байт; 09:44:36:486 28.06.2020
// таймаут: 63 мсек

Запись адресов и паролей: 14 %

CA E0 EB FE EC ED FB 20 

00 00 1B 00 FD 89 09 00 00 00 00 00 00 00 00 00 00 00 00 00 00 00 00 00 00 AC 95   // передача: 27 байт; 09:44:36:486 28.06.2020
// приём по количеству байт: 9 из 9
// принято с порта: 9 байт

01 00 09 00 FD 00 00 46 31   // прием: 9 байт; 09:44:36:532 28.06.2020
// таймаут: 46 мсек

Запись адресов и паролей: 15 %

CA E0 EB FE EC ED FB 20 

00 00 1B 00 FD 89 0A 00 00 00 00 00 00 00 00 00 00 00 00 00 00 00 00 00 00 E8 D1   // передача: 27 байт; 09:44:36:532 28.06.2020
// приём по количеству байт: 9 из 9
// принято с порта: 9 байт

01 00 09 00 FD 00 00 46 31   // прием: 9 байт; 09:44:36:595 28.06.2020
// таймаут: 63 мсек

Запись адресов и паролей: 17 %

CA E0 EB FE EC ED FB 20 

00 00 1B 00 FD 89 0B 00 00 00 00 00 00 00 00 00 00 00 00 00 00 00 00 00 00 D5 2D   // передача: 27 байт; 09:44:36:595 28.06.2020
// приём по количеству байт: 9 из 9
// принято с порта: 9 байт

01 00 09 00 FD 00 00 46 31   // прием: 9 байт; 09:44:36:642 28.06.2020
// таймаут: 47 мсек

Запись адресов и паролей: 19 %

CA E0 EB FE EC ED FB 20 

00 00 1B 00 FD 89 0C 00 00 00 00 00 00 00 00 00 00 00 00 00 00 00 00 00 00 60 59   // передача: 27 байт; 09:44:36:642 28.06.2020
// приём по количеству байт: 9 из 9
// принято с порта: 9 байт

01 00 09 00 FD 00 00 46 31   // прием: 9 байт; 09:44:36:704 28.06.2020
// таймаут: 62 мсек

Запись адресов и паролей: 20 %

CA E0 EB FE EC ED FB 20 

00 00 1B 00 FD 89 0D 00 00 00 00 00 00 00 00 00 00 00 00 00 00 00 00 00 00 5D A5   // передача: 27 байт; 09:44:36:704 28.06.2020
// приём по количеству байт: 9 из 9
// принято с порта: 9 байт

01 00 09 00 FD 00 00 46 31   // прием: 9 байт; 09:44:36:751 28.06.2020
// таймаут: 47 мсек

Запись адресов и паролей: 22 %

CA E0 EB FE EC ED FB 20 

00 00 1B 00 FD 89 0E 00 00 00 00 00 00 00 00 00 00 00 00 00 00 00 00 00 00 19 E1   // передача: 27 байт; 09:44:36:751 28.06.2020
// приём по количеству байт: 9 из 9
// принято с порта: 9 байт

01 00 09 00 FD 00 00 46 31   // прием: 9 байт; 09:44:36:813 28.06.2020
// таймаут: 62 мсек

Запись адресов и паролей: 23 %

CA E0 EB FE EC ED FB 20 

00 00 1B 00 FD 89 0F 00 00 00 00 00 00 00 00 00 00 00 00 00 00 00 00 00 00 24 1D   // передача: 27 байт; 09:44:36:813 28.06.2020
// приём по количеству байт: 9 из 9
// принято с порта: 9 байт

01 00 09 00 FD 00 00 46 31   // прием: 9 байт; 09:44:36:860 28.06.2020
// таймаут: 47 мсек

Запись адресов и паролей: 25 %

CA E0 EB FE EC ED FB 20 

00 00 1B 00 FD 89 10 00 00 00 00 00 00 00 00 00 00 00 00 00 00 00 00 00 00 B7 CB   // передача: 27 байт; 09:44:36:860 28.06.2020
// приём по количеству байт: 9 из 9
// принято с порта: 9 байт

01 00 09 00 FD 00 00 46 31   // прием: 9 байт; 09:44:36:922 28.06.2020
// таймаут: 62 мсек

Запись адресов и паролей: 26 %

CA E0 EB FE EC ED FB 20 

00 00 1B 00 FD 89 11 00 00 00 00 00 00 00 00 00 00 00 00 00 00 00 00 00 00 8A 37   // передача: 27 байт; 09:44:36:922 28.06.2020
// приём по количеству байт: 9 из 9
// принято с порта: 9 байт

01 00 09 00 FD 00 00 46 31   // прием: 9 байт; 09:44:36:969 28.06.2020
// таймаут: 47 мсек

Запись адресов и паролей: 28 %

CA E0 EB FE EC ED FB 20 

00 00 1B 00 FD 89 12 00 00 00 00 00 00 00 00 00 00 00 00 00 00 00 00 00 00 CE 73   // передача: 27 байт; 09:44:36:969 28.06.2020
// приём по количеству байт: 9 из 9
// принято с порта: 9 байт

01 00 09 00 FD 00 00 46 31   // прием: 9 байт; 09:44:37:032 28.06.2020
// таймаут: 63 мсек

Запись адресов и паролей: 30 %

CA E0 EB FE EC ED FB 20 

00 00 1B 00 FD 89 13 00 00 00 00 00 00 00 00 00 00 00 00 00 00 00 00 00 00 F3 8F   // передача: 27 байт; 09:44:37:032 28.06.2020
// приём по количеству байт: 9 из 9
// принято с порта: 9 байт

01 00 09 00 FD 00 00 46 31   // прием: 9 байт; 09:44:37:078 28.06.2020
// таймаут: 46 мсек

Запись адресов и паролей: 31 %

CA E0 EB FE EC ED FB 20 

00 00 1B 00 FD 89 14 00 00 00 00 00 00 00 00 00 00 00 00 00 00 00 00 00 00 46 FB   // передача: 27 байт; 09:44:37:078 28.06.2020
// приём по количеству байт: 9 из 9
// принято с порта: 9 байт

01 00 09 00 FD 00 00 46 31   // прием: 9 байт; 09:44:37:141 28.06.2020
// таймаут: 63 мсек

Запись адресов и паролей: 33 %

CA E0 EB FE EC ED FB 20 

00 00 1B 00 FD 89 15 00 00 00 00 00 00 00 00 00 00 00 00 00 00 00 00 00 00 7B 07   // передача: 27 байт; 09:44:37:141 28.06.2020
// приём по количеству байт: 9 из 9
// принято с порта: 9 байт

01 00 09 00 FD 00 00 46 31   // прием: 9 байт; 09:44:37:188 28.06.2020
// таймаут: 47 мсек

Запись адресов и паролей: 34 %

CA E0 EB FE EC ED FB 20 

00 00 1B 00 FD 89 16 00 00 00 00 00 00 00 00 00 00 00 00 00 00 00 00 00 00 3F 43   // передача: 27 байт; 09:44:37:188 28.06.2020
// приём по количеству байт: 9 из 9
// принято с порта: 9 байт

01 00 09 00 FD 00 00 46 31   // прием: 9 байт; 09:44:37:250 28.06.2020
// таймаут: 62 мсек

Запись адресов и паролей: 36 %

CA E0 EB FE EC ED FB 20 

00 00 1B 00 FD 89 17 00 00 00 00 00 00 00 00 00 00 00 00 00 00 00 00 00 00 02 BF   // передача: 27 байт; 09:44:37:250 28.06.2020
// приём по количеству байт: 9 из 9
// принято с порта: 9 байт

01 00 09 00 FD 00 00 46 31   // прием: 9 байт; 09:44:37:297 28.06.2020
// таймаут: 47 мсек

Запись адресов и паролей: 38 %

CA E0 EB FE EC ED FB 20 

00 00 1B 00 FD 89 18 00 00 00 00 00 00 00 00 00 00 00 00 00 00 00 00 00 00 55 AA   // передача: 27 байт; 09:44:37:297 28.06.2020
// приём по количеству байт: 9 из 9
// принято с порта: 9 байт

01 00 09 00 FD 00 00 46 31   // прием: 9 байт; 09:44:37:359 28.06.2020
// таймаут: 62 мсек

Запись адресов и паролей: 39 %

CA E0 EB FE EC ED FB 20 

00 00 1B 00 FD 89 19 00 00 00 00 00 00 00 00 00 00 00 00 00 00 00 00 00 00 68 56   // передача: 27 байт; 09:44:37:359 28.06.2020
// приём по количеству байт: 9 из 9
// принято с порта: 9 байт

01 00 09 00 FD 00 00 46 31   // прием: 9 байт; 09:44:37:406 28.06.2020
// таймаут: 47 мсек

Запись адресов и паролей: 41 %

CA E0 EB FE EC ED FB 20 

00 00 1B 00 FD 89 1A 00 00 00 00 00 00 00 00 00 00 00 00 00 00 00 00 00 00 2C 12   // передача: 27 байт; 09:44:37:406 28.06.2020
// приём по количеству байт: 9 из 9
// принято с порта: 9 байт

01 00 09 00 FD 00 00 46 31   // прием: 9 байт; 09:44:37:468 28.06.2020
// таймаут: 62 мсек

Запись адресов и паролей: 42 %

CA E0 EB FE EC ED FB 20 

00 00 1B 00 FD 89 1B 00 00 00 00 00 00 00 00 00 00 00 00 00 00 00 00 00 00 11 EE   // передача: 27 байт; 09:44:37:468 28.06.2020
// приём по количеству байт: 9 из 9
// принято с порта: 9 байт

01 00 09 00 FD 00 00 46 31   // прием: 9 байт; 09:44:37:515 28.06.2020
// таймаут: 47 мсек

Запись адресов и паролей: 44 %

CA E0 EB FE EC ED FB 20 

00 00 1B 00 FD 89 1C 00 00 00 00 00 00 00 00 00 00 00 00 00 00 00 00 00 00 A4 9A   // передача: 27 байт; 09:44:37:515 28.06.2020
// приём по количеству байт: 9 из 9
// принято с порта: 9 байт

01 00 09 00 FD 00 00 46 31   // прием: 9 байт; 09:44:37:578 28.06.2020
// таймаут: 63 мсек

Запись адресов и паролей: 46 %

CA E0 EB FE EC ED FB 20 

00 00 1B 00 FD 89 1D 00 00 00 00 00 00 00 00 00 00 00 00 00 00 00 00 00 00 99 66   // передача: 27 байт; 09:44:37:578 28.06.2020
// приём по количеству байт: 9 из 9
// принято с порта: 9 байт

01 00 09 00 FD 00 00 46 31   // прием: 9 байт; 09:44:37:624 28.06.2020
// таймаут: 46 мсек

Запись адресов и паролей: 47 %

CA E0 EB FE EC ED FB 20 

00 00 1B 00 FD 89 1E 00 00 00 00 00 00 00 00 00 00 00 00 00 00 00 00 00 00 DD 22   // передача: 27 байт; 09:44:37:624 28.06.2020
// приём по количеству байт: 9 из 9
// принято с порта: 9 байт

01 00 09 00 FD 00 00 46 31   // прием: 9 байт; 09:44:37:687 28.06.2020
// таймаут: 63 мсек

Запись адресов и паролей: 49 %

CA E0 EB FE EC ED FB 20 

00 00 1B 00 FD 89 1F 00 00 00 00 00 00 00 00 00 00 00 00 00 00 00 00 00 00 E0 DE   // передача: 27 байт; 09:44:37:687 28.06.2020
// приём по количеству байт: 9 из 9
// принято с порта: 9 байт

01 00 09 00 FD 00 00 46 31   // прием: 9 байт; 09:44:37:734 28.06.2020
// таймаут: 47 мсек

Запись адресов и паролей: 50 %

CA E0 EB FE EC ED FB 20 

00 00 1B 00 FD 89 20 00 00 00 00 00 00 00 00 00 00 00 00 00 00 00 00 00 00 F8 CF   // передача: 27 байт; 09:44:37:734 28.06.2020
// приём по количеству байт: 9 из 9
// принято с порта: 9 байт

01 00 09 00 FD 00 00 46 31   // прием: 9 байт; 09:44:37:796 28.06.2020
// таймаут: 62 мсек

Запись адресов и паролей: 52 %

CA E0 EB FE EC ED FB 20 

00 00 1B 00 FD 89 21 00 00 00 00 00 00 00 00 00 00 00 00 00 00 00 00 00 00 C5 33   // передача: 27 байт; 09:44:37:796 28.06.2020
// приём по количеству байт: 9 из 9
// принято с порта: 9 байт

01 00 09 00 FD 00 00 46 31   // прием: 9 байт; 09:44:37:843 28.06.2020
// таймаут: 47 мсек

Запись адресов и паролей: 53 %

CA E0 EB FE EC ED FB 20 

00 00 1B 00 FD 89 22 00 00 00 00 00 00 00 00 00 00 00 00 00 00 00 00 00 00 81 77   // передача: 27 байт; 09:44:37:843 28.06.2020
// приём по количеству байт: 9 из 9
// принято с порта: 9 байт

01 00 09 00 FD 00 00 46 31   // прием: 9 байт; 09:44:37:905 28.06.2020
// таймаут: 62 мсек

Запись адресов и паролей: 55 %

CA E0 EB FE EC ED FB 20 

00 00 1B 00 FD 89 23 00 00 00 00 00 00 00 00 00 00 00 00 00 00 00 00 00 00 BC 8B   // передача: 27 байт; 09:44:37:905 28.06.2020
// приём по количеству байт: 9 из 9
// принято с порта: 9 байт

01 00 09 00 FD 00 00 46 31   // прием: 9 байт; 09:44:37:952 28.06.2020
// таймаут: 47 мсек

Запись адресов и паролей: 57 %

CA E0 EB FE EC ED FB 20 

00 00 1B 00 FD 89 24 00 00 00 00 00 00 00 00 00 00 00 00 00 00 00 00 00 00 09 FF   // передача: 27 байт; 09:44:37:952 28.06.2020
// приём по количеству байт: 9 из 9
// принято с порта: 9 байт

01 00 09 00 FD 00 00 46 31   // прием: 9 байт; 09:44:38:014 28.06.2020
// таймаут: 62 мсек

Запись адресов и паролей: 58 %

CA E0 EB FE EC ED FB 20 

00 00 1B 00 FD 89 25 00 00 00 00 00 00 00 00 00 00 00 00 00 00 00 00 00 00 34 03   // передача: 27 байт; 09:44:38:014 28.06.2020
// приём по количеству байт: 9 из 9
// принято с порта: 9 байт

01 00 09 00 FD 00 00 46 31   // прием: 9 байт; 09:44:38:061 28.06.2020
// таймаут: 47 мсек

Запись адресов и паролей: 60 %

CA E0 EB FE EC ED FB 20 

00 00 1B 00 FD 89 26 00 00 00 00 00 00 00 00 00 00 00 00 00 00 00 00 00 00 70 47   // передача: 27 байт; 09:44:38:061 28.06.2020
// приём по количеству байт: 9 из 9
// принято с порта: 9 байт

01 00 09 00 FD 00 00 46 31   // прием: 9 байт; 09:44:38:124 28.06.2020
// таймаут: 63 мсек

Запись адресов и паролей: 61 %

CA E0 EB FE EC ED FB 20 

00 00 1B 00 FD 89 27 00 00 00 00 00 00 00 00 00 00 00 00 00 00 00 00 00 00 4D BB   // передача: 27 байт; 09:44:38:124 28.06.2020
// приём по количеству байт: 9 из 9
// принято с порта: 9 байт

01 00 09 00 FD 00 00 46 31   // прием: 9 байт; 09:44:38:170 28.06.2020
// таймаут: 46 мсек

Запись адресов и паролей: 63 %

CA E0 EB FE EC ED FB 20 

00 00 1B 00 FD 89 28 00 00 00 00 00 00 00 00 00 00 00 00 00 00 00 00 00 00 1A AE   // передача: 27 байт; 09:44:38:170 28.06.2020
// приём по количеству байт: 9 из 9
// принято с порта: 9 байт

01 00 09 00 FD 00 00 46 31   // прием: 9 байт; 09:44:38:233 28.06.2020
// таймаут: 63 мсек

Запись адресов и паролей: 65 %

CA E0 EB FE EC ED FB 20 

00 00 1B 00 FD 89 29 00 00 00 00 00 00 00 00 00 00 00 00 00 00 00 00 00 00 27 52   // передача: 27 байт; 09:44:38:233 28.06.2020
// приём по количеству байт: 9 из 9
// принято с порта: 9 байт

01 00 09 00 FD 00 00 46 31   // прием: 9 байт; 09:44:38:280 28.06.2020
// таймаут: 47 мсек

Запись адресов и паролей: 66 %

CA E0 EB FE EC ED FB 20 

00 00 1B 00 FD 89 2A 00 00 00 00 00 00 00 00 00 00 00 00 00 00 00 00 00 00 63 16   // передача: 27 байт; 09:44:38:280 28.06.2020
// приём по количеству байт: 9 из 9
// принято с порта: 9 байт

01 00 09 00 FD 00 00 46 31   // прием: 9 байт; 09:44:38:342 28.06.2020
// таймаут: 62 мсек

Запись адресов и паролей: 68 %

CA E0 EB FE EC ED FB 20 

00 00 1B 00 FD 89 2B 00 00 00 00 00 00 00 00 00 00 00 00 00 00 00 00 00 00 5E EA   // передача: 27 байт; 09:44:38:342 28.06.2020
// приём по количеству байт: 9 из 9
// принято с порта: 9 байт

01 00 09 00 FD 00 00 46 31   // прием: 9 байт; 09:44:38:389 28.06.2020
// таймаут: 47 мсек

Запись адресов и паролей: 69 %

CA E0 EB FE EC ED FB 20 

00 00 1B 00 FD 89 2C 00 00 00 00 00 00 00 00 00 00 00 00 00 00 00 00 00 00 EB 9E   // передача: 27 байт; 09:44:38:389 28.06.2020
// приём по количеству байт: 9 из 9
// принято с порта: 9 байт

01 00 09 00 FD 00 00 46 31   // прием: 9 байт; 09:44:38:451 28.06.2020
// таймаут: 62 мсек

Запись адресов и паролей: 71 %

CA E0 EB FE EC ED FB 20 

00 00 1B 00 FD 89 2D 00 00 00 00 00 00 00 00 00 00 00 00 00 00 00 00 00 00 D6 62   // передача: 27 байт; 09:44:38:451 28.06.2020
// приём по количеству байт: 9 из 9
// принято с порта: 9 байт

01 00 09 00 FD 00 00 46 31   // прием: 9 байт; 09:44:38:498 28.06.2020
// таймаут: 47 мсек

Запись адресов и паролей: 73 %

CA E0 EB FE EC ED FB 20 

00 00 1B 00 FD 89 2E 00 00 00 00 00 00 00 00 00 00 00 00 00 00 00 00 00 00 92 26   // передача: 27 байт; 09:44:38:498 28.06.2020
// приём по количеству байт: 9 из 9
// принято с порта: 9 байт

01 00 09 00 FD 00 00 46 31   // прием: 9 байт; 09:44:38:560 28.06.2020
// таймаут: 62 мсек

Запись адресов и паролей: 74 %

CA E0 EB FE EC ED FB 20 

00 00 1B 00 FD 89 2F 00 00 00 00 00 00 00 00 00 00 00 00 00 00 00 00 00 00 AF DA   // передача: 27 байт; 09:44:38:560 28.06.2020
// приём по количеству байт: 9 из 9
// принято с порта: 9 байт

01 00 09 00 FD 00 00 46 31   // прием: 9 байт; 09:44:38:607 28.06.2020
// таймаут: 47 мсек

Запись адресов и паролей: 76 %

CA E0 EB FE EC ED FB 20 

00 00 1B 00 FD 89 30 00 00 00 00 00 00 00 00 00 00 00 00 00 00 00 00 00 00 3C 0C   // передача: 27 байт; 09:44:38:607 28.06.2020
// приём по количеству байт: 9 из 9
// принято с порта: 9 байт

01 00 09 00 FD 00 00 46 31   // прием: 9 байт; 09:44:38:670 28.06.2020
// таймаут: 63 мсек

Запись адресов и паролей: 77 %

CA E0 EB FE EC ED FB 20 

00 00 1B 00 FD 89 31 00 00 00 00 00 00 00 00 00 00 00 00 00 00 00 00 00 00 01 F0   // передача: 27 байт; 09:44:38:670 28.06.2020
// приём по количеству байт: 9 из 9
// принято с порта: 9 байт

01 00 09 00 FD 00 00 46 31   // прием: 9 байт; 09:44:38:716 28.06.2020
// таймаут: 46 мсек

Запись адресов и паролей: 79 %

CA E0 EB FE EC ED FB 20 

00 00 1B 00 FD 89 32 00 00 00 00 00 00 00 00 00 00 00 00 00 00 00 00 00 00 45 B4   // передача: 27 байт; 09:44:38:716 28.06.2020
// приём по количеству байт: 9 из 9
// принято с порта: 9 байт

01 00 09 00 FD 00 00 46 31   // прием: 9 байт; 09:44:38:779 28.06.2020
// таймаут: 63 мсек

Запись адресов и паролей: 80 %

CA E0 EB FE EC ED FB 20 

00 00 1B 00 FD 89 33 00 00 00 00 00 00 00 00 00 00 00 00 00 00 00 00 00 00 78 48   // передача: 27 байт; 09:44:38:779 28.06.2020
// приём по количеству байт: 9 из 9
// принято с порта: 9 байт

01 00 09 00 FD 00 00 46 31   // прием: 9 байт; 09:44:38:826 28.06.2020
// таймаут: 47 мсек

Запись адресов и паролей: 82 %

CA E0 EB FE EC ED FB 20 

00 00 1B 00 FD 89 34 00 00 00 00 00 00 00 00 00 00 00 00 00 00 00 00 00 00 CD 3C   // передача: 27 байт; 09:44:38:826 28.06.2020
// приём по количеству байт: 9 из 9
// принято с порта: 9 байт

01 00 09 00 FD 00 00 46 31   // прием: 9 байт; 09:44:38:888 28.06.2020
// таймаут: 62 мсек

Запись адресов и паролей: 84 %

CA E0 EB FE EC ED FB 20 

00 00 1B 00 FD 89 35 00 00 00 00 00 00 00 00 00 00 00 00 00 00 00 00 00 00 F0 C0   // передача: 27 байт; 09:44:38:888 28.06.2020
// приём по количеству байт: 9 из 9
// принято с порта: 9 байт

01 00 09 00 FD 00 00 46 31   // прием: 9 байт; 09:44:38:935 28.06.2020
// таймаут: 47 мсек

Запись адресов и паролей: 85 %

CA E0 EB FE EC ED FB 20 

00 00 1B 00 FD 89 36 00 00 00 00 00 00 00 00 00 00 00 00 00 00 00 00 00 00 B4 84   // передача: 27 байт; 09:44:38:935 28.06.2020
// приём по количеству байт: 9 из 9
// принято с порта: 9 байт

01 00 09 00 FD 00 00 46 31   // прием: 9 байт; 09:44:38:997 28.06.2020
// таймаут: 62 мсек

Запись адресов и паролей: 87 %

CA E0 EB FE EC ED FB 20 

00 00 1B 00 FD 89 37 00 00 00 00 00 00 00 00 00 00 00 00 00 00 00 00 00 00 89 78   // передача: 27 байт; 09:44:38:997 28.06.2020
// приём по количеству байт: 9 из 9
// принято с порта: 9 байт

01 00 09 00 FD 00 00 46 31   // прием: 9 байт; 09:44:39:044 28.06.2020
// таймаут: 47 мсек

Запись адресов и паролей: 88 %

CA E0 EB FE EC ED FB 20 

00 00 1B 00 FD 89 38 00 00 00 00 00 00 00 00 00 00 00 00 00 00 00 00 00 00 DE 6D   // передача: 27 байт; 09:44:39:044 28.06.2020
// приём по количеству байт: 9 из 9
// принято с порта: 9 байт

01 00 09 00 FD 00 00 46 31   // прием: 9 байт; 09:44:39:106 28.06.2020
// таймаут: 62 мсек

Запись адресов и паролей: 90 %

CA E0 EB FE EC ED FB 20 

00 00 1B 00 FD 89 39 00 00 00 00 00 00 00 00 00 00 00 00 00 00 00 00 00 00 E3 91   // передача: 27 байт; 09:44:39:106 28.06.2020
// приём по количеству байт: 9 из 9
// принято с порта: 9 байт

01 00 09 00 FD 00 00 46 31   // прием: 9 байт; 09:44:39:153 28.06.2020
// таймаут: 47 мсек

Запись адресов и паролей: 92 %

CA E0 EB FE EC ED FB 20 

00 00 1B 00 FD 89 3A 00 00 00 00 00 00 00 00 00 00 00 00 00 00 00 00 00 00 A7 D5   // передача: 27 байт; 09:44:39:153 28.06.2020
// приём по количеству байт: 9 из 9
// принято с порта: 9 байт

01 00 09 00 FD 00 00 46 31   // прием: 9 байт; 09:44:39:216 28.06.2020
// таймаут: 63 мсек

Запись адресов и паролей: 93 %

CA E0 EB FE EC ED FB 20 

00 00 1B 00 FD 89 3B 00 00 00 00 00 00 00 00 00 00 00 00 00 00 00 00 00 00 9A 29   // передача: 27 байт; 09:44:39:216 28.06.2020
// приём по количеству байт: 9 из 9
// принято с порта: 9 байт

01 00 09 00 FD 00 00 46 31   // прием: 9 байт; 09:44:39:262 28.06.2020
// таймаут: 46 мсек

Запись адресов и паролей: 95 %

CA E0 EB FE EC ED FB 20 

00 00 1B 00 FD 89 3C 00 00 00 00 00 00 00 00 00 00 00 00 00 00 00 00 00 00 2F 5D   // передача: 27 байт; 09:44:39:262 28.06.2020
// приём по количеству байт: 9 из 9
// принято с порта: 9 байт

01 00 09 00 FD 00 00 46 31   // прием: 9 байт; 09:44:39:325 28.06.2020
// таймаут: 63 мсек

Запись адресов и паролей: 96 %

CA E0 EB FE EC ED FB 20 

00 00 1B 00 FD 89 3D 00 00 00 00 00 00 00 00 00 00 00 00 00 00 00 00 00 00 12 A1   // передача: 27 байт; 09:44:39:325 28.06.2020
// приём по количеству байт: 9 из 9
// принято с порта: 9 байт

01 00 09 00 FD 00 00 46 31   // прием: 9 байт; 09:44:39:372 28.06.2020
// таймаут: 47 мсек

Запись адресов и паролей: 98 %

CA E0 EB FE EC ED FB 20 

00 00 1B 00 FD 89 3E 00 00 00 00 00 00 00 00 00 00 00 00 00 00 00 00 00 00 56 E5   // передача: 27 байт; 09:44:39:372 28.06.2020
// приём по количеству байт: 9 из 9
// принято с порта: 9 байт

01 00 09 00 FD 00 00 46 31   // прием: 9 байт; 09:44:39:434 28.06.2020
// таймаут: 62 мсек

Запись адресов и паролей: 100 %

CA E0 EB FE EC ED FB 20 

00 00 1B 00 FD 89 3F 00 00 00 00 00 00 00 00 00 00 00 00 00 00 00 00 00 00 6B 19   // передача: 27 байт; 09:44:39:434 28.06.2020
// приём по количеству байт: 9 из 9
// принято с порта: 9 байт

01 00 09 00 FD 00 00 46 31   // прием: 9 байт; 09:44:39:496 28.06.2020
// таймаут: 62 мсек


// О программе
