Чтение адресов и паролей

CA E0 EB FE EC ED FB 20 

00 00 09 00 FD 88 00 30 F1   // передача: 9 байт; 16:56:34:966 28.06.2020
// приём по количеству байт: 25 из 25
// принято с порта: 25 байт

01 00 19 00 FD 00 00 00 7B 61 62 63 00 00 00 00 00 00 00 00 00 00 00 08 33   // прием: 25 байт; 16:56:35:017 28.06.2020
// таймаут: 51 мсек

Чтение адресов и паролей: 1 %

CA E0 EB FE EC ED FB 20 

00 00 09 00 FD 88 01 F1 31   // передача: 9 байт; 16:56:35:018 28.06.2020
// приём по количеству байт: 25 из 25
// принято с порта: 25 байт

01 00 19 00 FD 00 00 00 22 64 65 00 00 00 00 00 00 00 00 00 00 00 00 1B CF   // прием: 25 байт; 16:56:35:070 28.06.2020
// таймаут: 52 мсек

Чтение адресов и паролей: 3 %

CA E0 EB FE EC ED FB 20 

00 00 09 00 FD 88 02 B1 30   // передача: 9 байт; 16:56:35:071 28.06.2020
// приём по количеству байт: 25 из 25
// принято с порта: 25 байт

01 00 19 00 FD 00 00 00 05 66 00 00 00 00 00 00 00 00 00 00 00 00 00 F2 B2   // прием: 25 байт; 16:56:35:122 28.06.2020
// таймаут: 51 мсек

Чтение адресов и паролей: 4 %

CA E0 EB FE EC ED FB 20 

00 00 09 00 FD 88 03 70 F0   // передача: 9 байт; 16:56:35:123 28.06.2020
// приём по количеству байт: 25 из 25
// принято с порта: 25 байт

01 00 19 00 FD 00 00 00 00 00 00 00 00 00 00 00 00 00 00 00 00 00 00 51 D7   // прием: 25 байт; 16:56:35:175 28.06.2020
// таймаут: 52 мсек

Чтение адресов и паролей: 6 %

CA E0 EB FE EC ED FB 20 

00 00 09 00 FD 88 04 31 32   // передача: 9 байт; 16:56:35:176 28.06.2020
// приём по количеству байт: 25 из 25
// принято с порта: 25 байт

01 00 19 00 FD 00 00 00 00 00 00 00 00 00 00 00 00 00 00 00 00 00 00 51 D7   // прием: 25 байт; 16:56:35:227 28.06.2020
// таймаут: 51 мсек

Чтение адресов и паролей: 7 %

CA E0 EB FE EC ED FB 20 

00 00 09 00 FD 88 05 F0 F2   // передача: 9 байт; 16:56:35:228 28.06.2020
// приём по количеству байт: 25 из 25
// принято с порта: 25 байт

01 00 19 00 FD 00 00 00 00 00 00 00 00 00 00 00 00 00 00 00 00 00 00 51 D7   // прием: 25 байт; 16:56:35:280 28.06.2020
// таймаут: 52 мсек

Чтение адресов и паролей: 9 %

CA E0 EB FE EC ED FB 20 

00 00 09 00 FD 88 06 B0 F3   // передача: 9 байт; 16:56:35:281 28.06.2020
// приём по количеству байт: 25 из 25
// принято с порта: 25 байт

01 00 19 00 FD 00 00 00 00 00 00 00 00 00 00 00 00 00 00 00 00 00 00 51 D7   // прием: 25 байт; 16:56:35:332 28.06.2020
// таймаут: 51 мсек

Чтение адресов и паролей: 11 %

CA E0 EB FE EC ED FB 20 

00 00 09 00 FD 88 07 71 33   // передача: 9 байт; 16:56:35:334 28.06.2020
// приём по количеству байт: 25 из 25
// принято с порта: 25 байт

01 00 19 00 FD 00 00 00 00 00 00 00 00 00 00 00 00 00 00 00 00 00 00 51 D7   // прием: 25 байт; 16:56:35:385 28.06.2020
// таймаут: 51 мсек

Чтение адресов и паролей: 12 %

CA E0 EB FE EC ED FB 20 

00 00 09 00 FD 88 08 31 37   // передача: 9 байт; 16:56:35:386 28.06.2020
// приём по количеству байт: 25 из 25
// принято с порта: 25 байт

01 00 19 00 FD 00 00 00 00 00 00 00 00 00 00 00 00 00 00 00 00 00 00 51 D7   // прием: 25 байт; 16:56:35:438 28.06.2020
// таймаут: 52 мсек

Чтение адресов и паролей: 14 %

CA E0 EB FE EC ED FB 20 

00 00 09 00 FD 88 09 F0 F7   // передача: 9 байт; 16:56:35:439 28.06.2020
// приём по количеству байт: 25 из 25
// принято с порта: 25 байт

01 00 19 00 FD 00 00 00 00 00 00 00 00 00 00 00 00 00 00 00 00 00 00 51 D7   // прием: 25 байт; 16:56:35:490 28.06.2020
// таймаут: 51 мсек

Чтение адресов и паролей: 15 %

CA E0 EB FE EC ED FB 20 

00 00 09 00 FD 88 0A B0 F6   // передача: 9 байт; 16:56:35:491 28.06.2020
// приём по количеству байт: 25 из 25
// принято с порта: 25 байт

01 00 19 00 FD 00 00 00 00 00 00 00 00 00 00 00 00 00 00 00 00 00 00 51 D7   // прием: 25 байт; 16:56:35:543 28.06.2020
// таймаут: 52 мсек

Чтение адресов и паролей: 17 %

CA E0 EB FE EC ED FB 20 

00 00 09 00 FD 88 0B 71 36   // передача: 9 байт; 16:56:35:544 28.06.2020
// приём по количеству байт: 25 из 25
// принято с порта: 25 байт

01 00 19 00 FD 00 00 00 00 00 00 00 00 00 00 00 00 00 00 00 00 00 00 51 D7   // прием: 25 байт; 16:56:35:595 28.06.2020
// таймаут: 51 мсек

Чтение адресов и паролей: 19 %

CA E0 EB FE EC ED FB 20 

00 00 09 00 FD 88 0C 30 F4   // передача: 9 байт; 16:56:35:596 28.06.2020
// приём по количеству байт: 25 из 25
// принято с порта: 25 байт

01 00 19 00 FD 00 00 00 00 00 00 00 00 00 00 00 00 00 00 00 00 00 00 51 D7   // прием: 25 байт; 16:56:35:648 28.06.2020
// таймаут: 52 мсек

Чтение адресов и паролей: 20 %

CA E0 EB FE EC ED FB 20 

00 00 09 00 FD 88 0D F1 34   // передача: 9 байт; 16:56:35:649 28.06.2020
// приём по количеству байт: 25 из 25
// принято с порта: 25 байт

01 00 19 00 FD 00 00 00 00 00 00 00 00 00 00 00 00 00 00 00 00 00 00 51 D7   // прием: 25 байт; 16:56:35:700 28.06.2020
// таймаут: 51 мсек

Чтение адресов и паролей: 22 %

CA E0 EB FE EC ED FB 20 

00 00 09 00 FD 88 0E B1 35   // передача: 9 байт; 16:56:35:702 28.06.2020
// приём по количеству байт: 25 из 25
// принято с порта: 25 байт

01 00 19 00 FD 00 00 00 00 00 00 00 00 00 00 00 00 00 00 00 00 00 00 51 D7   // прием: 25 байт; 16:56:35:753 28.06.2020
// таймаут: 51 мсек

Чтение адресов и паролей: 23 %

CA E0 EB FE EC ED FB 20 

00 00 09 00 FD 88 0F 70 F5   // передача: 9 байт; 16:56:35:754 28.06.2020
// приём по количеству байт: 25 из 25
// принято с порта: 25 байт

01 00 19 00 FD 00 00 00 00 00 00 00 00 00 00 00 00 00 00 00 00 00 00 51 D7   // прием: 25 байт; 16:56:35:806 28.06.2020
// таймаут: 52 мсек

Чтение адресов и паролей: 25 %

CA E0 EB FE EC ED FB 20 

00 00 09 00 FD 88 10 31 3D   // передача: 9 байт; 16:56:35:807 28.06.2020
// приём по количеству байт: 25 из 25
// принято с порта: 25 байт

01 00 19 00 FD 00 00 00 00 00 00 00 00 00 00 00 00 00 00 00 00 00 00 51 D7   // прием: 25 байт; 16:56:35:858 28.06.2020
// таймаут: 51 мсек

Чтение адресов и паролей: 26 %

CA E0 EB FE EC ED FB 20 

00 00 09 00 FD 88 11 F0 FD   // передача: 9 байт; 16:56:35:859 28.06.2020
// приём по количеству байт: 25 из 25
// принято с порта: 25 байт

01 00 19 00 FD 00 00 00 00 00 00 00 00 00 00 00 00 00 00 00 00 00 00 51 D7   // прием: 25 байт; 16:56:35:911 28.06.2020
// таймаут: 52 мсек

Чтение адресов и паролей: 28 %

CA E0 EB FE EC ED FB 20 

00 00 09 00 FD 88 12 B0 FC   // передача: 9 байт; 16:56:35:912 28.06.2020
// приём по количеству байт: 25 из 25
// принято с порта: 25 байт

01 00 19 00 FD 00 00 00 00 00 00 00 00 00 00 00 00 00 00 00 00 00 00 51 D7   // прием: 25 байт; 16:56:35:963 28.06.2020
// таймаут: 51 мсек

Чтение адресов и паролей: 30 %

CA E0 EB FE EC ED FB 20 

00 00 09 00 FD 88 13 71 3C   // передача: 9 байт; 16:56:35:965 28.06.2020
// приём по количеству байт: 25 из 25
// принято с порта: 25 байт

01 00 19 00 FD 00 00 00 00 00 00 00 00 00 00 00 00 00 00 00 00 00 00 51 D7   // прием: 25 байт; 16:56:36:016 28.06.2020
// таймаут: 51 мсек

Чтение адресов и паролей: 31 %

CA E0 EB FE EC ED FB 20 

00 00 09 00 FD 88 14 30 FE   // передача: 9 байт; 16:56:36:017 28.06.2020
// приём по количеству байт: 25 из 25
// принято с порта: 25 байт

01 00 19 00 FD 00 00 00 00 00 00 00 00 00 00 00 00 00 00 00 00 00 00 51 D7   // прием: 25 байт; 16:56:36:069 28.06.2020
// таймаут: 52 мсек

Чтение адресов и паролей: 33 %

CA E0 EB FE EC ED FB 20 

00 00 09 00 FD 88 15 F1 3E   // передача: 9 байт; 16:56:36:071 28.06.2020
// приём по количеству байт: 25 из 25
// принято с порта: 25 байт

01 00 19 00 FD 00 00 00 00 00 00 00 00 00 00 00 00 00 00 00 00 00 00 51 D7   // прием: 25 байт; 16:56:36:122 28.06.2020
// таймаут: 51 мсек

Чтение адресов и паролей: 34 %

CA E0 EB FE EC ED FB 20 

00 00 09 00 FD 88 16 B1 3F   // передача: 9 байт; 16:56:36:123 28.06.2020
// приём по количеству байт: 25 из 25
// принято с порта: 25 байт

01 00 19 00 FD 00 00 00 00 00 00 00 00 00 00 00 00 00 00 00 00 00 00 51 D7   // прием: 25 байт; 16:56:36:174 28.06.2020
// таймаут: 51 мсек

Чтение адресов и паролей: 36 %

CA E0 EB FE EC ED FB 20 

00 00 09 00 FD 88 17 70 FF   // передача: 9 байт; 16:56:36:175 28.06.2020
// приём по количеству байт: 25 из 25
// принято с порта: 25 байт

01 00 19 00 FD 00 00 00 00 00 00 00 00 00 00 00 00 00 00 00 00 00 00 51 D7   // прием: 25 байт; 16:56:36:227 28.06.2020
// таймаут: 52 мсек

Чтение адресов и паролей: 38 %

CA E0 EB FE EC ED FB 20 

00 00 09 00 FD 88 18 30 FB   // передача: 9 байт; 16:56:36:228 28.06.2020
// приём по количеству байт: 25 из 25
// принято с порта: 25 байт

01 00 19 00 FD 00 00 00 00 00 00 00 00 00 00 00 00 00 00 00 00 00 00 51 D7   // прием: 25 байт; 16:56:36:279 28.06.2020
// таймаут: 51 мсек

Чтение адресов и паролей: 39 %

CA E0 EB FE EC ED FB 20 

00 00 09 00 FD 88 19 F1 3B   // передача: 9 байт; 16:56:36:281 28.06.2020
// приём по количеству байт: 25 из 25
// принято с порта: 25 байт

01 00 19 00 FD 00 00 00 00 00 00 00 00 00 00 00 00 00 00 00 00 00 00 51 D7   // прием: 25 байт; 16:56:36:332 28.06.2020
// таймаут: 51 мсек

Чтение адресов и паролей: 41 %

CA E0 EB FE EC ED FB 20 

00 00 09 00 FD 88 1A B1 3A   // передача: 9 байт; 16:56:36:333 28.06.2020
// приём по количеству байт: 25 из 25
// принято с порта: 25 байт

01 00 19 00 FD 00 00 00 00 00 00 00 00 00 00 00 00 00 00 00 00 00 00 51 D7   // прием: 25 байт; 16:56:36:385 28.06.2020
// таймаут: 52 мсек

Чтение адресов и паролей: 42 %

CA E0 EB FE EC ED FB 20 

00 00 09 00 FD 88 1B 70 FA   // передача: 9 байт; 16:56:36:386 28.06.2020
// приём по количеству байт: 25 из 25
// принято с порта: 25 байт

01 00 19 00 FD 00 00 00 00 00 00 00 00 00 00 00 00 00 00 00 00 00 00 51 D7   // прием: 25 байт; 16:56:36:437 28.06.2020
// таймаут: 51 мсек

Чтение адресов и паролей: 44 %

CA E0 EB FE EC ED FB 20 

00 00 09 00 FD 88 1C 31 38   // передача: 9 байт; 16:56:36:439 28.06.2020
// приём по количеству байт: 25 из 25
// принято с порта: 25 байт

01 00 19 00 FD 00 00 00 00 00 00 00 00 00 00 00 00 00 00 00 00 00 00 51 D7   // прием: 25 байт; 16:56:36:490 28.06.2020
// таймаут: 51 мсек

Чтение адресов и паролей: 46 %

CA E0 EB FE EC ED FB 20 

00 00 09 00 FD 88 1D F0 F8   // передача: 9 байт; 16:56:36:491 28.06.2020
// приём по количеству байт: 25 из 25
// принято с порта: 25 байт

01 00 19 00 FD 00 00 00 00 00 00 00 00 00 00 00 00 00 00 00 00 00 00 51 D7   // прием: 25 байт; 16:56:36:543 28.06.2020
// таймаут: 52 мсек

Чтение адресов и паролей: 47 %

CA E0 EB FE EC ED FB 20 

00 00 09 00 FD 88 1E B0 F9   // передача: 9 байт; 16:56:36:544 28.06.2020
// приём по количеству байт: 25 из 25
// принято с порта: 25 байт

01 00 19 00 FD 00 00 00 00 00 00 00 00 00 00 00 00 00 00 00 00 00 00 51 D7   // прием: 25 байт; 16:56:36:595 28.06.2020
// таймаут: 51 мсек

Чтение адресов и паролей: 49 %

CA E0 EB FE EC ED FB 20 

00 00 09 00 FD 88 1F 71 39   // передача: 9 байт; 16:56:36:596 28.06.2020
// приём по количеству байт: 25 из 25
// принято с порта: 25 байт

01 00 19 00 FD 00 00 00 00 00 00 00 00 00 00 00 00 00 00 00 00 00 00 51 D7   // прием: 25 байт; 16:56:36:648 28.06.2020
// таймаут: 52 мсек

Чтение адресов и паролей: 50 %

CA E0 EB FE EC ED FB 20 

00 00 09 00 FD 88 20 31 29   // передача: 9 байт; 16:56:36:649 28.06.2020
// приём по количеству байт: 25 из 25
// принято с порта: 25 байт

01 00 19 00 FD 00 00 00 00 00 00 00 00 00 00 00 00 00 00 00 00 00 00 51 D7   // прием: 25 байт; 16:56:36:701 28.06.2020
// таймаут: 52 мсек

Чтение адресов и паролей: 52 %

CA E0 EB FE EC ED FB 20 

00 00 09 00 FD 88 21 F0 E9   // передача: 9 байт; 16:56:36:702 28.06.2020
// приём по количеству байт: 25 из 25
// принято с порта: 25 байт

01 00 19 00 FD 00 00 00 00 00 00 00 00 00 00 00 00 00 00 00 00 00 00 51 D7   // прием: 25 байт; 16:56:36:753 28.06.2020
// таймаут: 51 мсек

Чтение адресов и паролей: 53 %

CA E0 EB FE EC ED FB 20 

00 00 09 00 FD 88 22 B0 E8   // передача: 9 байт; 16:56:36:754 28.06.2020
// приём по количеству байт: 25 из 25
// принято с порта: 25 байт

01 00 19 00 FD 00 00 00 00 00 00 00 00 00 00 00 00 00 00 00 00 00 00 51 D7   // прием: 25 байт; 16:56:36:806 28.06.2020
// таймаут: 52 мсек

Чтение адресов и паролей: 55 %

CA E0 EB FE EC ED FB 20 

00 00 09 00 FD 88 23 71 28   // передача: 9 байт; 16:56:36:807 28.06.2020
// приём по количеству байт: 25 из 25
// принято с порта: 25 байт

01 00 19 00 FD 00 00 00 00 00 00 00 00 00 00 00 00 00 00 00 00 00 00 51 D7   // прием: 25 байт; 16:56:36:858 28.06.2020
// таймаут: 51 мсек

Чтение адресов и паролей: 57 %

CA E0 EB FE EC ED FB 20 

00 00 09 00 FD 88 24 30 EA   // передача: 9 байт; 16:56:36:860 28.06.2020
// приём по количеству байт: 25 из 25
// принято с порта: 25 байт

01 00 19 00 FD 00 00 00 00 00 00 00 00 00 00 00 00 00 00 00 00 00 00 51 D7   // прием: 25 байт; 16:56:36:911 28.06.2020
// таймаут: 51 мсек

Чтение адресов и паролей: 58 %

CA E0 EB FE EC ED FB 20 

00 00 09 00 FD 88 25 F1 2A   // передача: 9 байт; 16:56:36:912 28.06.2020
// приём по количеству байт: 25 из 25
// принято с порта: 25 байт

01 00 19 00 FD 00 00 00 00 00 00 00 00 00 00 00 00 00 00 00 00 00 00 51 D7   // прием: 25 байт; 16:56:36:964 28.06.2020
// таймаут: 52 мсек

Чтение адресов и паролей: 60 %

CA E0 EB FE EC ED FB 20 

00 00 09 00 FD 88 26 B1 2B   // передача: 9 байт; 16:56:36:965 28.06.2020
// приём по количеству байт: 25 из 25
// принято с порта: 25 байт

01 00 19 00 FD 00 00 00 00 00 00 00 00 00 00 00 00 00 00 00 00 00 00 51 D7   // прием: 25 байт; 16:56:37:016 28.06.2020
// таймаут: 51 мсек

Чтение адресов и паролей: 61 %

CA E0 EB FE EC ED FB 20 

00 00 09 00 FD 88 27 70 EB   // передача: 9 байт; 16:56:37:017 28.06.2020
// приём по количеству байт: 25 из 25
// принято с порта: 25 байт

01 00 19 00 FD 00 00 00 00 00 00 00 00 00 00 00 00 00 00 00 00 00 00 51 D7   // прием: 25 байт; 16:56:37:069 28.06.2020
// таймаут: 52 мсек

Чтение адресов и паролей: 63 %

CA E0 EB FE EC ED FB 20 

00 00 09 00 FD 88 28 30 EF   // передача: 9 байт; 16:56:37:070 28.06.2020
// приём по количеству байт: 25 из 25
// принято с порта: 25 байт

01 00 19 00 FD 00 00 00 00 00 00 00 00 00 00 00 00 00 00 00 00 00 00 51 D7   // прием: 25 байт; 16:56:37:122 28.06.2020
// таймаут: 52 мсек

Чтение адресов и паролей: 65 %

CA E0 EB FE EC ED FB 20 

00 00 09 00 FD 88 29 F1 2F   // передача: 9 байт; 16:56:37:123 28.06.2020
// приём по количеству байт: 25 из 25
// принято с порта: 25 байт

01 00 19 00 FD 00 00 00 00 00 00 00 00 00 00 00 00 00 00 00 00 00 00 51 D7   // прием: 25 байт; 16:56:37:174 28.06.2020
// таймаут: 51 мсек

Чтение адресов и паролей: 66 %

CA E0 EB FE EC ED FB 20 

00 00 09 00 FD 88 2A B1 2E   // передача: 9 байт; 16:56:37:175 28.06.2020
// приём по количеству байт: 25 из 25
// принято с порта: 25 байт

01 00 19 00 FD 00 00 00 00 00 00 00 00 00 00 00 00 00 00 00 00 00 00 51 D7   // прием: 25 байт; 16:56:37:227 28.06.2020
// таймаут: 52 мсек

Чтение адресов и паролей: 68 %

CA E0 EB FE EC ED FB 20 

00 00 09 00 FD 88 2B 70 EE   // передача: 9 байт; 16:56:37:228 28.06.2020
// приём по количеству байт: 25 из 25
// принято с порта: 25 байт

01 00 19 00 FD 00 00 00 00 00 00 00 00 00 00 00 00 00 00 00 00 00 00 51 D7   // прием: 25 байт; 16:56:37:279 28.06.2020
// таймаут: 51 мсек

Чтение адресов и паролей: 69 %

CA E0 EB FE EC ED FB 20 

00 00 09 00 FD 88 2C 31 2C   // передача: 9 байт; 16:56:37:281 28.06.2020
// приём по количеству байт: 25 из 25
// принято с порта: 25 байт

01 00 19 00 FD 00 00 00 00 00 00 00 00 00 00 00 00 00 00 00 00 00 00 51 D7   // прием: 25 байт; 16:56:37:332 28.06.2020
// таймаут: 51 мсек

Чтение адресов и паролей: 71 %

CA E0 EB FE EC ED FB 20 

00 00 09 00 FD 88 2D F0 EC   // передача: 9 байт; 16:56:37:333 28.06.2020
// приём по количеству байт: 25 из 25
// принято с порта: 25 байт

01 00 19 00 FD 00 00 00 00 00 00 00 00 00 00 00 00 00 00 00 00 00 00 51 D7   // прием: 25 байт; 16:56:37:385 28.06.2020
// таймаут: 52 мсек

Чтение адресов и паролей: 73 %

CA E0 EB FE EC ED FB 20 

00 00 09 00 FD 88 2E B0 ED   // передача: 9 байт; 16:56:37:386 28.06.2020
// приём по количеству байт: 25 из 25
// принято с порта: 25 байт

01 00 19 00 FD 00 00 00 00 00 00 00 00 00 00 00 00 00 00 00 00 00 00 51 D7   // прием: 25 байт; 16:56:37:438 28.06.2020
// таймаут: 52 мсек

Чтение адресов и паролей: 74 %

CA E0 EB FE EC ED FB 20 

00 00 09 00 FD 88 2F 71 2D   // передача: 9 байт; 16:56:37:439 28.06.2020
// приём по количеству байт: 25 из 25
// принято с порта: 25 байт

01 00 19 00 FD 00 00 00 00 00 00 00 00 00 00 00 00 00 00 00 00 00 00 51 D7   // прием: 25 байт; 16:56:37:490 28.06.2020
// таймаут: 51 мсек

Чтение адресов и паролей: 76 %

CA E0 EB FE EC ED FB 20 

00 00 09 00 FD 88 30 30 E5   // передача: 9 байт; 16:56:37:492 28.06.2020
// приём по количеству байт: 25 из 25
// принято с порта: 25 байт

01 00 19 00 FD 00 00 00 00 00 00 00 00 00 00 00 00 00 00 00 00 00 00 51 D7   // прием: 25 байт; 16:56:37:543 28.06.2020
// таймаут: 51 мсек

Чтение адресов и паролей: 77 %

CA E0 EB FE EC ED FB 20 

00 00 09 00 FD 88 31 F1 25   // передача: 9 байт; 16:56:37:544 28.06.2020
// приём по количеству байт: 25 из 25
// принято с порта: 25 байт

01 00 19 00 FD 00 00 00 00 00 00 00 00 00 00 00 00 00 00 00 00 00 00 51 D7   // прием: 25 байт; 16:56:37:596 28.06.2020
// таймаут: 52 мсек

Чтение адресов и паролей: 79 %

CA E0 EB FE EC ED FB 20 

00 00 09 00 FD 88 32 B1 24   // передача: 9 байт; 16:56:37:597 28.06.2020
// приём по количеству байт: 25 из 25
// принято с порта: 25 байт

01 00 19 00 FD 00 00 00 00 00 00 00 00 00 00 00 00 00 00 00 00 00 00 51 D7   // прием: 25 байт; 16:56:37:648 28.06.2020
// таймаут: 51 мсек

Чтение адресов и паролей: 80 %

CA E0 EB FE EC ED FB 20 

00 00 09 00 FD 88 33 70 E4   // передача: 9 байт; 16:56:37:650 28.06.2020
// приём по количеству байт: 25 из 25
// принято с порта: 25 байт

01 00 19 00 FD 00 00 00 00 00 00 00 00 00 00 00 00 00 00 00 00 00 00 51 D7   // прием: 25 байт; 16:56:37:701 28.06.2020
// таймаут: 51 мсек

Чтение адресов и паролей: 82 %

CA E0 EB FE EC ED FB 20 

00 00 09 00 FD 88 34 31 26   // передача: 9 байт; 16:56:37:702 28.06.2020
// приём по количеству байт: 25 из 25
// принято с порта: 25 байт

01 00 19 00 FD 00 00 00 00 00 00 00 00 00 00 00 00 00 00 00 00 00 00 51 D7   // прием: 25 байт; 16:56:37:754 28.06.2020
// таймаут: 52 мсек

Чтение адресов и паролей: 84 %

CA E0 EB FE EC ED FB 20 

00 00 09 00 FD 88 35 F0 E6   // передача: 9 байт; 16:56:37:755 28.06.2020
// приём по количеству байт: 25 из 25
// принято с порта: 25 байт

01 00 19 00 FD 00 00 00 00 00 00 00 00 00 00 00 00 00 00 00 00 00 00 51 D7   // прием: 25 байт; 16:56:37:806 28.06.2020
// таймаут: 51 мсек

Чтение адресов и паролей: 85 %

CA E0 EB FE EC ED FB 20 

00 00 09 00 FD 88 36 B0 E7   // передача: 9 байт; 16:56:37:808 28.06.2020
// приём по количеству байт: 25 из 25
// принято с порта: 25 байт

01 00 19 00 FD 00 00 00 00 00 00 00 00 00 00 00 00 00 00 00 00 00 00 51 D7   // прием: 25 байт; 16:56:37:859 28.06.2020
// таймаут: 51 мсек

Чтение адресов и паролей: 87 %

CA E0 EB FE EC ED FB 20 

00 00 09 00 FD 88 37 71 27   // передача: 9 байт; 16:56:37:860 28.06.2020
// приём по количеству байт: 25 из 25
// принято с порта: 25 байт

01 00 19 00 FD 00 00 00 00 00 00 00 00 00 00 00 00 00 00 00 00 00 00 51 D7   // прием: 25 байт; 16:56:37:912 28.06.2020
// таймаут: 52 мсек

Чтение адресов и паролей: 88 %

CA E0 EB FE EC ED FB 20 

00 00 09 00 FD 88 38 31 23   // передача: 9 байт; 16:56:37:913 28.06.2020
// приём по количеству байт: 25 из 25
// принято с порта: 25 байт

01 00 19 00 FD 00 00 00 00 00 00 00 00 00 00 00 00 00 00 00 00 00 00 51 D7   // прием: 25 байт; 16:56:37:965 28.06.2020
// таймаут: 52 мсек

Чтение адресов и паролей: 90 %

CA E0 EB FE EC ED FB 20 

00 00 09 00 FD 88 39 F0 E3   // передача: 9 байт; 16:56:37:966 28.06.2020
// приём по количеству байт: 25 из 25
// принято с порта: 25 байт

01 00 19 00 FD 00 00 00 00 00 00 00 00 00 00 00 00 00 00 00 00 00 00 51 D7   // прием: 25 байт; 16:56:38:017 28.06.2020
// таймаут: 51 мсек

Чтение адресов и паролей: 92 %

CA E0 EB FE EC ED FB 20 

00 00 09 00 FD 88 3A B0 E2   // передача: 9 байт; 16:56:38:019 28.06.2020
// приём по количеству байт: 25 из 25
// принято с порта: 25 байт

01 00 19 00 FD 00 00 00 00 00 00 00 00 00 00 00 00 00 00 00 00 00 00 51 D7   // прием: 25 байт; 16:56:38:070 28.06.2020
// таймаут: 51 мсек

Чтение адресов и паролей: 93 %

CA E0 EB FE EC ED FB 20 

00 00 09 00 FD 88 3B 71 22   // передача: 9 байт; 16:56:38:071 28.06.2020
// приём по количеству байт: 25 из 25
// принято с порта: 25 байт

01 00 19 00 FD 00 00 00 00 00 00 00 00 00 00 00 00 00 00 00 00 00 00 51 D7   // прием: 25 байт; 16:56:38:123 28.06.2020
// таймаут: 52 мсек

Чтение адресов и паролей: 95 %

CA E0 EB FE EC ED FB 20 

00 00 09 00 FD 88 3C 30 E0   // передача: 9 байт; 16:56:38:124 28.06.2020
// приём по количеству байт: 25 из 25
// принято с порта: 25 байт

01 00 19 00 FD 00 00 00 00 00 00 00 00 00 00 00 00 00 00 00 00 00 00 51 D7   // прием: 25 байт; 16:56:38:176 28.06.2020
// таймаут: 52 мсек

Чтение адресов и паролей: 96 %

CA E0 EB FE EC ED FB 20 

00 00 09 00 FD 88 3D F1 20   // передача: 9 байт; 16:56:38:177 28.06.2020
// приём по количеству байт: 25 из 25
// принято с порта: 25 байт

01 00 19 00 FD 00 00 00 00 00 00 00 00 00 00 00 00 00 00 00 00 00 00 51 D7   // прием: 25 байт; 16:56:38:228 28.06.2020
// таймаут: 51 мсек

Чтение адресов и паролей: 98 %

CA E0 EB FE EC ED FB 20 

00 00 09 00 FD 88 3E B1 21   // передача: 9 байт; 16:56:38:230 28.06.2020
// приём по количеству байт: 25 из 25
// принято с порта: 25 байт

01 00 19 00 FD 00 00 00 00 00 00 00 00 00 00 00 00 00 00 00 00 00 00 51 D7   // прием: 25 байт; 16:56:38:281 28.06.2020
// таймаут: 51 мсек

Чтение адресов и паролей: 100 %

CA E0 EB FE EC ED FB 20 

00 00 09 00 FD 88 3F 70 E1   // передача: 9 байт; 16:56:38:282 28.06.2020
// приём по количеству байт: 25 из 25
// принято с порта: 25 байт

01 00 19 00 FD 00 00 00 00 00 00 00 00 00 00 00 00 00 00 00 00 00 00 51 D7   // прием: 25 байт; 16:56:38:334 28.06.2020
// таймаут: 52 мсек

Чтение адресов и паролей: 100 %

// О программе
