Запись адресов и паролей

CA E0 EB FE EC ED FB 20 

00 00 1B 00 FD 89 00 00 00 00 00 00 00 00 00 00 00 00 00 00 00 00 00 00 00 73 08   // передача: 27 байт; 17:00:35:911 28.06.2020
// приём по количеству байт: 9 из 9
// принято с порта: 9 байт

01 00 09 00 FD 00 00 46 31   // прием: 9 байт; 17:00:35:963 28.06.2020
// таймаут: 52 мсек

Запись адресов и паролей: 1 %

CA E0 EB FE EC ED FB 20 

00 00 1B 00 FD 89 01 00 00 00 01 30 00 00 00 00 00 00 00 00 00 00 00 00 00 BF C4   // передача: 27 байт; 17:00:35:965 28.06.2020
// приём по количеству байт: 9 из 9
// принято с порта: 9 байт

01 00 09 00 FD 00 00 46 31   // прием: 9 байт; 17:00:36:018 28.06.2020
// таймаут: 53 мсек

Запись адресов и паролей: 3 %

CA E0 EB FE EC ED FB 20 

00 00 1B 00 FD 89 02 00 00 00 02 30 31 00 00 00 00 00 00 00 00 00 00 00 00 FB F0   // передача: 27 байт; 17:00:36:019 28.06.2020
// приём по количеству байт: 9 из 9
// принято с порта: 9 байт

01 00 09 00 FD 00 00 46 31   // прием: 9 байт; 17:00:36:072 28.06.2020
// таймаут: 53 мсек

Запись адресов и паролей: 4 %

CA E0 EB FE EC ED FB 20 

00 00 1B 00 FD 89 03 00 00 00 03 30 31 32 00 00 00 00 00 00 00 00 00 00 00 BE 8B   // передача: 27 байт; 17:00:36:073 28.06.2020
// приём по количеству байт: 9 из 9
// принято с порта: 9 байт

01 00 09 00 FD 00 00 46 31   // прием: 9 байт; 17:00:36:127 28.06.2020
// таймаут: 54 мсек

Запись адресов и паролей: 6 %

CA E0 EB FE EC ED FB 20 

00 00 1B 00 FD 89 04 00 00 00 04 30 31 32 33 00 00 00 00 00 00 00 00 00 00 BC B9   // передача: 27 байт; 17:00:36:128 28.06.2020
// приём по количеству байт: 9 из 9
// принято с порта: 9 байт

01 00 09 00 FD 00 00 46 31   // прием: 9 байт; 17:00:36:181 28.06.2020
// таймаут: 53 мсек

Запись адресов и паролей: 7 %

CA E0 EB FE EC ED FB 20 

00 00 1B 00 FD 89 05 00 00 00 05 30 31 32 33 34 00 00 00 00 00 00 00 00 00 01 6F   // передача: 27 байт; 17:00:36:182 28.06.2020
// приём по количеству байт: 9 из 9
// принято с порта: 9 байт

01 00 09 00 FD 00 00 46 31   // прием: 9 байт; 17:00:36:235 28.06.2020
// таймаут: 53 мсек

Запись адресов и паролей: 9 %

CA E0 EB FE EC ED FB 20 

00 00 1B 00 FD 89 06 00 00 00 06 30 31 32 33 34 35 00 00 00 00 00 00 00 00 6D 7B   // передача: 27 байт; 17:00:36:236 28.06.2020
// приём по количеству байт: 9 из 9
// принято с порта: 9 байт

01 00 09 00 FD 00 00 46 31   // прием: 9 байт; 17:00:36:290 28.06.2020
// таймаут: 54 мсек

Запись адресов и паролей: 11 %

CA E0 EB FE EC ED FB 20 

00 00 1B 00 FD 89 07 00 00 00 07 30 31 32 33 34 35 36 00 00 00 00 00 00 00 12 B9   // передача: 27 байт; 17:00:36:291 28.06.2020
// приём по количеству байт: 9 из 9
// принято с порта: 9 байт

01 00 09 00 FD 00 00 46 31   // прием: 9 байт; 17:00:36:344 28.06.2020
// таймаут: 53 мсек

Запись адресов и паролей: 12 %

CA E0 EB FE EC ED FB 20 

00 00 1B 00 FD 89 08 00 00 00 08 30 31 32 33 34 35 36 37 00 00 00 00 00 00 4C 6B   // передача: 27 байт; 17:00:36:345 28.06.2020
// приём по количеству байт: 9 из 9
// принято с порта: 9 байт

01 00 09 00 FD 00 00 46 31   // прием: 9 байт; 17:00:36:398 28.06.2020
// таймаут: 53 мсек

Запись адресов и паролей: 14 %

CA E0 EB FE EC ED FB 20 

00 00 1B 00 FD 89 09 00 00 00 09 30 31 32 33 34 35 36 37 38 00 00 00 00 00 B4 2F   // передача: 27 байт; 17:00:36:399 28.06.2020
// приём по количеству байт: 9 из 9
// принято с порта: 9 байт

01 00 09 00 FD 00 00 46 31   // прием: 9 байт; 17:00:36:453 28.06.2020
// таймаут: 54 мсек

Запись адресов и паролей: 15 %

CA E0 EB FE EC ED FB 20 

00 00 1B 00 FD 89 0A 00 00 00 0A 30 31 32 33 34 35 36 37 38 39 00 00 00 00 2F 6F   // передача: 27 байт; 17:00:36:454 28.06.2020
// приём по количеству байт: 9 из 9
// принято с порта: 9 байт

01 00 09 00 FD 00 00 46 31   // прием: 9 байт; 17:00:36:507 28.06.2020
// таймаут: 53 мсек

Запись адресов и паролей: 17 %

CA E0 EB FE EC ED FB 20 

00 00 1B 00 FD 89 0B 00 00 00 0B 30 31 32 33 34 35 36 37 38 39 61 00 00 00 CC 6F   // передача: 27 байт; 17:00:36:508 28.06.2020
// приём по количеству байт: 9 из 9
// принято с порта: 9 байт

01 00 09 00 FD 00 00 46 31   // прием: 9 байт; 17:00:36:561 28.06.2020
// таймаут: 53 мсек

Запись адресов и паролей: 19 %

CA E0 EB FE EC ED FB 20 

00 00 1B 00 FD 89 0C 00 00 00 0C 30 31 32 33 34 35 36 37 38 39 61 62 00 00 9F C7   // передача: 27 байт; 17:00:36:562 28.06.2020
// приём по количеству байт: 9 из 9
// принято с порта: 9 байт

01 00 09 00 FD 00 00 46 31   // прием: 9 байт; 17:00:36:616 28.06.2020
// таймаут: 54 мсек

Запись адресов и паролей: 20 %

CA E0 EB FE EC ED FB 20 

00 00 1B 00 FD 89 0D 00 00 00 00 00 00 00 00 00 00 00 00 00 00 00 00 00 00 5D A5   // передача: 27 байт; 17:00:36:617 28.06.2020
// приём по количеству байт: 9 из 9
// принято с порта: 9 байт

01 00 09 00 FD 00 00 46 31   // прием: 9 байт; 17:00:36:670 28.06.2020
// таймаут: 53 мсек

Запись адресов и паролей: 22 %

CA E0 EB FE EC ED FB 20 

00 00 1B 00 FD 89 0E 00 00 00 00 00 00 00 00 00 00 00 00 00 00 00 00 00 00 19 E1   // передача: 27 байт; 17:00:36:671 28.06.2020
// приём по количеству байт: 9 из 9
// принято с порта: 9 байт

01 00 09 00 FD 00 00 46 31   // прием: 9 байт; 17:00:36:725 28.06.2020
// таймаут: 54 мсек

Запись адресов и паролей: 23 %

CA E0 EB FE EC ED FB 20 

00 00 1B 00 FD 89 0F 00 00 00 00 00 00 00 00 00 00 00 00 00 00 00 00 00 00 24 1D   // передача: 27 байт; 17:00:36:726 28.06.2020
// приём по количеству байт: 9 из 9
// принято с порта: 9 байт

01 00 09 00 FD 00 00 46 31   // прием: 9 байт; 17:00:36:779 28.06.2020
// таймаут: 53 мсек

Запись адресов и паролей: 25 %

CA E0 EB FE EC ED FB 20 

00 00 1B 00 FD 89 10 00 00 00 00 00 00 00 00 00 00 00 00 00 00 00 00 00 00 B7 CB   // передача: 27 байт; 17:00:36:780 28.06.2020
// приём по количеству байт: 9 из 9
// принято с порта: 9 байт

01 00 09 00 FD 00 00 46 31   // прием: 9 байт; 17:00:36:833 28.06.2020
// таймаут: 53 мсек

Запись адресов и паролей: 26 %

CA E0 EB FE EC ED FB 20 

00 00 1B 00 FD 89 11 00 00 00 00 00 00 00 00 00 00 00 00 00 00 00 00 00 00 8A 37   // передача: 27 байт; 17:00:36:834 28.06.2020
// приём по количеству байт: 9 из 9
// принято с порта: 9 байт

01 00 09 00 FD 00 00 46 31   // прием: 9 байт; 17:00:36:888 28.06.2020
// таймаут: 54 мсек

Запись адресов и паролей: 28 %

CA E0 EB FE EC ED FB 20 

00 00 1B 00 FD 89 12 00 00 00 00 00 00 00 00 00 00 00 00 00 00 00 00 00 00 CE 73   // передача: 27 байт; 17:00:36:889 28.06.2020
// приём по количеству байт: 9 из 9
// принято с порта: 9 байт

01 00 09 00 FD 00 00 46 31   // прием: 9 байт; 17:00:36:942 28.06.2020
// таймаут: 53 мсек

Запись адресов и паролей: 30 %

CA E0 EB FE EC ED FB 20 

00 00 1B 00 FD 89 13 00 00 00 00 00 00 00 00 00 00 00 00 00 00 00 00 00 00 F3 8F   // передача: 27 байт; 17:00:36:943 28.06.2020
// приём по количеству байт: 9 из 9
// принято с порта: 9 байт

01 00 09 00 FD 00 00 46 31   // прием: 9 байт; 17:00:36:996 28.06.2020
// таймаут: 53 мсек

Запись адресов и паролей: 31 %

CA E0 EB FE EC ED FB 20 

00 00 1B 00 FD 89 14 00 00 00 00 00 00 00 00 00 00 00 00 00 00 00 00 00 00 46 FB   // передача: 27 байт; 17:00:36:998 28.06.2020
// приём по количеству байт: 9 из 9
// принято с порта: 9 байт

01 00 09 00 FD 00 00 46 31   // прием: 9 байт; 17:00:37:051 28.06.2020
// таймаут: 53 мсек

Запись адресов и паролей: 33 %

CA E0 EB FE EC ED FB 20 

00 00 1B 00 FD 89 15 00 00 00 00 00 00 00 00 00 00 00 00 00 00 00 00 00 00 7B 07   // передача: 27 байт; 17:00:37:052 28.06.2020
// приём по количеству байт: 9 из 9
// принято с порта: 9 байт

01 00 09 00 FD 00 00 46 31   // прием: 9 байт; 17:00:37:105 28.06.2020
// таймаут: 53 мсек

Запись адресов и паролей: 34 %

CA E0 EB FE EC ED FB 20 

00 00 1B 00 FD 89 16 00 00 00 00 00 00 00 00 00 00 00 00 00 00 00 00 00 00 3F 43   // передача: 27 байт; 17:00:37:106 28.06.2020
// приём по количеству байт: 9 из 9
// принято с порта: 9 байт

01 00 09 00 FD 00 00 46 31   // прием: 9 байт; 17:00:37:160 28.06.2020
// таймаут: 54 мсек

Запись адресов и паролей: 36 %

CA E0 EB FE EC ED FB 20 

00 00 1B 00 FD 89 17 00 00 00 00 00 00 00 00 00 00 00 00 00 00 00 00 00 00 02 BF   // передача: 27 байт; 17:00:37:161 28.06.2020
// приём по количеству байт: 9 из 9
// принято с порта: 9 байт

01 00 09 00 FD 00 00 46 31   // прием: 9 байт; 17:00:37:214 28.06.2020
// таймаут: 53 мсек

Запись адресов и паролей: 38 %

CA E0 EB FE EC ED FB 20 

00 00 1B 00 FD 89 18 00 00 00 00 00 00 00 00 00 00 00 00 00 00 00 00 00 00 55 AA   // передача: 27 байт; 17:00:37:215 28.06.2020
// приём по количеству байт: 9 из 9
// принято с порта: 9 байт

01 00 09 00 FD 00 00 46 31   // прием: 9 байт; 17:00:37:268 28.06.2020
// таймаут: 53 мсек

Запись адресов и паролей: 39 %

CA E0 EB FE EC ED FB 20 

00 00 1B 00 FD 89 19 00 00 00 00 00 00 00 00 00 00 00 00 00 00 00 00 00 00 68 56   // передача: 27 байт; 17:00:37:269 28.06.2020
// приём по количеству байт: 9 из 9
// принято с порта: 9 байт

01 00 09 00 FD 00 00 46 31   // прием: 9 байт; 17:00:37:323 28.06.2020
// таймаут: 54 мсек

Запись адресов и паролей: 41 %

CA E0 EB FE EC ED FB 20 

00 00 1B 00 FD 89 1A 00 00 00 00 00 00 00 00 00 00 00 00 00 00 00 00 00 00 2C 12   // передача: 27 байт; 17:00:37:324 28.06.2020
// приём по количеству байт: 9 из 9
// принято с порта: 9 байт

01 00 09 00 FD 00 00 46 31   // прием: 9 байт; 17:00:37:377 28.06.2020
// таймаут: 53 мсек

Запись адресов и паролей: 42 %

CA E0 EB FE EC ED FB 20 

00 00 1B 00 FD 89 1B 00 00 00 00 00 00 00 00 00 00 00 00 00 00 00 00 00 00 11 EE   // передача: 27 байт; 17:00:37:378 28.06.2020
// приём по количеству байт: 9 из 9
// принято с порта: 9 байт

01 00 09 00 FD 00 00 46 31   // прием: 9 байт; 17:00:37:432 28.06.2020
// таймаут: 54 мсек

Запись адресов и паролей: 44 %

CA E0 EB FE EC ED FB 20 

00 00 1B 00 FD 89 1C 00 00 00 00 00 00 00 00 00 00 00 00 00 00 00 00 00 00 A4 9A   // передача: 27 байт; 17:00:37:433 28.06.2020
// приём по количеству байт: 9 из 9
// принято с порта: 9 байт

01 00 09 00 FD 00 00 46 31   // прием: 9 байт; 17:00:37:486 28.06.2020
// таймаут: 53 мсек

Запись адресов и паролей: 46 %

CA E0 EB FE EC ED FB 20 

00 00 1B 00 FD 89 1D 00 00 00 00 00 00 00 00 00 00 00 00 00 00 00 00 00 00 99 66   // передача: 27 байт; 17:00:37:487 28.06.2020
// приём по количеству байт: 9 из 9
// принято с порта: 9 байт

01 00 09 00 FD 00 00 46 31   // прием: 9 байт; 17:00:37:540 28.06.2020
// таймаут: 53 мсек

Запись адресов и паролей: 47 %

CA E0 EB FE EC ED FB 20 

00 00 1B 00 FD 89 1E 00 00 00 00 00 00 00 00 00 00 00 00 00 00 00 00 00 00 DD 22   // передача: 27 байт; 17:00:37:541 28.06.2020
// приём по количеству байт: 9 из 9
// принято с порта: 9 байт

01 00 09 00 FD 00 00 46 31   // прием: 9 байт; 17:00:37:595 28.06.2020
// таймаут: 54 мсек

Запись адресов и паролей: 49 %

CA E0 EB FE EC ED FB 20 

00 00 1B 00 FD 89 1F 00 00 00 00 00 00 00 00 00 00 00 00 00 00 00 00 00 00 E0 DE   // передача: 27 байт; 17:00:37:596 28.06.2020
// приём по количеству байт: 9 из 9
// принято с порта: 9 байт

01 00 09 00 FD 00 00 46 31   // прием: 9 байт; 17:00:37:649 28.06.2020
// таймаут: 53 мсек

Запись адресов и паролей: 50 %

CA E0 EB FE EC ED FB 20 

00 00 1B 00 FD 89 20 00 00 00 00 00 00 00 00 00 00 00 00 00 00 00 00 00 00 F8 CF   // передача: 27 байт; 17:00:37:650 28.06.2020
// приём по количеству байт: 9 из 9
// принято с порта: 9 байт

01 00 09 00 FD 00 00 46 31   // прием: 9 байт; 17:00:37:704 28.06.2020
// таймаут: 54 мсек

Запись адресов и паролей: 52 %

CA E0 EB FE EC ED FB 20 

00 00 1B 00 FD 89 21 00 00 00 00 00 00 00 00 00 00 00 00 00 00 00 00 00 00 C5 33   // передача: 27 байт; 17:00:37:705 28.06.2020
// приём по количеству байт: 9 из 9
// принято с порта: 9 байт

01 00 09 00 FD 00 00 46 31   // прием: 9 байт; 17:00:37:758 28.06.2020
// таймаут: 53 мсек

Запись адресов и паролей: 53 %

CA E0 EB FE EC ED FB 20 

00 00 1B 00 FD 89 22 00 00 00 00 00 00 00 00 00 00 00 00 00 00 00 00 00 00 81 77   // передача: 27 байт; 17:00:37:759 28.06.2020
// приём по количеству байт: 9 из 9
// принято с порта: 9 байт

01 00 09 00 FD 00 00 46 31   // прием: 9 байт; 17:00:37:813 28.06.2020
// таймаут: 54 мсек

Запись адресов и паролей: 55 %

CA E0 EB FE EC ED FB 20 

00 00 1B 00 FD 89 23 00 00 00 00 00 00 00 00 00 00 00 00 00 00 00 00 00 00 BC 8B   // передача: 27 байт; 17:00:37:814 28.06.2020
// приём по количеству байт: 9 из 9
// принято с порта: 9 байт

01 00 09 00 FD 00 00 46 31   // прием: 9 байт; 17:00:37:867 28.06.2020
// таймаут: 53 мсек

Запись адресов и паролей: 57 %

CA E0 EB FE EC ED FB 20 

00 00 1B 00 FD 89 24 00 00 00 00 00 00 00 00 00 00 00 00 00 00 00 00 00 00 09 FF   // передача: 27 байт; 17:00:37:868 28.06.2020
// приём по количеству байт: 9 из 9
// принято с порта: 9 байт

01 00 09 00 FD 00 00 46 31   // прием: 9 байт; 17:00:37:922 28.06.2020
// таймаут: 54 мсек

Запись адресов и паролей: 58 %

CA E0 EB FE EC ED FB 20 

00 00 1B 00 FD 89 25 00 00 00 00 00 00 00 00 00 00 00 00 00 00 00 00 00 00 34 03   // передача: 27 байт; 17:00:37:923 28.06.2020
// приём по количеству байт: 9 из 9
// принято с порта: 9 байт

01 00 09 00 FD 00 00 46 31   // прием: 9 байт; 17:00:37:976 28.06.2020
// таймаут: 53 мсек

Запись адресов и паролей: 60 %

CA E0 EB FE EC ED FB 20 

00 00 1B 00 FD 89 26 00 00 00 00 00 00 00 00 00 00 00 00 00 00 00 00 00 00 70 47   // передача: 27 байт; 17:00:37:977 28.06.2020
// приём по количеству байт: 9 из 9
// принято с порта: 9 байт

01 00 09 00 FD 00 00 46 31   // прием: 9 байт; 17:00:38:031 28.06.2020
// таймаут: 54 мсек

Запись адресов и паролей: 61 %

CA E0 EB FE EC ED FB 20 

00 00 1B 00 FD 89 27 00 00 00 00 00 00 00 00 00 00 00 00 00 00 00 00 00 00 4D BB   // передача: 27 байт; 17:00:38:032 28.06.2020
// приём по количеству байт: 9 из 9
// принято с порта: 9 байт

01 00 09 00 FD 00 00 46 31   // прием: 9 байт; 17:00:38:085 28.06.2020
// таймаут: 53 мсек

Запись адресов и паролей: 63 %

CA E0 EB FE EC ED FB 20 

00 00 1B 00 FD 89 28 00 00 00 00 00 00 00 00 00 00 00 00 00 00 00 00 00 00 1A AE   // передача: 27 байт; 17:00:38:086 28.06.2020
// приём по количеству байт: 9 из 9
// принято с порта: 9 байт

01 00 09 00 FD 00 00 46 31   // прием: 9 байт; 17:00:38:140 28.06.2020
// таймаут: 54 мсек

Запись адресов и паролей: 65 %

CA E0 EB FE EC ED FB 20 

00 00 1B 00 FD 89 29 00 00 00 00 00 00 00 00 00 00 00 00 00 00 00 00 00 00 27 52   // передача: 27 байт; 17:00:38:141 28.06.2020
// приём по количеству байт: 9 из 9
// принято с порта: 9 байт

01 00 09 00 FD 00 00 46 31   // прием: 9 байт; 17:00:38:194 28.06.2020
// таймаут: 53 мсек

Запись адресов и паролей: 66 %

CA E0 EB FE EC ED FB 20 

00 00 1B 00 FD 89 2A 00 00 00 00 00 00 00 00 00 00 00 00 00 00 00 00 00 00 63 16   // передача: 27 байт; 17:00:38:195 28.06.2020
// приём по количеству байт: 9 из 9
// принято с порта: 9 байт

01 00 09 00 FD 00 00 46 31   // прием: 9 байт; 17:00:38:248 28.06.2020
// таймаут: 53 мсек

Запись адресов и паролей: 68 %

CA E0 EB FE EC ED FB 20 

00 00 1B 00 FD 89 2B 00 00 00 00 00 00 00 00 00 00 00 00 00 00 00 00 00 00 5E EA   // передача: 27 байт; 17:00:38:250 28.06.2020
// приём по количеству байт: 9 из 9
// принято с порта: 9 байт

01 00 09 00 FD 00 00 46 31   // прием: 9 байт; 17:00:38:303 28.06.2020
// таймаут: 53 мсек

Запись адресов и паролей: 69 %

CA E0 EB FE EC ED FB 20 

00 00 1B 00 FD 89 2C 00 00 00 00 00 00 00 00 00 00 00 00 00 00 00 00 00 00 EB 9E   // передача: 27 байт; 17:00:38:304 28.06.2020
// приём по количеству байт: 9 из 9
// принято с порта: 9 байт

01 00 09 00 FD 00 00 46 31   // прием: 9 байт; 17:00:38:357 28.06.2020
// таймаут: 53 мсек

Запись адресов и паролей: 71 %

CA E0 EB FE EC ED FB 20 

00 00 1B 00 FD 89 2D 00 00 00 00 00 00 00 00 00 00 00 00 00 00 00 00 00 00 D6 62   // передача: 27 байт; 17:00:38:359 28.06.2020
// приём по количеству байт: 9 из 9
// принято с порта: 9 байт

01 00 09 00 FD 00 00 46 31   // прием: 9 байт; 17:00:38:412 28.06.2020
// таймаут: 53 мсек

Запись адресов и паролей: 73 %

CA E0 EB FE EC ED FB 20 

00 00 1B 00 FD 89 2E 00 00 00 00 00 00 00 00 00 00 00 00 00 00 00 00 00 00 92 26   // передача: 27 байт; 17:00:38:413 28.06.2020
// приём по количеству байт: 9 из 9
// принято с порта: 9 байт

01 00 09 00 FD 00 00 46 31   // прием: 9 байт; 17:00:38:466 28.06.2020
// таймаут: 53 мсек

Запись адресов и паролей: 74 %

CA E0 EB FE EC ED FB 20 

00 00 1B 00 FD 89 2F 00 00 00 00 00 00 00 00 00 00 00 00 00 00 00 00 00 00 AF DA   // передача: 27 байт; 17:00:38:468 28.06.2020
// приём по количеству байт: 9 из 9
// принято с порта: 9 байт

01 00 09 00 FD 00 00 46 31   // прием: 9 байт; 17:00:38:521 28.06.2020
// таймаут: 53 мсек

Запись адресов и паролей: 76 %

CA E0 EB FE EC ED FB 20 

00 00 1B 00 FD 89 30 00 00 00 00 00 00 00 00 00 00 00 00 00 00 00 00 00 00 3C 0C   // передача: 27 байт; 17:00:38:522 28.06.2020
// приём по количеству байт: 9 из 9
// принято с порта: 9 байт

01 00 09 00 FD 00 00 46 31   // прием: 9 байт; 17:00:38:575 28.06.2020
// таймаут: 53 мсек

Запись адресов и паролей: 77 %

CA E0 EB FE EC ED FB 20 

00 00 1B 00 FD 89 31 00 00 00 00 00 00 00 00 00 00 00 00 00 00 00 00 00 00 01 F0   // передача: 27 байт; 17:00:38:576 28.06.2020
// приём по количеству байт: 9 из 9
// принято с порта: 9 байт

01 00 09 00 FD 00 00 46 31   // прием: 9 байт; 17:00:38:630 28.06.2020
// таймаут: 54 мсек

Запись адресов и паролей: 79 %

CA E0 EB FE EC ED FB 20 

00 00 1B 00 FD 89 32 00 00 00 00 00 00 00 00 00 00 00 00 00 00 00 00 00 00 45 B4   // передача: 27 байт; 17:00:38:631 28.06.2020
// приём по количеству байт: 9 из 9
// принято с порта: 9 байт

01 00 09 00 FD 00 00 46 31   // прием: 9 байт; 17:00:38:685 28.06.2020
// таймаут: 54 мсек

Запись адресов и паролей: 80 %

CA E0 EB FE EC ED FB 20 

00 00 1B 00 FD 89 33 00 00 00 00 00 00 00 00 00 00 00 00 00 00 00 00 00 00 78 48   // передача: 27 байт; 17:00:38:686 28.06.2020
// приём по количеству байт: 9 из 9
// принято с порта: 9 байт

01 00 09 00 FD 00 00 46 31   // прием: 9 байт; 17:00:38:739 28.06.2020
// таймаут: 53 мсек

Запись адресов и паролей: 82 %

CA E0 EB FE EC ED FB 20 

00 00 1B 00 FD 89 34 00 00 00 00 00 00 00 00 00 00 00 00 00 00 00 00 00 00 CD 3C   // передача: 27 байт; 17:00:38:740 28.06.2020
// приём по количеству байт: 9 из 9
// принято с порта: 9 байт

01 00 09 00 FD 00 00 46 31   // прием: 9 байт; 17:00:38:794 28.06.2020
// таймаут: 54 мсек

Запись адресов и паролей: 84 %

CA E0 EB FE EC ED FB 20 

00 00 1B 00 FD 89 35 00 00 00 00 00 00 00 00 00 00 00 00 00 00 00 00 00 00 F0 C0   // передача: 27 байт; 17:00:38:795 28.06.2020
// приём по количеству байт: 9 из 9
// принято с порта: 9 байт

01 00 09 00 FD 00 00 46 31   // прием: 9 байт; 17:00:38:848 28.06.2020
// таймаут: 53 мсек

Запись адресов и паролей: 85 %

CA E0 EB FE EC ED FB 20 

00 00 1B 00 FD 89 36 00 00 00 00 00 00 00 00 00 00 00 00 00 00 00 00 00 00 B4 84   // передача: 27 байт; 17:00:38:849 28.06.2020
// приём по количеству байт: 9 из 9
// принято с порта: 9 байт

01 00 09 00 FD 00 00 46 31   // прием: 9 байт; 17:00:38:903 28.06.2020
// таймаут: 54 мсек

Запись адресов и паролей: 87 %

CA E0 EB FE EC ED FB 20 

00 00 1B 00 FD 89 37 00 00 00 00 00 00 00 00 00 00 00 00 00 00 00 00 00 00 89 78   // передача: 27 байт; 17:00:38:904 28.06.2020
// приём по количеству байт: 9 из 9
// принято с порта: 9 байт

01 00 09 00 FD 00 00 46 31   // прием: 9 байт; 17:00:38:957 28.06.2020
// таймаут: 53 мсек

Запись адресов и паролей: 88 %

CA E0 EB FE EC ED FB 20 

00 00 1B 00 FD 89 38 00 00 00 00 00 00 00 00 00 00 00 00 00 00 00 00 00 00 DE 6D   // передача: 27 байт; 17:00:38:958 28.06.2020
// приём по количеству байт: 9 из 9
// принято с порта: 9 байт

01 00 09 00 FD 00 00 46 31   // прием: 9 байт; 17:00:39:012 28.06.2020
// таймаут: 54 мсек

Запись адресов и паролей: 90 %

CA E0 EB FE EC ED FB 20 

00 00 1B 00 FD 89 39 00 00 00 00 00 00 00 00 00 00 00 00 00 00 00 00 00 00 E3 91   // передача: 27 байт; 17:00:39:013 28.06.2020
// приём по количеству байт: 9 из 9
// принято с порта: 9 байт

01 00 09 00 FD 00 00 46 31   // прием: 9 байт; 17:00:39:066 28.06.2020
// таймаут: 53 мсек

Запись адресов и паролей: 92 %

CA E0 EB FE EC ED FB 20 

00 00 1B 00 FD 89 3A 00 00 00 00 00 00 00 00 00 00 00 00 00 00 00 00 00 00 A7 D5   // передача: 27 байт; 17:00:39:067 28.06.2020
// приём по количеству байт: 9 из 9
// принято с порта: 9 байт

01 00 09 00 FD 00 00 46 31   // прием: 9 байт; 17:00:39:121 28.06.2020
// таймаут: 54 мсек

Запись адресов и паролей: 93 %

CA E0 EB FE EC ED FB 20 

00 00 1B 00 FD 89 3B 00 00 00 00 00 00 00 00 00 00 00 00 00 00 00 00 00 00 9A 29   // передача: 27 байт; 17:00:39:122 28.06.2020
// приём по количеству байт: 9 из 9
// принято с порта: 9 байт

01 00 09 00 FD 00 00 46 31   // прием: 9 байт; 17:00:39:175 28.06.2020
// таймаут: 53 мсек

Запись адресов и паролей: 95 %

CA E0 EB FE EC ED FB 20 

00 00 1B 00 FD 89 3C 00 00 00 00 00 00 00 00 00 00 00 00 00 00 00 00 00 00 2F 5D   // передача: 27 байт; 17:00:39:176 28.06.2020
// приём по количеству байт: 9 из 9
// принято с порта: 9 байт

01 00 09 00 FD 00 00 46 31   // прием: 9 байт; 17:00:39:230 28.06.2020
// таймаут: 54 мсек

Запись адресов и паролей: 96 %

CA E0 EB FE EC ED FB 20 

00 00 1B 00 FD 89 3D 00 00 00 00 00 00 00 00 00 00 00 00 00 00 00 00 00 00 12 A1   // передача: 27 байт; 17:00:39:231 28.06.2020
// приём по количеству байт: 9 из 9
// принято с порта: 9 байт

01 00 09 00 FD 00 00 46 31   // прием: 9 байт; 17:00:39:270 28.06.2020
// таймаут: 39 мсек

Запись адресов и паролей: 98 %

CA E0 EB FE EC ED FB 20 

00 00 1B 00 FD 89 3E 00 00 00 00 00 00 00 00 00 00 00 00 00 00 00 00 00 00 56 E5   // передача: 27 байт; 17:00:39:270 28.06.2020
// приём по количеству байт: 9 из 9
// принято с порта: 9 байт

01 00 09 00 FD 00 00 46 31   // прием: 9 байт; 17:00:39:333 28.06.2020
// таймаут: 63 мсек

Запись адресов и паролей: 100 %

CA E0 EB FE EC ED FB 20 

00 00 1B 00 FD 89 3F 00 00 00 00 00 00 00 00 00 00 00 00 00 00 00 00 00 00 6B 19   // передача: 27 байт; 17:00:39:333 28.06.2020
// приём по количеству байт: 9 из 9
// принято с порта: 9 байт

01 00 09 00 FD 00 00 46 31   // прием: 9 байт; 17:00:39:395 28.06.2020
// таймаут: 62 мсек


// О программе
