
CA E0 EB FE EC ED FB 20 

00 00 08 00 FF 15 82 44   // передача: 8 байт; 20:02:46:968 24.12.2019
// приём по таймауту: 1000 мс
// принято с порта: 0 байт
повтор: 1

CA E0 EB FE EC ED FB 20 

00 00 08 00 FF 15 82 44   // передача: 8 байт; 20:02:47:968 24.12.2019
// приём по таймауту: 1000 мс
// принято с порта: 0 байт
повтор: 2

CA E0 EB FE EC ED FB 20 

00 00 08 00 FF 15 82 44   // передача: 8 байт; 20:02:48:968 24.12.2019
// приём по таймауту: 1000 мс
// принято с порта: 0 байт
повтор: 3

CA E0 EB FE EC ED FB 20 

00 00 08 00 FF 15 82 44   // передача: 8 байт; 20:02:49:968 24.12.2019
// приём по таймауту: 1000 мс
// принято с порта: 0 байт
повтор: 4

CA E0 EB FE EC ED FB 20 

00 00 08 00 FF 15 82 44   // передача: 8 байт; 20:02:50:968 24.12.2019

// О программе
