
CA E0 EB FE EC ED FB 20 

01 00 07 00 F7 E9 87   // передача: 7 байт; 21:06:17:682 09.03.2018
// приём по количеству байт: 39 из 39
// принято с порта: 39 байт

01 00 27 00 F7 20 31 39 3A 30 30 20 30 39 2E 30 33 2E 31 38 20 20 32 31 3A 30 35 20 30 39 2E 30 33 2E 31 38 20 5C F2   // прием: 39 байт; 21:06:17:852 09.03.2018
// таймаут: 170 мсек

 19:00 09.03.18 
 21:05 09.03.18 

CA E0 EB FE EC ED FB 20 

01 00 07 00 F7 E9 87   // передача: 7 байт; 21:06:19:007 09.03.2018
// приём по количеству байт: 39 из 39
// принято с порта: 39 байт

01 00 27 00 F7 20 32 31 3A 30 30 20 30 39 2E 30 33 2E 31 38 20 20 32 31 3A 30 35 20 30 39 2E 30 33 2E 31 38 20 E2 F3   // прием: 39 байт; 21:06:19:408 09.03.2018
// таймаут: 401 мсек

 21:00 09.03.18 
 21:05 09.03.18 

CA E0 EB FE EC ED FB 20 

01 00 07 00 F7 E9 87   // передача: 7 байт; 21:06:19:912 09.03.2018

CA E0 EB FE EC ED FB 20 

01 00 07 00 F7 E9 87   // передача: 7 байт; 21:06:20:692 09.03.2018
// приём по количеству байт: 39 из 39
// принято с порта: 39 байт

01 00 27 00 F7 D0 E0 E1 EE F2 E0 20 20 20 20 20 20 20 20 20 20 20 20 20 20 20 20 20 20 20 20 20 20 20 20 20 20 D5 94   // прием: 39 байт; 21:06:20:762 09.03.2018
// таймаут: 70 мсек

Работа          
                

// О программе
