
CA E0 EB FE EC ED FB 20 

01 00 07 00 F7 E9 87   // передача: 7 байт; 09:03:17:278 09.03.2018
// приём по количеству байт: 39 из 39
// принято с порта: 39 байт

01 00 27 00 F7 D2 E5 EA F3 F9 E5 E5 20 E2 F0 E5 EC FF 20 20 20 20 20 20 20 30 39 3A 30 32 3A 35 36 00 20 20 20 A8 B0   // прием: 39 байт; 09:03:17:338 09.03.2018
// таймаут: 60 мсек

Текущее время   
    09:02:56    

CA E0 EB FE EC ED FB 20 

01 00 07 00 F7 E9 87   // передача: 7 байт; 09:03:25:148 09.03.2018
// приём по количеству байт: 39 из 39
// принято с порта: 39 байт

01 00 27 00 F7 D0 E0 E1 EE F2 E0 20 20 20 20 20 20 20 20 20 20 20 20 20 20 20 20 20 CE CA 20 20 20 20 20 20 20 DE 07   // прием: 39 байт; 09:03:25:218 09.03.2018
// таймаут: 70 мсек

Работа          
       ОК       

CA E0 EB FE EC ED FB 20 

01 00 08 00 F6 0C 44 0F   // передача: 8 байт; 09:03:27:838 09.03.2018
// приём по количеству байт: 9 из 9
// принято с порта: 9 байт

01 00 09 00 F6 00 00 37 F3   // прием: 9 байт; 09:03:27:868 09.03.2018
// таймаут: 30 мсек


CA E0 EB FE EC ED FB 20 

01 00 07 00 F7 E9 87   // передача: 7 байт; 09:03:27:868 09.03.2018
// приём по количеству байт: 39 из 39
// принято с порта: 39 байт

01 00 27 00 F7 CF F0 EE E3 F0 E0 EC EC E0 20 3F 20 20 20 20 20 3E 5F 5F 5F 20 20 20 20 20 20 20 20 20 20 20 20 5B EF   // прием: 39 байт; 09:03:27:938 09.03.2018
// таймаут: 70 мсек

Программа ?     
>___            

CA E0 EB FE EC ED FB 20 

01 00 08 00 F6 01 85 CA   // передача: 8 байт; 09:03:28:638 09.03.2018
// приём по количеству байт: 9 из 9
// принято с порта: 9 байт

01 00 09 00 F6 00 00 37 F3   // прием: 9 байт; 09:03:28:668 09.03.2018
// таймаут: 30 мсек


CA E0 EB FE EC ED FB 20 

01 00 07 00 F7 E9 87   // передача: 7 байт; 09:03:28:668 09.03.2018
// приём по количеству байт: 39 из 39
// принято с порта: 39 байт

01 00 27 00 F7 CF F0 EE E3 F0 E0 EC EC E0 20 3F 20 20 20 20 20 3E 5F 5F 31 20 20 20 20 20 20 20 20 20 20 20 20 CC C1   // прием: 39 байт; 09:03:28:738 09.03.2018
// таймаут: 70 мсек

Программа ?     
>__1            

CA E0 EB FE EC ED FB 20 

01 00 08 00 F6 0D 85 CF   // передача: 8 байт; 09:03:29:248 09.03.2018
// приём по количеству байт: 9 из 9
// принято с порта: 9 байт

01 00 09 00 F6 00 00 37 F3   // прием: 9 байт; 09:03:29:288 09.03.2018
// таймаут: 40 мсек


CA E0 EB FE EC ED FB 20 

01 00 07 00 F7 E9 87   // передача: 7 байт; 09:03:29:288 09.03.2018
// приём по количеству байт: 39 из 39
// принято с порта: 39 байт

01 00 27 00 F7 D2 E5 EA F3 F9 E5 E5 20 E2 F0 E5 EC FF 20 20 20 20 20 20 20 30 39 3A 30 33 3A 30 38 00 20 20 20 00 E8   // прием: 39 байт; 09:03:29:358 09.03.2018
// таймаут: 70 мсек

Текущее время   
    09:03:08    

CA E0 EB FE EC ED FB 20 

01 00 07 00 F7 E9 87   // передача: 7 байт; 09:03:30:768 09.03.2018
// приём по количеству байт: 39 из 39
// принято с порта: 39 байт

01 00 27 00 F7 D2 E5 EA F3 F9 E5 E5 20 E2 F0 E5 EC FF 20 20 20 20 20 20 20 30 39 3A 30 33 3A 30 39 00 20 20 20 3D 28   // прием: 39 байт; 09:03:30:838 09.03.2018
// таймаут: 70 мсек

Текущее время   
    09:03:09    

CA E0 EB FE EC ED FB 20 

01 00 07 00 F7 E9 87   // передача: 7 байт; 09:03:31:362 09.03.2018
// приём по количеству байт: 39 из 39
// принято с порта: 39 байт

01 00 27 00 F7 D2 E5 EA F3 F9 E5 E5 20 E2 F0 E5 EC FF 20 20 20 20 20 20 20 30 39 3A 30 33 3A 31 30 00 20 20 20 E0 F8   // прием: 39 байт; 09:03:31:418 09.03.2018
// таймаут: 56 мсек

Текущее время   
    09:03:10    

CA E0 EB FE EC ED FB 20 

01 00 07 00 F7 E9 87   // передача: 7 байт; 09:03:31:938 09.03.2018
// приём по количеству байт: 39 из 39
// принято с порта: 39 байт

01 00 27 00 F7 D2 E5 EA F3 F9 E5 E5 20 E2 F0 E5 EC FF 20 20 20 20 20 20 20 30 39 3A 30 33 3A 31 31 00 20 20 20 DD 38   // прием: 39 байт; 09:03:31:998 09.03.2018
// таймаут: 60 мсек

Текущее время   
    09:03:11    

CA E0 EB FE EC ED FB 20 

01 00 07 00 F7 E9 87   // передача: 7 байт; 09:03:32:518 09.03.2018
// приём по количеству байт: 39 из 39
// принято с порта: 39 байт

01 00 27 00 F7 D2 E5 EA F3 F9 E5 E5 20 E2 F0 E5 EC FF 20 20 20 20 20 20 20 30 39 3A 30 33 3A 31 31 00 20 20 20 DD 38   // прием: 39 байт; 09:03:32:578 09.03.2018
// таймаут: 60 мсек

Текущее время   
    09:03:11    

CA E0 EB FE EC ED FB 20 

01 00 07 00 F7 E9 87   // передача: 7 байт; 09:03:33:078 09.03.2018
// приём по количеству байт: 39 из 39
// принято с порта: 39 байт

01 00 27 00 F7 D2 E5 EA F3 F9 E5 E5 20 E2 F0 E5 EC FF 20 20 20 20 20 20 20 30 39 3A 30 33 3A 31 32 00 20 20 20 99 38   // прием: 39 байт; 09:03:33:138 09.03.2018
// таймаут: 60 мсек

Текущее время   
    09:03:12    

CA E0 EB FE EC ED FB 20 

01 00 07 00 F7 E9 87   // передача: 7 байт; 09:03:33:651 09.03.2018
// приём по количеству байт: 39 из 39
// принято с порта: 39 байт

01 00 27 00 F7 D2 E5 EA F3 F9 E5 E5 20 E2 F0 E5 EC FF 20 20 20 20 20 20 20 30 39 3A 30 33 3A 31 32 00 20 20 20 99 38   // прием: 39 байт; 09:03:33:708 09.03.2018
// таймаут: 57 мсек

Текущее время   
    09:03:12    

CA E0 EB FE EC ED FB 20 

01 00 07 00 F7 E9 87   // передача: 7 байт; 09:03:34:228 09.03.2018
// приём по количеству байт: 39 из 39
// принято с порта: 39 байт

01 00 27 00 F7 D2 E5 EA F3 F9 E5 E5 20 E2 F0 E5 EC FF 20 20 20 20 20 20 20 30 39 3A 30 33 3A 31 33 00 20 20 20 A4 F8   // прием: 39 байт; 09:03:34:288 09.03.2018
// таймаут: 60 мсек

Текущее время   
    09:03:13    

CA E0 EB FE EC ED FB 20 

01 00 07 00 F7 E9 87   // передача: 7 байт; 09:03:34:798 09.03.2018
// приём по количеству байт: 39 из 39
// принято с порта: 39 байт

01 00 27 00 F7 D2 E5 EA F3 F9 E5 E5 20 E2 F0 E5 EC FF 20 20 20 20 20 20 20 30 39 3A 30 33 3A 31 33 00 20 20 20 A4 F8   // прием: 39 байт; 09:03:34:858 09.03.2018
// таймаут: 60 мсек

Текущее время   
    09:03:13    

CA E0 EB FE EC ED FB 20 

01 00 07 00 F7 E9 87   // передача: 7 байт; 09:03:35:367 09.03.2018
// приём по количеству байт: 39 из 39
// принято с порта: 39 байт

01 00 27 00 F7 D2 E5 EA F3 F9 E5 E5 20 E2 F0 E5 EC FF 20 20 20 20 20 20 20 30 39 3A 30 33 3A 31 34 00 20 20 20 11 38   // прием: 39 байт; 09:03:35:428 09.03.2018
// таймаут: 61 мсек

Текущее время   
    09:03:14    

CA E0 EB FE EC ED FB 20 

01 00 07 00 F7 E9 87   // передача: 7 байт; 09:03:35:928 09.03.2018
// приём по количеству байт: 39 из 39
// принято с порта: 39 байт

01 00 27 00 F7 D2 E5 EA F3 F9 E5 E5 20 E2 F0 E5 EC FF 20 20 20 20 20 20 20 30 39 3A 30 33 3A 31 35 00 20 20 20 2C F8   // прием: 39 байт; 09:03:35:988 09.03.2018
// таймаут: 60 мсек

Текущее время   
    09:03:15    

CA E0 EB FE EC ED FB 20 

01 00 07 00 F7 E9 87   // передача: 7 байт; 09:03:36:498 09.03.2018
// приём по количеству байт: 39 из 39
// принято с порта: 39 байт

01 00 27 00 F7 D2 E5 EA F3 F9 E5 E5 20 E2 F0 E5 EC FF 20 20 20 20 20 20 20 30 39 3A 30 33 3A 31 35 00 20 20 20 2C F8   // прием: 39 байт; 09:03:36:558 09.03.2018
// таймаут: 60 мсек

Текущее время   
    09:03:15    

CA E0 EB FE EC ED FB 20 

01 00 07 00 F7 E9 87   // передача: 7 байт; 09:03:37:060 09.03.2018
// приём по количеству байт: 39 из 39
// принято с порта: 39 байт

01 00 27 00 F7 D2 E5 EA F3 F9 E5 E5 20 E2 F0 E5 EC FF 20 20 20 20 20 20 20 30 39 3A 30 33 3A 31 36 00 20 20 20 68 F8   // прием: 39 байт; 09:03:37:120 09.03.2018
// таймаут: 60 мсек

Текущее время   
    09:03:16    

CA E0 EB FE EC ED FB 20 

01 00 07 00 F7 E9 87   // передача: 7 байт; 09:03:37:628 09.03.2018
// приём по количеству байт: 39 из 39
// принято с порта: 39 байт

01 00 27 00 F7 D2 E5 EA F3 F9 E5 E5 20 E2 F0 E5 EC FF 20 20 20 20 20 20 20 30 39 3A 30 33 3A 31 36 00 20 20 20 68 F8   // прием: 39 байт; 09:03:37:688 09.03.2018
// таймаут: 60 мсек

Текущее время   
    09:03:16    

CA E0 EB FE EC ED FB 20 

01 00 07 00 F7 E9 87   // передача: 7 байт; 09:03:38:198 09.03.2018
// приём по количеству байт: 39 из 39
// принято с порта: 39 байт

01 00 27 00 F7 D2 E5 EA F3 F9 E5 E5 20 E2 F0 E5 EC FF 20 20 20 20 20 20 20 30 39 3A 30 33 3A 31 37 00 20 20 20 55 38   // прием: 39 байт; 09:03:38:258 09.03.2018
// таймаут: 60 мсек

Текущее время   
    09:03:17    

CA E0 EB FE EC ED FB 20 

01 00 07 00 F7 E9 87   // передача: 7 байт; 09:03:38:768 09.03.2018
// приём по количеству байт: 39 из 39
// принято с порта: 39 байт

01 00 27 00 F7 D2 E5 EA F3 F9 E5 E5 20 E2 F0 E5 EC FF 20 20 20 20 20 20 20 30 39 3A 30 33 3A 31 37 00 20 20 20 55 38   // прием: 39 байт; 09:03:38:828 09.03.2018
// таймаут: 60 мсек

Текущее время   
    09:03:17    

CA E0 EB FE EC ED FB 20 

01 00 07 00 F7 E9 87   // передача: 7 байт; 09:03:39:328 09.03.2018
// приём по количеству байт: 39 из 39
// принято с порта: 39 байт

01 00 27 00 F7 D2 E5 EA F3 F9 E5 E5 20 E2 F0 E5 EC FF 20 20 20 20 20 20 20 30 39 3A 30 33 3A 31 38 00 20 20 20 01 39   // прием: 39 байт; 09:03:39:388 09.03.2018
// таймаут: 60 мсек

Текущее время   
    09:03:18    

CA E0 EB FE EC ED FB 20 

01 00 07 00 F7 E9 87   // передача: 7 байт; 09:03:39:898 09.03.2018
// приём по количеству байт: 39 из 39
// принято с порта: 39 байт

01 00 27 00 F7 D2 E5 EA F3 F9 E5 E5 20 E2 F0 E5 EC FF 20 20 20 20 20 20 20 30 39 3A 30 33 3A 31 39 00 20 20 20 3C F9   // прием: 39 байт; 09:03:39:958 09.03.2018
// таймаут: 60 мсек

Текущее время   
    09:03:19    

CA E0 EB FE EC ED FB 20 

01 00 07 00 F7 E9 87   // передача: 7 байт; 09:03:40:468 09.03.2018
// приём по количеству байт: 39 из 39
// принято с порта: 39 байт

01 00 27 00 F7 D2 E5 EA F3 F9 E5 E5 20 E2 F0 E5 EC FF 20 20 20 20 20 20 20 30 39 3A 30 33 3A 31 39 00 20 20 20 3C F9   // прием: 39 байт; 09:03:40:528 09.03.2018
// таймаут: 60 мсек

Текущее время   
    09:03:19    

CA E0 EB FE EC ED FB 20 

01 00 07 00 F7 E9 87   // передача: 7 байт; 09:03:41:038 09.03.2018
// приём по количеству байт: 39 из 39
// принято с порта: 39 байт

01 00 27 00 F7 D2 E5 EA F3 F9 E5 E5 20 E2 F0 E5 EC FF 20 20 20 20 20 20 20 30 39 3A 30 33 3A 32 30 00 20 20 20 E0 CB   // прием: 39 байт; 09:03:41:098 09.03.2018
// таймаут: 60 мсек

Текущее время   
    09:03:20    

CA E0 EB FE EC ED FB 20 

01 00 07 00 F7 E9 87   // передача: 7 байт; 09:03:41:608 09.03.2018
// приём по количеству байт: 39 из 39
// принято с порта: 39 байт

01 00 27 00 F7 D2 E5 EA F3 F9 E5 E5 20 E2 F0 E5 EC FF 20 20 20 20 20 20 20 30 39 3A 30 33 3A 32 30 00 20 20 20 E0 CB   // прием: 39 байт; 09:03:41:668 09.03.2018
// таймаут: 60 мсек

Текущее время   
    09:03:20    

CA E0 EB FE EC ED FB 20 

01 00 07 00 F7 E9 87   // передача: 7 байт; 09:03:42:168 09.03.2018
// приём по количеству байт: 39 из 39
// принято с порта: 39 байт

01 00 27 00 F7 D2 E5 EA F3 F9 E5 E5 20 E2 F0 E5 EC FF 20 20 20 20 20 20 20 30 39 3A 30 33 3A 32 31 00 20 20 20 DD 0B   // прием: 39 байт; 09:03:42:228 09.03.2018
// таймаут: 60 мсек

Текущее время   
    09:03:21    

CA E0 EB FE EC ED FB 20 

01 00 07 00 F7 E9 87   // передача: 7 байт; 09:03:42:728 09.03.2018
// приём по количеству байт: 39 из 39
// принято с порта: 39 байт

01 00 27 00 F7 D2 E5 EA F3 F9 E5 E5 20 E2 F0 E5 EC FF 20 20 20 20 20 20 20 30 39 3A 30 33 3A 32 31 00 20 20 20 DD 0B   // прием: 39 байт; 09:03:42:788 09.03.2018
// таймаут: 60 мсек

Текущее время   
    09:03:21    

CA E0 EB FE EC ED FB 20 

01 00 07 00 F7 E9 87   // передача: 7 байт; 09:03:43:293 09.03.2018
// приём по количеству байт: 39 из 39
// принято с порта: 39 байт

01 00 27 00 F7 D2 E5 EA F3 F9 E5 E5 20 E2 F0 E5 EC FF 20 20 20 20 20 20 20 30 39 3A 30 33 3A 32 32 00 20 20 20 99 0B   // прием: 39 байт; 09:03:43:353 09.03.2018
// таймаут: 60 мсек

Текущее время   
    09:03:22    

// О программе
