
CA E0 EB FE EC ED FB 20 

01 00 07 00 F7 E9 87   // передача: 7 байт; 09:02:43:948 09.03.2018
// приём по количеству байт: 39 из 39
// принято с порта: 39 байт

01 00 27 00 F7 D2 E5 EA F3 F9 E5 E5 20 E2 F0 E5 EC FF 20 20 20 20 20 20 20 30 39 3A 30 32 3A 32 33 00 20 20 20 65 07   // прием: 39 байт; 09:02:44:018 09.03.2018
// таймаут: 70 мсек

Текущее время   
    09:02:23    

CA E0 EB FE EC ED FB 20 

01 00 07 00 F7 E9 87   // передача: 7 байт; 09:02:44:628 09.03.2018
// приём по количеству байт: 39 из 39
// принято с порта: 39 байт

01 00 27 00 F7 D2 E5 EA F3 F9 E5 E5 20 E2 F0 E5 EC FF 20 20 20 20 20 20 20 30 39 3A 30 32 3A 32 33 00 20 20 20 65 07   // прием: 39 байт; 09:02:44:698 09.03.2018
// таймаут: 70 мсек

Текущее время   
    09:02:23    

CA E0 EB FE EC ED FB 20 

01 00 07 00 F7 E9 87   // передача: 7 байт; 09:02:45:828 09.03.2018
// приём по количеству байт: 39 из 39
// принято с порта: 39 байт

01 00 27 00 F7 D2 E5 EA F3 F9 E5 E5 20 E2 F0 E5 EC FF 20 20 20 20 20 20 20 30 39 3A 30 32 3A 32 35 00 20 20 20 ED 07   // прием: 39 байт; 09:02:45:888 09.03.2018
// таймаут: 60 мсек

Текущее время   
    09:02:25    

CA E0 EB FE EC ED FB 20 

01 00 07 00 F7 E9 87   // передача: 7 байт; 09:02:46:398 09.03.2018
// приём по количеству байт: 39 из 39
// принято с порта: 39 байт

01 00 27 00 F7 D2 E5 EA F3 F9 E5 E5 20 E2 F0 E5 EC FF 20 20 20 20 20 20 20 30 39 3A 30 32 3A 32 35 00 20 20 20 ED 07   // прием: 39 байт; 09:02:46:458 09.03.2018
// таймаут: 60 мсек

Текущее время   
    09:02:25    

CA E0 EB FE EC ED FB 20 

01 00 07 00 F7 E9 87   // передача: 7 байт; 09:02:46:968 09.03.2018
// приём по количеству байт: 39 из 39
// принято с порта: 39 байт

01 00 27 00 F7 D2 E5 EA F3 F9 E5 E5 20 E2 F0 E5 EC FF 20 20 20 20 20 20 20 30 39 3A 30 32 3A 32 36 00 20 20 20 A9 07   // прием: 39 байт; 09:02:47:028 09.03.2018
// таймаут: 60 мсек

Текущее время   
    09:02:26    

CA E0 EB FE EC ED FB 20 

01 00 07 00 F7 E9 87   // передача: 7 байт; 09:02:47:538 09.03.2018
// приём по количеству байт: 39 из 39
// принято с порта: 39 байт

01 00 27 00 F7 D2 E5 EA F3 F9 E5 E5 20 E2 F0 E5 EC FF 20 20 20 20 20 20 20 30 39 3A 30 32 3A 32 36 00 20 20 20 A9 07   // прием: 39 байт; 09:02:47:598 09.03.2018
// таймаут: 60 мсек

Текущее время   
    09:02:26    

CA E0 EB FE EC ED FB 20 

01 00 07 00 F7 E9 87   // передача: 7 байт; 09:02:48:098 09.03.2018
// приём по количеству байт: 39 из 39
// принято с порта: 39 байт

01 00 27 00 F7 D2 E5 EA F3 F9 E5 E5 20 E2 F0 E5 EC FF 20 20 20 20 20 20 20 30 39 3A 30 32 3A 32 37 00 20 20 20 94 C7   // прием: 39 байт; 09:02:48:158 09.03.2018
// таймаут: 60 мсек

Текущее время   
    09:02:27    

CA E0 EB FE EC ED FB 20 

01 00 07 00 F7 E9 87   // передача: 7 байт; 09:02:48:654 09.03.2018
// приём по количеству байт: 39 из 39
// принято с порта: 39 байт

01 00 27 00 F7 D2 E5 EA F3 F9 E5 E5 20 E2 F0 E5 EC FF 20 20 20 20 20 20 20 30 39 3A 30 32 3A 32 37 00 20 20 20 94 C7   // прием: 39 байт; 09:02:48:718 09.03.2018
// таймаут: 64 мсек

Текущее время   
    09:02:27    

CA E0 EB FE EC ED FB 20 

01 00 07 00 F7 E9 87   // передача: 7 байт; 09:02:49:225 09.03.2018
// приём по количеству байт: 39 из 39
// принято с порта: 39 байт

01 00 27 00 F7 D2 E5 EA F3 F9 E5 E5 20 E2 F0 E5 EC FF 20 20 20 20 20 20 20 30 39 3A 30 32 3A 32 38 00 20 20 20 C0 C6   // прием: 39 байт; 09:02:49:285 09.03.2018
// таймаут: 60 мсек

Текущее время   
    09:02:28    

CA E0 EB FE EC ED FB 20 

01 00 07 00 F7 E9 87   // передача: 7 байт; 09:02:49:808 09.03.2018
// приём по количеству байт: 39 из 39
// принято с порта: 39 байт

01 00 27 00 F7 D2 E5 EA F3 F9 E5 E5 20 E2 F0 E5 EC FF 20 20 20 20 20 20 20 30 39 3A 30 32 3A 32 38 00 20 20 20 C0 C6   // прием: 39 байт; 09:02:49:868 09.03.2018
// таймаут: 60 мсек

Текущее время   
    09:02:28    

CA E0 EB FE EC ED FB 20 

01 00 07 00 F7 E9 87   // передача: 7 байт; 09:02:50:365 09.03.2018
// приём по количеству байт: 39 из 39
// принято с порта: 39 байт

01 00 27 00 F7 D2 E5 EA F3 F9 E5 E5 20 E2 F0 E5 EC FF 20 20 20 20 20 20 20 30 39 3A 30 32 3A 32 39 00 20 20 20 FD 06   // прием: 39 байт; 09:02:50:428 09.03.2018
// таймаут: 63 мсек

Текущее время   
    09:02:29    

CA E0 EB FE EC ED FB 20 

01 00 07 00 F7 E9 87   // передача: 7 байт; 09:02:50:938 09.03.2018
// приём по количеству байт: 39 из 39
// принято с порта: 39 байт

01 00 27 00 F7 D2 E5 EA F3 F9 E5 E5 20 E2 F0 E5 EC FF 20 20 20 20 20 20 20 30 39 3A 30 32 3A 33 30 00 20 20 20 20 D6   // прием: 39 байт; 09:02:50:998 09.03.2018
// таймаут: 60 мсек

Текущее время   
    09:02:30    

CA E0 EB FE EC ED FB 20 

01 00 07 00 F7 E9 87   // передача: 7 байт; 09:02:51:508 09.03.2018
// приём по количеству байт: 39 из 39
// принято с порта: 39 байт

01 00 27 00 F7 D2 E5 EA F3 F9 E5 E5 20 E2 F0 E5 EC FF 20 20 20 20 20 20 20 30 39 3A 30 32 3A 33 30 00 20 20 20 20 D6   // прием: 39 байт; 09:02:51:568 09.03.2018
// таймаут: 60 мсек

Текущее время   
    09:02:30    

CA E0 EB FE EC ED FB 20 

01 00 07 00 F7 E9 87   // передача: 7 байт; 09:02:52:078 09.03.2018
// приём по количеству байт: 39 из 39
// принято с порта: 39 байт

01 00 27 00 F7 D2 E5 EA F3 F9 E5 E5 20 E2 F0 E5 EC FF 20 20 20 20 20 20 20 30 39 3A 30 32 3A 33 31 00 20 20 20 1D 16   // прием: 39 байт; 09:02:52:138 09.03.2018
// таймаут: 60 мсек

Текущее время   
    09:02:31    

CA E0 EB FE EC ED FB 20 

01 00 07 00 F7 E9 87   // передача: 7 байт; 09:02:52:638 09.03.2018
// приём по количеству байт: 39 из 39
// принято с порта: 39 байт

01 00 27 00 F7 D2 E5 EA F3 F9 E5 E5 20 E2 F0 E5 EC FF 20 20 20 20 20 20 20 30 39 3A 30 32 3A 33 31 00 20 20 20 1D 16   // прием: 39 байт; 09:02:52:698 09.03.2018
// таймаут: 60 мсек

Текущее время   
    09:02:31    

CA E0 EB FE EC ED FB 20 

01 00 07 00 F7 E9 87   // передача: 7 байт; 09:02:53:208 09.03.2018
// приём по количеству байт: 39 из 39
// принято с порта: 39 байт

01 00 27 00 F7 D2 E5 EA F3 F9 E5 E5 20 E2 F0 E5 EC FF 20 20 20 20 20 20 20 30 39 3A 30 32 3A 33 32 00 20 20 20 59 16   // прием: 39 байт; 09:02:53:268 09.03.2018
// таймаут: 60 мсек

Текущее время   
    09:02:32    

CA E0 EB FE EC ED FB 20 

01 00 07 00 F7 E9 87   // передача: 7 байт; 09:02:53:778 09.03.2018
// приём по количеству байт: 39 из 39
// принято с порта: 39 байт

01 00 27 00 F7 D2 E5 EA F3 F9 E5 E5 20 E2 F0 E5 EC FF 20 20 20 20 20 20 20 30 39 3A 30 32 3A 33 32 00 20 20 20 59 16   // прием: 39 байт; 09:02:53:838 09.03.2018
// таймаут: 60 мсек

Текущее время   
    09:02:32    

CA E0 EB FE EC ED FB 20 

01 00 07 00 F7 E9 87   // передача: 7 байт; 09:02:54:338 09.03.2018
// приём по количеству байт: 39 из 39
// принято с порта: 39 байт

01 00 27 00 F7 D2 E5 EA F3 F9 E5 E5 20 E2 F0 E5 EC FF 20 20 20 20 20 20 20 30 39 3A 30 32 3A 33 33 00 20 20 20 64 D6   // прием: 39 байт; 09:02:54:398 09.03.2018
// таймаут: 60 мсек

Текущее время   
    09:02:33    

CA E0 EB FE EC ED FB 20 

01 00 07 00 F7 E9 87   // передача: 7 байт; 09:02:54:898 09.03.2018
// приём по количеству байт: 39 из 39
// принято с порта: 39 байт

01 00 27 00 F7 D2 E5 EA F3 F9 E5 E5 20 E2 F0 E5 EC FF 20 20 20 20 20 20 20 30 39 3A 30 32 3A 33 34 00 20 20 20 D1 16   // прием: 39 байт; 09:02:54:958 09.03.2018
// таймаут: 60 мсек

Текущее время   
    09:02:34    

CA E0 EB FE EC ED FB 20 

01 00 07 00 F7 E9 87   // передача: 7 байт; 09:02:55:468 09.03.2018
// приём по количеству байт: 39 из 39
// принято с порта: 39 байт

01 00 27 00 F7 D2 E5 EA F3 F9 E5 E5 20 E2 F0 E5 EC FF 20 20 20 20 20 20 20 30 39 3A 30 32 3A 33 34 00 20 20 20 D1 16   // прием: 39 байт; 09:02:55:528 09.03.2018
// таймаут: 60 мсек

Текущее время   
    09:02:34    

CA E0 EB FE EC ED FB 20 

01 00 07 00 F7 E9 87   // передача: 7 байт; 09:02:56:048 09.03.2018
// приём по количеству байт: 39 из 39
// принято с порта: 39 байт

01 00 27 00 F7 D2 E5 EA F3 F9 E5 E5 20 E2 F0 E5 EC FF 20 20 20 20 20 20 20 30 39 3A 30 32 3A 33 35 00 20 20 20 EC D6   // прием: 39 байт; 09:02:56:108 09.03.2018
// таймаут: 60 мсек

Текущее время   
    09:02:35    

CA E0 EB FE EC ED FB 20 

01 00 07 00 F7 E9 87   // передача: 7 байт; 09:02:56:608 09.03.2018
// приём по количеству байт: 39 из 39
// принято с порта: 39 байт

01 00 27 00 F7 D2 E5 EA F3 F9 E5 E5 20 E2 F0 E5 EC FF 20 20 20 20 20 20 20 30 39 3A 30 32 3A 33 35 00 20 20 20 EC D6   // прием: 39 байт; 09:02:56:668 09.03.2018
// таймаут: 60 мсек

Текущее время   
    09:02:35    

CA E0 EB FE EC ED FB 20 

01 00 07 00 F7 E9 87   // передача: 7 байт; 09:02:57:178 09.03.2018
// приём по количеству байт: 39 из 39
// принято с порта: 39 байт

01 00 27 00 F7 D2 E5 EA F3 F9 E5 E5 20 E2 F0 E5 EC FF 20 20 20 20 20 20 20 30 39 3A 30 32 3A 33 36 00 20 20 20 A8 D6   // прием: 39 байт; 09:02:57:238 09.03.2018
// таймаут: 60 мсек

Текущее время   
    09:02:36    

CA E0 EB FE EC ED FB 20 

01 00 07 00 F7 E9 87   // передача: 7 байт; 09:02:57:748 09.03.2018
// приём по количеству байт: 39 из 39
// принято с порта: 39 байт

01 00 27 00 F7 D2 E5 EA F3 F9 E5 E5 20 E2 F0 E5 EC FF 20 20 20 20 20 20 20 30 39 3A 30 32 3A 33 36 00 20 20 20 A8 D6   // прием: 39 байт; 09:02:57:808 09.03.2018
// таймаут: 60 мсек

Текущее время   
    09:02:36    

CA E0 EB FE EC ED FB 20 

01 00 07 00 F7 E9 87   // передача: 7 байт; 09:02:58:318 09.03.2018
// приём по количеству байт: 39 из 39
// принято с порта: 39 байт

01 00 27 00 F7 D2 E5 EA F3 F9 E5 E5 20 E2 F0 E5 EC FF 20 20 20 20 20 20 20 30 39 3A 30 32 3A 33 37 00 20 20 20 95 16   // прием: 39 байт; 09:02:58:378 09.03.2018
// таймаут: 60 мсек

Текущее время   
    09:02:37    

CA E0 EB FE EC ED FB 20 

01 00 07 00 F7 E9 87   // передача: 7 байт; 09:02:58:878 09.03.2018
// приём по количеству байт: 39 из 39
// принято с порта: 39 байт

01 00 27 00 F7 D2 E5 EA F3 F9 E5 E5 20 E2 F0 E5 EC FF 20 20 20 20 20 20 20 30 39 3A 30 32 3A 33 38 00 20 20 20 C1 17   // прием: 39 байт; 09:02:58:938 09.03.2018
// таймаут: 60 мсек

Текущее время   
    09:02:38    

CA E0 EB FE EC ED FB 20 

01 00 07 00 F7 E9 87   // передача: 7 байт; 09:02:59:448 09.03.2018
// приём по количеству байт: 39 из 39
// принято с порта: 39 байт

01 00 27 00 F7 D2 E5 EA F3 F9 E5 E5 20 E2 F0 E5 EC FF 20 20 20 20 20 20 20 30 39 3A 30 32 3A 33 38 00 20 20 20 C1 17   // прием: 39 байт; 09:02:59:508 09.03.2018
// таймаут: 60 мсек

Текущее время   
    09:02:38    

CA E0 EB FE EC ED FB 20 

01 00 07 00 F7 E9 87   // передача: 7 байт; 09:03:00:018 09.03.2018
// приём по количеству байт: 39 из 39
// принято с порта: 39 байт

01 00 27 00 F7 D2 E5 EA F3 F9 E5 E5 20 E2 F0 E5 EC FF 20 20 20 20 20 20 20 30 39 3A 30 32 3A 33 39 00 20 20 20 FC D7   // прием: 39 байт; 09:03:00:078 09.03.2018
// таймаут: 60 мсек

Текущее время   
    09:02:39    

CA E0 EB FE EC ED FB 20 

01 00 07 00 F7 E9 87   // передача: 7 байт; 09:03:00:578 09.03.2018
// приём по количеству байт: 39 из 39
// принято с порта: 39 байт

01 00 27 00 F7 D2 E5 EA F3 F9 E5 E5 20 E2 F0 E5 EC FF 20 20 20 20 20 20 20 30 39 3A 30 32 3A 33 39 00 20 20 20 FC D7   // прием: 39 байт; 09:03:00:638 09.03.2018
// таймаут: 60 мсек

Текущее время   
    09:02:39    

CA E0 EB FE EC ED FB 20 

01 00 07 00 F7 E9 87   // передача: 7 байт; 09:03:01:128 09.03.2018
// приём по количеству байт: 39 из 39
// принято с порта: 39 байт

01 00 27 00 F7 D2 E5 EA F3 F9 E5 E5 20 E2 F0 E5 EC FF 20 20 20 20 20 20 20 30 39 3A 30 32 3A 34 30 00 20 20 20 21 61   // прием: 39 байт; 09:03:01:188 09.03.2018
// таймаут: 60 мсек

Текущее время   
    09:02:40    

CA E0 EB FE EC ED FB 20 

01 00 07 00 F7 E9 87   // передача: 7 байт; 09:03:01:708 09.03.2018
// приём по количеству байт: 39 из 39
// принято с порта: 39 байт

01 00 27 00 F7 D2 E5 EA F3 F9 E5 E5 20 E2 F0 E5 EC FF 20 20 20 20 20 20 20 30 39 3A 30 32 3A 34 30 00 20 20 20 21 61   // прием: 39 байт; 09:03:01:768 09.03.2018
// таймаут: 60 мсек

Текущее время   
    09:02:40    

CA E0 EB FE EC ED FB 20 

01 00 07 00 F7 E9 87   // передача: 7 байт; 09:03:02:288 09.03.2018
// приём по количеству байт: 39 из 39
// принято с порта: 39 байт

01 00 27 00 F7 D2 E5 EA F3 F9 E5 E5 20 E2 F0 E5 EC FF 20 20 20 20 20 20 20 30 39 3A 30 32 3A 34 31 00 20 20 20 1C A1   // прием: 39 байт; 09:03:02:348 09.03.2018
// таймаут: 60 мсек

Текущее время   
    09:02:41    

CA E0 EB FE EC ED FB 20 

01 00 07 00 F7 E9 87   // передача: 7 байт; 09:03:02:848 09.03.2018
// приём по количеству байт: 39 из 39
// принято с порта: 39 байт

01 00 27 00 F7 D2 E5 EA F3 F9 E5 E5 20 E2 F0 E5 EC FF 20 20 20 20 20 20 20 30 39 3A 30 32 3A 34 32 00 20 20 20 58 A1   // прием: 39 байт; 09:03:02:908 09.03.2018
// таймаут: 60 мсек

Текущее время   
    09:02:42    

// О программе
