


1B 41   // передача: 2 байт; 09:17:05:558 09.03.2018
// приём по таймауту: 1000 мс
// принято с порта: 0 байт

CA E0 EB FE EC ED FB 20 

01 00 08 00 F6 0C 44 0F   // передача: 8 байт; 09:17:07:319 09.03.2018
// приём по количеству байт: 9 из 9
// принято с порта: 9 байт

01 00 09 00 F6 00 00 37 F3   // прием: 9 байт; 09:17:07:349 09.03.2018
// таймаут: 30 мсек


CA E0 EB FE EC ED FB 20 

01 00 07 00 F7 E9 87   // передача: 7 байт; 09:17:07:349 09.03.2018
// приём по количеству байт: 39 из 39
// принято с порта: 39 байт

01 00 27 00 F7 CF F0 EE E3 F0 E0 EC EC E0 20 3F 20 20 20 20 20 3E 5F 5F 5F 20 20 20 20 20 20 20 20 20 20 20 20 5B EF   // прием: 39 байт; 09:17:07:420 09.03.2018
// таймаут: 71 мсек

Программа ?     
>___            

CA E0 EB FE EC ED FB 20 

01 00 08 00 F6 0C 44 0F   // передача: 8 байт; 09:17:08:398 09.03.2018
// приём по количеству байт: 9 из 9
// принято с порта: 9 байт

01 00 09 00 F6 00 00 37 F3   // прием: 9 байт; 09:17:08:438 09.03.2018
// таймаут: 40 мсек


CA E0 EB FE EC ED FB 20 

01 00 07 00 F7 E9 87   // передача: 7 байт; 09:17:08:438 09.03.2018
// приём по количеству байт: 39 из 39
// принято с порта: 39 байт

01 00 27 00 F7 CF F0 EE E3 F0 E0 EC EC E0 20 3F 20 20 20 20 20 3E 5F 5F 5F 20 20 20 20 20 20 20 20 20 20 20 20 5B EF   // прием: 39 байт; 09:17:08:508 09.03.2018
// таймаут: 70 мсек

Программа ?     
>___            

CA E0 EB FE EC ED FB 20 

01 00 08 00 F6 08 45 CC   // передача: 8 байт; 09:17:09:948 09.03.2018
// приём по количеству байт: 9 из 9
// принято с порта: 9 байт

01 00 09 00 F6 00 00 37 F3   // прием: 9 байт; 09:17:09:978 09.03.2018
// таймаут: 30 мсек


CA E0 EB FE EC ED FB 20 

01 00 07 00 F7 E9 87   // передача: 7 байт; 09:17:09:978 09.03.2018
// приём по количеству байт: 39 из 39
// принято с порта: 39 байт

01 00 27 00 F7 CF F0 EE E3 F0 E0 EC EC E0 20 3F 20 20 20 20 20 3E 5F 5F 38 20 20 20 20 20 20 20 20 20 20 20 20 D1 08   // прием: 39 байт; 09:17:10:048 09.03.2018
// таймаут: 70 мсек

Программа ?     
>__8            

CA E0 EB FE EC ED FB 20 

01 00 08 00 F6 0C 44 0F   // передача: 8 байт; 09:17:11:328 09.03.2018
// приём по количеству байт: 9 из 9
// принято с порта: 9 байт

01 00 09 00 F6 00 00 37 F3   // прием: 9 байт; 09:17:11:368 09.03.2018
// таймаут: 40 мсек


CA E0 EB FE EC ED FB 20 

01 00 07 00 F7 E9 87   // передача: 7 байт; 09:17:11:368 09.03.2018
// приём по количеству байт: 39 из 39
// принято с порта: 39 байт

01 00 27 00 F7 CF F0 EE E3 F0 E0 EC EC E0 20 3F 20 20 20 20 20 3E 5F 5F 5F 20 20 20 20 20 20 20 20 20 20 20 20 5B EF   // прием: 39 байт; 09:17:11:429 09.03.2018
// таймаут: 61 мсек

Программа ?     
>___            

CA E0 EB FE EC ED FB 20 

01 00 08 00 F6 01 85 CA   // передача: 8 байт; 09:17:11:908 09.03.2018
// приём по количеству байт: 9 из 9
// принято с порта: 9 байт

01 00 09 00 F6 00 00 37 F3   // прием: 9 байт; 09:17:11:938 09.03.2018
// таймаут: 30 мсек


CA E0 EB FE EC ED FB 20 

01 00 07 00 F7 E9 87   // передача: 7 байт; 09:17:11:938 09.03.2018
// приём по количеству байт: 39 из 39
// принято с порта: 39 байт

01 00 27 00 F7 CF F0 EE E3 F0 E0 EC EC E0 20 3F 20 20 20 20 20 3E 5F 5F 31 20 20 20 20 20 20 20 20 20 20 20 20 CC C1   // прием: 39 байт; 09:17:12:008 09.03.2018
// таймаут: 70 мсек

Программа ?     
>__1            

CA E0 EB FE EC ED FB 20 

01 00 08 00 F6 09 84 0C   // передача: 8 байт; 09:17:12:468 09.03.2018
// приём по количеству байт: 9 из 9
// принято с порта: 9 байт

01 00 09 00 F6 00 00 37 F3   // прием: 9 байт; 09:17:12:498 09.03.2018
// таймаут: 30 мсек


CA E0 EB FE EC ED FB 20 

01 00 07 00 F7 E9 87   // передача: 7 байт; 09:17:12:498 09.03.2018
// приём по количеству байт: 39 из 39
// принято с порта: 39 байт

01 00 27 00 F7 CF F0 EE E3 F0 E0 EC EC E0 20 3F 20 20 20 20 20 3E 5F 31 39 20 20 20 20 20 20 20 20 20 20 20 20 BC 27   // прием: 39 байт; 09:17:12:568 09.03.2018
// таймаут: 70 мсек

Программа ?     
>_19            

CA E0 EB FE EC ED FB 20 

01 00 08 00 F6 00 44 0A   // передача: 8 байт; 09:17:13:018 09.03.2018
// приём по количеству байт: 9 из 9
// принято с порта: 9 байт

01 00 09 00 F6 00 00 37 F3   // прием: 9 байт; 09:17:13:048 09.03.2018
// таймаут: 30 мсек


CA E0 EB FE EC ED FB 20 

01 00 07 00 F7 E9 87   // передача: 7 байт; 09:17:13:058 09.03.2018
// приём по количеству байт: 39 из 39
// принято с порта: 39 байт

01 00 27 00 F7 CF F0 EE E3 F0 E0 EC EC E0 20 3F 20 20 20 20 20 3E 31 39 30 20 20 20 20 20 20 20 20 20 20 20 20 46 0A   // прием: 39 байт; 09:17:13:118 09.03.2018
// таймаут: 60 мсек

Программа ?     
>190            

CA E0 EB FE EC ED FB 20 

01 00 08 00 F6 0D 85 CF   // передача: 8 байт; 09:17:14:448 09.03.2018
// приём по количеству байт: 9 из 9
// принято с порта: 9 байт

01 00 09 00 F6 00 00 37 F3   // прием: 9 байт; 09:17:14:488 09.03.2018
// таймаут: 40 мсек


CA E0 EB FE EC ED FB 20 

01 00 07 00 F7 E9 87   // передача: 7 байт; 09:17:14:488 09.03.2018
// приём по количеству байт: 39 из 39
// принято с порта: 39 байт

01 00 27 00 F7 CA E0 ED E0 EB 3A 20 31 20 00 20 20 20 20 20 20 20 20 20 20 20 20 20 20 20 20 20 20 20 20 20 20 0D EE   // прием: 39 байт; 09:17:15:123 09.03.2018
// таймаут: 635 мсек

Канал: 1        
                

CA E0 EB FE EC ED FB 20 

01 00 07 00 F7 E9 87   // передача: 7 байт; 09:17:15:638 09.03.2018
// приём по таймауту: 1000 мс
// принято с порта: 0 байт
повтор: 1

CA E0 EB FE EC ED FB 20 

01 00 07 00 F7 E9 87   // передача: 7 байт; 09:17:16:651 09.03.2018
// приём по таймауту: 1000 мс
// принято с порта: 0 байт
повтор: 2

CA E0 EB FE EC ED FB 20 

01 00 07 00 F7 E9 87   // передача: 7 байт; 09:17:17:665 09.03.2018
// приём по таймауту: 1000 мс
// принято с порта: 0 байт
повтор: 3

CA E0 EB FE EC ED FB 20 

01 00 07 00 F7 E9 87   // передача: 7 байт; 09:17:18:678 09.03.2018
// приём по количеству байт: 39 из 39
// принято с порта: 39 байт

01 00 27 00 F7 CA E0 ED E0 EB 3A 20 31 20 00 20 20 20 20 20 20 20 20 20 20 20 20 20 20 20 20 20 20 20 20 20 20 0D EE   // прием: 39 байт; 09:17:18:808 09.03.2018
// таймаут: 130 мсек

Канал: 1        
                

CA E0 EB FE EC ED FB 20 

01 00 07 00 F7 E9 87   // передача: 7 байт; 09:17:19:318 09.03.2018
// приём по количеству байт: 39 из 39
// принято с порта: 39 байт

01 00 27 00 F7 CA E0 ED E0 EB 3A 20 31 20 00 20 20 20 20 20 20 20 EF EE E2 F2 EE F0 20 31 00 2E 2E 2E 20 20 20 37 C9   // прием: 39 байт; 09:17:19:618 09.03.2018
// таймаут: 300 мсек

Канал: 1        
 повтор 1 ...   

CA E0 EB FE EC ED FB 20 

01 00 07 00 F7 E9 87   // передача: 7 байт; 09:17:20:138 09.03.2018
// приём по таймауту: 1000 мс
// принято с порта: 0 байт
повтор: 1

CA E0 EB FE EC ED FB 20 

01 00 07 00 F7 E9 87   // передача: 7 байт; 09:17:21:148 09.03.2018
// приём по количеству байт: 39 из 39
// принято с порта: 39 байт

01 00 27 00 F7 CA E0 ED E0 EB 3A 20 31 20 00 20 20 20 20 20 20 20 EA EE F0 F0 E5 EA F6 E8 FF 3A 20 E5 F1 F2 FC 1B E3   // прием: 39 байт; 09:17:21:508 09.03.2018
// таймаут: 360 мсек

Канал: 1        
 коррекция: есть

CA E0 EB FE EC ED FB 20 

01 00 07 00 F7 E9 87   // передача: 7 байт; 09:17:22:008 09.03.2018
// приём по количеству байт: 39 из 39
// принято с порта: 39 байт

01 00 27 00 F7 CA E0 ED E0 EB 3A 20 31 20 00 20 20 20 20 20 20 20 EA EE F0 F0 E5 EA F6 E8 FF 3A 20 E5 F1 F2 FC 1B E3   // прием: 39 байт; 09:17:22:138 09.03.2018
// таймаут: 130 мсек

Канал: 1        
 коррекция: есть

CA E0 EB FE EC ED FB 20 

01 00 07 00 F7 E9 87   // передача: 7 байт; 09:17:22:638 09.03.2018
// приём по количеству байт: 39 из 39
// принято с порта: 39 байт

01 00 27 00 F7 CA E0 ED E0 EB 3A 20 31 20 00 20 20 20 20 20 20 20 EA EE F0 F0 E5 EA F6 E8 FF 3A 20 E5 F1 F2 FC 1B E3   // прием: 39 байт; 09:17:22:698 09.03.2018
// таймаут: 60 мсек

Канал: 1        
 коррекция: есть

CA E0 EB FE EC ED FB 20 

01 00 07 00 F7 E9 87   // передача: 7 байт; 09:17:23:208 09.03.2018
// приём по количеству байт: 39 из 39
// принято с порта: 39 байт

01 00 27 00 F7 CA E0 ED E0 EB 3A 20 31 20 00 20 20 20 20 20 20 20 EA EE F0 F0 E5 EA F6 E8 FF 3A 20 E5 F1 F2 FC 1B E3   // прием: 39 байт; 09:17:23:268 09.03.2018
// таймаут: 60 мсек

Канал: 1        
 коррекция: есть

CA E0 EB FE EC ED FB 20 

01 00 07 00 F7 E9 87   // передача: 7 байт; 09:17:23:788 09.03.2018
// приём по количеству байт: 39 из 39
// принято с порта: 39 байт

01 00 27 00 F7 CA E0 ED E0 EB 3A 20 31 20 00 20 20 20 20 20 20 20 EA EE F0 F0 E5 EA F6 E8 FF 3A 20 E5 F1 F2 FC 1B E3   // прием: 39 байт; 09:17:23:848 09.03.2018
// таймаут: 60 мсек

Канал: 1        
 коррекция: есть

CA E0 EB FE EC ED FB 20 

01 00 07 00 F7 E9 87   // передача: 7 байт; 09:17:24:359 09.03.2018
// приём по количеству байт: 39 из 39
// принято с порта: 39 байт

01 00 27 00 F7 CA E0 ED E0 EB 3A 20 31 20 00 20 20 20 20 20 20 20 EA EE F0 F0 E5 EA F6 E8 FF 3A 20 E5 F1 F2 FC 1B E3   // прием: 39 байт; 09:17:24:418 09.03.2018
// таймаут: 59 мсек

Канал: 1        
 коррекция: есть

CA E0 EB FE EC ED FB 20 

01 00 07 00 F7 E9 87   // передача: 7 байт; 09:17:24:918 09.03.2018
// приём по количеству байт: 39 из 39
// принято с порта: 39 байт

01 00 27 00 F7 CA E0 ED E0 EB 3A 20 31 20 00 20 20 20 20 20 20 20 EF EE E2 F2 EE F0 20 32 00 2E 2E 2E 20 20 20 77 DC   // прием: 39 байт; 09:17:25:338 09.03.2018
// таймаут: 420 мсек

Канал: 1        
 повтор 2 ...   

CA E0 EB FE EC ED FB 20 

01 00 07 00 F7 E9 87   // передача: 7 байт; 09:17:25:828 09.03.2018
// приём по количеству байт: 39 из 39
// принято с порта: 39 байт

01 00 27 00 F7 CA E0 ED E0 EB 3A 20 31 20 00 20 20 20 20 20 20 20 E1 E5 E7 20 EA EE F0 F0 E5 EA F6 E8 E8 20 20 98 5C   // прием: 39 байт; 09:17:26:638 09.03.2018
// таймаут: 810 мсек

Канал: 1        
 без коррекции  

CA E0 EB FE EC ED FB 20 

01 00 07 00 F7 E9 87   // передача: 7 байт; 09:17:27:158 09.03.2018
// приём по количеству байт: 39 из 39
// принято с порта: 39 байт

01 00 27 00 F7 CA E0 ED E0 EB 3A 20 31 20 00 20 20 20 20 20 20 20 E2 E5 F0 F1 E8 FF 20 32 2E 33 2E 31 00 20 20 68 ED   // прием: 39 байт; 09:17:27:348 09.03.2018
// таймаут: 190 мсек

Канал: 1        
 версия 2.3.1   

CA E0 EB FE EC ED FB 20 

01 00 07 00 F7 E9 87   // передача: 7 байт; 09:17:27:858 09.03.2018
// приём по количеству байт: 39 из 39
// принято с порта: 39 байт

01 00 27 00 F7 CA E0 ED E0 EB 3A 20 31 20 00 20 20 20 32 35 25 20 30 38 20 3F 20 20 32 36 2E 30 36 2E 31 37 00 C7 E3   // прием: 39 байт; 09:17:27:918 09.03.2018
// таймаут: 60 мсек

Канал: 1     25%
 08 ?  26.06.17 

CA E0 EB FE EC ED FB 20 

01 00 07 00 F7 E9 87   // передача: 7 байт; 09:17:28:428 09.03.2018
// приём по количеству байт: 39 из 39
// принято с порта: 39 байт

01 00 27 00 F7 CA E0 ED E0 EB 3A 20 31 20 00 20 20 20 32 35 25 20 30 36 20 3F 20 20 32 36 2E 30 36 2E 31 37 00 C8 2D   // прием: 39 байт; 09:17:28:488 09.03.2018
// таймаут: 60 мсек

Канал: 1     25%
 06 ?  26.06.17 

CA E0 EB FE EC ED FB 20 

01 00 07 00 F7 E9 87   // передача: 7 байт; 09:17:28:998 09.03.2018
// приём по количеству байт: 39 из 39
// принято с порта: 39 байт

01 00 27 00 F7 CA E0 ED E0 EB 3A 20 31 20 00 20 20 20 32 35 25 20 30 34 20 3F 20 20 32 36 2E 30 36 2E 31 37 00 CB EF   // прием: 39 байт; 09:17:29:058 09.03.2018
// таймаут: 60 мсек

Канал: 1     25%
 04 ?  26.06.17 

CA E0 EB FE EC ED FB 20 

01 00 07 00 F7 E9 87   // передача: 7 байт; 09:17:29:568 09.03.2018
// приём по количеству байт: 39 из 39
// принято с порта: 39 байт

01 00 27 00 F7 CA E0 ED E0 EB 3A 20 31 20 00 20 20 20 32 35 25 20 30 33 20 3F 20 20 32 36 2E 30 36 2E 31 37 00 CD 28   // прием: 39 байт; 09:17:29:628 09.03.2018
// таймаут: 60 мсек

Канал: 1     25%
 03 ?  26.06.17 

CA E0 EB FE EC ED FB 20 

01 00 07 00 F7 E9 87   // передача: 7 байт; 09:17:30:118 09.03.2018
// приём по количеству байт: 39 из 39
// принято с порта: 39 байт

01 00 27 00 F7 CA E0 ED E0 EB 3A 20 31 20 00 20 20 20 32 35 25 20 30 31 20 3F 20 20 32 36 2E 30 36 2E 31 37 00 CE EA   // прием: 39 байт; 09:17:30:178 09.03.2018
// таймаут: 60 мсек

Канал: 1     25%
 01 ?  26.06.17 

CA E0 EB FE EC ED FB 20 

01 00 07 00 F7 E9 87   // передача: 7 байт; 09:17:30:698 09.03.2018
// приём по количеству байт: 39 из 39
// принято с порта: 39 байт

01 00 27 00 F7 CA E0 ED E0 EB 3A 20 31 20 00 20 20 31 30 30 25 EE E1 F0 E0 E1 EE F2 E0 ED EE 3A 20 34 00 20 20 03 84   // прием: 39 байт; 09:17:30:758 09.03.2018
// таймаут: 60 мсек

Канал: 1    100%
обработано: 4   

CA E0 EB FE EC ED FB 20 

01 00 07 00 F7 E9 87   // передача: 7 байт; 09:17:31:268 09.03.2018
// приём по таймауту: 1000 мс
// принято с порта: 0 байт
повтор: 1

CA E0 EB FE EC ED FB 20 

01 00 07 00 F7 E9 87   // передача: 7 байт; 09:17:32:288 09.03.2018
// приём по таймауту: 1000 мс
// принято с порта: 0 байт
повтор: 2

CA E0 EB FE EC ED FB 20 

01 00 07 00 F7 E9 87   // передача: 7 байт; 09:17:33:298 09.03.2018
// приём по таймауту: 1000 мс
// принято с порта: 0 байт
повтор: 3

CA E0 EB FE EC ED FB 20 

01 00 07 00 F7 E9 87   // передача: 7 байт; 09:17:34:318 09.03.2018
// приём по таймауту: 1000 мс
// принято с порта: 0 байт
повтор: 4

CA E0 EB FE EC ED FB 20 

01 00 07 00 F7 E9 87   // передача: 7 байт; 09:17:35:328 09.03.2018
// приём по таймауту: 1000 мс
// принято с порта: 0 байт
повтор: 5

CA E0 EB FE EC ED FB 20 

01 00 07 00 F7 E9 87   // передача: 7 байт; 09:17:36:338 09.03.2018
// приём по таймауту: 1000 мс
// принято с порта: 0 байт

CA E0 EB FE EC ED FB 20 

01 00 07 00 F7 E9 87   // передача: 7 байт; 09:18:18:728 09.03.2018
// приём по количеству байт: 39 из 39
// принято с порта: 39 байт

01 00 27 00 F7 D0 E0 E1 EE F2 E0 20 20 20 20 20 20 20 20 20 20 20 20 20 20 20 20 20 CE CA 20 20 20 20 20 20 20 DE 07   // прием: 39 байт; 09:18:18:798 09.03.2018
// таймаут: 70 мсек

Работа          
       ОК       

CA E0 EB FE EC ED FB 20 

01 00 07 00 F7 E9 87   // передача: 7 байт; 09:18:19:309 09.03.2018
// приём по количеству байт: 39 из 39
// принято с порта: 39 байт

01 00 27 00 F7 D0 E0 E1 EE F2 E0 20 20 20 20 20 20 20 20 20 20 20 20 20 20 20 20 20 CE CA 20 20 20 20 20 20 20 DE 07   // прием: 39 байт; 09:18:19:368 09.03.2018
// таймаут: 59 мсек

Работа          
       ОК       

CA E0 EB FE EC ED FB 20 

01 00 07 00 F7 E9 87   // передача: 7 байт; 09:18:19:878 09.03.2018
// приём по количеству байт: 39 из 39
// принято с порта: 39 байт

01 00 27 00 F7 D0 E0 E1 EE F2 E0 20 20 20 20 20 20 20 20 20 20 20 20 20 20 20 20 20 CE CA 20 20 20 20 20 20 20 DE 07   // прием: 39 байт; 09:18:19:938 09.03.2018
// таймаут: 60 мсек

Работа          
       ОК       

CA E0 EB FE EC ED FB 20 

01 00 07 00 F7 E9 87   // передача: 7 байт; 09:18:20:438 09.03.2018
// приём по количеству байт: 39 из 39
// принято с порта: 39 байт

01 00 27 00 F7 D0 E0 E1 EE F2 E0 20 20 20 20 20 20 20 20 20 20 20 20 20 20 20 20 20 CE CA 20 20 20 20 20 20 20 DE 07   // прием: 39 байт; 09:18:20:498 09.03.2018
// таймаут: 60 мсек

Работа          
       ОК       

CA E0 EB FE EC ED FB 20 

01 00 07 00 F7 E9 87   // передача: 7 байт; 09:18:20:988 09.03.2018
// приём по количеству байт: 39 из 39
// принято с порта: 39 байт

01 00 27 00 F7 D0 E0 E1 EE F2 E0 20 20 20 20 20 20 20 20 20 20 20 20 20 20 20 20 20 CE CA 20 20 20 20 20 20 20 DE 07   // прием: 39 байт; 09:18:21:048 09.03.2018
// таймаут: 60 мсек

Работа          
       ОК       

CA E0 EB FE EC ED FB 20 

01 00 07 00 F7 E9 87   // передача: 7 байт; 09:18:21:568 09.03.2018
// приём по количеству байт: 39 из 39
// принято с порта: 39 байт

01 00 27 00 F7 D0 E0 E1 EE F2 E0 20 20 20 20 20 20 20 20 20 20 20 20 20 20 20 20 20 CE CA 20 20 20 20 20 20 20 DE 07   // прием: 39 байт; 09:18:21:630 09.03.2018
// таймаут: 62 мсек

Работа          
       ОК       

CA E0 EB FE EC ED FB 20 

01 00 07 00 F7 E9 87   // передача: 7 байт; 09:18:22:139 09.03.2018
// приём по количеству байт: 39 из 39
// принято с порта: 39 байт

01 00 27 00 F7 D0 E0 E1 EE F2 E0 20 20 20 20 20 20 20 20 20 20 20 20 20 20 20 20 20 CE CA 20 20 20 20 20 20 20 DE 07   // прием: 39 байт; 09:18:22:205 09.03.2018
// таймаут: 66 мсек

Работа          
       ОК       

CA E0 EB FE EC ED FB 20 

01 00 07 00 F7 E9 87   // передача: 7 байт; 09:18:22:708 09.03.2018
// приём по количеству байт: 39 из 39
// принято с порта: 39 байт

01 00 27 00 F7 CA E0 ED E0 EB 3A 20 31 20 00 20 20 20 20 20 20 20 20 20 20 20 20 20 20 20 20 20 20 20 20 20 20 0D EE   // прием: 39 байт; 09:18:22:772 09.03.2018
// таймаут: 64 мсек

Канал: 1        
                

CA E0 EB FE EC ED FB 20 

01 00 07 00 F7 E9 87   // передача: 7 байт; 09:18:23:286 09.03.2018
// приём по количеству байт: 39 из 39
// принято с порта: 39 байт

01 00 27 00 F7 D0 E0 E1 EE F2 E0 20 20 20 20 20 20 20 20 20 20 20 20 20 20 20 20 20 CE CA 20 20 20 20 20 20 20 DE 07   // прием: 39 байт; 09:18:23:346 09.03.2018
// таймаут: 60 мсек

Работа          
       ОК       

CA E0 EB FE EC ED FB 20 

01 00 07 00 F7 E9 87   // передача: 7 байт; 09:18:23:858 09.03.2018
// приём по количеству байт: 39 из 39
// принято с порта: 39 байт

01 00 27 00 F7 D0 E0 E1 EE F2 E0 20 20 20 20 20 20 20 20 20 20 20 20 20 20 20 20 20 CE CA 20 20 20 20 20 20 20 DE 07   // прием: 39 байт; 09:18:23:918 09.03.2018
// таймаут: 60 мсек

Работа          
       ОК       

CA E0 EB FE EC ED FB 20 

01 00 07 00 F7 E9 87   // передача: 7 байт; 09:18:24:428 09.03.2018
// приём по количеству байт: 39 из 39
// принято с порта: 39 байт

01 00 27 00 F7 D0 E0 E1 EE F2 E0 20 20 20 20 20 20 20 20 20 20 20 20 20 20 20 20 20 CE CA 20 20 20 20 20 20 20 DE 07   // прием: 39 байт; 09:18:24:488 09.03.2018
// таймаут: 60 мсек

Работа          
       ОК       

CA E0 EB FE EC ED FB 20 

01 00 07 00 F7 E9 87   // передача: 7 байт; 09:18:24:998 09.03.2018
// приём по количеству байт: 39 из 39
// принято с порта: 39 байт

01 00 27 00 F7 D0 E0 E1 EE F2 E0 20 20 20 20 20 20 20 20 20 20 20 20 20 20 20 20 20 CE CA 20 20 20 20 20 20 20 DE 07   // прием: 39 байт; 09:18:25:058 09.03.2018
// таймаут: 60 мсек

Работа          
       ОК       

// О программе
