
CA E0 EB FE EC ED FB 20 

01 00 07 00 F7 E9 87   // передача: 7 байт; 09:10:22:888 09.03.2018
// приём по количеству байт: 39 из 39
// принято с порта: 39 байт

01 00 27 00 F7 D2 E5 EA F3 F9 E5 E5 20 E2 F0 E5 EC FF 20 20 20 20 20 20 20 30 39 3A 31 30 3A 30 32 00 20 20 20 D5 6C   // прием: 39 байт; 09:10:22:958 09.03.2018
// таймаут: 70 мсек

Текущее время   
    09:10:02    

CA E0 EB FE EC ED FB 20 

01 00 08 00 F6 0C 44 0F   // передача: 8 байт; 09:10:23:658 09.03.2018
// приём по количеству байт: 9 из 9
// принято с порта: 9 байт

01 00 09 00 F6 00 00 37 F3   // прием: 9 байт; 09:10:23:688 09.03.2018
// таймаут: 30 мсек


CA E0 EB FE EC ED FB 20 

01 00 07 00 F7 E9 87   // передача: 7 байт; 09:10:23:688 09.03.2018
// приём по количеству байт: 39 из 39
// принято с порта: 39 байт

01 00 27 00 F7 CF F0 EE E3 F0 E0 EC EC E0 20 3F 20 20 20 20 20 3E 5F 5F 5F 20 20 20 20 20 20 20 20 20 20 20 20 5B EF   // прием: 39 байт; 09:10:23:758 09.03.2018
// таймаут: 70 мсек

Программа ?     
>___            

CA E0 EB FE EC ED FB 20 

01 00 08 00 F6 01 85 CA   // передача: 8 байт; 09:10:24:301 09.03.2018
// приём по количеству байт: 9 из 9
// принято с порта: 9 байт

01 00 09 00 F6 00 00 37 F3   // прием: 9 байт; 09:10:24:331 09.03.2018
// таймаут: 30 мсек


CA E0 EB FE EC ED FB 20 

01 00 07 00 F7 E9 87   // передача: 7 байт; 09:10:24:331 09.03.2018
// приём по количеству байт: 39 из 39
// принято с порта: 39 байт

01 00 27 00 F7 CF F0 EE E3 F0 E0 EC EC E0 20 3F 20 20 20 20 20 3E 5F 5F 31 20 20 20 20 20 20 20 20 20 20 20 20 CC C1   // прием: 39 байт; 09:10:24:398 09.03.2018
// таймаут: 67 мсек

Программа ?     
>__1            

CA E0 EB FE EC ED FB 20 

01 00 08 00 F6 0D 85 CF   // передача: 8 байт; 09:10:24:908 09.03.2018
// приём по количеству байт: 9 из 9
// принято с порта: 9 байт

01 00 09 00 F6 00 00 37 F3   // прием: 9 байт; 09:10:24:938 09.03.2018
// таймаут: 30 мсек


CA E0 EB FE EC ED FB 20 

01 00 07 00 F7 E9 87   // передача: 7 байт; 09:10:24:938 09.03.2018
// приём по количеству байт: 39 из 39
// принято с порта: 39 байт

01 00 27 00 F7 D2 E5 EA F3 F9 E5 E5 20 E2 F0 E5 EC FF 20 20 20 20 20 20 20 30 39 3A 31 30 3A 30 34 00 20 20 20 5D 6C   // прием: 39 байт; 09:10:25:008 09.03.2018
// таймаут: 70 мсек

Текущее время   
    09:10:04    

CA E0 EB FE EC ED FB 20 

01 00 07 00 F7 E9 87   // передача: 7 байт; 09:10:25:558 09.03.2018
// приём по количеству байт: 39 из 39
// принято с порта: 39 байт

01 00 27 00 F7 D2 E5 EA F3 F9 E5 E5 20 E2 F0 E5 EC FF 20 20 20 20 20 20 20 30 39 3A 31 30 3A 30 34 00 20 20 20 5D 6C   // прием: 39 байт; 09:10:25:618 09.03.2018
// таймаут: 60 мсек

Текущее время   
    09:10:04    

CA E0 EB FE EC ED FB 20 

01 00 07 00 F7 E9 87   // передача: 7 байт; 09:10:26:640 09.03.2018
// приём по количеству байт: 39 из 39
// принято с порта: 39 байт

01 00 27 00 F7 D2 E5 EA F3 F9 E5 E5 20 E2 F0 E5 EC FF 20 20 20 20 20 20 20 30 39 3A 31 30 3A 30 35 00 20 20 20 60 AC   // прием: 39 байт; 09:10:26:708 09.03.2018
// таймаут: 68 мсек

Текущее время   
    09:10:05    

CA E0 EB FE EC ED FB 20 

01 00 07 00 F7 E9 87   // передача: 7 байт; 09:10:27:218 09.03.2018
// приём по количеству байт: 39 из 39
// принято с порта: 39 байт

01 00 27 00 F7 D2 E5 EA F3 F9 E5 E5 20 E2 F0 E5 EC FF 20 20 20 20 20 20 20 30 39 3A 31 30 3A 30 36 00 20 20 20 24 AC   // прием: 39 байт; 09:10:27:278 09.03.2018
// таймаут: 60 мсек

Текущее время   
    09:10:06    

CA E0 EB FE EC ED FB 20 

01 00 07 00 F7 E9 87   // передача: 7 байт; 09:10:27:788 09.03.2018
// приём по количеству байт: 39 из 39
// принято с порта: 39 байт

01 00 27 00 F7 D2 E5 EA F3 F9 E5 E5 20 E2 F0 E5 EC FF 20 20 20 20 20 20 20 30 39 3A 31 30 3A 30 37 00 20 20 20 19 6C   // прием: 39 байт; 09:10:27:848 09.03.2018
// таймаут: 60 мсек

Текущее время   
    09:10:07    

CA E0 EB FE EC ED FB 20 

01 00 07 00 F7 E9 87   // передача: 7 байт; 09:10:28:348 09.03.2018
// приём по количеству байт: 39 из 39
// принято с порта: 39 байт

01 00 27 00 F7 D2 E5 EA F3 F9 E5 E5 20 E2 F0 E5 EC FF 20 20 20 20 20 20 20 30 39 3A 31 30 3A 30 37 00 20 20 20 19 6C   // прием: 39 байт; 09:10:28:408 09.03.2018
// таймаут: 60 мсек

Текущее время   
    09:10:07    

CA E0 EB FE EC ED FB 20 

01 00 07 00 F7 E9 87   // передача: 7 байт; 09:10:28:918 09.03.2018
// приём по количеству байт: 39 из 39
// принято с порта: 39 байт

01 00 27 00 F7 D2 E5 EA F3 F9 E5 E5 20 E2 F0 E5 EC FF 20 20 20 20 20 20 20 30 39 3A 31 30 3A 30 38 00 20 20 20 4D 6D   // прием: 39 байт; 09:10:28:978 09.03.2018
// таймаут: 60 мсек

Текущее время   
    09:10:08    

CA E0 EB FE EC ED FB 20 

01 00 07 00 F7 E9 87   // передача: 7 байт; 09:10:29:478 09.03.2018
// приём по количеству байт: 39 из 39
// принято с порта: 39 байт

01 00 27 00 F7 D2 E5 EA F3 F9 E5 E5 20 E2 F0 E5 EC FF 20 20 20 20 20 20 20 30 39 3A 31 30 3A 30 38 00 20 20 20 4D 6D   // прием: 39 байт; 09:10:29:538 09.03.2018
// таймаут: 60 мсек

Текущее время   
    09:10:08    

CA E0 EB FE EC ED FB 20 

01 00 07 00 F7 E9 87   // передача: 7 байт; 09:10:30:058 09.03.2018
// приём по количеству байт: 39 из 39
// принято с порта: 39 байт

01 00 27 00 F7 D2 E5 EA F3 F9 E5 E5 20 E2 F0 E5 EC FF 20 20 20 20 20 20 20 30 39 3A 31 30 3A 30 39 00 20 20 20 70 AD   // прием: 39 байт; 09:10:30:118 09.03.2018
// таймаут: 60 мсек

Текущее время   
    09:10:09    

CA E0 EB FE EC ED FB 20 

01 00 07 00 F7 E9 87   // передача: 7 байт; 09:10:30:632 09.03.2018
// приём по количеству байт: 39 из 39
// принято с порта: 39 байт

01 00 27 00 F7 D2 E5 EA F3 F9 E5 E5 20 E2 F0 E5 EC FF 20 20 20 20 20 20 20 30 39 3A 31 30 3A 30 39 00 20 20 20 70 AD   // прием: 39 байт; 09:10:30:698 09.03.2018
// таймаут: 66 мсек

Текущее время   
    09:10:09    

CA E0 EB FE EC ED FB 20 

01 00 07 00 F7 E9 87   // передача: 7 байт; 09:10:31:198 09.03.2018
// приём по количеству байт: 39 из 39
// принято с порта: 39 байт

01 00 27 00 F7 D2 E5 EA F3 F9 E5 E5 20 E2 F0 E5 EC FF 20 20 20 20 20 20 20 30 39 3A 31 30 3A 31 30 00 20 20 20 AD 7D   // прием: 39 байт; 09:10:31:258 09.03.2018
// таймаут: 60 мсек

Текущее время   
    09:10:10    

// О программе
