
CA E0 EB FE EC ED FB 20 

01 00 07 00 F7 E9 87   // передача: 7 байт; 08:54:13:868 09.03.2018
// приём по количеству байт: 39 из 39
// принято с порта: 39 байт

01 00 27 00 F7 D2 E5 EA F3 F9 E5 E5 20 E2 F0 E5 EC FF 20 20 20 20 20 20 20 30 38 3A 35 33 3A 35 32 00 20 20 20 A3 10   // прием: 39 байт; 08:54:13:928 09.03.2018
// таймаут: 60 мсек

Текущее время   
    08:53:52    

CA E0 EB FE EC ED FB 20 

01 00 07 00 F7 E9 87   // передача: 7 байт; 08:54:14:468 09.03.2018
// приём по количеству байт: 39 из 39
// принято с порта: 39 байт

01 00 27 00 F7 D2 E5 EA F3 F9 E5 E5 20 E2 F0 E5 EC FF 20 20 20 20 20 20 20 30 38 3A 35 33 3A 35 33 00 20 20 20 9E D0   // прием: 39 байт; 08:54:14:528 09.03.2018
// таймаут: 60 мсек

Текущее время   
    08:53:53    

CA E0 EB FE EC ED FB 20 

01 00 07 00 F7 E9 87   // передача: 7 байт; 08:54:14:928 09.03.2018
// приём по количеству байт: 39 из 39
// принято с порта: 39 байт

01 00 27 00 F7 D2 E5 EA F3 F9 E5 E5 20 E2 F0 E5 EC FF 20 20 20 20 20 20 20 30 38 3A 35 33 3A 35 34 00 20 20 20 2B 10   // прием: 39 байт; 08:54:14:988 09.03.2018
// таймаут: 60 мсек

Текущее время   
    08:53:54    

CA E0 EB FE EC ED FB 20 

01 00 07 00 F7 E9 87   // передача: 7 байт; 08:54:15:148 09.03.2018
// приём по количеству байт: 39 из 39
// принято с порта: 39 байт

01 00 27 00 F7 D2 E5 EA F3 F9 E5 E5 20 E2 F0 E5 EC FF 20 20 20 20 20 20 20 30 38 3A 35 33 3A 35 34 00 20 20 20 2B 10   // прием: 39 байт; 08:54:15:208 09.03.2018
// таймаут: 60 мсек

Текущее время   
    08:53:54    

CA E0 EB FE EC ED FB 20 

01 00 07 00 F7 E9 87   // передача: 7 байт; 08:54:15:348 09.03.2018
// приём по количеству байт: 39 из 39
// принято с порта: 39 байт

01 00 27 00 F7 D2 E5 EA F3 F9 E5 E5 20 E2 F0 E5 EC FF 20 20 20 20 20 20 20 30 38 3A 35 33 3A 35 34 00 20 20 20 2B 10   // прием: 39 байт; 08:54:15:408 09.03.2018
// таймаут: 60 мсек

Текущее время   
    08:53:54    

CA E0 EB FE EC ED FB 20 

01 00 07 00 F7 E9 87   // передача: 7 байт; 08:54:15:518 09.03.2018
// приём по количеству байт: 39 из 39
// принято с порта: 39 байт

01 00 27 00 F7 D2 E5 EA F3 F9 E5 E5 20 E2 F0 E5 EC FF 20 20 20 20 20 20 20 30 38 3A 35 33 3A 35 34 00 20 20 20 2B 10   // прием: 39 байт; 08:54:15:588 09.03.2018
// таймаут: 70 мсек

Текущее время   
    08:53:54    

CA E0 EB FE EC ED FB 20 

01 00 07 00 F7 E9 87   // передача: 7 байт; 08:54:15:718 09.03.2018
// приём по количеству байт: 39 из 39
// принято с порта: 39 байт

01 00 27 00 F7 D2 E5 EA F3 F9 E5 E5 20 E2 F0 E5 EC FF 20 20 20 20 20 20 20 30 38 3A 35 33 3A 35 34 00 20 20 20 2B 10   // прием: 39 байт; 08:54:15:778 09.03.2018
// таймаут: 60 мсек

Текущее время   
    08:53:54    

CA E0 EB FE EC ED FB 20 

01 00 07 00 F7 E9 87   // передача: 7 байт; 08:54:15:888 09.03.2018
// приём по количеству байт: 39 из 39
// принято с порта: 39 байт

01 00 27 00 F7 D2 E5 EA F3 F9 E5 E5 20 E2 F0 E5 EC FF 20 20 20 20 20 20 20 30 38 3A 35 33 3A 35 34 00 20 20 20 2B 10   // прием: 39 байт; 08:54:15:958 09.03.2018
// таймаут: 70 мсек

Текущее время   
    08:53:54    

// О программе
