
CA E0 EB FE EC ED FB 20 

01 00 08 00 F6 0C 44 0F   // передача: 8 байт; 08:52:16:223 09.03.2018
// приём по количеству байт: 9 из 9
// принято с порта: 9 байт

01 00 09 00 F6 00 00 37 F3   // прием: 9 байт; 08:52:16:256 09.03.2018
// таймаут: 33 мсек


CA E0 EB FE EC ED FB 20 

01 00 07 00 F7 E9 87   // передача: 7 байт; 08:52:16:260 09.03.2018
// приём по количеству байт: 39 из 39
// принято с порта: 39 байт

01 00 27 00 F7 CF F0 EE E3 F0 E0 EC EC E0 20 3F 20 20 20 20 20 3E 5F 5F 5F 20 20 20 20 20 20 20 20 20 20 20 20 5B EF   // прием: 39 байт; 08:52:16:323 09.03.2018
// таймаут: 63 мсек

Программа ?     
>___            

CA E0 EB FE EC ED FB 20 

01 00 08 00 F6 01 85 CA   // передача: 8 байт; 08:52:17:091 09.03.2018
// приём по количеству байт: 9 из 9
// принято с порта: 9 байт

01 00 09 00 F6 00 00 37 F3   // прием: 9 байт; 08:52:17:126 09.03.2018
// таймаут: 35 мсек


CA E0 EB FE EC ED FB 20 

01 00 07 00 F7 E9 87   // передача: 7 байт; 08:52:17:127 09.03.2018
// приём по количеству байт: 39 из 39
// принято с порта: 39 байт

01 00 27 00 F7 CF F0 EE E3 F0 E0 EC EC E0 20 3F 20 20 20 20 20 3E 5F 5F 31 20 20 20 20 20 20 20 20 20 20 20 20 CC C1   // прием: 39 байт; 08:52:17:192 09.03.2018
// таймаут: 65 мсек

Программа ?     
>__1            

CA E0 EB FE EC ED FB 20 

01 00 08 00 F6 0D 85 CF   // передача: 8 байт; 08:52:17:843 09.03.2018
// приём по количеству байт: 9 из 9
// принято с порта: 9 байт

01 00 09 00 F6 00 00 37 F3   // прием: 9 байт; 08:52:17:878 09.03.2018
// таймаут: 35 мсек


CA E0 EB FE EC ED FB 20 

01 00 07 00 F7 E9 87   // передача: 7 байт; 08:52:17:879 09.03.2018
// приём по количеству байт: 39 из 39
// принято с порта: 39 байт

01 00 27 00 F7 D2 E5 EA F3 F9 E5 E5 20 E2 F0 E5 EC FF 20 20 20 20 20 20 20 30 38 3A 35 31 3A 35 36 00 20 20 20 D3 09   // прием: 39 байт; 08:52:17:944 09.03.2018
// таймаут: 65 мсек

Текущее время   
    08:51:56    

CA E0 EB FE EC ED FB 20 

01 00 07 00 F7 E9 87   // передача: 7 байт; 08:52:18:587 09.03.2018
// приём по количеству байт: 39 из 39
// принято с порта: 39 байт

01 00 27 00 F7 D2 E5 EA F3 F9 E5 E5 20 E2 F0 E5 EC FF 20 20 20 20 20 20 20 30 38 3A 35 31 3A 35 37 00 20 20 20 EE C9   // прием: 39 байт; 08:52:18:652 09.03.2018
// таймаут: 65 мсек

Текущее время   
    08:51:57    

CA E0 EB FE EC ED FB 20 

01 00 07 00 F7 E9 87   // передача: 7 байт; 08:52:19:219 09.03.2018
// приём по количеству байт: 39 из 39
// принято с порта: 39 байт

01 00 27 00 F7 D2 E5 EA F3 F9 E5 E5 20 E2 F0 E5 EC FF 20 20 20 20 20 20 20 30 38 3A 35 31 3A 35 38 00 20 20 20 BA C8   // прием: 39 байт; 08:52:19:284 09.03.2018
// таймаут: 65 мсек

Текущее время   
    08:51:58    

CA E0 EB FE EC ED FB 20 

01 00 07 00 F7 E9 87   // передача: 7 байт; 08:52:19:555 09.03.2018
// приём по количеству байт: 39 из 39
// принято с порта: 39 байт

01 00 27 00 F7 D2 E5 EA F3 F9 E5 E5 20 E2 F0 E5 EC FF 20 20 20 20 20 20 20 30 38 3A 35 31 3A 35 38 00 20 20 20 BA C8   // прием: 39 байт; 08:52:19:620 09.03.2018
// таймаут: 65 мсек

Текущее время   
    08:51:58    

CA E0 EB FE EC ED FB 20 

01 00 07 00 F7 E9 87   // передача: 7 байт; 08:52:19:763 09.03.2018
// приём по количеству байт: 39 из 39
// принято с порта: 39 байт

01 00 27 00 F7 D2 E5 EA F3 F9 E5 E5 20 E2 F0 E5 EC FF 20 20 20 20 20 20 20 30 38 3A 35 31 3A 35 38 00 20 20 20 BA C8   // прием: 39 байт; 08:52:19:828 09.03.2018
// таймаут: 65 мсек

Текущее время   
    08:51:58    

CA E0 EB FE EC ED FB 20 

01 00 07 00 F7 E9 87   // передача: 7 байт; 08:52:19:972 09.03.2018
// приём по количеству байт: 39 из 39
// принято с порта: 39 байт

01 00 27 00 F7 D2 E5 EA F3 F9 E5 E5 20 E2 F0 E5 EC FF 20 20 20 20 20 20 20 30 38 3A 35 31 3A 35 39 00 20 20 20 87 08   // прием: 39 байт; 08:52:20:036 09.03.2018
// таймаут: 64 мсек

Текущее время   
    08:51:59    

CA E0 EB FE EC ED FB 20 

01 00 07 00 F7 E9 87   // передача: 7 байт; 08:52:20:163 09.03.2018
// приём по количеству байт: 39 из 39
// принято с порта: 39 байт

01 00 27 00 F7 D2 E5 EA F3 F9 E5 E5 20 E2 F0 E5 EC FF 20 20 20 20 20 20 20 30 38 3A 35 31 3A 35 39 00 20 20 20 87 08   // прием: 39 байт; 08:52:20:228 09.03.2018
// таймаут: 65 мсек

Текущее время   
    08:51:59    

CA E0 EB FE EC ED FB 20 

01 00 07 00 F7 E9 87   // передача: 7 байт; 08:52:20:379 09.03.2018
// приём по количеству байт: 39 из 39
// принято с порта: 39 байт

01 00 27 00 F7 D2 E5 EA F3 F9 E5 E5 20 E2 F0 E5 EC FF 20 20 20 20 20 20 20 30 38 3A 35 31 3A 35 39 00 20 20 20 87 08   // прием: 39 байт; 08:52:20:444 09.03.2018
// таймаут: 65 мсек

Текущее время   
    08:51:59    

// О программе
