
CA E0 EB FE EC ED FB 20 

01 00 07 00 F7 E9 87   // передача: 7 байт; 09:01:45:178 09.03.2018
// приём по количеству байт: 39 из 39
// принято с порта: 39 байт

01 00 27 00 F7 D0 E0 E1 EE F2 E0 20 20 20 20 20 20 20 20 20 20 20 20 20 20 20 20 20 CE CA 20 20 20 20 20 20 20 DE 07   // прием: 39 байт; 09:01:45:248 09.03.2018
// таймаут: 70 мсек

Работа          
       ОК       

CA E0 EB FE EC ED FB 20 

01 00 08 00 F6 0C 44 0F   // передача: 8 байт; 09:01:46:218 09.03.2018
// приём по количеству байт: 9 из 9
// принято с порта: 9 байт

01 00 09 00 F6 00 00 37 F3   // прием: 9 байт; 09:01:46:248 09.03.2018
// таймаут: 30 мсек


CA E0 EB FE EC ED FB 20 

01 00 07 00 F7 E9 87   // передача: 7 байт; 09:01:46:258 09.03.2018
// приём по количеству байт: 39 из 39
// принято с порта: 39 байт

01 00 27 00 F7 CF F0 EE E3 F0 E0 EC EC E0 20 3F 20 20 20 20 20 3E 5F 5F 5F 20 20 20 20 20 20 20 20 20 20 20 20 5B EF   // прием: 39 байт; 09:01:46:318 09.03.2018
// таймаут: 60 мсек

Программа ?     
>___            

CA E0 EB FE EC ED FB 20 

01 00 08 00 F6 01 85 CA   // передача: 8 байт; 09:01:46:758 09.03.2018
// приём по количеству байт: 9 из 9
// принято с порта: 9 байт

01 00 09 00 F6 00 00 37 F3   // прием: 9 байт; 09:01:46:788 09.03.2018
// таймаут: 30 мсек


CA E0 EB FE EC ED FB 20 

01 00 07 00 F7 E9 87   // передача: 7 байт; 09:01:46:788 09.03.2018
// приём по количеству байт: 39 из 39
// принято с порта: 39 байт

01 00 27 00 F7 CF F0 EE E3 F0 E0 EC EC E0 20 3F 20 20 20 20 20 3E 5F 5F 31 20 20 20 20 20 20 20 20 20 20 20 20 CC C1   // прием: 39 байт; 09:01:46:858 09.03.2018
// таймаут: 70 мсек

Программа ?     
>__1            

CA E0 EB FE EC ED FB 20 

01 00 08 00 F6 0D 85 CF   // передача: 8 байт; 09:01:47:328 09.03.2018
// приём по количеству байт: 9 из 9
// принято с порта: 9 байт

01 00 09 00 F6 00 00 37 F3   // прием: 9 байт; 09:01:47:368 09.03.2018
// таймаут: 40 мсек


CA E0 EB FE EC ED FB 20 

01 00 07 00 F7 E9 87   // передача: 7 байт; 09:01:47:368 09.03.2018
// приём по количеству байт: 39 из 39
// принято с порта: 39 байт

01 00 27 00 F7 D2 E5 EA F3 F9 E5 E5 20 E2 F0 E5 EC FF 20 20 20 20 20 20 20 30 39 3A 30 31 3A 32 36 00 20 20 20 E9 12   // прием: 39 байт; 09:01:47:438 09.03.2018
// таймаут: 70 мсек

Текущее время   
    09:01:26    

CA E0 EB FE EC ED FB 20 

01 00 07 00 F7 E9 87   // передача: 7 байт; 09:01:49:188 09.03.2018
// приём по количеству байт: 39 из 39
// принято с порта: 39 байт

01 00 27 00 F7 D2 E5 EA F3 F9 E5 E5 20 E2 F0 E5 EC FF 20 20 20 20 20 20 20 30 39 3A 30 31 3A 32 38 00 20 20 20 80 D3   // прием: 39 байт; 09:01:49:258 09.03.2018
// таймаут: 70 мсек

Текущее время   
    09:01:28    

CA E0 EB FE EC ED FB 20 

01 00 07 00 F7 E9 87   // передача: 7 байт; 09:01:49:778 09.03.2018
// приём по количеству байт: 39 из 39
// принято с порта: 39 байт

01 00 27 00 F7 D2 E5 EA F3 F9 E5 E5 20 E2 F0 E5 EC FF 20 20 20 20 20 20 20 30 39 3A 30 31 3A 32 38 00 20 20 20 80 D3   // прием: 39 байт; 09:01:49:838 09.03.2018
// таймаут: 60 мсек

Текущее время   
    09:01:28    

CA E0 EB FE EC ED FB 20 

01 00 07 00 F7 E9 87   // передача: 7 байт; 09:01:50:348 09.03.2018
// приём по количеству байт: 39 из 39
// принято с порта: 39 байт

01 00 27 00 F7 D2 E5 EA F3 F9 E5 E5 20 E2 F0 E5 EC FF 20 20 20 20 20 20 20 30 39 3A 30 31 3A 32 39 00 20 20 20 BD 13   // прием: 39 байт; 09:01:50:408 09.03.2018
// таймаут: 60 мсек

Текущее время   
    09:01:29    

CA E0 EB FE EC ED FB 20 

01 00 07 00 F7 E9 87   // передача: 7 байт; 09:01:50:908 09.03.2018
// приём по количеству байт: 39 из 39
// принято с порта: 39 байт

01 00 27 00 F7 D2 E5 EA F3 F9 E5 E5 20 E2 F0 E5 EC FF 20 20 20 20 20 20 20 30 39 3A 30 31 3A 33 30 00 20 20 20 60 C3   // прием: 39 байт; 09:01:50:968 09.03.2018
// таймаут: 60 мсек

Текущее время   
    09:01:30    

CA E0 EB FE EC ED FB 20 

01 00 07 00 F7 E9 87   // передача: 7 байт; 09:01:51:468 09.03.2018
// приём по количеству байт: 39 из 39
// принято с порта: 39 байт

01 00 27 00 F7 D2 E5 EA F3 F9 E5 E5 20 E2 F0 E5 EC FF 20 20 20 20 20 20 20 30 39 3A 30 31 3A 33 30 00 20 20 20 60 C3   // прием: 39 байт; 09:01:51:528 09.03.2018
// таймаут: 60 мсек

Текущее время   
    09:01:30    

CA E0 EB FE EC ED FB 20 

01 00 07 00 F7 E9 87   // передача: 7 байт; 09:01:52:038 09.03.2018
// приём по количеству байт: 39 из 39
// принято с порта: 39 байт

01 00 27 00 F7 D2 E5 EA F3 F9 E5 E5 20 E2 F0 E5 EC FF 20 20 20 20 20 20 20 30 39 3A 30 31 3A 33 31 00 20 20 20 5D 03   // прием: 39 байт; 09:01:52:098 09.03.2018
// таймаут: 60 мсек

Текущее время   
    09:01:31    

CA E0 EB FE EC ED FB 20 

01 00 07 00 F7 E9 87   // передача: 7 байт; 09:01:52:618 09.03.2018
// приём по количеству байт: 39 из 39
// принято с порта: 39 байт

01 00 27 00 F7 D2 E5 EA F3 F9 E5 E5 20 E2 F0 E5 EC FF 20 20 20 20 20 20 20 30 39 3A 30 31 3A 33 31 00 20 20 20 5D 03   // прием: 39 байт; 09:01:52:678 09.03.2018
// таймаут: 60 мсек

Текущее время   
    09:01:31    

CA E0 EB FE EC ED FB 20 

01 00 07 00 F7 E9 87   // передача: 7 байт; 09:01:53:188 09.03.2018
// приём по количеству байт: 39 из 39
// принято с порта: 39 байт

01 00 27 00 F7 D2 E5 EA F3 F9 E5 E5 20 E2 F0 E5 EC FF 20 20 20 20 20 20 20 30 39 3A 30 31 3A 33 32 00 20 20 20 19 03   // прием: 39 байт; 09:01:53:248 09.03.2018
// таймаут: 60 мсек

Текущее время   
    09:01:32    

CA E0 EB FE EC ED FB 20 

01 00 07 00 F7 E9 87   // передача: 7 байт; 09:01:53:768 09.03.2018
// приём по количеству байт: 39 из 39
// принято с порта: 39 байт

01 00 27 00 F7 D2 E5 EA F3 F9 E5 E5 20 E2 F0 E5 EC FF 20 20 20 20 20 20 20 30 39 3A 30 31 3A 33 32 00 20 20 20 19 03   // прием: 39 байт; 09:01:53:828 09.03.2018
// таймаут: 60 мсек

Текущее время   
    09:01:32    

CA E0 EB FE EC ED FB 20 

01 00 07 00 F7 E9 87   // передача: 7 байт; 09:01:54:348 09.03.2018
// приём по количеству байт: 39 из 39
// принято с порта: 39 байт

01 00 27 00 F7 D2 E5 EA F3 F9 E5 E5 20 E2 F0 E5 EC FF 20 20 20 20 20 20 20 30 39 3A 30 31 3A 33 33 00 20 20 20 24 C3   // прием: 39 байт; 09:01:54:408 09.03.2018
// таймаут: 60 мсек

Текущее время   
    09:01:33    

CA E0 EB FE EC ED FB 20 

01 00 07 00 F7 E9 87   // передача: 7 байт; 09:01:54:918 09.03.2018
// приём по количеству байт: 39 из 39
// принято с порта: 39 байт

01 00 27 00 F7 D2 E5 EA F3 F9 E5 E5 20 E2 F0 E5 EC FF 20 20 20 20 20 20 20 30 39 3A 30 31 3A 33 34 00 20 20 20 91 03   // прием: 39 байт; 09:01:54:978 09.03.2018
// таймаут: 60 мсек

Текущее время   
    09:01:34    

CA E0 EB FE EC ED FB 20 

01 00 07 00 F7 E9 87   // передача: 7 байт; 09:01:55:488 09.03.2018
// приём по количеству байт: 39 из 39
// принято с порта: 39 байт

01 00 27 00 F7 D2 E5 EA F3 F9 E5 E5 20 E2 F0 E5 EC FF 20 20 20 20 20 20 20 30 39 3A 30 31 3A 33 34 00 20 20 20 91 03   // прием: 39 байт; 09:01:55:548 09.03.2018
// таймаут: 60 мсек

Текущее время   
    09:01:34    

CA E0 EB FE EC ED FB 20 

01 00 07 00 F7 E9 87   // передача: 7 байт; 09:01:56:058 09.03.2018
// приём по количеству байт: 39 из 39
// принято с порта: 39 байт

01 00 27 00 F7 D2 E5 EA F3 F9 E5 E5 20 E2 F0 E5 EC FF 20 20 20 20 20 20 20 30 39 3A 30 31 3A 33 35 00 20 20 20 AC C3   // прием: 39 байт; 09:01:56:121 09.03.2018
// таймаут: 63 мсек

Текущее время   
    09:01:35    

CA E0 EB FE EC ED FB 20 

01 00 07 00 F7 E9 87   // передача: 7 байт; 09:01:56:638 09.03.2018
// приём по количеству байт: 39 из 39
// принято с порта: 39 байт

01 00 27 00 F7 D2 E5 EA F3 F9 E5 E5 20 E2 F0 E5 EC FF 20 20 20 20 20 20 20 30 39 3A 30 31 3A 33 35 00 20 20 20 AC C3   // прием: 39 байт; 09:01:56:698 09.03.2018
// таймаут: 60 мсек

Текущее время   
    09:01:35    

CA E0 EB FE EC ED FB 20 

01 00 07 00 F7 E9 87   // передача: 7 байт; 09:01:57:218 09.03.2018
// приём по количеству байт: 39 из 39
// принято с порта: 39 байт

01 00 27 00 F7 D2 E5 EA F3 F9 E5 E5 20 E2 F0 E5 EC FF 20 20 20 20 20 20 20 30 39 3A 30 31 3A 33 36 00 20 20 20 E8 C3   // прием: 39 байт; 09:01:57:278 09.03.2018
// таймаут: 60 мсек

Текущее время   
    09:01:36    

CA E0 EB FE EC ED FB 20 

01 00 07 00 F7 E9 87   // передача: 7 байт; 09:01:57:778 09.03.2018
// приём по количеству байт: 39 из 39
// принято с порта: 39 байт

01 00 27 00 F7 D2 E5 EA F3 F9 E5 E5 20 E2 F0 E5 EC FF 20 20 20 20 20 20 20 30 39 3A 30 31 3A 33 36 00 20 20 20 E8 C3   // прием: 39 байт; 09:01:57:838 09.03.2018
// таймаут: 60 мсек

Текущее время   
    09:01:36    

CA E0 EB FE EC ED FB 20 

01 00 07 00 F7 E9 87   // передача: 7 байт; 09:01:58:359 09.03.2018
// приём по количеству байт: 39 из 39
// принято с порта: 39 байт

01 00 27 00 F7 D2 E5 EA F3 F9 E5 E5 20 E2 F0 E5 EC FF 20 20 20 20 20 20 20 30 39 3A 30 31 3A 33 37 00 20 20 20 D5 03   // прием: 39 байт; 09:01:58:418 09.03.2018
// таймаут: 59 мсек

Текущее время   
    09:01:37    

CA E0 EB FE EC ED FB 20 

01 00 07 00 F7 E9 87   // передача: 7 байт; 09:01:58:928 09.03.2018
// приём по количеству байт: 39 из 39
// принято с порта: 39 байт

01 00 27 00 F7 D2 E5 EA F3 F9 E5 E5 20 E2 F0 E5 EC FF 20 20 20 20 20 20 20 30 39 3A 30 31 3A 33 38 00 20 20 20 81 02   // прием: 39 байт; 09:01:58:988 09.03.2018
// таймаут: 60 мсек

Текущее время   
    09:01:38    

CA E0 EB FE EC ED FB 20 

01 00 07 00 F7 E9 87   // передача: 7 байт; 09:01:59:488 09.03.2018
// приём по количеству байт: 39 из 39
// принято с порта: 39 байт

01 00 27 00 F7 D2 E5 EA F3 F9 E5 E5 20 E2 F0 E5 EC FF 20 20 20 20 20 20 20 30 39 3A 30 31 3A 33 38 00 20 20 20 81 02   // прием: 39 байт; 09:01:59:548 09.03.2018
// таймаут: 60 мсек

Текущее время   
    09:01:38    

CA E0 EB FE EC ED FB 20 

01 00 07 00 F7 E9 87   // передача: 7 байт; 09:02:00:048 09.03.2018
// приём по количеству байт: 39 из 39
// принято с порта: 39 байт

01 00 27 00 F7 D2 E5 EA F3 F9 E5 E5 20 E2 F0 E5 EC FF 20 20 20 20 20 20 20 30 39 3A 30 31 3A 33 39 00 20 20 20 BC C2   // прием: 39 байт; 09:02:00:108 09.03.2018
// таймаут: 60 мсек

Текущее время   
    09:01:39    

CA E0 EB FE EC ED FB 20 

01 00 07 00 F7 E9 87   // передача: 7 байт; 09:02:00:628 09.03.2018
// приём по количеству байт: 39 из 39
// принято с порта: 39 байт

01 00 27 00 F7 D2 E5 EA F3 F9 E5 E5 20 E2 F0 E5 EC FF 20 20 20 20 20 20 20 30 39 3A 30 31 3A 33 39 00 20 20 20 BC C2   // прием: 39 байт; 09:02:00:688 09.03.2018
// таймаут: 60 мсек

Текущее время   
    09:01:39    

CA E0 EB FE EC ED FB 20 

01 00 07 00 F7 E9 87   // передача: 7 байт; 09:02:01:208 09.03.2018
// приём по количеству байт: 39 из 39
// принято с порта: 39 байт

01 00 27 00 F7 D2 E5 EA F3 F9 E5 E5 20 E2 F0 E5 EC FF 20 20 20 20 20 20 20 30 39 3A 30 31 3A 34 30 00 20 20 20 61 74   // прием: 39 байт; 09:02:01:268 09.03.2018
// таймаут: 60 мсек

Текущее время   
    09:01:40    

CA E0 EB FE EC ED FB 20 

01 00 07 00 F7 E9 87   // передача: 7 байт; 09:02:01:788 09.03.2018
// приём по количеству байт: 39 из 39
// принято с порта: 39 байт

01 00 27 00 F7 D2 E5 EA F3 F9 E5 E5 20 E2 F0 E5 EC FF 20 20 20 20 20 20 20 30 39 3A 30 31 3A 34 30 00 20 20 20 61 74   // прием: 39 байт; 09:02:01:848 09.03.2018
// таймаут: 60 мсек

Текущее время   
    09:01:40    

CA E0 EB FE EC ED FB 20 

01 00 07 00 F7 E9 87   // передача: 7 байт; 09:02:02:360 09.03.2018
// приём по количеству байт: 39 из 39
// принято с порта: 39 байт

01 00 27 00 F7 D2 E5 EA F3 F9 E5 E5 20 E2 F0 E5 EC FF 20 20 20 20 20 20 20 30 39 3A 30 31 3A 34 31 00 20 20 20 5C B4   // прием: 39 байт; 09:02:02:418 09.03.2018
// таймаут: 58 мсек

Текущее время   
    09:01:41    

CA E0 EB FE EC ED FB 20 

01 00 07 00 F7 E9 87   // передача: 7 байт; 09:02:02:928 09.03.2018
// приём по количеству байт: 39 из 39
// принято с порта: 39 байт

01 00 27 00 F7 D2 E5 EA F3 F9 E5 E5 20 E2 F0 E5 EC FF 20 20 20 20 20 20 20 30 39 3A 30 31 3A 34 32 00 20 20 20 18 B4   // прием: 39 байт; 09:02:02:988 09.03.2018
// таймаут: 60 мсек

Текущее время   
    09:01:42    

CA E0 EB FE EC ED FB 20 

01 00 07 00 F7 E9 87   // передача: 7 байт; 09:02:03:498 09.03.2018
// приём по количеству байт: 39 из 39
// принято с порта: 39 байт

01 00 27 00 F7 D2 E5 EA F3 F9 E5 E5 20 E2 F0 E5 EC FF 20 20 20 20 20 20 20 30 39 3A 30 31 3A 34 32 00 20 20 20 18 B4   // прием: 39 байт; 09:02:03:558 09.03.2018
// таймаут: 60 мсек

Текущее время   
    09:01:42    

CA E0 EB FE EC ED FB 20 

01 00 07 00 F7 E9 87   // передача: 7 байт; 09:02:04:068 09.03.2018
// приём по количеству байт: 39 из 39
// принято с порта: 39 байт

01 00 27 00 F7 D2 E5 EA F3 F9 E5 E5 20 E2 F0 E5 EC FF 20 20 20 20 20 20 20 30 39 3A 30 31 3A 34 33 00 20 20 20 25 74   // прием: 39 байт; 09:02:04:128 09.03.2018
// таймаут: 60 мсек

Текущее время   
    09:01:43    

CA E0 EB FE EC ED FB 20 

01 00 07 00 F7 E9 87   // передача: 7 байт; 09:02:04:638 09.03.2018
// приём по количеству байт: 39 из 39
// принято с порта: 39 байт

01 00 27 00 F7 D2 E5 EA F3 F9 E5 E5 20 E2 F0 E5 EC FF 20 20 20 20 20 20 20 30 39 3A 30 31 3A 34 33 00 20 20 20 25 74   // прием: 39 байт; 09:02:04:698 09.03.2018
// таймаут: 60 мсек

Текущее время   
    09:01:43    

CA E0 EB FE EC ED FB 20 

01 00 07 00 F7 E9 87   // передача: 7 байт; 09:02:05:190 09.03.2018
// приём по количеству байт: 39 из 39
// принято с порта: 39 байт

01 00 27 00 F7 D2 E5 EA F3 F9 E5 E5 20 E2 F0 E5 EC FF 20 20 20 20 20 20 20 30 39 3A 30 31 3A 34 34 00 20 20 20 90 B4   // прием: 39 байт; 09:02:05:250 09.03.2018
// таймаут: 60 мсек

Текущее время   
    09:01:44    

CA E0 EB FE EC ED FB 20 

01 00 07 00 F7 E9 87   // передача: 7 байт; 09:02:05:768 09.03.2018
// приём по количеству байт: 39 из 39
// принято с порта: 39 байт

01 00 27 00 F7 D2 E5 EA F3 F9 E5 E5 20 E2 F0 E5 EC FF 20 20 20 20 20 20 20 30 39 3A 30 31 3A 34 34 00 20 20 20 90 B4   // прием: 39 байт; 09:02:05:828 09.03.2018
// таймаут: 60 мсек

Текущее время   
    09:01:44    

CA E0 EB FE EC ED FB 20 

01 00 07 00 F7 E9 87   // передача: 7 байт; 09:02:06:338 09.03.2018
// приём по количеству байт: 39 из 39
// принято с порта: 39 байт

01 00 27 00 F7 D2 E5 EA F3 F9 E5 E5 20 E2 F0 E5 EC FF 20 20 20 20 20 20 20 30 39 3A 30 31 3A 34 35 00 20 20 20 AD 74   // прием: 39 байт; 09:02:06:398 09.03.2018
// таймаут: 60 мсек

Текущее время   
    09:01:45    

CA E0 EB FE EC ED FB 20 

01 00 07 00 F7 E9 87   // передача: 7 байт; 09:02:06:901 09.03.2018
// приём по количеству байт: 39 из 39
// принято с порта: 39 байт

01 00 27 00 F7 D2 E5 EA F3 F9 E5 E5 20 E2 F0 E5 EC FF 20 20 20 20 20 20 20 30 39 3A 30 31 3A 34 36 00 20 20 20 E9 74   // прием: 39 байт; 09:02:06:961 09.03.2018
// таймаут: 60 мсек

Текущее время   
    09:01:46    

CA E0 EB FE EC ED FB 20 

01 00 07 00 F7 E9 87   // передача: 7 байт; 09:02:07:478 09.03.2018
// приём по количеству байт: 39 из 39
// принято с порта: 39 байт

01 00 27 00 F7 D2 E5 EA F3 F9 E5 E5 20 E2 F0 E5 EC FF 20 20 20 20 20 20 20 30 39 3A 30 31 3A 34 36 00 20 20 20 E9 74   // прием: 39 байт; 09:02:07:538 09.03.2018
// таймаут: 60 мсек

Текущее время   
    09:01:46    

CA E0 EB FE EC ED FB 20 

01 00 07 00 F7 E9 87   // передача: 7 байт; 09:02:08:058 09.03.2018
// приём по количеству байт: 39 из 39
// принято с порта: 39 байт

01 00 27 00 F7 D2 E5 EA F3 F9 E5 E5 20 E2 F0 E5 EC FF 20 20 20 20 20 20 20 30 39 3A 30 31 3A 34 37 00 20 20 20 D4 B4   // прием: 39 байт; 09:02:08:118 09.03.2018
// таймаут: 60 мсек

Текущее время   
    09:01:47    

CA E0 EB FE EC ED FB 20 

01 00 07 00 F7 E9 87   // передача: 7 байт; 09:02:08:638 09.03.2018
// приём по количеству байт: 39 из 39
// принято с порта: 39 байт

01 00 27 00 F7 D2 E5 EA F3 F9 E5 E5 20 E2 F0 E5 EC FF 20 20 20 20 20 20 20 30 39 3A 30 31 3A 34 37 00 20 20 20 D4 B4   // прием: 39 байт; 09:02:08:698 09.03.2018
// таймаут: 60 мсек

Текущее время   
    09:01:47    

CA E0 EB FE EC ED FB 20 

01 00 07 00 F7 E9 87   // передача: 7 байт; 09:02:09:208 09.03.2018
// приём по количеству байт: 39 из 39
// принято с порта: 39 байт

01 00 27 00 F7 D2 E5 EA F3 F9 E5 E5 20 E2 F0 E5 EC FF 20 20 20 20 20 20 20 30 39 3A 30 31 3A 34 38 00 20 20 20 80 B5   // прием: 39 байт; 09:02:09:268 09.03.2018
// таймаут: 60 мсек

Текущее время   
    09:01:48    

CA E0 EB FE EC ED FB 20 

01 00 07 00 F7 E9 87   // передача: 7 байт; 09:02:09:758 09.03.2018
// приём по количеству байт: 39 из 39
// принято с порта: 39 байт

01 00 27 00 F7 D2 E5 EA F3 F9 E5 E5 20 E2 F0 E5 EC FF 20 20 20 20 20 20 20 30 39 3A 30 31 3A 34 38 00 20 20 20 80 B5   // прием: 39 байт; 09:02:09:818 09.03.2018
// таймаут: 60 мсек

Текущее время   
    09:01:48    

CA E0 EB FE EC ED FB 20 

01 00 07 00 F7 E9 87   // передача: 7 байт; 09:02:10:338 09.03.2018
// приём по количеству байт: 39 из 39
// принято с порта: 39 байт

01 00 27 00 F7 D2 E5 EA F3 F9 E5 E5 20 E2 F0 E5 EC FF 20 20 20 20 20 20 20 30 39 3A 30 31 3A 34 39 00 20 20 20 BD 75   // прием: 39 байт; 09:02:10:398 09.03.2018
// таймаут: 60 мсек

Текущее время   
    09:01:49    

CA E0 EB FE EC ED FB 20 

01 00 07 00 F7 E9 87   // передача: 7 байт; 09:02:10:916 09.03.2018
// приём по количеству байт: 39 из 39
// принято с порта: 39 байт

01 00 27 00 F7 D2 E5 EA F3 F9 E5 E5 20 E2 F0 E5 EC FF 20 20 20 20 20 20 20 30 39 3A 30 31 3A 35 30 00 20 20 20 60 A5   // прием: 39 байт; 09:02:10:976 09.03.2018
// таймаут: 60 мсек

Текущее время   
    09:01:50    

CA E0 EB FE EC ED FB 20 

01 00 07 00 F7 E9 87   // передача: 7 байт; 09:02:11:478 09.03.2018
// приём по количеству байт: 39 из 39
// принято с порта: 39 байт

01 00 27 00 F7 D2 E5 EA F3 F9 E5 E5 20 E2 F0 E5 EC FF 20 20 20 20 20 20 20 30 39 3A 30 31 3A 35 30 00 20 20 20 60 A5   // прием: 39 байт; 09:02:11:538 09.03.2018
// таймаут: 60 мсек

Текущее время   
    09:01:50    

CA E0 EB FE EC ED FB 20 

01 00 07 00 F7 E9 87   // передача: 7 байт; 09:02:12:048 09.03.2018
// приём по количеству байт: 39 из 39
// принято с порта: 39 байт

01 00 27 00 F7 D2 E5 EA F3 F9 E5 E5 20 E2 F0 E5 EC FF 20 20 20 20 20 20 20 30 39 3A 30 31 3A 35 31 00 20 20 20 5D 65   // прием: 39 байт; 09:02:12:108 09.03.2018
// таймаут: 60 мсек

Текущее время   
    09:01:51    

CA E0 EB FE EC ED FB 20 

01 00 07 00 F7 E9 87   // передача: 7 байт; 09:02:12:608 09.03.2018
// приём по количеству байт: 39 из 39
// принято с порта: 39 байт

01 00 27 00 F7 D2 E5 EA F3 F9 E5 E5 20 E2 F0 E5 EC FF 20 20 20 20 20 20 20 30 39 3A 30 31 3A 35 31 00 20 20 20 5D 65   // прием: 39 байт; 09:02:12:668 09.03.2018
// таймаут: 60 мсек

Текущее время   
    09:01:51    

CA E0 EB FE EC ED FB 20 

01 00 07 00 F7 E9 87   // передача: 7 байт; 09:02:13:178 09.03.2018
// приём по количеству байт: 39 из 39
// принято с порта: 39 байт

01 00 27 00 F7 D2 E5 EA F3 F9 E5 E5 20 E2 F0 E5 EC FF 20 20 20 20 20 20 20 30 39 3A 30 31 3A 35 32 00 20 20 20 19 65   // прием: 39 байт; 09:02:13:238 09.03.2018
// таймаут: 60 мсек

Текущее время   
    09:01:52    

CA E0 EB FE EC ED FB 20 

01 00 07 00 F7 E9 87   // передача: 7 байт; 09:02:13:748 09.03.2018
// приём по количеству байт: 39 из 39
// принято с порта: 39 байт

01 00 27 00 F7 D2 E5 EA F3 F9 E5 E5 20 E2 F0 E5 EC FF 20 20 20 20 20 20 20 30 39 3A 30 31 3A 35 32 00 20 20 20 19 65   // прием: 39 байт; 09:02:13:808 09.03.2018
// таймаут: 60 мсек

Текущее время   
    09:01:52    

CA E0 EB FE EC ED FB 20 

01 00 07 00 F7 E9 87   // передача: 7 байт; 09:02:14:308 09.03.2018
// приём по количеству байт: 39 из 39
// принято с порта: 39 байт

01 00 27 00 F7 D2 E5 EA F3 F9 E5 E5 20 E2 F0 E5 EC FF 20 20 20 20 20 20 20 30 39 3A 30 31 3A 35 33 00 20 20 20 24 A5   // прием: 39 байт; 09:02:14:368 09.03.2018
// таймаут: 60 мсек

Текущее время   
    09:01:53    

CA E0 EB FE EC ED FB 20 

01 00 07 00 F7 E9 87   // передача: 7 байт; 09:02:14:878 09.03.2018
// приём по количеству байт: 39 из 39
// принято с порта: 39 байт

01 00 27 00 F7 D2 E5 EA F3 F9 E5 E5 20 E2 F0 E5 EC FF 20 20 20 20 20 20 20 30 39 3A 30 31 3A 35 34 00 20 20 20 91 65   // прием: 39 байт; 09:02:14:938 09.03.2018
// таймаут: 60 мсек

Текущее время   
    09:01:54    

CA E0 EB FE EC ED FB 20 

01 00 07 00 F7 E9 87   // передача: 7 байт; 09:02:15:448 09.03.2018
// приём по количеству байт: 39 из 39
// принято с порта: 39 байт

01 00 27 00 F7 D2 E5 EA F3 F9 E5 E5 20 E2 F0 E5 EC FF 20 20 20 20 20 20 20 30 39 3A 30 31 3A 35 34 00 20 20 20 91 65   // прием: 39 байт; 09:02:15:508 09.03.2018
// таймаут: 60 мсек

Текущее время   
    09:01:54    

CA E0 EB FE EC ED FB 20 

01 00 07 00 F7 E9 87   // передача: 7 байт; 09:02:15:998 09.03.2018
// приём по количеству байт: 39 из 39
// принято с порта: 39 байт

01 00 27 00 F7 D2 E5 EA F3 F9 E5 E5 20 E2 F0 E5 EC FF 20 20 20 20 20 20 20 30 39 3A 30 31 3A 35 35 00 20 20 20 AC A5   // прием: 39 байт; 09:02:16:058 09.03.2018
// таймаут: 60 мсек

Текущее время   
    09:01:55    

CA E0 EB FE EC ED FB 20 

01 00 07 00 F7 E9 87   // передача: 7 байт; 09:02:16:578 09.03.2018
// приём по количеству байт: 39 из 39
// принято с порта: 39 байт

01 00 27 00 F7 D2 E5 EA F3 F9 E5 E5 20 E2 F0 E5 EC FF 20 20 20 20 20 20 20 30 39 3A 30 31 3A 35 35 00 20 20 20 AC A5   // прием: 39 байт; 09:02:16:638 09.03.2018
// таймаут: 60 мсек

Текущее время   
    09:01:55    

CA E0 EB FE EC ED FB 20 

01 00 07 00 F7 E9 87   // передача: 7 байт; 09:02:17:148 09.03.2018
// приём по количеству байт: 39 из 39
// принято с порта: 39 байт

01 00 27 00 F7 D2 E5 EA F3 F9 E5 E5 20 E2 F0 E5 EC FF 20 20 20 20 20 20 20 30 39 3A 30 31 3A 35 36 00 20 20 20 E8 A5   // прием: 39 байт; 09:02:17:208 09.03.2018
// таймаут: 60 мсек

Текущее время   
    09:01:56    

CA E0 EB FE EC ED FB 20 

01 00 07 00 F7 E9 87   // передача: 7 байт; 09:02:17:718 09.03.2018
// приём по количеству байт: 39 из 39
// принято с порта: 39 байт

01 00 27 00 F7 D2 E5 EA F3 F9 E5 E5 20 E2 F0 E5 EC FF 20 20 20 20 20 20 20 30 39 3A 30 31 3A 35 36 00 20 20 20 E8 A5   // прием: 39 байт; 09:02:17:778 09.03.2018
// таймаут: 60 мсек

Текущее время   
    09:01:56    

// О программе
