
CA E0 EB FE EC ED FB 20 

00 00 08 00 FF 15 82 44   // передача: 8 байт; 19:35:17:857 13.12.2019
// приём по таймауту: 1000 мс
// принято с порта: 0 байт
повтор: 1

CA E0 EB FE EC ED FB 20 

00 00 08 00 FF 15 82 44   // передача: 8 байт; 19:35:18:830 13.12.2019
// приём по таймауту: 1000 мс
// принято с порта: 0 байт
повтор: 2

CA E0 EB FE EC ED FB 20 

00 00 08 00 FF 15 82 44   // передача: 8 байт; 19:35:19:844 13.12.2019
// приём по таймауту: 1000 мс
// принято с порта: 0 байт
повтор: 3

CA E0 EB FE EC ED FB 20 

00 00 08 00 FF 15 82 44   // передача: 8 байт; 19:35:20:857 13.12.2019
// приём по таймауту: 1000 мс
// принято с порта: 0 байт
повтор: 4

CA E0 EB FE EC ED FB 20 

00 00 08 00 FF 15 82 44   // передача: 8 байт; 19:35:21:871 13.12.2019
// приём по таймауту: 1000 мс
// принято с порта: 0 байт
повтор: 5

CA E0 EB FE EC ED FB 20 

00 00 08 00 FF 15 82 44   // передача: 8 байт; 19:35:22:884 13.12.2019
// приём по таймауту: 1000 мс
// принято с порта: 0 байт

// О программе
