
CA E0 EB FE EC ED FB 20 

00 00 07 00 F7 D4 47   // передача: 7 байт; 07:56:15:367 03.03.2018
// приём по таймауту: 1000 мс
// принято с порта: 0 байт
повтор: 1

CA E0 EB FE EC ED FB 20 

00 00 07 00 F7 D4 47   // передача: 7 байт; 07:56:16:377 03.03.2018

CA E0 EB FE EC ED FB 20 

00 00 07 00 F7 D4 47   // передача: 7 байт; 07:56:17:077 03.03.2018
// приём по количеству байт: 39 из 39
// принято с порта: 39 байт

01 00 27 00 F7 CD E0 F1 F2 F0 EE E9 EA E0 20 20 20 20 20 20 20 20 20 20 20 20 20 20 20 20 20 20 20 20 20 20 20 5D 58   // прием: 39 байт; 07:56:17:367 03.03.2018
// таймаут: 290 мсек

Настройка       
                

CA E0 EB FE EC ED FB 20 

00 00 07 00 F7 D4 47   // передача: 7 байт; 07:56:18:157 03.03.2018
// приём по количеству байт: 39 из 39
// принято с порта: 39 байт

01 00 27 00 F7 CD E0 F1 F2 F0 EE E9 EA E0 20 20 20 20 20 20 20 20 20 20 20 20 20 20 20 20 20 20 20 20 20 20 20 5D 58   // прием: 39 байт; 07:56:18:227 03.03.2018
// таймаут: 70 мсек

Настройка       
                

CA E0 EB FE EC ED FB 20 

00 00 08 00 F6 0C 45 DE   // передача: 8 байт; 07:56:19:508 03.03.2018
// приём по количеству байт: 9 из 9
// принято с порта: 9 байт

01 00 09 00 F6 00 00 37 F3   // прием: 9 байт; 07:56:19:538 03.03.2018
// таймаут: 30 мсек


CA E0 EB FE EC ED FB 20 

00 00 07 00 F7 D4 47   // передача: 7 байт; 07:56:19:538 03.03.2018
// приём по количеству байт: 39 из 39
// принято с порта: 39 байт

01 00 27 00 F7 CF F0 EE E3 F0 E0 EC EC E0 20 3F 20 20 20 20 20 2D 5F 5F 5F 20 20 20 20 20 20 20 20 20 20 20 20 16 D2   // прием: 39 байт; 07:56:19:608 03.03.2018
// таймаут: 70 мсек

Программа ?     
-___            

CA E0 EB FE EC ED FB 20 

00 00 08 00 F6 08 44 1D   // передача: 8 байт; 07:56:20:168 03.03.2018
// приём по количеству байт: 9 из 9
// принято с порта: 9 байт

01 00 09 00 F6 00 00 37 F3   // прием: 9 байт; 07:56:20:198 03.03.2018
// таймаут: 30 мсек


CA E0 EB FE EC ED FB 20 

00 00 07 00 F7 D4 47   // передача: 7 байт; 07:56:20:208 03.03.2018
// приём по количеству байт: 39 из 39
// принято с порта: 39 байт

01 00 27 00 F7 CF F0 EE E3 F0 E0 EC EC E0 20 3F 20 20 20 20 20 2D 5F 5F 38 20 20 20 20 20 20 20 20 20 20 20 20 9C 35   // прием: 39 байт; 07:56:20:268 03.03.2018
// таймаут: 60 мсек

Программа ?     
-__8            

CA E0 EB FE EC ED FB 20 

00 00 08 00 F6 01 84 1B   // передача: 8 байт; 07:56:20:688 03.03.2018
// приём по количеству байт: 9 из 9
// принято с порта: 9 байт

01 00 09 00 F6 00 00 37 F3   // прием: 9 байт; 07:56:20:718 03.03.2018
// таймаут: 30 мсек


CA E0 EB FE EC ED FB 20 

00 00 07 00 F7 D4 47   // передача: 7 байт; 07:56:20:728 03.03.2018
// приём по количеству байт: 39 из 39
// принято с порта: 39 байт

01 00 27 00 F7 CF F0 EE E3 F0 E0 EC EC E0 20 3F 20 20 20 20 20 2D 5F 38 31 20 20 20 20 20 20 20 20 20 20 20 20 E7 5B   // прием: 39 байт; 07:56:20:788 03.03.2018
// таймаут: 60 мсек

Программа ?     
-_81            

CA E0 EB FE EC ED FB 20 

00 00 08 00 F6 0D 84 1E   // передача: 8 байт; 07:56:21:788 03.03.2018
// приём по количеству байт: 9 из 9
// принято с порта: 9 байт

01 00 09 00 F6 00 00 37 F3   // прием: 9 байт; 07:56:21:828 03.03.2018
// таймаут: 40 мсек


CA E0 EB FE EC ED FB 20 

00 00 07 00 F7 D4 47   // передача: 7 байт; 07:56:21:828 03.03.2018
// приём по количеству байт: 39 из 39
// принято с порта: 39 байт

01 00 27 00 F7 CF EE EB ED FB E9 20 F1 E1 F0 EE F1 20 20 20 20 2E ED E5 F2 00 20 20 20 20 20 20 20 20 20 20 20 86 62   // прием: 39 байт; 07:56:21:888 03.03.2018
// таймаут: 60 мсек

Полный сброс    
.нет            

CA E0 EB FE EC ED FB 20 

00 00 08 00 F6 0B 04 1C   // передача: 8 байт; 07:56:22:228 03.03.2018
// приём по количеству байт: 9 из 9
// принято с порта: 9 байт

01 00 09 00 F6 00 00 37 F3   // прием: 9 байт; 07:56:22:268 03.03.2018
// таймаут: 40 мсек


CA E0 EB FE EC ED FB 20 

00 00 07 00 F7 D4 47   // передача: 7 байт; 07:56:22:268 03.03.2018
// приём по количеству байт: 39 из 39
// принято с порта: 39 байт

01 00 27 00 F7 CF EE EB ED FB E9 20 F1 E1 F0 EE F1 20 20 20 20 2E E4 E0 20 00 20 20 20 20 20 20 20 20 20 20 20 72 B2   // прием: 39 байт; 07:56:22:338 03.03.2018
// таймаут: 70 мсек

Полный сброс    
.да             

CA E0 EB FE EC ED FB 20 

00 00 08 00 F6 0D 84 1E   // передача: 8 байт; 07:56:22:758 03.03.2018
// приём по количеству байт: 9 из 9
// принято с порта: 9 байт

01 00 09 00 F6 00 00 37 F3   // прием: 9 байт; 07:56:22:798 03.03.2018
// таймаут: 40 мсек


CA E0 EB FE EC ED FB 20 

00 00 07 00 F7 D4 47   // передача: 7 байт; 07:56:22:798 03.03.2018
// приём по количеству байт: 39 из 39
// принято с порта: 39 байт

01 00 27 00 F7 D2 E5 F1 F2 20 EF E0 EC FF F2 E8 3A 20 31 20 20 20 20 20 20 20 20 20 30 25 00 20 20 20 20 20 20 C2 1C   // прием: 39 байт; 07:56:22:868 03.03.2018
// таймаут: 70 мсек

Тест памяти: 1  
       0%       

CA E0 EB FE EC ED FB 20 

00 00 07 00 F7 D4 47   // передача: 7 байт; 07:56:24:488 03.03.2018
// приём по количеству байт: 39 из 39
// принято с порта: 39 байт

01 00 27 00 F7 D2 E5 F1 F2 20 EF E0 EC FF F2 E8 3A 20 31 20 20 20 20 20 20 20 20 33 31 25 00 20 20 20 20 20 20 3E 16   // прием: 39 байт; 07:56:24:558 03.03.2018
// таймаут: 70 мсек

Тест памяти: 1  
      31%       

CA E0 EB FE EC ED FB 20 

00 00 07 00 F7 D4 47   // передача: 7 байт; 07:56:25:048 03.03.2018
// приём по количеству байт: 39 из 39
// принято с порта: 39 байт

01 00 27 00 F7 D2 E5 F1 F2 20 EF E0 EC FF F2 E8 3A 20 31 20 20 20 20 20 20 20 20 34 31 25 00 20 20 20 20 20 20 8F CC   // прием: 39 байт; 07:56:25:108 03.03.2018
// таймаут: 60 мсек

Тест памяти: 1  
      41%       

CA E0 EB FE EC ED FB 20 

00 00 07 00 F7 D4 47   // передача: 7 байт; 07:56:25:628 03.03.2018
// приём по количеству байт: 39 из 39
// принято с порта: 39 байт

01 00 27 00 F7 D2 E5 F1 F2 20 EF E0 EC FF F2 E8 3A 20 31 20 20 20 20 20 20 20 20 35 31 25 00 20 20 20 20 20 20 DE 09   // прием: 39 байт; 07:56:25:688 03.03.2018
// таймаут: 60 мсек

Тест памяти: 1  
      51%       

CA E0 EB FE EC ED FB 20 

00 00 07 00 F7 D4 47   // передача: 7 байт; 07:56:26:208 03.03.2018
// приём по количеству байт: 39 из 39
// принято с порта: 39 байт

01 00 27 00 F7 D2 E5 F1 F2 20 EF E0 EC FF F2 E8 3A 20 31 20 20 20 20 20 20 20 20 36 32 25 00 20 20 20 20 20 20 3A F6   // прием: 39 байт; 07:56:26:278 03.03.2018
// таймаут: 70 мсек

Тест памяти: 1  
      62%       

CA E0 EB FE EC ED FB 20 

00 00 07 00 F7 D4 47   // передача: 7 байт; 07:56:26:768 03.03.2018
// приём по количеству байт: 39 из 39
// принято с порта: 39 байт

01 00 27 00 F7 D2 E5 F1 F2 20 EF E0 EC FF F2 E8 3A 20 31 20 20 20 20 20 20 20 20 37 32 25 00 20 20 20 20 20 20 6B 33   // прием: 39 байт; 07:56:26:828 03.03.2018
// таймаут: 60 мсек

Тест памяти: 1  
      72%       

CA E0 EB FE EC ED FB 20 

00 00 07 00 F7 D4 47   // передача: 7 байт; 07:56:27:349 03.03.2018
// приём по количеству байт: 39 из 39
// принято с порта: 39 байт

01 00 27 00 F7 D2 E5 F1 F2 20 EF E0 EC FF F2 E8 3A 20 31 20 20 20 20 20 20 20 20 38 32 25 00 20 20 20 20 20 20 5B 03   // прием: 39 байт; 07:56:27:419 03.03.2018
// таймаут: 70 мсек

Тест памяти: 1  
      82%       

CA E0 EB FE EC ED FB 20 

00 00 07 00 F7 D4 47   // передача: 7 байт; 07:56:27:942 03.03.2018
// приём по количеству байт: 39 из 39
// принято с порта: 39 байт

01 00 27 00 F7 D2 E5 F1 F2 20 EF E0 EC FF F2 E8 3A 20 31 20 20 20 20 20 20 20 20 39 34 25 00 20 20 20 20 20 20 21 66   // прием: 39 байт; 07:56:28:014 03.03.2018
// таймаут: 72 мсек

Тест памяти: 1  
      94%       

CA E0 EB FE EC ED FB 20 

00 00 07 00 F7 D4 47   // передача: 7 байт; 07:56:28:528 03.03.2018
// приём по количеству байт: 39 из 39
// принято с порта: 39 байт

01 00 27 00 F7 D2 E5 F1 F2 20 EF E0 EC FF F2 E8 3A 20 32 20 20 20 20 20 20 20 20 20 31 25 00 20 20 20 20 20 20 8B C8   // прием: 39 байт; 07:56:28:603 03.03.2018
// таймаут: 75 мсек

Тест памяти: 2  
       1%       

CA E0 EB FE EC ED FB 20 

00 00 07 00 F7 D4 47   // передача: 7 байт; 07:56:29:105 03.03.2018
// приём по количеству байт: 39 из 39
// принято с порта: 39 байт

01 00 27 00 F7 D2 E5 F1 F2 20 EF E0 EC FF F2 E8 3A 20 32 20 20 20 20 20 20 20 20 20 31 25 00 20 20 20 20 20 20 8B C8   // прием: 39 байт; 07:56:29:171 03.03.2018
// таймаут: 66 мсек

Тест памяти: 2  
       1%       

CA E0 EB FE EC ED FB 20 

00 00 07 00 F7 D4 47   // передача: 7 байт; 07:56:29:682 03.03.2018
// приём по количеству байт: 39 из 39
// принято с порта: 39 байт

01 00 27 00 F7 D2 E5 F1 F2 20 EF E0 EC FF F2 E8 3A 20 32 20 20 20 20 20 20 20 20 20 32 25 00 20 20 20 20 20 20 9F 38   // прием: 39 байт; 07:56:29:753 03.03.2018
// таймаут: 71 мсек

Тест памяти: 2  
       2%       

CA E0 EB FE EC ED FB 20 

00 00 07 00 F7 D4 47   // передача: 7 байт; 07:56:30:260 03.03.2018
// приём по количеству байт: 39 из 39
// принято с порта: 39 байт

01 00 27 00 F7 D2 E5 F1 F2 20 EF E0 EC FF F2 E8 3A 20 32 20 20 20 20 20 20 20 20 20 33 25 00 20 20 20 20 20 20 92 A8   // прием: 39 байт; 07:56:30:326 03.03.2018
// таймаут: 66 мсек

Тест памяти: 2  
       3%       

CA E0 EB FE EC ED FB 20 

00 00 07 00 F7 D4 47   // передача: 7 байт; 07:56:30:824 03.03.2018
// приём по количеству байт: 39 из 39
// принято с порта: 39 байт

01 00 27 00 F7 D2 E5 F1 F2 20 EF E0 EC FF F2 E8 3A 20 32 20 20 20 20 20 20 20 20 20 34 25 00 20 20 20 20 20 20 B4 98   // прием: 39 байт; 07:56:30:895 03.03.2018
// таймаут: 71 мсек

Тест памяти: 2  
       4%       

CA E0 EB FE EC ED FB 20 

00 00 07 00 F7 D4 47   // передача: 7 байт; 07:56:31:399 03.03.2018
// приём по количеству байт: 39 из 39
// принято с порта: 39 байт

01 00 27 00 F7 D2 E5 F1 F2 20 EF E0 EC FF F2 E8 3A 20 32 20 20 20 20 20 20 20 20 20 35 25 00 20 20 20 20 20 20 B9 08   // прием: 39 байт; 07:56:31:470 03.03.2018
// таймаут: 71 мсек

Тест памяти: 2  
       5%       

CA E0 EB FE EC ED FB 20 

00 00 07 00 F7 D4 47   // передача: 7 байт; 07:56:31:976 03.03.2018
// приём по количеству байт: 39 из 39
// принято с порта: 39 байт

01 00 27 00 F7 D2 E5 F1 F2 20 EF E0 EC FF F2 E8 3A 20 32 20 20 20 20 20 20 20 20 20 36 25 00 20 20 20 20 20 20 AD F8   // прием: 39 байт; 07:56:32:042 03.03.2018
// таймаут: 66 мсек

Тест памяти: 2  
       6%       

CA E0 EB FE EC ED FB 20 

00 00 07 00 F7 D4 47   // передача: 7 байт; 07:56:32:542 03.03.2018
// приём по количеству байт: 39 из 39
// принято с порта: 39 байт

01 00 27 00 F7 D2 E5 F1 F2 20 EF E0 EC FF F2 E8 3A 20 32 20 20 20 20 20 20 20 20 20 36 25 00 20 20 20 20 20 20 AD F8   // прием: 39 байт; 07:56:32:613 03.03.2018
// таймаут: 71 мсек

Тест памяти: 2  
       6%       

CA E0 EB FE EC ED FB 20 

00 00 07 00 F7 D4 47   // передача: 7 байт; 07:56:33:123 03.03.2018
// приём по количеству байт: 39 из 39
// принято с порта: 39 байт

01 00 27 00 F7 D2 E5 F1 F2 20 EF E0 EC FF F2 E8 3A 20 32 20 20 20 20 20 20 20 20 20 37 25 00 20 20 20 20 20 20 A0 68   // прием: 39 байт; 07:56:33:193 03.03.2018
// таймаут: 70 мсек

Тест памяти: 2  
       7%       

CA E0 EB FE EC ED FB 20 

00 00 07 00 F7 D4 47   // передача: 7 байт; 07:56:33:713 03.03.2018
// приём по количеству байт: 39 из 39
// принято с порта: 39 байт

01 00 27 00 F7 D2 E5 F1 F2 20 EF E0 EC FF F2 E8 3A 20 32 20 20 20 20 20 20 20 20 20 38 25 00 20 20 20 20 20 20 E1 98   // прием: 39 байт; 07:56:33:773 03.03.2018
// таймаут: 60 мсек

Тест памяти: 2  
       8%       

CA E0 EB FE EC ED FB 20 

00 00 07 00 F7 D4 47   // передача: 7 байт; 07:56:34:285 03.03.2018
// приём по количеству байт: 39 из 39
// принято с порта: 39 байт

01 00 27 00 F7 D2 E5 F1 F2 20 EF E0 EC FF F2 E8 3A 20 32 20 20 20 20 20 20 20 20 20 39 25 00 20 20 20 20 20 20 EC 08   // прием: 39 байт; 07:56:34:355 03.03.2018
// таймаут: 70 мсек

Тест памяти: 2  
       9%       

CA E0 EB FE EC ED FB 20 

00 00 07 00 F7 D4 47   // передача: 7 байт; 07:56:34:856 03.03.2018
// приём по количеству байт: 39 из 39
// принято с порта: 39 байт

01 00 27 00 F7 D2 E5 F1 F2 20 EF E0 EC FF F2 E8 3A 20 32 20 20 20 20 20 20 20 20 31 30 25 00 20 20 20 20 20 20 D6 08   // прием: 39 байт; 07:56:34:926 03.03.2018
// таймаут: 70 мсек

Тест памяти: 2  
      10%       

CA E0 EB FE EC ED FB 20 

00 00 07 00 F7 D4 47   // передача: 7 байт; 07:56:35:440 03.03.2018
// приём по количеству байт: 39 из 39
// принято с порта: 39 байт

01 00 27 00 F7 D2 E5 F1 F2 20 EF E0 EC FF F2 E8 3A 20 32 20 20 20 20 20 20 20 20 31 31 25 00 20 20 20 20 20 20 DB 98   // прием: 39 байт; 07:56:35:511 03.03.2018
// таймаут: 71 мсек

Тест памяти: 2  
      11%       

CA E0 EB FE EC ED FB 20 

00 00 07 00 F7 D4 47   // передача: 7 байт; 07:56:36:017 03.03.2018
// приём по количеству байт: 39 из 39
// принято с порта: 39 байт

01 00 27 00 F7 D2 E5 F1 F2 20 EF E0 EC FF F2 E8 3A 20 32 20 20 20 20 20 20 20 20 31 31 25 00 20 20 20 20 20 20 DB 98   // прием: 39 байт; 07:56:36:088 03.03.2018
// таймаут: 71 мсек

Тест памяти: 2  
      11%       

CA E0 EB FE EC ED FB 20 

00 00 07 00 F7 D4 47   // передача: 7 байт; 07:56:36:596 03.03.2018
// приём по количеству байт: 39 из 39
// принято с порта: 39 байт

01 00 27 00 F7 D2 E5 F1 F2 20 EF E0 EC FF F2 E8 3A 20 32 20 20 20 20 20 20 20 20 31 32 25 00 20 20 20 20 20 20 CF 68   // прием: 39 байт; 07:56:36:666 03.03.2018
// таймаут: 70 мсек

Тест памяти: 2  
      12%       

CA E0 EB FE EC ED FB 20 

00 00 07 00 F7 D4 47   // передача: 7 байт; 07:56:37:176 03.03.2018
// приём по количеству байт: 39 из 39
// принято с порта: 39 байт

01 00 27 00 F7 D2 E5 F1 F2 20 EF E0 EC FF F2 E8 3A 20 32 20 20 20 20 20 20 20 20 31 33 25 00 20 20 20 20 20 20 C2 F8   // прием: 39 байт; 07:56:37:246 03.03.2018
// таймаут: 70 мсек

Тест памяти: 2  
      13%       

CA E0 EB FE EC ED FB 20 

00 00 07 00 F7 D4 47   // передача: 7 байт; 07:56:37:736 03.03.2018
// приём по количеству байт: 39 из 39
// принято с порта: 39 байт

01 00 27 00 F7 D2 E5 F1 F2 20 EF E0 EC FF F2 E8 3A 20 32 20 20 20 20 20 20 20 20 31 34 25 00 20 20 20 20 20 20 E4 C8   // прием: 39 байт; 07:56:37:803 03.03.2018
// таймаут: 67 мсек

Тест памяти: 2  
      14%       

CA E0 EB FE EC ED FB 20 

00 00 07 00 F7 D4 47   // передача: 7 байт; 07:56:38:313 03.03.2018
// приём по количеству байт: 39 из 39
// принято с порта: 39 байт

01 00 27 00 F7 D2 E5 F1 F2 20 EF E0 EC FF F2 E8 3A 20 32 20 20 20 20 20 20 20 20 31 35 25 00 20 20 20 20 20 20 E9 58   // прием: 39 байт; 07:56:38:375 03.03.2018
// таймаут: 62 мсек

Тест памяти: 2  
      15%       

CA E0 EB FE EC ED FB 20 

00 00 07 00 F7 D4 47   // передача: 7 байт; 07:56:38:889 03.03.2018
// приём по количеству байт: 39 из 39
// принято с порта: 39 байт

01 00 27 00 F7 D2 E5 F1 F2 20 EF E0 EC FF F2 E8 3A 20 32 20 20 20 20 20 20 20 20 31 36 25 00 20 20 20 20 20 20 FD A8   // прием: 39 байт; 07:56:38:955 03.03.2018
// таймаут: 66 мсек

Тест памяти: 2  
      16%       

CA E0 EB FE EC ED FB 20 

00 00 07 00 F7 D4 47   // передача: 7 байт; 07:56:39:456 03.03.2018
// приём по количеству байт: 39 из 39
// принято с порта: 39 байт

01 00 27 00 F7 D2 E5 F1 F2 20 EF E0 EC FF F2 E8 3A 20 32 20 20 20 20 20 20 20 20 31 36 25 00 20 20 20 20 20 20 FD A8   // прием: 39 байт; 07:56:39:519 03.03.2018
// таймаут: 63 мсек

Тест памяти: 2  
      16%       

CA E0 EB FE EC ED FB 20 

00 00 07 00 F7 D4 47   // передача: 7 байт; 07:56:40:032 03.03.2018
// приём по количеству байт: 39 из 39
// принято с порта: 39 байт

01 00 27 00 F7 D2 E5 F1 F2 20 EF E0 EC FF F2 E8 3A 20 32 20 20 20 20 20 20 20 20 31 37 25 00 20 20 20 20 20 20 F0 38   // прием: 39 байт; 07:56:40:102 03.03.2018
// таймаут: 70 мсек

Тест памяти: 2  
      17%       

CA E0 EB FE EC ED FB 20 

00 00 07 00 F7 D4 47   // передача: 7 байт; 07:56:40:606 03.03.2018
// приём по количеству байт: 39 из 39
// принято с порта: 39 байт

01 00 27 00 F7 D2 E5 F1 F2 20 EF E0 EC FF F2 E8 3A 20 32 20 20 20 20 20 20 20 20 31 38 25 00 20 20 20 20 20 20 B1 C8   // прием: 39 байт; 07:56:40:679 03.03.2018
// таймаут: 73 мсек

Тест памяти: 2  
      18%       

CA E0 EB FE EC ED FB 20 

00 00 07 00 F7 D4 47   // передача: 7 байт; 07:56:41:201 03.03.2018
// приём по количеству байт: 39 из 39
// принято с порта: 39 байт

01 00 27 00 F7 D2 E5 F1 F2 20 EF E0 EC FF F2 E8 3A 20 32 20 20 20 20 20 20 20 20 31 39 25 00 20 20 20 20 20 20 BC 58   // прием: 39 байт; 07:56:41:271 03.03.2018
// таймаут: 70 мсек

Тест памяти: 2  
      19%       

CA E0 EB FE EC ED FB 20 

00 00 07 00 F7 D4 47   // передача: 7 байт; 07:56:41:776 03.03.2018
// приём по количеству байт: 39 из 39
// принято с порта: 39 байт

01 00 27 00 F7 D2 E5 F1 F2 20 EF E0 EC FF F2 E8 3A 20 32 20 20 20 20 20 20 20 20 32 30 25 00 20 20 20 20 20 20 26 07   // прием: 39 байт; 07:56:41:852 03.03.2018
// таймаут: 76 мсек

Тест памяти: 2  
      20%       

CA E0 EB FE EC ED FB 20 

00 00 07 00 F7 D4 47   // передача: 7 байт; 07:56:42:366 03.03.2018
// приём по количеству байт: 39 из 39
// принято с порта: 39 байт

01 00 27 00 F7 D2 E5 F1 F2 20 EF E0 EC FF F2 E8 3A 20 32 20 20 20 20 20 20 20 20 32 31 25 00 20 20 20 20 20 20 2B 97   // прием: 39 байт; 07:56:42:435 03.03.2018
// таймаут: 69 мсек

Тест памяти: 2  
      21%       

CA E0 EB FE EC ED FB 20 

00 00 07 00 F7 D4 47   // передача: 7 байт; 07:56:42:943 03.03.2018
// приём по количеству байт: 39 из 39
// принято с порта: 39 байт

01 00 27 00 F7 D2 E5 F1 F2 20 EF E0 EC FF F2 E8 3A 20 32 20 20 20 20 20 20 20 20 32 31 25 00 20 20 20 20 20 20 2B 97   // прием: 39 байт; 07:56:43:018 03.03.2018
// таймаут: 75 мсек

Тест памяти: 2  
      21%       

CA E0 EB FE EC ED FB 20 

00 00 07 00 F7 D4 47   // передача: 7 байт; 07:56:43:505 03.03.2018
// приём по количеству байт: 39 из 39
// принято с порта: 39 байт

01 00 27 00 F7 D2 E5 F1 F2 20 EF E0 EC FF F2 E8 3A 20 32 20 20 20 20 20 20 20 20 32 32 25 00 20 20 20 20 20 20 3F 67   // прием: 39 байт; 07:56:43:571 03.03.2018
// таймаут: 66 мсек

Тест памяти: 2  
      22%       

CA E0 EB FE EC ED FB 20 

00 00 07 00 F7 D4 47   // передача: 7 байт; 07:56:44:082 03.03.2018
// приём по количеству байт: 39 из 39
// принято с порта: 39 байт

01 00 27 00 F7 D2 E5 F1 F2 20 EF E0 EC FF F2 E8 3A 20 32 20 20 20 20 20 20 20 20 32 33 25 00 20 20 20 20 20 20 32 F7   // прием: 39 байт; 07:56:44:156 03.03.2018
// таймаут: 74 мсек

Тест памяти: 2  
      23%       

CA E0 EB FE EC ED FB 20 

00 00 07 00 F7 D4 47   // передача: 7 байт; 07:56:44:659 03.03.2018
// приём по количеству байт: 39 из 39
// принято с порта: 39 байт

01 00 27 00 F7 D2 E5 F1 F2 20 EF E0 EC FF F2 E8 3A 20 32 20 20 20 20 20 20 20 20 32 34 25 00 20 20 20 20 20 20 14 C7   // прием: 39 байт; 07:56:44:731 03.03.2018
// таймаут: 72 мсек

Тест памяти: 2  
      24%       

CA E0 EB FE EC ED FB 20 

00 00 07 00 F7 D4 47   // передача: 7 байт; 07:56:45:223 03.03.2018
// приём по количеству байт: 39 из 39
// принято с порта: 39 байт

01 00 27 00 F7 D2 E5 F1 F2 20 EF E0 EC FF F2 E8 3A 20 32 20 20 20 20 20 20 20 20 32 35 25 00 20 20 20 20 20 20 19 57   // прием: 39 байт; 07:56:45:293 03.03.2018
// таймаут: 70 мсек

Тест памяти: 2  
      25%       

CA E0 EB FE EC ED FB 20 

00 00 07 00 F7 D4 47   // передача: 7 байт; 07:56:45:798 03.03.2018
// приём по количеству байт: 39 из 39
// принято с порта: 39 байт

01 00 27 00 F7 D2 E5 F1 F2 20 EF E0 EC FF F2 E8 3A 20 32 20 20 20 20 20 20 20 20 32 36 25 00 20 20 20 20 20 20 0D A7   // прием: 39 байт; 07:56:45:866 03.03.2018
// таймаут: 68 мсек

Тест памяти: 2  
      26%       

CA E0 EB FE EC ED FB 20 

00 00 07 00 F7 D4 47   // передача: 7 байт; 07:56:46:375 03.03.2018
// приём по количеству байт: 39 из 39
// принято с порта: 39 байт

01 00 27 00 F7 D2 E5 F1 F2 20 EF E0 EC FF F2 E8 3A 20 32 20 20 20 20 20 20 20 20 32 36 25 00 20 20 20 20 20 20 0D A7   // прием: 39 байт; 07:56:46:442 03.03.2018
// таймаут: 67 мсек

Тест памяти: 2  
      26%       

CA E0 EB FE EC ED FB 20 

00 00 07 00 F7 D4 47   // передача: 7 байт; 07:56:46:936 03.03.2018
// приём по количеству байт: 39 из 39
// принято с порта: 39 байт

01 00 27 00 F7 D2 E5 F1 F2 20 EF E0 EC FF F2 E8 3A 20 32 20 20 20 20 20 20 20 20 32 37 25 00 20 20 20 20 20 20 00 37   // прием: 39 байт; 07:56:47:001 03.03.2018
// таймаут: 65 мсек

Тест памяти: 2  
      27%       

CA E0 EB FE EC ED FB 20 

00 00 07 00 F7 D4 47   // передача: 7 байт; 07:56:47:514 03.03.2018
// приём по количеству байт: 39 из 39
// принято с порта: 39 байт

01 00 27 00 F7 D2 E5 F1 F2 20 EF E0 EC FF F2 E8 3A 20 32 20 20 20 20 20 20 20 20 32 38 25 00 20 20 20 20 20 20 41 C7   // прием: 39 байт; 07:56:47:586 03.03.2018
// таймаут: 72 мсек

Тест памяти: 2  
      28%       

CA E0 EB FE EC ED FB 20 

00 00 07 00 F7 D4 47   // передача: 7 байт; 07:56:48:091 03.03.2018
// приём по количеству байт: 39 из 39
// принято с порта: 39 байт

01 00 27 00 F7 D2 E5 F1 F2 20 EF E0 EC FF F2 E8 3A 20 32 20 20 20 20 20 20 20 20 32 39 25 00 20 20 20 20 20 20 4C 57   // прием: 39 байт; 07:56:48:159 03.03.2018
// таймаут: 68 мсек

Тест памяти: 2  
      29%       

CA E0 EB FE EC ED FB 20 

00 00 07 00 F7 D4 47   // передача: 7 байт; 07:56:48:657 03.03.2018
// приём по количеству байт: 39 из 39
// принято с порта: 39 байт

01 00 27 00 F7 D2 E5 F1 F2 20 EF E0 EC FF F2 E8 3A 20 32 20 20 20 20 20 20 20 20 33 30 25 00 20 20 20 20 20 20 77 C2   // прием: 39 байт; 07:56:48:722 03.03.2018
// таймаут: 65 мсек

Тест памяти: 2  
      30%       

CA E0 EB FE EC ED FB 20 

00 00 07 00 F7 D4 47   // передача: 7 байт; 07:56:49:229 03.03.2018
// приём по количеству байт: 39 из 39
// принято с порта: 39 байт

01 00 27 00 F7 D2 E5 F1 F2 20 EF E0 EC FF F2 E8 3A 20 32 20 20 20 20 20 20 20 20 33 31 25 00 20 20 20 20 20 20 7A 52   // прием: 39 байт; 07:56:49:297 03.03.2018
// таймаут: 68 мсек

Тест памяти: 2  
      31%       

CA E0 EB FE EC ED FB 20 

00 00 07 00 F7 D4 47   // передача: 7 байт; 07:56:49:807 03.03.2018
// приём по количеству байт: 39 из 39
// принято с порта: 39 байт

01 00 27 00 F7 D2 E5 F1 F2 20 EF E0 EC FF F2 E8 3A 20 32 20 20 20 20 20 20 20 20 33 31 25 00 20 20 20 20 20 20 7A 52   // прием: 39 байт; 07:56:49:874 03.03.2018
// таймаут: 67 мсек

Тест памяти: 2  
      31%       

CA E0 EB FE EC ED FB 20 

00 00 07 00 F7 D4 47   // передача: 7 байт; 07:56:50:369 03.03.2018
// приём по количеству байт: 39 из 39
// принято с порта: 39 байт

01 00 27 00 F7 D2 E5 F1 F2 20 EF E0 EC FF F2 E8 3A 20 32 20 20 20 20 20 20 20 20 33 32 25 00 20 20 20 20 20 20 6E A2   // прием: 39 байт; 07:56:50:444 03.03.2018
// таймаут: 75 мсек

Тест памяти: 2  
      32%       

CA E0 EB FE EC ED FB 20 

00 00 07 00 F7 D4 47   // передача: 7 байт; 07:56:50:961 03.03.2018
// приём по количеству байт: 39 из 39
// принято с порта: 39 байт

01 00 27 00 F7 D2 E5 F1 F2 20 EF E0 EC FF F2 E8 3A 20 32 20 20 20 20 20 20 20 20 33 33 25 00 20 20 20 20 20 20 63 32   // прием: 39 байт; 07:56:51:032 03.03.2018
// таймаут: 71 мсек

Тест памяти: 2  
      33%       

CA E0 EB FE EC ED FB 20 

00 00 07 00 F7 D4 47   // передача: 7 байт; 07:56:51:538 03.03.2018
// приём по количеству байт: 39 из 39
// принято с порта: 39 байт

01 00 27 00 F7 D2 E5 F1 F2 20 EF E0 EC FF F2 E8 3A 20 32 20 20 20 20 20 20 20 20 33 34 25 00 20 20 20 20 20 20 45 02   // прием: 39 байт; 07:56:51:608 03.03.2018
// таймаут: 70 мсек

Тест памяти: 2  
      34%       

CA E0 EB FE EC ED FB 20 

00 00 07 00 F7 D4 47   // передача: 7 байт; 07:56:52:115 03.03.2018
// приём по количеству байт: 39 из 39
// принято с порта: 39 байт

01 00 27 00 F7 D2 E5 F1 F2 20 EF E0 EC FF F2 E8 3A 20 32 20 20 20 20 20 20 20 20 33 35 25 00 20 20 20 20 20 20 48 92   // прием: 39 байт; 07:56:52:181 03.03.2018
// таймаут: 66 мсек

Тест памяти: 2  
      35%       

CA E0 EB FE EC ED FB 20 

00 00 07 00 F7 D4 47   // передача: 7 байт; 07:56:52:693 03.03.2018
// приём по количеству байт: 39 из 39
// принято с порта: 39 байт

01 00 27 00 F7 D2 E5 F1 F2 20 EF E0 EC FF F2 E8 3A 20 32 20 20 20 20 20 20 20 20 33 36 25 00 20 20 20 20 20 20 5C 62   // прием: 39 байт; 07:56:52:758 03.03.2018
// таймаут: 65 мсек

Тест памяти: 2  
      36%       

CA E0 EB FE EC ED FB 20 

00 00 07 00 F7 D4 47   // передача: 7 байт; 07:56:53:254 03.03.2018
// приём по количеству байт: 39 из 39
// принято с порта: 39 байт

01 00 27 00 F7 D2 E5 F1 F2 20 EF E0 EC FF F2 E8 3A 20 32 20 20 20 20 20 20 20 20 33 36 25 00 20 20 20 20 20 20 5C 62   // прием: 39 байт; 07:56:53:324 03.03.2018
// таймаут: 70 мсек

Тест памяти: 2  
      36%       

CA E0 EB FE EC ED FB 20 

00 00 07 00 F7 D4 47   // передача: 7 байт; 07:56:53:831 03.03.2018
// приём по количеству байт: 39 из 39
// принято с порта: 39 байт

01 00 27 00 F7 D2 E5 F1 F2 20 EF E0 EC FF F2 E8 3A 20 32 20 20 20 20 20 20 20 20 33 37 25 00 20 20 20 20 20 20 51 F2   // прием: 39 байт; 07:56:53:899 03.03.2018
// таймаут: 68 мсек

Тест памяти: 2  
      37%       

CA E0 EB FE EC ED FB 20 

00 00 07 00 F7 D4 47   // передача: 7 байт; 07:56:54:408 03.03.2018
// приём по количеству байт: 39 из 39
// принято с порта: 39 байт

01 00 27 00 F7 D2 E5 F1 F2 20 EF E0 EC FF F2 E8 3A 20 32 20 20 20 20 20 20 20 20 33 38 25 00 20 20 20 20 20 20 10 02   // прием: 39 байт; 07:56:54:477 03.03.2018
// таймаут: 69 мсек

Тест памяти: 2  
      38%       

CA E0 EB FE EC ED FB 20 

00 00 07 00 F7 D4 47   // передача: 7 байт; 07:56:54:974 03.03.2018
// приём по количеству байт: 39 из 39
// принято с порта: 39 байт

01 00 27 00 F7 D2 E5 F1 F2 20 EF E0 EC FF F2 E8 3A 20 32 20 20 20 20 20 20 20 20 33 39 25 00 20 20 20 20 20 20 1D 92   // прием: 39 байт; 07:56:55:044 03.03.2018
// таймаут: 70 мсек

Тест памяти: 2  
      39%       

CA E0 EB FE EC ED FB 20 

00 00 07 00 F7 D4 47   // передача: 7 байт; 07:56:55:548 03.03.2018
// приём по количеству байт: 39 из 39
// принято с порта: 39 байт

01 00 27 00 F7 D2 E5 F1 F2 20 EF E0 EC FF F2 E8 3A 20 32 20 20 20 20 20 20 20 20 34 30 25 00 20 20 20 20 20 20 C6 18   // прием: 39 байт; 07:56:55:623 03.03.2018
// таймаут: 75 мсек

Тест памяти: 2  
      40%       

CA E0 EB FE EC ED FB 20 

00 00 07 00 F7 D4 47   // передача: 7 байт; 07:56:56:141 03.03.2018
// приём по количеству байт: 39 из 39
// принято с порта: 39 байт

01 00 27 00 F7 D2 E5 F1 F2 20 EF E0 EC FF F2 E8 3A 20 32 20 20 20 20 20 20 20 20 34 31 25 00 20 20 20 20 20 20 CB 88   // прием: 39 байт; 07:56:56:212 03.03.2018
// таймаут: 71 мсек

Тест памяти: 2  
      41%       

CA E0 EB FE EC ED FB 20 

00 00 07 00 F7 D4 47   // передача: 7 байт; 07:56:56:718 03.03.2018
// приём по количеству байт: 39 из 39
// принято с порта: 39 байт

01 00 27 00 F7 D2 E5 F1 F2 20 EF E0 EC FF F2 E8 3A 20 32 20 20 20 20 20 20 20 20 34 31 25 00 20 20 20 20 20 20 CB 88   // прием: 39 байт; 07:56:56:789 03.03.2018
// таймаут: 71 мсек

Тест памяти: 2  
      41%       

CA E0 EB FE EC ED FB 20 

00 00 07 00 F7 D4 47   // передача: 7 байт; 07:56:57:295 03.03.2018
// приём по количеству байт: 39 из 39
// принято с порта: 39 байт

01 00 27 00 F7 D2 E5 F1 F2 20 EF E0 EC FF F2 E8 3A 20 32 20 20 20 20 20 20 20 20 34 32 25 00 20 20 20 20 20 20 DF 78   // прием: 39 байт; 07:56:57:360 03.03.2018
// таймаут: 65 мсек

Тест памяти: 2  
      42%       

CA E0 EB FE EC ED FB 20 

00 00 07 00 F7 D4 47   // передача: 7 байт; 07:56:57:857 03.03.2018
// приём по количеству байт: 39 из 39
// принято с порта: 39 байт

01 00 27 00 F7 D2 E5 F1 F2 20 EF E0 EC FF F2 E8 3A 20 32 20 20 20 20 20 20 20 20 34 33 25 00 20 20 20 20 20 20 D2 E8   // прием: 39 байт; 07:56:57:928 03.03.2018
// таймаут: 71 мсек

Тест памяти: 2  
      43%       

CA E0 EB FE EC ED FB 20 

00 00 07 00 F7 D4 47   // передача: 7 байт; 07:56:58:434 03.03.2018
// приём по количеству байт: 39 из 39
// принято с порта: 39 байт

01 00 27 00 F7 D2 E5 F1 F2 20 EF E0 EC FF F2 E8 3A 20 32 20 20 20 20 20 20 20 20 34 34 25 00 20 20 20 20 20 20 F4 D8   // прием: 39 байт; 07:56:58:510 03.03.2018
// таймаут: 76 мсек

Тест памяти: 2  
      44%       

CA E0 EB FE EC ED FB 20 

00 00 07 00 F7 D4 47   // передача: 7 байт; 07:56:59:027 03.03.2018
// приём по количеству байт: 39 из 39
// принято с порта: 39 байт

01 00 27 00 F7 D2 E5 F1 F2 20 EF E0 EC FF F2 E8 3A 20 32 20 20 20 20 20 20 20 20 34 35 25 00 20 20 20 20 20 20 F9 48   // прием: 39 байт; 07:56:59:097 03.03.2018
// таймаут: 70 мсек

Тест памяти: 2  
      45%       

CA E0 EB FE EC ED FB 20 

00 00 07 00 F7 D4 47   // передача: 7 байт; 07:56:59:604 03.03.2018
// приём по количеству байт: 39 из 39
// принято с порта: 39 байт

01 00 27 00 F7 D2 E5 F1 F2 20 EF E0 EC FF F2 E8 3A 20 32 20 20 20 20 20 20 20 20 34 36 25 00 20 20 20 20 20 20 ED B8   // прием: 39 байт; 07:56:59:676 03.03.2018
// таймаут: 72 мсек

Тест памяти: 2  
      46%       

CA E0 EB FE EC ED FB 20 

00 00 07 00 F7 D4 47   // передача: 7 байт; 07:57:00:181 03.03.2018
// приём по количеству байт: 39 из 39
// принято с порта: 39 байт

01 00 27 00 F7 D2 E5 F1 F2 20 EF E0 EC FF F2 E8 3A 20 32 20 20 20 20 20 20 20 20 34 36 25 00 20 20 20 20 20 20 ED B8   // прием: 39 байт; 07:57:00:257 03.03.2018
// таймаут: 76 мсек

Тест памяти: 2  
      46%       

CA E0 EB FE EC ED FB 20 

00 00 07 00 F7 D4 47   // передача: 7 байт; 07:57:00:774 03.03.2018
// приём по количеству байт: 39 из 39
// принято с порта: 39 байт

01 00 27 00 F7 D2 E5 F1 F2 20 EF E0 EC FF F2 E8 3A 20 32 20 20 20 20 20 20 20 20 34 37 25 00 20 20 20 20 20 20 E0 28   // прием: 39 байт; 07:57:00:847 03.03.2018
// таймаут: 73 мсек

Тест памяти: 2  
      47%       

CA E0 EB FE EC ED FB 20 

00 00 07 00 F7 D4 47   // передача: 7 байт; 07:57:01:351 03.03.2018
// приём по количеству байт: 39 из 39
// принято с порта: 39 байт

01 00 27 00 F7 D2 E5 F1 F2 20 EF E0 EC FF F2 E8 3A 20 32 20 20 20 20 20 20 20 20 34 38 25 00 20 20 20 20 20 20 A1 D8   // прием: 39 байт; 07:57:01:424 03.03.2018
// таймаут: 73 мсек

Тест памяти: 2  
      48%       

CA E0 EB FE EC ED FB 20 

00 00 07 00 F7 D4 47   // передача: 7 байт; 07:57:01:915 03.03.2018
// приём по количеству байт: 39 из 39
// принято с порта: 39 байт

01 00 27 00 F7 D2 E5 F1 F2 20 EF E0 EC FF F2 E8 3A 20 32 20 20 20 20 20 20 20 20 34 39 25 00 20 20 20 20 20 20 AC 48   // прием: 39 байт; 07:57:01:988 03.03.2018
// таймаут: 73 мсек

Тест памяти: 2  
      49%       

CA E0 EB FE EC ED FB 20 

00 00 07 00 F7 D4 47   // передача: 7 байт; 07:57:02:491 03.03.2018
// приём по количеству байт: 39 из 39
// принято с порта: 39 байт

01 00 27 00 F7 D2 E5 F1 F2 20 EF E0 EC FF F2 E8 3A 20 32 20 20 20 20 20 20 20 20 35 30 25 00 20 20 20 20 20 20 97 DD   // прием: 39 байт; 07:57:02:564 03.03.2018
// таймаут: 73 мсек

Тест памяти: 2  
      50%       

CA E0 EB FE EC ED FB 20 

00 00 07 00 F7 D4 47   // передача: 7 байт; 07:57:03:067 03.03.2018
// приём по количеству байт: 39 из 39
// принято с порта: 39 байт

01 00 27 00 F7 D2 E5 F1 F2 20 EF E0 EC FF F2 E8 3A 20 32 20 20 20 20 20 20 20 20 35 31 25 00 20 20 20 20 20 20 9A 4D   // прием: 39 байт; 07:57:03:142 03.03.2018
// таймаут: 75 мсек

Тест памяти: 2  
      51%       

CA E0 EB FE EC ED FB 20 

00 00 07 00 F7 D4 47   // передача: 7 байт; 07:57:03:630 03.03.2018
// приём по количеству байт: 39 из 39
// принято с порта: 39 байт

01 00 27 00 F7 D2 E5 F1 F2 20 EF E0 EC FF F2 E8 3A 20 32 20 20 20 20 20 20 20 20 35 31 25 00 20 20 20 20 20 20 9A 4D   // прием: 39 байт; 07:57:03:708 03.03.2018
// таймаут: 78 мсек

Тест памяти: 2  
      51%       

CA E0 EB FE EC ED FB 20 

00 00 07 00 F7 D4 47   // передача: 7 байт; 07:57:04:221 03.03.2018
// приём по количеству байт: 39 из 39
// принято с порта: 39 байт

01 00 27 00 F7 D2 E5 F1 F2 20 EF E0 EC FF F2 E8 3A 20 32 20 20 20 20 20 20 20 20 35 31 25 00 20 20 20 20 20 20 9A 4D   // прием: 39 байт; 07:57:04:303 03.03.2018
// таймаут: 82 мсек

Тест памяти: 2  
      51%       

CA E0 EB FE EC ED FB 20 

00 00 07 00 F7 D4 47   // передача: 7 байт; 07:57:04:799 03.03.2018
// приём по количеству байт: 39 из 39
// принято с порта: 39 байт

01 00 27 00 F7 D2 E5 F1 F2 20 EF E0 EC FF F2 E8 3A 20 32 20 20 20 20 20 20 20 20 35 31 25 00 20 20 20 20 20 20 9A 4D   // прием: 39 байт; 07:57:04:896 03.03.2018
// таймаут: 97 мсек

Тест памяти: 2  
      51%       

CA E0 EB FE EC ED FB 20 

00 00 07 00 F7 D4 47   // передача: 7 байт; 07:57:05:407 03.03.2018
// приём по количеству байт: 39 из 39
// принято с порта: 39 байт

01 00 27 00 F7 D2 E5 F1 F2 20 EF E0 EC FF F2 E8 3A 20 32 20 20 20 20 20 20 20 20 35 32 25 00 20 20 20 20 20 20 8E BD   // прием: 39 байт; 07:57:05:479 03.03.2018
// таймаут: 72 мсек

Тест памяти: 2  
      52%       

CA E0 EB FE EC ED FB 20 

00 00 07 00 F7 D4 47   // передача: 7 байт; 07:57:05:968 03.03.2018
// приём по количеству байт: 39 из 39
// принято с порта: 39 байт

01 00 27 00 F7 D2 E5 F1 F2 20 EF E0 EC FF F2 E8 3A 20 32 20 20 20 20 20 20 20 20 35 33 25 00 20 20 20 20 20 20 83 2D   // прием: 39 байт; 07:57:06:033 03.03.2018
// таймаут: 65 мсек

Тест памяти: 2  
      53%       

CA E0 EB FE EC ED FB 20 

00 00 07 00 F7 D4 47   // передача: 7 байт; 07:57:06:545 03.03.2018
// приём по количеству байт: 39 из 39
// принято с порта: 39 байт

01 00 27 00 F7 D2 E5 F1 F2 20 EF E0 EC FF F2 E8 3A 20 32 20 20 20 20 20 20 20 20 35 33 25 00 20 20 20 20 20 20 83 2D   // прием: 39 байт; 07:57:06:615 03.03.2018
// таймаут: 70 мсек

Тест памяти: 2  
      53%       

CA E0 EB FE EC ED FB 20 

00 00 07 00 F7 D4 47   // передача: 7 байт; 07:57:07:118 03.03.2018
// приём по количеству байт: 39 из 39
// принято с порта: 39 байт

01 00 27 00 F7 D2 E5 F1 F2 20 EF E0 EC FF F2 E8 3A 20 32 20 20 20 20 20 20 20 20 35 34 25 00 20 20 20 20 20 20 A5 1D   // прием: 39 байт; 07:57:07:193 03.03.2018
// таймаут: 75 мсек

Тест памяти: 2  
      54%       

CA E0 EB FE EC ED FB 20 

00 00 07 00 F7 D4 47   // передача: 7 байт; 07:57:07:700 03.03.2018
// приём по количеству байт: 39 из 39
// принято с порта: 39 байт

01 00 27 00 F7 D2 E5 F1 F2 20 EF E0 EC FF F2 E8 3A 20 32 20 20 20 20 20 20 20 20 35 35 25 00 20 20 20 20 20 20 A8 8D   // прием: 39 байт; 07:57:07:770 03.03.2018
// таймаут: 70 мсек

Тест памяти: 2  
      55%       

CA E0 EB FE EC ED FB 20 

00 00 07 00 F7 D4 47   // передача: 7 байт; 07:57:08:279 03.03.2018
// приём по количеству байт: 39 из 39
// принято с порта: 39 байт

01 00 27 00 F7 D2 E5 F1 F2 20 EF E0 EC FF F2 E8 3A 20 32 20 20 20 20 20 20 20 20 35 36 25 00 20 20 20 20 20 20 BC 7D   // прием: 39 байт; 07:57:08:349 03.03.2018
// таймаут: 70 мсек

Тест памяти: 2  
      56%       

CA E0 EB FE EC ED FB 20 

00 00 07 00 F7 D4 47   // передача: 7 байт; 07:57:08:854 03.03.2018
// приём по количеству байт: 39 из 39
// принято с порта: 39 байт

01 00 27 00 F7 D2 E5 F1 F2 20 EF E0 EC FF F2 E8 3A 20 32 20 20 20 20 20 20 20 20 35 37 25 00 20 20 20 20 20 20 B1 ED   // прием: 39 байт; 07:57:08:924 03.03.2018
// таймаут: 70 мсек

Тест памяти: 2  
      57%       

CA E0 EB FE EC ED FB 20 

00 00 07 00 F7 D4 47   // передача: 7 байт; 07:57:09:431 03.03.2018
// приём по количеству байт: 39 из 39
// принято с порта: 39 байт

01 00 27 00 F7 D2 E5 F1 F2 20 EF E0 EC FF F2 E8 3A 20 32 20 20 20 20 20 20 20 20 35 38 25 00 20 20 20 20 20 20 F0 1D   // прием: 39 байт; 07:57:09:496 03.03.2018
// таймаут: 65 мсек

Тест памяти: 2  
      58%       

CA E0 EB FE EC ED FB 20 

00 00 07 00 F7 D4 47   // передача: 7 байт; 07:57:09:993 03.03.2018
// приём по количеству байт: 39 из 39
// принято с порта: 39 байт

01 00 27 00 F7 D2 E5 F1 F2 20 EF E0 EC FF F2 E8 3A 20 32 20 20 20 20 20 20 20 20 35 38 25 00 20 20 20 20 20 20 F0 1D   // прием: 39 байт; 07:57:10:064 03.03.2018
// таймаут: 71 мсек

Тест памяти: 2  
      58%       

CA E0 EB FE EC ED FB 20 

00 00 07 00 F7 D4 47   // передача: 7 байт; 07:57:10:570 03.03.2018
// приём по количеству байт: 39 из 39
// принято с порта: 39 байт

01 00 27 00 F7 D2 E5 F1 F2 20 EF E0 EC FF F2 E8 3A 20 32 20 20 20 20 20 20 20 20 35 39 25 00 20 20 20 20 20 20 FD 8D   // прием: 39 байт; 07:57:10:643 03.03.2018
// таймаут: 73 мсек

Тест памяти: 2  
      59%       

CA E0 EB FE EC ED FB 20 

00 00 07 00 F7 D4 47   // передача: 7 байт; 07:57:11:147 03.03.2018
// приём по количеству байт: 39 из 39
// принято с порта: 39 байт

01 00 27 00 F7 D2 E5 F1 F2 20 EF E0 EC FF F2 E8 3A 20 32 20 20 20 20 20 20 20 20 36 30 25 00 20 20 20 20 20 20 67 D2   // прием: 39 байт; 07:57:11:213 03.03.2018
// таймаут: 66 мсек

Тест памяти: 2  
      60%       

CA E0 EB FE EC ED FB 20 

00 00 07 00 F7 D4 47   // передача: 7 байт; 07:57:11:709 03.03.2018
// приём по количеству байт: 39 из 39
// принято с порта: 39 байт

01 00 27 00 F7 D2 E5 F1 F2 20 EF E0 EC FF F2 E8 3A 20 32 20 20 20 20 20 20 20 20 36 31 25 00 20 20 20 20 20 20 6A 42   // прием: 39 байт; 07:57:11:781 03.03.2018
// таймаут: 72 мсек

Тест памяти: 2  
      61%       

CA E0 EB FE EC ED FB 20 

00 00 07 00 F7 D4 47   // передача: 7 байт; 07:57:12:287 03.03.2018
// приём по количеству байт: 39 из 39
// принято с порта: 39 байт

01 00 27 00 F7 D2 E5 F1 F2 20 EF E0 EC FF F2 E8 3A 20 32 20 20 20 20 20 20 20 20 36 32 25 00 20 20 20 20 20 20 7E B2   // прием: 39 байт; 07:57:12:353 03.03.2018
// таймаут: 66 мсек

Тест памяти: 2  
      62%       

CA E0 EB FE EC ED FB 20 

00 00 07 00 F7 D4 47   // передача: 7 байт; 07:57:12:864 03.03.2018
// приём по количеству байт: 39 из 39
// принято с порта: 39 байт

01 00 27 00 F7 D2 E5 F1 F2 20 EF E0 EC FF F2 E8 3A 20 32 20 20 20 20 20 20 20 20 36 33 25 00 20 20 20 20 20 20 73 22   // прием: 39 байт; 07:57:12:930 03.03.2018
// таймаут: 66 мсек

Тест памяти: 2  
      63%       

CA E0 EB FE EC ED FB 20 

00 00 07 00 F7 D4 47   // передача: 7 байт; 07:57:13:427 03.03.2018
// приём по количеству байт: 39 из 39
// принято с порта: 39 байт

01 00 27 00 F7 D2 E5 F1 F2 20 EF E0 EC FF F2 E8 3A 20 32 20 20 20 20 20 20 20 20 36 33 25 00 20 20 20 20 20 20 73 22   // прием: 39 байт; 07:57:13:497 03.03.2018
// таймаут: 70 мсек

Тест памяти: 2  
      63%       

CA E0 EB FE EC ED FB 20 

00 00 07 00 F7 D4 47   // передача: 7 байт; 07:57:14:003 03.03.2018
// приём по количеству байт: 39 из 39
// принято с порта: 39 байт

01 00 27 00 F7 D2 E5 F1 F2 20 EF E0 EC FF F2 E8 3A 20 32 20 20 20 20 20 20 20 20 36 34 25 00 20 20 20 20 20 20 55 12   // прием: 39 байт; 07:57:14:075 03.03.2018
// таймаут: 72 мсек

Тест памяти: 2  
      64%       

CA E0 EB FE EC ED FB 20 

00 00 07 00 F7 D4 47   // передача: 7 байт; 07:57:14:580 03.03.2018
// приём по количеству байт: 39 из 39
// принято с порта: 39 байт

01 00 27 00 F7 D2 E5 F1 F2 20 EF E0 EC FF F2 E8 3A 20 32 20 20 20 20 20 20 20 20 36 35 25 00 20 20 20 20 20 20 58 82   // прием: 39 байт; 07:57:14:655 03.03.2018
// таймаут: 75 мсек

Тест памяти: 2  
      65%       

CA E0 EB FE EC ED FB 20 

00 00 07 00 F7 D4 47   // передача: 7 байт; 07:57:15:173 03.03.2018
// приём по количеству байт: 39 из 39
// принято с порта: 39 байт

01 00 27 00 F7 D2 E5 F1 F2 20 EF E0 EC FF F2 E8 3A 20 32 20 20 20 20 20 20 20 20 36 36 25 00 20 20 20 20 20 20 4C 72   // прием: 39 байт; 07:57:15:246 03.03.2018
// таймаут: 73 мсек

Тест памяти: 2  
      66%       

CA E0 EB FE EC ED FB 20 

00 00 07 00 F7 D4 47   // передача: 7 байт; 07:57:15:750 03.03.2018
// приём по количеству байт: 39 из 39
// принято с порта: 39 байт

01 00 27 00 F7 D2 E5 F1 F2 20 EF E0 EC FF F2 E8 3A 20 32 20 20 20 20 20 20 20 20 36 37 25 00 20 20 20 20 20 20 41 E2   // прием: 39 байт; 07:57:15:815 03.03.2018
// таймаут: 65 мсек

Тест памяти: 2  
      67%       

CA E0 EB FE EC ED FB 20 

00 00 07 00 F7 D4 47   // передача: 7 байт; 07:57:16:312 03.03.2018
// приём по количеству байт: 39 из 39
// принято с порта: 39 байт

01 00 27 00 F7 D2 E5 F1 F2 20 EF E0 EC FF F2 E8 3A 20 32 20 20 20 20 20 20 20 20 36 38 25 00 20 20 20 20 20 20 00 12   // прием: 39 байт; 07:57:16:384 03.03.2018
// таймаут: 72 мсек

Тест памяти: 2  
      68%       

CA E0 EB FE EC ED FB 20 

00 00 07 00 F7 D4 47   // передача: 7 байт; 07:57:16:889 03.03.2018
// приём по количеству байт: 39 из 39
// принято с порта: 39 байт

01 00 27 00 F7 D2 E5 F1 F2 20 EF E0 EC FF F2 E8 3A 20 32 20 20 20 20 20 20 20 20 36 38 25 00 20 20 20 20 20 20 00 12   // прием: 39 байт; 07:57:16:955 03.03.2018
// таймаут: 66 мсек

Тест памяти: 2  
      68%       

CA E0 EB FE EC ED FB 20 

00 00 07 00 F7 D4 47   // передача: 7 байт; 07:57:17:466 03.03.2018
// приём по количеству байт: 39 из 39
// принято с порта: 39 байт

01 00 27 00 F7 D2 E5 F1 F2 20 EF E0 EC FF F2 E8 3A 20 32 20 20 20 20 20 20 20 20 36 39 25 00 20 20 20 20 20 20 0D 82   // прием: 39 байт; 07:57:17:535 03.03.2018
// таймаут: 69 мсек

Тест памяти: 2  
      69%       

CA E0 EB FE EC ED FB 20 

00 00 07 00 F7 D4 47   // передача: 7 байт; 07:57:18:028 03.03.2018
// приём по количеству байт: 39 из 39
// принято с порта: 39 байт

01 00 27 00 F7 D2 E5 F1 F2 20 EF E0 EC FF F2 E8 3A 20 32 20 20 20 20 20 20 20 20 37 30 25 00 20 20 20 20 20 20 36 17   // прием: 39 байт; 07:57:18:102 03.03.2018
// таймаут: 74 мсек

Тест памяти: 2  
      70%       

CA E0 EB FE EC ED FB 20 

00 00 07 00 F7 D4 47   // передача: 7 байт; 07:57:18:605 03.03.2018
// приём по количеству байт: 39 из 39
// принято с порта: 39 байт

01 00 27 00 F7 D2 E5 F1 F2 20 EF E0 EC FF F2 E8 3A 20 32 20 20 20 20 20 20 20 20 37 31 25 00 20 20 20 20 20 20 3B 87   // прием: 39 байт; 07:57:18:672 03.03.2018
// таймаут: 67 мсек

Тест памяти: 2  
      71%       

CA E0 EB FE EC ED FB 20 

00 00 07 00 F7 D4 47   // передача: 7 байт; 07:57:19:182 03.03.2018
// приём по количеству байт: 39 из 39
// принято с порта: 39 байт

01 00 27 00 F7 D2 E5 F1 F2 20 EF E0 EC FF F2 E8 3A 20 32 20 20 20 20 20 20 20 20 37 32 25 00 20 20 20 20 20 20 2F 77   // прием: 39 байт; 07:57:19:256 03.03.2018
// таймаут: 74 мсек

Тест памяти: 2  
      72%       

CA E0 EB FE EC ED FB 20 

00 00 07 00 F7 D4 47   // передача: 7 байт; 07:57:19:745 03.03.2018
// приём по количеству байт: 39 из 39
// принято с порта: 39 байт

01 00 27 00 F7 D2 E5 F1 F2 20 EF E0 EC FF F2 E8 3A 20 32 20 20 20 20 20 20 20 20 37 32 25 00 20 20 20 20 20 20 2F 77   // прием: 39 байт; 07:57:19:812 03.03.2018
// таймаут: 67 мсек

Тест памяти: 2  
      72%       

CA E0 EB FE EC ED FB 20 

00 00 07 00 F7 D4 47   // передача: 7 байт; 07:57:20:321 03.03.2018
// приём по количеству байт: 39 из 39
// принято с порта: 39 байт

01 00 27 00 F7 D2 E5 F1 F2 20 EF E0 EC FF F2 E8 3A 20 32 20 20 20 20 20 20 20 20 37 33 25 00 20 20 20 20 20 20 22 E7   // прием: 39 байт; 07:57:20:390 03.03.2018
// таймаут: 69 мсек

Тест памяти: 2  
      73%       

CA E0 EB FE EC ED FB 20 

00 00 07 00 F7 D4 47   // передача: 7 байт; 07:57:20:898 03.03.2018
// приём по количеству байт: 39 из 39
// принято с порта: 39 байт

01 00 27 00 F7 D2 E5 F1 F2 20 EF E0 EC FF F2 E8 3A 20 32 20 20 20 20 20 20 20 20 37 34 25 00 20 20 20 20 20 20 04 D7   // прием: 39 байт; 07:57:20:972 03.03.2018
// таймаут: 74 мсек

Тест памяти: 2  
      74%       

CA E0 EB FE EC ED FB 20 

00 00 07 00 F7 D4 47   // передача: 7 байт; 07:57:21:459 03.03.2018
// приём по количеству байт: 39 из 39
// принято с порта: 39 байт

01 00 27 00 F7 D2 E5 F1 F2 20 EF E0 EC FF F2 E8 3A 20 32 20 20 20 20 20 20 20 20 37 35 25 00 20 20 20 20 20 20 09 47   // прием: 39 байт; 07:57:21:533 03.03.2018
// таймаут: 74 мсек

Тест памяти: 2  
      75%       

CA E0 EB FE EC ED FB 20 

00 00 07 00 F7 D4 47   // передача: 7 байт; 07:57:22:037 03.03.2018
// приём по количеству байт: 39 из 39
// принято с порта: 39 байт

01 00 27 00 F7 D2 E5 F1 F2 20 EF E0 EC FF F2 E8 3A 20 32 20 20 20 20 20 20 20 20 37 36 25 00 20 20 20 20 20 20 1D B7   // прием: 39 байт; 07:57:22:104 03.03.2018
// таймаут: 67 мсек

Тест памяти: 2  
      76%       

CA E0 EB FE EC ED FB 20 

00 00 07 00 F7 D4 47   // передача: 7 байт; 07:57:22:614 03.03.2018
// приём по количеству байт: 39 из 39
// принято с порта: 39 байт

01 00 27 00 F7 D2 E5 F1 F2 20 EF E0 EC FF F2 E8 3A 20 32 20 20 20 20 20 20 20 20 37 37 25 00 20 20 20 20 20 20 10 27   // прием: 39 байт; 07:57:22:682 03.03.2018
// таймаут: 68 мсек

Тест памяти: 2  
      77%       

CA E0 EB FE EC ED FB 20 

00 00 07 00 F7 D4 47   // передача: 7 байт; 07:57:23:175 03.03.2018
// приём по количеству байт: 39 из 39
// принято с порта: 39 байт

01 00 27 00 F7 D2 E5 F1 F2 20 EF E0 EC FF F2 E8 3A 20 32 20 20 20 20 20 20 20 20 37 37 25 00 20 20 20 20 20 20 10 27   // прием: 39 байт; 07:57:23:251 03.03.2018
// таймаут: 76 мсек

Тест памяти: 2  
      77%       

CA E0 EB FE EC ED FB 20 

00 00 07 00 F7 D4 47   // передача: 7 байт; 07:57:23:768 03.03.2018
// приём по количеству байт: 39 из 39
// принято с порта: 39 байт

01 00 27 00 F7 D2 E5 F1 F2 20 EF E0 EC FF F2 E8 3A 20 32 20 20 20 20 20 20 20 20 37 38 25 00 20 20 20 20 20 20 51 D7   // прием: 39 байт; 07:57:23:844 03.03.2018
// таймаут: 76 мсек

Тест памяти: 2  
      78%       

CA E0 EB FE EC ED FB 20 

00 00 07 00 F7 D4 47   // передача: 7 байт; 07:57:24:349 03.03.2018
// приём по количеству байт: 39 из 39
// принято с порта: 39 байт

01 00 27 00 F7 D2 E5 F1 F2 20 EF E0 EC FF F2 E8 3A 20 32 20 20 20 20 20 20 20 20 37 39 25 00 20 20 20 20 20 20 5C 47   // прием: 39 байт; 07:57:24:424 03.03.2018
// таймаут: 75 мсек

Тест памяти: 2  
      79%       

CA E0 EB FE EC ED FB 20 

00 00 07 00 F7 D4 47   // передача: 7 байт; 07:57:24:938 03.03.2018
// приём по количеству байт: 39 из 39
// принято с порта: 39 байт

01 00 27 00 F7 D2 E5 F1 F2 20 EF E0 EC FF F2 E8 3A 20 32 20 20 20 20 20 20 20 20 38 30 25 00 20 20 20 20 20 20 06 27   // прием: 39 байт; 07:57:25:004 03.03.2018
// таймаут: 66 мсек

Тест памяти: 2  
      80%       

CA E0 EB FE EC ED FB 20 

00 00 07 00 F7 D4 47   // передача: 7 байт; 07:57:25:515 03.03.2018
// приём по количеству байт: 39 из 39
// принято с порта: 39 байт

01 00 27 00 F7 D2 E5 F1 F2 20 EF E0 EC FF F2 E8 3A 20 32 20 20 20 20 20 20 20 20 38 31 25 00 20 20 20 20 20 20 0B B7   // прием: 39 байт; 07:57:25:591 03.03.2018
// таймаут: 76 мсек

Тест памяти: 2  
      81%       

CA E0 EB FE EC ED FB 20 

00 00 07 00 F7 D4 47   // передача: 7 байт; 07:57:26:108 03.03.2018
// приём по количеству байт: 39 из 39
// принято с порта: 39 байт

01 00 27 00 F7 D2 E5 F1 F2 20 EF E0 EC FF F2 E8 3A 20 32 20 20 20 20 20 20 20 20 38 32 25 00 20 20 20 20 20 20 1F 47   // прием: 39 байт; 07:57:26:184 03.03.2018
// таймаут: 76 мсек

Тест памяти: 2  
      82%       

CA E0 EB FE EC ED FB 20 

00 00 07 00 F7 D4 47   // передача: 7 байт; 07:57:26:685 03.03.2018
// приём по количеству байт: 39 из 39
// принято с порта: 39 байт

01 00 27 00 F7 D2 E5 F1 F2 20 EF E0 EC FF F2 E8 3A 20 32 20 20 20 20 20 20 20 20 38 32 25 00 20 20 20 20 20 20 1F 47   // прием: 39 байт; 07:57:26:751 03.03.2018
// таймаут: 66 мсек

Тест памяти: 2  
      82%       

CA E0 EB FE EC ED FB 20 

00 00 07 00 F7 D4 47   // передача: 7 байт; 07:57:27:262 03.03.2018
// приём по количеству байт: 39 из 39
// принято с порта: 39 байт

01 00 27 00 F7 D2 E5 F1 F2 20 EF E0 EC FF F2 E8 3A 20 32 20 20 20 20 20 20 20 20 38 33 25 00 20 20 20 20 20 20 12 D7   // прием: 39 байт; 07:57:27:330 03.03.2018
// таймаут: 68 мсек

Тест памяти: 2  
      83%       

CA E0 EB FE EC ED FB 20 

00 00 07 00 F7 D4 47   // передача: 7 байт; 07:57:27:840 03.03.2018
// приём по количеству байт: 39 из 39
// принято с порта: 39 байт

01 00 27 00 F7 D2 E5 F1 F2 20 EF E0 EC FF F2 E8 3A 20 32 20 20 20 20 20 20 20 20 38 34 25 00 20 20 20 20 20 20 34 E7   // прием: 39 байт; 07:57:27:910 03.03.2018
// таймаут: 70 мсек

Тест памяти: 2  
      84%       

CA E0 EB FE EC ED FB 20 

00 00 07 00 F7 D4 47   // передача: 7 байт; 07:57:28:403 03.03.2018
// приём по количеству байт: 39 из 39
// принято с порта: 39 байт

01 00 27 00 F7 D2 E5 F1 F2 20 EF E0 EC FF F2 E8 3A 20 32 20 20 20 20 20 20 20 20 38 35 25 00 20 20 20 20 20 20 39 77   // прием: 39 байт; 07:57:28:476 03.03.2018
// таймаут: 73 мсек

Тест памяти: 2  
      85%       

CA E0 EB FE EC ED FB 20 

00 00 07 00 F7 D4 47   // передача: 7 байт; 07:57:28:978 03.03.2018
// приём по количеству байт: 39 из 39
// принято с порта: 39 байт

01 00 27 00 F7 D2 E5 F1 F2 20 EF E0 EC FF F2 E8 3A 20 32 20 20 20 20 20 20 20 20 38 36 25 00 20 20 20 20 20 20 2D 87   // прием: 39 байт; 07:57:29:050 03.03.2018
// таймаут: 72 мсек

Тест памяти: 2  
      86%       

CA E0 EB FE EC ED FB 20 

00 00 07 00 F7 D4 47   // передача: 7 байт; 07:57:29:556 03.03.2018
// приём по количеству байт: 39 из 39
// принято с порта: 39 байт

01 00 27 00 F7 D2 E5 F1 F2 20 EF E0 EC FF F2 E8 3A 20 32 20 20 20 20 20 20 20 20 38 37 25 00 20 20 20 20 20 20 20 17   // прием: 39 байт; 07:57:29:626 03.03.2018
// таймаут: 70 мсек

Тест памяти: 2  
      87%       

CA E0 EB FE EC ED FB 20 

00 00 07 00 F7 D4 47   // передача: 7 байт; 07:57:30:119 03.03.2018
// приём по количеству байт: 39 из 39
// принято с порта: 39 байт

01 00 27 00 F7 D2 E5 F1 F2 20 EF E0 EC FF F2 E8 3A 20 32 20 20 20 20 20 20 20 20 38 37 25 00 20 20 20 20 20 20 20 17   // прием: 39 байт; 07:57:30:195 03.03.2018
// таймаут: 76 мсек

Тест памяти: 2  
      87%       

CA E0 EB FE EC ED FB 20 

00 00 07 00 F7 D4 47   // передача: 7 байт; 07:57:30:711 03.03.2018
// приём по количеству байт: 39 из 39
// принято с порта: 39 байт

01 00 27 00 F7 D2 E5 F1 F2 20 EF E0 EC FF F2 E8 3A 20 32 20 20 20 20 20 20 20 20 38 38 25 00 20 20 20 20 20 20 61 E7   // прием: 39 байт; 07:57:30:781 03.03.2018
// таймаут: 70 мсек

Тест памяти: 2  
      88%       

CA E0 EB FE EC ED FB 20 

00 00 07 00 F7 D4 47   // передача: 7 байт; 07:57:31:288 03.03.2018
// приём по количеству байт: 39 из 39
// принято с порта: 39 байт

01 00 27 00 F7 D2 E5 F1 F2 20 EF E0 EC FF F2 E8 3A 20 32 20 20 20 20 20 20 20 20 38 39 25 00 20 20 20 20 20 20 6C 77   // прием: 39 байт; 07:57:31:359 03.03.2018
// таймаут: 71 мсек

Тест памяти: 2  
      89%       

CA E0 EB FE EC ED FB 20 

00 00 07 00 F7 D4 47   // передача: 7 байт; 07:57:31:865 03.03.2018
// приём по количеству байт: 39 из 39
// принято с порта: 39 байт

01 00 27 00 F7 D2 E5 F1 F2 20 EF E0 EC FF F2 E8 3A 20 32 20 20 20 20 20 20 20 20 39 30 25 00 20 20 20 20 20 20 57 E2   // прием: 39 байт; 07:57:31:936 03.03.2018
// таймаут: 71 мсек

Тест памяти: 2  
      90%       

CA E0 EB FE EC ED FB 20 

00 00 07 00 F7 D4 47   // передача: 7 байт; 07:57:32:442 03.03.2018
// приём по количеству байт: 39 из 39
// принято с порта: 39 байт

01 00 27 00 F7 D2 E5 F1 F2 20 EF E0 EC FF F2 E8 3A 20 32 20 20 20 20 20 20 20 20 39 31 25 00 20 20 20 20 20 20 5A 72   // прием: 39 байт; 07:57:32:510 03.03.2018
// таймаут: 68 мсек

Тест памяти: 2  
      91%       

CA E0 EB FE EC ED FB 20 

00 00 07 00 F7 D4 47   // передача: 7 байт; 07:57:33:004 03.03.2018
// приём по количеству байт: 39 из 39
// принято с порта: 39 байт

01 00 27 00 F7 D2 E5 F1 F2 20 EF E0 EC FF F2 E8 3A 20 32 20 20 20 20 20 20 20 20 39 31 25 00 20 20 20 20 20 20 5A 72   // прием: 39 байт; 07:57:33:080 03.03.2018
// таймаут: 76 мсек

Тест памяти: 2  
      91%       

CA E0 EB FE EC ED FB 20 

00 00 07 00 F7 D4 47   // передача: 7 байт; 07:57:33:597 03.03.2018
// приём по количеству байт: 39 из 39
// принято с порта: 39 байт

01 00 27 00 F7 D2 E5 F1 F2 20 EF E0 EC FF F2 E8 3A 20 32 20 20 20 20 20 20 20 20 39 32 25 00 20 20 20 20 20 20 4E 82   // прием: 39 байт; 07:57:33:670 03.03.2018
// таймаут: 73 мсек

Тест памяти: 2  
      92%       

CA E0 EB FE EC ED FB 20 

00 00 07 00 F7 D4 47   // передача: 7 байт; 07:57:34:174 03.03.2018
// приём по количеству байт: 39 из 39
// принято с порта: 39 байт

01 00 27 00 F7 D2 E5 F1 F2 20 EF E0 EC FF F2 E8 3A 20 32 20 20 20 20 20 20 20 20 39 33 25 00 20 20 20 20 20 20 43 12   // прием: 39 байт; 07:57:34:248 03.03.2018
// таймаут: 74 мсек

Тест памяти: 2  
      93%       

CA E0 EB FE EC ED FB 20 

00 00 07 00 F7 D4 47   // передача: 7 байт; 07:57:34:751 03.03.2018
// приём по количеству байт: 39 из 39
// принято с порта: 39 байт

01 00 27 00 F7 D2 E5 F1 F2 20 EF E0 EC FF F2 E8 3A 20 32 20 20 20 20 20 20 20 20 39 34 25 00 20 20 20 20 20 20 65 22   // прием: 39 байт; 07:57:34:826 03.03.2018
// таймаут: 75 мсек

Тест памяти: 2  
      94%       

CA E0 EB FE EC ED FB 20 

00 00 07 00 F7 D4 47   // передача: 7 байт; 07:57:35:328 03.03.2018
// приём по количеству байт: 39 из 39
// принято с порта: 39 байт

01 00 27 00 F7 D2 E5 F1 F2 20 EF E0 EC FF F2 E8 3A 20 32 20 20 20 20 20 20 20 20 39 35 25 00 20 20 20 20 20 20 68 B2   // прием: 39 байт; 07:57:35:403 03.03.2018
// таймаут: 75 мсек

Тест памяти: 2  
      95%       

CA E0 EB FE EC ED FB 20 

00 00 07 00 F7 D4 47   // передача: 7 байт; 07:57:35:890 03.03.2018
// приём по количеству байт: 39 из 39
// принято с порта: 39 байт

01 00 27 00 F7 D2 E5 F1 F2 20 EF E0 EC FF F2 E8 3A 20 32 20 20 20 20 20 20 20 20 39 36 25 00 20 20 20 20 20 20 7C 42   // прием: 39 байт; 07:57:35:961 03.03.2018
// таймаут: 71 мсек

Тест памяти: 2  
      96%       

CA E0 EB FE EC ED FB 20 

00 00 07 00 F7 D4 47   // передача: 7 байт; 07:57:36:467 03.03.2018
// приём по количеству байт: 39 из 39
// принято с порта: 39 байт

01 00 27 00 F7 D2 E5 F1 F2 20 EF E0 EC FF F2 E8 3A 20 32 20 20 20 20 20 20 20 20 39 36 25 00 20 20 20 20 20 20 7C 42   // прием: 39 байт; 07:57:36:539 03.03.2018
// таймаут: 72 мсек

Тест памяти: 2  
      96%       

CA E0 EB FE EC ED FB 20 

00 00 07 00 F7 D4 47   // передача: 7 байт; 07:57:37:028 03.03.2018
// приём по количеству байт: 39 из 39
// принято с порта: 39 байт

01 00 27 00 F7 D2 E5 F1 F2 20 EF E0 EC FF F2 E8 3A 20 32 20 20 20 20 20 20 20 20 39 37 25 00 20 20 20 20 20 20 71 D2   // прием: 39 байт; 07:57:37:095 03.03.2018
// таймаут: 67 мсек

Тест памяти: 2  
      97%       

CA E0 EB FE EC ED FB 20 

00 00 07 00 F7 D4 47   // передача: 7 байт; 07:57:37:606 03.03.2018
// приём по количеству байт: 39 из 39
// принято с порта: 39 байт

01 00 27 00 F7 D2 E5 F1 F2 20 EF E0 EC FF F2 E8 3A 20 32 20 20 20 20 20 20 20 20 39 38 25 00 20 20 20 20 20 20 30 22   // прием: 39 байт; 07:57:37:680 03.03.2018
// таймаут: 74 мсек

Тест памяти: 2  
      98%       

CA E0 EB FE EC ED FB 20 

00 00 07 00 F7 D4 47   // передача: 7 байт; 07:57:38:183 03.03.2018
// приём по количеству байт: 39 из 39
// принято с порта: 39 байт

01 00 27 00 F7 D2 E5 F1 F2 20 EF E0 EC FF F2 E8 3A 20 32 20 20 20 20 20 20 20 20 39 39 25 00 20 20 20 20 20 20 3D B2   // прием: 39 байт; 07:57:38:259 03.03.2018
// таймаут: 76 мсек

Тест памяти: 2  
      99%       

CA E0 EB FE EC ED FB 20 

00 00 07 00 F7 D4 47   // передача: 7 байт; 07:57:38:776 03.03.2018
// приём по таймауту: 1000 мс
// принято с порта: 0 байт
повтор: 1

CA E0 EB FE EC ED FB 20 

00 00 07 00 F7 D4 47   // передача: 7 байт; 07:57:39:790 03.03.2018
// приём по таймауту: 1000 мс
// принято с порта: 0 байт
повтор: 2

CA E0 EB FE EC ED FB 20 

00 00 07 00 F7 D4 47   // передача: 7 байт; 07:57:40:803 03.03.2018
// приём по таймауту: 1000 мс
// принято с порта: 0 байт
повтор: 3

CA E0 EB FE EC ED FB 20 

00 00 07 00 F7 D4 47   // передача: 7 байт; 07:57:41:818 03.03.2018
// приём по таймауту: 1000 мс
// принято с порта: 0 байт
повтор: 4

CA E0 EB FE EC ED FB 20 

00 00 07 00 F7 D4 47   // передача: 7 байт; 07:57:42:831 03.03.2018
// приём по таймауту: 1000 мс
// принято с порта: 0 байт
повтор: 5

CA E0 EB FE EC ED FB 20 

00 00 07 00 F7 D4 47   // передача: 7 байт; 07:57:43:846 03.03.2018
// приём по таймауту: 1000 мс
// принято с порта: 0 байт
// приём по количеству байт: 8 из 0
// принято с порта: 8 байт

01 00 27 00 F7 D2 E5 F1   // прием: 8 байт; 07:57:50:607 03.03.2018
// таймаут: 6761 мсек

// приём по количеству байт: 31 из 0
// принято с порта: 31 байт

F2 20 EF E0 EC FF F2 E8 3A 20 33 20 20 20 20 20 20 20 20 20 30 25 00 20 20 20 20 20 20 BB A4   // прием: 31 байт; 07:57:53:607 03.03.2018
// таймаут: 9761 мсек


CA E0 EB FE EC ED FB 20 

00 00 07 00 F7 D4 47   // передача: 7 байт; 07:59:42:824 03.03.2018
// приём по количеству байт: 39 из 39
// принято с порта: 39 байт

01 00 27 00 F7 CD E0 F1 F2 F0 EE E9 EA E0 20 20 20 20 20 20 20 20 20 20 20 20 20 20 20 20 20 20 20 20 20 20 20 5D 58   // прием: 39 байт; 07:59:42:889 03.03.2018
// таймаут: 65 мсек

Настройка       
                

CA E0 EB FE EC ED FB 20 

00 00 07 00 F7 D4 47   // передача: 7 байт; 07:59:43:405 03.03.2018
// приём по количеству байт: 39 из 39
// принято с порта: 39 байт

01 00 27 00 F7 CD E0 F1 F2 F0 EE E9 EA E0 20 20 20 20 20 20 20 20 20 20 20 20 20 20 20 20 20 20 20 20 20 20 20 5D 58   // прием: 39 байт; 07:59:43:470 03.03.2018
// таймаут: 65 мсек

Настройка       
                

CA E0 EB FE EC ED FB 20 

00 00 07 00 F7 D4 47   // передача: 7 байт; 07:59:43:474 03.03.2018
// приём по количеству байт: 39 из 39
// принято с порта: 39 байт

01 00 27 00 F7 CD E0 F1 F2 F0 EE E9 EA E0 20 20 20 20 20 20 20 20 20 20 20 20 20 20 20 20 20 20 20 20 20 20 20 5D 58   // прием: 39 байт; 07:59:43:540 03.03.2018
// таймаут: 66 мсек

Настройка       
                

CA E0 EB FE EC ED FB 20 

00 00 07 00 F7 D4 47   // передача: 7 байт; 07:59:44:045 03.03.2018
// приём по количеству байт: 39 из 39
// принято с порта: 39 байт

01 00 27 00 F7 CD E0 F1 F2 F0 EE E9 EA E0 20 20 20 20 20 20 20 20 20 20 20 20 20 20 20 20 20 20 20 20 20 20 20 5D 58   // прием: 39 байт; 07:59:44:110 03.03.2018
// таймаут: 65 мсек

Настройка       
                

CA E0 EB FE EC ED FB 20 

00 00 08 00 F6 0C 45 DE   // передача: 8 байт; 07:59:44:280 03.03.2018
// приём по количеству байт: 9 из 9
// принято с порта: 9 байт

01 00 09 00 F6 00 00 37 F3   // прием: 9 байт; 07:59:44:314 03.03.2018
// таймаут: 34 мсек


CA E0 EB FE EC ED FB 20 

00 00 07 00 F7 D4 47   // передача: 7 байт; 07:59:44:316 03.03.2018
// приём по количеству байт: 39 из 39
// принято с порта: 39 байт

01 00 27 00 F7 CF F0 EE E3 F0 E0 EC EC E0 20 3F 20 20 20 20 20 2D 5F 5F 5F 20 20 20 20 20 20 20 20 20 20 20 20 16 D2   // прием: 39 байт; 07:59:44:381 03.03.2018
// таймаут: 65 мсек

Программа ?     
-___            

CA E0 EB FE EC ED FB 20 

00 00 08 00 F6 09 85 DD   // передача: 8 байт; 07:59:44:879 03.03.2018

CA E0 EB FE EC ED FB 20 

00 00 07 00 F7 D4 47   // передача: 7 байт; 07:59:44:887 03.03.2018
// приём по количеству байт: 41 из 39
// принято с порта: 41 байт

01 00 09 00 F6 00 00 37 F3 01 00 27 00 F7 CF F0 EE E3 F0 E0 EC EC E0 20 3F 20 20 20 20 20 2D 5F 5F 39 20 20 20 20 20 20 20   // прием: 41 байт; 07:59:44:949 03.03.2018
// таймаут: 62 мсек

// приём по количеству байт: 7 из 0
// принято с порта: 7 байт

20 20 20 20 20 9E B4   // прием: 7 байт; 07:59:46:074 03.03.2018
// таймаут: 1187 мсек


CA E0 EB FE EC ED FB 20 

00 00 08 00 F6 09 85 DD   // передача: 8 байт; 07:59:48:704 03.03.2018
// приём по количеству байт: 9 из 9
// принято с порта: 9 байт

01 00 09 00 F6 00 00 37 F3   // прием: 9 байт; 07:59:48:738 03.03.2018
// таймаут: 34 мсек


CA E0 EB FE EC ED FB 20 

00 00 07 00 F7 D4 47   // передача: 7 байт; 07:59:48:739 03.03.2018
// приём по количеству байт: 39 из 39
// принято с порта: 39 байт

01 00 27 00 F7 CF F0 EE E3 F0 E0 EC EC E0 20 3F 20 20 20 20 20 2D 5F 39 39 20 20 20 20 20 20 20 20 20 20 20 20 F8 D2   // прием: 39 байт; 07:59:48:805 03.03.2018
// таймаут: 66 мсек

Программа ?     
-_99            

CA E0 EB FE EC ED FB 20 

00 00 07 00 F7 D4 47   // передача: 7 байт; 07:59:49:317 03.03.2018
// приём по количеству байт: 39 из 39
// принято с порта: 39 байт

01 00 27 00 F7 CF F0 EE E3 F0 E0 EC EC E0 20 3F 20 20 20 20 20 2D 5F 39 39 20 20 20 20 20 20 20 20 20 20 20 20 F8 D2   // прием: 39 байт; 07:59:49:383 03.03.2018
// таймаут: 66 мсек

Программа ?     
-_99            

CA E0 EB FE EC ED FB 20 

00 00 07 00 F7 D4 47   // передача: 7 байт; 07:59:49:895 03.03.2018
// приём по количеству байт: 39 из 39
// принято с порта: 39 байт

01 00 27 00 F7 CF F0 EE E3 F0 E0 EC EC E0 20 3F 20 20 20 20 20 2D 5F 39 39 20 20 20 20 20 20 20 20 20 20 20 20 F8 D2   // прием: 39 байт; 07:59:49:960 03.03.2018
// таймаут: 65 мсек

Программа ?     
-_99            

CA E0 EB FE EC ED FB 20 

00 00 08 00 F6 0C 45 DE   // передача: 8 байт; 07:59:50:464 03.03.2018

CA E0 EB FE EC ED FB 20 

00 00 07 00 F7 D4 47   // передача: 7 байт; 07:59:50:472 03.03.2018
// приём по количеству байт: 41 из 39
// принято с порта: 41 байт

01 00 09 00 F6 00 00 37 F3 01 00 27 00 F7 CF F0 EE E3 F0 E0 EC EC E0 20 3F 20 20 20 20 20 2D 5F 5F 5F 20 20 20 20 20 20 20   // прием: 41 байт; 07:59:50:534 03.03.2018
// таймаут: 62 мсек

// приём по количеству байт: 7 из 0
// принято с порта: 7 байт

20 20 20 20 20 16 D2   // прием: 7 байт; 07:59:51:562 03.03.2018
// таймаут: 1090 мсек


CA E0 EB FE EC ED FB 20 

00 00 08 00 F6 0C 45 DE   // передача: 8 байт; 07:59:55:480 03.03.2018
// приём по количеству байт: 9 из 9
// принято с порта: 9 байт

01 00 09 00 F6 00 00 37 F3   // прием: 9 байт; 07:59:55:514 03.03.2018
// таймаут: 34 мсек


CA E0 EB FE EC ED FB 20 

00 00 07 00 F7 D4 47   // передача: 7 байт; 07:59:55:516 03.03.2018
// приём по количеству байт: 39 из 39
// принято с порта: 39 байт

01 00 27 00 F7 CF F0 EE E3 F0 E0 EC EC E0 20 3F 20 20 20 20 20 2D 5F 5F 5F 20 20 20 20 20 20 20 20 20 20 20 20 16 D2   // прием: 39 байт; 07:59:55:581 03.03.2018
// таймаут: 65 мсек

Программа ?     
-___            

CA E0 EB FE EC ED FB 20 

00 00 08 00 F6 09 85 DD   // передача: 8 байт; 07:59:56:432 03.03.2018
// приём по количеству байт: 9 из 9
// принято с порта: 9 байт

01 00 09 00 F6 00 00 37 F3   // прием: 9 байт; 07:59:56:466 03.03.2018
// таймаут: 34 мсек


CA E0 EB FE EC ED FB 20 

00 00 07 00 F7 D4 47   // передача: 7 байт; 07:59:56:468 03.03.2018
// приём по количеству байт: 39 из 39
// принято с порта: 39 байт

01 00 27 00 F7 CF F0 EE E3 F0 E0 EC EC E0 20 3F 20 20 20 20 20 2D 5F 5F 39 20 20 20 20 20 20 20 20 20 20 20 20 9E B4   // прием: 39 байт; 07:59:56:533 03.03.2018
// таймаут: 65 мсек

Программа ?     
-__9            

CA E0 EB FE EC ED FB 20 

00 00 08 00 F6 0D 84 1E   // передача: 8 байт; 07:59:57:328 03.03.2018
// приём по количеству байт: 9 из 9
// принято с порта: 9 байт

01 00 09 00 F6 00 00 37 F3   // прием: 9 байт; 07:59:57:362 03.03.2018
// таймаут: 34 мсек


CA E0 EB FE EC ED FB 20 

00 00 07 00 F7 D4 47   // передача: 7 байт; 07:59:57:364 03.03.2018
// приём по количеству байт: 39 из 39
// принято с порта: 39 байт

01 00 27 00 F7 D2 E5 EA F3 F9 E5 E5 20 E2 F0 E5 EC FF 20 20 20 20 20 20 20 32 33 3A 30 34 3A 35 38 00 20 20 20 99 44   // прием: 39 байт; 07:59:57:429 03.03.2018
// таймаут: 65 мсек

Текущее время   
    23:04:58    

CA E0 EB FE EC ED FB 20 

00 00 08 00 F6 0C 45 DE   // передача: 8 байт; 07:59:59:472 03.03.2018
// приём по количеству байт: 9 из 9
// принято с порта: 9 байт

01 00 09 00 F6 00 00 37 F3   // прием: 9 байт; 07:59:59:506 03.03.2018
// таймаут: 34 мсек


CA E0 EB FE EC ED FB 20 

00 00 07 00 F7 D4 47   // передача: 7 байт; 07:59:59:508 03.03.2018
// приём по количеству байт: 39 из 39
// принято с порта: 39 байт

01 00 27 00 F7 CF F0 EE E3 F0 E0 EC EC E0 20 3F 20 20 20 20 20 2D 5F 5F 5F 20 20 20 20 20 20 20 20 20 20 20 20 16 D2   // прием: 39 байт; 07:59:59:573 03.03.2018
// таймаут: 65 мсек

Программа ?     
-___            

CA E0 EB FE EC ED FB 20 

00 00 08 00 F6 08 44 1D   // передача: 8 байт; 08:00:00:112 03.03.2018
// приём по количеству байт: 9 из 9
// принято с порта: 9 байт

01 00 09 00 F6 00 00 37 F3   // прием: 9 байт; 08:00:00:146 03.03.2018
// таймаут: 34 мсек


CA E0 EB FE EC ED FB 20 

00 00 07 00 F7 D4 47   // передача: 7 байт; 08:00:00:148 03.03.2018
// приём по количеству байт: 39 из 39
// принято с порта: 39 байт

01 00 27 00 F7 CF F0 EE E3 F0 E0 EC EC E0 20 3F 20 20 20 20 20 2D 5F 5F 38 20 20 20 20 20 20 20 20 20 20 20 20 9C 35   // прием: 39 байт; 08:00:00:213 03.03.2018
// таймаут: 65 мсек

Программа ?     
-__8            

CA E0 EB FE EC ED FB 20 

00 00 08 00 F6 0D 84 1E   // передача: 8 байт; 08:00:00:615 03.03.2018
// приём по количеству байт: 9 из 9
// принято с порта: 9 байт

01 00 09 00 F6 00 00 37 F3   // прием: 9 байт; 08:00:00:650 03.03.2018
// таймаут: 35 мсек


CA E0 EB FE EC ED FB 20 

00 00 07 00 F7 D4 47   // передача: 7 байт; 08:00:00:652 03.03.2018
// приём по количеству байт: 39 из 39
// принято с порта: 39 байт

01 00 27 00 F7 D2 E5 EA F3 F9 E0 FF 20 E4 E0 F2 E0 20 20 20 20 20 20 20 20 30 33 2E 30 31 2E 30 30 00 20 20 20 92 B7   // прием: 39 байт; 08:00:00:717 03.03.2018
// таймаут: 65 мсек

Текущая дата    
    03.01.00    

CA E0 EB FE EC ED FB 20 

00 00 08 00 F6 03 05 DA   // передача: 8 байт; 08:00:07:896 03.03.2018
// приём по количеству байт: 9 из 9
// принято с порта: 9 байт

01 00 09 00 F6 00 00 37 F3   // прием: 9 байт; 08:00:07:931 03.03.2018
// таймаут: 35 мсек


CA E0 EB FE EC ED FB 20 

00 00 07 00 F7 D4 47   // передача: 7 байт; 08:00:07:932 03.03.2018
// приём по количеству байт: 39 из 39
// принято с порта: 39 байт

01 00 27 00 F7 D2 E5 EA F3 F9 E0 FF 20 E4 E0 F2 E0 20 20 20 20 20 20 20 20 5F 33 20 5F 5F 20 5F 5F 20 20 20 20 30 D6   // прием: 39 байт; 08:00:07:997 03.03.2018
// таймаут: 65 мсек

Текущая дата    
    _3 __ __    

CA E0 EB FE EC ED FB 20 

00 00 08 00 F6 0D 84 1E   // передача: 8 байт; 08:00:08:592 03.03.2018
// приём по количеству байт: 9 из 9
// принято с порта: 9 байт

01 00 09 00 F6 00 00 37 F3   // прием: 9 байт; 08:00:08:627 03.03.2018
// таймаут: 35 мсек


CA E0 EB FE EC ED FB 20 

00 00 07 00 F7 D4 47   // передача: 7 байт; 08:00:08:628 03.03.2018
// приём по количеству байт: 39 из 39
// принято с порта: 39 байт

01 00 27 00 F7 D2 E5 EA F3 F9 E0 FF 20 E4 E0 F2 E0 20 20 20 20 20 20 20 20 5F 33 20 5F 5F 20 5F 5F 20 20 20 20 30 D6   // прием: 39 байт; 08:00:08:773 03.03.2018
// таймаут: 145 мсек

Текущая дата    
    _3 __ __    

CA E0 EB FE EC ED FB 20 

00 00 08 00 F6 03 05 DA   // передача: 8 байт; 08:00:09:384 03.03.2018
// приём по количеству байт: 9 из 9
// принято с порта: 9 байт

01 00 09 00 F6 00 00 37 F3   // прием: 9 байт; 08:00:09:419 03.03.2018
// таймаут: 35 мсек


CA E0 EB FE EC ED FB 20 

00 00 07 00 F7 D4 47   // передача: 7 байт; 08:00:09:420 03.03.2018
// приём по количеству байт: 39 из 39
// принято с порта: 39 байт

01 00 27 00 F7 D2 E5 EA F3 F9 E0 FF 20 E4 E0 F2 E0 20 20 20 20 20 20 20 20 33 33 20 5F 5F 20 5F 5F 20 20 20 20 A0 46   // прием: 39 байт; 08:00:09:485 03.03.2018
// таймаут: 65 мсек

Текущая дата    
    33 __ __    

CA E0 EB FE EC ED FB 20 

00 00 08 00 F6 00 45 DB   // передача: 8 байт; 08:00:12:744 03.03.2018
// приём по количеству байт: 9 из 9
// принято с порта: 9 байт

01 00 09 00 F6 00 00 37 F3   // прием: 9 байт; 08:00:12:779 03.03.2018
// таймаут: 35 мсек


CA E0 EB FE EC ED FB 20 

00 00 07 00 F7 D4 47   // передача: 7 байт; 08:00:12:780 03.03.2018
// приём по количеству байт: 39 из 39
// принято с порта: 39 байт

01 00 27 00 F7 D2 E5 EA F3 F9 E0 FF 20 E4 E0 F2 E0 20 20 20 20 20 20 20 20 33 30 20 5F 5F 20 5F 5F 20 20 20 20 AF 02   // прием: 39 байт; 08:00:12:845 03.03.2018
// таймаут: 65 мсек

Текущая дата    
    30 __ __    

CA E0 EB FE EC ED FB 20 

00 00 08 00 F6 03 05 DA   // передача: 8 байт; 08:00:13:456 03.03.2018
// приём по количеству байт: 9 из 9
// принято с порта: 9 байт

01 00 09 00 F6 00 00 37 F3   // прием: 9 байт; 08:00:13:491 03.03.2018
// таймаут: 35 мсек


CA E0 EB FE EC ED FB 20 

00 00 07 00 F7 D4 47   // передача: 7 байт; 08:00:13:493 03.03.2018
// приём по количеству байт: 39 из 39
// принято с порта: 39 байт

01 00 27 00 F7 D2 E5 EA F3 F9 E0 FF 20 E4 E0 F2 E0 20 20 20 20 20 20 20 20 30 33 20 5F 5F 20 5F 5F 20 20 20 20 A4 42   // прием: 39 байт; 08:00:13:558 03.03.2018
// таймаут: 65 мсек

Текущая дата    
    03 __ __    

CA E0 EB FE EC ED FB 20 

00 00 08 00 F6 0B 04 1C   // передача: 8 байт; 08:00:14:480 03.03.2018
// приём по количеству байт: 9 из 9
// принято с порта: 9 байт

01 00 09 00 F6 00 00 37 F3   // прием: 9 байт; 08:00:14:515 03.03.2018
// таймаут: 35 мсек


CA E0 EB FE EC ED FB 20 

00 00 07 00 F7 D4 47   // передача: 7 байт; 08:00:14:516 03.03.2018
// приём по количеству байт: 39 из 39
// принято с порта: 39 байт

01 00 27 00 F7 D2 E5 EA F3 F9 E0 FF 20 E4 E0 F2 E0 20 20 20 20 20 20 20 20 30 33 2E 5F 5F 20 5F 5F 20 20 20 20 C5 B7   // прием: 39 байт; 08:00:14:581 03.03.2018
// таймаут: 65 мсек

Текущая дата    
    03.__ __    

CA E0 EB FE EC ED FB 20 

00 00 08 00 F6 03 05 DA   // передача: 8 байт; 08:00:15:400 03.03.2018
// приём по количеству байт: 9 из 9
// принято с порта: 9 байт

01 00 09 00 F6 00 00 37 F3   // прием: 9 байт; 08:00:15:435 03.03.2018
// таймаут: 35 мсек


CA E0 EB FE EC ED FB 20 

00 00 07 00 F7 D4 47   // передача: 7 байт; 08:00:15:436 03.03.2018
// приём по количеству байт: 39 из 39
// принято с порта: 39 байт

01 00 27 00 F7 D2 E5 EA F3 F9 E0 FF 20 E4 E0 F2 E0 20 20 20 20 20 20 20 20 30 33 2E 5F 33 20 5F 5F 20 20 20 20 C3 CA   // прием: 39 байт; 08:00:15:501 03.03.2018
// таймаут: 65 мсек

Текущая дата    
    03._3 __    

CA E0 EB FE EC ED FB 20 

00 00 08 00 F6 0B 04 1C   // передача: 8 байт; 08:00:16:120 03.03.2018
// приём по количеству байт: 9 из 9
// принято с порта: 9 байт

01 00 09 00 F6 00 00 37 F3   // прием: 9 байт; 08:00:16:154 03.03.2018
// таймаут: 34 мсек


CA E0 EB FE EC ED FB 20 

00 00 07 00 F7 D4 47   // передача: 7 байт; 08:00:16:156 03.03.2018
// приём по количеству байт: 39 из 39
// принято с порта: 39 байт

01 00 27 00 F7 D2 E5 EA F3 F9 E0 FF 20 E4 E0 F2 E0 20 20 20 20 20 20 20 20 30 33 2E 5F 33 2E 5F 5F 20 20 20 20 2C 0A   // прием: 39 байт; 08:00:16:221 03.03.2018
// таймаут: 65 мсек

Текущая дата    
    03._3.__    

CA E0 EB FE EC ED FB 20 

00 00 08 00 F6 01 84 1B   // передача: 8 байт; 08:00:17:024 03.03.2018
// приём по количеству байт: 9 из 9
// принято с порта: 9 байт

01 00 09 00 F6 00 00 37 F3   // прием: 9 байт; 08:00:17:058 03.03.2018
// таймаут: 34 мсек


CA E0 EB FE EC ED FB 20 

00 00 07 00 F7 D4 47   // передача: 7 байт; 08:00:17:060 03.03.2018
// приём по количеству байт: 39 из 39
// принято с порта: 39 байт

01 00 27 00 F7 D2 E5 EA F3 F9 E0 FF 20 E4 E0 F2 E0 20 20 20 20 20 20 20 20 30 33 2E 5F 33 2E 5F 31 20 20 20 20 C5 C3   // прием: 39 байт; 08:00:17:125 03.03.2018
// таймаут: 65 мсек

Текущая дата    
    03._3._1    

CA E0 EB FE EC ED FB 20 

00 00 08 00 F6 08 44 1D   // передача: 8 байт; 08:00:17:584 03.03.2018
// приём по количеству байт: 9 из 9
// принято с порта: 9 байт

01 00 09 00 F6 00 00 37 F3   // прием: 9 байт; 08:00:17:618 03.03.2018
// таймаут: 34 мсек


CA E0 EB FE EC ED FB 20 

00 00 07 00 F7 D4 47   // передача: 7 байт; 08:00:17:619 03.03.2018
// приём по количеству байт: 39 из 39
// принято с порта: 39 байт

01 00 27 00 F7 D2 E5 EA F3 F9 E0 FF 20 E4 E0 F2 E0 20 20 20 20 20 20 20 20 30 33 2E 5F 33 2E 31 38 20 20 20 20 11 4C   // прием: 39 байт; 08:00:17:685 03.03.2018
// таймаут: 66 мсек

Текущая дата    
    03._3.18    

CA E0 EB FE EC ED FB 20 

00 00 08 00 F6 0D 84 1E   // передача: 8 байт; 08:00:18:224 03.03.2018
// приём по количеству байт: 9 из 9
// принято с порта: 9 байт

01 00 09 00 F6 00 00 37 F3   // прием: 9 байт; 08:00:18:258 03.03.2018
// таймаут: 34 мсек


CA E0 EB FE EC ED FB 20 

00 00 07 00 F7 D4 47   // передача: 7 байт; 08:00:18:260 03.03.2018
// приём по количеству байт: 39 из 39
// принято с порта: 39 байт

01 00 27 00 F7 D2 E5 EA F3 F9 E0 FF 20 E4 E0 F2 E0 20 20 20 20 20 20 20 20 30 33 2E 30 33 2E 31 38 00 20 36 20 FD 1E   // прием: 39 байт; 08:00:18:325 03.03.2018
// таймаут: 65 мсек

Текущая дата    
    03.03.18  6 

CA E0 EB FE EC ED FB 20 

00 00 08 00 F6 0C 45 DE   // передача: 8 байт; 08:00:18:952 03.03.2018
// приём по количеству байт: 9 из 9
// принято с порта: 9 байт

01 00 09 00 F6 00 00 37 F3   // прием: 9 байт; 08:00:18:986 03.03.2018
// таймаут: 34 мсек


CA E0 EB FE EC ED FB 20 

00 00 07 00 F7 D4 47   // передача: 7 байт; 08:00:18:988 03.03.2018
// приём по количеству байт: 39 из 39
// принято с порта: 39 байт

01 00 27 00 F7 CF F0 EE E3 F0 E0 EC EC E0 20 3F 20 20 20 20 20 2D 5F 5F 5F 20 20 20 20 20 20 20 20 20 20 20 20 16 D2   // прием: 39 байт; 08:00:19:053 03.03.2018
// таймаут: 65 мсек

Программа ?     
-___            

CA E0 EB FE EC ED FB 20 

00 00 08 00 F6 09 85 DD   // передача: 8 байт; 08:00:19:575 03.03.2018
// приём по количеству байт: 9 из 9
// принято с порта: 9 байт

01 00 09 00 F6 00 00 37 F3   // прием: 9 байт; 08:00:19:610 03.03.2018
// таймаут: 35 мсек


CA E0 EB FE EC ED FB 20 

00 00 07 00 F7 D4 47   // передача: 7 байт; 08:00:19:611 03.03.2018
// приём по количеству байт: 39 из 39
// принято с порта: 39 байт

01 00 27 00 F7 CF F0 EE E3 F0 E0 EC EC E0 20 3F 20 20 20 20 20 2D 5F 5F 39 20 20 20 20 20 20 20 20 20 20 20 20 9E B4   // прием: 39 байт; 08:00:19:677 03.03.2018
// таймаут: 66 мсек

Программа ?     
-__9            

CA E0 EB FE EC ED FB 20 

00 00 08 00 F6 0D 84 1E   // передача: 8 байт; 08:00:20:152 03.03.2018
// приём по количеству байт: 9 из 9
// принято с порта: 9 байт

01 00 09 00 F6 00 00 37 F3   // прием: 9 байт; 08:00:20:186 03.03.2018
// таймаут: 34 мсек


CA E0 EB FE EC ED FB 20 

00 00 07 00 F7 D4 47   // передача: 7 байт; 08:00:20:188 03.03.2018
// приём по количеству байт: 39 из 39
// принято с порта: 39 байт

01 00 27 00 F7 D2 E5 EA F3 F9 E5 E5 20 E2 F0 E5 EC FF 20 20 20 20 20 20 20 32 33 3A 30 35 3A 32 31 00 20 20 20 85 3E   // прием: 39 байт; 08:00:20:253 03.03.2018
// таймаут: 65 мсек

Текущее время   
    23:05:21    

CA E0 EB FE EC ED FB 20 

00 00 08 00 F6 08 44 1D   // передача: 8 байт; 08:00:22:183 03.03.2018
// приём по количеству байт: 9 из 9
// принято с порта: 9 байт

01 00 09 00 F6 00 00 37 F3   // прием: 9 байт; 08:00:22:218 03.03.2018
// таймаут: 35 мсек


CA E0 EB FE EC ED FB 20 

00 00 07 00 F7 D4 47   // передача: 7 байт; 08:00:22:219 03.03.2018
// приём по количеству байт: 39 из 39
// принято с порта: 39 байт

01 00 27 00 F7 D2 E5 EA F3 F9 E5 E5 20 E2 F0 E5 EC FF 20 20 20 20 20 20 20 5F 38 20 5F 5F 20 5F 5F 20 20 20 20 D2 2C   // прием: 39 байт; 08:00:22:284 03.03.2018
// таймаут: 65 мсек

Текущее время   
    _8 __ __    

CA E0 EB FE EC ED FB 20 

00 00 08 00 F6 0B 04 1C   // передача: 8 байт; 08:00:22:959 03.03.2018
// приём по количеству байт: 9 из 9
// принято с порта: 9 байт

01 00 09 00 F6 00 00 37 F3   // прием: 9 байт; 08:00:22:994 03.03.2018
// таймаут: 35 мсек


CA E0 EB FE EC ED FB 20 

00 00 07 00 F7 D4 47   // передача: 7 байт; 08:00:22:995 03.03.2018
// приём по количеству байт: 39 из 39
// принято с порта: 39 байт

01 00 27 00 F7 D2 E5 EA F3 F9 E5 E5 20 E2 F0 E5 EC FF 20 20 20 20 20 20 20 5F 38 3A 5F 5F 20 5F 5F 20 20 20 20 F3 99   // прием: 39 байт; 08:00:23:060 03.03.2018
// таймаут: 65 мсек

Текущее время   
    _8:__ __    

CA E0 EB FE EC ED FB 20 

00 00 08 00 F6 00 45 DB   // передача: 8 байт; 08:00:23:583 03.03.2018
// приём по количеству байт: 9 из 9
// принято с порта: 9 байт

01 00 09 00 F6 00 00 37 F3   // прием: 9 байт; 08:00:23:618 03.03.2018
// таймаут: 35 мсек


CA E0 EB FE EC ED FB 20 

00 00 07 00 F7 D4 47   // передача: 7 байт; 08:00:23:619 03.03.2018
// приём по количеству байт: 39 из 39
// принято с порта: 39 байт

01 00 27 00 F7 D2 E5 EA F3 F9 E5 E5 20 E2 F0 E5 EC FF 20 20 20 20 20 20 20 5F 38 3A 5F 30 20 5F 5F 20 20 20 20 B5 F1   // прием: 39 байт; 08:00:23:684 03.03.2018
// таймаут: 65 мсек

Текущее время   
    _8:_0 __    

CA E0 EB FE EC ED FB 20 

00 00 08 00 F6 0B 04 1C   // передача: 8 байт; 08:00:24:215 03.03.2018
// приём по количеству байт: 9 из 9
// принято с порта: 9 байт

01 00 09 00 F6 00 00 37 F3   // прием: 9 байт; 08:00:24:250 03.03.2018
// таймаут: 35 мсек


CA E0 EB FE EC ED FB 20 

00 00 07 00 F7 D4 47   // передача: 7 байт; 08:00:24:251 03.03.2018
// приём по количеству байт: 39 из 39
// принято с порта: 39 байт

01 00 27 00 F7 D2 E5 EA F3 F9 E5 E5 20 E2 F0 E5 EC FF 20 20 20 20 20 20 20 5F 38 3A 5F 30 3A 5F 5F 20 20 20 20 0E 30   // прием: 39 байт; 08:00:24:316 03.03.2018
// таймаут: 65 мсек

Текущее время   
    _8:_0:__    

CA E0 EB FE EC ED FB 20 

00 00 08 00 F6 00 45 DB   // передача: 8 байт; 08:00:24:744 03.03.2018
// приём по количеству байт: 9 из 9
// принято с порта: 9 байт

01 00 09 00 F6 00 00 37 F3   // прием: 9 байт; 08:00:24:779 03.03.2018
// таймаут: 35 мсек


CA E0 EB FE EC ED FB 20 

00 00 07 00 F7 D4 47   // передача: 7 байт; 08:00:24:780 03.03.2018
// приём по количеству байт: 39 из 39
// принято с порта: 39 байт

01 00 27 00 F7 D2 E5 EA F3 F9 E5 E5 20 E2 F0 E5 EC FF 20 20 20 20 20 20 20 5F 38 3A 5F 30 3A 5F 30 20 20 20 20 DA 39   // прием: 39 байт; 08:00:24:845 03.03.2018
// таймаут: 65 мсек

Текущее время   
    _8:_0:_0    

CA E0 EB FE EC ED FB 20 

00 00 08 00 F6 0D 84 1E   // передача: 8 байт; 08:00:25:304 03.03.2018
// приём по количеству байт: 9 из 9
// принято с порта: 9 байт

01 00 09 00 F6 00 00 37 F3   // прием: 9 байт; 08:00:25:339 03.03.2018
// таймаут: 35 мсек


CA E0 EB FE EC ED FB 20 

00 00 07 00 F7 D4 47   // передача: 7 байт; 08:00:25:340 03.03.2018
// приём по количеству байт: 39 из 39
// принято с порта: 39 байт

01 00 27 00 F7 D2 E5 EA F3 F9 E5 E5 20 E2 F0 E5 EC FF 20 20 20 20 20 20 20 30 38 3A 30 30 3A 30 30 00 20 20 20 A5 C0   // прием: 39 байт; 08:00:25:405 03.03.2018
// таймаут: 65 мсек

Текущее время   
    08:00:00    

CA E0 EB FE EC ED FB 20 

00 00 08 00 F6 0C 45 DE   // передача: 8 байт; 08:00:26:856 03.03.2018
// приём по количеству байт: 9 из 9
// принято с порта: 9 байт

01 00 09 00 F6 00 00 37 F3   // прием: 9 байт; 08:00:26:891 03.03.2018
// таймаут: 35 мсек


CA E0 EB FE EC ED FB 20 

00 00 07 00 F7 D4 47   // передача: 7 байт; 08:00:26:892 03.03.2018
// приём по количеству байт: 39 из 39
// принято с порта: 39 байт

01 00 27 00 F7 CF F0 EE E3 F0 E0 EC EC E0 20 3F 20 20 20 20 20 2D 5F 5F 5F 20 20 20 20 20 20 20 20 20 20 20 20 16 D2   // прием: 39 байт; 08:00:26:957 03.03.2018
// таймаут: 65 мсек

Программа ?     
-___            

CA E0 EB FE EC ED FB 20 

00 00 07 00 F7 D4 47   // передача: 7 байт; 08:03:38:947 03.03.2018
// приём по количеству байт: 39 из 39
// принято с порта: 39 байт

01 00 27 00 F7 CF F0 EE E3 F0 E0 EC EC E0 20 3F 20 20 20 20 20 2D 5F 5F 5F 20 20 20 20 20 20 20 20 20 20 20 20 16 D2   // прием: 39 байт; 08:03:39:007 03.03.2018
// таймаут: 60 мсек

Программа ?     
-___            

CA E0 EB FE EC ED FB 20 

00 00 07 00 F7 D4 47   // передача: 7 байт; 08:03:39:547 03.03.2018
// приём по количеству байт: 39 из 39
// принято с порта: 39 байт

01 00 27 00 F7 CF F0 EE E3 F0 E0 EC EC E0 20 3F 20 20 20 20 20 2D 5F 5F 5F 20 20 20 20 20 20 20 20 20 20 20 20 16 D2   // прием: 39 байт; 08:03:39:607 03.03.2018
// таймаут: 60 мсек

Программа ?     
-___            



1B 41   // передача: 2 байт; 08:03:40:607 03.03.2018



1B 41   // передача: 2 байт; 08:03:41:377 03.03.2018



1B 41   // передача: 2 байт; 08:03:41:937 03.03.2018
// приём по таймауту: 1000 мс
// принято с порта: 0 байт



1A   // передача: 1 байт; 08:03:45:997 03.03.2018



1B 41   // передача: 2 байт; 08:03:47:707 03.03.2018



1B 41   // передача: 2 байт; 08:03:48:517 03.03.2018



1B 41   // передача: 2 байт; 08:03:48:787 03.03.2018
// приём по таймауту: 1000 мс
// принято с порта: 0 байт



1B EE   // передача: 2 байт; 08:03:50:457 03.03.2018



1B EE   // передача: 2 байт; 08:03:51:287 03.03.2018



1B EE   // передача: 2 байт; 08:03:51:737 03.03.2018



1B EE   // передача: 2 байт; 08:03:52:017 03.03.2018



1B EE   // передача: 2 байт; 08:03:52:237 03.03.2018



1B EE   // передача: 2 байт; 08:03:52:467 03.03.2018



1B EE   // передача: 2 байт; 08:03:52:647 03.03.2018
// приём по таймауту: 1000 мс
// принято с порта: 0 байт

CA E0 EB FE EC ED FB 20 

00 00 07 00 F7 D4 47   // передача: 7 байт; 08:03:56:727 03.03.2018
// приём по количеству байт: 39 из 39
// принято с порта: 39 байт

01 00 27 00 F7 CF F0 EE E3 F0 E0 EC EC E0 20 3F 20 20 20 20 20 2D 5F 5F 5F 20 20 20 20 20 20 20 20 20 20 20 20 16 D2   // прием: 39 байт; 08:03:56:787 03.03.2018
// таймаут: 60 мсек

Программа ?     
-___            

CA E0 EB FE EC ED FB 20 

00 00 08 00 F6 0C 45 DE   // передача: 8 байт; 08:03:57:557 03.03.2018
// приём по количеству байт: 9 из 9
// принято с порта: 9 байт

01 00 09 00 F6 00 00 37 F3   // прием: 9 байт; 08:03:57:587 03.03.2018
// таймаут: 30 мсек


CA E0 EB FE EC ED FB 20 

00 00 07 00 F7 D4 47   // передача: 7 байт; 08:03:57:587 03.03.2018
// приём по количеству байт: 39 из 39
// принято с порта: 39 байт

01 00 27 00 F7 CF F0 EE E3 F0 E0 EC EC E0 20 3F 20 20 20 20 20 2D 5F 5F 5F 20 20 20 20 20 20 20 20 20 20 20 20 16 D2   // прием: 39 байт; 08:03:57:657 03.03.2018
// таймаут: 70 мсек

Программа ?     
-___            

CA E0 EB FE EC ED FB 20 

00 00 08 00 F6 01 84 1B   // передача: 8 байт; 08:03:58:687 03.03.2018
// приём по количеству байт: 9 из 9
// принято с порта: 9 байт

01 00 09 00 F6 00 00 37 F3   // прием: 9 байт; 08:03:58:717 03.03.2018
// таймаут: 30 мсек


CA E0 EB FE EC ED FB 20 

00 00 07 00 F7 D4 47   // передача: 7 байт; 08:03:58:717 03.03.2018
// приём по количеству байт: 39 из 39
// принято с порта: 39 байт

01 00 27 00 F7 CF F0 EE E3 F0 E0 EC EC E0 20 3F 20 20 20 20 20 2D 5F 5F 31 20 20 20 20 20 20 20 20 20 20 20 20 81 FC   // прием: 39 байт; 08:03:58:787 03.03.2018
// таймаут: 70 мсек

Программа ?     
-__1            

CA E0 EB FE EC ED FB 20 

00 00 08 00 F6 05 85 D8   // передача: 8 байт; 08:03:59:257 03.03.2018
// приём по количеству байт: 9 из 9
// принято с порта: 9 байт

01 00 09 00 F6 00 00 37 F3   // прием: 9 байт; 08:03:59:297 03.03.2018
// таймаут: 40 мсек


CA E0 EB FE EC ED FB 20 

00 00 07 00 F7 D4 47   // передача: 7 байт; 08:03:59:297 03.03.2018
// приём по количеству байт: 39 из 39
// принято с порта: 39 байт

01 00 27 00 F7 CF F0 EE E3 F0 E0 EC EC E0 20 3F 20 20 20 20 20 2D 5F 31 35 20 20 20 20 20 20 20 20 20 20 20 20 E0 D6   // прием: 39 байт; 08:03:59:357 03.03.2018
// таймаут: 60 мсек

Программа ?     
-_15            

CA E0 EB FE EC ED FB 20 

00 00 08 00 F6 0D 84 1E   // передача: 8 байт; 08:03:59:947 03.03.2018
// приём по количеству байт: 9 из 9
// принято с порта: 9 байт

01 00 09 00 F6 00 00 37 F3   // прием: 9 байт; 08:03:59:977 03.03.2018
// таймаут: 30 мсек


CA E0 EB FE EC ED FB 20 

00 00 07 00 F7 D4 47   // передача: 7 байт; 08:03:59:977 03.03.2018
// приём по количеству байт: 39 из 39
// принято с порта: 39 байт

01 00 27 00 F7 CD E5 EE E1 F5 EE E4 E8 EC EE 3A 20 20 20 20 20 20 20 EF F0 EE E3 F0 E0 EC EC E0 20 32 20 20 00 38 07   // прием: 39 байт; 08:04:00:357 03.03.2018
// таймаут: 380 мсек

Необходимо:     
  программа 2   

CA E0 EB FE EC ED FB 20 

00 00 08 00 F6 0C 45 DE   // передача: 8 байт; 08:04:01:297 03.03.2018
// приём по количеству байт: 9 из 9
// принято с порта: 9 байт

01 00 09 00 F6 00 00 37 F3   // прием: 9 байт; 08:04:01:337 03.03.2018
// таймаут: 40 мсек


CA E0 EB FE EC ED FB 20 

00 00 07 00 F7 D4 47   // передача: 7 байт; 08:04:01:337 03.03.2018
// приём по количеству байт: 39 из 39
// принято с порта: 39 байт

01 00 27 00 F7 CF F0 EE E3 F0 E0 EC EC E0 20 3F 20 20 20 20 20 2D 5F 5F 5F 20 20 20 20 20 20 20 20 20 20 20 20 16 D2   // прием: 39 байт; 08:04:01:397 03.03.2018
// таймаут: 60 мсек

Программа ?     
-___            

CA E0 EB FE EC ED FB 20 

00 00 08 00 F6 08 44 1D   // передача: 8 байт; 08:04:02:627 03.03.2018
// приём по количеству байт: 9 из 9
// принято с порта: 9 байт

01 00 09 00 F6 00 00 37 F3   // прием: 9 байт; 08:04:02:657 03.03.2018
// таймаут: 30 мсек


CA E0 EB FE EC ED FB 20 

00 00 07 00 F7 D4 47   // передача: 7 байт; 08:04:02:657 03.03.2018
// приём по количеству байт: 39 из 39
// принято с порта: 39 байт

01 00 27 00 F7 CF F0 EE E3 F0 E0 EC EC E0 20 3F 20 20 20 20 20 2D 5F 5F 38 20 20 20 20 20 20 20 20 20 20 20 20 9C 35   // прием: 39 байт; 08:04:02:727 03.03.2018
// таймаут: 70 мсек

Программа ?     
-__8            

CA E0 EB FE EC ED FB 20 

00 00 08 00 F6 03 05 DA   // передача: 8 байт; 08:04:03:237 03.03.2018
// приём по количеству байт: 9 из 9
// принято с порта: 9 байт

01 00 09 00 F6 00 00 37 F3   // прием: 9 байт; 08:04:03:277 03.03.2018
// таймаут: 40 мсек


CA E0 EB FE EC ED FB 20 

00 00 07 00 F7 D4 47   // передача: 7 байт; 08:04:03:277 03.03.2018
// приём по количеству байт: 39 из 39
// принято с порта: 39 байт

01 00 27 00 F7 CF F0 EE E3 F0 E0 EC EC E0 20 3F 20 20 20 20 20 2D 5F 38 33 20 20 20 20 20 20 20 20 20 20 20 20 E0 19   // прием: 39 байт; 08:04:03:347 03.03.2018
// таймаут: 70 мсек

Программа ?     
-_83            

CA E0 EB FE EC ED FB 20 

00 00 08 00 F6 0D 84 1E   // передача: 8 байт; 08:04:04:067 03.03.2018
// приём по количеству байт: 9 из 9
// принято с порта: 9 байт

01 00 09 00 F6 00 00 37 F3   // прием: 9 байт; 08:04:04:097 03.03.2018
// таймаут: 30 мсек


CA E0 EB FE EC ED FB 20 

00 00 07 00 F7 D4 47   // передача: 7 байт; 08:04:04:097 03.03.2018
// приём по количеству байт: 39 из 39
// принято с порта: 39 байт

01 00 27 00 F7 CE F2 EB E0 E4 EA E0 20 20 20 20 20 20 20 20 20 20 20 20 20 20 20 20 CE CA 20 20 20 20 20 20 20 A3 3D   // прием: 39 байт; 08:04:04:207 03.03.2018
// таймаут: 110 мсек

Отладка         
       ОК       

CA E0 EB FE EC ED FB 20 

00 00 08 00 F6 0C 45 DE   // передача: 8 байт; 08:04:04:947 03.03.2018
// приём по количеству байт: 9 из 9
// принято с порта: 9 байт

01 00 09 00 F6 00 00 37 F3   // прием: 9 байт; 08:04:04:977 03.03.2018
// таймаут: 30 мсек


CA E0 EB FE EC ED FB 20 

00 00 07 00 F7 D4 47   // передача: 7 байт; 08:04:04:977 03.03.2018
// приём по количеству байт: 39 из 39
// принято с порта: 39 байт

01 00 27 00 F7 CF F0 EE E3 F0 E0 EC EC E0 20 3F 20 20 20 20 20 2D 5F 5F 5F 20 20 20 20 20 20 20 20 20 20 20 20 16 D2   // прием: 39 байт; 08:04:05:047 03.03.2018
// таймаут: 70 мсек

Программа ?     
-___            

CA E0 EB FE EC ED FB 20 

00 00 08 00 F6 01 84 1B   // передача: 8 байт; 08:04:05:807 03.03.2018
// приём по количеству байт: 9 из 9
// принято с порта: 9 байт

01 00 09 00 F6 00 00 37 F3   // прием: 9 байт; 08:04:05:837 03.03.2018
// таймаут: 30 мсек


CA E0 EB FE EC ED FB 20 

00 00 07 00 F7 D4 47   // передача: 7 байт; 08:04:05:837 03.03.2018
// приём по количеству байт: 39 из 39
// принято с порта: 39 байт

01 00 27 00 F7 CF F0 EE E3 F0 E0 EC EC E0 20 3F 20 20 20 20 20 2D 5F 5F 31 20 20 20 20 20 20 20 20 20 20 20 20 81 FC   // прием: 39 байт; 08:04:05:907 03.03.2018
// таймаут: 70 мсек

Программа ?     
-__1            

CA E0 EB FE EC ED FB 20 

00 00 08 00 F6 05 85 D8   // передача: 8 байт; 08:04:06:347 03.03.2018
// приём по количеству байт: 9 из 9
// принято с порта: 9 байт

01 00 09 00 F6 00 00 37 F3   // прием: 9 байт; 08:04:06:377 03.03.2018
// таймаут: 30 мсек


CA E0 EB FE EC ED FB 20 

00 00 07 00 F7 D4 47   // передача: 7 байт; 08:04:06:387 03.03.2018
// приём по количеству байт: 39 из 39
// принято с порта: 39 байт

01 00 27 00 F7 CF F0 EE E3 F0 E0 EC EC E0 20 3F 20 20 20 20 20 2D 5F 31 35 20 20 20 20 20 20 20 20 20 20 20 20 E0 D6   // прием: 39 байт; 08:04:06:447 03.03.2018
// таймаут: 60 мсек

Программа ?     
-_15            

CA E0 EB FE EC ED FB 20 

00 00 08 00 F6 0D 84 1E   // передача: 8 байт; 08:04:06:937 03.03.2018
// приём по количеству байт: 9 из 9
// принято с порта: 9 байт

01 00 09 00 F6 00 00 37 F3   // прием: 9 байт; 08:04:06:977 03.03.2018
// таймаут: 40 мсек


CA E0 EB FE EC ED FB 20 

00 00 07 00 F7 D4 47   // передача: 7 байт; 08:04:06:977 03.03.2018
// приём по количеству байт: 39 из 39
// принято с порта: 39 байт

01 00 27 00 F7 D0 E0 E1 EE F2 E0 20 20 20 20 20 20 20 20 20 20 20 20 20 20 20 20 20 CE CA 20 20 20 20 20 20 20 DE 07   // прием: 39 байт; 08:04:07:137 03.03.2018
// таймаут: 160 мсек

Работа          
       ОК       

CA E0 EB FE EC ED FB 20 

00 00 07 00 F7 D4 47   // передача: 7 байт; 08:04:08:687 03.03.2018
// приём по количеству байт: 39 из 39
// принято с порта: 39 байт

01 00 27 00 F7 D0 E0 E1 EE F2 E0 20 20 20 20 20 20 20 20 20 20 20 20 20 20 20 20 20 CE CA 20 20 20 20 20 20 20 DE 07   // прием: 39 байт; 08:04:08:757 03.03.2018
// таймаут: 70 мсек

Работа          
       ОК       



1B 41   // передача: 2 байт; 08:04:10:677 03.03.2018



1B 41   // передача: 2 байт; 08:04:11:427 03.03.2018



1B 41   // передача: 2 байт; 08:04:11:877 03.03.2018



1B 41   // передача: 2 байт; 08:04:12:187 03.03.2018



1B 41   // передача: 2 байт; 08:04:12:417 03.03.2018



1B 41   // передача: 2 байт; 08:04:12:657 03.03.2018



1B 41   // передача: 2 байт; 08:04:12:877 03.03.2018



1B 41   // передача: 2 байт; 08:04:13:107 03.03.2018



1B 41   // передача: 2 байт; 08:04:13:347 03.03.2018



1B 41   // передача: 2 байт; 08:04:13:527 03.03.2018
// приём по таймауту: 1000 мс
// принято с порта: 0 байт

// О программе
