IdTCPClient - BeforeBind   // 18:50:28:751 27.10.2022
IdTCPClient - SocketAllocated   // 18:50:28:755 27.10.2022
IdTCPClient - AfterBind   // 18:50:28:755 27.10.2022
Событие: Connecting to 128.65.7.227.   // 18:50:28:755 27.10.2022
Событие: Connected.   // 18:50:29:518 27.10.2022
Установлено соединение c сокетом: 128.65.7.227:7777   // 18:50:29:518 27.10.2022


00 00 08 00 F6 0C 45 DE   // передача: 8 байт; 18:50:32:767 27.10.2022


55 00 00 12 FF F0 00 00 08 00 F6 0C 45 DE 21 B3 05 B9   // передача: 18 байт; 18:50:32:768 27.10.2022
// принято 9 байт (доступно 9 из 9 байт)   // 18:50:33:787 27.10.2022
// принято с сокета: 9 байт

01 00 09 00 F6 00 00 37 F3   // прием: 9 байт; 18:50:33:788 27.10.2022
// таймаут: 1020 мсек



00 00 07 00 F7 D4 47   // передача: 7 байт; 18:50:33:788 27.10.2022


55 00 00 11 FF F0 00 00 07 00 F7 D4 47 21 B3 8C 7D   // передача: 17 байт; 18:50:33:789 27.10.2022
// принято 39 байт (доступно 39 из 39 байт)   // 18:50:34:208 27.10.2022
// принято с сокета: 39 байт

01 00 27 00 F7 CF F0 EE E3 F0 E0 EC EC E0 20 3F 20 20 20 20 20 3E 5F 5F 5F 20 20 20 20 20 20 20 20 20 20 20 20 5B EF   // прием: 39 байт; 18:50:34:208 27.10.2022
// таймаут: 419 мсек

I?ia?aiia ?     
>___            


00 00 08 00 F6 02 C4 1A   // передача: 8 байт; 18:50:34:695 27.10.2022


55 00 00 12 FF F0 00 00 08 00 F6 02 C4 1A 21 B3 05 B9   // передача: 18 байт; 18:50:34:696 27.10.2022
// принято 9 байт (доступно 9 из 9 байт)   // 18:50:35:047 27.10.2022
// принято с сокета: 9 байт

01 00 09 00 F6 00 00 37 F3   // прием: 9 байт; 18:50:35:048 27.10.2022
// таймаут: 352 мсек



00 00 07 00 F7 D4 47   // передача: 7 байт; 18:50:35:048 27.10.2022


55 00 00 11 FF F0 00 00 07 00 F7 D4 47 21 B3 8C 7D   // передача: 17 байт; 18:50:35:048 27.10.2022
// принято 39 байт (доступно 39 из 39 байт)   // 18:50:35:498 27.10.2022
// принято с сокета: 39 байт

01 00 27 00 F7 CF F0 EE E3 F0 E0 EC EC E0 20 3F 20 20 20 20 20 3E 5F 5F 32 20 20 20 20 20 20 20 20 20 20 20 20 C9 02   // прием: 39 байт; 18:50:35:499 27.10.2022
// таймаут: 451 мсек

I?ia?aiia ?     
>__2            


00 00 08 00 F6 02 C4 1A   // передача: 8 байт; 18:50:35:544 27.10.2022


55 00 00 12 FF F0 00 00 08 00 F6 02 C4 1A 21 B3 05 B9   // передача: 18 байт; 18:50:35:545 27.10.2022
// принято 9 байт (доступно 9 из 9 байт)   // 18:50:35:918 27.10.2022
// принято с сокета: 9 байт

01 00 09 00 F6 00 00 37 F3   // прием: 9 байт; 18:50:35:919 27.10.2022
// таймаут: 374 мсек



00 00 07 00 F7 D4 47   // передача: 7 байт; 18:50:35:919 27.10.2022


55 00 00 11 FF F0 00 00 07 00 F7 D4 47 21 B3 8C 7D   // передача: 17 байт; 18:50:35:920 27.10.2022
// принято 39 байт (доступно 39 из 39 байт)   // 18:50:36:278 27.10.2022
// принято с сокета: 39 байт

01 00 27 00 F7 CF F0 EE E3 F0 E0 EC EC E0 20 3F 20 20 20 20 20 3E 5F 32 32 20 20 20 20 20 20 20 20 20 20 20 20 A5 AF   // прием: 39 байт; 18:50:36:279 27.10.2022
// таймаут: 359 мсек

I?ia?aiia ?     
>_22            


00 00 08 00 F6 00 45 DB   // передача: 8 байт; 18:50:36:304 27.10.2022


55 00 00 12 FF F0 00 00 08 00 F6 00 45 DB 21 B3 05 B9   // передача: 18 байт; 18:50:36:305 27.10.2022
// принято 9 байт (доступно 9 из 9 байт)   // 18:50:36:599 27.10.2022
// принято с сокета: 9 байт

01 00 09 00 F6 00 00 37 F3   // прием: 9 байт; 18:50:36:599 27.10.2022
// таймаут: 294 мсек



00 00 07 00 F7 D4 47   // передача: 7 байт; 18:50:36:600 27.10.2022


55 00 00 11 FF F0 00 00 07 00 F7 D4 47 21 B3 8C 7D   // передача: 17 байт; 18:50:36:600 27.10.2022
// принято 39 байт (доступно 39 из 39 байт)   // 18:50:36:908 27.10.2022
// принято с сокета: 39 байт

01 00 27 00 F7 CF F0 EE E3 F0 E0 EC EC E0 20 3F 20 20 20 20 20 3E 32 32 30 20 20 20 20 20 20 20 20 20 20 20 20 0F C0   // прием: 39 байт; 18:50:36:908 27.10.2022
// таймаут: 308 мсек

I?ia?aiia ?     
>220            


00 00 08 00 F6 0D 84 1E   // передача: 8 байт; 18:50:37:040 27.10.2022


55 00 00 12 FF F0 00 00 08 00 F6 0D 84 1E 21 B3 05 B9   // передача: 18 байт; 18:50:37:041 27.10.2022
// принято 9 байт (доступно 9 из 9 байт)   // 18:50:37:319 27.10.2022
// принято с сокета: 9 байт

01 00 09 00 F6 00 00 37 F3   // прием: 9 байт; 18:50:37:319 27.10.2022
// таймаут: 278 мсек



00 00 07 00 F7 D4 47   // передача: 7 байт; 18:50:37:320 27.10.2022


55 00 00 11 FF F0 00 00 07 00 F7 D4 47 21 B3 8C 7D   // передача: 17 байт; 18:50:37:320 27.10.2022
// принято 39 байт (доступно 39 из 39 байт)   // 18:50:37:628 27.10.2022
// принято с сокета: 39 байт

01 00 27 00 F7 CF EE F0 F2 20 33 3A 20 43 52 43 32 34 37 20 34 30 33 20 44 32 37 44 20 30 37 20 30 30 20 36 30 48 74   // прием: 39 байт; 18:50:37:629 27.10.2022
// таймаут: 309 мсек

Ii?o 3: CRC247 4
03 D27D 07 00 60


00 00 07 00 F7 D4 47   // передача: 7 байт; 18:50:37:700 27.10.2022


55 00 00 11 FF F0 00 00 07 00 F7 D4 47 21 B3 8C 7D   // передача: 17 байт; 18:50:37:700 27.10.2022
// принято 39 байт (доступно 39 из 39 байт)   // 18:50:38:038 27.10.2022
// принято с сокета: 39 байт

01 00 27 00 F7 CF EE F0 F2 20 33 3A 20 43 52 43 32 34 37 20 34 30 33 20 45 33 37 44 20 30 37 20 30 30 20 36 30 B7 36   // прием: 39 байт; 18:50:38:039 27.10.2022
// таймаут: 339 мсек

Ii?o 3: CRC247 4
03 E37D 07 00 60
Событие: Disconnecting.   // 18:50:40:192 27.10.2022
Отсоединение   // 18:50:40:193 27.10.2022
Событие: Disconnected.   // 18:50:40:194 27.10.2022
Ошибка при закрытии сокета: Thread Error: Неверный дескриптор (6)   // 18:50:40:197 27.10.2022

// О программе
