Событие: Connecting to 192.168.1.100.   // 13:33:30:989 14.01.2018
Событие: Connected.   // 13:33:40:002 14.01.2018
Установлено соединение c сокетом: 192.168.1.100:1005   // 13:33:40:002 14.01.2018



1B 41   // передача: 2 байт; 13:33:46:152 14.01.2018
// приём по таймауту: 5000 мс
// принято с сокета: 0 байт



1B 41   // передача: 2 байт; 13:34:04:126 14.01.2018
// приём по таймауту: 5000 мс
// принято с сокета: 0 байт



1B 41   // передача: 2 байт; 13:34:18:927 14.01.2018



1B 41   // передача: 2 байт; 13:34:19:989 14.01.2018



1B 41   // передача: 2 байт; 13:34:21:274 14.01.2018



1B 41   // передача: 2 байт; 13:34:22:171 14.01.2018
// приём по таймауту: 5000 мс
// принято с сокета: 0 байт



1B 41   // передача: 2 байт; 13:34:27:975 14.01.2018



1B 41   // передача: 2 байт; 13:34:28:977 14.01.2018



1B 41   // передача: 2 байт; 13:34:30:032 14.01.2018



1B 41   // передача: 2 байт; 13:34:30:884 14.01.2018



1B 41   // передача: 2 байт; 13:34:34:429 14.01.2018



1B 41   // передача: 2 байт; 13:34:35:431 14.01.2018



1B 41   // передача: 2 байт; 13:34:36:273 14.01.2018



1B 41   // передача: 2 байт; 13:34:36:853 14.01.2018



1B 41   // передача: 2 байт; 13:34:37:535 14.01.2018



1B 41   // передача: 2 байт; 13:34:38:237 14.01.2018
// приём по таймауту: 5000 мс
// принято с сокета: 0 байт



1B 41   // передача: 2 байт; 13:34:45:801 14.01.2018



1B 41   // передача: 2 байт; 13:34:47:039 14.01.2018
// приём по таймауту: 5000 мс
// принято с сокета: 0 байт



1A   // передача: 1 байт; 13:34:58:975 14.01.2018



1A   // передача: 1 байт; 13:34:59:897 14.01.2018



1B 41   // передача: 2 байт; 13:35:22:202 14.01.2018



1B 41   // передача: 2 байт; 13:35:23:104 14.01.2018



1B 41   // передача: 2 байт; 13:35:23:966 14.01.2018



1B 41   // передача: 2 байт; 13:35:24:838 14.01.2018



1B 41   // передача: 2 байт; 13:35:25:578 14.01.2018



1B 41   // передача: 2 байт; 13:35:26:240 14.01.2018



1B 41   // передача: 2 байт; 13:35:26:970 14.01.2018



1B 41   // передача: 2 байт; 13:35:27:750 14.01.2018



1B 41   // передача: 2 байт; 13:35:28:552 14.01.2018
// приём по таймауту: 5000 мс
// принято с сокета: 0 байт

CA E0 EB FE EC ED FB 20 

01 00 07 00 01 69 C1   // передача: 7 байт; 13:35:37:778 14.01.2018

CA E0 EB FE EC ED FB 20 

01 00 07 00 01 69 C1   // передача: 7 байт; 13:35:39:120 14.01.2018
// приём по таймауту: 5000 мс
// принято с сокета: 0 байт
Событие: Disconnecting.   // 14:29:53:703 14.01.2018
Отсоединение   // 14:29:53:705 14.01.2018
Событие: Disconnected.   // 14:29:53:706 14.01.2018
// принято 0 байт (доступно 0 из 13 байт)   // 14:29:53:707 14.01.2018
Ошибка при закрытии сокета: Thread Error: Неверный дескриптор (6)   // 14:29:53:708 14.01.2018
Событие: Connecting to 192.168.1.100.   // 14:29:54:912 14.01.2018
Событие: Connected.   // 14:29:54:913 14.01.2018
Установлено соединение c сокетом: 192.168.1.100:1005   // 14:29:54:915 14.01.2018



1B 41   // передача: 2 байт; 14:29:56:455 14.01.2018



1B 41   // передача: 2 байт; 14:29:57:495 14.01.2018



1B 41   // передача: 2 байт; 14:29:59:432 14.01.2018



1B 41   // передача: 2 байт; 14:30:00:816 14.01.2018



1B 41   // передача: 2 байт; 14:30:02:168 14.01.2018



1B 41   // передача: 2 байт; 14:30:03:232 14.01.2018



1B 41   // передача: 2 байт; 14:30:03:872 14.01.2018



1B 41   // передача: 2 байт; 14:30:04:368 14.01.2018



1B 41   // передача: 2 байт; 14:30:04:712 14.01.2018



1B 41   // передача: 2 байт; 14:30:04:960 14.01.2018



1B 41   // передача: 2 байт; 14:30:05:176 14.01.2018



1B 41   // передача: 2 байт; 14:30:05:416 14.01.2018



1B 41   // передача: 2 байт; 14:30:05:624 14.01.2018



1B 41   // передача: 2 байт; 14:30:05:840 14.01.2018



1B 41   // передача: 2 байт; 14:30:06:032 14.01.2018



1B 41   // передача: 2 байт; 14:30:06:232 14.01.2018



1B 41   // передача: 2 байт; 14:30:06:432 14.01.2018



1B 41   // передача: 2 байт; 14:30:06:624 14.01.2018



1B 41   // передача: 2 байт; 14:30:06:808 14.01.2018



1B 41   // передача: 2 байт; 14:30:07:016 14.01.2018



1B 41   // передача: 2 байт; 14:30:07:192 14.01.2018
// приём по таймауту: 5000 мс
// принято с сокета: 0 байт
Событие: Disconnecting.   // 14:32:44:760 14.01.2018
Отсоединение   // 14:32:44:761 14.01.2018
Событие: Disconnected.   // 14:32:44:763 14.01.2018
// принято 0 байт (доступно 0 из 0 байт)   // 14:32:44:764 14.01.2018
// принято с сокета: 0 байт
Ошибка при закрытии сокета: Thread Error: Неверный дескриптор (6)   // 14:32:44:765 14.01.2018
Событие: Connecting to 192.168.1.100.   // 14:32:45:600 14.01.2018
Событие: Connected.   // 14:32:45:602 14.01.2018
Установлено соединение c сокетом: 192.168.1.100:1005   // 14:32:45:603 14.01.2018



1B 41   // передача: 2 байт; 14:32:47:960 14.01.2018



1B 41   // передача: 2 байт; 14:32:49:056 14.01.2018



1B 41   // передача: 2 байт; 14:32:49:991 14.01.2018



1B 41   // передача: 2 байт; 14:32:50:839 14.01.2018



1B 41   // передача: 2 байт; 14:32:51:559 14.01.2018
// приём по таймауту: 5000 мс
// принято с сокета: 0 байт

CA E0 EB FE EC ED FB 20 

01 00 07 00 01 69 C1   // передача: 7 байт; 14:32:57:841 14.01.2018

CA E0 EB FE EC ED FB 20 

01 00 07 00 01 69 C1   // передача: 7 байт; 14:33:00:457 14.01.2018

CA E0 EB FE EC ED FB 20 

01 00 07 00 01 69 C1   // передача: 7 байт; 14:33:02:321 14.01.2018

CA E0 EB FE EC ED FB 20 

01 00 07 00 01 69 C1   // передача: 7 байт; 14:33:06:441 14.01.2018

CA E0 EB FE EC ED FB 20 

01 00 07 00 01 69 C1   // передача: 7 байт; 14:33:07:937 14.01.2018

CA E0 EB FE EC ED FB 20 

01 00 07 00 01 69 C1   // передача: 7 байт; 14:33:09:585 14.01.2018

CA E0 EB FE EC ED FB 20 

01 00 07 00 01 69 C1   // передача: 7 байт; 14:33:10:962 14.01.2018

CA E0 EB FE EC ED FB 20 

01 00 07 00 01 69 C1   // передача: 7 байт; 14:33:13:865 14.01.2018

CA E0 EB FE EC ED FB 20 

01 00 07 00 01 69 C1   // передача: 7 байт; 14:33:14:929 14.01.2018

CA E0 EB FE EC ED FB 20 

01 00 07 00 01 69 C1   // передача: 7 байт; 14:33:15:841 14.01.2018

CA E0 EB FE EC ED FB 20 

01 00 07 00 01 69 C1   // передача: 7 байт; 14:33:16:745 14.01.2018

CA E0 EB FE EC ED FB 20 

01 00 07 00 01 69 C1   // передача: 7 байт; 14:33:17:713 14.01.2018

CA E0 EB FE EC ED FB 20 

01 00 07 00 01 69 C1   // передача: 7 байт; 14:33:18:889 14.01.2018

CA E0 EB FE EC ED FB 20 

01 00 07 00 01 69 C1   // передача: 7 байт; 14:33:20:225 14.01.2018
// приём по таймауту: 5000 мс
// принято с сокета: 0 байт
Событие: Disconnecting.   // 14:39:00:020 14.01.2018
Отсоединение   // 14:39:00:020 14.01.2018
Событие: Disconnected.   // 14:39:00:020 14.01.2018
// принято 0 байт (доступно 0 из 13 байт)   // 14:39:00:020 14.01.2018
Ошибка при закрытии сокета: Thread Error: Неверный дескриптор (6)   // 14:39:00:020 14.01.2018

// О программе
