Событие: Connecting to 192.168.1.100.   // 19:56:17:807 14.01.2018
Событие: Connected.   // 19:56:17:817 14.01.2018
Установлено соединение c сокетом: 192.168.1.100:1005   // 19:56:17:817 14.01.2018



1B 41   // передача: 2 байт; 19:56:19:637 14.01.2018



1B 41   // передача: 2 байт; 19:56:23:207 14.01.2018



1B 41   // передача: 2 байт; 19:56:24:917 14.01.2018
Событие: Disconnecting.   // 19:56:27:617 14.01.2018
Отсоединение   // 19:56:27:617 14.01.2018
Событие: Disconnected.   // 19:56:27:617 14.01.2018
// принято 0 байт (доступно 0 из 0 байт)   // 19:56:27:617 14.01.2018
// принято с сокета: 0 байт
Ошибка при закрытии сокета: Thread Error: Неверный дескриптор (6)   // 19:56:27:627 14.01.2018
Событие: Connecting to 192.168.1.100.   // 19:56:31:717 14.01.2018
Событие: Connected.   // 19:56:31:727 14.01.2018
Установлено соединение c сокетом: 192.168.1.100:1005   // 19:56:31:727 14.01.2018



1B 41   // передача: 2 байт; 19:56:33:547 14.01.2018



1B 41   // передача: 2 байт; 19:56:35:843 14.01.2018



1B 41   // передача: 2 байт; 19:56:37:802 14.01.2018
Событие: Disconnecting.   // 19:56:39:662 14.01.2018
Отсоединение   // 19:56:39:672 14.01.2018
Событие: Disconnected.   // 19:56:39:672 14.01.2018
Ошибка при закрытии сокета: Thread Error: Неверный дескриптор (6)   // 19:56:39:672 14.01.2018
Ошибка при закрытии сокета: Thread Error: Неверный дескриптор (6)   // 19:56:44:206 14.01.2018
Событие: Connecting to 192.168.1.100.   // 19:56:44:846 14.01.2018
Событие: Connected.   // 19:56:44:856 14.01.2018
Установлено соединение c сокетом: 192.168.1.100:1005   // 19:56:44:856 14.01.2018



1B 41   // передача: 2 байт; 19:56:46:486 14.01.2018



1B 41   // передача: 2 байт; 19:56:47:906 14.01.2018



1B 41   // передача: 2 байт; 19:56:48:506 14.01.2018



1B 41   // передача: 2 байт; 19:56:49:096 14.01.2018
Событие: Disconnecting.   // 19:56:51:386 14.01.2018
Отсоединение   // 19:56:51:386 14.01.2018
Событие: Disconnected.   // 19:56:51:386 14.01.2018
Ошибка при закрытии сокета: Thread Error: Неверный дескриптор (6)   // 19:56:51:386 14.01.2018
// приём по таймауту: 5000 мс
// принято с сокета: 0 байт
Ошибка при закрытии сокета: Thread Error: Неверный дескриптор (6)   // 19:58:24:083 14.01.2018
Событие: Connecting to 192.168.1.100.   // 19:58:25:183 14.01.2018
Событие: Connected.   // 19:58:25:183 14.01.2018
Установлено соединение c сокетом: 192.168.1.100:1005   // 19:58:25:193 14.01.2018
Событие: Disconnecting.   // 19:58:28:783 14.01.2018
Отсоединение   // 19:58:28:783 14.01.2018
Событие: Disconnected.   // 19:58:28:793 14.01.2018
// принято 0 байт (доступно 0 из 0 байт)   // 19:58:28:793 14.01.2018
// принято с сокета: 0 байт
Ошибка при закрытии сокета: Thread Error: Неверный дескриптор (6)   // 19:58:28:793 14.01.2018
Событие: Connecting to 192.168.1.100.   // 19:58:33:093 14.01.2018
Событие: Connected.   // 19:58:33:103 14.01.2018
Установлено соединение c сокетом: 192.168.1.100:1005   // 19:58:33:103 14.01.2018



1B 41   // передача: 2 байт; 19:58:35:207 14.01.2018



1B 41   // передача: 2 байт; 19:58:36:577 14.01.2018



1B 41   // передача: 2 байт; 19:58:37:467 14.01.2018



1B 41   // передача: 2 байт; 19:58:38:067 14.01.2018



1B 41   // передача: 2 байт; 19:58:38:587 14.01.2018
Событие: Disconnecting.   // 19:58:39:835 14.01.2018
Отсоединение   // 19:58:39:835 14.01.2018
Событие: Disconnected.   // 19:58:39:835 14.01.2018
Ошибка при закрытии сокета: Thread Error: Неверный дескриптор (6)   // 19:58:39:835 14.01.2018
Событие: Connecting to 192.168.1.100.   // 19:58:41:830 14.01.2018
Событие: Connected.   // 19:58:41:840 14.01.2018
Установлено соединение c сокетом: 192.168.1.100:1005   // 19:58:41:840 14.01.2018



1B 41   // передача: 2 байт; 19:58:44:340 14.01.2018
Событие: Disconnecting.   // 19:58:46:010 14.01.2018
Отсоединение   // 19:58:46:010 14.01.2018
Событие: Disconnected.   // 19:58:46:010 14.01.2018
Ошибка при закрытии сокета: Thread Error: Неверный дескриптор (6)   // 19:58:46:010 14.01.2018
Событие: Connecting to 192.168.1.100.   // 19:58:48:030 14.01.2018
Событие: Connected.   // 19:58:48:030 14.01.2018
Установлено соединение c сокетом: 192.168.1.100:1005   // 19:58:48:030 14.01.2018



1B 41   // передача: 2 байт; 19:58:50:082 14.01.2018



1B 41   // передача: 2 байт; 19:58:50:782 14.01.2018
Событие: Disconnecting.   // 19:58:51:622 14.01.2018
Отсоединение   // 19:58:51:632 14.01.2018
Событие: Disconnected.   // 19:58:51:632 14.01.2018
Ошибка при закрытии сокета: Thread Error: Неверный дескриптор (6)   // 19:58:51:632 14.01.2018
// приём по таймауту: 5000 мс
// принято с сокета: 0 байт
Событие: Connecting to 192.168.1.100.   // 20:00:11:238 14.01.2018
Событие: Connected.   // 20:00:11:238 14.01.2018
Установлено соединение c сокетом: 192.168.1.100:1005   // 20:00:11:238 14.01.2018



1B 41   // передача: 2 байт; 20:00:14:129 14.01.2018
// приём по таймауту: 5000 мс
// принято с сокета: 0 байт



1B 41   // передача: 2 байт; 20:00:24:358 14.01.2018
// приём по таймауту: 5000 мс
// принято с сокета: 0 байт
Событие: Disconnecting.   // 20:04:18:078 14.01.2018
Отсоединение   // 20:04:18:088 14.01.2018
Событие: Disconnected.   // 20:04:18:088 14.01.2018
// принято 0 байт (доступно 0 из 0 байт)   // 20:04:18:088 14.01.2018
// принято с сокета: 0 байт
Ошибка при закрытии сокета: Thread Error: Неверный дескриптор (6)   // 20:04:18:088 14.01.2018
Событие: Connecting to 192.168.1.100.   // 20:04:19:548 14.01.2018
Ошибка при закрытии сокета: Thread Error: Неверный дескриптор (6)   // 20:04:42:728 14.01.2018
Ошибка при закрытии сокета: Thread Error: Неверный дескриптор (6)   // 20:04:53:798 14.01.2018
Ошибка при закрытии сокета: Thread Error: Неверный дескриптор (6)   // 20:04:54:708 14.01.2018
Событие: Connecting to 192.168.1.100.   // 20:04:59:288 14.01.2018
Событие: Connected.   // 20:04:59:288 14.01.2018
Установлено соединение c сокетом: 192.168.1.100:1005   // 20:04:59:298 14.01.2018



1B 41   // передача: 2 байт; 20:05:04:168 14.01.2018



1B 41   // передача: 2 байт; 20:05:05:758 14.01.2018



1B 41   // передача: 2 байт; 20:05:06:558 14.01.2018



1B 41   // передача: 2 байт; 20:05:07:148 14.01.2018



1B 41   // передача: 2 байт; 20:05:07:768 14.01.2018



1B 41   // передача: 2 байт; 20:05:08:258 14.01.2018



1B 41   // передача: 2 байт; 20:05:08:688 14.01.2018



1B 41   // передача: 2 байт; 20:05:09:748 14.01.2018



1B 41   // передача: 2 байт; 20:05:10:408 14.01.2018



1B 41   // передача: 2 байт; 20:05:10:918 14.01.2018



1B 41   // передача: 2 байт; 20:05:11:318 14.01.2018
// приём по таймауту: 5000 мс
// принято с сокета: 0 байт
Событие: Disconnecting.   // 20:13:12:421 14.01.2018
Отсоединение   // 20:13:12:423 14.01.2018
Событие: Disconnected.   // 20:13:12:424 14.01.2018
// принято 0 байт (доступно 0 из 0 байт)   // 20:13:12:426 14.01.2018
// принято с сокета: 0 байт
Ошибка при закрытии сокета: Thread Error: Неверный дескриптор (6)   // 20:13:12:426 14.01.2018

// О программе
