Чтение коэффициентов

CA E0 EB FE EC ED FB 20 

00 00 07 00 1E 15 C9   // передача: 7 байт; 08:34:26:582 07.04.2018
// приём по количеству байт: 263 из 263
// принято с порта: 263 байт

F6 00 07 01 1E 7F 80 00 00 7F 80 00 00 7F 80 00 00 7F 80 00 00 7F 80 00 00 7F 80 00 00 7F 80 00 00 7F 80 00 00 7F 80 00 00 7F 80 00 00 7F 80 00 00 7F 80 00 00 7F 80 00 00 7F 80 00 00 7F 80 00 00 7F 80 00 00 7F 80 00 00 7F 80 00 00 7F 80 00 00 7F 80 00 00 7F 80 00 00 7F 80 00 00 7F 80 00 00 7F 80 00 00 7F 80 00 00 7F 80 00 00 7F 80 00 00 7F 80 00 00 7F 80 00 00 7F 80 00 00 7F 80 00 00 7F 80 00 00 7F 80 00 00 7F 80 00 00 7F 80 00 00 7F 80 00 00 7F 80 00 00 7F 80 00 00 7F 80 00 00 7F 80 00 00 7F 80 00 00 7F 80 00 00 7F 80 00 00 7F 80 00 00 7F 80 00 00 7F 80 00 00 7F 80 00 00 7F 80 00 00 7F 80 00 00 7F 80 00 00 7F 80 00 00 7F 80 00 00 7F 80 00 00 7F 80 00 00 7F 80 00 00 7F 80 00 00 7F 80 00 00 7F 80 00 00 7F 80 00 00 7F 80 00 00 7F 80 00 00 7F 80 00 00 7F 80 00 00 7F 80 00 00 17 60   // прием: 263 байт; 08:34:26:882 07.04.2018
// таймаут: 300 мсек

1   : INF
2   : INF
3   : INF
4   : INF
5   : INF
6   : INF
7   : INF
8   : INF
9   : INF
10  : INF
11  : INF
12  : INF
13  : INF
14  : INF
15  : INF
16  : INF
17  : INF
18  : INF
19  : INF
20  : INF
21  : INF
22  : INF
23  : INF
24  : INF
25  : INF
26  : INF
27  : INF
28  : INF
29  : INF
30  : INF
31  : INF
32  : INF
33  : INF
34  : INF
35  : INF
36  : INF
37  : INF
38  : INF
39  : INF
40  : INF
41  : INF
42  : INF
43  : INF
44  : INF
45  : INF
46  : INF
47  : INF
48  : INF
49  : INF
50  : INF
51  : INF
52  : INF
53  : INF
54  : INF
55  : INF
56  : INF
57  : INF
58  : INF
59  : INF
60  : INF
61  : INF
62  : INF
63  : INF
64  : INF
Чтение коэффициентов: 20 %

CA E0 EB FE EC ED FB 20 

00 00 07 00 22 15 D8   // передача: 7 байт; 08:34:26:892 07.04.2018
// приём по количеству байт: 263 из 263
// принято с порта: 263 байт

F6 00 07 01 22 00 00 00 00 00 00 00 00 00 00 00 00 00 00 00 00 00 00 00 00 00 00 00 00 00 00 00 00 00 00 00 00 00 00 00 00 00 00 00 00 00 00 00 00 00 00 00 00 00 00 00 00 00 00 00 00 00 00 00 00 00 00 00 00 00 00 00 00 00 00 00 00 00 00 00 00 00 00 00 00 00 00 00 00 00 00 00 00 00 00 00 00 00 00 00 00 00 00 00 00 00 00 00 00 00 00 00 00 00 00 00 00 00 00 00 00 00 00 00 00 00 00 00 00 00 00 00 00 00 00 00 00 00 00 00 00 00 00 00 00 00 00 00 00 00 00 00 00 00 00 00 00 00 00 00 00 00 00 00 00 00 00 00 00 00 00 00 00 00 00 00 00 00 00 00 00 00 00 00 00 00 00 00 00 00 00 00 00 00 00 00 00 00 00 00 00 00 00 00 00 00 00 00 00 00 00 00 00 00 00 00 00 00 00 00 00 00 00 00 00 00 00 00 00 00 00 00 00 00 00 00 00 00 00 00 00 00 00 00 00 00 00 00 00 00 00 00 00 00 00 00 00 00 00 00 00 F6 DB   // прием: 263 байт; 08:34:27:192 07.04.2018
// таймаут: 300 мсек

1   : 0,000
2   : 0,000
3   : 0,000
4   : 0,000
5   : 0,000
6   : 0,000
7   : 0,000
8   : 0,000
9   : 0,000
10  : 0,000
11  : 0,000
12  : 0,000
13  : 0,000
14  : 0,000
15  : 0,000
16  : 0,000
17  : 0,000
18  : 0,000
19  : 0,000
20  : 0,000
21  : 0,000
22  : 0,000
23  : 0,000
24  : 0,000
25  : 0,000
26  : 0,000
27  : 0,000
28  : 0,000
29  : 0,000
30  : 0,000
31  : 0,000
32  : 0,000
33  : 0,000
34  : 0,000
35  : 0,000
36  : 0,000
37  : 0,000
38  : 0,000
39  : 0,000
40  : 0,000
41  : 0,000
42  : 0,000
43  : 0,000
44  : 0,000
45  : 0,000
46  : 0,000
47  : 0,000
48  : 0,000
49  : 0,000
50  : 0,000
51  : 0,000
52  : 0,000
53  : 0,000
54  : 0,000
55  : 0,000
56  : 0,000
57  : 0,000
58  : 0,000
59  : 0,000
60  : 0,000
61  : 0,000
62  : 0,000
63  : 0,000
64  : 0,000
Чтение коэффициентов: 40 %

CA E0 EB FE EC ED FB 20 

00 00 07 00 28 95 DF   // передача: 7 байт; 08:34:27:202 07.04.2018
// приём по количеству байт: 263 из 263
// принято с порта: 263 байт

F6 00 07 01 28 7F 80 00 00 7F 80 00 00 7F 80 00 00 7F 80 00 00 7F 80 00 00 7F 80 00 00 7F 80 00 00 7F 80 00 00 7F 80 00 00 7F 80 00 00 7F 80 00 00 7F 80 00 00 7F 80 00 00 7F 80 00 00 7F 80 00 00 7F 80 00 00 7F 80 00 00 7F 80 00 00 7F 80 00 00 7F 80 00 00 7F 80 00 00 7F 80 00 00 7F 80 00 00 7F 80 00 00 7F 80 00 00 7F 80 00 00 7F 80 00 00 7F 80 00 00 7F 80 00 00 7F 80 00 00 7F 80 00 00 7F 80 00 00 7F 80 00 00 7F 80 00 00 7F 80 00 00 7F 80 00 00 7F 80 00 00 7F 80 00 00 7F 80 00 00 7F 80 00 00 7F 80 00 00 7F 80 00 00 7F 80 00 00 7F 80 00 00 7F 80 00 00 7F 80 00 00 7F 80 00 00 7F 80 00 00 7F 80 00 00 7F 80 00 00 7F 80 00 00 7F 80 00 00 7F 80 00 00 7F 80 00 00 7F 80 00 00 7F 80 00 00 7F 80 00 00 7F 80 00 00 7F 80 00 00 7F 80 00 00 7F 80 00 00 7F 80 00 00 7F 80 00 00 7F 80 00 00 C8 C4   // прием: 263 байт; 08:34:27:501 07.04.2018
// таймаут: 299 мсек

1   : INF
2   : INF
3   : INF
4   : INF
5   : INF
6   : INF
7   : INF
8   : INF
9   : INF
10  : INF
11  : INF
12  : INF
13  : INF
14  : INF
15  : INF
16  : INF
17  : INF
18  : INF
19  : INF
20  : INF
21  : INF
22  : INF
23  : INF
24  : INF
25  : INF
26  : INF
27  : INF
28  : INF
29  : INF
30  : INF
31  : INF
32  : INF
33  : INF
34  : INF
35  : INF
36  : INF
37  : INF
38  : INF
39  : INF
40  : INF
41  : INF
42  : INF
43  : INF
44  : INF
45  : INF
46  : INF
47  : INF
48  : INF
49  : INF
50  : INF
51  : INF
52  : INF
53  : INF
54  : INF
55  : INF
56  : INF
57  : INF
58  : INF
59  : INF
60  : INF
61  : INF
62  : INF
63  : INF
64  : INF
Чтение коэффициентов: 60 %

CA E0 EB FE EC ED FB 20 

00 00 07 00 26 14 1B   // передача: 7 байт; 08:34:27:511 07.04.2018
// приём по количеству байт: 263 из 263
// принято с порта: 263 байт

F6 00 07 01 26 00 00 00 00 00 00 00 00 00 00 00 00 00 00 00 00 00 00 00 00 00 00 00 00 00 00 00 00 00 00 00 00 00 00 00 00 00 00 00 00 00 00 00 00 00 00 00 00 00 00 00 00 00 00 00 00 00 00 00 00 00 00 00 00 00 00 00 00 00 00 00 00 00 00 00 00 00 00 00 00 00 00 00 00 00 00 00 00 00 00 00 00 00 00 00 00 00 00 00 00 00 00 00 00 00 00 00 00 00 00 00 00 00 00 00 00 00 00 00 00 00 00 00 00 00 00 00 00 00 00 00 00 00 00 00 00 00 00 00 00 00 00 00 00 00 00 00 00 00 00 00 00 00 00 00 00 00 00 00 00 00 00 00 00 00 00 00 00 00 00 00 00 00 00 00 00 00 00 00 00 00 00 00 00 00 00 00 00 00 00 00 00 00 00 00 00 00 00 00 00 00 00 00 00 00 00 00 00 00 00 00 00 00 00 00 00 00 00 00 00 00 00 00 00 00 00 00 00 00 00 00 00 00 00 00 00 00 00 00 00 00 00 00 00 00 00 00 00 00 00 00 00 00 00 00 00 04 1B   // прием: 263 байт; 08:34:27:811 07.04.2018
// таймаут: 300 мсек

1   : 0,000
2   : 0,000
3   : 0,000
4   : 0,000
5   : 0,000
6   : 0,000
7   : 0,000
8   : 0,000
9   : 0,000
10  : 0,000
11  : 0,000
12  : 0,000
13  : 0,000
14  : 0,000
15  : 0,000
16  : 0,000
17  : 0,000
18  : 0,000
19  : 0,000
20  : 0,000
21  : 0,000
22  : 0,000
23  : 0,000
24  : 0,000
25  : 0,000
26  : 0,000
27  : 0,000
28  : 0,000
29  : 0,000
30  : 0,000
31  : 0,000
32  : 0,000
33  : 0,000
34  : 0,000
35  : 0,000
36  : 0,000
37  : 0,000
38  : 0,000
39  : 0,000
40  : 0,000
41  : 0,000
42  : 0,000
43  : 0,000
44  : 0,000
45  : 0,000
46  : 0,000
47  : 0,000
48  : 0,000
49  : 0,000
50  : 0,000
51  : 0,000
52  : 0,000
53  : 0,000
54  : 0,000
55  : 0,000
56  : 0,000
57  : 0,000
58  : 0,000
59  : 0,000
60  : 0,000
61  : 0,000
62  : 0,000
63  : 0,000
64  : 0,000
Чтение коэффициентов: 80 %

CA E0 EB FE EC ED FB 20 

00 00 08 00 2A 00 1D 1B   // передача: 8 байт; 08:34:27:821 07.04.2018
// приём по количеству байт: 12 из 12
// принято с порта: 12 байт

F6 00 0C 00 2A 01 00 03 00 00 5F 84   // прием: 12 байт; 08:34:27:858 07.04.2018
// таймаут: 37 мсек

1   : 02.00.003.00.01
Чтение коэффициентов: 80 %

CA E0 EB FE EC ED FB 20 

00 00 08 00 2A 01 DC DB   // передача: 8 байт; 08:34:27:859 07.04.2018
// приём по количеству байт: 12 из 12
// принято с порта: 12 байт

F6 00 0C 00 2A 01 00 03 00 01 9E 44   // прием: 12 байт; 08:34:27:896 07.04.2018
// таймаут: 37 мсек

2   : 02.00.003.00.02
Чтение коэффициентов: 80 %

CA E0 EB FE EC ED FB 20 

00 00 08 00 2A 02 9C DA   // передача: 8 байт; 08:34:27:898 07.04.2018
// приём по количеству байт: 12 из 12
// принято с порта: 12 байт

F6 00 0C 00 2A 01 00 03 00 02 DE 45   // прием: 12 байт; 08:34:27:934 07.04.2018
// таймаут: 36 мсек

3   : 02.00.003.00.03
Чтение коэффициентов: 80 %

CA E0 EB FE EC ED FB 20 

00 00 08 00 2A 03 5D 1A   // передача: 8 байт; 08:34:27:936 07.04.2018
// приём по количеству байт: 12 из 12
// принято с порта: 12 байт

F6 00 0C 00 2A 01 00 03 00 03 1F 85   // прием: 12 байт; 08:34:27:973 07.04.2018
// таймаут: 37 мсек

4   : 02.00.003.00.04
Чтение коэффициентов: 81 %

CA E0 EB FE EC ED FB 20 

00 00 08 00 2A 04 1C D8   // передача: 8 байт; 08:34:27:975 07.04.2018
// приём по количеству байт: 12 из 12
// принято с порта: 12 байт

F6 00 0C 00 2A 00 00 00 00 00 92 44   // прием: 12 байт; 08:34:28:011 07.04.2018
// таймаут: 36 мсек

5   : 01.00.000.00.01
Чтение коэффициентов: 81 %

CA E0 EB FE EC ED FB 20 

00 00 08 00 2A 05 DD 18   // передача: 8 байт; 08:34:28:013 07.04.2018
// приём по количеству байт: 12 из 12
// принято с порта: 12 байт

F6 00 0C 00 2A 00 00 00 00 00 92 44   // прием: 12 байт; 08:34:28:049 07.04.2018
// таймаут: 36 мсек

6   : 01.00.000.00.01
Чтение коэффициентов: 81 %

CA E0 EB FE EC ED FB 20 

00 00 08 00 2A 06 9D 19   // передача: 8 байт; 08:34:28:051 07.04.2018
// приём по количеству байт: 12 из 12
// принято с порта: 12 байт

F6 00 0C 00 2A 00 00 00 00 00 92 44   // прием: 12 байт; 08:34:28:088 07.04.2018
// таймаут: 37 мсек

7   : 01.00.000.00.01
Чтение коэффициентов: 82 %

CA E0 EB FE EC ED FB 20 

00 00 08 00 2A 07 5C D9   // передача: 8 байт; 08:34:28:090 07.04.2018
// приём по количеству байт: 12 из 12
// принято с порта: 12 байт

F6 00 0C 00 2A 00 00 00 00 00 92 44   // прием: 12 байт; 08:34:28:126 07.04.2018
// таймаут: 36 мсек

8   : 01.00.000.00.01
Чтение коэффициентов: 82 %

CA E0 EB FE EC ED FB 20 

00 00 08 00 2A 08 1C DD   // передача: 8 байт; 08:34:28:128 07.04.2018
// приём по количеству байт: 12 из 12
// принято с порта: 12 байт

F6 00 0C 00 2A 00 00 00 00 00 92 44   // прием: 12 байт; 08:34:28:165 07.04.2018
// таймаут: 37 мсек

9   : 01.00.000.00.01
Чтение коэффициентов: 82 %

CA E0 EB FE EC ED FB 20 

00 00 08 00 2A 09 DD 1D   // передача: 8 байт; 08:34:28:167 07.04.2018
// приём по количеству байт: 12 из 12
// принято с порта: 12 байт

F6 00 0C 00 2A 00 00 00 00 00 92 44   // прием: 12 байт; 08:34:28:203 07.04.2018
// таймаут: 36 мсек

10  : 01.00.000.00.01
Чтение коэффициентов: 83 %

CA E0 EB FE EC ED FB 20 

00 00 08 00 2A 0A 9D 1C   // передача: 8 байт; 08:34:28:205 07.04.2018
// приём по количеству байт: 12 из 12
// принято с порта: 12 байт

F6 00 0C 00 2A 1B 1B 1B 1B 1B CA 5E   // прием: 12 байт; 08:34:28:241 07.04.2018
// таймаут: 36 мсек

11  : 28.27.027.27.28
Чтение коэффициентов: 83 %

CA E0 EB FE EC ED FB 20 

00 00 08 00 2A 0B 5C DC   // передача: 8 байт; 08:34:28:243 07.04.2018
// приём по количеству байт: 12 из 12
// принято с порта: 12 байт

F6 00 0C 00 2A 1B 1B 1B 1B 1B CA 5E   // прием: 12 байт; 08:34:28:280 07.04.2018
// таймаут: 37 мсек

12  : 28.27.027.27.28
Чтение коэффициентов: 83 %

CA E0 EB FE EC ED FB 20 

00 00 08 00 2A 0C 1D 1E   // передача: 8 байт; 08:34:28:282 07.04.2018
// приём по количеству байт: 12 из 12
// принято с порта: 12 байт

F6 00 0C 00 2A 1B 1B 1B 1B 1B CA 5E   // прием: 12 байт; 08:34:28:318 07.04.2018
// таймаут: 36 мсек

13  : 28.27.027.27.28
Чтение коэффициентов: 84 %

CA E0 EB FE EC ED FB 20 

00 00 08 00 2A 0D DC DE   // передача: 8 байт; 08:34:28:320 07.04.2018
// приём по количеству байт: 12 из 12
// принято с порта: 12 байт

F6 00 0C 00 2A 1B 1B 1B 1B 1B CA 5E   // прием: 12 байт; 08:34:28:357 07.04.2018
// таймаут: 37 мсек

14  : 28.27.027.27.28
Чтение коэффициентов: 84 %

CA E0 EB FE EC ED FB 20 

00 00 08 00 2A 0E 9C DF   // передача: 8 байт; 08:34:28:359 07.04.2018
// приём по количеству байт: 12 из 12
// принято с порта: 12 байт

F6 00 0C 00 2A 1B 1B 1B 1B 1B CA 5E   // прием: 12 байт; 08:34:28:395 07.04.2018
// таймаут: 36 мсек

15  : 28.27.027.27.28
Чтение коэффициентов: 84 %

CA E0 EB FE EC ED FB 20 

00 00 08 00 2A 0F 5D 1F   // передача: 8 байт; 08:34:28:397 07.04.2018
// приём по количеству байт: 12 из 12
// принято с порта: 12 байт

F6 00 0C 00 2A 1B 1B 1B 1B 1B CA 5E   // прием: 12 байт; 08:34:28:434 07.04.2018
// таймаут: 37 мсек

16  : 28.27.027.27.28
Чтение коэффициентов: 84 %

CA E0 EB FE EC ED FB 20 

00 00 08 00 2A 10 1C D7   // передача: 8 байт; 08:34:28:435 07.04.2018
// приём по количеству байт: 12 из 12
// принято с порта: 12 байт

F6 00 0C 00 2A 1B 1B 1B 1B 1B CA 5E   // прием: 12 байт; 08:34:28:472 07.04.2018
// таймаут: 37 мсек

17  : 28.27.027.27.28
Чтение коэффициентов: 85 %

CA E0 EB FE EC ED FB 20 

00 00 08 00 2A 11 DD 17   // передача: 8 байт; 08:34:28:474 07.04.2018
// приём по количеству байт: 12 из 12
// принято с порта: 12 байт

F6 00 0C 00 2A 1B 1B 1B 1B 1B CA 5E   // прием: 12 байт; 08:34:28:510 07.04.2018
// таймаут: 36 мсек

18  : 28.27.027.27.28
Чтение коэффициентов: 85 %

CA E0 EB FE EC ED FB 20 

00 00 08 00 2A 12 9D 16   // передача: 8 байт; 08:34:28:512 07.04.2018
// приём по количеству байт: 12 из 12
// принято с порта: 12 байт

F6 00 0C 00 2A 1B 1B 1B 1B 1B CA 5E   // прием: 12 байт; 08:34:28:549 07.04.2018
// таймаут: 37 мсек

19  : 28.27.027.27.28
Чтение коэффициентов: 85 %

CA E0 EB FE EC ED FB 20 

00 00 08 00 2A 13 5C D6   // передача: 8 байт; 08:34:28:551 07.04.2018
// приём по количеству байт: 12 из 12
// принято с порта: 12 байт

F6 00 0C 00 2A 1B 1B 1B 1B 1B CA 5E   // прием: 12 байт; 08:34:28:587 07.04.2018
// таймаут: 36 мсек

20  : 28.27.027.27.28
Чтение коэффициентов: 86 %

CA E0 EB FE EC ED FB 20 

00 00 08 00 2A 14 1D 14   // передача: 8 байт; 08:34:28:589 07.04.2018
// приём по количеству байт: 12 из 12
// принято с порта: 12 байт

F6 00 0C 00 2A 1B 1B 1B 1B 1B CA 5E   // прием: 12 байт; 08:34:28:626 07.04.2018
// таймаут: 37 мсек

21  : 28.27.027.27.28
Чтение коэффициентов: 86 %

CA E0 EB FE EC ED FB 20 

00 00 08 00 2A 15 DC D4   // передача: 8 байт; 08:34:28:628 07.04.2018
// приём по количеству байт: 12 из 12
// принято с порта: 12 байт

F6 00 0C 00 2A 1B 1B 1B 1B 1B CA 5E   // прием: 12 байт; 08:34:28:664 07.04.2018
// таймаут: 36 мсек

22  : 28.27.027.27.28
Чтение коэффициентов: 86 %

CA E0 EB FE EC ED FB 20 

00 00 08 00 2A 16 9C D5   // передача: 8 байт; 08:34:28:666 07.04.2018
// приём по количеству байт: 12 из 12
// принято с порта: 12 байт

F6 00 0C 00 2A 1B 1B 1B 1B 1B CA 5E   // прием: 12 байт; 08:34:28:703 07.04.2018
// таймаут: 37 мсек

23  : 28.27.027.27.28
Чтение коэффициентов: 87 %

CA E0 EB FE EC ED FB 20 

00 00 08 00 2A 17 5D 15   // передача: 8 байт; 08:34:28:705 07.04.2018
// приём по количеству байт: 12 из 12
// принято с порта: 12 байт

F6 00 0C 00 2A 1B 1B 1B 1B 1B CA 5E   // прием: 12 байт; 08:34:28:741 07.04.2018
// таймаут: 36 мсек

24  : 28.27.027.27.28
Чтение коэффициентов: 87 %

CA E0 EB FE EC ED FB 20 

00 00 08 00 2A 18 1D 11   // передача: 8 байт; 08:34:28:743 07.04.2018
// приём по количеству байт: 12 из 12
// принято с порта: 12 байт

F6 00 0C 00 2A 1B 1B 1B 1B 1B CA 5E   // прием: 12 байт; 08:34:28:780 07.04.2018
// таймаут: 37 мсек

25  : 28.27.027.27.28
Чтение коэффициентов: 87 %

CA E0 EB FE EC ED FB 20 

00 00 08 00 2A 19 DC D1   // передача: 8 байт; 08:34:28:782 07.04.2018
// приём по количеству байт: 12 из 12
// принято с порта: 12 байт

F6 00 0C 00 2A 1B 1B 1B 1B 1B CA 5E   // прием: 12 байт; 08:34:28:818 07.04.2018
// таймаут: 36 мсек

26  : 28.27.027.27.28
Чтение коэффициентов: 88 %

CA E0 EB FE EC ED FB 20 

00 00 08 00 2A 1A 9C D0   // передача: 8 байт; 08:34:28:820 07.04.2018
// приём по количеству байт: 12 из 12
// принято с порта: 12 байт

F6 00 0C 00 2A 1B 1B 1B 1B 1B CA 5E   // прием: 12 байт; 08:34:28:857 07.04.2018
// таймаут: 37 мсек

27  : 28.27.027.27.28
Чтение коэффициентов: 88 %

CA E0 EB FE EC ED FB 20 

00 00 08 00 2A 1B 5D 10   // передача: 8 байт; 08:34:28:858 07.04.2018
// приём по количеству байт: 12 из 12
// принято с порта: 12 байт

F6 00 0C 00 2A 1B 1B 1B 1B 1B CA 5E   // прием: 12 байт; 08:34:28:895 07.04.2018
// таймаут: 37 мсек

28  : 28.27.027.27.28
Чтение коэффициентов: 88 %

CA E0 EB FE EC ED FB 20 

00 00 08 00 2A 1C 1C D2   // передача: 8 байт; 08:34:28:897 07.04.2018
// приём по количеству байт: 12 из 12
// принято с порта: 12 байт

F6 00 0C 00 2A 1B 1B 1B 1B 1B CA 5E   // прием: 12 байт; 08:34:28:933 07.04.2018
// таймаут: 36 мсек

29  : 28.27.027.27.28
Чтение коэффициентов: 89 %

CA E0 EB FE EC ED FB 20 

00 00 08 00 2A 1D DD 12   // передача: 8 байт; 08:34:28:935 07.04.2018
// приём по количеству байт: 12 из 12
// принято с порта: 12 байт

F6 00 0C 00 2A 1B 1B 1B 1B 1B CA 5E   // прием: 12 байт; 08:34:28:972 07.04.2018
// таймаут: 37 мсек

30  : 28.27.027.27.28
Чтение коэффициентов: 89 %

CA E0 EB FE EC ED FB 20 

00 00 08 00 2A 1E 9D 13   // передача: 8 байт; 08:34:28:974 07.04.2018
// приём по количеству байт: 12 из 12
// принято с порта: 12 байт

F6 00 0C 00 2A 1B 1B 1B 1B 1B CA 5E   // прием: 12 байт; 08:34:29:010 07.04.2018
// таймаут: 36 мсек

31  : 28.27.027.27.28
Чтение коэффициентов: 89 %

CA E0 EB FE EC ED FB 20 

00 00 08 00 2A 1F 5C D3   // передача: 8 байт; 08:34:29:012 07.04.2018
// приём по количеству байт: 12 из 12
// принято с порта: 12 байт

F6 00 0C 00 2A 1B 1B 1B 1B 1B CA 5E   // прием: 12 байт; 08:34:29:049 07.04.2018
// таймаут: 37 мсек

32  : 28.27.027.27.28
Чтение коэффициентов: 89 %

CA E0 EB FE EC ED FB 20 

00 00 08 00 2A 20 1C C3   // передача: 8 байт; 08:34:29:051 07.04.2018
// приём по количеству байт: 12 из 12
// принято с порта: 12 байт

F6 00 0C 00 2A 1B 1B 1B 1B 1B CA 5E   // прием: 12 байт; 08:34:29:087 07.04.2018
// таймаут: 36 мсек

33  : 28.27.027.27.28
Чтение коэффициентов: 90 %

CA E0 EB FE EC ED FB 20 

00 00 08 00 2A 21 DD 03   // передача: 8 байт; 08:34:29:089 07.04.2018
// приём по количеству байт: 12 из 12
// принято с порта: 12 байт

F6 00 0C 00 2A 1B 1B 1B 1B 1B CA 5E   // прием: 12 байт; 08:34:29:126 07.04.2018
// таймаут: 37 мсек

34  : 28.27.027.27.28
Чтение коэффициентов: 90 %

CA E0 EB FE EC ED FB 20 

00 00 08 00 2A 22 9D 02   // передача: 8 байт; 08:34:29:128 07.04.2018
// приём по количеству байт: 12 из 12
// принято с порта: 12 байт

F6 00 0C 00 2A 1B 1B 1B 1B 1B CA 5E   // прием: 12 байт; 08:34:29:164 07.04.2018
// таймаут: 36 мсек

35  : 28.27.027.27.28
Чтение коэффициентов: 90 %

CA E0 EB FE EC ED FB 20 

00 00 08 00 2A 23 5C C2   // передача: 8 байт; 08:34:29:166 07.04.2018
// приём по количеству байт: 12 из 12
// принято с порта: 12 байт

F6 00 0C 00 2A 1B 1B 1B 1B 1B CA 5E   // прием: 12 байт; 08:34:29:203 07.04.2018
// таймаут: 37 мсек

36  : 28.27.027.27.28
Чтение коэффициентов: 91 %

CA E0 EB FE EC ED FB 20 

00 00 08 00 2A 24 1D 00   // передача: 8 байт; 08:34:29:205 07.04.2018
// приём по количеству байт: 12 из 12
// принято с порта: 12 байт

F6 00 0C 00 2A 1B 1B 1B 1B 1B CA 5E   // прием: 12 байт; 08:34:29:241 07.04.2018
// таймаут: 36 мсек

37  : 28.27.027.27.28
Чтение коэффициентов: 91 %

CA E0 EB FE EC ED FB 20 

00 00 08 00 2A 25 DC C0   // передача: 8 байт; 08:34:29:243 07.04.2018
// приём по количеству байт: 12 из 12
// принято с порта: 12 байт

F6 00 0C 00 2A 1B 1B 1B 1B 1B CA 5E   // прием: 12 байт; 08:34:29:280 07.04.2018
// таймаут: 37 мсек

38  : 28.27.027.27.28
Чтение коэффициентов: 91 %

CA E0 EB FE EC ED FB 20 

00 00 08 00 2A 26 9C C1   // передача: 8 байт; 08:34:29:282 07.04.2018
// приём по количеству байт: 12 из 12
// принято с порта: 12 байт

F6 00 0C 00 2A 1B 1B 1B 1B 1B CA 5E   // прием: 12 байт; 08:34:29:318 07.04.2018
// таймаут: 36 мсек

39  : 28.27.027.27.28
Чтение коэффициентов: 92 %

CA E0 EB FE EC ED FB 20 

00 00 08 00 2A 27 5D 01   // передача: 8 байт; 08:34:29:320 07.04.2018
// приём по количеству байт: 12 из 12
// принято с порта: 12 байт

F6 00 0C 00 2A 1B 1B 1B 1B 1B CA 5E   // прием: 12 байт; 08:34:29:357 07.04.2018
// таймаут: 37 мсек

40  : 28.27.027.27.28
Чтение коэффициентов: 92 %

CA E0 EB FE EC ED FB 20 

00 00 08 00 2A 28 1D 05   // передача: 8 байт; 08:34:29:359 07.04.2018
// приём по количеству байт: 12 из 12
// принято с порта: 12 байт

F6 00 0C 00 2A 1B 1B 1B 1B 1B CA 5E   // прием: 12 байт; 08:34:29:395 07.04.2018
// таймаут: 36 мсек

41  : 28.27.027.27.28
Чтение коэффициентов: 92 %

CA E0 EB FE EC ED FB 20 

00 00 08 00 2A 29 DC C5   // передача: 8 байт; 08:34:29:397 07.04.2018
// приём по количеству байт: 12 из 12
// принято с порта: 12 байт

F6 00 0C 00 2A 1B 1B 1B 1B 1B CA 5E   // прием: 12 байт; 08:34:29:434 07.04.2018
// таймаут: 37 мсек

42  : 28.27.027.27.28
Чтение коэффициентов: 93 %

CA E0 EB FE EC ED FB 20 

00 00 08 00 2A 2A 9C C4   // передача: 8 байт; 08:34:29:436 07.04.2018
// приём по количеству байт: 12 из 12
// принято с порта: 12 байт

F6 00 0C 00 2A 1B 1B 1B 1B 1B CA 5E   // прием: 12 байт; 08:34:29:472 07.04.2018
// таймаут: 36 мсек

43  : 28.27.027.27.28
Чтение коэффициентов: 93 %

CA E0 EB FE EC ED FB 20 

00 00 08 00 2A 2B 5D 04   // передача: 8 байт; 08:34:29:474 07.04.2018
// приём по количеству байт: 12 из 12
// принято с порта: 12 байт

F6 00 0C 00 2A 1B 1B 1B 1B 1B CA 5E   // прием: 12 байт; 08:34:29:511 07.04.2018
// таймаут: 37 мсек

44  : 28.27.027.27.28
Чтение коэффициентов: 93 %

CA E0 EB FE EC ED FB 20 

00 00 08 00 2A 2C 1C C6   // передача: 8 байт; 08:34:29:513 07.04.2018
// приём по количеству байт: 12 из 12
// принято с порта: 12 байт

F6 00 0C 00 2A 1B 1B 1B 1B 1B CA 5E   // прием: 12 байт; 08:34:29:549 07.04.2018
// таймаут: 36 мсек

45  : 28.27.027.27.28
Чтение коэффициентов: 94 %

CA E0 EB FE EC ED FB 20 

00 00 08 00 2A 2D DD 06   // передача: 8 байт; 08:34:29:551 07.04.2018
// приём по количеству байт: 12 из 12
// принято с порта: 12 байт

F6 00 0C 00 2A 1B 1B 1B 1B 1B CA 5E   // прием: 12 байт; 08:34:29:588 07.04.2018
// таймаут: 37 мсек

46  : 28.27.027.27.28
Чтение коэффициентов: 94 %

CA E0 EB FE EC ED FB 20 

00 00 08 00 2A 2E 9D 07   // передача: 8 байт; 08:34:29:590 07.04.2018
// приём по количеству байт: 12 из 12
// принято с порта: 12 байт

F6 00 0C 00 2A 1B 1B 1B 1B 1B CA 5E   // прием: 12 байт; 08:34:29:626 07.04.2018
// таймаут: 36 мсек

47  : 28.27.027.27.28
Чтение коэффициентов: 94 %

CA E0 EB FE EC ED FB 20 

00 00 08 00 2A 2F 5C C7   // передача: 8 байт; 08:34:29:629 07.04.2018
// приём по количеству байт: 12 из 12
// принято с порта: 12 байт

F6 00 0C 00 2A 1B 1B 1B 1B 1B CA 5E   // прием: 12 байт; 08:34:29:665 07.04.2018
// таймаут: 36 мсек

48  : 28.27.027.27.28
Чтение коэффициентов: 94 %

CA E0 EB FE EC ED FB 20 

00 00 08 00 2A 30 1D 0F   // передача: 8 байт; 08:34:29:668 07.04.2018
// приём по количеству байт: 12 из 12
// принято с порта: 12 байт

F6 00 0C 00 2A 1B 1B 1B 1B 1B CA 5E   // прием: 12 байт; 08:34:29:704 07.04.2018
// таймаут: 36 мсек

49  : 28.27.027.27.28
Чтение коэффициентов: 95 %

CA E0 EB FE EC ED FB 20 

00 00 08 00 2A 31 DC CF   // передача: 8 байт; 08:34:29:706 07.04.2018
// приём по количеству байт: 12 из 12
// принято с порта: 12 байт

F6 00 0C 00 2A 1B 1B 1B 1B 1B CA 5E   // прием: 12 байт; 08:34:29:742 07.04.2018
// таймаут: 36 мсек

50  : 28.27.027.27.28
Чтение коэффициентов: 95 %

CA E0 EB FE EC ED FB 20 

00 00 08 00 2A 32 9C CE   // передача: 8 байт; 08:34:29:744 07.04.2018
// приём по количеству байт: 12 из 12
// принято с порта: 12 байт

F6 00 0C 00 2A 1B 1B 1B 1B 1B CA 5E   // прием: 12 байт; 08:34:29:781 07.04.2018
// таймаут: 37 мсек

51  : 28.27.027.27.28
Чтение коэффициентов: 95 %

CA E0 EB FE EC ED FB 20 

00 00 08 00 2A 33 5D 0E   // передача: 8 байт; 08:34:29:783 07.04.2018
// приём по количеству байт: 12 из 12
// принято с порта: 12 байт

F6 00 0C 00 2A 1B 1B 1B 1B 1B CA 5E   // прием: 12 байт; 08:34:29:819 07.04.2018
// таймаут: 36 мсек

52  : 28.27.027.27.28
Чтение коэффициентов: 96 %

CA E0 EB FE EC ED FB 20 

00 00 08 00 2A 34 1C CC   // передача: 8 байт; 08:34:29:821 07.04.2018
// приём по количеству байт: 12 из 12
// принято с порта: 12 байт

F6 00 0C 00 2A 1B 1B 1B 1B 1B CA 5E   // прием: 12 байт; 08:34:29:858 07.04.2018
// таймаут: 37 мсек

53  : 28.27.027.27.28
Чтение коэффициентов: 96 %

CA E0 EB FE EC ED FB 20 

00 00 08 00 2A 35 DD 0C   // передача: 8 байт; 08:34:29:860 07.04.2018
// приём по количеству байт: 12 из 12
// принято с порта: 12 байт

F6 00 0C 00 2A 1B 1B 1B 1B 1B CA 5E   // прием: 12 байт; 08:34:29:897 07.04.2018
// таймаут: 37 мсек

54  : 28.27.027.27.28
Чтение коэффициентов: 96 %

CA E0 EB FE EC ED FB 20 

00 00 08 00 2A 36 9D 0D   // передача: 8 байт; 08:34:29:899 07.04.2018
// приём по количеству байт: 12 из 12
// принято с порта: 12 байт

F6 00 0C 00 2A 1B 1B 1B 1B 1B CA 5E   // прием: 12 байт; 08:34:29:935 07.04.2018
// таймаут: 36 мсек

55  : 28.27.027.27.28
Чтение коэффициентов: 97 %

CA E0 EB FE EC ED FB 20 

00 00 08 00 2A 37 5C CD   // передача: 8 байт; 08:34:29:938 07.04.2018
// приём по количеству байт: 12 из 12
// принято с порта: 12 байт

F6 00 0C 00 2A 1B 1B 1B 1B 1B CA 5E   // прием: 12 байт; 08:34:29:974 07.04.2018
// таймаут: 36 мсек

56  : 28.27.027.27.28
Чтение коэффициентов: 97 %

CA E0 EB FE EC ED FB 20 

00 00 08 00 2A 38 1C C9   // передача: 8 байт; 08:34:29:976 07.04.2018
// приём по количеству байт: 12 из 12
// принято с порта: 12 байт

F6 00 0C 00 2A 1B 1B 1B 1B 1B CA 5E   // прием: 12 байт; 08:34:30:012 07.04.2018
// таймаут: 36 мсек

57  : 28.27.027.27.28
Чтение коэффициентов: 97 %

CA E0 EB FE EC ED FB 20 

00 00 08 00 2A 39 DD 09   // передача: 8 байт; 08:34:30:014 07.04.2018
// приём по количеству байт: 12 из 12
// принято с порта: 12 байт

F6 00 0C 00 2A 1B 1B 1B 1B 1B CA 5E   // прием: 12 байт; 08:34:30:051 07.04.2018
// таймаут: 37 мсек

58  : 28.27.027.27.28
Чтение коэффициентов: 98 %

CA E0 EB FE EC ED FB 20 

00 00 08 00 2A 3A 9D 08   // передача: 8 байт; 08:34:30:053 07.04.2018
// приём по количеству байт: 12 из 12
// принято с порта: 12 байт

F6 00 0C 00 2A 1B 1B 1B 1B 1B CA 5E   // прием: 12 байт; 08:34:30:089 07.04.2018
// таймаут: 36 мсек

59  : 28.27.027.27.28
Чтение коэффициентов: 98 %

CA E0 EB FE EC ED FB 20 

00 00 08 00 2A 3B 5C C8   // передача: 8 байт; 08:34:30:091 07.04.2018
// приём по количеству байт: 12 из 12
// принято с порта: 12 байт

F6 00 0C 00 2A 1B 1B 1B 1B 1B CA 5E   // прием: 12 байт; 08:34:30:128 07.04.2018
// таймаут: 37 мсек

60  : 28.27.027.27.28
Чтение коэффициентов: 98 %

CA E0 EB FE EC ED FB 20 

00 00 08 00 2A 3C 1D 0A   // передача: 8 байт; 08:34:30:130 07.04.2018
// приём по количеству байт: 12 из 12
// принято с порта: 12 байт

F6 00 0C 00 2A 1B 1B 1B 1B 1B CA 5E   // прием: 12 байт; 08:34:30:166 07.04.2018
// таймаут: 36 мсек

61  : 28.27.027.27.28
Чтение коэффициентов: 99 %

CA E0 EB FE EC ED FB 20 

00 00 08 00 2A 3D DC CA   // передача: 8 байт; 08:34:30:168 07.04.2018
// приём по количеству байт: 12 из 12
// принято с порта: 12 байт

F6 00 0C 00 2A 1B 1B 1B 1B 1B CA 5E   // прием: 12 байт; 08:34:30:205 07.04.2018
// таймаут: 37 мсек

62  : 28.27.027.27.28
Чтение коэффициентов: 99 %

CA E0 EB FE EC ED FB 20 

00 00 08 00 2A 3E 9C CB   // передача: 8 байт; 08:34:30:207 07.04.2018
// приём по количеству байт: 12 из 12
// принято с порта: 12 байт

F6 00 0C 00 2A 1B 1B 1B 1B 1B CA 5E   // прием: 12 байт; 08:34:30:243 07.04.2018
// таймаут: 36 мсек

63  : 28.27.027.27.28
Чтение коэффициентов: 99 %

CA E0 EB FE EC ED FB 20 

00 00 08 00 2A 3F 5D 0B   // передача: 8 байт; 08:34:30:245 07.04.2018
// приём по количеству байт: 12 из 12
// принято с порта: 12 байт

F6 00 0C 00 2A 1B 1B 1B 1B 1B CA 5E   // прием: 12 байт; 08:34:30:282 07.04.2018
// таймаут: 37 мсек

64  : 28.27.027.27.28
Чтение коэффициентов: 100 %
1   : 1,000
2   : 1,000
3   : 1,000
4   : 1,000
5   : 1,000
6   : 1,000
7   : 1,000
8   : 1,000
9   : 1,000
10  : 1,000
11  : 1,000
12  : 1,000
13  : 1,000
14  : 1,000
15  : 1,000
16  : 1,000
17  : 1,000
18  : 1,000
19  : 1,000
20  : 1,000
21  : 1,000
22  : 1,000
23  : 1,000
24  : 1,000
25  : 1,000
26  : 1,000
27  : 1,000
28  : 1,000
29  : 1,000
30  : 1,000
31  : 1,000
32  : 1,000
33  : 1,000
34  : 1,000
35  : 1,000
36  : 1,000
37  : 1,000
38  : 1,000
39  : 1,000
40  : 1,000
41  : 1,000
42  : 1,000
43  : 1,000
44  : 1,000
45  : 1,000
46  : 1,000
47  : 1,000
48  : 1,000
49  : 1,000
50  : 1,000
51  : 1,000
52  : 1,000
53  : 1,000
54  : 1,000
55  : 1,000
56  : 1,000
57  : 1,000
58  : 1,000
59  : 1,000
60  : 1,000
61  : 1,000
62  : 1,000
63  : 1,000
64  : 1,000
65  : 0,000
Запись коэффициентов

CA E0 EB FE EC ED FB 20 

00 00 07 01 1F 3F 80 00 00 3F 80 00 00 3F 80 00 00 3F 80 00 00 3F 80 00 00 3F 80 00 00 3F 80 00 00 3F 80 00 00 3F 80 00 00 3F 80 00 00 3F 80 00 00 3F 80 00 00 3F 80 00 00 3F 80 00 00 3F 80 00 00 3F 80 00 00 3F 80 00 00 3F 80 00 00 3F 80 00 00 3F 80 00 00 3F 80 00 00 3F 80 00 00 3F 80 00 00 3F 80 00 00 3F 80 00 00 3F 80 00 00 3F 80 00 00 3F 80 00 00 3F 80 00 00 3F 80 00 00 3F 80 00 00 3F 80 00 00 3F 80 00 00 3F 80 00 00 3F 80 00 00 3F 80 00 00 3F 80 00 00 3F 80 00 00 3F 80 00 00 3F 80 00 00 3F 80 00 00 3F 80 00 00 3F 80 00 00 3F 80 00 00 3F 80 00 00 3F 80 00 00 3F 80 00 00 3F 80 00 00 3F 80 00 00 3F 80 00 00 3F 80 00 00 3F 80 00 00 3F 80 00 00 3F 80 00 00 3F 80 00 00 3F 80 00 00 3F 80 00 00 3F 80 00 00 3F 80 00 00 3F 80 00 00 3F 80 00 00 3F 80 00 00 3F 80 00 00 3F 80 00 00 8E 10   // передача: 263 байт; 08:34:33:848 07.04.2018
// приём по количеству байт: 9 из 9
// принято с порта: 9 байт

F6 00 09 00 1F 00 00 60 C8   // прием: 9 байт; 08:34:34:168 07.04.2018
// таймаут: 320 мсек

Запись коэффициентов: 14 %
1   : 1,000
2   : 1,000
3   : 1,000
4   : 1,000
5   : 1,000
6   : 1,000
7   : 1,000
8   : 1,000
9   : 1,000
10  : 1,000
11  : 1,000
12  : 1,000
13  : 1,000
14  : 1,000
15  : 1,000
16  : 1,000
17  : 1,000
18  : 1,000
19  : 1,000
20  : 1,000
21  : 1,000
22  : 1,000
23  : 1,000
24  : 1,000
25  : 1,000
26  : 1,000
27  : 1,000
28  : 1,000
29  : 1,000
30  : 1,000
31  : 1,000
32  : 1,000
33  : 1,000
34  : 1,000
35  : 1,000
36  : 1,000
37  : 1,000
38  : 1,000
39  : 1,000
40  : 1,000
41  : 1,000
42  : 1,000
43  : 1,000
44  : 1,000
45  : 1,000
46  : 1,000
47  : 1,000
48  : 1,000
49  : 1,000
50  : 1,000
51  : 1,000
52  : 1,000
53  : 1,000
54  : 1,000
55  : 1,000
56  : 1,000
57  : 1,000
58  : 1,000
59  : 1,000
60  : 1,000
61  : 1,000
62  : 1,000
63  : 1,000
64  : 1,000
65  : 1,000

CA E0 EB FE EC ED FB 20 

00 00 07 01 21 3F 80 00 00 3F 80 00 00 3F 80 00 00 3F 80 00 00 3F 80 00 00 3F 80 00 00 3F 80 00 00 3F 80 00 00 3F 80 00 00 3F 80 00 00 3F 80 00 00 3F 80 00 00 3F 80 00 00 3F 80 00 00 3F 80 00 00 3F 80 00 00 3F 80 00 00 3F 80 00 00 3F 80 00 00 3F 80 00 00 3F 80 00 00 3F 80 00 00 3F 80 00 00 3F 80 00 00 3F 80 00 00 3F 80 00 00 3F 80 00 00 3F 80 00 00 3F 80 00 00 3F 80 00 00 3F 80 00 00 3F 80 00 00 3F 80 00 00 3F 80 00 00 3F 80 00 00 3F 80 00 00 3F 80 00 00 3F 80 00 00 3F 80 00 00 3F 80 00 00 3F 80 00 00 3F 80 00 00 3F 80 00 00 3F 80 00 00 3F 80 00 00 3F 80 00 00 3F 80 00 00 3F 80 00 00 3F 80 00 00 3F 80 00 00 3F 80 00 00 3F 80 00 00 3F 80 00 00 3F 80 00 00 3F 80 00 00 3F 80 00 00 3F 80 00 00 3F 80 00 00 3F 80 00 00 3F 80 00 00 3F 80 00 00 3F 80 00 00 3F 80 00 00 3F 80 00 00 B6 75   // передача: 263 байт; 08:34:34:178 07.04.2018
// приём по количеству байт: 9 из 9
// принято с порта: 9 байт

F6 00 09 00 21 00 00 01 04   // прием: 9 байт; 08:34:34:498 07.04.2018
// таймаут: 320 мсек

Запись коэффициентов: 28 %
1   : 1,000
2   : 1,000
3   : 1,000
4   : 1,000
5   : 1,000
6   : 1,000
7   : 1,000
8   : 1,000
9   : 1,000
10  : 1,000
11  : 1,000
12  : 1,000
13  : 1,000
14  : 1,000
15  : 1,000
16  : 1,000
17  : 1,000
18  : 1,000
19  : 1,000
20  : 1,000
21  : 1,000
22  : 1,000
23  : 1,000
24  : 1,000
25  : 1,000
26  : 1,000
27  : 1,000
28  : 1,000
29  : 1,000
30  : 1,000
31  : 1,000
32  : 1,000
33  : 1,000
34  : 1,000
35  : 1,000
36  : 1,000
37  : 1,000
38  : 1,000
39  : 1,000
40  : 1,000
41  : 1,000
42  : 1,000
43  : 1,000
44  : 1,000
45  : 1,000
46  : 1,000
47  : 1,000
48  : 1,000
49  : 1,000
50  : 1,000
51  : 1,000
52  : 1,000
53  : 1,000
54  : 1,000
55  : 1,000
56  : 1,000
57  : 1,000
58  : 1,000
59  : 1,000
60  : 1,000
61  : 1,000
62  : 1,000
63  : 1,000
64  : 1,000
65  : 0,000

CA E0 EB FE EC ED FB 20 

00 00 07 01 23 3F 80 00 00 3F 80 00 00 3F 80 00 00 3F 80 00 00 3F 80 00 00 3F 80 00 00 3F 80 00 00 3F 80 00 00 3F 80 00 00 3F 80 00 00 3F 80 00 00 3F 80 00 00 3F 80 00 00 3F 80 00 00 3F 80 00 00 3F 80 00 00 3F 80 00 00 3F 80 00 00 3F 80 00 00 3F 80 00 00 3F 80 00 00 3F 80 00 00 3F 80 00 00 3F 80 00 00 3F 80 00 00 3F 80 00 00 3F 80 00 00 3F 80 00 00 3F 80 00 00 3F 80 00 00 3F 80 00 00 3F 80 00 00 3F 80 00 00 3F 80 00 00 3F 80 00 00 3F 80 00 00 3F 80 00 00 3F 80 00 00 3F 80 00 00 3F 80 00 00 3F 80 00 00 3F 80 00 00 3F 80 00 00 3F 80 00 00 3F 80 00 00 3F 80 00 00 3F 80 00 00 3F 80 00 00 3F 80 00 00 3F 80 00 00 3F 80 00 00 3F 80 00 00 3F 80 00 00 3F 80 00 00 3F 80 00 00 3F 80 00 00 3F 80 00 00 3F 80 00 00 3F 80 00 00 3F 80 00 00 3F 80 00 00 3F 80 00 00 3F 80 00 00 3F 80 00 00 CF 15   // передача: 263 байт; 08:34:34:507 07.04.2018
// приём по количеству байт: 9 из 9
// принято с порта: 9 байт

F6 00 09 00 23 00 00 A0 C4   // прием: 9 байт; 08:34:34:827 07.04.2018
// таймаут: 320 мсек

Запись коэффициентов: 42 %
1   : 1,000
2   : 1,000
3   : 1,000
4   : 1,000
5   : 1,000
6   : 1,000
7   : 1,000
8   : 1,000
9   : 1,000
10  : 1,000
11  : 1,000
12  : 1,000
13  : 1,000
14  : 1,000
15  : 1,000
16  : 1,000
17  : 1,000
18  : 1,000
19  : 1,000
20  : 1,000
21  : 1,000
22  : 1,000
23  : 1,000
24  : 1,000
25  : 1,000
26  : 1,000
27  : 1,000
28  : 1,000
29  : 1,000
30  : 1,000
31  : 1,000
32  : 1,000
33  : 1,000
34  : 1,000
35  : 1,000
36  : 1,000
37  : 1,000
38  : 1,000
39  : 1,000
40  : 1,000
41  : 1,000
42  : 1,000
43  : 1,000
44  : 1,000
45  : 1,000
46  : 1,000
47  : 1,000
48  : 1,000
49  : 1,000
50  : 1,000
51  : 1,000
52  : 1,000
53  : 1,000
54  : 1,000
55  : 1,000
56  : 1,000
57  : 1,000
58  : 1,000
59  : 1,000
60  : 1,000
61  : 1,000
62  : 1,000
63  : 1,000
64  : 1,000
65  : 0,000

CA E0 EB FE EC ED FB 20 

00 00 07 01 EB 3F 80 00 00 3F 80 00 00 3F 80 00 00 3F 80 00 00 3F 80 00 00 3F 80 00 00 3F 80 00 00 3F 80 00 00 3F 80 00 00 3F 80 00 00 3F 80 00 00 3F 80 00 00 3F 80 00 00 3F 80 00 00 3F 80 00 00 3F 80 00 00 3F 80 00 00 3F 80 00 00 3F 80 00 00 3F 80 00 00 3F 80 00 00 3F 80 00 00 3F 80 00 00 3F 80 00 00 3F 80 00 00 3F 80 00 00 3F 80 00 00 3F 80 00 00 3F 80 00 00 3F 80 00 00 3F 80 00 00 3F 80 00 00 3F 80 00 00 3F 80 00 00 3F 80 00 00 3F 80 00 00 3F 80 00 00 3F 80 00 00 3F 80 00 00 3F 80 00 00 3F 80 00 00 3F 80 00 00 3F 80 00 00 3F 80 00 00 3F 80 00 00 3F 80 00 00 3F 80 00 00 3F 80 00 00 3F 80 00 00 3F 80 00 00 3F 80 00 00 3F 80 00 00 3F 80 00 00 3F 80 00 00 3F 80 00 00 3F 80 00 00 3F 80 00 00 3F 80 00 00 3F 80 00 00 3F 80 00 00 3F 80 00 00 3F 80 00 00 3F 80 00 00 3F 80 00 00 78 C5   // передача: 263 байт; 08:34:34:836 07.04.2018
// приём по количеству байт: 9 из 9
// принято с порта: 9 байт

F6 00 09 00 EB 00 00 21 3A   // прием: 9 байт; 08:34:35:156 07.04.2018
// таймаут: 320 мсек

Запись коэффициентов: 57 %
1   : 0,000
2   : 0,000
3   : 0,000
4   : 0,000
5   : 0,000
6   : 0,000
7   : 0,000
8   : 0,000
9   : 0,000
10  : 0,000
11  : 0,000
12  : 0,000
13  : 0,000
14  : 0,000
15  : 0,000
16  : 0,000
17  : 0,000
18  : 0,000
19  : 0,000
20  : 0,000
21  : 0,000
22  : 0,000
23  : 0,000
24  : 0,000
25  : 0,000
26  : 0,000
27  : 0,000
28  : 0,000
29  : 0,000
30  : 0,000
31  : 0,000
32  : 0,000
33  : 0,000
34  : 0,000
35  : 0,000
36  : 0,000
37  : 0,000
38  : 0,000
39  : 0,000
40  : 0,000
41  : 0,000
42  : 0,000
43  : 0,000
44  : 0,000
45  : 0,000
46  : 0,000
47  : 0,000
48  : 0,000
49  : 0,000
50  : 0,000
51  : 0,000
52  : 0,000
53  : 0,000
54  : 0,000
55  : 0,000
56  : 0,000
57  : 0,000
58  : 0,000
59  : 0,000
60  : 0,000
61  : 0,000
62  : 0,000
63  : 0,000
64  : 0,000
65  : 0,000

CA E0 EB FE EC ED FB 20 

00 00 07 01 29 00 00 00 00 00 00 00 00 00 00 00 00 00 00 00 00 00 00 00 00 00 00 00 00 00 00 00 00 00 00 00 00 00 00 00 00 00 00 00 00 00 00 00 00 00 00 00 00 00 00 00 00 00 00 00 00 00 00 00 00 00 00 00 00 00 00 00 00 00 00 00 00 00 00 00 00 00 00 00 00 00 00 00 00 00 00 00 00 00 00 00 00 00 00 00 00 00 00 00 00 00 00 00 00 00 00 00 00 00 00 00 00 00 00 00 00 00 00 00 00 00 00 00 00 00 00 00 00 00 00 00 00 00 00 00 00 00 00 00 00 00 00 00 00 00 00 00 00 00 00 00 00 00 00 00 00 00 00 00 00 00 00 00 00 00 00 00 00 00 00 00 00 00 00 00 00 00 00 00 00 00 00 00 00 00 00 00 00 00 00 00 00 00 00 00 00 00 00 00 00 00 00 00 00 00 00 00 00 00 00 00 00 00 00 00 00 00 00 00 00 00 00 00 00 00 00 00 00 00 00 00 00 00 00 00 00 00 00 00 00 00 00 00 00 00 00 00 00 00 00 00 00 00 00 00 00 6E D8   // передача: 263 байт; 08:34:35:166 07.04.2018
// приём по количеству байт: 9 из 9
// принято с порта: 9 байт

F6 00 09 00 29 00 00 80 C6   // прием: 9 байт; 08:34:35:486 07.04.2018
// таймаут: 320 мсек

Запись коэффициентов: 71 %
1   : 0,000
2   : 0,000
3   : 0,000
4   : 0,000
5   : 0,000
6   : 0,000
7   : 0,000
8   : 0,000
9   : 0,000
10  : 0,000
11  : 0,000
12  : 0,000
13  : 0,000
14  : 0,000
15  : 0,000
16  : 0,000
17  : 0,000
18  : 0,000
19  : 0,000
20  : 0,000
21  : 0,000
22  : 0,000
23  : 0,000
24  : 0,000
25  : 0,000
26  : 0,000
27  : 0,000
28  : 0,000
29  : 0,000
30  : 0,000
31  : 0,000
32  : 0,000
33  : 0,000
34  : 0,000
35  : 0,000
36  : 0,000
37  : 0,000
38  : 0,000
39  : 0,000
40  : 0,000
41  : 0,000
42  : 0,000
43  : 0,000
44  : 0,000
45  : 0,000
46  : 0,000
47  : 0,000
48  : 0,000
49  : 0,000
50  : 0,000
51  : 0,000
52  : 0,000
53  : 0,000
54  : 0,000
55  : 0,000
56  : 0,000
57  : 0,000
58  : 0,000
59  : 0,000
60  : 0,000
61  : 0,000
62  : 0,000
63  : 0,000
64  : 0,000
65  : 0,000

CA E0 EB FE EC ED FB 20 

00 00 07 01 27 00 00 00 00 00 00 00 00 00 00 00 00 00 00 00 00 00 00 00 00 00 00 00 00 00 00 00 00 00 00 00 00 00 00 00 00 00 00 00 00 00 00 00 00 00 00 00 00 00 00 00 00 00 00 00 00 00 00 00 00 00 00 00 00 00 00 00 00 00 00 00 00 00 00 00 00 00 00 00 00 00 00 00 00 00 00 00 00 00 00 00 00 00 00 00 00 00 00 00 00 00 00 00 00 00 00 00 00 00 00 00 00 00 00 00 00 00 00 00 00 00 00 00 00 00 00 00 00 00 00 00 00 00 00 00 00 00 00 00 00 00 00 00 00 00 00 00 00 00 00 00 00 00 00 00 00 00 00 00 00 00 00 00 00 00 00 00 00 00 00 00 00 00 00 00 00 00 00 00 00 00 00 00 00 00 00 00 00 00 00 00 00 00 00 00 00 00 00 00 00 00 00 00 00 00 00 00 00 00 00 00 00 00 00 00 00 00 00 00 00 00 00 00 00 00 00 00 00 00 00 00 00 00 00 00 00 00 00 00 00 00 00 00 00 00 00 00 00 00 00 00 00 00 00 00 00 02 B9   // передача: 263 байт; 08:34:35:495 07.04.2018
// приём по количеству байт: 9 из 9
// принято с порта: 9 байт

F6 00 09 00 27 00 00 E1 05   // прием: 9 байт; 08:34:35:815 07.04.2018
// таймаут: 320 мсек

Запись коэффициентов: 85 %

CA E0 EB FE EC ED FB 20 

00 00 0D 00 2B 00 00 00 00 00 00 C5 76   // передача: 13 байт; 08:34:35:817 07.04.2018
// приём по количеству байт: 9 из 9
// принято с порта: 9 байт

F6 00 09 00 2B 00 00 21 06   // прием: 9 байт; 08:34:35:855 07.04.2018
// таймаут: 38 мсек

Запись коэффициентов: 85 %

CA E0 EB FE EC ED FB 20 

00 00 0D 00 2B 01 00 00 00 00 00 C4 A7   // передача: 13 байт; 08:34:35:857 07.04.2018
// приём по количеству байт: 9 из 9
// принято с порта: 9 байт

F6 00 09 00 2B 00 00 21 06   // прием: 9 байт; 08:34:35:896 07.04.2018
// таймаут: 39 мсек

Запись коэффициентов: 86 %

CA E0 EB FE EC ED FB 20 

00 00 0D 00 2B 02 00 00 00 00 00 C4 94   // передача: 13 байт; 08:34:35:897 07.04.2018
// приём по количеству байт: 9 из 9
// принято с порта: 9 байт

F6 00 09 00 2B 00 00 21 06   // прием: 9 байт; 08:34:35:936 07.04.2018
// таймаут: 39 мсек

Запись коэффициентов: 86 %

CA E0 EB FE EC ED FB 20 

00 00 0D 00 2B 03 00 00 00 00 00 C5 45   // передача: 13 байт; 08:34:35:938 07.04.2018
// приём по количеству байт: 9 из 9
// принято с порта: 9 байт

F6 00 09 00 2B 00 00 21 06   // прием: 9 байт; 08:34:35:976 07.04.2018
// таймаут: 38 мсек

Запись коэффициентов: 86 %

CA E0 EB FE EC ED FB 20 

00 00 0D 00 2B 04 00 00 00 00 00 C4 F2   // передача: 13 байт; 08:34:35:978 07.04.2018
// приём по количеству байт: 9 из 9
// принято с порта: 9 байт

F6 00 09 00 2B 00 00 21 06   // прием: 9 байт; 08:34:36:016 07.04.2018
// таймаут: 38 мсек

Запись коэффициентов: 86 %

CA E0 EB FE EC ED FB 20 

00 00 0D 00 2B 05 00 00 00 00 00 C5 23   // передача: 13 байт; 08:34:36:018 07.04.2018
// приём по количеству байт: 9 из 9
// принято с порта: 9 байт

F6 00 09 00 2B 00 00 21 06   // прием: 9 байт; 08:34:36:057 07.04.2018
// таймаут: 39 мсек

Запись коэффициентов: 87 %

CA E0 EB FE EC ED FB 20 

00 00 0D 00 2B 06 00 00 00 00 00 C5 10   // передача: 13 байт; 08:34:36:059 07.04.2018
// приём по количеству байт: 9 из 9
// принято с порта: 9 байт

F6 00 09 00 2B 00 00 21 06   // прием: 9 байт; 08:34:36:097 07.04.2018
// таймаут: 38 мсек

Запись коэффициентов: 87 %

CA E0 EB FE EC ED FB 20 

00 00 0D 00 2B 07 00 00 00 00 00 C4 C1   // передача: 13 байт; 08:34:36:099 07.04.2018
// приём по количеству байт: 9 из 9
// принято с порта: 9 байт

F6 00 09 00 2B 00 00 21 06   // прием: 9 байт; 08:34:36:138 07.04.2018
// таймаут: 39 мсек

Запись коэффициентов: 87 %

CA E0 EB FE EC ED FB 20 

00 00 0D 00 2B 08 00 00 00 00 00 C4 3E   // передача: 13 байт; 08:34:36:140 07.04.2018
// приём по количеству байт: 9 из 9
// принято с порта: 9 байт

F6 00 09 00 2B 00 00 21 06   // прием: 9 байт; 08:34:36:178 07.04.2018
// таймаут: 38 мсек

Запись коэффициентов: 87 %

CA E0 EB FE EC ED FB 20 

00 00 0D 00 2B 09 00 00 00 00 00 C5 EF   // передача: 13 байт; 08:34:36:180 07.04.2018
// приём по количеству байт: 9 из 9
// принято с порта: 9 байт

F6 00 09 00 2B 00 00 21 06   // прием: 9 байт; 08:34:36:219 07.04.2018
// таймаут: 39 мсек

Запись коэффициентов: 87 %

CA E0 EB FE EC ED FB 20 

00 00 0D 00 2B 0A 00 00 00 00 00 C5 DC   // передача: 13 байт; 08:34:36:220 07.04.2018
// приём по количеству байт: 9 из 9
// принято с порта: 9 байт

F6 00 09 00 2B 00 00 21 06   // прием: 9 байт; 08:34:36:259 07.04.2018
// таймаут: 39 мсек

Запись коэффициентов: 88 %

CA E0 EB FE EC ED FB 20 

00 00 0D 00 2B 0B 00 00 00 00 00 C4 0D   // передача: 13 байт; 08:34:36:261 07.04.2018
// приём по количеству байт: 9 из 9
// принято с порта: 9 байт

F6 00 09 00 2B 00 00 21 06   // прием: 9 байт; 08:34:36:299 07.04.2018
// таймаут: 38 мсек

Запись коэффициентов: 88 %

CA E0 EB FE EC ED FB 20 

00 00 0D 00 2B 0C 00 00 00 00 00 C5 BA   // передача: 13 байт; 08:34:36:301 07.04.2018
// приём по количеству байт: 9 из 9
// принято с порта: 9 байт

F6 00 09 00 2B 00 00 21 06   // прием: 9 байт; 08:34:36:340 07.04.2018
// таймаут: 39 мсек

Запись коэффициентов: 88 %

CA E0 EB FE EC ED FB 20 

00 00 0D 00 2B 0D 00 00 00 00 00 C4 6B   // передача: 13 байт; 08:34:36:342 07.04.2018
// приём по количеству байт: 9 из 9
// принято с порта: 9 байт

F6 00 09 00 2B 00 00 21 06   // прием: 9 байт; 08:34:36:380 07.04.2018
// таймаут: 38 мсек

Запись коэффициентов: 88 %

CA E0 EB FE EC ED FB 20 

00 00 0D 00 2B 0E 00 00 00 00 00 C4 58   // передача: 13 байт; 08:34:36:382 07.04.2018
// приём по количеству байт: 9 из 9
// принято с порта: 9 байт

F6 00 09 00 2B 00 00 21 06   // прием: 9 байт; 08:34:36:420 07.04.2018
// таймаут: 38 мсек

Запись коэффициентов: 89 %

CA E0 EB FE EC ED FB 20 

00 00 0D 00 2B 0F 00 00 00 00 00 C5 89   // передача: 13 байт; 08:34:36:422 07.04.2018
// приём по количеству байт: 9 из 9
// принято с порта: 9 байт

F6 00 09 00 2B 00 00 21 06   // прием: 9 байт; 08:34:36:461 07.04.2018
// таймаут: 39 мсек

Запись коэффициентов: 89 %

CA E0 EB FE EC ED FB 20 

00 00 0D 00 2B 10 00 00 00 00 00 C7 E6   // передача: 13 байт; 08:34:36:463 07.04.2018
// приём по количеству байт: 9 из 9
// принято с порта: 9 байт

F6 00 09 00 2B 00 00 21 06   // прием: 9 байт; 08:34:36:501 07.04.2018
// таймаут: 38 мсек

Запись коэффициентов: 89 %

CA E0 EB FE EC ED FB 20 

00 00 0D 00 2B 11 00 00 00 00 00 C6 37   // передача: 13 байт; 08:34:36:503 07.04.2018
// приём по количеству байт: 9 из 9
// принято с порта: 9 байт

F6 00 09 00 2B 00 00 21 06   // прием: 9 байт; 08:34:36:542 07.04.2018
// таймаут: 39 мсек

Запись коэффициентов: 89 %

CA E0 EB FE EC ED FB 20 

00 00 0D 00 2B 12 00 00 00 00 00 C6 04   // передача: 13 байт; 08:34:36:543 07.04.2018
// приём по количеству байт: 9 из 9
// принято с порта: 9 байт

F6 00 09 00 2B 00 00 21 06   // прием: 9 байт; 08:34:36:582 07.04.2018
// таймаут: 39 мсек

Запись коэффициентов: 89 %

CA E0 EB FE EC ED FB 20 

00 00 0D 00 2B 13 00 00 00 00 00 C7 D5   // передача: 13 байт; 08:34:36:584 07.04.2018
// приём по количеству байт: 9 из 9
// принято с порта: 9 байт

F6 00 09 00 2B 00 00 21 06   // прием: 9 байт; 08:34:36:622 07.04.2018
// таймаут: 38 мсек

Запись коэффициентов: 90 %

CA E0 EB FE EC ED FB 20 

00 00 0D 00 2B 14 00 00 00 00 00 C6 62   // передача: 13 байт; 08:34:36:624 07.04.2018
// приём по количеству байт: 9 из 9
// принято с порта: 9 байт

F6 00 09 00 2B 00 00 21 06   // прием: 9 байт; 08:34:36:663 07.04.2018
// таймаут: 39 мсек

Запись коэффициентов: 90 %

CA E0 EB FE EC ED FB 20 

00 00 0D 00 2B 15 00 00 00 00 00 C7 B3   // передача: 13 байт; 08:34:36:665 07.04.2018
// приём по количеству байт: 9 из 9
// принято с порта: 9 байт

F6 00 09 00 2B 00 00 21 06   // прием: 9 байт; 08:34:36:703 07.04.2018
// таймаут: 38 мсек

Запись коэффициентов: 90 %

CA E0 EB FE EC ED FB 20 

00 00 0D 00 2B 16 00 00 00 00 00 C7 80   // передача: 13 байт; 08:34:36:705 07.04.2018
// приём по количеству байт: 9 из 9
// принято с порта: 9 байт

F6 00 09 00 2B 00 00 21 06   // прием: 9 байт; 08:34:36:743 07.04.2018
// таймаут: 38 мсек

Запись коэффициентов: 90 %

CA E0 EB FE EC ED FB 20 

00 00 0D 00 2B 17 00 00 00 00 00 C6 51   // передача: 13 байт; 08:34:36:745 07.04.2018
// приём по количеству байт: 9 из 9
// принято с порта: 9 байт

F6 00 09 00 2B 00 00 21 06   // прием: 9 байт; 08:34:36:784 07.04.2018
// таймаут: 39 мсек

Запись коэффициентов: 91 %

CA E0 EB FE EC ED FB 20 

00 00 0D 00 2B 18 00 00 00 00 00 C6 AE   // передача: 13 байт; 08:34:36:786 07.04.2018
// приём по количеству байт: 9 из 9
// принято с порта: 9 байт

F6 00 09 00 2B 00 00 21 06   // прием: 9 байт; 08:34:36:824 07.04.2018
// таймаут: 38 мсек

Запись коэффициентов: 91 %

CA E0 EB FE EC ED FB 20 

00 00 0D 00 2B 19 00 00 00 00 00 C7 7F   // передача: 13 байт; 08:34:36:826 07.04.2018
// приём по количеству байт: 9 из 9
// принято с порта: 9 байт

F6 00 09 00 2B 00 00 21 06   // прием: 9 байт; 08:34:36:865 07.04.2018
// таймаут: 39 мсек

Запись коэффициентов: 91 %

CA E0 EB FE EC ED FB 20 

00 00 0D 00 2B 1A 00 00 00 00 00 C7 4C   // передача: 13 байт; 08:34:36:866 07.04.2018
// приём по количеству байт: 9 из 9
// принято с порта: 9 байт

F6 00 09 00 2B 00 00 21 06   // прием: 9 байт; 08:34:36:905 07.04.2018
// таймаут: 39 мсек

Запись коэффициентов: 91 %

CA E0 EB FE EC ED FB 20 

00 00 0D 00 2B 1B 00 00 00 00 00 C6 9D   // передача: 13 байт; 08:34:36:907 07.04.2018
// приём по количеству байт: 9 из 9
// принято с порта: 9 байт

F6 00 09 00 2B 00 00 21 06   // прием: 9 байт; 08:34:36:945 07.04.2018
// таймаут: 38 мсек

Запись коэффициентов: 91 %

CA E0 EB FE EC ED FB 20 

00 00 0D 00 2B 1C 00 00 00 00 00 C7 2A   // передача: 13 байт; 08:34:36:947 07.04.2018
// приём по количеству байт: 9 из 9
// принято с порта: 9 байт

F6 00 09 00 2B 00 00 21 06   // прием: 9 байт; 08:34:36:986 07.04.2018
// таймаут: 39 мсек

Запись коэффициентов: 92 %

CA E0 EB FE EC ED FB 20 

00 00 0D 00 2B 1D 00 00 00 00 00 C6 FB   // передача: 13 байт; 08:34:36:988 07.04.2018
// приём по количеству байт: 9 из 9
// принято с порта: 9 байт

F6 00 09 00 2B 00 00 21 06   // прием: 9 байт; 08:34:37:026 07.04.2018
// таймаут: 38 мсек

Запись коэффициентов: 92 %

CA E0 EB FE EC ED FB 20 

00 00 0D 00 2B 1E 00 00 00 00 00 C6 C8   // передача: 13 байт; 08:34:37:028 07.04.2018
// приём по количеству байт: 9 из 9
// принято с порта: 9 байт

F6 00 09 00 2B 00 00 21 06   // прием: 9 байт; 08:34:37:066 07.04.2018
// таймаут: 38 мсек

Запись коэффициентов: 92 %

CA E0 EB FE EC ED FB 20 

00 00 0D 00 2B 1F 00 00 00 00 00 C7 19   // передача: 13 байт; 08:34:37:068 07.04.2018
// приём по количеству байт: 9 из 9
// принято с порта: 9 байт

F6 00 09 00 2B 00 00 21 06   // прием: 9 байт; 08:34:37:107 07.04.2018
// таймаут: 39 мсек

Запись коэффициентов: 92 %

CA E0 EB FE EC ED FB 20 

00 00 0D 00 2B 20 00 00 00 00 00 C2 16   // передача: 13 байт; 08:34:37:109 07.04.2018
// приём по количеству байт: 9 из 9
// принято с порта: 9 байт

F6 00 09 00 2B 00 00 21 06   // прием: 9 байт; 08:34:37:148 07.04.2018
// таймаут: 39 мсек

Запись коэффициентов: 93 %

CA E0 EB FE EC ED FB 20 

00 00 0D 00 2B 21 00 00 00 00 00 C3 C7   // передача: 13 байт; 08:34:37:149 07.04.2018
// приём по количеству байт: 9 из 9
// принято с порта: 9 байт

F6 00 09 00 2B 00 00 21 06   // прием: 9 байт; 08:34:37:188 07.04.2018
// таймаут: 39 мсек

Запись коэффициентов: 93 %

CA E0 EB FE EC ED FB 20 

00 00 0D 00 2B 22 00 00 00 00 00 C3 F4   // передача: 13 байт; 08:34:37:190 07.04.2018
// приём по количеству байт: 9 из 9
// принято с порта: 9 байт

F6 00 09 00 2B 00 00 21 06   // прием: 9 байт; 08:34:37:228 07.04.2018
// таймаут: 38 мсек

Запись коэффициентов: 93 %

CA E0 EB FE EC ED FB 20 

00 00 0D 00 2B 23 00 00 00 00 00 C2 25   // передача: 13 байт; 08:34:37:230 07.04.2018
// приём по количеству байт: 9 из 9
// принято с порта: 9 байт

F6 00 09 00 2B 00 00 21 06   // прием: 9 байт; 08:34:37:269 07.04.2018
// таймаут: 39 мсек

Запись коэффициентов: 93 %

CA E0 EB FE EC ED FB 20 

00 00 0D 00 2B 24 00 00 00 00 00 C3 92   // передача: 13 байт; 08:34:37:270 07.04.2018
// приём по количеству байт: 9 из 9
// принято с порта: 9 байт

F6 00 09 00 2B 00 00 21 06   // прием: 9 байт; 08:34:37:309 07.04.2018
// таймаут: 39 мсек

Запись коэффициентов: 93 %

CA E0 EB FE EC ED FB 20 

00 00 0D 00 2B 25 00 00 00 00 00 C2 43   // передача: 13 байт; 08:34:37:311 07.04.2018
// приём по количеству байт: 9 из 9
// принято с порта: 9 байт

F6 00 09 00 2B 00 00 21 06   // прием: 9 байт; 08:34:37:349 07.04.2018
// таймаут: 38 мсек

Запись коэффициентов: 94 %

CA E0 EB FE EC ED FB 20 

00 00 0D 00 2B 26 00 00 00 00 00 C2 70   // передача: 13 байт; 08:34:37:351 07.04.2018
// приём по количеству байт: 9 из 9
// принято с порта: 9 байт

F6 00 09 00 2B 00 00 21 06   // прием: 9 байт; 08:34:37:390 07.04.2018
// таймаут: 39 мсек

Запись коэффициентов: 94 %

CA E0 EB FE EC ED FB 20 

00 00 0D 00 2B 27 00 00 00 00 00 C3 A1   // передача: 13 байт; 08:34:37:392 07.04.2018
// приём по количеству байт: 9 из 9
// принято с порта: 9 байт

F6 00 09 00 2B 00 00 21 06   // прием: 9 байт; 08:34:37:430 07.04.2018
// таймаут: 38 мсек

Запись коэффициентов: 94 %

CA E0 EB FE EC ED FB 20 

00 00 0D 00 2B 28 00 00 00 00 00 C3 5E   // передача: 13 байт; 08:34:37:432 07.04.2018
// приём по количеству байт: 9 из 9
// принято с порта: 9 байт

F6 00 09 00 2B 00 00 21 06   // прием: 9 байт; 08:34:37:471 07.04.2018
// таймаут: 39 мсек

Запись коэффициентов: 94 %

CA E0 EB FE EC ED FB 20 

00 00 0D 00 2B 29 00 00 00 00 00 C2 8F   // передача: 13 байт; 08:34:37:472 07.04.2018
// приём по количеству байт: 9 из 9
// принято с порта: 9 байт

F6 00 09 00 2B 00 00 21 06   // прием: 9 байт; 08:34:37:511 07.04.2018
// таймаут: 39 мсек

Запись коэффициентов: 95 %

CA E0 EB FE EC ED FB 20 

00 00 0D 00 2B 2A 00 00 00 00 00 C2 BC   // передача: 13 байт; 08:34:37:513 07.04.2018
// приём по количеству байт: 9 из 9
// принято с порта: 9 байт

F6 00 09 00 2B 00 00 21 06   // прием: 9 байт; 08:34:37:551 07.04.2018
// таймаут: 38 мсек

Запись коэффициентов: 95 %

CA E0 EB FE EC ED FB 20 

00 00 0D 00 2B 2B 00 00 00 00 00 C3 6D   // передача: 13 байт; 08:34:37:553 07.04.2018
// приём по количеству байт: 9 из 9
// принято с порта: 9 байт

F6 00 09 00 2B 00 00 21 06   // прием: 9 байт; 08:34:37:592 07.04.2018
// таймаут: 39 мсек

Запись коэффициентов: 95 %

CA E0 EB FE EC ED FB 20 

00 00 0D 00 2B 2C 00 00 00 00 00 C2 DA   // передача: 13 байт; 08:34:37:594 07.04.2018
// приём по количеству байт: 9 из 9
// принято с порта: 9 байт

F6 00 09 00 2B 00 00 21 06   // прием: 9 байт; 08:34:37:632 07.04.2018
// таймаут: 38 мсек

Запись коэффициентов: 95 %

CA E0 EB FE EC ED FB 20 

00 00 0D 00 2B 2D 00 00 00 00 00 C3 0B   // передача: 13 байт; 08:34:37:634 07.04.2018
// приём по количеству байт: 9 из 9
// принято с порта: 9 байт

F6 00 09 00 2B 00 00 21 06   // прием: 9 байт; 08:34:37:673 07.04.2018
// таймаут: 39 мсек

Запись коэффициентов: 95 %

CA E0 EB FE EC ED FB 20 

00 00 0D 00 2B 2E 00 00 00 00 00 C3 38   // передача: 13 байт; 08:34:37:675 07.04.2018
// приём по количеству байт: 9 из 9
// принято с порта: 9 байт

F6 00 09 00 2B 00 00 21 06   // прием: 9 байт; 08:34:37:713 07.04.2018
// таймаут: 38 мсек

Запись коэффициентов: 96 %

CA E0 EB FE EC ED FB 20 

00 00 0D 00 2B 2F 00 00 00 00 00 C2 E9   // передача: 13 байт; 08:34:37:715 07.04.2018
// приём по количеству байт: 9 из 9
// принято с порта: 9 байт

F6 00 09 00 2B 00 00 21 06   // прием: 9 байт; 08:34:37:754 07.04.2018
// таймаут: 39 мсек

Запись коэффициентов: 96 %

CA E0 EB FE EC ED FB 20 

00 00 0D 00 2B 30 00 00 00 00 00 C0 86   // передача: 13 байт; 08:34:37:755 07.04.2018
// приём по количеству байт: 9 из 9
// принято с порта: 9 байт

F6 00 09 00 2B 00 00 21 06   // прием: 9 байт; 08:34:37:794 07.04.2018
// таймаут: 39 мсек

Запись коэффициентов: 96 %

CA E0 EB FE EC ED FB 20 

00 00 0D 00 2B 31 00 00 00 00 00 C1 57   // передача: 13 байт; 08:34:37:796 07.04.2018
// приём по количеству байт: 9 из 9
// принято с порта: 9 байт

F6 00 09 00 2B 00 00 21 06   // прием: 9 байт; 08:34:37:834 07.04.2018
// таймаут: 38 мсек

Запись коэффициентов: 96 %

CA E0 EB FE EC ED FB 20 

00 00 0D 00 2B 32 00 00 00 00 00 C1 64   // передача: 13 байт; 08:34:37:836 07.04.2018
// приём по количеству байт: 9 из 9
// принято с порта: 9 байт

F6 00 09 00 2B 00 00 21 06   // прием: 9 байт; 08:34:37:875 07.04.2018
// таймаут: 39 мсек

Запись коэффициентов: 97 %

CA E0 EB FE EC ED FB 20 

00 00 0D 00 2B 33 00 00 00 00 00 C0 B5   // передача: 13 байт; 08:34:37:877 07.04.2018
// приём по количеству байт: 9 из 9
// принято с порта: 9 байт

F6 00 09 00 2B 00 00 21 06   // прием: 9 байт; 08:34:37:915 07.04.2018
// таймаут: 38 мсек

Запись коэффициентов: 97 %

CA E0 EB FE EC ED FB 20 

00 00 0D 00 2B 34 00 00 00 00 00 C1 02   // передача: 13 байт; 08:34:37:917 07.04.2018
// приём по количеству байт: 9 из 9
// принято с порта: 9 байт

F6 00 09 00 2B 00 00 21 06   // прием: 9 байт; 08:34:37:956 07.04.2018
// таймаут: 39 мсек

Запись коэффициентов: 97 %

CA E0 EB FE EC ED FB 20 

00 00 0D 00 2B 35 00 00 00 00 00 C0 D3   // передача: 13 байт; 08:34:37:957 07.04.2018
// приём по количеству байт: 9 из 9
// принято с порта: 9 байт

F6 00 09 00 2B 00 00 21 06   // прием: 9 байт; 08:34:37:996 07.04.2018
// таймаут: 39 мсек

Запись коэффициентов: 97 %

CA E0 EB FE EC ED FB 20 

00 00 0D 00 2B 36 00 00 00 00 00 C0 E0   // передача: 13 байт; 08:34:37:998 07.04.2018
// приём по количеству байт: 9 из 9
// принято с порта: 9 байт

F6 00 09 00 2B 00 00 21 06   // прием: 9 байт; 08:34:38:036 07.04.2018
// таймаут: 38 мсек

Запись коэффициентов: 97 %

CA E0 EB FE EC ED FB 20 

00 00 0D 00 2B 37 00 00 00 00 00 C1 31   // передача: 13 байт; 08:34:38:038 07.04.2018
// приём по количеству байт: 9 из 9
// принято с порта: 9 байт

F6 00 09 00 2B 00 00 21 06   // прием: 9 байт; 08:34:38:077 07.04.2018
// таймаут: 39 мсек

Запись коэффициентов: 98 %

CA E0 EB FE EC ED FB 20 

00 00 0D 00 2B 38 00 00 00 00 00 C1 CE   // передача: 13 байт; 08:34:38:079 07.04.2018
// приём по количеству байт: 9 из 9
// принято с порта: 9 байт

F6 00 09 00 2B 00 00 21 06   // прием: 9 байт; 08:34:38:117 07.04.2018
// таймаут: 38 мсек

Запись коэффициентов: 98 %

CA E0 EB FE EC ED FB 20 

00 00 0D 00 2B 39 00 00 00 00 00 C0 1F   // передача: 13 байт; 08:34:38:119 07.04.2018
// приём по количеству байт: 9 из 9
// принято с порта: 9 байт

F6 00 09 00 2B 00 00 21 06   // прием: 9 байт; 08:34:38:158 07.04.2018
// таймаут: 39 мсек

Запись коэффициентов: 98 %

CA E0 EB FE EC ED FB 20 

00 00 0D 00 2B 3A 00 00 00 00 00 C0 2C   // передача: 13 байт; 08:34:38:159 07.04.2018
// приём по количеству байт: 9 из 9
// принято с порта: 9 байт

F6 00 09 00 2B 00 00 21 06   // прием: 9 байт; 08:34:38:198 07.04.2018
// таймаут: 39 мсек

Запись коэффициентов: 98 %

CA E0 EB FE EC ED FB 20 

00 00 0D 00 2B 3B 00 00 00 00 00 C1 FD   // передача: 13 байт; 08:34:38:200 07.04.2018
// приём по количеству байт: 9 из 9
// принято с порта: 9 байт

F6 00 09 00 2B 00 00 21 06   // прием: 9 байт; 08:34:38:238 07.04.2018
// таймаут: 38 мсек

Запись коэффициентов: 99 %

CA E0 EB FE EC ED FB 20 

00 00 0D 00 2B 3C 00 00 00 00 00 C0 4A   // передача: 13 байт; 08:34:38:240 07.04.2018
// приём по количеству байт: 9 из 9
// принято с порта: 9 байт

F6 00 09 00 2B 00 00 21 06   // прием: 9 байт; 08:34:38:279 07.04.2018
// таймаут: 39 мсек

Запись коэффициентов: 99 %

CA E0 EB FE EC ED FB 20 

00 00 0D 00 2B 3D 00 00 00 00 00 C1 9B   // передача: 13 байт; 08:34:38:281 07.04.2018
// приём по количеству байт: 9 из 9
// принято с порта: 9 байт

F6 00 09 00 2B 00 00 21 06   // прием: 9 байт; 08:34:38:319 07.04.2018
// таймаут: 38 мсек

Запись коэффициентов: 99 %

CA E0 EB FE EC ED FB 20 

00 00 0D 00 2B 3E 00 00 00 00 00 C1 A8   // передача: 13 байт; 08:34:38:321 07.04.2018
// приём по количеству байт: 9 из 9
// принято с порта: 9 байт

F6 00 09 00 2B 00 00 21 06   // прием: 9 байт; 08:34:38:360 07.04.2018
// таймаут: 39 мсек

Запись коэффициентов: 99 %

CA E0 EB FE EC ED FB 20 

00 00 0D 00 2B 3F 00 00 00 00 00 C0 79   // передача: 13 байт; 08:34:38:362 07.04.2018
// приём по количеству байт: 9 из 9
// принято с порта: 9 байт

F6 00 09 00 2B 00 00 21 06   // прием: 9 байт; 08:34:38:414 07.04.2018
// таймаут: 52 мсек

Запись коэффициентов: 100 %
Чтение параметров

CA E0 EB FE EC ED FB 20 

00 00 09 00 2E 00 00 A7 08   // передача: 9 байт; 08:34:42:791 07.04.2018
// приём по количеству байт: 11 из 11
// принято с порта: 11 байт

F6 00 0B 00 2E 81 81 81 81 AF B6   // прием: 11 байт; 08:34:42:827 07.04.2018
// таймаут: 36 мсек

1   : 0,000
Чтение параметров: 0 %

CA E0 EB FE EC ED FB 20 

00 00 09 00 2E 00 01 66 C8   // передача: 9 байт; 08:34:42:829 07.04.2018
// приём по количеству байт: 11 из 11
// принято с порта: 11 байт

F6 00 0B 00 2E 81 81 81 81 AF B6   // прием: 11 байт; 08:34:42:865 07.04.2018
// таймаут: 36 мсек

2   : 0,000
Чтение параметров: 0 %

CA E0 EB FE EC ED FB 20 

00 00 09 00 2E 00 02 26 C9   // передача: 9 байт; 08:34:42:867 07.04.2018
// приём по количеству байт: 11 из 11
// принято с порта: 11 байт

F6 00 0B 00 2E 81 81 81 81 AF B6   // прием: 11 байт; 08:34:42:904 07.04.2018
// таймаут: 37 мсек

3   : 0,000
Чтение параметров: 0 %

CA E0 EB FE EC ED FB 20 

00 00 09 00 2E 00 03 E7 09   // передача: 9 байт; 08:34:42:905 07.04.2018
// приём по количеству байт: 11 из 11
// принято с порта: 11 байт

F6 00 0B 00 2E 81 81 81 81 AF B6   // прием: 11 байт; 08:34:42:942 07.04.2018
// таймаут: 37 мсек

4   : 0,000
Чтение параметров: 0 %

CA E0 EB FE EC ED FB 20 

00 00 09 00 2E 00 04 A6 CB   // передача: 9 байт; 08:34:42:944 07.04.2018
// приём по количеству байт: 11 из 11
// принято с порта: 11 байт

F6 00 0B 00 2E 81 81 81 81 AF B6   // прием: 11 байт; 08:34:42:980 07.04.2018
// таймаут: 36 мсек

5   : 0,000
Чтение параметров: 0 %

CA E0 EB FE EC ED FB 20 

00 00 09 00 2E 00 05 67 0B   // передача: 9 байт; 08:34:42:982 07.04.2018
// приём по количеству байт: 11 из 11
// принято с порта: 11 байт

F6 00 0B 00 2E 81 81 81 81 AF B6   // прием: 11 байт; 08:34:43:018 07.04.2018
// таймаут: 36 мсек

6   : 0,000
Чтение параметров: 0 %

CA E0 EB FE EC ED FB 20 

00 00 09 00 2E 00 06 27 0A   // передача: 9 байт; 08:34:43:020 07.04.2018
// приём по количеству байт: 11 из 11
// принято с порта: 11 байт

F6 00 0B 00 2E 81 81 81 81 AF B6   // прием: 11 байт; 08:34:43:056 07.04.2018
// таймаут: 36 мсек

7   : 0,000
Чтение параметров: 0 %

CA E0 EB FE EC ED FB 20 

00 00 09 00 2E 00 07 E6 CA   // передача: 9 байт; 08:34:43:058 07.04.2018
// приём по количеству байт: 11 из 11
// принято с порта: 11 байт

F6 00 0B 00 2E 81 81 81 81 AF B6   // прием: 11 байт; 08:34:43:095 07.04.2018
// таймаут: 37 мсек

8   : 0,000
Чтение параметров: 0 %

CA E0 EB FE EC ED FB 20 

00 00 09 00 2E 00 08 A6 CE   // передача: 9 байт; 08:34:43:096 07.04.2018
// приём по количеству байт: 11 из 11
// принято с порта: 11 байт

F6 00 0B 00 2E 81 81 81 81 AF B6   // прием: 11 байт; 08:34:43:133 07.04.2018
// таймаут: 37 мсек

9   : 0,000
Чтение параметров: 0 %

CA E0 EB FE EC ED FB 20 

00 00 09 00 2E 00 09 67 0E   // передача: 9 байт; 08:34:43:135 07.04.2018
// приём по количеству байт: 11 из 11
// принято с порта: 11 байт

F6 00 0B 00 2E 81 81 81 81 AF B6   // прием: 11 байт; 08:34:43:171 07.04.2018
// таймаут: 36 мсек

10  : 0,000
Чтение параметров: 0 %

CA E0 EB FE EC ED FB 20 

00 00 09 00 2E 00 0A 27 0F   // передача: 9 байт; 08:34:43:173 07.04.2018
// приём по количеству байт: 11 из 11
// принято с порта: 11 байт

F6 00 0B 00 2E 81 81 81 81 AF B6   // прием: 11 байт; 08:34:43:209 07.04.2018
// таймаут: 36 мсек

11  : 0,000
Чтение параметров: 1 %

CA E0 EB FE EC ED FB 20 

00 00 09 00 2E 00 0B E6 CF   // передача: 9 байт; 08:34:43:211 07.04.2018
// приём по количеству байт: 11 из 11
// принято с порта: 11 байт

F6 00 0B 00 2E 81 81 81 81 AF B6   // прием: 11 байт; 08:34:43:247 07.04.2018
// таймаут: 36 мсек

12  : 0,000
Чтение параметров: 1 %

CA E0 EB FE EC ED FB 20 

00 00 09 00 2E 00 0C A7 0D   // передача: 9 байт; 08:34:43:249 07.04.2018
// приём по количеству байт: 11 из 11
// принято с порта: 11 байт

F6 00 0B 00 2E 81 81 81 81 AF B6   // прием: 11 байт; 08:34:43:286 07.04.2018
// таймаут: 37 мсек

13  : 0,000
Чтение параметров: 1 %

CA E0 EB FE EC ED FB 20 

00 00 09 00 2E 00 0D 66 CD   // передача: 9 байт; 08:34:43:287 07.04.2018
// приём по количеству байт: 11 из 11
// принято с порта: 11 байт

F6 00 0B 00 2E 81 81 81 81 AF B6   // прием: 11 байт; 08:34:43:324 07.04.2018
// таймаут: 37 мсек

14  : 0,000
Чтение параметров: 1 %

CA E0 EB FE EC ED FB 20 

00 00 09 00 2E 00 0E 26 CC   // передача: 9 байт; 08:34:43:325 07.04.2018
// приём по количеству байт: 11 из 11
// принято с порта: 11 байт

F6 00 0B 00 2E 81 81 81 81 AF B6   // прием: 11 байт; 08:34:43:362 07.04.2018
// таймаут: 37 мсек

15  : 0,000
Чтение параметров: 1 %

CA E0 EB FE EC ED FB 20 

00 00 09 00 2E 00 0F E7 0C   // передача: 9 байт; 08:34:43:363 07.04.2018
// приём по количеству байт: 11 из 11
// принято с порта: 11 байт

F6 00 0B 00 2E 81 81 81 81 AF B6   // прием: 11 байт; 08:34:43:400 07.04.2018
// таймаут: 37 мсек

16  : 0,000
Чтение параметров: 1 %

CA E0 EB FE EC ED FB 20 

00 00 09 00 2E 00 10 A6 C4   // передача: 9 байт; 08:34:43:402 07.04.2018
// приём по количеству байт: 11 из 11
// принято с порта: 11 байт

F6 00 0B 00 2E 81 81 81 81 AF B6   // прием: 11 байт; 08:34:43:438 07.04.2018
// таймаут: 36 мсек

17  : 0,000
Чтение параметров: 1 %

CA E0 EB FE EC ED FB 20 

00 00 09 00 2E 00 11 67 04   // передача: 9 байт; 08:34:43:440 07.04.2018
// приём по количеству байт: 11 из 11
// принято с порта: 11 байт

F6 00 0B 00 2E 81 81 81 81 AF B6   // прием: 11 байт; 08:34:43:476 07.04.2018
// таймаут: 36 мсек

18  : 0,000
Чтение параметров: 1 %

CA E0 EB FE EC ED FB 20 

00 00 09 00 2E 00 12 27 05   // передача: 9 байт; 08:34:43:478 07.04.2018
// приём по количеству байт: 11 из 11
// принято с порта: 11 байт

F6 00 0B 00 2E 81 81 81 81 AF B6   // прием: 11 байт; 08:34:43:515 07.04.2018
// таймаут: 37 мсек

19  : 0,000
Чтение параметров: 1 %

CA E0 EB FE EC ED FB 20 

00 00 09 00 2E 00 13 E6 C5   // передача: 9 байт; 08:34:43:516 07.04.2018
// приём по количеству байт: 11 из 11
// принято с порта: 11 байт

F6 00 0B 00 2E 81 81 81 81 AF B6   // прием: 11 байт; 08:34:43:553 07.04.2018
// таймаут: 37 мсек

20  : 0,000
Чтение параметров: 1 %

CA E0 EB FE EC ED FB 20 

00 00 09 00 2E 00 14 A7 07   // передача: 9 байт; 08:34:43:555 07.04.2018
// приём по количеству байт: 11 из 11
// принято с порта: 11 байт

F6 00 0B 00 2E 81 81 81 81 AF B6   // прием: 11 байт; 08:34:43:591 07.04.2018
// таймаут: 36 мсек

21  : 0,000
Чтение параметров: 2 %

CA E0 EB FE EC ED FB 20 

00 00 09 00 2E 00 15 66 C7   // передача: 9 байт; 08:34:43:593 07.04.2018
// приём по количеству байт: 11 из 11
// принято с порта: 11 байт

F6 00 0B 00 2E 81 81 81 81 AF B6   // прием: 11 байт; 08:34:43:630 07.04.2018
// таймаут: 37 мсек

22  : 0,000
Чтение параметров: 2 %

CA E0 EB FE EC ED FB 20 

00 00 09 00 2E 00 16 26 C6   // передача: 9 байт; 08:34:43:631 07.04.2018
// приём по количеству байт: 11 из 11
// принято с порта: 11 байт

F6 00 0B 00 2E 81 81 81 81 AF B6   // прием: 11 байт; 08:34:43:668 07.04.2018
// таймаут: 37 мсек

23  : 0,000
Чтение параметров: 2 %

CA E0 EB FE EC ED FB 20 

00 00 09 00 2E 00 17 E7 06   // передача: 9 байт; 08:34:43:670 07.04.2018
// приём по количеству байт: 11 из 11
// принято с порта: 11 байт

F6 00 0B 00 2E 81 81 81 81 AF B6   // прием: 11 байт; 08:34:43:706 07.04.2018
// таймаут: 36 мсек

24  : 0,000
Чтение параметров: 2 %

CA E0 EB FE EC ED FB 20 

00 00 09 00 2E 00 18 A7 02   // передача: 9 байт; 08:34:43:708 07.04.2018
// приём по количеству байт: 11 из 11
// принято с порта: 11 байт

F6 00 0B 00 2E 81 81 81 81 AF B6   // прием: 11 байт; 08:34:43:744 07.04.2018
// таймаут: 36 мсек

25  : 0,000
Чтение параметров: 2 %

CA E0 EB FE EC ED FB 20 

00 00 09 00 2E 00 19 66 C2   // передача: 9 байт; 08:34:43:746 07.04.2018
// приём по количеству байт: 11 из 11
// принято с порта: 11 байт

F6 00 0B 00 2E 81 81 81 81 AF B6   // прием: 11 байт; 08:34:43:782 07.04.2018
// таймаут: 36 мсек

26  : 0,000
Чтение параметров: 2 %

CA E0 EB FE EC ED FB 20 

00 00 09 00 2E 00 1A 26 C3   // передача: 9 байт; 08:34:43:784 07.04.2018
// приём по количеству байт: 11 из 11
// принято с порта: 11 байт

F6 00 0B 00 2E 81 81 81 81 AF B6   // прием: 11 байт; 08:34:43:821 07.04.2018
// таймаут: 37 мсек

27  : 0,000
Чтение параметров: 2 %

CA E0 EB FE EC ED FB 20 

00 00 09 00 2E 00 1B E7 03   // передача: 9 байт; 08:34:43:822 07.04.2018
// приём по количеству байт: 11 из 11
// принято с порта: 11 байт

F6 00 0B 00 2E 81 81 81 81 AF B6   // прием: 11 байт; 08:34:43:859 07.04.2018
// таймаут: 37 мсек

28  : 0,000
Чтение параметров: 2 %

CA E0 EB FE EC ED FB 20 

00 00 09 00 2E 00 1C A6 C1   // передача: 9 байт; 08:34:43:861 07.04.2018
// приём по количеству байт: 11 из 11
// принято с порта: 11 байт

F6 00 0B 00 2E 81 81 81 81 AF B6   // прием: 11 байт; 08:34:43:897 07.04.2018
// таймаут: 36 мсек

29  : 0,000
Чтение параметров: 2 %

CA E0 EB FE EC ED FB 20 

00 00 09 00 2E 00 1D 67 01   // передача: 9 байт; 08:34:43:899 07.04.2018
// приём по количеству байт: 11 из 11
// принято с порта: 11 байт

F6 00 0B 00 2E 81 81 81 81 AF B6   // прием: 11 байт; 08:34:43:936 07.04.2018
// таймаут: 37 мсек

30  : 0,000
Чтение параметров: 2 %

CA E0 EB FE EC ED FB 20 

00 00 09 00 2E 00 1E 27 00   // передача: 9 байт; 08:34:43:937 07.04.2018
// приём по количеству байт: 11 из 11
// принято с порта: 11 байт

F6 00 0B 00 2E 81 81 81 81 AF B6   // прием: 11 байт; 08:34:43:974 07.04.2018
// таймаут: 37 мсек

31  : 0,000
Чтение параметров: 3 %

CA E0 EB FE EC ED FB 20 

00 00 09 00 2E 00 1F E6 C0   // передача: 9 байт; 08:34:43:976 07.04.2018
// приём по количеству байт: 11 из 11
// принято с порта: 11 байт

F6 00 0B 00 2E 81 81 81 81 AF B6   // прием: 11 байт; 08:34:44:012 07.04.2018
// таймаут: 36 мсек

32  : 0,000
Чтение параметров: 3 %

CA E0 EB FE EC ED FB 20 

00 00 09 00 2E 00 20 A6 D0   // передача: 9 байт; 08:34:44:014 07.04.2018
// приём по количеству байт: 11 из 11
// принято с порта: 11 байт

F6 00 0B 00 2E 81 81 81 81 AF B6   // прием: 11 байт; 08:34:44:050 07.04.2018
// таймаут: 36 мсек

33  : 0,000
Чтение параметров: 3 %

CA E0 EB FE EC ED FB 20 

00 00 09 00 2E 00 21 67 10   // передача: 9 байт; 08:34:44:052 07.04.2018
// приём по количеству байт: 11 из 11
// принято с порта: 11 байт

F6 00 0B 00 2E 81 81 81 81 AF B6   // прием: 11 байт; 08:34:44:088 07.04.2018
// таймаут: 36 мсек

34  : 0,000
Чтение параметров: 3 %

CA E0 EB FE EC ED FB 20 

00 00 09 00 2E 00 22 27 11   // передача: 9 байт; 08:34:44:090 07.04.2018
// приём по количеству байт: 11 из 11
// принято с порта: 11 байт

F6 00 0B 00 2E 81 81 81 81 AF B6   // прием: 11 байт; 08:34:44:126 07.04.2018
// таймаут: 36 мсек

35  : 0,000
Чтение параметров: 3 %

CA E0 EB FE EC ED FB 20 

00 00 09 00 2E 00 23 E6 D1   // передача: 9 байт; 08:34:44:128 07.04.2018
// приём по количеству байт: 11 из 11
// принято с порта: 11 байт

F6 00 0B 00 2E 81 81 81 81 AF B6   // прием: 11 байт; 08:34:44:165 07.04.2018
// таймаут: 37 мсек

36  : 0,000
Чтение параметров: 3 %

CA E0 EB FE EC ED FB 20 

00 00 09 00 2E 00 24 A7 13   // передача: 9 байт; 08:34:44:167 07.04.2018
// приём по количеству байт: 11 из 11
// принято с порта: 11 байт

F6 00 0B 00 2E 81 81 81 81 AF B6   // прием: 11 байт; 08:34:44:203 07.04.2018
// таймаут: 36 мсек

37  : 0,000
Чтение параметров: 3 %

CA E0 EB FE EC ED FB 20 

00 00 09 00 2E 00 25 66 D3   // передача: 9 байт; 08:34:44:205 07.04.2018
// приём по количеству байт: 11 из 11
// принято с порта: 11 байт

F6 00 0B 00 2E 81 81 81 81 AF B6   // прием: 11 байт; 08:34:44:241 07.04.2018
// таймаут: 36 мсек

38  : 0,000
Чтение параметров: 3 %

CA E0 EB FE EC ED FB 20 

00 00 09 00 2E 00 26 26 D2   // передача: 9 байт; 08:34:44:243 07.04.2018
// приём по количеству байт: 11 из 11
// принято с порта: 11 байт

F6 00 0B 00 2E 81 81 81 81 AF B6   // прием: 11 байт; 08:34:44:280 07.04.2018
// таймаут: 37 мсек

39  : 0,000
Чтение параметров: 3 %

CA E0 EB FE EC ED FB 20 

00 00 09 00 2E 00 27 E7 12   // передача: 9 байт; 08:34:44:281 07.04.2018
// приём по количеству байт: 11 из 11
// принято с порта: 11 байт

F6 00 0B 00 2E 81 81 81 81 AF B6   // прием: 11 байт; 08:34:44:318 07.04.2018
// таймаут: 37 мсек

40  : 0,000
Чтение параметров: 3 %

CA E0 EB FE EC ED FB 20 

00 00 09 00 2E 00 28 A7 16   // передача: 9 байт; 08:34:44:319 07.04.2018
// приём по количеству байт: 11 из 11
// принято с порта: 11 байт

F6 00 0B 00 2E 81 81 81 81 AF B6   // прием: 11 байт; 08:34:44:356 07.04.2018
// таймаут: 37 мсек

41  : 0,000
Чтение параметров: 4 %

CA E0 EB FE EC ED FB 20 

00 00 09 00 2E 00 29 66 D6   // передача: 9 байт; 08:34:44:357 07.04.2018
// приём по количеству байт: 11 из 11
// принято с порта: 11 байт

F6 00 0B 00 2E 81 81 81 81 AF B6   // прием: 11 байт; 08:34:44:394 07.04.2018
// таймаут: 37 мсек

42  : 0,000
Чтение параметров: 4 %

CA E0 EB FE EC ED FB 20 

00 00 09 00 2E 00 2A 26 D7   // передача: 9 байт; 08:34:44:396 07.04.2018
// приём по количеству байт: 11 из 11
// принято с порта: 11 байт

F6 00 0B 00 2E 81 81 81 81 AF B6   // прием: 11 байт; 08:34:44:432 07.04.2018
// таймаут: 36 мсек

43  : 0,000
Чтение параметров: 4 %

CA E0 EB FE EC ED FB 20 

00 00 09 00 2E 00 2B E7 17   // передача: 9 байт; 08:34:44:434 07.04.2018
// приём по количеству байт: 11 из 11
// принято с порта: 11 байт

F6 00 0B 00 2E 81 81 81 81 AF B6   // прием: 11 байт; 08:34:44:470 07.04.2018
// таймаут: 36 мсек

44  : 0,000
Чтение параметров: 4 %

CA E0 EB FE EC ED FB 20 

00 00 09 00 2E 00 2C A6 D5   // передача: 9 байт; 08:34:44:472 07.04.2018
// приём по количеству байт: 11 из 11
// принято с порта: 11 байт

F6 00 0B 00 2E 81 81 81 81 AF B6   // прием: 11 байт; 08:34:44:509 07.04.2018
// таймаут: 37 мсек

45  : 0,000
Чтение параметров: 4 %

CA E0 EB FE EC ED FB 20 

00 00 09 00 2E 00 2D 67 15   // передача: 9 байт; 08:34:44:510 07.04.2018
// приём по количеству байт: 11 из 11
// принято с порта: 11 байт

F6 00 0B 00 2E 81 81 81 81 AF B6   // прием: 11 байт; 08:34:44:547 07.04.2018
// таймаут: 37 мсек

46  : 0,000
Чтение параметров: 4 %

CA E0 EB FE EC ED FB 20 

00 00 09 00 2E 00 2E 27 14   // передача: 9 байт; 08:34:44:549 07.04.2018
// приём по количеству байт: 11 из 11
// принято с порта: 11 байт

F6 00 0B 00 2E 81 81 81 81 AF B6   // прием: 11 байт; 08:34:44:585 07.04.2018
// таймаут: 36 мсек

47  : 0,000
Чтение параметров: 4 %

CA E0 EB FE EC ED FB 20 

00 00 09 00 2E 00 2F E6 D4   // передача: 9 байт; 08:34:44:587 07.04.2018
// приём по количеству байт: 11 из 11
// принято с порта: 11 байт

F6 00 0B 00 2E 81 81 81 81 AF B6   // прием: 11 байт; 08:34:44:623 07.04.2018
// таймаут: 36 мсек

48  : 0,000
Чтение параметров: 4 %

CA E0 EB FE EC ED FB 20 

00 00 09 00 2E 00 30 A7 1C   // передача: 9 байт; 08:34:44:625 07.04.2018
// приём по количеству байт: 11 из 11
// принято с порта: 11 байт

F6 00 0B 00 2E 81 81 81 81 AF B6   // прием: 11 байт; 08:34:44:662 07.04.2018
// таймаут: 37 мсек

49  : 0,000
Чтение параметров: 4 %

CA E0 EB FE EC ED FB 20 

00 00 09 00 2E 00 31 66 DC   // передача: 9 байт; 08:34:44:663 07.04.2018
// приём по количеству байт: 11 из 11
// принято с порта: 11 байт

F6 00 0B 00 2E 81 81 81 81 AF B6   // прием: 11 байт; 08:34:44:700 07.04.2018
// таймаут: 37 мсек

50  : 0,000
Чтение параметров: 4 %

CA E0 EB FE EC ED FB 20 

00 00 09 00 2E 00 32 26 DD   // передача: 9 байт; 08:34:44:702 07.04.2018
// приём по количеству байт: 11 из 11
// принято с порта: 11 байт

F6 00 0B 00 2E 81 81 81 81 AF B6   // прием: 11 байт; 08:34:44:738 07.04.2018
// таймаут: 36 мсек

51  : 0,000
Чтение параметров: 5 %

CA E0 EB FE EC ED FB 20 

00 00 09 00 2E 00 33 E7 1D   // передача: 9 байт; 08:34:44:740 07.04.2018
// приём по количеству байт: 11 из 11
// принято с порта: 11 байт

F6 00 0B 00 2E 81 81 81 81 AF B6   // прием: 11 байт; 08:34:44:776 07.04.2018
// таймаут: 36 мсек

52  : 0,000
Чтение параметров: 5 %

CA E0 EB FE EC ED FB 20 

00 00 09 00 2E 00 34 A6 DF   // передача: 9 байт; 08:34:44:778 07.04.2018
// приём по количеству байт: 11 из 11
// принято с порта: 11 байт

F6 00 0B 00 2E 81 81 81 81 AF B6   // прием: 11 байт; 08:34:44:814 07.04.2018
// таймаут: 36 мсек

53  : 0,000
Чтение параметров: 5 %

CA E0 EB FE EC ED FB 20 

00 00 09 00 2E 00 35 67 1F   // передача: 9 байт; 08:34:44:816 07.04.2018
// приём по количеству байт: 11 из 11
// принято с порта: 11 байт

F6 00 0B 00 2E 81 81 81 81 AF B6   // прием: 11 байт; 08:34:44:853 07.04.2018
// таймаут: 37 мсек

54  : 0,000
Чтение параметров: 5 %

CA E0 EB FE EC ED FB 20 

00 00 09 00 2E 00 36 27 1E   // передача: 9 байт; 08:34:44:855 07.04.2018
// приём по количеству байт: 11 из 11
// принято с порта: 11 байт

F6 00 0B 00 2E 81 81 81 81 AF B6   // прием: 11 байт; 08:34:44:891 07.04.2018
// таймаут: 36 мсек

55  : 0,000
Чтение параметров: 5 %

CA E0 EB FE EC ED FB 20 

00 00 09 00 2E 00 37 E6 DE   // передача: 9 байт; 08:34:44:893 07.04.2018
// приём по количеству байт: 11 из 11
// принято с порта: 11 байт

F6 00 0B 00 2E 81 81 81 81 AF B6   // прием: 11 байт; 08:34:44:929 07.04.2018
// таймаут: 36 мсек

56  : 0,000
Чтение параметров: 5 %

CA E0 EB FE EC ED FB 20 

00 00 09 00 2E 00 38 A6 DA   // передача: 9 байт; 08:34:44:931 07.04.2018
// приём по количеству байт: 11 из 11
// принято с порта: 11 байт

F6 00 0B 00 2E 81 81 81 81 AF B6   // прием: 11 байт; 08:34:44:967 07.04.2018
// таймаут: 36 мсек

57  : 0,000
Чтение параметров: 5 %

CA E0 EB FE EC ED FB 20 

00 00 09 00 2E 00 39 67 1A   // передача: 9 байт; 08:34:44:969 07.04.2018
// приём по количеству байт: 11 из 11
// принято с порта: 11 байт

F6 00 0B 00 2E 81 81 81 81 AF B6   // прием: 11 байт; 08:34:45:006 07.04.2018
// таймаут: 37 мсек

58  : 0,000
Чтение параметров: 5 %

CA E0 EB FE EC ED FB 20 

00 00 09 00 2E 00 3A 27 1B   // передача: 9 байт; 08:34:45:007 07.04.2018
// приём по количеству байт: 11 из 11
// принято с порта: 11 байт

F6 00 0B 00 2E 81 81 81 81 AF B6   // прием: 11 байт; 08:34:45:044 07.04.2018
// таймаут: 37 мсек

59  : 0,000
Чтение параметров: 5 %

CA E0 EB FE EC ED FB 20 

00 00 09 00 2E 00 3B E6 DB   // передача: 9 байт; 08:34:45:046 07.04.2018
// приём по количеству байт: 11 из 11
// принято с порта: 11 байт

F6 00 0B 00 2E 81 81 81 81 AF B6   // прием: 11 байт; 08:34:45:082 07.04.2018
// таймаут: 36 мсек

60  : 0,000
Чтение параметров: 5 %

CA E0 EB FE EC ED FB 20 

00 00 09 00 2E 00 3C A7 19   // передача: 9 байт; 08:34:45:084 07.04.2018
// приём по количеству байт: 11 из 11
// принято с порта: 11 байт

F6 00 0B 00 2E 81 81 81 81 AF B6   // прием: 11 байт; 08:34:45:120 07.04.2018
// таймаут: 36 мсек

61  : 0,000
Чтение параметров: 6 %

CA E0 EB FE EC ED FB 20 

00 00 09 00 2E 00 3D 66 D9   // передача: 9 байт; 08:34:45:122 07.04.2018
// приём по количеству байт: 11 из 11
// принято с порта: 11 байт

F6 00 0B 00 2E 81 81 81 81 AF B6   // прием: 11 байт; 08:34:45:159 07.04.2018
// таймаут: 37 мсек

62  : 0,000
Чтение параметров: 6 %

CA E0 EB FE EC ED FB 20 

00 00 09 00 2E 00 3E 26 D8   // передача: 9 байт; 08:34:45:160 07.04.2018
// приём по количеству байт: 11 из 11
// принято с порта: 11 байт

F6 00 0B 00 2E 81 81 81 81 AF B6   // прием: 11 байт; 08:34:45:197 07.04.2018
// таймаут: 37 мсек

63  : 0,000
Чтение параметров: 6 %

CA E0 EB FE EC ED FB 20 

00 00 09 00 2E 00 3F E7 18   // передача: 9 байт; 08:34:45:199 07.04.2018
// приём по количеству байт: 11 из 11
// принято с порта: 11 байт

F6 00 0B 00 2E 81 81 81 81 AF B6   // прием: 11 байт; 08:34:45:235 07.04.2018
// таймаут: 36 мсек

64  : 0,000
Чтение параметров: 6 %

CA E0 EB FE EC ED FB 20 

00 00 09 00 2E 00 40 A6 F8   // передача: 9 байт; 08:34:45:237 07.04.2018
// приём по количеству байт: 11 из 11
// принято с порта: 11 байт

F6 00 0B 00 2E 81 81 81 81 AF B6   // прием: 11 байт; 08:34:45:273 07.04.2018
// таймаут: 36 мсек

65  : 0,000
Чтение параметров: 6 %

CA E0 EB FE EC ED FB 20 

00 00 09 00 2E 00 41 67 38   // передача: 9 байт; 08:34:45:275 07.04.2018
// приём по количеству байт: 11 из 11
// принято с порта: 11 байт

F6 00 0B 00 2E 81 81 81 81 AF B6   // прием: 11 байт; 08:34:45:312 07.04.2018
// таймаут: 37 мсек

66  : 0,000
Чтение параметров: 6 %

CA E0 EB FE EC ED FB 20 

00 00 09 00 2E 00 42 27 39   // передача: 9 байт; 08:34:45:313 07.04.2018
// приём по количеству байт: 11 из 11
// принято с порта: 11 байт

F6 00 0B 00 2E 81 81 81 81 AF B6   // прием: 11 байт; 08:34:45:350 07.04.2018
// таймаут: 37 мсек

67  : 0,000
Чтение параметров: 6 %

CA E0 EB FE EC ED FB 20 

00 00 09 00 2E 00 43 E6 F9   // передача: 9 байт; 08:34:45:352 07.04.2018
// приём по количеству байт: 11 из 11
// принято с порта: 11 байт

F6 00 0B 00 2E 81 81 81 81 AF B6   // прием: 11 байт; 08:34:45:388 07.04.2018
// таймаут: 36 мсек

68  : 0,000
Чтение параметров: 6 %

CA E0 EB FE EC ED FB 20 

00 00 09 00 2E 00 44 A7 3B   // передача: 9 байт; 08:34:45:390 07.04.2018
// приём по количеству байт: 11 из 11
// принято с порта: 11 байт

F6 00 0B 00 2E 81 81 81 81 AF B6   // прием: 11 байт; 08:34:45:426 07.04.2018
// таймаут: 36 мсек

69  : 0,000
Чтение параметров: 6 %

CA E0 EB FE EC ED FB 20 

00 00 09 00 2E 00 45 66 FB   // передача: 9 байт; 08:34:45:428 07.04.2018
// приём по количеству байт: 11 из 11
// принято с порта: 11 байт

F6 00 0B 00 2E 81 81 81 81 AF B6   // прием: 11 байт; 08:34:45:465 07.04.2018
// таймаут: 37 мсек

70  : 0,000
Чтение параметров: 6 %

CA E0 EB FE EC ED FB 20 

00 00 09 00 2E 00 46 26 FA   // передача: 9 байт; 08:34:45:466 07.04.2018
// приём по количеству байт: 11 из 11
// принято с порта: 11 байт

F6 00 0B 00 2E 81 81 81 81 AF B6   // прием: 11 байт; 08:34:45:503 07.04.2018
// таймаут: 37 мсек

71  : 0,000
Чтение параметров: 7 %

CA E0 EB FE EC ED FB 20 

00 00 09 00 2E 00 47 E7 3A   // передача: 9 байт; 08:34:45:504 07.04.2018
// приём по количеству байт: 11 из 11
// принято с порта: 11 байт

F6 00 0B 00 2E 81 81 81 81 AF B6   // прием: 11 байт; 08:34:45:541 07.04.2018
// таймаут: 37 мсек

72  : 0,000
Чтение параметров: 7 %

CA E0 EB FE EC ED FB 20 

00 00 09 00 2E 00 48 A7 3E   // передача: 9 байт; 08:34:45:543 07.04.2018
// приём по количеству байт: 11 из 11
// принято с порта: 11 байт

F6 00 0B 00 2E 81 81 81 81 AF B6   // прием: 11 байт; 08:34:45:579 07.04.2018
// таймаут: 36 мсек

73  : 0,000
Чтение параметров: 7 %

CA E0 EB FE EC ED FB 20 

00 00 09 00 2E 00 49 66 FE   // передача: 9 байт; 08:34:45:581 07.04.2018
// приём по количеству байт: 11 из 11
// принято с порта: 11 байт

F6 00 0B 00 2E 81 81 81 81 AF B6   // прием: 11 байт; 08:34:45:617 07.04.2018
// таймаут: 36 мсек

74  : 0,000
Чтение параметров: 7 %

CA E0 EB FE EC ED FB 20 

00 00 09 00 2E 00 4A 26 FF   // передача: 9 байт; 08:34:45:619 07.04.2018
// приём по количеству байт: 11 из 11
// принято с порта: 11 байт

F6 00 0B 00 2E 81 81 81 81 AF B6   // прием: 11 байт; 08:34:45:655 07.04.2018
// таймаут: 36 мсек

75  : 0,000
Чтение параметров: 7 %

CA E0 EB FE EC ED FB 20 

00 00 09 00 2E 00 4B E7 3F   // передача: 9 байт; 08:34:45:657 07.04.2018
// приём по количеству байт: 11 из 11
// принято с порта: 11 байт

F6 00 0B 00 2E 81 81 81 81 AF B6   // прием: 11 байт; 08:34:45:694 07.04.2018
// таймаут: 37 мсек

76  : 0,000
Чтение параметров: 7 %

CA E0 EB FE EC ED FB 20 

00 00 09 00 2E 00 4C A6 FD   // передача: 9 байт; 08:34:45:695 07.04.2018
// приём по количеству байт: 11 из 11
// принято с порта: 11 байт

F6 00 0B 00 2E 81 81 81 81 AF B6   // прием: 11 байт; 08:34:45:732 07.04.2018
// таймаут: 37 мсек

77  : 0,000
Чтение параметров: 7 %

CA E0 EB FE EC ED FB 20 

00 00 09 00 2E 00 4D 67 3D   // передача: 9 байт; 08:34:45:734 07.04.2018
// приём по количеству байт: 11 из 11
// принято с порта: 11 байт

F6 00 0B 00 2E 81 81 81 81 AF B6   // прием: 11 байт; 08:34:45:770 07.04.2018
// таймаут: 36 мсек

78  : 0,000
Чтение параметров: 7 %

CA E0 EB FE EC ED FB 20 

00 00 09 00 2E 00 4E 27 3C   // передача: 9 байт; 08:34:45:772 07.04.2018
// приём по количеству байт: 11 из 11
// принято с порта: 11 байт

F6 00 0B 00 2E 81 81 81 81 AF B6   // прием: 11 байт; 08:34:45:808 07.04.2018
// таймаут: 36 мсек

79  : 0,000
Чтение параметров: 7 %

CA E0 EB FE EC ED FB 20 

00 00 09 00 2E 00 4F E6 FC   // передача: 9 байт; 08:34:45:810 07.04.2018
// приём по количеству байт: 11 из 11
// принято с порта: 11 байт

F6 00 0B 00 2E 81 81 81 81 AF B6   // прием: 11 байт; 08:34:45:847 07.04.2018
// таймаут: 37 мсек

80  : 0,000
Чтение параметров: 7 %

CA E0 EB FE EC ED FB 20 

00 00 09 00 2E 00 50 A7 34   // передача: 9 байт; 08:34:45:848 07.04.2018
// приём по количеству байт: 11 из 11
// принято с порта: 11 байт

F6 00 0B 00 2E 81 81 81 81 AF B6   // прием: 11 байт; 08:34:45:885 07.04.2018
// таймаут: 37 мсек

81  : 0,000
Чтение параметров: 8 %

CA E0 EB FE EC ED FB 20 

00 00 09 00 2E 00 51 66 F4   // передача: 9 байт; 08:34:45:886 07.04.2018
// приём по количеству байт: 11 из 11
// принято с порта: 11 байт

F6 00 0B 00 2E 81 81 81 81 AF B6   // прием: 11 байт; 08:34:45:923 07.04.2018
// таймаут: 37 мсек

82  : 0,000
Чтение параметров: 8 %

CA E0 EB FE EC ED FB 20 

00 00 09 00 2E 00 52 26 F5   // передача: 9 байт; 08:34:45:925 07.04.2018
// приём по количеству байт: 11 из 11
// принято с порта: 11 байт

F6 00 0B 00 2E 81 81 81 81 AF B6   // прием: 11 байт; 08:34:45:961 07.04.2018
// таймаут: 36 мсек

83  : 0,000
Чтение параметров: 8 %

CA E0 EB FE EC ED FB 20 

00 00 09 00 2E 00 53 E7 35   // передача: 9 байт; 08:34:45:963 07.04.2018



1A   // передача: 1 байт; 08:34:45:983 07.04.2018
// приём по количеству байт: 5 из 0
// принято с порта: 5 байт

F6 00 0B 00 2E   // прием: 5 байт; 08:34:45:993 07.04.2018
// таймаут: 10 мсек

// приём по таймауту: 1000 мс
// принято с порта: 0 байт
Чтение групп

CA E0 EB FE EC ED FB 20 

00 00 08 00 09 00 04 2B   // передача: 8 байт; 08:34:48:135 07.04.2018
// приём по количеству байт: 72 из 72
// принято с порта: 72 байт

F6 00 48 00 09 25 25 25 25 25 25 25 25 25 25 25 25 25 25 25 25 25 25 25 25 25 25 25 25 25 25 25 25 25 25 25 25 25 25 25 25 25 25 25 25 25 25 25 25 25 25 25 25 25 25 25 25 25 25 25 25 25 25 25 25 25 25 25 25 25 25 E2   // прием: 72 байт; 08:34:48:230 07.04.2018
// таймаут: 95 мсек

Чтение групп: 3 %

CA E0 EB FE EC ED FB 20 

00 00 08 00 09 01 C5 EB   // передача: 8 байт; 08:34:48:232 07.04.2018
// приём по количеству байт: 72 из 72
// принято с порта: 72 байт

F6 00 48 00 09 25 25 25 25 25 25 25 25 25 25 25 25 25 25 25 25 25 25 25 25 25 25 25 25 25 25 25 25 25 25 25 25 25 25 25 25 25 25 25 25 25 25 25 25 25 25 25 25 25 25 25 25 25 25 25 25 25 25 25 25 25 25 25 25 25 25 E2   // прием: 72 байт; 08:34:48:328 07.04.2018
// таймаут: 96 мсек

Чтение групп: 6 %

CA E0 EB FE EC ED FB 20 

00 00 08 00 09 02 85 EA   // передача: 8 байт; 08:34:48:329 07.04.2018
// приём по количеству байт: 72 из 72
// принято с порта: 72 байт

F6 00 48 00 09 25 25 25 25 25 25 25 25 25 25 25 25 25 25 25 25 25 25 25 25 25 25 25 25 25 25 25 25 25 25 25 25 25 25 25 25 25 25 25 25 25 25 25 25 25 25 25 25 25 25 25 25 25 25 25 25 25 25 25 25 25 25 25 25 25 25 E2   // прием: 72 байт; 08:34:48:425 07.04.2018
// таймаут: 96 мсек

Чтение групп: 9 %

CA E0 EB FE EC ED FB 20 

00 00 08 00 09 03 44 2A   // передача: 8 байт; 08:34:48:428 07.04.2018
// приём по количеству байт: 72 из 72
// принято с порта: 72 байт

F6 00 48 00 09 25 25 25 25 25 25 25 25 25 25 25 25 25 25 25 25 25 25 25 25 25 25 25 25 25 25 25 25 25 25 25 25 25 25 25 25 25 25 25 25 25 25 25 25 25 25 25 25 25 25 25 25 25 25 25 25 25 25 25 25 25 25 25 25 25 25 E2   // прием: 72 байт; 08:34:48:522 07.04.2018
// таймаут: 94 мсек

Чтение групп: 12 %

CA E0 EB FE EC ED FB 20 

00 00 08 00 09 04 05 E8   // передача: 8 байт; 08:34:48:524 07.04.2018
// приём по количеству байт: 72 из 72
// принято с порта: 72 байт

F6 00 48 00 09 25 25 25 25 25 25 25 25 25 25 25 25 25 25 25 25 25 25 25 25 25 25 25 25 25 25 25 25 25 25 25 25 25 25 25 25 25 25 25 25 25 25 25 25 25 25 25 25 25 25 25 25 25 25 25 25 25 25 25 25 25 25 25 25 25 25 E2   // прием: 72 байт; 08:34:48:620 07.04.2018
// таймаут: 96 мсек

Чтение групп: 16 %

CA E0 EB FE EC ED FB 20 

00 00 08 00 09 05 C4 28   // передача: 8 байт; 08:34:48:622 07.04.2018
// приём по количеству байт: 72 из 72
// принято с порта: 72 байт

F6 00 48 00 09 25 25 25 25 25 25 25 25 25 25 25 25 25 25 25 25 25 25 25 25 25 25 25 25 25 25 25 25 25 25 25 25 25 25 25 25 25 25 25 25 25 25 25 25 25 25 25 25 25 25 25 25 25 25 25 25 25 25 25 25 25 25 25 25 25 25 E2   // прием: 72 байт; 08:34:48:717 07.04.2018
// таймаут: 95 мсек

Чтение групп: 19 %

CA E0 EB FE EC ED FB 20 

00 00 08 00 09 06 84 29   // передача: 8 байт; 08:34:48:719 07.04.2018
// приём по количеству байт: 72 из 72
// принято с порта: 72 байт

F6 00 48 00 09 25 25 25 25 25 25 25 25 25 25 25 25 25 25 25 25 25 25 25 25 25 25 25 25 25 25 25 25 25 25 25 25 25 25 25 25 25 25 25 25 25 25 25 25 25 25 25 25 25 25 25 25 25 25 25 25 25 25 25 25 25 25 25 25 25 25 E2   // прием: 72 байт; 08:34:48:814 07.04.2018
// таймаут: 95 мсек

Чтение групп: 22 %

CA E0 EB FE EC ED FB 20 

00 00 08 00 09 07 45 E9   // передача: 8 байт; 08:34:48:816 07.04.2018
// приём по количеству байт: 72 из 72
// принято с порта: 72 байт

F6 00 48 00 09 25 25 25 25 25 25 25 25 25 25 25 25 25 25 25 25 25 25 25 25 25 25 25 25 25 25 25 25 25 25 25 25 25 25 25 25 25 25 25 25 25 25 25 25 25 25 25 25 25 25 25 25 25 25 25 25 25 25 25 25 25 25 25 25 25 25 E2   // прием: 72 байт; 08:34:48:911 07.04.2018
// таймаут: 95 мсек

Чтение групп: 25 %

CA E0 EB FE EC ED FB 20 

00 00 08 00 09 08 05 ED   // передача: 8 байт; 08:34:48:913 07.04.2018
// приём по количеству байт: 72 из 72
// принято с порта: 72 байт

F6 00 48 00 09 25 25 25 25 25 25 25 25 25 25 25 25 25 25 25 25 25 25 25 25 25 25 25 25 25 25 25 25 25 25 25 25 25 25 25 25 25 25 25 25 25 25 25 25 25 25 25 25 25 25 25 25 25 25 25 25 25 25 25 25 25 25 25 25 25 25 E2   // прием: 72 байт; 08:34:49:009 07.04.2018
// таймаут: 96 мсек

Чтение групп: 29 %

CA E0 EB FE EC ED FB 20 

00 00 08 00 09 09 C4 2D   // передача: 8 байт; 08:34:49:011 07.04.2018
// приём по количеству байт: 72 из 72
// принято с порта: 72 байт

F6 00 48 00 09 25 25 25 25 25 25 25 25 25 25 25 25 25 25 25 25 25 25 25 25 25 25 25 25 25 25 25 25 25 25 25 25 25 25 25 25 25 25 25 25 25 25 25 25 25 25 25 25 25 25 25 25 25 25 25 25 25 25 25 25 25 25 25 25 25 25 E2   // прием: 72 байт; 08:34:49:106 07.04.2018
// таймаут: 95 мсек

Чтение групп: 32 %

CA E0 EB FE EC ED FB 20 

00 00 08 00 09 0A 84 2C   // передача: 8 байт; 08:34:49:108 07.04.2018
// приём по количеству байт: 72 из 72
// принято с порта: 72 байт

F6 00 48 00 09 25 25 25 25 25 25 25 25 25 25 25 25 25 25 25 25 25 25 25 25 25 25 25 25 25 25 25 25 25 25 25 25 25 25 25 25 25 25 25 25 25 25 25 25 25 25 25 25 25 25 25 25 25 25 25 25 25 25 25 25 25 25 25 25 25 25 E2   // прием: 72 байт; 08:34:49:203 07.04.2018
// таймаут: 95 мсек

Чтение групп: 35 %

CA E0 EB FE EC ED FB 20 

00 00 08 00 09 0B 45 EC   // передача: 8 байт; 08:34:49:205 07.04.2018
// приём по количеству байт: 72 из 72
// принято с порта: 72 байт

F6 00 48 00 09 25 25 25 25 25 25 25 25 25 25 25 25 25 25 25 25 25 25 25 25 25 25 25 25 25 25 25 25 25 25 25 25 25 25 25 25 25 25 25 25 25 25 25 25 25 25 25 25 25 25 25 25 25 25 25 25 25 25 25 25 25 25 25 25 25 25 E2   // прием: 72 байт; 08:34:49:301 07.04.2018
// таймаут: 96 мсек

Чтение групп: 38 %

CA E0 EB FE EC ED FB 20 

00 00 08 00 09 0C 04 2E   // передача: 8 байт; 08:34:49:302 07.04.2018
// приём по количеству байт: 72 из 72
// принято с порта: 72 байт

F6 00 48 00 09 25 25 25 25 25 25 25 25 25 25 25 25 25 25 25 25 25 25 25 25 25 25 25 25 25 25 25 25 25 25 25 25 25 25 25 25 25 25 25 25 25 25 25 25 25 25 25 25 25 25 25 25 25 25 25 25 25 25 25 25 25 25 25 25 25 25 E2   // прием: 72 байт; 08:34:49:398 07.04.2018
// таймаут: 96 мсек

Чтение групп: 41 %

CA E0 EB FE EC ED FB 20 

00 00 08 00 09 0D C5 EE   // передача: 8 байт; 08:34:49:400 07.04.2018
// приём по количеству байт: 72 из 72
// принято с порта: 72 байт

F6 00 48 00 09 25 25 25 25 25 25 25 25 25 25 25 25 25 25 25 25 25 25 25 25 25 25 25 25 25 25 25 25 25 25 25 25 25 25 25 25 25 25 25 25 25 25 25 25 25 25 25 25 25 25 25 25 25 25 25 25 25 25 25 25 25 25 25 25 25 25 E2   // прием: 72 байт; 08:34:49:495 07.04.2018
// таймаут: 95 мсек

Чтение групп: 45 %

CA E0 EB FE EC ED FB 20 

00 00 08 00 09 0E 85 EF   // передача: 8 байт; 08:34:49:497 07.04.2018
// приём по количеству байт: 72 из 72
// принято с порта: 72 байт

F6 00 48 00 09 25 25 25 25 25 25 25 25 25 25 25 25 25 25 25 25 25 25 25 25 25 25 25 25 25 25 25 25 25 25 25 25 25 25 25 25 25 25 25 25 25 25 25 25 25 25 25 25 25 25 25 25 25 25 25 25 25 25 25 25 25 25 25 25 25 25 E2   // прием: 72 байт; 08:34:49:592 07.04.2018
// таймаут: 95 мсек

Чтение групп: 48 %

CA E0 EB FE EC ED FB 20 

00 00 08 00 09 0F 44 2F   // передача: 8 байт; 08:34:49:594 07.04.2018
// приём по количеству байт: 72 из 72
// принято с порта: 72 байт

F6 00 48 00 09 25 25 25 25 25 25 25 25 25 25 25 25 25 25 25 25 25 25 25 25 25 25 25 25 25 25 25 25 25 25 25 25 25 25 25 25 25 25 25 25 25 25 25 25 25 25 25 25 25 25 25 25 25 25 25 25 25 25 25 25 25 25 25 25 25 25 E2   // прием: 72 байт; 08:34:49:690 07.04.2018
// таймаут: 96 мсек

Чтение групп: 51 %

CA E0 EB FE EC ED FB 20 

00 00 08 00 09 10 05 E7   // передача: 8 байт; 08:34:49:692 07.04.2018
// приём по количеству байт: 72 из 72
// принято с порта: 72 байт

F6 00 48 00 09 25 25 25 25 25 25 25 25 25 25 25 25 25 25 25 25 25 25 25 25 25 25 25 25 25 25 25 25 25 25 25 25 25 25 25 25 25 25 25 25 25 25 25 25 25 25 25 25 25 25 25 25 25 25 25 25 25 25 25 25 25 25 25 25 25 25 E2   // прием: 72 байт; 08:34:49:787 07.04.2018
// таймаут: 95 мсек

Чтение групп: 54 %

CA E0 EB FE EC ED FB 20 

00 00 08 00 09 11 C4 27   // передача: 8 байт; 08:34:49:789 07.04.2018
// приём по количеству байт: 72 из 72
// принято с порта: 72 байт

F6 00 48 00 09 25 25 25 25 25 25 25 25 25 25 25 25 25 25 25 25 25 25 25 25 25 25 25 25 25 25 25 25 25 25 25 25 25 25 25 25 25 25 25 25 25 25 25 25 25 25 25 25 25 25 25 25 25 25 25 25 25 25 25 25 25 25 25 25 25 25 E2   // прием: 72 байт; 08:34:49:884 07.04.2018
// таймаут: 95 мсек

Чтение групп: 58 %

CA E0 EB FE EC ED FB 20 

00 00 08 00 09 12 84 26   // передача: 8 байт; 08:34:49:886 07.04.2018
// приём по количеству байт: 72 из 72
// принято с порта: 72 байт

F6 00 48 00 09 25 25 25 25 25 25 25 25 25 25 25 25 25 25 25 25 25 25 25 25 25 25 25 25 25 25 25 25 25 25 25 25 25 25 25 25 25 25 25 25 25 25 25 25 25 25 25 25 25 25 25 25 25 25 25 25 25 25 25 25 25 25 25 25 25 25 E2   // прием: 72 байт; 08:34:49:982 07.04.2018
// таймаут: 96 мсек

Чтение групп: 61 %

CA E0 EB FE EC ED FB 20 

00 00 08 00 09 13 45 E6   // передача: 8 байт; 08:34:49:984 07.04.2018
// приём по количеству байт: 72 из 72
// принято с порта: 72 байт

F6 00 48 00 09 25 25 25 25 25 25 25 25 25 25 25 25 25 25 25 25 25 25 25 25 25 25 25 25 25 25 25 25 25 25 25 25 25 25 25 25 25 25 25 25 25 25 25 25 25 25 25 25 25 25 25 25 25 25 25 25 25 25 25 25 25 25 25 25 25 25 E2   // прием: 72 байт; 08:34:50:079 07.04.2018
// таймаут: 95 мсек

Чтение групп: 64 %

CA E0 EB FE EC ED FB 20 

00 00 08 00 09 14 04 24   // передача: 8 байт; 08:34:50:081 07.04.2018
// приём по количеству байт: 72 из 72
// принято с порта: 72 байт

F6 00 48 00 09 25 25 25 25 25 25 25 25 25 25 25 25 25 25 25 25 25 25 25 25 25 25 25 25 25 25 25 25 25 25 25 25 25 25 25 25 25 25 25 25 25 25 25 25 25 25 25 25 25 25 25 25 25 25 25 25 25 25 25 25 25 25 25 25 25 25 E2   // прием: 72 байт; 08:34:50:176 07.04.2018
// таймаут: 95 мсек

Чтение групп: 67 %

CA E0 EB FE EC ED FB 20 

00 00 08 00 09 15 C5 E4   // передача: 8 байт; 08:34:50:178 07.04.2018
// приём по количеству байт: 72 из 72
// принято с порта: 72 байт

F6 00 48 00 09 25 25 25 25 25 25 25 25 25 25 25 25 25 25 25 25 25 25 25 25 25 25 25 25 25 25 25 25 25 25 25 25 25 25 25 25 25 25 25 25 25 25 25 25 25 25 25 25 25 25 25 25 25 25 25 25 25 25 25 25 25 25 25 25 25 25 E2   // прием: 72 байт; 08:34:50:273 07.04.2018
// таймаут: 95 мсек

Чтение групп: 70 %

CA E0 EB FE EC ED FB 20 

00 00 08 00 09 16 85 E5   // передача: 8 байт; 08:34:50:276 07.04.2018
// приём по количеству байт: 72 из 72
// принято с порта: 72 байт

F6 00 48 00 09 25 25 25 25 25 25 25 25 25 25 25 25 25 25 25 25 25 25 25 25 25 25 25 25 25 25 25 25 25 25 25 25 25 25 25 25 25 25 25 25 25 25 25 25 25 25 25 25 25 25 25 25 25 25 25 25 25 25 25 25 25 25 25 25 25 25 E2   // прием: 72 байт; 08:34:50:371 07.04.2018
// таймаут: 95 мсек

Чтение групп: 74 %

CA E0 EB FE EC ED FB 20 

00 00 08 00 09 17 44 25   // передача: 8 байт; 08:34:50:373 07.04.2018
// приём по количеству байт: 72 из 72
// принято с порта: 72 байт

F6 00 48 00 09 25 25 25 25 25 25 25 25 25 25 25 25 25 25 25 25 25 25 25 25 25 25 25 25 25 25 25 25 25 25 25 25 25 25 25 25 25 25 25 25 25 25 25 25 25 25 25 25 25 25 25 25 25 25 25 25 25 25 25 25 25 25 25 25 25 25 E2   // прием: 72 байт; 08:34:50:468 07.04.2018
// таймаут: 95 мсек

Чтение групп: 77 %

CA E0 EB FE EC ED FB 20 

00 00 08 00 09 18 04 21   // передача: 8 байт; 08:34:50:470 07.04.2018
// приём по количеству байт: 72 из 72
// принято с порта: 72 байт

F6 00 48 00 09 25 25 25 25 25 25 25 25 25 25 25 25 25 25 25 25 25 25 25 25 25 25 25 25 25 25 25 25 25 25 25 25 25 25 25 25 25 25 25 25 25 25 25 25 25 25 25 25 25 25 25 25 25 25 25 25 25 25 25 25 25 25 25 25 25 25 E2   // прием: 72 байт; 08:34:50:566 07.04.2018
// таймаут: 96 мсек

Чтение групп: 80 %

CA E0 EB FE EC ED FB 20 

00 00 08 00 09 19 C5 E1   // передача: 8 байт; 08:34:50:568 07.04.2018
// приём по количеству байт: 72 из 72
// принято с порта: 72 байт

F6 00 48 00 09 25 25 25 25 25 25 25 25 25 25 25 25 25 25 25 25 25 25 25 25 25 25 25 25 25 25 25 25 25 25 25 25 25 25 25 25 25 25 25 25 25 25 25 25 25 25 25 25 25 25 25 25 25 25 25 25 25 25 25 25 25 25 25 25 25 25 E2   // прием: 72 байт; 08:34:50:663 07.04.2018
// таймаут: 95 мсек

Чтение групп: 83 %

CA E0 EB FE EC ED FB 20 

00 00 08 00 09 1A 85 E0   // передача: 8 байт; 08:34:50:665 07.04.2018
// приём по количеству байт: 72 из 72
// принято с порта: 72 байт

F6 00 48 00 09 25 25 25 25 25 25 25 25 25 25 25 25 25 25 25 25 25 25 25 25 25 25 25 25 25 25 25 25 25 25 25 25 25 25 25 25 25 25 25 25 25 25 25 25 25 25 25 25 25 25 25 25 25 25 25 25 25 25 25 25 25 25 25 25 25 25 E2   // прием: 72 байт; 08:34:50:761 07.04.2018
// таймаут: 96 мсек

Чтение групп: 87 %

CA E0 EB FE EC ED FB 20 

00 00 08 00 09 1B 44 20   // передача: 8 байт; 08:34:50:763 07.04.2018
// приём по количеству байт: 72 из 72
// принято с порта: 72 байт

F6 00 48 00 09 25 25 25 25 25 25 25 25 25 25 25 25 25 25 25 25 25 25 25 25 25 25 25 25 25 25 25 25 25 25 25 25 25 25 25 25 25 25 25 25 25 25 25 25 25 25 25 25 25 25 25 25 25 25 25 25 25 25 25 25 25 25 25 25 25 25 E2   // прием: 72 байт; 08:34:50:858 07.04.2018
// таймаут: 95 мсек

Чтение групп: 90 %

CA E0 EB FE EC ED FB 20 

00 00 08 00 09 1C 05 E2   // передача: 8 байт; 08:34:50:860 07.04.2018
// приём по количеству байт: 72 из 72
// принято с порта: 72 байт

F6 00 48 00 09 25 25 25 25 25 25 25 25 25 25 25 25 25 25 25 25 25 25 25 25 25 25 25 25 25 25 25 25 25 25 25 25 25 25 25 25 25 25 25 25 25 25 25 25 25 25 25 25 25 25 25 25 25 25 25 25 25 25 25 25 25 25 25 25 25 25 E2   // прием: 72 байт; 08:34:50:955 07.04.2018
// таймаут: 95 мсек

Чтение групп: 93 %

CA E0 EB FE EC ED FB 20 

00 00 08 00 09 1D C4 22   // передача: 8 байт; 08:34:50:958 07.04.2018
// приём по количеству байт: 72 из 72
// принято с порта: 72 байт

F6 00 48 00 09 25 25 25 25 25 25 25 25 25 25 25 25 25 25 25 25 25 25 25 25 25 25 25 25 25 25 25 25 25 25 25 25 25 25 25 25 25 25 25 25 25 25 25 25 25 25 25 25 25 25 25 25 25 25 25 25 25 25 25 25 25 25 25 25 25 25 E2   // прием: 72 байт; 08:34:51:053 07.04.2018
// таймаут: 95 мсек

Чтение групп: 96 %

CA E0 EB FE EC ED FB 20 

00 00 08 00 09 1E 84 23   // передача: 8 байт; 08:34:51:055 07.04.2018
// приём по количеству байт: 72 из 72
// принято с порта: 72 байт

F6 00 48 00 09 25 25 25 25 25 25 25 25 25 25 25 25 25 25 25 25 25 25 25 25 25 25 25 25 25 25 25 25 25 25 25 25 25 25 25 25 25 25 25 25 25 25 25 25 25 25 25 25 25 25 25 25 25 25 25 25 25 25 25 25 25 25 25 25 25 25 E2   // прием: 72 байт; 08:34:51:150 07.04.2018
// таймаут: 95 мсек

Чтение групп: 100 %

CA E0 EB FE EC ED FB 20 

00 00 08 00 09 1F 45 E3   // передача: 8 байт; 08:34:51:152 07.04.2018
// приём по количеству байт: 72 из 72
// принято с порта: 72 байт

F6 00 48 00 09 25 25 25 25 25 25 25 25 25 25 25 25 25 25 25 25 25 25 25 25 25 25 25 25 25 25 25 25 25 25 25 25 25 25 25 25 25 25 25 25 25 25 25 25 25 25 25 25 25 25 25 25 25 25 25 25 25 25 25 25 25 25 25 25 25 25 E2   // прием: 72 байт; 08:34:51:248 07.04.2018
// таймаут: 96 мсек

Чтение групп: 100 %

CA E0 EB FE EC ED FB 20 

00 00 07 00 0E 14 05   // передача: 7 байт; 08:34:54:840 07.04.2018
// приём по количеству байт: 9 из 9
// принято с порта: 9 байт

F6 00 09 00 0E F2 00 75 AD   // прием: 9 байт; 08:34:54:872 07.04.2018
// таймаут: 32 мсек


// О программе
