Запись адресов и паролей

CA E0 EB FE EC ED FB 20 

00 00 1B 00 FD 89 00 00 00 04 CE 78 52 77 50 62 45 78 46 00 00 00 00 00 00 B8 E1   // передача: 27 байт; 21:04:59:531 29.06.2020
// приём по количеству байт: 9 из 9
// принято с порта: 9 байт

01 00 09 00 FD 00 00 46 31   // прием: 9 байт; 21:04:59:577 29.06.2020
// таймаут: 46 мсек

Запись адресов и паролей: 1 %

CA E0 EB FE EC ED FB 20 

00 00 1B 00 FD 89 01 00 00 00 01 30 00 00 00 00 00 00 00 00 00 00 00 00 00 BF C4   // передача: 27 байт; 21:04:59:577 29.06.2020
// приём по количеству байт: 9 из 9
// принято с порта: 9 байт

01 00 09 00 FD 00 00 46 31   // прием: 9 байт; 21:04:59:640 29.06.2020
// таймаут: 63 мсек

Запись адресов и паролей: 3 %

CA E0 EB FE EC ED FB 20 

00 00 1B 00 FD 89 02 00 00 00 02 30 31 00 00 00 00 00 00 00 00 00 00 00 00 FB F0   // передача: 27 байт; 21:04:59:640 29.06.2020
// приём по количеству байт: 9 из 9
// принято с порта: 9 байт

01 00 09 00 FD 00 00 46 31   // прием: 9 байт; 21:04:59:687 29.06.2020
// таймаут: 47 мсек

Запись адресов и паролей: 4 %

CA E0 EB FE EC ED FB 20 

00 00 1B 00 FD 89 03 00 00 00 03 30 31 32 00 00 00 00 00 00 00 00 00 00 00 BE 8B   // передача: 27 байт; 21:04:59:687 29.06.2020
// приём по количеству байт: 9 из 9
// принято с порта: 9 байт

01 00 09 00 FD 00 00 46 31   // прием: 9 байт; 21:04:59:749 29.06.2020
// таймаут: 62 мсек

Запись адресов и паролей: 6 %

CA E0 EB FE EC ED FB 20 

00 00 1B 00 FD 89 04 00 00 00 04 30 31 32 33 00 00 00 00 00 00 00 00 00 00 BC B9   // передача: 27 байт; 21:04:59:749 29.06.2020
// приём по количеству байт: 9 из 9
// принято с порта: 9 байт

01 00 09 00 FD 00 00 46 31   // прием: 9 байт; 21:04:59:796 29.06.2020
// таймаут: 47 мсек

Запись адресов и паролей: 7 %

CA E0 EB FE EC ED FB 20 

00 00 1B 00 FD 89 05 00 00 00 05 30 31 32 33 34 00 00 00 00 00 00 00 00 00 01 6F   // передача: 27 байт; 21:04:59:796 29.06.2020
// приём по количеству байт: 9 из 9
// принято с порта: 9 байт

01 00 09 00 FD 00 00 46 31   // прием: 9 байт; 21:04:59:858 29.06.2020
// таймаут: 62 мсек

Запись адресов и паролей: 9 %

CA E0 EB FE EC ED FB 20 

00 00 1B 00 FD 89 06 00 00 00 06 30 31 32 33 34 35 00 00 00 00 00 00 00 00 6D 7B   // передача: 27 байт; 21:04:59:858 29.06.2020
// приём по количеству байт: 9 из 9
// принято с порта: 9 байт

01 00 09 00 FD 00 00 46 31   // прием: 9 байт; 21:04:59:905 29.06.2020
// таймаут: 47 мсек

Запись адресов и паролей: 11 %

CA E0 EB FE EC ED FB 20 

00 00 1B 00 FD 89 07 00 00 00 07 30 31 32 33 34 35 36 00 00 00 00 00 00 00 12 B9   // передача: 27 байт; 21:04:59:905 29.06.2020
// приём по количеству байт: 9 из 9
// принято с порта: 9 байт

01 00 09 00 FD 00 00 46 31   // прием: 9 байт; 21:04:59:967 29.06.2020
// таймаут: 62 мсек

Запись адресов и паролей: 12 %

CA E0 EB FE EC ED FB 20 

00 00 1B 00 FD 89 08 00 00 00 08 30 31 32 33 34 35 36 37 00 00 00 00 00 00 4C 6B   // передача: 27 байт; 21:04:59:967 29.06.2020
// приём по количеству байт: 9 из 9
// принято с порта: 9 байт

01 00 09 00 FD 00 00 46 31   // прием: 9 байт; 21:05:00:014 29.06.2020
// таймаут: 47 мсек

Запись адресов и паролей: 14 %

CA E0 EB FE EC ED FB 20 

00 00 1B 00 FD 89 09 00 00 00 09 30 31 32 33 34 35 36 37 38 00 00 00 00 00 B4 2F   // передача: 27 байт; 21:05:00:014 29.06.2020
// приём по количеству байт: 9 из 9
// принято с порта: 9 байт

01 00 09 00 FD 00 00 46 31   // прием: 9 байт; 21:05:00:077 29.06.2020
// таймаут: 63 мсек

Запись адресов и паролей: 15 %

CA E0 EB FE EC ED FB 20 

00 00 1B 00 FD 89 0A 00 00 00 0A 30 31 32 33 34 35 36 37 38 39 00 00 00 00 2F 6F   // передача: 27 байт; 21:05:00:077 29.06.2020
// приём по количеству байт: 9 из 9
// принято с порта: 9 байт

01 00 09 00 FD 00 00 46 31   // прием: 9 байт; 21:05:00:123 29.06.2020
// таймаут: 46 мсек

Запись адресов и паролей: 17 %

CA E0 EB FE EC ED FB 20 

00 00 1B 00 FD 89 0B 00 00 00 0B 30 31 32 33 34 35 36 37 38 39 61 00 00 00 CC 6F   // передача: 27 байт; 21:05:00:123 29.06.2020
// приём по количеству байт: 9 из 9
// принято с порта: 9 байт

01 00 09 00 FD 00 00 46 31   // прием: 9 байт; 21:05:00:186 29.06.2020
// таймаут: 63 мсек

Запись адресов и паролей: 19 %

CA E0 EB FE EC ED FB 20 

00 00 1B 00 FD 89 0C 00 00 00 0C 30 31 32 33 34 35 36 37 38 39 61 62 00 00 9F C7   // передача: 27 байт; 21:05:00:186 29.06.2020
// приём по количеству байт: 9 из 9
// принято с порта: 9 байт

01 00 09 00 FD 00 00 46 31   // прием: 9 байт; 21:05:00:233 29.06.2020
// таймаут: 47 мсек

Запись адресов и паролей: 20 %

CA E0 EB FE EC ED FB 20 

00 00 1B 00 FD 89 0D 00 00 00 00 00 00 00 00 00 00 00 00 00 00 00 00 00 00 5D A5   // передача: 27 байт; 21:05:00:233 29.06.2020
// приём по количеству байт: 9 из 9
// принято с порта: 9 байт

01 00 09 00 FD 00 00 46 31   // прием: 9 байт; 21:05:00:295 29.06.2020
// таймаут: 62 мсек

Запись адресов и паролей: 22 %

CA E0 EB FE EC ED FB 20 

00 00 1B 00 FD 89 0E 00 00 00 00 00 00 00 00 00 00 00 00 00 00 00 00 00 00 19 E1   // передача: 27 байт; 21:05:00:295 29.06.2020
// приём по количеству байт: 9 из 9
// принято с порта: 9 байт

01 00 09 00 FD 00 00 46 31   // прием: 9 байт; 21:05:00:342 29.06.2020
// таймаут: 47 мсек

Запись адресов и паролей: 23 %

CA E0 EB FE EC ED FB 20 

00 00 1B 00 FD 89 0F 00 00 00 00 00 00 00 00 00 00 00 00 00 00 00 00 00 00 24 1D   // передача: 27 байт; 21:05:00:342 29.06.2020
// приём по количеству байт: 9 из 9
// принято с порта: 9 байт

01 00 09 00 FD 00 00 46 31   // прием: 9 байт; 21:05:00:404 29.06.2020
// таймаут: 62 мсек

Запись адресов и паролей: 25 %

CA E0 EB FE EC ED FB 20 

00 00 1B 00 FD 89 10 00 00 00 00 00 00 00 00 00 00 00 00 00 00 00 00 00 00 B7 CB   // передача: 27 байт; 21:05:00:404 29.06.2020
// приём по количеству байт: 9 из 9
// принято с порта: 9 байт

01 00 09 00 FD 00 00 46 31   // прием: 9 байт; 21:05:00:451 29.06.2020
// таймаут: 47 мсек

Запись адресов и паролей: 26 %

CA E0 EB FE EC ED FB 20 

00 00 1B 00 FD 89 11 00 00 00 00 00 00 00 00 00 00 00 00 00 00 00 00 00 00 8A 37   // передача: 27 байт; 21:05:00:451 29.06.2020
// приём по количеству байт: 9 из 9
// принято с порта: 9 байт

01 00 09 00 FD 00 00 46 31   // прием: 9 байт; 21:05:00:513 29.06.2020
// таймаут: 62 мсек

Запись адресов и паролей: 28 %

CA E0 EB FE EC ED FB 20 

00 00 1B 00 FD 89 12 00 00 00 00 00 00 00 00 00 00 00 00 00 00 00 00 00 00 CE 73   // передача: 27 байт; 21:05:00:513 29.06.2020
// приём по количеству байт: 9 из 9
// принято с порта: 9 байт

01 00 09 00 FD 00 00 46 31   // прием: 9 байт; 21:05:00:560 29.06.2020
// таймаут: 47 мсек

Запись адресов и паролей: 30 %

CA E0 EB FE EC ED FB 20 

00 00 1B 00 FD 89 13 00 00 00 00 00 00 00 00 00 00 00 00 00 00 00 00 00 00 F3 8F   // передача: 27 байт; 21:05:00:560 29.06.2020
// приём по количеству байт: 9 из 9
// принято с порта: 9 байт

01 00 09 00 FD 00 00 46 31   // прием: 9 байт; 21:05:00:623 29.06.2020
// таймаут: 63 мсек

Запись адресов и паролей: 31 %

CA E0 EB FE EC ED FB 20 

00 00 1B 00 FD 89 14 00 00 00 00 00 00 00 00 00 00 00 00 00 00 00 00 00 00 46 FB   // передача: 27 байт; 21:05:00:623 29.06.2020
// приём по количеству байт: 9 из 9
// принято с порта: 9 байт

01 00 09 00 FD 00 00 46 31   // прием: 9 байт; 21:05:00:669 29.06.2020
// таймаут: 46 мсек

Запись адресов и паролей: 33 %

CA E0 EB FE EC ED FB 20 

00 00 1B 00 FD 89 15 00 00 00 00 00 00 00 00 00 00 00 00 00 00 00 00 00 00 7B 07   // передача: 27 байт; 21:05:00:669 29.06.2020
// приём по количеству байт: 9 из 9
// принято с порта: 9 байт

01 00 09 00 FD 00 00 46 31   // прием: 9 байт; 21:05:00:732 29.06.2020
// таймаут: 63 мсек

Запись адресов и паролей: 34 %

CA E0 EB FE EC ED FB 20 

00 00 1B 00 FD 89 16 00 00 00 00 00 00 00 00 00 00 00 00 00 00 00 00 00 00 3F 43   // передача: 27 байт; 21:05:00:732 29.06.2020
// приём по количеству байт: 9 из 9
// принято с порта: 9 байт

01 00 09 00 FD 00 00 46 31   // прием: 9 байт; 21:05:00:779 29.06.2020
// таймаут: 47 мсек

Запись адресов и паролей: 36 %

CA E0 EB FE EC ED FB 20 

00 00 1B 00 FD 89 17 00 00 00 00 00 00 00 00 00 00 00 00 00 00 00 00 00 00 02 BF   // передача: 27 байт; 21:05:00:779 29.06.2020
// приём по количеству байт: 9 из 9
// принято с порта: 9 байт

01 00 09 00 FD 00 00 46 31   // прием: 9 байт; 21:05:00:841 29.06.2020
// таймаут: 62 мсек

Запись адресов и паролей: 38 %

CA E0 EB FE EC ED FB 20 

00 00 1B 00 FD 89 18 00 00 00 00 00 00 00 00 00 00 00 00 00 00 00 00 00 00 55 AA   // передача: 27 байт; 21:05:00:841 29.06.2020
// приём по количеству байт: 9 из 9
// принято с порта: 9 байт

01 00 09 00 FD 00 00 46 31   // прием: 9 байт; 21:05:00:888 29.06.2020
// таймаут: 47 мсек

Запись адресов и паролей: 39 %

CA E0 EB FE EC ED FB 20 

00 00 1B 00 FD 89 19 00 00 00 00 00 00 00 00 00 00 00 00 00 00 00 00 00 00 68 56   // передача: 27 байт; 21:05:00:888 29.06.2020
// приём по количеству байт: 9 из 9
// принято с порта: 9 байт

01 00 09 00 FD 00 00 46 31   // прием: 9 байт; 21:05:00:950 29.06.2020
// таймаут: 62 мсек

Запись адресов и паролей: 41 %

CA E0 EB FE EC ED FB 20 

00 00 1B 00 FD 89 1A 00 00 00 00 00 00 00 00 00 00 00 00 00 00 00 00 00 00 2C 12   // передача: 27 байт; 21:05:00:950 29.06.2020
// приём по количеству байт: 9 из 9
// принято с порта: 9 байт

01 00 09 00 FD 00 00 46 31   // прием: 9 байт; 21:05:00:997 29.06.2020
// таймаут: 47 мсек

Запись адресов и паролей: 42 %

CA E0 EB FE EC ED FB 20 

00 00 1B 00 FD 89 1B 00 00 00 00 00 00 00 00 00 00 00 00 00 00 00 00 00 00 11 EE   // передача: 27 байт; 21:05:00:997 29.06.2020
// приём по количеству байт: 9 из 9
// принято с порта: 9 байт

01 00 09 00 FD 00 00 46 31   // прием: 9 байт; 21:05:01:059 29.06.2020
// таймаут: 62 мсек

Запись адресов и паролей: 44 %

CA E0 EB FE EC ED FB 20 

00 00 1B 00 FD 89 1C 00 00 00 00 00 00 00 00 00 00 00 00 00 00 00 00 00 00 A4 9A   // передача: 27 байт; 21:05:01:059 29.06.2020
// приём по количеству байт: 9 из 9
// принято с порта: 9 байт

01 00 09 00 FD 00 00 46 31   // прием: 9 байт; 21:05:01:106 29.06.2020
// таймаут: 47 мсек

Запись адресов и паролей: 46 %

CA E0 EB FE EC ED FB 20 

00 00 1B 00 FD 89 1D 00 00 00 00 00 00 00 00 00 00 00 00 00 00 00 00 00 00 99 66   // передача: 27 байт; 21:05:01:106 29.06.2020
// приём по количеству байт: 9 из 9
// принято с порта: 9 байт

01 00 09 00 FD 00 00 46 31   // прием: 9 байт; 21:05:01:169 29.06.2020
// таймаут: 63 мсек

Запись адресов и паролей: 47 %

CA E0 EB FE EC ED FB 20 

00 00 1B 00 FD 89 1E 00 00 00 00 00 00 00 00 00 00 00 00 00 00 00 00 00 00 DD 22   // передача: 27 байт; 21:05:01:169 29.06.2020
// приём по количеству байт: 9 из 9
// принято с порта: 9 байт

01 00 09 00 FD 00 00 46 31   // прием: 9 байт; 21:05:01:229 29.06.2020
// таймаут: 60 мсек

Запись адресов и паролей: 49 %

CA E0 EB FE EC ED FB 20 

00 00 1B 00 FD 89 1F 00 00 00 00 00 00 00 00 00 00 00 00 00 00 00 00 00 00 E0 DE   // передача: 27 байт; 21:05:01:230 29.06.2020
// приём по количеству байт: 9 из 9
// принято с порта: 9 байт

01 00 09 00 FD 00 00 46 31   // прием: 9 байт; 21:05:01:280 29.06.2020
// таймаут: 50 мсек

Запись адресов и паролей: 50 %

CA E0 EB FE EC ED FB 20 

00 00 1B 00 FD 89 20 00 00 00 00 00 00 00 00 00 00 00 00 00 00 00 00 00 00 F8 CF   // передача: 27 байт; 21:05:01:280 29.06.2020
// приём по количеству байт: 9 из 9
// принято с порта: 9 байт

01 00 09 00 FD 00 00 46 31   // прием: 9 байт; 21:05:01:327 29.06.2020
// таймаут: 47 мсек

Запись адресов и паролей: 52 %

CA E0 EB FE EC ED FB 20 

00 00 1B 00 FD 89 21 00 00 00 00 00 00 00 00 00 00 00 00 00 00 00 00 00 00 C5 33   // передача: 27 байт; 21:05:01:327 29.06.2020
// приём по количеству байт: 9 из 9
// принято с порта: 9 байт

01 00 09 00 FD 00 00 46 31   // прием: 9 байт; 21:05:01:389 29.06.2020
// таймаут: 62 мсек

Запись адресов и паролей: 53 %

CA E0 EB FE EC ED FB 20 

00 00 1B 00 FD 89 22 00 00 00 00 00 00 00 00 00 00 00 00 00 00 00 00 00 00 81 77   // передача: 27 байт; 21:05:01:389 29.06.2020
// приём по количеству байт: 9 из 9
// принято с порта: 9 байт

01 00 09 00 FD 00 00 46 31   // прием: 9 байт; 21:05:01:436 29.06.2020
// таймаут: 47 мсек

Запись адресов и паролей: 55 %

CA E0 EB FE EC ED FB 20 

00 00 1B 00 FD 89 23 00 00 00 00 00 00 00 00 00 00 00 00 00 00 00 00 00 00 BC 8B   // передача: 27 байт; 21:05:01:436 29.06.2020
// приём по количеству байт: 9 из 9
// принято с порта: 9 байт

01 00 09 00 FD 00 00 46 31   // прием: 9 байт; 21:05:01:498 29.06.2020
// таймаут: 62 мсек

Запись адресов и паролей: 57 %

CA E0 EB FE EC ED FB 20 

00 00 1B 00 FD 89 24 00 00 00 00 00 00 00 00 00 00 00 00 00 00 00 00 00 00 09 FF   // передача: 27 байт; 21:05:01:498 29.06.2020
// приём по количеству байт: 9 из 9
// принято с порта: 9 байт

01 00 09 00 FD 00 00 46 31   // прием: 9 байт; 21:05:01:545 29.06.2020
// таймаут: 47 мсек

Запись адресов и паролей: 58 %

CA E0 EB FE EC ED FB 20 

00 00 1B 00 FD 89 25 00 00 00 00 00 00 00 00 00 00 00 00 00 00 00 00 00 00 34 03   // передача: 27 байт; 21:05:01:561 29.06.2020
// приём по количеству байт: 9 из 9
// принято с порта: 9 байт

01 00 09 00 FD 00 00 46 31   // прием: 9 байт; 21:05:01:608 29.06.2020
// таймаут: 47 мсек

Запись адресов и паролей: 60 %

CA E0 EB FE EC ED FB 20 

00 00 1B 00 FD 89 26 00 00 00 00 00 00 00 00 00 00 00 00 00 00 00 00 00 00 70 47   // передача: 27 байт; 21:05:01:608 29.06.2020
// приём по количеству байт: 9 из 9
// принято с порта: 9 байт

01 00 09 00 FD 00 00 46 31   // прием: 9 байт; 21:05:01:654 29.06.2020
// таймаут: 46 мсек

Запись адресов и паролей: 61 %

CA E0 EB FE EC ED FB 20 

00 00 1B 00 FD 89 27 00 00 00 00 00 00 00 00 00 00 00 00 00 00 00 00 00 00 4D BB   // передача: 27 байт; 21:05:01:670 29.06.2020
// приём по количеству байт: 9 из 9
// принято с порта: 9 байт

01 00 09 00 FD 00 00 46 31   // прием: 9 байт; 21:05:01:717 29.06.2020
// таймаут: 47 мсек

Запись адресов и паролей: 63 %

CA E0 EB FE EC ED FB 20 

00 00 1B 00 FD 89 28 00 00 00 00 00 00 00 00 00 00 00 00 00 00 00 00 00 00 1A AE   // передача: 27 байт; 21:05:01:717 29.06.2020
// приём по количеству байт: 9 из 9
// принято с порта: 9 байт

01 00 09 00 FD 00 00 46 31   // прием: 9 байт; 21:05:01:764 29.06.2020
// таймаут: 47 мсек

Запись адресов и паролей: 65 %

CA E0 EB FE EC ED FB 20 

00 00 1B 00 FD 89 29 00 00 00 00 00 00 00 00 00 00 00 00 00 00 00 00 00 00 27 52   // передача: 27 байт; 21:05:01:779 29.06.2020
// приём по количеству байт: 9 из 9
// принято с порта: 9 байт

01 00 09 00 FD 00 00 46 31   // прием: 9 байт; 21:05:01:826 29.06.2020
// таймаут: 47 мсек

Запись адресов и паролей: 66 %

CA E0 EB FE EC ED FB 20 

00 00 1B 00 FD 89 2A 00 00 00 00 00 00 00 00 00 00 00 00 00 00 00 00 00 00 63 16   // передача: 27 байт; 21:05:01:826 29.06.2020
// приём по количеству байт: 9 из 9
// принято с порта: 9 байт

01 00 09 00 FD 00 00 46 31   // прием: 9 байт; 21:05:01:873 29.06.2020
// таймаут: 47 мсек

Запись адресов и паролей: 68 %

CA E0 EB FE EC ED FB 20 

00 00 1B 00 FD 89 2B 00 00 00 00 00 00 00 00 00 00 00 00 00 00 00 00 00 00 5E EA   // передача: 27 байт; 21:05:01:888 29.06.2020
// приём по количеству байт: 9 из 9
// принято с порта: 9 байт

01 00 09 00 FD 00 00 46 31   // прием: 9 байт; 21:05:01:935 29.06.2020
// таймаут: 47 мсек

Запись адресов и паролей: 69 %

CA E0 EB FE EC ED FB 20 

00 00 1B 00 FD 89 2C 00 00 00 00 00 00 00 00 00 00 00 00 00 00 00 00 00 00 EB 9E   // передача: 27 байт; 21:05:01:935 29.06.2020
// приём по количеству байт: 9 из 9
// принято с порта: 9 байт

01 00 09 00 FD 00 00 46 31   // прием: 9 байт; 21:05:01:998 29.06.2020
// таймаут: 63 мсек

Запись адресов и паролей: 71 %

CA E0 EB FE EC ED FB 20 

00 00 1B 00 FD 89 2D 00 00 00 00 00 00 00 00 00 00 00 00 00 00 00 00 00 00 D6 62   // передача: 27 байт; 21:05:01:998 29.06.2020
// приём по количеству байт: 9 из 9
// принято с порта: 9 байт

01 00 09 00 FD 00 00 46 31   // прием: 9 байт; 21:05:02:044 29.06.2020
// таймаут: 46 мсек

Запись адресов и паролей: 73 %

CA E0 EB FE EC ED FB 20 

00 00 1B 00 FD 89 2E 00 00 00 00 00 00 00 00 00 00 00 00 00 00 00 00 00 00 92 26   // передача: 27 байт; 21:05:02:044 29.06.2020
// приём по количеству байт: 9 из 9
// принято с порта: 9 байт

01 00 09 00 FD 00 00 46 31   // прием: 9 байт; 21:05:02:107 29.06.2020
// таймаут: 63 мсек

Запись адресов и паролей: 74 %

CA E0 EB FE EC ED FB 20 

00 00 1B 00 FD 89 2F 00 00 00 00 00 00 00 00 00 00 00 00 00 00 00 00 00 00 AF DA   // передача: 27 байт; 21:05:02:107 29.06.2020
// приём по количеству байт: 9 из 9
// принято с порта: 9 байт

01 00 09 00 FD 00 00 46 31   // прием: 9 байт; 21:05:02:154 29.06.2020
// таймаут: 47 мсек

Запись адресов и паролей: 76 %

CA E0 EB FE EC ED FB 20 

00 00 1B 00 FD 89 30 00 00 00 00 00 00 00 00 00 00 00 00 00 00 00 00 00 00 3C 0C   // передача: 27 байт; 21:05:02:154 29.06.2020
// приём по количеству байт: 9 из 9
// принято с порта: 9 байт

01 00 09 00 FD 00 00 46 31   // прием: 9 байт; 21:05:02:216 29.06.2020
// таймаут: 62 мсек

Запись адресов и паролей: 77 %

CA E0 EB FE EC ED FB 20 

00 00 1B 00 FD 89 31 00 00 00 00 00 00 00 00 00 00 00 00 00 00 00 00 00 00 01 F0   // передача: 27 байт; 21:05:02:216 29.06.2020
// приём по количеству байт: 9 из 9
// принято с порта: 9 байт

01 00 09 00 FD 00 00 46 31   // прием: 9 байт; 21:05:02:263 29.06.2020
// таймаут: 47 мсек

Запись адресов и паролей: 79 %

CA E0 EB FE EC ED FB 20 

00 00 1B 00 FD 89 32 00 00 00 00 00 00 00 00 00 00 00 00 00 00 00 00 00 00 45 B4   // передача: 27 байт; 21:05:02:263 29.06.2020
// приём по количеству байт: 9 из 9
// принято с порта: 9 байт

01 00 09 00 FD 00 00 46 31   // прием: 9 байт; 21:05:02:325 29.06.2020
// таймаут: 62 мсек

Запись адресов и паролей: 80 %

CA E0 EB FE EC ED FB 20 

00 00 1B 00 FD 89 33 00 00 00 00 00 00 00 00 00 00 00 00 00 00 00 00 00 00 78 48   // передача: 27 байт; 21:05:02:325 29.06.2020
// приём по количеству байт: 9 из 9
// принято с порта: 9 байт

01 00 09 00 FD 00 00 46 31   // прием: 9 байт; 21:05:02:372 29.06.2020
// таймаут: 47 мсек

Запись адресов и паролей: 82 %

CA E0 EB FE EC ED FB 20 

00 00 1B 00 FD 89 34 00 00 00 00 00 00 00 00 00 00 00 00 00 00 00 00 00 00 CD 3C   // передача: 27 байт; 21:05:02:372 29.06.2020
// приём по количеству байт: 9 из 9
// принято с порта: 9 байт

01 00 09 00 FD 00 00 46 31   // прием: 9 байт; 21:05:02:434 29.06.2020
// таймаут: 62 мсек

Запись адресов и паролей: 84 %

CA E0 EB FE EC ED FB 20 

00 00 1B 00 FD 89 35 00 00 00 00 00 00 00 00 00 00 00 00 00 00 00 00 00 00 F0 C0   // передача: 27 байт; 21:05:02:434 29.06.2020
// приём по количеству байт: 9 из 9
// принято с порта: 9 байт

01 00 09 00 FD 00 00 46 31   // прием: 9 байт; 21:05:02:481 29.06.2020
// таймаут: 47 мсек

Запись адресов и паролей: 85 %

CA E0 EB FE EC ED FB 20 

00 00 1B 00 FD 89 36 00 00 00 00 00 00 00 00 00 00 00 00 00 00 00 00 00 00 B4 84   // передача: 27 байт; 21:05:02:481 29.06.2020
// приём по количеству байт: 9 из 9
// принято с порта: 9 байт

01 00 09 00 FD 00 00 46 31   // прием: 9 байт; 21:05:02:544 29.06.2020
// таймаут: 63 мсек

Запись адресов и паролей: 87 %

CA E0 EB FE EC ED FB 20 

00 00 1B 00 FD 89 37 00 00 00 00 00 00 00 00 00 00 00 00 00 00 00 00 00 00 89 78   // передача: 27 байт; 21:05:02:544 29.06.2020
// приём по количеству байт: 9 из 9
// принято с порта: 9 байт

01 00 09 00 FD 00 00 46 31   // прием: 9 байт; 21:05:02:590 29.06.2020
// таймаут: 46 мсек

Запись адресов и паролей: 88 %

CA E0 EB FE EC ED FB 20 

00 00 1B 00 FD 89 38 00 00 00 00 00 00 00 00 00 00 00 00 00 00 00 00 00 00 DE 6D   // передача: 27 байт; 21:05:02:590 29.06.2020
// приём по количеству байт: 9 из 9
// принято с порта: 9 байт

01 00 09 00 FD 00 00 46 31   // прием: 9 байт; 21:05:02:653 29.06.2020
// таймаут: 63 мсек

Запись адресов и паролей: 90 %

CA E0 EB FE EC ED FB 20 

00 00 1B 00 FD 89 39 00 00 00 00 00 00 00 00 00 00 00 00 00 00 00 00 00 00 E3 91   // передача: 27 байт; 21:05:02:653 29.06.2020
// приём по количеству байт: 9 из 9
// принято с порта: 9 байт

01 00 09 00 FD 00 00 46 31   // прием: 9 байт; 21:05:02:700 29.06.2020
// таймаут: 47 мсек

Запись адресов и паролей: 92 %

CA E0 EB FE EC ED FB 20 

00 00 1B 00 FD 89 3A 00 00 00 00 00 00 00 00 00 00 00 00 00 00 00 00 00 00 A7 D5   // передача: 27 байт; 21:05:02:700 29.06.2020
// приём по количеству байт: 9 из 9
// принято с порта: 9 байт

01 00 09 00 FD 00 00 46 31   // прием: 9 байт; 21:05:02:762 29.06.2020
// таймаут: 62 мсек

Запись адресов и паролей: 93 %

CA E0 EB FE EC ED FB 20 

00 00 1B 00 FD 89 3B 00 00 00 00 00 00 00 00 00 00 00 00 00 00 00 00 00 00 9A 29   // передача: 27 байт; 21:05:02:762 29.06.2020
// приём по количеству байт: 9 из 9
// принято с порта: 9 байт

01 00 09 00 FD 00 00 46 31   // прием: 9 байт; 21:05:02:809 29.06.2020
// таймаут: 47 мсек

Запись адресов и паролей: 95 %

CA E0 EB FE EC ED FB 20 

00 00 1B 00 FD 89 3C 00 00 00 00 00 00 00 00 00 00 00 00 00 00 00 00 00 00 2F 5D   // передача: 27 байт; 21:05:02:809 29.06.2020
// приём по количеству байт: 9 из 9
// принято с порта: 9 байт

01 00 09 00 FD 00 00 46 31   // прием: 9 байт; 21:05:02:871 29.06.2020
// таймаут: 62 мсек

Запись адресов и паролей: 96 %

CA E0 EB FE EC ED FB 20 

00 00 1B 00 FD 89 3D 00 00 00 00 00 00 00 00 00 00 00 00 00 00 00 00 00 00 12 A1   // передача: 27 байт; 21:05:02:871 29.06.2020
// приём по количеству байт: 9 из 9
// принято с порта: 9 байт

01 00 09 00 FD 00 00 46 31   // прием: 9 байт; 21:05:02:918 29.06.2020
// таймаут: 47 мсек

Запись адресов и паролей: 98 %

CA E0 EB FE EC ED FB 20 

00 00 1B 00 FD 89 3E 00 00 00 00 00 00 00 00 00 00 00 00 00 00 00 00 00 00 56 E5   // передача: 27 байт; 21:05:02:918 29.06.2020
// приём по количеству байт: 9 из 9
// принято с порта: 9 байт

01 00 09 00 FD 00 00 46 31   // прием: 9 байт; 21:05:02:980 29.06.2020
// таймаут: 62 мсек

Запись адресов и паролей: 100 %

CA E0 EB FE EC ED FB 20 

00 00 1B 00 FD 89 3F 00 00 00 00 00 00 00 00 00 00 00 00 00 00 00 00 00 00 6B 19   // передача: 27 байт; 21:05:02:980 29.06.2020
// приём по количеству байт: 9 из 9
// принято с порта: 9 байт

01 00 09 00 FD 00 00 46 31   // прием: 9 байт; 21:05:03:043 29.06.2020
// таймаут: 63 мсек

Чтение адресов и паролей

CA E0 EB FE EC ED FB 20 

00 00 09 00 FD 88 00 30 F1   // передача: 9 байт; 21:05:06:197 29.06.2020
// приём по количеству байт: 25 из 25
// принято с порта: 25 байт

01 00 19 00 FD 00 00 04 CE 78 52 77 50 62 45 78 46 00 00 00 00 00 00 9A 3E   // прием: 25 байт; 21:05:06:233 29.06.2020
// таймаут: 36 мсек

Чтение адресов и паролей: 1 %

CA E0 EB FE EC ED FB 20 

00 00 09 00 FD 88 01 F1 31   // передача: 9 байт; 21:05:06:248 29.06.2020
// приём по количеству байт: 25 из 25
// принято с порта: 25 байт

01 00 19 00 FD 00 00 00 01 30 00 00 00 00 00 00 00 00 00 00 00 00 00 A0 E7   // прием: 25 байт; 21:05:06:295 29.06.2020
// таймаут: 47 мсек

Чтение адресов и паролей: 3 %

CA E0 EB FE EC ED FB 20 

00 00 09 00 FD 88 02 B1 30   // передача: 9 байт; 21:05:06:295 29.06.2020
// приём по количеству байт: 25 из 25
// принято с порта: 25 байт

01 00 19 00 FD 00 00 00 02 30 31 00 00 00 00 00 00 00 00 00 00 00 00 A0 97   // прием: 25 байт; 21:05:06:342 29.06.2020
// таймаут: 47 мсек

Чтение адресов и паролей: 4 %

CA E0 EB FE EC ED FB 20 

00 00 09 00 FD 88 03 70 F0   // передача: 9 байт; 21:05:06:342 29.06.2020
// приём по количеству байт: 25 из 25
// принято с порта: 25 байт

01 00 19 00 FD 00 00 00 03 30 31 32 00 00 00 00 00 00 00 00 00 00 00 D8 10   // прием: 25 байт; 21:05:06:404 29.06.2020
// таймаут: 62 мсек

Чтение адресов и паролей: 6 %

CA E0 EB FE EC ED FB 20 

00 00 09 00 FD 88 04 31 32   // передача: 9 байт; 21:05:06:404 29.06.2020
// приём по количеству байт: 25 из 25
// принято с порта: 25 байт

01 00 19 00 FD 00 00 00 04 30 31 32 33 00 00 00 00 00 00 00 00 00 00 6F 56   // прием: 25 байт; 21:05:06:451 29.06.2020
// таймаут: 47 мсек

Чтение адресов и паролей: 7 %

CA E0 EB FE EC ED FB 20 

00 00 09 00 FD 88 05 F0 F2   // передача: 9 байт; 21:05:06:451 29.06.2020
// приём по количеству байт: 25 из 25
// принято с порта: 25 байт

01 00 19 00 FD 00 00 00 05 30 31 32 33 34 00 00 00 00 00 00 00 00 00 EF 7C   // прием: 25 байт; 21:05:06:498 29.06.2020
// таймаут: 47 мсек

Чтение адресов и паролей: 9 %

CA E0 EB FE EC ED FB 20 

00 00 09 00 FD 88 06 B0 F3   // передача: 9 байт; 21:05:06:498 29.06.2020
// приём по количеству байт: 25 из 25
// принято с порта: 25 байт

01 00 19 00 FD 00 00 00 06 30 31 32 33 34 35 00 00 00 00 00 00 00 00 C7 2C   // прием: 25 байт; 21:05:06:560 29.06.2020
// таймаут: 62 мсек

Чтение адресов и паролей: 11 %

CA E0 EB FE EC ED FB 20 

00 00 09 00 FD 88 07 71 33   // передача: 9 байт; 21:05:06:560 29.06.2020
// приём по количеству байт: 25 из 25
// принято с порта: 25 байт

01 00 19 00 FD 00 00 00 07 30 31 32 33 34 35 36 00 00 00 00 00 00 00 85 12   // прием: 25 байт; 21:05:06:607 29.06.2020
// таймаут: 47 мсек

Чтение адресов и паролей: 12 %

CA E0 EB FE EC ED FB 20 

00 00 09 00 FD 88 08 31 37   // передача: 9 байт; 21:05:06:607 29.06.2020
// приём по количеству байт: 25 из 25
// принято с порта: 25 байт

01 00 19 00 FD 00 00 00 08 30 31 32 33 34 35 36 37 00 00 00 00 00 00 8C D5   // прием: 25 байт; 21:05:06:654 29.06.2020
// таймаут: 47 мсек

Чтение адресов и паролей: 14 %

CA E0 EB FE EC ED FB 20 

00 00 09 00 FD 88 09 F0 F7   // передача: 9 байт; 21:05:06:670 29.06.2020
// приём по количеству байт: 25 из 25
// принято с порта: 25 байт

01 00 19 00 FD 00 00 00 09 30 31 32 33 34 35 36 37 38 00 00 00 00 00 49 6D   // прием: 25 байт; 21:05:06:716 29.06.2020
// таймаут: 46 мсек

Чтение адресов и паролей: 15 %

CA E0 EB FE EC ED FB 20 

00 00 09 00 FD 88 0A B0 F6   // передача: 9 байт; 21:05:06:716 29.06.2020
// приём по количеству байт: 25 из 25
// принято с порта: 25 байт

01 00 19 00 FD 00 00 00 0A 30 31 32 33 34 35 36 37 38 39 00 00 00 00 96 69   // прием: 25 байт; 21:05:06:763 29.06.2020
// таймаут: 47 мсек

Чтение адресов и паролей: 17 %

CA E0 EB FE EC ED FB 20 

00 00 09 00 FD 88 0B 71 36   // передача: 9 байт; 21:05:06:763 29.06.2020
// приём по количеству байт: 25 из 25
// принято с порта: 25 байт

01 00 19 00 FD 00 00 00 0B 30 31 32 33 34 35 36 37 38 39 61 00 00 00 48 95   // прием: 25 байт; 21:05:06:826 29.06.2020
// таймаут: 63 мсек

Чтение адресов и паролей: 19 %

CA E0 EB FE EC ED FB 20 

00 00 09 00 FD 88 0C 30 F4   // передача: 9 байт; 21:05:06:826 29.06.2020
// приём по количеству байт: 25 из 25
// принято с порта: 25 байт

01 00 19 00 FD 00 00 00 0C 30 31 32 33 34 35 36 37 38 39 61 62 00 00 AE 49   // прием: 25 байт; 21:05:06:872 29.06.2020
// таймаут: 46 мсек

Чтение адресов и паролей: 20 %

CA E0 EB FE EC ED FB 20 

00 00 09 00 FD 88 0D F1 34   // передача: 9 байт; 21:05:06:872 29.06.2020
// приём по количеству байт: 25 из 25
// принято с порта: 25 байт

01 00 19 00 FD 00 00 00 00 00 00 00 00 00 00 00 00 00 00 00 00 00 00 51 D7   // прием: 25 байт; 21:05:06:919 29.06.2020
// таймаут: 47 мсек

Чтение адресов и паролей: 22 %

CA E0 EB FE EC ED FB 20 

00 00 09 00 FD 88 0E B1 35   // передача: 9 байт; 21:05:06:919 29.06.2020
// приём по количеству байт: 25 из 25
// принято с порта: 25 байт

01 00 19 00 FD 00 00 00 00 00 00 00 00 00 00 00 00 00 00 00 00 00 00 51 D7   // прием: 25 байт; 21:05:06:982 29.06.2020
// таймаут: 63 мсек

Чтение адресов и паролей: 23 %

CA E0 EB FE EC ED FB 20 

00 00 09 00 FD 88 0F 70 F5   // передача: 9 байт; 21:05:06:982 29.06.2020
// приём по количеству байт: 25 из 25
// принято с порта: 25 байт

01 00 19 00 FD 00 00 00 00 00 00 00 00 00 00 00 00 00 00 00 00 00 00 51 D7   // прием: 25 байт; 21:05:07:028 29.06.2020
// таймаут: 46 мсек

Чтение адресов и паролей: 25 %

CA E0 EB FE EC ED FB 20 

00 00 09 00 FD 88 10 31 3D   // передача: 9 байт; 21:05:07:028 29.06.2020
// приём по количеству байт: 25 из 25
// принято с порта: 25 байт

01 00 19 00 FD 00 00 00 00 00 00 00 00 00 00 00 00 00 00 00 00 00 00 51 D7   // прием: 25 байт; 21:05:07:075 29.06.2020
// таймаут: 47 мсек

Чтение адресов и паролей: 26 %

CA E0 EB FE EC ED FB 20 

00 00 09 00 FD 88 11 F0 FD   // передача: 9 байт; 21:05:07:091 29.06.2020
// приём по количеству байт: 25 из 25
// принято с порта: 25 байт

01 00 19 00 FD 00 00 00 00 00 00 00 00 00 00 00 00 00 00 00 00 00 00 51 D7   // прием: 25 байт; 21:05:07:138 29.06.2020
// таймаут: 47 мсек

Чтение адресов и паролей: 28 %

CA E0 EB FE EC ED FB 20 

00 00 09 00 FD 88 12 B0 FC   // передача: 9 байт; 21:05:07:138 29.06.2020
// приём по количеству байт: 25 из 25
// принято с порта: 25 байт

01 00 19 00 FD 00 00 00 00 00 00 00 00 00 00 00 00 00 00 00 00 00 00 51 D7   // прием: 25 байт; 21:05:07:184 29.06.2020
// таймаут: 46 мсек

Чтение адресов и паролей: 30 %

CA E0 EB FE EC ED FB 20 

00 00 09 00 FD 88 13 71 3C   // передача: 9 байт; 21:05:07:184 29.06.2020
// приём по количеству байт: 25 из 25
// принято с порта: 25 байт

01 00 19 00 FD 00 00 00 00 00 00 00 00 00 00 00 00 00 00 00 00 00 00 51 D7   // прием: 25 байт; 21:05:07:247 29.06.2020
// таймаут: 63 мсек

Чтение адресов и паролей: 31 %

CA E0 EB FE EC ED FB 20 

00 00 09 00 FD 88 14 30 FE   // передача: 9 байт; 21:05:07:247 29.06.2020
// приём по количеству байт: 25 из 25
// принято с порта: 25 байт

01 00 19 00 FD 00 00 00 00 00 00 00 00 00 00 00 00 00 00 00 00 00 00 51 D7   // прием: 25 байт; 21:05:07:294 29.06.2020
// таймаут: 47 мсек

Чтение адресов и паролей: 33 %

CA E0 EB FE EC ED FB 20 

00 00 09 00 FD 88 15 F1 3E   // передача: 9 байт; 21:05:07:294 29.06.2020
// приём по количеству байт: 25 из 25
// принято с порта: 25 байт

01 00 19 00 FD 00 00 00 00 00 00 00 00 00 00 00 00 00 00 00 00 00 00 51 D7   // прием: 25 байт; 21:05:07:340 29.06.2020
// таймаут: 46 мсек

Чтение адресов и паролей: 34 %

CA E0 EB FE EC ED FB 20 

00 00 09 00 FD 88 16 B1 3F   // передача: 9 байт; 21:05:07:340 29.06.2020
// приём по количеству байт: 25 из 25
// принято с порта: 25 байт

01 00 19 00 FD 00 00 00 00 00 00 00 00 00 00 00 00 00 00 00 00 00 00 51 D7   // прием: 25 байт; 21:05:07:403 29.06.2020
// таймаут: 63 мсек

Чтение адресов и паролей: 36 %

CA E0 EB FE EC ED FB 20 

00 00 09 00 FD 88 17 70 FF   // передача: 9 байт; 21:05:07:403 29.06.2020
// приём по количеству байт: 25 из 25
// принято с порта: 25 байт

01 00 19 00 FD 00 00 00 00 00 00 00 00 00 00 00 00 00 00 00 00 00 00 51 D7   // прием: 25 байт; 21:05:07:450 29.06.2020
// таймаут: 47 мсек

Чтение адресов и паролей: 38 %

CA E0 EB FE EC ED FB 20 

00 00 09 00 FD 88 18 30 FB   // передача: 9 байт; 21:05:07:450 29.06.2020
// приём по количеству байт: 25 из 25
// принято с порта: 25 байт

01 00 19 00 FD 00 00 00 00 00 00 00 00 00 00 00 00 00 00 00 00 00 00 51 D7   // прием: 25 байт; 21:05:07:496 29.06.2020
// таймаут: 46 мсек

Чтение адресов и паролей: 39 %

CA E0 EB FE EC ED FB 20 

00 00 09 00 FD 88 19 F1 3B   // передача: 9 байт; 21:05:07:512 29.06.2020
// приём по количеству байт: 25 из 25
// принято с порта: 25 байт

01 00 19 00 FD 00 00 00 00 00 00 00 00 00 00 00 00 00 00 00 00 00 00 51 D7   // прием: 25 байт; 21:05:07:559 29.06.2020
// таймаут: 47 мсек

Чтение адресов и паролей: 41 %

CA E0 EB FE EC ED FB 20 

00 00 09 00 FD 88 1A B1 3A   // передача: 9 байт; 21:05:07:559 29.06.2020
// приём по количеству байт: 25 из 25
// принято с порта: 25 байт

01 00 19 00 FD 00 00 00 00 00 00 00 00 00 00 00 00 00 00 00 00 00 00 51 D7   // прием: 25 байт; 21:05:07:606 29.06.2020
// таймаут: 47 мсек

Чтение адресов и паролей: 42 %

CA E0 EB FE EC ED FB 20 

00 00 09 00 FD 88 1B 70 FA   // передача: 9 байт; 21:05:07:606 29.06.2020
// приём по количеству байт: 25 из 25
// принято с порта: 25 байт

01 00 19 00 FD 00 00 00 00 00 00 00 00 00 00 00 00 00 00 00 00 00 00 51 D7   // прием: 25 байт; 21:05:07:668 29.06.2020
// таймаут: 62 мсек

Чтение адресов и паролей: 44 %

CA E0 EB FE EC ED FB 20 

00 00 09 00 FD 88 1C 31 38   // передача: 9 байт; 21:05:07:668 29.06.2020
// приём по количеству байт: 25 из 25
// принято с порта: 25 байт

01 00 19 00 FD 00 00 00 00 00 00 00 00 00 00 00 00 00 00 00 00 00 00 51 D7   // прием: 25 байт; 21:05:07:715 29.06.2020
// таймаут: 47 мсек

Чтение адресов и паролей: 46 %

CA E0 EB FE EC ED FB 20 

00 00 09 00 FD 88 1D F0 F8   // передача: 9 байт; 21:05:07:715 29.06.2020
// приём по количеству байт: 25 из 25
// принято с порта: 25 байт

01 00 19 00 FD 00 00 00 00 00 00 00 00 00 00 00 00 00 00 00 00 00 00 51 D7   // прием: 25 байт; 21:05:07:762 29.06.2020
// таймаут: 47 мсек

Чтение адресов и паролей: 47 %

CA E0 EB FE EC ED FB 20 

00 00 09 00 FD 88 1E B0 F9   // передача: 9 байт; 21:05:07:762 29.06.2020
// приём по количеству байт: 25 из 25
// принято с порта: 25 байт

01 00 19 00 FD 00 00 00 00 00 00 00 00 00 00 00 00 00 00 00 00 00 00 51 D7   // прием: 25 байт; 21:05:07:824 29.06.2020
// таймаут: 62 мсек

Чтение адресов и паролей: 49 %

CA E0 EB FE EC ED FB 20 

00 00 09 00 FD 88 1F 71 39   // передача: 9 байт; 21:05:07:824 29.06.2020
// приём по количеству байт: 25 из 25
// принято с порта: 25 байт

01 00 19 00 FD 00 00 00 00 00 00 00 00 00 00 00 00 00 00 00 00 00 00 51 D7   // прием: 25 байт; 21:05:07:871 29.06.2020
// таймаут: 47 мсек

Чтение адресов и паролей: 50 %

CA E0 EB FE EC ED FB 20 

00 00 09 00 FD 88 20 31 29   // передача: 9 байт; 21:05:07:871 29.06.2020
// приём по количеству байт: 25 из 25
// принято с порта: 25 байт

01 00 19 00 FD 00 00 00 00 00 00 00 00 00 00 00 00 00 00 00 00 00 00 51 D7   // прием: 25 байт; 21:05:07:933 29.06.2020
// таймаут: 62 мсек

Чтение адресов и паролей: 52 %

CA E0 EB FE EC ED FB 20 

00 00 09 00 FD 88 21 F0 E9   // передача: 9 байт; 21:05:07:933 29.06.2020
// приём по количеству байт: 25 из 25
// принято с порта: 25 байт

01 00 19 00 FD 00 00 00 00 00 00 00 00 00 00 00 00 00 00 00 00 00 00 51 D7   // прием: 25 байт; 21:05:07:980 29.06.2020
// таймаут: 47 мсек

Чтение адресов и паролей: 53 %

CA E0 EB FE EC ED FB 20 

00 00 09 00 FD 88 22 B0 E8   // передача: 9 байт; 21:05:07:980 29.06.2020
// приём по количеству байт: 25 из 25
// принято с порта: 25 байт

01 00 19 00 FD 00 00 00 00 00 00 00 00 00 00 00 00 00 00 00 00 00 00 51 D7   // прием: 25 байт; 21:05:08:027 29.06.2020
// таймаут: 47 мсек

Чтение адресов и паролей: 55 %

CA E0 EB FE EC ED FB 20 

00 00 09 00 FD 88 23 71 28   // передача: 9 байт; 21:05:08:027 29.06.2020
// приём по количеству байт: 25 из 25
// принято с порта: 25 байт

01 00 19 00 FD 00 00 00 00 00 00 00 00 00 00 00 00 00 00 00 00 00 00 51 D7   // прием: 25 байт; 21:05:08:089 29.06.2020
// таймаут: 62 мсек

Чтение адресов и паролей: 57 %

CA E0 EB FE EC ED FB 20 

00 00 09 00 FD 88 24 30 EA   // передача: 9 байт; 21:05:08:089 29.06.2020
// приём по количеству байт: 25 из 25
// принято с порта: 25 байт

01 00 19 00 FD 00 00 00 00 00 00 00 00 00 00 00 00 00 00 00 00 00 00 51 D7   // прием: 25 байт; 21:05:08:136 29.06.2020
// таймаут: 47 мсек

Чтение адресов и паролей: 58 %

CA E0 EB FE EC ED FB 20 

00 00 09 00 FD 88 25 F1 2A   // передача: 9 байт; 21:05:08:136 29.06.2020
// приём по количеству байт: 25 из 25
// принято с порта: 25 байт

01 00 19 00 FD 00 00 00 00 00 00 00 00 00 00 00 00 00 00 00 00 00 00 51 D7   // прием: 25 байт; 21:05:08:183 29.06.2020
// таймаут: 47 мсек

Чтение адресов и паролей: 60 %

CA E0 EB FE EC ED FB 20 

00 00 09 00 FD 88 26 B1 2B   // передача: 9 байт; 21:05:08:198 29.06.2020
// приём по количеству байт: 25 из 25
// принято с порта: 25 байт

01 00 19 00 FD 00 00 00 00 00 00 00 00 00 00 00 00 00 00 00 00 00 00 51 D7   // прием: 25 байт; 21:05:08:245 29.06.2020
// таймаут: 47 мсек

Чтение адресов и паролей: 61 %

CA E0 EB FE EC ED FB 20 

00 00 09 00 FD 88 27 70 EB   // передача: 9 байт; 21:05:08:245 29.06.2020
// приём по количеству байт: 25 из 25
// принято с порта: 25 байт

01 00 19 00 FD 00 00 00 00 00 00 00 00 00 00 00 00 00 00 00 00 00 00 51 D7   // прием: 25 байт; 21:05:08:292 29.06.2020
// таймаут: 47 мсек

Чтение адресов и паролей: 63 %

CA E0 EB FE EC ED FB 20 

00 00 09 00 FD 88 28 30 EF   // передача: 9 байт; 21:05:08:292 29.06.2020
// приём по количеству байт: 25 из 25
// принято с порта: 25 байт

01 00 19 00 FD 00 00 00 00 00 00 00 00 00 00 00 00 00 00 00 00 00 00 51 D7   // прием: 25 байт; 21:05:08:354 29.06.2020
// таймаут: 62 мсек

Чтение адресов и паролей: 65 %

CA E0 EB FE EC ED FB 20 

00 00 09 00 FD 88 29 F1 2F   // передача: 9 байт; 21:05:08:354 29.06.2020
// приём по количеству байт: 25 из 25
// принято с порта: 25 байт

01 00 19 00 FD 00 00 00 00 00 00 00 00 00 00 00 00 00 00 00 00 00 00 51 D7   // прием: 25 байт; 21:05:08:401 29.06.2020
// таймаут: 47 мсек

Чтение адресов и паролей: 66 %

CA E0 EB FE EC ED FB 20 

00 00 09 00 FD 88 2A B1 2E   // передача: 9 байт; 21:05:08:401 29.06.2020
// приём по количеству байт: 25 из 25
// принято с порта: 25 байт

01 00 19 00 FD 00 00 00 00 00 00 00 00 00 00 00 00 00 00 00 00 00 00 51 D7   // прием: 25 байт; 21:05:08:448 29.06.2020
// таймаут: 47 мсек

Чтение адресов и паролей: 68 %

CA E0 EB FE EC ED FB 20 

00 00 09 00 FD 88 2B 70 EE   // передача: 9 байт; 21:05:08:464 29.06.2020
// приём по количеству байт: 25 из 25
// принято с порта: 25 байт

01 00 19 00 FD 00 00 00 00 00 00 00 00 00 00 00 00 00 00 00 00 00 00 51 D7   // прием: 25 байт; 21:05:08:510 29.06.2020
// таймаут: 46 мсек

Чтение адресов и паролей: 69 %

CA E0 EB FE EC ED FB 20 

00 00 09 00 FD 88 2C 31 2C   // передача: 9 байт; 21:05:08:510 29.06.2020
// приём по количеству байт: 25 из 25
// принято с порта: 25 байт

01 00 19 00 FD 00 00 00 00 00 00 00 00 00 00 00 00 00 00 00 00 00 00 51 D7   // прием: 25 байт; 21:05:08:557 29.06.2020
// таймаут: 47 мсек

Чтение адресов и паролей: 71 %

CA E0 EB FE EC ED FB 20 

00 00 09 00 FD 88 2D F0 EC   // передача: 9 байт; 21:05:08:557 29.06.2020
// приём по количеству байт: 25 из 25
// принято с порта: 25 байт

01 00 19 00 FD 00 00 00 00 00 00 00 00 00 00 00 00 00 00 00 00 00 00 51 D7   // прием: 25 байт; 21:05:08:620 29.06.2020
// таймаут: 63 мсек

Чтение адресов и паролей: 73 %

CA E0 EB FE EC ED FB 20 

00 00 09 00 FD 88 2E B0 ED   // передача: 9 байт; 21:05:08:620 29.06.2020
// приём по количеству байт: 25 из 25
// принято с порта: 25 байт

01 00 19 00 FD 00 00 00 00 00 00 00 00 00 00 00 00 00 00 00 00 00 00 51 D7   // прием: 25 байт; 21:05:08:668 29.06.2020
// таймаут: 48 мсек

Чтение адресов и паролей: 74 %

CA E0 EB FE EC ED FB 20 

00 00 09 00 FD 88 2F 71 2D   // передача: 9 байт; 21:05:08:668 29.06.2020
// приём по количеству байт: 25 из 25
// принято с порта: 25 байт

01 00 19 00 FD 00 00 00 00 00 00 00 00 00 00 00 00 00 00 00 00 00 00 51 D7   // прием: 25 байт; 21:05:08:715 29.06.2020
// таймаут: 47 мсек

Чтение адресов и паролей: 76 %

CA E0 EB FE EC ED FB 20 

00 00 09 00 FD 88 30 30 E5   // передача: 9 байт; 21:05:08:715 29.06.2020
// приём по количеству байт: 25 из 25
// принято с порта: 25 байт

01 00 19 00 FD 00 00 00 00 00 00 00 00 00 00 00 00 00 00 00 00 00 00 51 D7   // прием: 25 байт; 21:05:08:778 29.06.2020
// таймаут: 63 мсек

Чтение адресов и паролей: 77 %

CA E0 EB FE EC ED FB 20 

00 00 09 00 FD 88 31 F1 25   // передача: 9 байт; 21:05:08:778 29.06.2020
// приём по количеству байт: 25 из 25
// принято с порта: 25 байт

01 00 19 00 FD 00 00 00 00 00 00 00 00 00 00 00 00 00 00 00 00 00 00 51 D7   // прием: 25 байт; 21:05:08:824 29.06.2020
// таймаут: 46 мсек

Чтение адресов и паролей: 79 %

CA E0 EB FE EC ED FB 20 

00 00 09 00 FD 88 32 B1 24   // передача: 9 байт; 21:05:08:824 29.06.2020
// приём по количеству байт: 25 из 25
// принято с порта: 25 байт

01 00 19 00 FD 00 00 00 00 00 00 00 00 00 00 00 00 00 00 00 00 00 00 51 D7   // прием: 25 байт; 21:05:08:871 29.06.2020
// таймаут: 47 мсек

Чтение адресов и паролей: 80 %

CA E0 EB FE EC ED FB 20 

00 00 09 00 FD 88 33 70 E4   // передача: 9 байт; 21:05:08:887 29.06.2020
// приём по количеству байт: 25 из 25
// принято с порта: 25 байт

01 00 19 00 FD 00 00 00 00 00 00 00 00 00 00 00 00 00 00 00 00 00 00 51 D7   // прием: 25 байт; 21:05:08:934 29.06.2020
// таймаут: 47 мсек

Чтение адресов и паролей: 82 %

CA E0 EB FE EC ED FB 20 

00 00 09 00 FD 88 34 31 26   // передача: 9 байт; 21:05:08:934 29.06.2020
// приём по количеству байт: 25 из 25
// принято с порта: 25 байт

01 00 19 00 FD 00 00 00 00 00 00 00 00 00 00 00 00 00 00 00 00 00 00 51 D7   // прием: 25 байт; 21:05:08:980 29.06.2020
// таймаут: 46 мсек

Чтение адресов и паролей: 84 %

CA E0 EB FE EC ED FB 20 

00 00 09 00 FD 88 35 F0 E6   // передача: 9 байт; 21:05:08:980 29.06.2020
// приём по количеству байт: 25 из 25
// принято с порта: 25 байт

01 00 19 00 FD 00 00 00 00 00 00 00 00 00 00 00 00 00 00 00 00 00 00 51 D7   // прием: 25 байт; 21:05:09:043 29.06.2020
// таймаут: 63 мсек

Чтение адресов и паролей: 85 %

CA E0 EB FE EC ED FB 20 

00 00 09 00 FD 88 36 B0 E7   // передача: 9 байт; 21:05:09:043 29.06.2020
// приём по количеству байт: 25 из 25
// принято с порта: 25 байт

01 00 19 00 FD 00 00 00 00 00 00 00 00 00 00 00 00 00 00 00 00 00 00 51 D7   // прием: 25 байт; 21:05:09:090 29.06.2020
// таймаут: 47 мсек

Чтение адресов и паролей: 87 %

CA E0 EB FE EC ED FB 20 

00 00 09 00 FD 88 37 71 27   // передача: 9 байт; 21:05:09:090 29.06.2020
// приём по количеству байт: 25 из 25
// принято с порта: 25 байт

01 00 19 00 FD 00 00 00 00 00 00 00 00 00 00 00 00 00 00 00 00 00 00 51 D7   // прием: 25 байт; 21:05:09:136 29.06.2020
// таймаут: 46 мсек

Чтение адресов и паролей: 88 %

CA E0 EB FE EC ED FB 20 

00 00 09 00 FD 88 38 31 23   // передача: 9 байт; 21:05:09:152 29.06.2020
// приём по количеству байт: 25 из 25
// принято с порта: 25 байт

01 00 19 00 FD 00 00 00 00 00 00 00 00 00 00 00 00 00 00 00 00 00 00 51 D7   // прием: 25 байт; 21:05:09:199 29.06.2020
// таймаут: 47 мсек

Чтение адресов и паролей: 90 %

CA E0 EB FE EC ED FB 20 

00 00 09 00 FD 88 39 F0 E3   // передача: 9 байт; 21:05:09:199 29.06.2020
// приём по количеству байт: 25 из 25
// принято с порта: 25 байт

01 00 19 00 FD 00 00 00 00 00 00 00 00 00 00 00 00 00 00 00 00 00 00 51 D7   // прием: 25 байт; 21:05:09:246 29.06.2020
// таймаут: 47 мсек

Чтение адресов и паролей: 92 %

CA E0 EB FE EC ED FB 20 

00 00 09 00 FD 88 3A B0 E2   // передача: 9 байт; 21:05:09:246 29.06.2020
// приём по количеству байт: 25 из 25
// принято с порта: 25 байт

01 00 19 00 FD 00 00 00 00 00 00 00 00 00 00 00 00 00 00 00 00 00 00 51 D7   // прием: 25 байт; 21:05:09:308 29.06.2020
// таймаут: 62 мсек

Чтение адресов и паролей: 93 %

CA E0 EB FE EC ED FB 20 

00 00 09 00 FD 88 3B 71 22   // передача: 9 байт; 21:05:09:308 29.06.2020
// приём по количеству байт: 25 из 25
// принято с порта: 25 байт

01 00 19 00 FD 00 00 00 00 00 00 00 00 00 00 00 00 00 00 00 00 00 00 51 D7   // прием: 25 байт; 21:05:09:355 29.06.2020
// таймаут: 47 мсек

Чтение адресов и паролей: 95 %

CA E0 EB FE EC ED FB 20 

00 00 09 00 FD 88 3C 30 E0   // передача: 9 байт; 21:05:09:355 29.06.2020
// приём по количеству байт: 25 из 25
// принято с порта: 25 байт

01 00 19 00 FD 00 00 00 00 00 00 00 00 00 00 00 00 00 00 00 00 00 00 51 D7   // прием: 25 байт; 21:05:09:402 29.06.2020
// таймаут: 47 мсек

Чтение адресов и паролей: 96 %

CA E0 EB FE EC ED FB 20 

00 00 09 00 FD 88 3D F1 20   // передача: 9 байт; 21:05:09:402 29.06.2020
// приём по количеству байт: 25 из 25
// принято с порта: 25 байт

01 00 19 00 FD 00 00 00 00 00 00 00 00 00 00 00 00 00 00 00 00 00 00 51 D7   // прием: 25 байт; 21:05:09:465 29.06.2020
// таймаут: 63 мсек

Чтение адресов и паролей: 98 %

CA E0 EB FE EC ED FB 20 

00 00 09 00 FD 88 3E B1 21   // передача: 9 байт; 21:05:09:465 29.06.2020
// приём по количеству байт: 25 из 25
// принято с порта: 25 байт

01 00 19 00 FD 00 00 00 00 00 00 00 00 00 00 00 00 00 00 00 00 00 00 51 D7   // прием: 25 байт; 21:05:09:512 29.06.2020
// таймаут: 47 мсек

Чтение адресов и паролей: 100 %

CA E0 EB FE EC ED FB 20 

00 00 09 00 FD 88 3F 70 E1   // передача: 9 байт; 21:05:09:512 29.06.2020
// приём по количеству байт: 25 из 25
// принято с порта: 25 байт

01 00 19 00 FD 00 00 00 00 00 00 00 00 00 00 00 00 00 00 00 00 00 00 51 D7   // прием: 25 байт; 21:05:09:559 29.06.2020
// таймаут: 47 мсек

Чтение адресов и паролей: 100 %

// О программе
