
CA E0 EB FE EC ED FB 20 

00 00 07 00 F7 D4 47   // передача: 7 байт; 11:29:29:034 24.02.2018
// приём по количеству байт: 39 из 39
// принято с порта: 39 байт

00 00 27 00 F7 C0 E2 E0 F0 E8 FF 3A 20 EE F8 E8 E1 EA E0 20 20 20 EF E0 EC FF F2 E8 20 46 4C 41 53 48 31 20 21 B4 12   // прием: 39 байт; 11:29:29:094 24.02.2018
// таймаут: 60 мсек

Авария: ошибка  
 памяти FLASH1 !

CA E0 EB FE EC ED FB 20 

00 00 07 00 F7 D4 47   // передача: 7 байт; 11:33:33:781 24.02.2018
// приём по количеству байт: 39 из 39
// принято с порта: 39 байт

00 00 27 00 F7 C0 E2 E0 F0 E8 FF 3A 20 EE F8 E8 E1 EA E0 20 20 20 EF E0 EC FF F2 E8 20 46 4C 41 53 48 31 20 21 B4 12   // прием: 39 байт; 11:33:33:851 24.02.2018
// таймаут: 70 мсек

Авария: ошибка  
 памяти FLASH1 !

CA E0 EB FE EC ED FB 20 

00 00 07 00 F7 D4 47   // передача: 7 байт; 11:33:34:601 24.02.2018
// приём по количеству байт: 39 из 39
// принято с порта: 39 байт

00 00 27 00 F7 C0 E2 E0 F0 E8 FF 3A 20 EE F8 E8 E1 EA E0 20 20 20 EF E0 EC FF F2 E8 20 46 4C 41 53 48 31 20 21 B4 12   // прием: 39 байт; 11:33:34:661 24.02.2018
// таймаут: 60 мсек

Авария: ошибка  
 памяти FLASH1 !

CA E0 EB FE EC ED FB 20 

00 00 07 00 F7 D4 47   // передача: 7 байт; 11:33:35:151 24.02.2018
// приём по количеству байт: 39 из 39
// принято с порта: 39 байт

00 00 27 00 F7 C0 E2 E0 F0 E8 FF 3A 20 EE F8 E8 E1 EA E0 20 20 20 EF E0 EC FF F2 E8 20 46 4C 41 53 48 31 20 21 B4 12   // прием: 39 байт; 11:33:35:221 24.02.2018
// таймаут: 70 мсек

Авария: ошибка  
 памяти FLASH1 !



1B EE   // передача: 2 байт; 11:33:37:318 24.02.2018
// приём по таймауту: 1000 мс
// принято с порта: 0 байт

CA E0 EB FE EC ED FB 20 

00 00 07 00 F7 D4 47   // передача: 7 байт; 11:33:41:215 24.02.2018
// приём по количеству байт: 39 из 39
// принято с порта: 39 байт

00 00 27 00 F7 C0 E2 E0 F0 E8 FF 3A 20 EE F8 E8 E1 EA E0 20 20 20 EF E0 EC FF F2 E8 20 46 4C 41 53 48 31 20 21 B4 12   // прием: 39 байт; 11:33:41:275 24.02.2018
// таймаут: 60 мсек

Авария: ошибка  
 памяти FLASH1 !

CA E0 EB FE EC ED FB 20 

00 00 07 00 F7 D4 47   // передача: 7 байт; 11:33:42:295 24.02.2018
// приём по количеству байт: 39 из 39
// принято с порта: 39 байт

00 00 27 00 F7 C0 E2 E0 F0 E8 FF 3A 20 EE F8 E8 E1 EA E0 20 20 20 EF E0 EC FF F2 E8 20 46 4C 41 53 48 31 20 21 B4 12   // прием: 39 байт; 11:33:42:355 24.02.2018
// таймаут: 60 мсек

Авария: ошибка  
 памяти FLASH1 !

CA E0 EB FE EC ED FB 20 

00 00 07 00 F7 D4 47   // передача: 7 байт; 11:43:56:845 24.02.2018
// приём по количеству байт: 39 из 39
// принято с порта: 39 байт

00 00 27 00 F7 C0 E2 E0 F0 E8 FF 3A 20 EE F8 E8 E1 EA E0 20 20 20 EF E0 EC FF F2 E8 20 46 4C 41 53 48 31 20 21 B4 12   // прием: 39 байт; 11:43:56:915 24.02.2018
// таймаут: 70 мсек

Авария: ошибка  
 памяти FLASH1 !

CA E0 EB FE EC ED FB 20 

00 00 07 00 F7 D4 47   // передача: 7 байт; 11:50:56:700 24.02.2018
// приём по количеству байт: 39 из 39
// принято с порта: 39 байт

00 00 27 00 F7 C0 E2 E0 F0 E8 FF 3A 20 EE F8 E8 E1 EA E0 20 20 20 EF E0 EC FF F2 E8 20 46 4C 41 53 48 31 20 21 B4 12   // прием: 39 байт; 11:50:56:765 24.02.2018
// таймаут: 65 мсек

Авария: ошибка  
 памяти FLASH1 !

CA E0 EB FE EC ED FB 20 

00 00 07 00 F7 D4 47   // передача: 7 байт; 12:05:29:306 24.02.2018
// приём по количеству байт: 39 из 39
// принято с порта: 39 байт

00 00 27 00 F7 C0 E2 E0 F0 E8 FF 3A 20 EE F8 E8 E1 EA E0 20 20 20 EF E0 EC FF F2 E8 20 46 4C 41 53 48 31 20 21 B4 12   // прием: 39 байт; 12:05:29:372 24.02.2018
// таймаут: 66 мсек

Авария: ошибка  
 памяти FLASH1 !



1B EE   // передача: 2 байт; 12:05:33:514 24.02.2018
// приём по количеству байт: 39 из 39
// принято с порта: 39 байт

0D 0A C0 E2 E0 F0 E8 FF 3A 20 EE F8 E8 E1 EA E0 20 20 0D 0A 20 EF E0 EC FF F2 E8 20 46 4C 41 53 48 31 20 21 0D 0A 65   // прием: 39 байт; 12:05:33:566 24.02.2018
// таймаут: 52 мсек

Авария: ошибка  
 памяти FLASH1 !



1B 41   // передача: 2 байт; 12:15:54:054 24.02.2018



1A   // передача: 1 байт; 12:15:54:742 24.02.2018



1B EE   // передача: 2 байт; 12:15:57:206 24.02.2018
// приём по количеству байт: 39 из 39
// принято с порта: 39 байт

0D 0A C0 E2 E0 F0 E8 FF 3A 20 EE F8 E8 E1 EA E0 20 20 0D 0A 20 EF E0 EC FF F2 E8 20 46 4C 41 53 48 31 20 21 0D 0A 65   // прием: 39 байт; 12:15:57:258 24.02.2018
// таймаут: 52 мсек

Авария: ошибка  
 памяти FLASH1 !



1B 41   // передача: 2 байт; 12:16:05:261 24.02.2018



1B 41   // передача: 2 байт; 12:16:06:109 24.02.2018



1B 41   // передача: 2 байт; 12:16:06:637 24.02.2018



1B 41   // передача: 2 байт; 12:16:06:989 24.02.2018



1B 41   // передача: 2 байт; 12:16:07:406 24.02.2018
// приём по таймауту: 1000 мс
// принято с порта: 0 байт



1B EE   // передача: 2 байт; 12:28:54:320 24.02.2018
// приём по количеству байт: 39 из 39
// принято с порта: 39 байт

0D 0A C0 E2 E0 F0 E8 FF 3A 20 EE F8 E8 E1 EA E0 20 20 0D 0A 20 EF E0 EC FF F2 E8 20 46 4C 41 53 48 31 20 21 0D 0A 65   // прием: 39 байт; 12:28:54:372 24.02.2018
// таймаут: 52 мсек

Авария: ошибка  
 памяти FLASH1 !

CA E0 EB FE EC ED FB 20 

00 00 07 00 F7 D4 47   // передача: 7 байт; 12:29:00:001 24.02.2018
// приём по количеству байт: 39 из 39
// принято с порта: 39 байт

00 00 27 00 F7 C0 E2 E0 F0 E8 FF 3A 20 EE F8 E8 E1 EA E0 20 20 20 EF E0 EC FF F2 E8 20 46 4C 41 53 48 31 20 21 B4 12   // прием: 39 байт; 12:29:00:066 24.02.2018
// таймаут: 65 мсек

Авария: ошибка  
 памяти FLASH1 !

// О программе
