


1B EE   // передача: 2 байт; 09:22:57:754 24.02.2018
// приём по таймауту: 1000 мс
// принято с порта: 0 байт



1B EE   // передача: 2 байт; 09:23:28:950 24.02.2018
// приём по таймауту: 1000 мс
// принято с порта: 0 байт



1B EE   // передача: 2 байт; 09:25:13:610 24.02.2018
// приём по таймауту: 1000 мс
// принято с порта: 0 байт



1B EE   // передача: 2 байт; 09:25:35:396 24.02.2018
// приём по таймауту: 1000 мс
// принято с порта: 0 байт

CA E0 EB FE EC ED FB 20 

01 00 07 00 F7 E9 87   // передача: 7 байт; 09:25:41:389 24.02.2018
// приём по таймауту: 1000 мс
// принято с порта: 0 байт

CA E0 EB FE EC ED FB 20 

01 00 07 00 F7 E9 87   // передача: 7 байт; 09:25:44:048 24.02.2018
// приём по таймауту: 1000 мс
// принято с порта: 0 байт

CA E0 EB FE EC ED FB 20 

01 00 07 00 F7 E9 87   // передача: 7 байт; 09:25:47:872 24.02.2018
// приём по таймауту: 1000 мс
// принято с порта: 0 байт

CA E0 EB FE EC ED FB 20 

01 00 07 00 F7 E9 87   // передача: 7 байт; 09:30:40:576 24.02.2018
// приём по таймауту: 1000 мс
// принято с порта: 0 байт

CA E0 EB FE EC ED FB 20 

01 00 07 00 F7 E9 87   // передача: 7 байт; 09:30:43:704 24.02.2018
// приём по таймауту: 1000 мс
// принято с порта: 0 байт

CA E0 EB FE EC ED FB 20 

01 00 07 00 F7 E9 87   // передача: 7 байт; 09:31:45:820 24.02.2018
// приём по таймауту: 1000 мс
// принято с порта: 0 байт

CA E0 EB FE EC ED FB 20 

01 00 07 00 F7 E9 87   // передача: 7 байт; 09:31:48:612 24.02.2018
// приём по таймауту: 1000 мс
// принято с порта: 0 байт

CA E0 EB FE EC ED FB 20 

01 00 07 00 F7 E9 87   // передача: 7 байт; 09:31:51:155 24.02.2018
// приём по таймауту: 1000 мс
// принято с порта: 0 байт



1B EE   // передача: 2 байт; 09:31:55:942 24.02.2018
// приём по таймауту: 1000 мс
// принято с порта: 0 байт



1B EE   // передача: 2 байт; 09:31:58:305 24.02.2018
// приём по таймауту: 1000 мс
// принято с порта: 0 байт

CA E0 EB FE EC ED FB 20 

01 00 07 00 F7 E9 87   // передача: 7 байт; 09:32:02:123 24.02.2018
// приём по таймауту: 1000 мс
// принято с порта: 0 байт

CA E0 EB FE EC ED FB 20 

01 00 07 00 F7 E9 87   // передача: 7 байт; 09:32:11:773 24.02.2018
// приём по таймауту: 1000 мс
// принято с порта: 0 байт

CA E0 EB FE EC ED FB 20 

01 00 07 00 F7 E9 87   // передача: 7 байт; 09:32:15:742 24.02.2018
// приём по таймауту: 1000 мс
// принято с порта: 0 байт

CA E0 EB FE EC ED FB 20 

01 00 07 00 F7 E9 87   // передача: 7 байт; 09:36:15:474 24.02.2018
// приём по таймауту: 1000 мс
// принято с порта: 0 байт

CA E0 EB FE EC ED FB 20 

01 00 07 00 F7 E9 87   // передача: 7 байт; 09:36:17:905 24.02.2018
// приём по таймауту: 1000 мс
// принято с порта: 0 байт

CA E0 EB FE EC ED FB 20 

01 00 07 00 F7 E9 87   // передача: 7 байт; 09:36:21:889 24.02.2018
// приём по таймауту: 1000 мс
// принято с порта: 0 байт

CA E0 EB FE EC ED FB 20 

01 00 07 00 F7 E9 87   // передача: 7 байт; 09:39:34:448 24.02.2018
// приём по таймауту: 1000 мс
// принято с порта: 0 байт
// приём по количеству байт: 1 из 0
// принято с порта: 1 байт

01   // прием: 1 байт; 09:39:58:233 24.02.2018
// таймаут: 23785 мсек

// приём по количеству байт: 1 из 0
// принято с порта: 1 байт

00   // прием: 1 байт; 09:40:01:233 24.02.2018
// таймаут: 26785 мсек

// приём по количеству байт: 37 из 0
// принято с порта: 37 байт

27 00 F7 CD E0 F1 F2 F0 EE E9 EA E0 20 20 20 20 20 20 20 20 20 20 20 20 20 20 20 20 20 20 20 20 20 20 20 5D 58   // прием: 37 байт; 09:40:04:233 24.02.2018
// таймаут: 29785 мсек


CA E0 EB FE EC ED FB 20 

01 00 07 00 F7 E9 87   // передача: 7 байт; 09:43:25:743 24.02.2018
// приём по таймауту: 1000 мс
// принято с порта: 0 байт

CA E0 EB FE EC ED FB 20 

01 00 07 00 F7 E9 87   // передача: 7 байт; 09:43:28:653 24.02.2018
// приём по таймауту: 1000 мс
// принято с порта: 0 байт

CA E0 EB FE EC ED FB 20 

01 00 07 00 F7 E9 87   // передача: 7 байт; 09:43:30:957 24.02.2018
// приём по таймауту: 1000 мс
// принято с порта: 0 байт

CA E0 EB FE EC ED FB 20 

01 00 07 00 F7 E9 87   // передача: 7 байт; 09:43:36:491 24.02.2018
// приём по таймауту: 1000 мс
// принято с порта: 0 байт

CA E0 EB FE EC ED FB 20 

01 00 07 00 F7 E9 87   // передача: 7 байт; 09:44:50:072 24.02.2018
// приём по таймауту: 1000 мс
// принято с порта: 0 байт

CA E0 EB FE EC ED FB 20 

01 00 07 00 F7 E9 87   // передача: 7 байт; 09:44:52:530 24.02.2018
// приём по таймауту: 1000 мс
// принято с порта: 0 байт

CA E0 EB FE EC ED FB 20 

01 00 07 00 F7 E9 87   // передача: 7 байт; 09:48:25:803 24.02.2018
// приём по таймауту: 1000 мс
// принято с порта: 0 байт

CA E0 EB FE EC ED FB 20 

01 00 07 00 F7 E9 87   // передача: 7 байт; 09:48:28:183 24.02.2018
// приём по таймауту: 1000 мс
// принято с порта: 0 байт

CA E0 EB FE EC ED FB 20 

01 00 07 00 F7 E9 87   // передача: 7 байт; 09:48:31:763 24.02.2018
// приём по таймауту: 1000 мс
// принято с порта: 0 байт

CA E0 EB FE EC ED FB 20 

01 00 07 00 F7 E9 87   // передача: 7 байт; 09:54:25:037 24.02.2018
// приём по таймауту: 1000 мс
// принято с порта: 0 байт

CA E0 EB FE EC ED FB 20 

01 00 07 00 F7 E9 87   // передача: 7 байт; 09:54:33:187 24.02.2018
// приём по таймауту: 1000 мс
// принято с порта: 0 байт

CA E0 EB FE EC ED FB 20 

01 00 07 00 F7 E9 87   // передача: 7 байт; 09:54:35:933 24.02.2018
// приём по таймауту: 1000 мс
// принято с порта: 0 байт

CA E0 EB FE EC ED FB 20 

01 00 07 00 F7 E9 87   // передача: 7 байт; 09:54:38:163 24.02.2018
// приём по таймауту: 1000 мс
// принято с порта: 0 байт

CA E0 EB FE EC ED FB 20 

01 00 07 00 F7 E9 87   // передача: 7 байт; 09:54:44:100 24.02.2018
// приём по таймауту: 1000 мс
// принято с порта: 0 байт

CA E0 EB FE EC ED FB 20 

01 00 07 00 F7 E9 87   // передача: 7 байт; 09:55:01:650 24.02.2018
// приём по таймауту: 1000 мс
// принято с порта: 0 байт

CA E0 EB FE EC ED FB 20 

00 00 07 00 F7 D4 47   // передача: 7 байт; 09:55:54:163 24.02.2018
// приём по таймауту: 1000 мс
// принято с порта: 0 байт
// приём по количеству байт: 8 из 0
// принято с порта: 8 байт

00 00 27 00 F7 C0 E2 E0   // прием: 8 байт; 09:55:59:263 24.02.2018
// таймаут: 5100 мсек

// приём по количеству байт: 31 из 0
// принято с порта: 31 байт

F0 E8 FF 3A 20 EE F8 E8 E1 EA E0 20 20 20 EF E0 EC FF F2 E8 20 46 4C 41 53 48 31 20 21 B4 12   // прием: 31 байт; 09:56:01:773 24.02.2018
// таймаут: 7610 мсек


CA E0 EB FE EC ED FB 20 

00 00 07 00 F7 D4 47   // передача: 7 байт; 09:56:02:873 24.02.2018
// приём по количеству байт: 39 из 39
// принято с порта: 39 байт

00 00 27 00 F7 C0 E2 E0 F0 E8 FF 3A 20 EE F8 E8 E1 EA E0 20 20 20 EF E0 EC FF F2 E8 20 46 4C 41 53 48 31 20 21 B4 12   // прием: 39 байт; 09:56:02:933 24.02.2018
// таймаут: 60 мсек

Авария: ошибка  
 памяти FLASH1 !

CA E0 EB FE EC ED FB 20 

00 00 07 00 F7 D4 47   // передача: 7 байт; 09:56:03:733 24.02.2018
// приём по количеству байт: 39 из 39
// принято с порта: 39 байт

00 00 27 00 F7 C0 E2 E0 F0 E8 FF 3A 20 EE F8 E8 E1 EA E0 20 20 20 EF E0 EC FF F2 E8 20 46 4C 41 53 48 31 20 21 B4 12   // прием: 39 байт; 09:56:03:803 24.02.2018
// таймаут: 70 мсек

Авария: ошибка  
 памяти FLASH1 !

CA E0 EB FE EC ED FB 20 

00 00 07 00 F7 D4 47   // передача: 7 байт; 09:56:04:253 24.02.2018
// приём по количеству байт: 39 из 39
// принято с порта: 39 байт

00 00 27 00 F7 C0 E2 E0 F0 E8 FF 3A 20 EE F8 E8 E1 EA E0 20 20 20 EF E0 EC FF F2 E8 20 46 4C 41 53 48 31 20 21 B4 12   // прием: 39 байт; 09:56:04:323 24.02.2018
// таймаут: 70 мсек

Авария: ошибка  
 памяти FLASH1 !

CA E0 EB FE EC ED FB 20 

00 00 07 00 F7 D4 47   // передача: 7 байт; 09:56:04:733 24.02.2018
// приём по количеству байт: 39 из 39
// принято с порта: 39 байт

00 00 27 00 F7 C0 E2 E0 F0 E8 FF 3A 20 EE F8 E8 E1 EA E0 20 20 20 EF E0 EC FF F2 E8 20 46 4C 41 53 48 31 20 21 B4 12   // прием: 39 байт; 09:56:04:803 24.02.2018
// таймаут: 70 мсек

Авария: ошибка  
 памяти FLASH1 !

CA E0 EB FE EC ED FB 20 

00 00 07 00 F7 D4 47   // передача: 7 байт; 09:56:05:223 24.02.2018
// приём по количеству байт: 39 из 39
// принято с порта: 39 байт

00 00 27 00 F7 C0 E2 E0 F0 E8 FF 3A 20 EE F8 E8 E1 EA E0 20 20 20 EF E0 EC FF F2 E8 20 46 4C 41 53 48 31 20 21 B4 12   // прием: 39 байт; 09:56:05:283 24.02.2018
// таймаут: 60 мсек

Авария: ошибка  
 памяти FLASH1 !

CA E0 EB FE EC ED FB 20 

00 00 07 00 F7 D4 47   // передача: 7 байт; 09:56:05:753 24.02.2018
// приём по количеству байт: 39 из 39
// принято с порта: 39 байт

00 00 27 00 F7 C0 E2 E0 F0 E8 FF 3A 20 EE F8 E8 E1 EA E0 20 20 20 EF E0 EC FF F2 E8 20 46 4C 41 53 48 31 20 21 B4 12   // прием: 39 байт; 09:56:05:813 24.02.2018
// таймаут: 60 мсек

Авария: ошибка  
 памяти FLASH1 !

// О программе
