


1B 41   // передача: 2 байт; 08:40:28:648 24.02.2018
// приём по таймауту: 1000 мс
// принято с порта: 0 байт
Чтение коэффициентов

CA E0 EB FE EC ED FB 20 

01 00 07 00 1E 28 09   // передача: 7 байт; 08:40:32:338 24.02.2018
// приём по таймауту: 1000 мс
// принято с порта: 0 байт
повтор: 1

CA E0 EB FE EC ED FB 20 

01 00 07 00 1E 28 09   // передача: 7 байт; 08:40:33:348 24.02.2018
// приём по таймауту: 1000 мс
// принято с порта: 0 байт
повтор: 2

CA E0 EB FE EC ED FB 20 

01 00 07 00 1E 28 09   // передача: 7 байт; 08:40:34:368 24.02.2018
// приём по таймауту: 1000 мс
// принято с порта: 0 байт
повтор: 3

CA E0 EB FE EC ED FB 20 

01 00 07 00 1E 28 09   // передача: 7 байт; 08:40:35:378 24.02.2018
// приём по таймауту: 1000 мс
// принято с порта: 0 байт
повтор: 4

CA E0 EB FE EC ED FB 20 

01 00 07 00 1E 28 09   // передача: 7 байт; 08:40:36:388 24.02.2018
// приём по таймауту: 1000 мс
// принято с порта: 0 байт
повтор: 5

CA E0 EB FE EC ED FB 20 

01 00 07 00 1E 28 09   // передача: 7 байт; 08:40:37:408 24.02.2018
// приём по таймауту: 1000 мс
// принято с порта: 0 байт



1B 41   // передача: 2 байт; 08:40:47:455 24.02.2018
// приём по таймауту: 1000 мс
// принято с порта: 0 байт
Чтение коэффициентов

CA E0 EB FE EC ED FB 20 

01 00 07 00 1E 28 09   // передача: 7 байт; 08:40:50:045 24.02.2018
// приём по количеству байт: 263 из 263
// принято с порта: 263 байт

01 00 07 01 1E 3F 80 00 00 3F 80 00 00 3F 80 00 00 3F 80 00 00 3F 80 00 00 3F 80 00 00 3F 80 00 00 3F 80 00 00 3F 80 00 00 3F 80 00 00 3F 80 00 00 3F 80 00 00 3F 80 00 00 3F 80 00 00 3F 80 00 00 3F 80 00 00 3F 80 00 00 3F 80 00 00 3F 80 00 00 3F 80 00 00 3F 80 00 00 3F 80 00 00 3F 80 00 00 3F 80 00 00 3F 80 00 00 3F 80 00 00 3F 80 00 00 3F 80 00 00 3F 80 00 00 3F 80 00 00 3F 80 00 00 3F 80 00 00 3F 80 00 00 3F 80 00 00 3F 80 00 00 3F 80 00 00 3F 80 00 00 3F 80 00 00 3F 80 00 00 3F 80 00 00 3F 80 00 00 3F 80 00 00 3F 80 00 00 3F 80 00 00 3F 80 00 00 3F 80 00 00 3F 80 00 00 3F 80 00 00 3F 80 00 00 3F 80 00 00 3F 80 00 00 3F 80 00 00 3F 80 00 00 3F 80 00 00 3F 80 00 00 3F 80 00 00 3F 80 00 00 3F 80 00 00 3F 80 00 00 3F 80 00 00 3F 80 00 00 3F 80 00 00 3F 80 00 00 3F 80 00 00 BE 01   // прием: 263 байт; 08:40:50:345 24.02.2018
// таймаут: 300 мсек

1   : 1,000
2   : 1,000
3   : 1,000
4   : 1,000
5   : 1,000
6   : 1,000
7   : 1,000
8   : 1,000
9   : 1,000
10  : 1,000
11  : 1,000
12  : 1,000
13  : 1,000
14  : 1,000
15  : 1,000
16  : 1,000
17  : 1,000
18  : 1,000
19  : 1,000
20  : 1,000
21  : 1,000
22  : 1,000
23  : 1,000
24  : 1,000
25  : 1,000
26  : 1,000
27  : 1,000
28  : 1,000
29  : 1,000
30  : 1,000
31  : 1,000
32  : 1,000
33  : 1,000
34  : 1,000
35  : 1,000
36  : 1,000
37  : 1,000
38  : 1,000
39  : 1,000
40  : 1,000
41  : 1,000
42  : 1,000
43  : 1,000
44  : 1,000
45  : 1,000
46  : 1,000
47  : 1,000
48  : 1,000
49  : 1,000
50  : 1,000
51  : 1,000
52  : 1,000
53  : 1,000
54  : 1,000
55  : 1,000
56  : 1,000
57  : 1,000
58  : 1,000
59  : 1,000
60  : 1,000
61  : 1,000
62  : 1,000
63  : 1,000
64  : 1,000
Чтение коэффициентов: 20 %

CA E0 EB FE EC ED FB 20 

01 00 07 00 22 28 18   // передача: 7 байт; 08:40:50:355 24.02.2018
// приём по количеству байт: 263 из 263
// принято с порта: 263 байт

01 00 07 01 22 43 FA 00 00 43 FA 00 00 43 FA 00 00 43 FA 00 00 43 FA 00 00 43 FA 00 00 43 FA 00 00 43 FA 00 00 43 FA 00 00 43 FA 00 00 43 FA 00 00 43 FA 00 00 43 FA 00 00 43 FA 00 00 43 FA 00 00 43 FA 00 00 43 FA 00 00 43 FA 00 00 43 FA 00 00 43 FA 00 00 43 FA 00 00 43 FA 00 00 43 FA 00 00 43 FA 00 00 43 FA 00 00 43 FA 00 00 43 FA 00 00 43 FA 00 00 43 FA 00 00 43 FA 00 00 43 FA 00 00 43 FA 00 00 43 FA 00 00 43 FA 00 00 43 FA 00 00 43 FA 00 00 43 FA 00 00 43 FA 00 00 43 FA 00 00 43 FA 00 00 43 FA 00 00 43 FA 00 00 43 FA 00 00 43 FA 00 00 43 FA 00 00 43 FA 00 00 43 FA 00 00 43 FA 00 00 43 FA 00 00 43 FA 00 00 43 FA 00 00 43 FA 00 00 43 FA 00 00 43 FA 00 00 43 FA 00 00 43 FA 00 00 43 FA 00 00 43 FA 00 00 43 FA 00 00 43 FA 00 00 43 FA 00 00 43 FA 00 00 43 FA 00 00 43 FA 00 00 6E 11   // прием: 263 байт; 08:40:50:655 24.02.2018
// таймаут: 300 мсек

1   : 500,000
2   : 500,000
3   : 500,000
4   : 500,000
5   : 500,000
6   : 500,000
7   : 500,000
8   : 500,000
9   : 500,000
10  : 500,000
11  : 500,000
12  : 500,000
13  : 500,000
14  : 500,000
15  : 500,000
16  : 500,000
17  : 500,000
18  : 500,000
19  : 500,000
20  : 500,000
21  : 500,000
22  : 500,000
23  : 500,000
24  : 500,000
25  : 500,000
26  : 500,000
27  : 500,000
28  : 500,000
29  : 500,000
30  : 500,000
31  : 500,000
32  : 500,000
33  : 500,000
34  : 500,000
35  : 500,000
36  : 500,000
37  : 500,000
38  : 500,000
39  : 500,000
40  : 500,000
41  : 500,000
42  : 500,000
43  : 500,000
44  : 500,000
45  : 500,000
46  : 500,000
47  : 500,000
48  : 500,000
49  : 500,000
50  : 500,000
51  : 500,000
52  : 500,000
53  : 500,000
54  : 500,000
55  : 500,000
56  : 500,000
57  : 500,000
58  : 500,000
59  : 500,000
60  : 500,000
61  : 500,000
62  : 500,000
63  : 500,000
64  : 500,000
Чтение коэффициентов: 40 %

CA E0 EB FE EC ED FB 20 

01 00 07 00 28 A8 1F   // передача: 7 байт; 08:40:50:665 24.02.2018
// приём по количеству байт: 263 из 263
// принято с порта: 263 байт

01 00 07 01 28 00 00 00 00 00 00 00 00 00 00 00 00 00 00 00 00 00 00 00 00 00 00 00 00 00 00 00 00 00 00 00 00 00 00 00 00 00 00 00 00 00 00 00 00 00 00 00 00 00 00 00 00 00 00 00 00 00 00 00 00 00 00 00 00 00 00 00 00 00 00 00 00 00 00 00 00 00 00 00 00 00 00 00 00 00 00 00 00 00 00 00 00 00 00 00 00 00 00 00 00 00 00 00 00 00 00 00 00 00 00 00 00 00 00 00 00 00 00 00 00 00 00 00 00 00 00 00 00 00 00 00 00 00 00 00 00 00 00 00 00 00 00 00 00 00 00 00 00 00 00 00 00 00 00 00 00 00 00 00 00 00 00 00 00 00 00 00 00 00 00 00 00 00 00 00 00 00 00 00 00 00 00 00 00 00 00 00 00 00 00 00 00 00 00 00 00 00 00 00 00 00 00 00 00 00 00 00 00 00 00 00 00 00 00 00 00 00 00 00 00 00 00 00 00 00 00 00 00 00 00 00 00 00 00 00 00 00 00 00 00 00 00 00 00 00 00 00 00 00 00 00 00 00 00 00 00 5E C9   // прием: 263 байт; 08:40:50:967 24.02.2018
// таймаут: 302 мсек

1   : 0,000
2   : 0,000
3   : 0,000
4   : 0,000
5   : 0,000
6   : 0,000
7   : 0,000
8   : 0,000
9   : 0,000
10  : 0,000
11  : 0,000
12  : 0,000
13  : 0,000
14  : 0,000
15  : 0,000
16  : 0,000
17  : 0,000
18  : 0,000
19  : 0,000
20  : 0,000
21  : 0,000
22  : 0,000
23  : 0,000
24  : 0,000
25  : 0,000
26  : 0,000
27  : 0,000
28  : 0,000
29  : 0,000
30  : 0,000
31  : 0,000
32  : 0,000
33  : 0,000
34  : 0,000
35  : 0,000
36  : 0,000
37  : 0,000
38  : 0,000
39  : 0,000
40  : 0,000
41  : 0,000
42  : 0,000
43  : 0,000
44  : 0,000
45  : 0,000
46  : 0,000
47  : 0,000
48  : 0,000
49  : 0,000
50  : 0,000
51  : 0,000
52  : 0,000
53  : 0,000
54  : 0,000
55  : 0,000
56  : 0,000
57  : 0,000
58  : 0,000
59  : 0,000
60  : 0,000
61  : 0,000
62  : 0,000
63  : 0,000
64  : 0,000
Чтение коэффициентов: 60 %

CA E0 EB FE EC ED FB 20 

01 00 07 00 26 29 DB   // передача: 7 байт; 08:40:50:977 24.02.2018
// приём по количеству байт: 263 из 263
// принято с порта: 263 байт

01 00 07 01 26 00 00 00 00 00 00 00 00 00 00 00 00 00 00 00 00 00 00 00 00 00 00 00 00 00 00 00 00 00 00 00 00 00 00 00 00 00 00 00 00 00 00 00 00 00 00 00 00 00 00 00 00 00 00 00 00 00 00 00 00 00 00 00 00 00 00 00 00 00 00 00 00 00 00 00 00 00 00 00 00 00 00 00 00 00 00 00 00 00 00 00 00 00 00 00 00 00 00 00 00 00 00 00 00 00 00 00 00 00 00 00 00 00 00 00 00 00 00 00 00 00 00 00 00 00 00 00 00 00 00 00 00 00 00 00 00 00 00 00 00 00 00 00 00 00 00 00 00 00 00 00 00 00 00 00 00 00 00 00 00 00 00 00 00 00 00 00 00 00 00 00 00 00 00 00 00 00 00 00 00 00 00 00 00 00 00 00 00 00 00 00 00 00 00 00 00 00 00 00 00 00 00 00 00 00 00 00 00 00 00 00 00 00 00 00 00 00 00 00 00 00 00 00 00 00 00 00 00 00 00 00 00 00 00 00 00 00 00 00 00 00 00 00 00 00 00 00 00 00 00 00 00 00 00 00 00 32 A8   // прием: 263 байт; 08:40:51:277 24.02.2018
// таймаут: 300 мсек

1   : 0,000
2   : 0,000
3   : 0,000
4   : 0,000
5   : 0,000
6   : 0,000
7   : 0,000
8   : 0,000
9   : 0,000
10  : 0,000
11  : 0,000
12  : 0,000
13  : 0,000
14  : 0,000
15  : 0,000
16  : 0,000
17  : 0,000
18  : 0,000
19  : 0,000
20  : 0,000
21  : 0,000
22  : 0,000
23  : 0,000
24  : 0,000
25  : 0,000
26  : 0,000
27  : 0,000
28  : 0,000
29  : 0,000
30  : 0,000
31  : 0,000
32  : 0,000
33  : 0,000
34  : 0,000
35  : 0,000
36  : 0,000
37  : 0,000
38  : 0,000
39  : 0,000
40  : 0,000
41  : 0,000
42  : 0,000
43  : 0,000
44  : 0,000
45  : 0,000
46  : 0,000
47  : 0,000
48  : 0,000
49  : 0,000
50  : 0,000
51  : 0,000
52  : 0,000
53  : 0,000
54  : 0,000
55  : 0,000
56  : 0,000
57  : 0,000
58  : 0,000
59  : 0,000
60  : 0,000
61  : 0,000
62  : 0,000
63  : 0,000
64  : 0,000
Чтение коэффициентов: 80 %

CA E0 EB FE EC ED FB 20 

01 00 08 00 2A 00 1C CA   // передача: 8 байт; 08:40:51:287 24.02.2018
// приём по количеству байт: 12 из 12
// принято с порта: 12 байт

01 00 0C 00 2A 02 00 1A 01 00 7F CA   // прием: 12 байт; 08:40:51:327 24.02.2018
// таймаут: 40 мсек

1   : 03.00.026.01.01
Чтение коэффициентов: 80 %

CA E0 EB FE EC ED FB 20 

01 00 08 00 2A 01 DD 0A   // передача: 8 байт; 08:40:51:327 24.02.2018
// приём по количеству байт: 12 из 12
// принято с порта: 12 байт

01 00 0C 00 2A 03 00 1A 02 00 42 FA   // прием: 12 байт; 08:40:51:367 24.02.2018
// таймаут: 40 мсек

2   : 04.00.026.02.01
Чтение коэффициентов: 80 %

CA E0 EB FE EC ED FB 20 

01 00 08 00 2A 02 9D 0B   // передача: 8 байт; 08:40:51:367 24.02.2018
// приём по количеству байт: 12 из 12
// принято с порта: 12 байт

01 00 0C 00 2A 00 00 00 00 00 26 5D   // прием: 12 байт; 08:40:51:407 24.02.2018
// таймаут: 40 мсек

3   : 01.00.000.00.01
Чтение коэффициентов: 80 %

CA E0 EB FE EC ED FB 20 

01 00 08 00 2A 03 5C CB   // передача: 8 байт; 08:40:51:407 24.02.2018
// приём по количеству байт: 12 из 12
// принято с порта: 12 байт

01 00 0C 00 2A 00 00 00 00 00 26 5D   // прием: 12 байт; 08:40:51:447 24.02.2018
// таймаут: 40 мсек

4   : 01.00.000.00.01
Чтение коэффициентов: 81 %

CA E0 EB FE EC ED FB 20 

01 00 08 00 2A 04 1D 09   // передача: 8 байт; 08:40:51:447 24.02.2018
// приём по количеству байт: 12 из 12
// принято с порта: 12 байт

01 00 0C 00 2A 00 00 00 00 00 26 5D   // прием: 12 байт; 08:40:51:487 24.02.2018
// таймаут: 40 мсек

5   : 01.00.000.00.01
Чтение коэффициентов: 81 %

CA E0 EB FE EC ED FB 20 

01 00 08 00 2A 05 DC C9   // передача: 8 байт; 08:40:51:487 24.02.2018
// приём по количеству байт: 12 из 12
// принято с порта: 12 байт

01 00 0C 00 2A 00 00 00 00 00 26 5D   // прием: 12 байт; 08:40:51:527 24.02.2018
// таймаут: 40 мсек

6   : 01.00.000.00.01
Чтение коэффициентов: 81 %

CA E0 EB FE EC ED FB 20 

01 00 08 00 2A 06 9C C8   // передача: 8 байт; 08:40:51:527 24.02.2018
// приём по количеству байт: 12 из 12
// принято с порта: 12 байт

01 00 0C 00 2A 00 00 00 00 00 26 5D   // прием: 12 байт; 08:40:51:567 24.02.2018
// таймаут: 40 мсек

7   : 01.00.000.00.01
Чтение коэффициентов: 82 %

CA E0 EB FE EC ED FB 20 

01 00 08 00 2A 07 5D 08   // передача: 8 байт; 08:40:51:567 24.02.2018
// приём по количеству байт: 12 из 12
// принято с порта: 12 байт

01 00 0C 00 2A 00 00 00 00 00 26 5D   // прием: 12 байт; 08:40:51:597 24.02.2018
// таймаут: 30 мсек

8   : 01.00.000.00.01
Чтение коэффициентов: 82 %

CA E0 EB FE EC ED FB 20 

01 00 08 00 2A 08 1D 0C   // передача: 8 байт; 08:40:51:607 24.02.2018
// приём по количеству байт: 12 из 12
// принято с порта: 12 байт

01 00 0C 00 2A 00 00 00 00 00 26 5D   // прием: 12 байт; 08:40:51:637 24.02.2018
// таймаут: 30 мсек

9   : 01.00.000.00.01
Чтение коэффициентов: 82 %

CA E0 EB FE EC ED FB 20 

01 00 08 00 2A 09 DC CC   // передача: 8 байт; 08:40:51:647 24.02.2018
// приём по количеству байт: 12 из 12
// принято с порта: 12 байт

01 00 0C 00 2A 00 00 00 00 00 26 5D   // прием: 12 байт; 08:40:51:677 24.02.2018
// таймаут: 30 мсек

10  : 01.00.000.00.01
Чтение коэффициентов: 83 %

CA E0 EB FE EC ED FB 20 

01 00 08 00 2A 0A 9C CD   // передача: 8 байт; 08:40:51:687 24.02.2018
// приём по количеству байт: 12 из 12
// принято с порта: 12 байт

01 00 0C 00 2A 00 00 00 00 00 26 5D   // прием: 12 байт; 08:40:51:717 24.02.2018
// таймаут: 30 мсек

11  : 01.00.000.00.01
Чтение коэффициентов: 83 %

CA E0 EB FE EC ED FB 20 

01 00 08 00 2A 0B 5D 0D   // передача: 8 байт; 08:40:51:727 24.02.2018
// приём по количеству байт: 12 из 12
// принято с порта: 12 байт

01 00 0C 00 2A 00 00 00 00 00 26 5D   // прием: 12 байт; 08:40:51:757 24.02.2018
// таймаут: 30 мсек

12  : 01.00.000.00.01
Чтение коэффициентов: 83 %

CA E0 EB FE EC ED FB 20 

01 00 08 00 2A 0C 1C CF   // передача: 8 байт; 08:40:51:757 24.02.2018
// приём по количеству байт: 12 из 12
// принято с порта: 12 байт

01 00 0C 00 2A 00 00 00 00 00 26 5D   // прием: 12 байт; 08:40:51:797 24.02.2018
// таймаут: 40 мсек

13  : 01.00.000.00.01
Чтение коэффициентов: 84 %

CA E0 EB FE EC ED FB 20 

01 00 08 00 2A 0D DD 0F   // передача: 8 байт; 08:40:51:797 24.02.2018
// приём по количеству байт: 12 из 12
// принято с порта: 12 байт

01 00 0C 00 2A 00 00 00 00 00 26 5D   // прием: 12 байт; 08:40:51:837 24.02.2018
// таймаут: 40 мсек

14  : 01.00.000.00.01
Чтение коэффициентов: 84 %

CA E0 EB FE EC ED FB 20 

01 00 08 00 2A 0E 9D 0E   // передача: 8 байт; 08:40:51:837 24.02.2018
// приём по количеству байт: 12 из 12
// принято с порта: 12 байт

01 00 0C 00 2A 00 00 00 00 00 26 5D   // прием: 12 байт; 08:40:51:877 24.02.2018
// таймаут: 40 мсек

15  : 01.00.000.00.01
Чтение коэффициентов: 84 %

CA E0 EB FE EC ED FB 20 

01 00 08 00 2A 0F 5C CE   // передача: 8 байт; 08:40:51:877 24.02.2018
// приём по количеству байт: 12 из 12
// принято с порта: 12 байт

01 00 0C 00 2A 00 00 00 00 00 26 5D   // прием: 12 байт; 08:40:51:917 24.02.2018
// таймаут: 40 мсек

16  : 01.00.000.00.01
Чтение коэффициентов: 84 %

CA E0 EB FE EC ED FB 20 

01 00 08 00 2A 10 1D 06   // передача: 8 байт; 08:40:51:917 24.02.2018
// приём по количеству байт: 12 из 12
// принято с порта: 12 байт

01 00 0C 00 2A 00 00 00 00 00 26 5D   // прием: 12 байт; 08:40:51:957 24.02.2018
// таймаут: 40 мсек

17  : 01.00.000.00.01
Чтение коэффициентов: 85 %

CA E0 EB FE EC ED FB 20 

01 00 08 00 2A 11 DC C6   // передача: 8 байт; 08:40:51:957 24.02.2018
// приём по количеству байт: 12 из 12
// принято с порта: 12 байт

01 00 0C 00 2A 00 00 00 00 00 26 5D   // прием: 12 байт; 08:40:51:997 24.02.2018
// таймаут: 40 мсек

18  : 01.00.000.00.01
Чтение коэффициентов: 85 %

CA E0 EB FE EC ED FB 20 

01 00 08 00 2A 12 9C C7   // передача: 8 байт; 08:40:51:997 24.02.2018
// приём по количеству байт: 12 из 12
// принято с порта: 12 байт

01 00 0C 00 2A 00 00 00 00 00 26 5D   // прием: 12 байт; 08:40:52:037 24.02.2018
// таймаут: 40 мсек

19  : 01.00.000.00.01
Чтение коэффициентов: 85 %

CA E0 EB FE EC ED FB 20 

01 00 08 00 2A 13 5D 07   // передача: 8 байт; 08:40:52:037 24.02.2018
// приём по количеству байт: 12 из 12
// принято с порта: 12 байт

01 00 0C 00 2A 00 00 00 00 00 26 5D   // прием: 12 байт; 08:40:52:077 24.02.2018
// таймаут: 40 мсек

20  : 01.00.000.00.01
Чтение коэффициентов: 86 %

CA E0 EB FE EC ED FB 20 

01 00 08 00 2A 14 1C C5   // передача: 8 байт; 08:40:52:077 24.02.2018
// приём по количеству байт: 12 из 12
// принято с порта: 12 байт

01 00 0C 00 2A 00 00 00 00 00 26 5D   // прием: 12 байт; 08:40:52:117 24.02.2018
// таймаут: 40 мсек

21  : 01.00.000.00.01
Чтение коэффициентов: 86 %

CA E0 EB FE EC ED FB 20 

01 00 08 00 2A 15 DD 05   // передача: 8 байт; 08:40:52:117 24.02.2018
// приём по количеству байт: 12 из 12
// принято с порта: 12 байт

01 00 0C 00 2A 00 00 00 00 00 26 5D   // прием: 12 байт; 08:40:52:157 24.02.2018
// таймаут: 40 мсек

22  : 01.00.000.00.01
Чтение коэффициентов: 86 %

CA E0 EB FE EC ED FB 20 

01 00 08 00 2A 16 9D 04   // передача: 8 байт; 08:40:52:157 24.02.2018
// приём по количеству байт: 12 из 12
// принято с порта: 12 байт

01 00 0C 00 2A 00 00 00 00 00 26 5D   // прием: 12 байт; 08:40:52:197 24.02.2018
// таймаут: 40 мсек

23  : 01.00.000.00.01
Чтение коэффициентов: 87 %

CA E0 EB FE EC ED FB 20 

01 00 08 00 2A 17 5C C4   // передача: 8 байт; 08:40:52:197 24.02.2018
// приём по количеству байт: 12 из 12
// принято с порта: 12 байт

01 00 0C 00 2A 00 00 00 00 00 26 5D   // прием: 12 байт; 08:40:52:237 24.02.2018
// таймаут: 40 мсек

24  : 01.00.000.00.01
Чтение коэффициентов: 87 %

CA E0 EB FE EC ED FB 20 

01 00 08 00 2A 18 1C C0   // передача: 8 байт; 08:40:52:237 24.02.2018
// приём по количеству байт: 12 из 12
// принято с порта: 12 байт

01 00 0C 00 2A 00 00 00 00 00 26 5D   // прием: 12 байт; 08:40:52:277 24.02.2018
// таймаут: 40 мсек

25  : 01.00.000.00.01
Чтение коэффициентов: 87 %

CA E0 EB FE EC ED FB 20 

01 00 08 00 2A 19 DD 00   // передача: 8 байт; 08:40:52:277 24.02.2018
// приём по количеству байт: 12 из 12
// принято с порта: 12 байт

01 00 0C 00 2A 00 00 00 00 00 26 5D   // прием: 12 байт; 08:40:52:317 24.02.2018
// таймаут: 40 мсек

26  : 01.00.000.00.01
Чтение коэффициентов: 88 %

CA E0 EB FE EC ED FB 20 

01 00 08 00 2A 1A 9D 01   // передача: 8 байт; 08:40:52:317 24.02.2018
// приём по количеству байт: 12 из 12
// принято с порта: 12 байт

01 00 0C 00 2A 00 00 00 00 00 26 5D   // прием: 12 байт; 08:40:52:357 24.02.2018
// таймаут: 40 мсек

27  : 01.00.000.00.01
Чтение коэффициентов: 88 %

CA E0 EB FE EC ED FB 20 

01 00 08 00 2A 1B 5C C1   // передача: 8 байт; 08:40:52:357 24.02.2018
// приём по количеству байт: 12 из 12
// принято с порта: 12 байт

01 00 0C 00 2A 00 00 00 00 00 26 5D   // прием: 12 байт; 08:40:52:397 24.02.2018
// таймаут: 40 мсек

28  : 01.00.000.00.01
Чтение коэффициентов: 88 %

CA E0 EB FE EC ED FB 20 

01 00 08 00 2A 1C 1D 03   // передача: 8 байт; 08:40:52:397 24.02.2018
// приём по количеству байт: 12 из 12
// принято с порта: 12 байт

01 00 0C 00 2A 00 00 00 00 00 26 5D   // прием: 12 байт; 08:40:52:437 24.02.2018
// таймаут: 40 мсек

29  : 01.00.000.00.01
Чтение коэффициентов: 89 %

CA E0 EB FE EC ED FB 20 

01 00 08 00 2A 1D DC C3   // передача: 8 байт; 08:40:52:437 24.02.2018
// приём по количеству байт: 12 из 12
// принято с порта: 12 байт

01 00 0C 00 2A 00 00 00 00 00 26 5D   // прием: 12 байт; 08:40:52:467 24.02.2018
// таймаут: 30 мсек

30  : 01.00.000.00.01
Чтение коэффициентов: 89 %

CA E0 EB FE EC ED FB 20 

01 00 08 00 2A 1E 9C C2   // передача: 8 байт; 08:40:52:477 24.02.2018
// приём по количеству байт: 12 из 12
// принято с порта: 12 байт

01 00 0C 00 2A 00 00 00 00 00 26 5D   // прием: 12 байт; 08:40:52:507 24.02.2018
// таймаут: 30 мсек

31  : 01.00.000.00.01
Чтение коэффициентов: 89 %

CA E0 EB FE EC ED FB 20 

01 00 08 00 2A 1F 5D 02   // передача: 8 байт; 08:40:52:517 24.02.2018
// приём по количеству байт: 12 из 12
// принято с порта: 12 байт

01 00 0C 00 2A 00 00 00 00 00 26 5D   // прием: 12 байт; 08:40:52:547 24.02.2018
// таймаут: 30 мсек

32  : 01.00.000.00.01
Чтение коэффициентов: 89 %

CA E0 EB FE EC ED FB 20 

01 00 08 00 2A 20 1D 12   // передача: 8 байт; 08:40:52:557 24.02.2018
// приём по количеству байт: 12 из 12
// принято с порта: 12 байт

01 00 0C 00 2A 00 00 00 00 00 26 5D   // прием: 12 байт; 08:40:52:587 24.02.2018
// таймаут: 30 мсек

33  : 01.00.000.00.01
Чтение коэффициентов: 90 %

CA E0 EB FE EC ED FB 20 

01 00 08 00 2A 21 DC D2   // передача: 8 байт; 08:40:52:597 24.02.2018
// приём по количеству байт: 12 из 12
// принято с порта: 12 байт

01 00 0C 00 2A 00 00 00 00 00 26 5D   // прием: 12 байт; 08:40:52:627 24.02.2018
// таймаут: 30 мсек

34  : 01.00.000.00.01
Чтение коэффициентов: 90 %

CA E0 EB FE EC ED FB 20 

01 00 08 00 2A 22 9C D3   // передача: 8 байт; 08:40:52:637 24.02.2018
// приём по количеству байт: 12 из 12
// принято с порта: 12 байт

01 00 0C 00 2A 00 00 00 00 00 26 5D   // прием: 12 байт; 08:40:52:667 24.02.2018
// таймаут: 30 мсек

35  : 01.00.000.00.01
Чтение коэффициентов: 90 %

CA E0 EB FE EC ED FB 20 

01 00 08 00 2A 23 5D 13   // передача: 8 байт; 08:40:52:667 24.02.2018
// приём по количеству байт: 12 из 12
// принято с порта: 12 байт

01 00 0C 00 2A 00 00 00 00 00 26 5D   // прием: 12 байт; 08:40:52:707 24.02.2018
// таймаут: 40 мсек

36  : 01.00.000.00.01
Чтение коэффициентов: 91 %

CA E0 EB FE EC ED FB 20 

01 00 08 00 2A 24 1C D1   // передача: 8 байт; 08:40:52:707 24.02.2018
// приём по количеству байт: 12 из 12
// принято с порта: 12 байт

01 00 0C 00 2A 00 00 00 00 00 26 5D   // прием: 12 байт; 08:40:52:747 24.02.2018
// таймаут: 40 мсек

37  : 01.00.000.00.01
Чтение коэффициентов: 91 %

CA E0 EB FE EC ED FB 20 

01 00 08 00 2A 25 DD 11   // передача: 8 байт; 08:40:52:747 24.02.2018
// приём по количеству байт: 12 из 12
// принято с порта: 12 байт

01 00 0C 00 2A 00 00 00 00 00 26 5D   // прием: 12 байт; 08:40:52:787 24.02.2018
// таймаут: 40 мсек

38  : 01.00.000.00.01
Чтение коэффициентов: 91 %

CA E0 EB FE EC ED FB 20 

01 00 08 00 2A 26 9D 10   // передача: 8 байт; 08:40:52:787 24.02.2018
// приём по количеству байт: 12 из 12
// принято с порта: 12 байт

01 00 0C 00 2A 00 00 00 00 00 26 5D   // прием: 12 байт; 08:40:52:827 24.02.2018
// таймаут: 40 мсек

39  : 01.00.000.00.01
Чтение коэффициентов: 92 %

CA E0 EB FE EC ED FB 20 

01 00 08 00 2A 27 5C D0   // передача: 8 байт; 08:40:52:827 24.02.2018
// приём по количеству байт: 12 из 12
// принято с порта: 12 байт

01 00 0C 00 2A 00 00 00 00 00 26 5D   // прием: 12 байт; 08:40:52:867 24.02.2018
// таймаут: 40 мсек

40  : 01.00.000.00.01
Чтение коэффициентов: 92 %

CA E0 EB FE EC ED FB 20 

01 00 08 00 2A 28 1C D4   // передача: 8 байт; 08:40:52:867 24.02.2018
// приём по количеству байт: 12 из 12
// принято с порта: 12 байт

01 00 0C 00 2A 00 00 00 00 00 26 5D   // прием: 12 байт; 08:40:52:907 24.02.2018
// таймаут: 40 мсек

41  : 01.00.000.00.01
Чтение коэффициентов: 92 %

CA E0 EB FE EC ED FB 20 

01 00 08 00 2A 29 DD 14   // передача: 8 байт; 08:40:52:907 24.02.2018
// приём по количеству байт: 12 из 12
// принято с порта: 12 байт

01 00 0C 00 2A 00 00 00 00 00 26 5D   // прием: 12 байт; 08:40:52:947 24.02.2018
// таймаут: 40 мсек

42  : 01.00.000.00.01
Чтение коэффициентов: 93 %

CA E0 EB FE EC ED FB 20 

01 00 08 00 2A 2A 9D 15   // передача: 8 байт; 08:40:52:947 24.02.2018
// приём по количеству байт: 12 из 12
// принято с порта: 12 байт

01 00 0C 00 2A 00 00 00 00 00 26 5D   // прием: 12 байт; 08:40:52:987 24.02.2018
// таймаут: 40 мсек

43  : 01.00.000.00.01
Чтение коэффициентов: 93 %

CA E0 EB FE EC ED FB 20 

01 00 08 00 2A 2B 5C D5   // передача: 8 байт; 08:40:52:987 24.02.2018
// приём по количеству байт: 12 из 12
// принято с порта: 12 байт

01 00 0C 00 2A 00 00 00 00 00 26 5D   // прием: 12 байт; 08:40:53:027 24.02.2018
// таймаут: 40 мсек

44  : 01.00.000.00.01
Чтение коэффициентов: 93 %

CA E0 EB FE EC ED FB 20 

01 00 08 00 2A 2C 1D 17   // передача: 8 байт; 08:40:53:027 24.02.2018
// приём по количеству байт: 12 из 12
// принято с порта: 12 байт

01 00 0C 00 2A 00 00 00 00 00 26 5D   // прием: 12 байт; 08:40:53:067 24.02.2018
// таймаут: 40 мсек

45  : 01.00.000.00.01
Чтение коэффициентов: 94 %

CA E0 EB FE EC ED FB 20 

01 00 08 00 2A 2D DC D7   // передача: 8 байт; 08:40:53:067 24.02.2018
// приём по количеству байт: 12 из 12
// принято с порта: 12 байт

01 00 0C 00 2A 00 00 00 00 00 26 5D   // прием: 12 байт; 08:40:53:107 24.02.2018
// таймаут: 40 мсек

46  : 01.00.000.00.01
Чтение коэффициентов: 94 %

CA E0 EB FE EC ED FB 20 

01 00 08 00 2A 2E 9C D6   // передача: 8 байт; 08:40:53:107 24.02.2018
// приём по количеству байт: 12 из 12
// принято с порта: 12 байт

01 00 0C 00 2A 00 00 00 00 00 26 5D   // прием: 12 байт; 08:40:53:147 24.02.2018
// таймаут: 40 мсек

47  : 01.00.000.00.01
Чтение коэффициентов: 94 %

CA E0 EB FE EC ED FB 20 

01 00 08 00 2A 2F 5D 16   // передача: 8 байт; 08:40:53:147 24.02.2018
// приём по количеству байт: 12 из 12
// принято с порта: 12 байт

01 00 0C 00 2A 00 00 00 00 00 26 5D   // прием: 12 байт; 08:40:53:187 24.02.2018
// таймаут: 40 мсек

48  : 01.00.000.00.01
Чтение коэффициентов: 94 %

CA E0 EB FE EC ED FB 20 

01 00 08 00 2A 30 1C DE   // передача: 8 байт; 08:40:53:187 24.02.2018
// приём по количеству байт: 12 из 12
// принято с порта: 12 байт

01 00 0C 00 2A 00 00 00 00 00 26 5D   // прием: 12 байт; 08:40:53:227 24.02.2018
// таймаут: 40 мсек

49  : 01.00.000.00.01
Чтение коэффициентов: 95 %

CA E0 EB FE EC ED FB 20 

01 00 08 00 2A 31 DD 1E   // передача: 8 байт; 08:40:53:227 24.02.2018
// приём по количеству байт: 12 из 12
// принято с порта: 12 байт

01 00 0C 00 2A 00 00 00 00 00 26 5D   // прием: 12 байт; 08:40:53:267 24.02.2018
// таймаут: 40 мсек

50  : 01.00.000.00.01
Чтение коэффициентов: 95 %

CA E0 EB FE EC ED FB 20 

01 00 08 00 2A 32 9D 1F   // передача: 8 байт; 08:40:53:267 24.02.2018
// приём по количеству байт: 12 из 12
// принято с порта: 12 байт

01 00 0C 00 2A 00 00 00 00 00 26 5D   // прием: 12 байт; 08:40:53:307 24.02.2018
// таймаут: 40 мсек

51  : 01.00.000.00.01
Чтение коэффициентов: 95 %

CA E0 EB FE EC ED FB 20 

01 00 08 00 2A 33 5C DF   // передача: 8 байт; 08:40:53:307 24.02.2018
// приём по количеству байт: 12 из 12
// принято с порта: 12 байт

01 00 0C 00 2A 00 00 00 00 00 26 5D   // прием: 12 байт; 08:40:53:337 24.02.2018
// таймаут: 30 мсек

52  : 01.00.000.00.01
Чтение коэффициентов: 96 %

CA E0 EB FE EC ED FB 20 

01 00 08 00 2A 34 1D 1D   // передача: 8 байт; 08:40:53:347 24.02.2018
// приём по количеству байт: 12 из 12
// принято с порта: 12 байт

01 00 0C 00 2A 00 00 00 00 00 26 5D   // прием: 12 байт; 08:40:53:377 24.02.2018
// таймаут: 30 мсек

53  : 01.00.000.00.01
Чтение коэффициентов: 96 %

CA E0 EB FE EC ED FB 20 

01 00 08 00 2A 35 DC DD   // передача: 8 байт; 08:40:53:387 24.02.2018
// приём по количеству байт: 12 из 12
// принято с порта: 12 байт

01 00 0C 00 2A 00 00 00 00 00 26 5D   // прием: 12 байт; 08:40:53:417 24.02.2018
// таймаут: 30 мсек

54  : 01.00.000.00.01
Чтение коэффициентов: 96 %

CA E0 EB FE EC ED FB 20 

01 00 08 00 2A 36 9C DC   // передача: 8 байт; 08:40:53:427 24.02.2018
// приём по количеству байт: 12 из 12
// принято с порта: 12 байт

01 00 0C 00 2A 00 00 00 00 00 26 5D   // прием: 12 байт; 08:40:53:457 24.02.2018
// таймаут: 30 мсек

55  : 01.00.000.00.01
Чтение коэффициентов: 97 %

CA E0 EB FE EC ED FB 20 

01 00 08 00 2A 37 5D 1C   // передача: 8 байт; 08:40:53:467 24.02.2018
// приём по количеству байт: 12 из 12
// принято с порта: 12 байт

01 00 0C 00 2A 00 00 00 00 00 26 5D   // прием: 12 байт; 08:40:53:497 24.02.2018
// таймаут: 30 мсек

56  : 01.00.000.00.01
Чтение коэффициентов: 97 %

CA E0 EB FE EC ED FB 20 

01 00 08 00 2A 38 1D 18   // передача: 8 байт; 08:40:53:507 24.02.2018
// приём по количеству байт: 12 из 12
// принято с порта: 12 байт

01 00 0C 00 2A 00 00 00 00 00 26 5D   // прием: 12 байт; 08:40:53:537 24.02.2018
// таймаут: 30 мсек

57  : 01.00.000.00.01
Чтение коэффициентов: 97 %

CA E0 EB FE EC ED FB 20 

01 00 08 00 2A 39 DC D8   // передача: 8 байт; 08:40:53:547 24.02.2018
// приём по количеству байт: 12 из 12
// принято с порта: 12 байт

01 00 0C 00 2A 00 00 00 00 00 26 5D   // прием: 12 байт; 08:40:53:577 24.02.2018
// таймаут: 30 мсек

58  : 01.00.000.00.01
Чтение коэффициентов: 98 %

CA E0 EB FE EC ED FB 20 

01 00 08 00 2A 3A 9C D9   // передача: 8 байт; 08:40:53:587 24.02.2018
// приём по количеству байт: 12 из 12
// принято с порта: 12 байт

01 00 0C 00 2A 00 00 00 00 00 26 5D   // прием: 12 байт; 08:40:53:617 24.02.2018
// таймаут: 30 мсек

59  : 01.00.000.00.01
Чтение коэффициентов: 98 %

CA E0 EB FE EC ED FB 20 

01 00 08 00 2A 3B 5D 19   // передача: 8 байт; 08:40:53:627 24.02.2018
// приём по количеству байт: 12 из 12
// принято с порта: 12 байт

01 00 0C 00 2A 00 00 00 00 00 26 5D   // прием: 12 байт; 08:40:53:657 24.02.2018
// таймаут: 30 мсек

60  : 01.00.000.00.01
Чтение коэффициентов: 98 %

CA E0 EB FE EC ED FB 20 

01 00 08 00 2A 3C 1C DB   // передача: 8 байт; 08:40:53:667 24.02.2018
// приём по количеству байт: 12 из 12
// принято с порта: 12 байт

01 00 0C 00 2A 00 00 00 00 00 26 5D   // прием: 12 байт; 08:40:53:697 24.02.2018
// таймаут: 30 мсек

61  : 01.00.000.00.01
Чтение коэффициентов: 99 %

CA E0 EB FE EC ED FB 20 

01 00 08 00 2A 3D DD 1B   // передача: 8 байт; 08:40:53:697 24.02.2018
// приём по количеству байт: 12 из 12
// принято с порта: 12 байт

01 00 0C 00 2A 00 00 00 00 00 26 5D   // прием: 12 байт; 08:40:53:737 24.02.2018
// таймаут: 40 мсек

62  : 01.00.000.00.01
Чтение коэффициентов: 99 %

CA E0 EB FE EC ED FB 20 

01 00 08 00 2A 3E 9D 1A   // передача: 8 байт; 08:40:53:737 24.02.2018
// приём по количеству байт: 12 из 12
// принято с порта: 12 байт

01 00 0C 00 2A 00 00 00 00 00 26 5D   // прием: 12 байт; 08:40:53:777 24.02.2018
// таймаут: 40 мсек

63  : 01.00.000.00.01
Чтение коэффициентов: 99 %

CA E0 EB FE EC ED FB 20 

01 00 08 00 2A 3F 5C DA   // передача: 8 байт; 08:40:53:777 24.02.2018
// приём по количеству байт: 12 из 12
// принято с порта: 12 байт

01 00 0C 00 2A 00 00 00 00 00 26 5D   // прием: 12 байт; 08:40:53:817 24.02.2018
// таймаут: 40 мсек

64  : 01.00.000.00.01
Чтение коэффициентов: 100 %



1B 41   // передача: 2 байт; 08:45:27:684 24.02.2018



1B 41   // передача: 2 байт; 08:45:28:164 24.02.2018



1B 41   // передача: 2 байт; 08:45:28:474 24.02.2018
// приём по таймауту: 1000 мс
// принято с порта: 0 байт



1A   // передача: 1 байт; 08:45:30:874 24.02.2018
Чтение коэффициентов

CA E0 EB FE EC ED FB 20 

01 00 07 00 1E 28 09   // передача: 7 байт; 08:45:33:384 24.02.2018
// приём по количеству байт: 263 из 263
// принято с порта: 263 байт

01 00 07 01 1E 3F 80 00 00 3F 80 00 00 3F 80 00 00 3F 80 00 00 3F 80 00 00 3F 80 00 00 3F 80 00 00 3F 80 00 00 3F 80 00 00 3F 80 00 00 3F 80 00 00 3F 80 00 00 3F 80 00 00 3F 80 00 00 3F 80 00 00 3F 80 00 00 3F 80 00 00 3F 80 00 00 3F 80 00 00 3F 80 00 00 3F 80 00 00 3F 80 00 00 3F 80 00 00 3F 80 00 00 3F 80 00 00 3F 80 00 00 3F 80 00 00 3F 80 00 00 3F 80 00 00 3F 80 00 00 3F 80 00 00 3F 80 00 00 3F 80 00 00 3F 80 00 00 3F 80 00 00 3F 80 00 00 3F 80 00 00 3F 80 00 00 3F 80 00 00 3F 80 00 00 3F 80 00 00 3F 80 00 00 3F 80 00 00 3F 80 00 00 3F 80 00 00 3F 80 00 00 3F 80 00 00 3F 80 00 00 3F 80 00 00 3F 80 00 00 3F 80 00 00 3F 80 00 00 3F 80 00 00 3F 80 00 00 3F 80 00 00 3F 80 00 00 3F 80 00 00 3F 80 00 00 3F 80 00 00 3F 80 00 00 3F 80 00 00 3F 80 00 00 3F 80 00 00 3F 80 00 00 BE 01   // прием: 263 байт; 08:45:33:684 24.02.2018
// таймаут: 300 мсек

1   : 1,000
2   : 1,000
3   : 1,000
4   : 1,000
5   : 1,000
6   : 1,000
7   : 1,000
8   : 1,000
9   : 1,000
10  : 1,000
11  : 1,000
12  : 1,000
13  : 1,000
14  : 1,000
15  : 1,000
16  : 1,000
17  : 1,000
18  : 1,000
19  : 1,000
20  : 1,000
21  : 1,000
22  : 1,000
23  : 1,000
24  : 1,000
25  : 1,000
26  : 1,000
27  : 1,000
28  : 1,000
29  : 1,000
30  : 1,000
31  : 1,000
32  : 1,000
33  : 1,000
34  : 1,000
35  : 1,000
36  : 1,000
37  : 1,000
38  : 1,000
39  : 1,000
40  : 1,000
41  : 1,000
42  : 1,000
43  : 1,000
44  : 1,000
45  : 1,000
46  : 1,000
47  : 1,000
48  : 1,000
49  : 1,000
50  : 1,000
51  : 1,000
52  : 1,000
53  : 1,000
54  : 1,000
55  : 1,000
56  : 1,000
57  : 1,000
58  : 1,000
59  : 1,000
60  : 1,000
61  : 1,000
62  : 1,000
63  : 1,000
64  : 1,000
Чтение коэффициентов: 20 %

CA E0 EB FE EC ED FB 20 

01 00 07 00 22 28 18   // передача: 7 байт; 08:45:33:694 24.02.2018
// приём по количеству байт: 263 из 263
// принято с порта: 263 байт

01 00 07 01 22 43 FA 00 00 43 FA 00 00 43 FA 00 00 43 FA 00 00 43 FA 00 00 43 FA 00 00 43 FA 00 00 43 FA 00 00 43 FA 00 00 43 FA 00 00 43 FA 00 00 43 FA 00 00 43 FA 00 00 43 FA 00 00 43 FA 00 00 43 FA 00 00 43 FA 00 00 43 FA 00 00 43 FA 00 00 43 FA 00 00 43 FA 00 00 43 FA 00 00 43 FA 00 00 43 FA 00 00 43 FA 00 00 43 FA 00 00 43 FA 00 00 43 FA 00 00 43 FA 00 00 43 FA 00 00 43 FA 00 00 43 FA 00 00 43 FA 00 00 43 FA 00 00 43 FA 00 00 43 FA 00 00 43 FA 00 00 43 FA 00 00 43 FA 00 00 43 FA 00 00 43 FA 00 00 43 FA 00 00 43 FA 00 00 43 FA 00 00 43 FA 00 00 43 FA 00 00 43 FA 00 00 43 FA 00 00 43 FA 00 00 43 FA 00 00 43 FA 00 00 43 FA 00 00 43 FA 00 00 43 FA 00 00 43 FA 00 00 43 FA 00 00 43 FA 00 00 43 FA 00 00 43 FA 00 00 43 FA 00 00 43 FA 00 00 43 FA 00 00 43 FA 00 00 43 FA 00 00 6E 11   // прием: 263 байт; 08:45:33:994 24.02.2018
// таймаут: 300 мсек

1   : 500,000
2   : 500,000
3   : 500,000
4   : 500,000
5   : 500,000
6   : 500,000
7   : 500,000
8   : 500,000
9   : 500,000
10  : 500,000
11  : 500,000
12  : 500,000
13  : 500,000
14  : 500,000
15  : 500,000
16  : 500,000
17  : 500,000
18  : 500,000
19  : 500,000
20  : 500,000
21  : 500,000
22  : 500,000
23  : 500,000
24  : 500,000
25  : 500,000
26  : 500,000
27  : 500,000
28  : 500,000
29  : 500,000
30  : 500,000
31  : 500,000
32  : 500,000
33  : 500,000
34  : 500,000
35  : 500,000
36  : 500,000
37  : 500,000
38  : 500,000
39  : 500,000
40  : 500,000
41  : 500,000
42  : 500,000
43  : 500,000
44  : 500,000
45  : 500,000
46  : 500,000
47  : 500,000
48  : 500,000
49  : 500,000
50  : 500,000
51  : 500,000
52  : 500,000
53  : 500,000
54  : 500,000
55  : 500,000
56  : 500,000
57  : 500,000
58  : 500,000
59  : 500,000
60  : 500,000
61  : 500,000
62  : 500,000
63  : 500,000
64  : 500,000
Чтение коэффициентов: 40 %

CA E0 EB FE EC ED FB 20 

01 00 07 00 28 A8 1F   // передача: 7 байт; 08:45:34:004 24.02.2018
// приём по количеству байт: 263 из 263
// принято с порта: 263 байт

01 00 07 01 28 00 00 00 00 00 00 00 00 00 00 00 00 00 00 00 00 00 00 00 00 00 00 00 00 00 00 00 00 00 00 00 00 00 00 00 00 00 00 00 00 00 00 00 00 00 00 00 00 00 00 00 00 00 00 00 00 00 00 00 00 00 00 00 00 00 00 00 00 00 00 00 00 00 00 00 00 00 00 00 00 00 00 00 00 00 00 00 00 00 00 00 00 00 00 00 00 00 00 00 00 00 00 00 00 00 00 00 00 00 00 00 00 00 00 00 00 00 00 00 00 00 00 00 00 00 00 00 00 00 00 00 00 00 00 00 00 00 00 00 00 00 00 00 00 00 00 00 00 00 00 00 00 00 00 00 00 00 00 00 00 00 00 00 00 00 00 00 00 00 00 00 00 00 00 00 00 00 00 00 00 00 00 00 00 00 00 00 00 00 00 00 00 00 00 00 00 00 00 00 00 00 00 00 00 00 00 00 00 00 00 00 00 00 00 00 00 00 00 00 00 00 00 00 00 00 00 00 00 00 00 00 00 00 00 00 00 00 00 00 00 00 00 00 00 00 00 00 00 00 00 00 00 00 00 00 00 5E C9   // прием: 263 байт; 08:45:34:304 24.02.2018
// таймаут: 300 мсек

1   : 0,000
2   : 0,000
3   : 0,000
4   : 0,000
5   : 0,000
6   : 0,000
7   : 0,000
8   : 0,000
9   : 0,000
10  : 0,000
11  : 0,000
12  : 0,000
13  : 0,000
14  : 0,000
15  : 0,000
16  : 0,000
17  : 0,000
18  : 0,000
19  : 0,000
20  : 0,000
21  : 0,000
22  : 0,000
23  : 0,000
24  : 0,000
25  : 0,000
26  : 0,000
27  : 0,000
28  : 0,000
29  : 0,000
30  : 0,000
31  : 0,000
32  : 0,000
33  : 0,000
34  : 0,000
35  : 0,000
36  : 0,000
37  : 0,000
38  : 0,000
39  : 0,000
40  : 0,000
41  : 0,000
42  : 0,000
43  : 0,000
44  : 0,000
45  : 0,000
46  : 0,000
47  : 0,000
48  : 0,000
49  : 0,000
50  : 0,000
51  : 0,000
52  : 0,000
53  : 0,000
54  : 0,000
55  : 0,000
56  : 0,000
57  : 0,000
58  : 0,000
59  : 0,000
60  : 0,000
61  : 0,000
62  : 0,000
63  : 0,000
64  : 0,000
Чтение коэффициентов: 60 %

CA E0 EB FE EC ED FB 20 

01 00 07 00 26 29 DB   // передача: 7 байт; 08:45:34:314 24.02.2018
// приём по количеству байт: 263 из 263
// принято с порта: 263 байт

01 00 07 01 26 00 00 00 00 00 00 00 00 00 00 00 00 00 00 00 00 00 00 00 00 00 00 00 00 00 00 00 00 00 00 00 00 00 00 00 00 00 00 00 00 00 00 00 00 00 00 00 00 00 00 00 00 00 00 00 00 00 00 00 00 00 00 00 00 00 00 00 00 00 00 00 00 00 00 00 00 00 00 00 00 00 00 00 00 00 00 00 00 00 00 00 00 00 00 00 00 00 00 00 00 00 00 00 00 00 00 00 00 00 00 00 00 00 00 00 00 00 00 00 00 00 00 00 00 00 00 00 00 00 00 00 00 00 00 00 00 00 00 00 00 00 00 00 00 00 00 00 00 00 00 00 00 00 00 00 00 00 00 00 00 00 00 00 00 00 00 00 00 00 00 00 00 00 00 00 00 00 00 00 00 00 00 00 00 00 00 00 00 00 00 00 00 00 00 00 00 00 00 00 00 00 00 00 00 00 00 00 00 00 00 00 00 00 00 00 00 00 00 00 00 00 00 00 00 00 00 00 00 00 00 00 00 00 00 00 00 00 00 00 00 00 00 00 00 00 00 00 00 00 00 00 00 00 00 00 00 32 A8   // прием: 263 байт; 08:45:34:614 24.02.2018
// таймаут: 300 мсек

1   : 0,000
2   : 0,000
3   : 0,000
4   : 0,000
5   : 0,000
6   : 0,000
7   : 0,000
8   : 0,000
9   : 0,000
10  : 0,000
11  : 0,000
12  : 0,000
13  : 0,000
14  : 0,000
15  : 0,000
16  : 0,000
17  : 0,000
18  : 0,000
19  : 0,000
20  : 0,000
21  : 0,000
22  : 0,000
23  : 0,000
24  : 0,000
25  : 0,000
26  : 0,000
27  : 0,000
28  : 0,000
29  : 0,000
30  : 0,000
31  : 0,000
32  : 0,000
33  : 0,000
34  : 0,000
35  : 0,000
36  : 0,000
37  : 0,000
38  : 0,000
39  : 0,000
40  : 0,000
41  : 0,000
42  : 0,000
43  : 0,000
44  : 0,000
45  : 0,000
46  : 0,000
47  : 0,000
48  : 0,000
49  : 0,000
50  : 0,000
51  : 0,000
52  : 0,000
53  : 0,000
54  : 0,000
55  : 0,000
56  : 0,000
57  : 0,000
58  : 0,000
59  : 0,000
60  : 0,000
61  : 0,000
62  : 0,000
63  : 0,000
64  : 0,000
Чтение коэффициентов: 80 %

CA E0 EB FE EC ED FB 20 

01 00 08 00 2A 00 1C CA   // передача: 8 байт; 08:45:34:624 24.02.2018
// приём по количеству байт: 12 из 12
// принято с порта: 12 байт

01 00 0C 00 2A 02 00 1A 01 00 7F CA   // прием: 12 байт; 08:45:34:664 24.02.2018
// таймаут: 40 мсек

1   : 03.00.026.01.01
Чтение коэффициентов: 80 %

CA E0 EB FE EC ED FB 20 

01 00 08 00 2A 01 DD 0A   // передача: 8 байт; 08:45:34:664 24.02.2018
// приём по количеству байт: 12 из 12
// принято с порта: 12 байт

01 00 0C 00 2A 03 00 1A 02 00 42 FA   // прием: 12 байт; 08:45:34:704 24.02.2018
// таймаут: 40 мсек

2   : 04.00.026.02.01
Чтение коэффициентов: 80 %

CA E0 EB FE EC ED FB 20 

01 00 08 00 2A 02 9D 0B   // передача: 8 байт; 08:45:34:704 24.02.2018
// приём по количеству байт: 12 из 12
// принято с порта: 12 байт

01 00 0C 00 2A 00 00 00 00 00 26 5D   // прием: 12 байт; 08:45:34:744 24.02.2018
// таймаут: 40 мсек

3   : 01.00.000.00.01
Чтение коэффициентов: 80 %

CA E0 EB FE EC ED FB 20 

01 00 08 00 2A 03 5C CB   // передача: 8 байт; 08:45:34:744 24.02.2018
// приём по количеству байт: 12 из 12
// принято с порта: 12 байт

01 00 0C 00 2A 00 00 00 00 00 26 5D   // прием: 12 байт; 08:45:34:784 24.02.2018
// таймаут: 40 мсек

4   : 01.00.000.00.01
Чтение коэффициентов: 81 %

CA E0 EB FE EC ED FB 20 

01 00 08 00 2A 04 1D 09   // передача: 8 байт; 08:45:34:784 24.02.2018
// приём по количеству байт: 12 из 12
// принято с порта: 12 байт

01 00 0C 00 2A 00 00 00 00 00 26 5D   // прием: 12 байт; 08:45:34:824 24.02.2018
// таймаут: 40 мсек

5   : 01.00.000.00.01
Чтение коэффициентов: 81 %

CA E0 EB FE EC ED FB 20 

01 00 08 00 2A 05 DC C9   // передача: 8 байт; 08:45:34:824 24.02.2018
// приём по количеству байт: 12 из 12
// принято с порта: 12 байт

01 00 0C 00 2A 00 00 00 00 00 26 5D   // прием: 12 байт; 08:45:34:864 24.02.2018
// таймаут: 40 мсек

6   : 01.00.000.00.01
Чтение коэффициентов: 81 %

CA E0 EB FE EC ED FB 20 

01 00 08 00 2A 06 9C C8   // передача: 8 байт; 08:45:34:864 24.02.2018
// приём по количеству байт: 12 из 12
// принято с порта: 12 байт

01 00 0C 00 2A 00 00 00 00 00 26 5D   // прием: 12 байт; 08:45:34:904 24.02.2018
// таймаут: 40 мсек

7   : 01.00.000.00.01
Чтение коэффициентов: 82 %

CA E0 EB FE EC ED FB 20 

01 00 08 00 2A 07 5D 08   // передача: 8 байт; 08:45:34:904 24.02.2018
// приём по количеству байт: 12 из 12
// принято с порта: 12 байт

01 00 0C 00 2A 00 00 00 00 00 26 5D   // прием: 12 байт; 08:45:34:934 24.02.2018
// таймаут: 30 мсек

8   : 01.00.000.00.01
Чтение коэффициентов: 82 %

CA E0 EB FE EC ED FB 20 

01 00 08 00 2A 08 1D 0C   // передача: 8 байт; 08:45:34:944 24.02.2018
// приём по количеству байт: 12 из 12
// принято с порта: 12 байт

01 00 0C 00 2A 00 00 00 00 00 26 5D   // прием: 12 байт; 08:45:34:974 24.02.2018
// таймаут: 30 мсек

9   : 01.00.000.00.01
Чтение коэффициентов: 82 %

CA E0 EB FE EC ED FB 20 

01 00 08 00 2A 09 DC CC   // передача: 8 байт; 08:45:34:984 24.02.2018
// приём по количеству байт: 12 из 12
// принято с порта: 12 байт

01 00 0C 00 2A 00 00 00 00 00 26 5D   // прием: 12 байт; 08:45:35:014 24.02.2018
// таймаут: 30 мсек

10  : 01.00.000.00.01
Чтение коэффициентов: 83 %

CA E0 EB FE EC ED FB 20 

01 00 08 00 2A 0A 9C CD   // передача: 8 байт; 08:45:35:024 24.02.2018
// приём по количеству байт: 12 из 12
// принято с порта: 12 байт

01 00 0C 00 2A 00 00 00 00 00 26 5D   // прием: 12 байт; 08:45:35:054 24.02.2018
// таймаут: 30 мсек

11  : 01.00.000.00.01
Чтение коэффициентов: 83 %

CA E0 EB FE EC ED FB 20 

01 00 08 00 2A 0B 5D 0D   // передача: 8 байт; 08:45:35:064 24.02.2018
// приём по количеству байт: 12 из 12
// принято с порта: 12 байт

01 00 0C 00 2A 00 00 00 00 00 26 5D   // прием: 12 байт; 08:45:35:094 24.02.2018
// таймаут: 30 мсек

12  : 01.00.000.00.01
Чтение коэффициентов: 83 %

CA E0 EB FE EC ED FB 20 

01 00 08 00 2A 0C 1C CF   // передача: 8 байт; 08:45:35:104 24.02.2018
// приём по количеству байт: 12 из 12
// принято с порта: 12 байт

01 00 0C 00 2A 00 00 00 00 00 26 5D   // прием: 12 байт; 08:45:35:134 24.02.2018
// таймаут: 30 мсек

13  : 01.00.000.00.01
Чтение коэффициентов: 84 %

CA E0 EB FE EC ED FB 20 

01 00 08 00 2A 0D DD 0F   // передача: 8 байт; 08:45:35:134 24.02.2018
// приём по количеству байт: 12 из 12
// принято с порта: 12 байт

01 00 0C 00 2A 00 00 00 00 00 26 5D   // прием: 12 байт; 08:45:35:174 24.02.2018
// таймаут: 40 мсек

14  : 01.00.000.00.01
Чтение коэффициентов: 84 %

CA E0 EB FE EC ED FB 20 

01 00 08 00 2A 0E 9D 0E   // передача: 8 байт; 08:45:35:174 24.02.2018
// приём по количеству байт: 12 из 12
// принято с порта: 12 байт

01 00 0C 00 2A 00 00 00 00 00 26 5D   // прием: 12 байт; 08:45:35:214 24.02.2018
// таймаут: 40 мсек

15  : 01.00.000.00.01
Чтение коэффициентов: 84 %

CA E0 EB FE EC ED FB 20 

01 00 08 00 2A 0F 5C CE   // передача: 8 байт; 08:45:35:214 24.02.2018
// приём по количеству байт: 12 из 12
// принято с порта: 12 байт

01 00 0C 00 2A 00 00 00 00 00 26 5D   // прием: 12 байт; 08:45:35:254 24.02.2018
// таймаут: 40 мсек

16  : 01.00.000.00.01
Чтение коэффициентов: 84 %

CA E0 EB FE EC ED FB 20 

01 00 08 00 2A 10 1D 06   // передача: 8 байт; 08:45:35:254 24.02.2018
// приём по количеству байт: 12 из 12
// принято с порта: 12 байт

01 00 0C 00 2A 00 00 00 00 00 26 5D   // прием: 12 байт; 08:45:35:294 24.02.2018
// таймаут: 40 мсек

17  : 01.00.000.00.01
Чтение коэффициентов: 85 %

CA E0 EB FE EC ED FB 20 

01 00 08 00 2A 11 DC C6   // передача: 8 байт; 08:45:35:294 24.02.2018
// приём по количеству байт: 12 из 12
// принято с порта: 12 байт

01 00 0C 00 2A 00 00 00 00 00 26 5D   // прием: 12 байт; 08:45:35:334 24.02.2018
// таймаут: 40 мсек

18  : 01.00.000.00.01
Чтение коэффициентов: 85 %

CA E0 EB FE EC ED FB 20 

01 00 08 00 2A 12 9C C7   // передача: 8 байт; 08:45:35:334 24.02.2018
// приём по количеству байт: 12 из 12
// принято с порта: 12 байт

01 00 0C 00 2A 00 00 00 00 00 26 5D   // прием: 12 байт; 08:45:35:374 24.02.2018
// таймаут: 40 мсек

19  : 01.00.000.00.01
Чтение коэффициентов: 85 %

CA E0 EB FE EC ED FB 20 

01 00 08 00 2A 13 5D 07   // передача: 8 байт; 08:45:35:374 24.02.2018
// приём по количеству байт: 12 из 12
// принято с порта: 12 байт

01 00 0C 00 2A 00 00 00 00 00 26 5D   // прием: 12 байт; 08:45:35:414 24.02.2018
// таймаут: 40 мсек

20  : 01.00.000.00.01
Чтение коэффициентов: 86 %

CA E0 EB FE EC ED FB 20 

01 00 08 00 2A 14 1C C5   // передача: 8 байт; 08:45:35:414 24.02.2018
// приём по количеству байт: 12 из 12
// принято с порта: 12 байт

01 00 0C 00 2A 00 00 00 00 00 26 5D   // прием: 12 байт; 08:45:35:454 24.02.2018
// таймаут: 40 мсек

21  : 01.00.000.00.01
Чтение коэффициентов: 86 %

CA E0 EB FE EC ED FB 20 

01 00 08 00 2A 15 DD 05   // передача: 8 байт; 08:45:35:454 24.02.2018
// приём по количеству байт: 12 из 12
// принято с порта: 12 байт

01 00 0C 00 2A 00 00 00 00 00 26 5D   // прием: 12 байт; 08:45:35:494 24.02.2018
// таймаут: 40 мсек

22  : 01.00.000.00.01
Чтение коэффициентов: 86 %

CA E0 EB FE EC ED FB 20 

01 00 08 00 2A 16 9D 04   // передача: 8 байт; 08:45:35:494 24.02.2018
// приём по количеству байт: 12 из 12
// принято с порта: 12 байт

01 00 0C 00 2A 00 00 00 00 00 26 5D   // прием: 12 байт; 08:45:35:534 24.02.2018
// таймаут: 40 мсек

23  : 01.00.000.00.01
Чтение коэффициентов: 87 %

CA E0 EB FE EC ED FB 20 

01 00 08 00 2A 17 5C C4   // передача: 8 байт; 08:45:35:534 24.02.2018
// приём по количеству байт: 12 из 12
// принято с порта: 12 байт

01 00 0C 00 2A 00 00 00 00 00 26 5D   // прием: 12 байт; 08:45:35:574 24.02.2018
// таймаут: 40 мсек

24  : 01.00.000.00.01
Чтение коэффициентов: 87 %

CA E0 EB FE EC ED FB 20 

01 00 08 00 2A 18 1C C0   // передача: 8 байт; 08:45:35:574 24.02.2018
// приём по количеству байт: 12 из 12
// принято с порта: 12 байт

01 00 0C 00 2A 00 00 00 00 00 26 5D   // прием: 12 байт; 08:45:35:614 24.02.2018
// таймаут: 40 мсек

25  : 01.00.000.00.01
Чтение коэффициентов: 87 %

CA E0 EB FE EC ED FB 20 

01 00 08 00 2A 19 DD 00   // передача: 8 байт; 08:45:35:614 24.02.2018
// приём по количеству байт: 12 из 12
// принято с порта: 12 байт

01 00 0C 00 2A 00 00 00 00 00 26 5D   // прием: 12 байт; 08:45:35:654 24.02.2018
// таймаут: 40 мсек

26  : 01.00.000.00.01
Чтение коэффициентов: 88 %

CA E0 EB FE EC ED FB 20 

01 00 08 00 2A 1A 9D 01   // передача: 8 байт; 08:45:35:654 24.02.2018
// приём по количеству байт: 12 из 12
// принято с порта: 12 байт

01 00 0C 00 2A 00 00 00 00 00 26 5D   // прием: 12 байт; 08:45:35:694 24.02.2018
// таймаут: 40 мсек

27  : 01.00.000.00.01
Чтение коэффициентов: 88 %

CA E0 EB FE EC ED FB 20 

01 00 08 00 2A 1B 5C C1   // передача: 8 байт; 08:45:35:694 24.02.2018
// приём по количеству байт: 12 из 12
// принято с порта: 12 байт

01 00 0C 00 2A 00 00 00 00 00 26 5D   // прием: 12 байт; 08:45:35:734 24.02.2018
// таймаут: 40 мсек

28  : 01.00.000.00.01
Чтение коэффициентов: 88 %

CA E0 EB FE EC ED FB 20 

01 00 08 00 2A 1C 1D 03   // передача: 8 байт; 08:45:35:734 24.02.2018
// приём по количеству байт: 12 из 12
// принято с порта: 12 байт

01 00 0C 00 2A 00 00 00 00 00 26 5D   // прием: 12 байт; 08:45:35:774 24.02.2018
// таймаут: 40 мсек

29  : 01.00.000.00.01
Чтение коэффициентов: 89 %

CA E0 EB FE EC ED FB 20 

01 00 08 00 2A 1D DC C3   // передача: 8 байт; 08:45:35:774 24.02.2018
// приём по количеству байт: 12 из 12
// принято с порта: 12 байт

01 00 0C 00 2A 00 00 00 00 00 26 5D   // прием: 12 байт; 08:45:35:814 24.02.2018
// таймаут: 40 мсек

30  : 01.00.000.00.01
Чтение коэффициентов: 89 %

CA E0 EB FE EC ED FB 20 

01 00 08 00 2A 1E 9C C2   // передача: 8 байт; 08:45:35:814 24.02.2018
// приём по количеству байт: 12 из 12
// принято с порта: 12 байт

01 00 0C 00 2A 00 00 00 00 00 26 5D   // прием: 12 байт; 08:45:35:854 24.02.2018
// таймаут: 40 мсек

31  : 01.00.000.00.01
Чтение коэффициентов: 89 %

CA E0 EB FE EC ED FB 20 

01 00 08 00 2A 1F 5D 02   // передача: 8 байт; 08:45:35:854 24.02.2018
// приём по количеству байт: 12 из 12
// принято с порта: 12 байт

01 00 0C 00 2A 00 00 00 00 00 26 5D   // прием: 12 байт; 08:45:35:894 24.02.2018
// таймаут: 40 мсек

32  : 01.00.000.00.01
Чтение коэффициентов: 89 %

CA E0 EB FE EC ED FB 20 

01 00 08 00 2A 20 1D 12   // передача: 8 байт; 08:45:35:894 24.02.2018
// приём по количеству байт: 12 из 12
// принято с порта: 12 байт

01 00 0C 00 2A 00 00 00 00 00 26 5D   // прием: 12 байт; 08:45:35:934 24.02.2018
// таймаут: 40 мсек

33  : 01.00.000.00.01
Чтение коэффициентов: 90 %

CA E0 EB FE EC ED FB 20 

01 00 08 00 2A 21 DC D2   // передача: 8 байт; 08:45:35:934 24.02.2018
// приём по количеству байт: 12 из 12
// принято с порта: 12 байт

01 00 0C 00 2A 00 00 00 00 00 26 5D   // прием: 12 байт; 08:45:35:964 24.02.2018
// таймаут: 30 мсек

34  : 01.00.000.00.01
Чтение коэффициентов: 90 %

CA E0 EB FE EC ED FB 20 

01 00 08 00 2A 22 9C D3   // передача: 8 байт; 08:45:35:974 24.02.2018
// приём по количеству байт: 12 из 12
// принято с порта: 12 байт

01 00 0C 00 2A 00 00 00 00 00 26 5D   // прием: 12 байт; 08:45:36:004 24.02.2018
// таймаут: 30 мсек

35  : 01.00.000.00.01
Чтение коэффициентов: 90 %

CA E0 EB FE EC ED FB 20 

01 00 08 00 2A 23 5D 13   // передача: 8 байт; 08:45:36:014 24.02.2018
// приём по количеству байт: 12 из 12
// принято с порта: 12 байт

01 00 0C 00 2A 00 00 00 00 00 26 5D   // прием: 12 байт; 08:45:36:044 24.02.2018
// таймаут: 30 мсек

36  : 01.00.000.00.01
Чтение коэффициентов: 91 %

CA E0 EB FE EC ED FB 20 

01 00 08 00 2A 24 1C D1   // передача: 8 байт; 08:45:36:054 24.02.2018
// приём по количеству байт: 12 из 12
// принято с порта: 12 байт

01 00 0C 00 2A 00 00 00 00 00 26 5D   // прием: 12 байт; 08:45:36:084 24.02.2018
// таймаут: 30 мсек

37  : 01.00.000.00.01
Чтение коэффициентов: 91 %

CA E0 EB FE EC ED FB 20 

01 00 08 00 2A 25 DD 11   // передача: 8 байт; 08:45:36:094 24.02.2018
// приём по количеству байт: 12 из 12
// принято с порта: 12 байт

01 00 0C 00 2A 00 00 00 00 00 26 5D   // прием: 12 байт; 08:45:36:124 24.02.2018
// таймаут: 30 мсек

38  : 01.00.000.00.01
Чтение коэффициентов: 91 %

CA E0 EB FE EC ED FB 20 

01 00 08 00 2A 26 9D 10   // передача: 8 байт; 08:45:36:134 24.02.2018
// приём по количеству байт: 12 из 12
// принято с порта: 12 байт

01 00 0C 00 2A 00 00 00 00 00 26 5D   // прием: 12 байт; 08:45:36:164 24.02.2018
// таймаут: 30 мсек

39  : 01.00.000.00.01
Чтение коэффициентов: 92 %

CA E0 EB FE EC ED FB 20 

01 00 08 00 2A 27 5C D0   // передача: 8 байт; 08:45:36:164 24.02.2018
// приём по количеству байт: 12 из 12
// принято с порта: 12 байт

01 00 0C 00 2A 00 00 00 00 00 26 5D   // прием: 12 байт; 08:45:36:204 24.02.2018
// таймаут: 40 мсек

40  : 01.00.000.00.01
Чтение коэффициентов: 92 %

CA E0 EB FE EC ED FB 20 

01 00 08 00 2A 28 1C D4   // передача: 8 байт; 08:45:36:204 24.02.2018
// приём по количеству байт: 12 из 12
// принято с порта: 12 байт

01 00 0C 00 2A 00 00 00 00 00 26 5D   // прием: 12 байт; 08:45:36:244 24.02.2018
// таймаут: 40 мсек

41  : 01.00.000.00.01
Чтение коэффициентов: 92 %

CA E0 EB FE EC ED FB 20 

01 00 08 00 2A 29 DD 14   // передача: 8 байт; 08:45:36:244 24.02.2018
// приём по количеству байт: 12 из 12
// принято с порта: 12 байт

01 00 0C 00 2A 00 00 00 00 00 26 5D   // прием: 12 байт; 08:45:36:284 24.02.2018
// таймаут: 40 мсек

42  : 01.00.000.00.01
Чтение коэффициентов: 93 %

CA E0 EB FE EC ED FB 20 

01 00 08 00 2A 2A 9D 15   // передача: 8 байт; 08:45:36:284 24.02.2018
// приём по количеству байт: 12 из 12
// принято с порта: 12 байт

01 00 0C 00 2A 00 00 00 00 00 26 5D   // прием: 12 байт; 08:45:36:324 24.02.2018
// таймаут: 40 мсек

43  : 01.00.000.00.01
Чтение коэффициентов: 93 %

CA E0 EB FE EC ED FB 20 

01 00 08 00 2A 2B 5C D5   // передача: 8 байт; 08:45:36:324 24.02.2018
// приём по количеству байт: 12 из 12
// принято с порта: 12 байт

01 00 0C 00 2A 00 00 00 00 00 26 5D   // прием: 12 байт; 08:45:36:364 24.02.2018
// таймаут: 40 мсек

44  : 01.00.000.00.01
Чтение коэффициентов: 93 %

CA E0 EB FE EC ED FB 20 

01 00 08 00 2A 2C 1D 17   // передача: 8 байт; 08:45:36:364 24.02.2018
// приём по количеству байт: 12 из 12
// принято с порта: 12 байт

01 00 0C 00 2A 00 00 00 00 00 26 5D   // прием: 12 байт; 08:45:36:404 24.02.2018
// таймаут: 40 мсек

45  : 01.00.000.00.01
Чтение коэффициентов: 94 %

CA E0 EB FE EC ED FB 20 

01 00 08 00 2A 2D DC D7   // передача: 8 байт; 08:45:36:404 24.02.2018
// приём по количеству байт: 12 из 12
// принято с порта: 12 байт

01 00 0C 00 2A 00 00 00 00 00 26 5D   // прием: 12 байт; 08:45:36:444 24.02.2018
// таймаут: 40 мсек

46  : 01.00.000.00.01
Чтение коэффициентов: 94 %

CA E0 EB FE EC ED FB 20 

01 00 08 00 2A 2E 9C D6   // передача: 8 байт; 08:45:36:444 24.02.2018
// приём по количеству байт: 12 из 12
// принято с порта: 12 байт

01 00 0C 00 2A 00 00 00 00 00 26 5D   // прием: 12 байт; 08:45:36:484 24.02.2018
// таймаут: 40 мсек

47  : 01.00.000.00.01
Чтение коэффициентов: 94 %

CA E0 EB FE EC ED FB 20 

01 00 08 00 2A 2F 5D 16   // передача: 8 байт; 08:45:36:484 24.02.2018
// приём по количеству байт: 12 из 12
// принято с порта: 12 байт

01 00 0C 00 2A 00 00 00 00 00 26 5D   // прием: 12 байт; 08:45:36:524 24.02.2018
// таймаут: 40 мсек

48  : 01.00.000.00.01
Чтение коэффициентов: 94 %

CA E0 EB FE EC ED FB 20 

01 00 08 00 2A 30 1C DE   // передача: 8 байт; 08:45:36:524 24.02.2018
// приём по количеству байт: 12 из 12
// принято с порта: 12 байт

01 00 0C 00 2A 00 00 00 00 00 26 5D   // прием: 12 байт; 08:45:36:564 24.02.2018
// таймаут: 40 мсек

49  : 01.00.000.00.01
Чтение коэффициентов: 95 %

CA E0 EB FE EC ED FB 20 

01 00 08 00 2A 31 DD 1E   // передача: 8 байт; 08:45:36:564 24.02.2018
// приём по количеству байт: 12 из 12
// принято с порта: 12 байт

01 00 0C 00 2A 00 00 00 00 00 26 5D   // прием: 12 байт; 08:45:36:604 24.02.2018
// таймаут: 40 мсек

50  : 01.00.000.00.01
Чтение коэффициентов: 95 %

CA E0 EB FE EC ED FB 20 

01 00 08 00 2A 32 9D 1F   // передача: 8 байт; 08:45:36:604 24.02.2018
// приём по количеству байт: 12 из 12
// принято с порта: 12 байт

01 00 0C 00 2A 00 00 00 00 00 26 5D   // прием: 12 байт; 08:45:36:644 24.02.2018
// таймаут: 40 мсек

51  : 01.00.000.00.01
Чтение коэффициентов: 95 %

CA E0 EB FE EC ED FB 20 

01 00 08 00 2A 33 5C DF   // передача: 8 байт; 08:45:36:644 24.02.2018
// приём по количеству байт: 12 из 12
// принято с порта: 12 байт

01 00 0C 00 2A 00 00 00 00 00 26 5D   // прием: 12 байт; 08:45:36:684 24.02.2018
// таймаут: 40 мсек

52  : 01.00.000.00.01
Чтение коэффициентов: 96 %

CA E0 EB FE EC ED FB 20 

01 00 08 00 2A 34 1D 1D   // передача: 8 байт; 08:45:36:684 24.02.2018
// приём по количеству байт: 12 из 12
// принято с порта: 12 байт

01 00 0C 00 2A 00 00 00 00 00 26 5D   // прием: 12 байт; 08:45:36:724 24.02.2018
// таймаут: 40 мсек

53  : 01.00.000.00.01
Чтение коэффициентов: 96 %

CA E0 EB FE EC ED FB 20 

01 00 08 00 2A 35 DC DD   // передача: 8 байт; 08:45:36:724 24.02.2018
// приём по количеству байт: 12 из 12
// принято с порта: 12 байт

01 00 0C 00 2A 00 00 00 00 00 26 5D   // прием: 12 байт; 08:45:36:764 24.02.2018
// таймаут: 40 мсек

54  : 01.00.000.00.01
Чтение коэффициентов: 96 %

CA E0 EB FE EC ED FB 20 

01 00 08 00 2A 36 9C DC   // передача: 8 байт; 08:45:36:764 24.02.2018
// приём по количеству байт: 12 из 12
// принято с порта: 12 байт

01 00 0C 00 2A 00 00 00 00 00 26 5D   // прием: 12 байт; 08:45:36:804 24.02.2018
// таймаут: 40 мсек

55  : 01.00.000.00.01
Чтение коэффициентов: 97 %

CA E0 EB FE EC ED FB 20 

01 00 08 00 2A 37 5D 1C   // передача: 8 байт; 08:45:36:804 24.02.2018
// приём по количеству байт: 12 из 12
// принято с порта: 12 байт

01 00 0C 00 2A 00 00 00 00 00 26 5D   // прием: 12 байт; 08:45:36:844 24.02.2018
// таймаут: 40 мсек

56  : 01.00.000.00.01
Чтение коэффициентов: 97 %

CA E0 EB FE EC ED FB 20 

01 00 08 00 2A 38 1D 18   // передача: 8 байт; 08:45:36:844 24.02.2018
// приём по количеству байт: 12 из 12
// принято с порта: 12 байт

01 00 0C 00 2A 00 00 00 00 00 26 5D   // прием: 12 байт; 08:45:36:884 24.02.2018
// таймаут: 40 мсек

57  : 01.00.000.00.01
Чтение коэффициентов: 97 %

CA E0 EB FE EC ED FB 20 

01 00 08 00 2A 39 DC D8   // передача: 8 байт; 08:45:36:884 24.02.2018
// приём по количеству байт: 12 из 12
// принято с порта: 12 байт

01 00 0C 00 2A 00 00 00 00 00 26 5D   // прием: 12 байт; 08:45:36:924 24.02.2018
// таймаут: 40 мсек

58  : 01.00.000.00.01
Чтение коэффициентов: 98 %

CA E0 EB FE EC ED FB 20 

01 00 08 00 2A 3A 9C D9   // передача: 8 байт; 08:45:36:924 24.02.2018
// приём по количеству байт: 12 из 12
// принято с порта: 12 байт

01 00 0C 00 2A 00 00 00 00 00 26 5D   // прием: 12 байт; 08:45:36:964 24.02.2018
// таймаут: 40 мсек

59  : 01.00.000.00.01
Чтение коэффициентов: 98 %

CA E0 EB FE EC ED FB 20 

01 00 08 00 2A 3B 5D 19   // передача: 8 байт; 08:45:36:964 24.02.2018
// приём по количеству байт: 12 из 12
// принято с порта: 12 байт

01 00 0C 00 2A 00 00 00 00 00 26 5D   // прием: 12 байт; 08:45:37:004 24.02.2018
// таймаут: 40 мсек

60  : 01.00.000.00.01
Чтение коэффициентов: 98 %

CA E0 EB FE EC ED FB 20 

01 00 08 00 2A 3C 1C DB   // передача: 8 байт; 08:45:37:004 24.02.2018
// приём по количеству байт: 12 из 12
// принято с порта: 12 байт

01 00 0C 00 2A 00 00 00 00 00 26 5D   // прием: 12 байт; 08:45:37:034 24.02.2018
// таймаут: 30 мсек

61  : 01.00.000.00.01
Чтение коэффициентов: 99 %

CA E0 EB FE EC ED FB 20 

01 00 08 00 2A 3D DD 1B   // передача: 8 байт; 08:45:37:044 24.02.2018
// приём по количеству байт: 12 из 12
// принято с порта: 12 байт

01 00 0C 00 2A 00 00 00 00 00 26 5D   // прием: 12 байт; 08:45:37:074 24.02.2018
// таймаут: 30 мсек

62  : 01.00.000.00.01
Чтение коэффициентов: 99 %

CA E0 EB FE EC ED FB 20 

01 00 08 00 2A 3E 9D 1A   // передача: 8 байт; 08:45:37:084 24.02.2018
// приём по количеству байт: 12 из 12
// принято с порта: 12 байт

01 00 0C 00 2A 00 00 00 00 00 26 5D   // прием: 12 байт; 08:45:37:114 24.02.2018
// таймаут: 30 мсек

63  : 01.00.000.00.01
Чтение коэффициентов: 99 %

CA E0 EB FE EC ED FB 20 

01 00 08 00 2A 3F 5C DA   // передача: 8 байт; 08:45:37:124 24.02.2018
// приём по количеству байт: 12 из 12
// принято с порта: 12 байт

01 00 0C 00 2A 00 00 00 00 00 26 5D   // прием: 12 байт; 08:45:37:154 24.02.2018
// таймаут: 30 мсек

64  : 01.00.000.00.01
Чтение коэффициентов: 100 %

CA E0 EB FE EC ED FB 20 

01 00 07 00 F7 E9 87   // передача: 7 байт; 09:13:50:641 24.02.2018
// приём по таймауту: 1000 мс
// принято с порта: 0 байт
повтор: 1

CA E0 EB FE EC ED FB 20 

01 00 07 00 F7 E9 87   // передача: 7 байт; 09:13:51:642 24.02.2018
// приём по таймауту: 1000 мс
// принято с порта: 0 байт
повтор: 2

CA E0 EB FE EC ED FB 20 

01 00 07 00 F7 E9 87   // передача: 7 байт; 09:13:52:655 24.02.2018
// приём по таймауту: 1000 мс
// принято с порта: 0 байт
повтор: 3

CA E0 EB FE EC ED FB 20 

01 00 07 00 F7 E9 87   // передача: 7 байт; 09:13:53:669 24.02.2018

CA E0 EB FE EC ED FB 20 

01 00 07 00 F7 E9 87   // передача: 7 байт; 09:13:53:977 24.02.2018
// приём по таймауту: 1000 мс
// принято с порта: 0 байт
повтор: 4

CA E0 EB FE EC ED FB 20 

01 00 07 00 F7 E9 87   // передача: 7 байт; 09:13:54:979 24.02.2018
// приём по таймауту: 1000 мс
// принято с порта: 0 байт
повтор: 5

CA E0 EB FE EC ED FB 20 

01 00 07 00 F7 E9 87   // передача: 7 байт; 09:13:55:993 24.02.2018

CA E0 EB FE EC ED FB 20 

01 00 07 00 F7 E9 87   // передача: 7 байт; 09:13:56:208 24.02.2018
// приём по таймауту: 1000 мс
// принято с порта: 0 байт

CA E0 EB FE EC ED FB 20 

01 00 07 00 F7 E9 87   // передача: 7 байт; 09:14:46:888 24.02.2018
// приём по таймауту: 1000 мс
// принято с порта: 0 байт

CA E0 EB FE EC ED FB 20 

01 00 07 00 F7 E9 87   // передача: 7 байт; 09:14:56:116 24.02.2018
// приём по таймауту: 1000 мс
// принято с порта: 0 байт



1B EE   // передача: 2 байт; 09:15:01:860 24.02.2018
// приём по таймауту: 1000 мс
// принято с порта: 0 байт



1B EE   // передача: 2 байт; 09:15:04:568 24.02.2018
// приём по таймауту: 1000 мс
// принято с порта: 0 байт



1B EE   // передача: 2 байт; 09:22:33:960 24.02.2018
// приём по таймауту: 1000 мс
// принято с порта: 0 байт



1B EE   // передача: 2 байт; 09:22:42:969 24.02.2018
// приём по таймауту: 1000 мс
// принято с порта: 0 байт



1B EE   // передача: 2 байт; 09:22:45:681 24.02.2018
// приём по таймауту: 1000 мс
// принято с порта: 0 байт



1B EE   // передача: 2 байт; 09:22:51:486 24.02.2018
// приём по таймауту: 1000 мс
// принято с порта: 0 байт

// О программе
