
CA E0 EB FE EC ED FB 20 

00 00 07 00 F7 D4 47   // передача: 7 байт; 17:08:21:104 24.02.2018
// приём по количеству байт: 39 из 39
// принято с порта: 39 байт

01 00 27 00 F7 CD E0 F1 F2 F0 EE E9 EA E0 20 20 20 20 20 20 20 20 20 20 20 20 20 20 20 20 20 20 20 20 20 20 20 5D 58   // прием: 39 байт; 17:08:21:164 24.02.2018
// таймаут: 60 мсек

Настройка       
                

CA E0 EB FE EC ED FB 20 

00 00 07 00 F7 D4 47   // передача: 7 байт; 17:08:21:935 24.02.2018
// приём по количеству байт: 39 из 39
// принято с порта: 39 байт

01 00 27 00 F7 CD E0 F1 F2 F0 EE E9 EA E0 20 20 20 20 20 20 20 20 20 20 20 20 20 20 20 20 20 20 20 20 20 20 20 5D 58   // прием: 39 байт; 17:08:21:995 24.02.2018
// таймаут: 60 мсек

Настройка       
                

CA E0 EB FE EC ED FB 20 

00 00 07 00 F7 D4 47   // передача: 7 байт; 17:08:22:575 24.02.2018
// приём по количеству байт: 39 из 39
// принято с порта: 39 байт

01 00 27 00 F7 CD E0 F1 F2 F0 EE E9 EA E0 20 20 20 20 20 20 20 20 20 20 20 20 20 20 20 20 20 20 20 20 20 20 20 5D 58   // прием: 39 байт; 17:08:22:635 24.02.2018
// таймаут: 60 мсек

Настройка       
                

CA E0 EB FE EC ED FB 20 

00 00 07 00 F7 D4 47   // передача: 7 байт; 17:08:22:969 24.02.2018
// приём по количеству байт: 39 из 39
// принято с порта: 39 байт

01 00 27 00 F7 CD E0 F1 F2 F0 EE E9 EA E0 20 20 20 20 20 20 20 20 20 20 20 20 20 20 20 20 20 20 20 20 20 20 20 5D 58   // прием: 39 байт; 17:08:23:029 24.02.2018
// таймаут: 60 мсек

Настройка       
                
Чтение групп

CA E0 EB FE EC ED FB 20 

00 00 08 00 09 00 04 2B   // передача: 8 байт; 17:08:32:845 24.02.2018
// приём по количеству байт: 72 из 72
// принято с порта: 72 байт

01 00 48 00 09 01 00 00 00 00 00 00 00 00 00 00 00 00 00 00 00 00 00 00 00 00 00 00 00 00 00 00 00 00 00 00 00 00 00 00 00 00 00 00 00 00 00 00 00 00 00 00 00 00 00 00 00 00 00 00 00 00 00 00 00 00 00 00 00 00 8F 92   // прием: 72 байт; 17:08:32:935 24.02.2018
// таймаут: 90 мсек

Чтение групп: 3 %

CA E0 EB FE EC ED FB 20 

00 00 08 00 09 01 C5 EB   // передача: 8 байт; 17:08:32:945 24.02.2018
// приём по количеству байт: 72 из 72
// принято с порта: 72 байт

01 00 48 00 09 01 01 00 00 00 00 00 00 00 00 00 00 00 00 00 00 00 00 00 00 00 00 00 00 00 00 00 00 00 00 00 00 00 00 00 00 00 00 00 00 00 00 00 00 00 00 00 00 00 00 00 00 00 00 00 00 00 00 00 00 00 00 00 00 00 4E 62   // прием: 72 байт; 17:08:33:035 24.02.2018
// таймаут: 90 мсек

Чтение групп: 6 %

CA E0 EB FE EC ED FB 20 

00 00 08 00 09 02 85 EA   // передача: 8 байт; 17:08:33:035 24.02.2018
// приём по количеству байт: 72 из 72
// принято с порта: 72 байт

01 00 48 00 09 01 02 00 00 00 00 00 00 00 00 00 00 00 00 00 00 00 00 00 00 00 00 00 00 00 00 00 00 00 00 00 00 00 00 00 00 00 00 00 00 00 00 00 00 00 00 00 00 00 00 00 00 00 00 00 00 00 00 00 00 00 00 00 00 00 0E 33   // прием: 72 байт; 17:08:33:135 24.02.2018
// таймаут: 100 мсек

Чтение групп: 9 %

CA E0 EB FE EC ED FB 20 

00 00 08 00 09 03 44 2A   // передача: 8 байт; 17:08:33:135 24.02.2018
// приём по количеству байт: 72 из 72
// принято с порта: 72 байт

01 00 48 00 09 01 03 00 00 00 00 00 00 00 00 00 00 00 00 00 00 00 00 00 00 00 00 00 00 00 00 00 00 00 00 00 00 00 00 00 00 00 00 00 00 00 00 00 00 00 00 00 00 00 00 00 00 00 00 00 00 00 00 00 00 00 00 00 00 00 CF C3   // прием: 72 байт; 17:08:33:235 24.02.2018
// таймаут: 100 мсек

Чтение групп: 12 %

CA E0 EB FE EC ED FB 20 

00 00 08 00 09 04 05 E8   // передача: 8 байт; 17:08:33:235 24.02.2018
// приём по количеству байт: 72 из 72
// принято с порта: 72 байт

01 00 48 00 09 01 04 00 00 00 00 00 00 00 00 00 00 00 00 00 00 00 00 00 00 00 00 00 00 00 00 00 00 00 00 00 00 00 00 00 00 00 00 00 00 00 00 00 00 00 00 00 00 00 00 00 00 00 00 00 00 00 00 00 00 00 00 00 00 00 8E 91   // прием: 72 байт; 17:08:33:325 24.02.2018
// таймаут: 90 мсек

Чтение групп: 16 %

CA E0 EB FE EC ED FB 20 

00 00 08 00 09 05 C4 28   // передача: 8 байт; 17:08:33:335 24.02.2018
// приём по количеству байт: 72 из 72
// принято с порта: 72 байт

01 00 48 00 09 01 05 00 00 00 00 00 00 00 00 00 00 00 00 00 00 00 00 00 00 00 00 00 00 00 00 00 00 00 00 00 00 00 00 00 00 00 00 00 00 00 00 00 00 00 00 00 00 00 00 00 00 00 00 00 00 00 00 00 00 00 00 00 00 00 4F 61   // прием: 72 байт; 17:08:33:425 24.02.2018
// таймаут: 90 мсек

Чтение групп: 19 %

CA E0 EB FE EC ED FB 20 

00 00 08 00 09 06 84 29   // передача: 8 байт; 17:08:33:425 24.02.2018
// приём по количеству байт: 72 из 72
// принято с порта: 72 байт

01 00 48 00 09 01 06 00 00 00 00 00 00 00 00 00 00 00 00 00 00 00 00 00 00 00 00 00 00 00 00 00 00 00 00 00 00 00 00 00 00 00 00 00 00 00 00 00 00 00 00 00 00 00 00 00 00 00 00 00 00 00 00 00 00 00 00 00 00 00 0F 30   // прием: 72 байт; 17:08:33:525 24.02.2018
// таймаут: 100 мсек

Чтение групп: 22 %

CA E0 EB FE EC ED FB 20 

00 00 08 00 09 07 45 E9   // передача: 8 байт; 17:08:33:525 24.02.2018
// приём по количеству байт: 72 из 72
// принято с порта: 72 байт

01 00 48 00 09 01 07 00 00 00 00 00 00 00 00 00 00 00 00 00 00 00 00 00 00 00 00 00 00 00 00 00 00 00 00 00 00 00 00 00 00 00 00 00 00 00 00 00 00 00 00 00 00 00 00 00 00 00 00 00 00 00 00 00 00 00 00 00 00 00 CE C0   // прием: 72 байт; 17:08:33:625 24.02.2018
// таймаут: 100 мсек

Чтение групп: 25 %

CA E0 EB FE EC ED FB 20 

00 00 08 00 09 08 05 ED   // передача: 8 байт; 17:08:33:625 24.02.2018
// приём по количеству байт: 72 из 72
// принято с порта: 72 байт

01 00 48 00 09 01 08 00 00 00 00 00 00 00 00 00 00 00 00 00 00 00 00 00 00 00 00 00 00 00 00 00 00 00 00 00 00 00 00 00 00 00 00 00 00 00 00 00 00 00 00 00 00 00 00 00 00 00 00 00 00 00 00 00 00 00 00 00 00 00 8D 94   // прием: 72 байт; 17:08:33:717 24.02.2018
// таймаут: 92 мсек

Чтение групп: 29 %

CA E0 EB FE EC ED FB 20 

00 00 08 00 09 09 C4 2D   // передача: 8 байт; 17:08:33:717 24.02.2018
// приём по количеству байт: 72 из 72
// принято с порта: 72 байт

01 00 48 00 09 01 09 00 00 00 00 00 00 00 00 00 00 00 00 00 00 00 00 00 00 00 00 00 00 00 00 00 00 00 00 00 00 00 00 00 00 00 00 00 00 00 00 00 00 00 00 00 00 00 00 00 00 00 00 00 00 00 00 00 00 00 00 00 00 00 4C 64   // прием: 72 байт; 17:08:33:817 24.02.2018
// таймаут: 100 мсек

Чтение групп: 32 %

CA E0 EB FE EC ED FB 20 

00 00 08 00 09 0A 84 2C   // передача: 8 байт; 17:08:33:817 24.02.2018
// приём по количеству байт: 72 из 72
// принято с порта: 72 байт

01 00 48 00 09 01 0A 00 00 00 00 00 00 00 00 00 00 00 00 00 00 00 00 00 00 00 00 00 00 00 00 00 00 00 00 00 00 00 00 00 00 00 00 00 00 00 00 00 00 00 00 00 00 00 00 00 00 00 00 00 00 00 00 00 00 00 00 00 00 00 0C 35   // прием: 72 байт; 17:08:33:917 24.02.2018
// таймаут: 100 мсек

Чтение групп: 35 %

CA E0 EB FE EC ED FB 20 

00 00 08 00 09 0B 45 EC   // передача: 8 байт; 17:08:33:917 24.02.2018
// приём по количеству байт: 72 из 72
// принято с порта: 72 байт

01 00 48 00 09 01 0B 00 00 00 00 00 00 00 00 00 00 00 00 00 00 00 00 00 00 00 00 00 00 00 00 00 00 00 00 00 00 00 00 00 00 00 00 00 00 00 00 00 00 00 00 00 00 00 00 00 00 00 00 00 00 00 00 00 00 00 00 00 00 00 CD C5   // прием: 72 байт; 17:08:34:017 24.02.2018
// таймаут: 100 мсек

Чтение групп: 38 %

CA E0 EB FE EC ED FB 20 

00 00 08 00 09 0C 04 2E   // передача: 8 байт; 17:08:34:017 24.02.2018
// приём по количеству байт: 72 из 72
// принято с порта: 72 байт

01 00 48 00 09 01 0C 00 00 00 00 00 00 00 00 00 00 00 00 00 00 00 00 00 00 00 00 00 00 00 00 00 00 00 00 00 00 00 00 00 00 00 00 00 00 00 00 00 00 00 00 00 00 00 00 00 00 00 00 00 00 00 00 00 00 00 00 00 00 00 8C 97   // прием: 72 байт; 17:08:34:107 24.02.2018
// таймаут: 90 мсек

Чтение групп: 41 %

CA E0 EB FE EC ED FB 20 

00 00 08 00 09 0D C5 EE   // передача: 8 байт; 17:08:34:117 24.02.2018
// приём по количеству байт: 72 из 72
// принято с порта: 72 байт

01 00 48 00 09 01 0D 00 00 00 00 00 00 00 00 00 00 00 00 00 00 00 00 00 00 00 00 00 00 00 00 00 00 00 00 00 00 00 00 00 00 00 00 00 00 00 00 00 00 00 00 00 00 00 00 00 00 00 00 00 00 00 00 00 00 00 00 00 00 00 4D 67   // прием: 72 байт; 17:08:34:207 24.02.2018
// таймаут: 90 мсек

Чтение групп: 45 %

CA E0 EB FE EC ED FB 20 

00 00 08 00 09 0E 85 EF   // передача: 8 байт; 17:08:34:207 24.02.2018
// приём по количеству байт: 72 из 72
// принято с порта: 72 байт

01 00 48 00 09 01 0E 00 00 00 00 00 00 00 00 00 00 00 00 00 00 00 00 00 00 00 00 00 00 00 00 00 00 00 00 00 00 00 00 00 00 00 00 00 00 00 00 00 00 00 00 00 00 00 00 00 00 00 00 00 00 00 00 00 00 00 00 00 00 00 0D 36   // прием: 72 байт; 17:08:34:307 24.02.2018
// таймаут: 100 мсек

Чтение групп: 48 %

CA E0 EB FE EC ED FB 20 

00 00 08 00 09 0F 44 2F   // передача: 8 байт; 17:08:34:307 24.02.2018
// приём по количеству байт: 72 из 72
// принято с порта: 72 байт

01 00 48 00 09 01 0F 00 00 00 00 00 00 00 00 00 00 00 00 00 00 00 00 00 00 00 00 00 00 00 00 00 00 00 00 00 00 00 00 00 00 00 00 00 00 00 00 00 00 00 00 00 00 00 00 00 00 00 00 00 00 00 00 00 00 00 00 00 00 00 CC C6   // прием: 72 байт; 17:08:34:407 24.02.2018
// таймаут: 100 мсек

Чтение групп: 51 %

CA E0 EB FE EC ED FB 20 

00 00 08 00 09 10 05 E7   // передача: 8 байт; 17:08:34:407 24.02.2018
// приём по количеству байт: 72 из 72
// принято с порта: 72 байт

01 00 48 00 09 00 00 00 00 00 00 00 00 00 00 00 00 00 00 00 00 00 00 00 00 00 00 00 00 00 00 00 00 00 00 00 00 00 00 00 00 00 00 00 00 00 00 00 00 00 00 00 00 00 00 00 00 00 00 00 00 00 00 00 00 00 00 00 00 00 BE 02   // прием: 72 байт; 17:08:34:497 24.02.2018
// таймаут: 90 мсек

Чтение групп: 54 %

CA E0 EB FE EC ED FB 20 

00 00 08 00 09 11 C4 27   // передача: 8 байт; 17:08:34:507 24.02.2018
// приём по количеству байт: 72 из 72
// принято с порта: 72 байт

01 00 48 00 09 00 00 00 00 00 00 00 00 00 00 00 00 00 00 00 00 00 00 00 00 00 00 00 00 00 00 00 00 00 00 00 00 00 00 00 00 00 00 00 00 00 00 00 00 00 00 00 00 00 00 00 00 00 00 00 00 00 00 00 00 00 00 00 00 00 BE 02   // прием: 72 байт; 17:08:34:597 24.02.2018
// таймаут: 90 мсек

Чтение групп: 58 %

CA E0 EB FE EC ED FB 20 

00 00 08 00 09 12 84 26   // передача: 8 байт; 17:08:34:597 24.02.2018
// приём по количеству байт: 72 из 72
// принято с порта: 72 байт

01 00 48 00 09 00 00 00 00 00 00 00 00 00 00 00 00 00 00 00 00 00 00 00 00 00 00 00 00 00 00 00 00 00 00 00 00 00 00 00 00 00 00 00 00 00 00 00 00 00 00 00 00 00 00 00 00 00 00 00 00 00 00 00 00 00 00 00 00 00 BE 02   // прием: 72 байт; 17:08:34:694 24.02.2018
// таймаут: 97 мсек

Чтение групп: 61 %

CA E0 EB FE EC ED FB 20 

00 00 08 00 09 13 45 E6   // передача: 8 байт; 17:08:34:694 24.02.2018
// приём по количеству байт: 72 из 72
// принято с порта: 72 байт

01 00 48 00 09 00 00 00 00 00 00 00 00 00 00 00 00 00 00 00 00 00 00 00 00 00 00 00 00 00 00 00 00 00 00 00 00 00 00 00 00 00 00 00 00 00 00 00 00 00 00 00 00 00 00 00 00 00 00 00 00 00 00 00 00 00 00 00 00 00 BE 02   // прием: 72 байт; 17:08:34:794 24.02.2018
// таймаут: 100 мсек

Чтение групп: 64 %

CA E0 EB FE EC ED FB 20 

00 00 08 00 09 14 04 24   // передача: 8 байт; 17:08:34:794 24.02.2018
// приём по количеству байт: 72 из 72
// принято с порта: 72 байт

01 00 48 00 09 00 00 00 00 00 00 00 00 00 00 00 00 00 00 00 00 00 00 00 00 00 00 00 00 00 00 00 00 00 00 00 00 00 00 00 00 00 00 00 00 00 00 00 00 00 00 00 00 00 00 00 00 00 00 00 00 00 00 00 00 00 00 00 00 00 BE 02   // прием: 72 байт; 17:08:34:894 24.02.2018
// таймаут: 100 мсек

Чтение групп: 67 %

CA E0 EB FE EC ED FB 20 

00 00 08 00 09 15 C5 E4   // передача: 8 байт; 17:08:34:894 24.02.2018
// приём по количеству байт: 72 из 72
// принято с порта: 72 байт

01 00 48 00 09 00 00 00 00 00 00 00 00 00 00 00 00 00 00 00 00 00 00 00 00 00 00 00 00 00 00 00 00 00 00 00 00 00 00 00 00 00 00 00 00 00 00 00 00 00 00 00 00 00 00 00 00 00 00 00 00 00 00 00 00 00 00 00 00 00 BE 02   // прием: 72 байт; 17:08:34:994 24.02.2018
// таймаут: 100 мсек

Чтение групп: 70 %

CA E0 EB FE EC ED FB 20 

00 00 08 00 09 16 85 E5   // передача: 8 байт; 17:08:34:994 24.02.2018
// приём по количеству байт: 72 из 72
// принято с порта: 72 байт

01 00 48 00 09 00 00 00 00 00 00 00 00 00 00 00 00 00 00 00 00 00 00 00 00 00 00 00 00 00 00 00 00 00 00 00 00 00 00 00 00 00 00 00 00 00 00 00 00 00 00 00 00 00 00 00 00 00 00 00 00 00 00 00 00 00 00 00 00 00 BE 02   // прием: 72 байт; 17:08:35:084 24.02.2018
// таймаут: 90 мсек

Чтение групп: 74 %

CA E0 EB FE EC ED FB 20 

00 00 08 00 09 17 44 25   // передача: 8 байт; 17:08:35:094 24.02.2018
// приём по количеству байт: 72 из 72
// принято с порта: 72 байт

01 00 48 00 09 00 00 00 00 00 00 00 00 00 00 00 00 00 00 00 00 00 00 00 00 00 00 00 00 00 00 00 00 00 00 00 00 00 00 00 00 00 00 00 00 00 00 00 00 00 00 00 00 00 00 00 00 00 00 00 00 00 00 00 00 00 00 00 00 00 BE 02   // прием: 72 байт; 17:08:35:189 24.02.2018
// таймаут: 95 мсек

Чтение групп: 77 %

CA E0 EB FE EC ED FB 20 

00 00 08 00 09 18 04 21   // передача: 8 байт; 17:08:35:189 24.02.2018
// приём по количеству байт: 72 из 72
// принято с порта: 72 байт

01 00 48 00 09 00 00 00 00 00 00 00 00 00 00 00 00 00 00 00 00 00 00 00 00 00 00 00 00 00 00 00 00 00 00 00 00 00 00 00 00 00 00 00 00 00 00 00 00 00 00 00 00 00 00 00 00 00 00 00 00 00 00 00 00 00 00 00 00 00 BE 02   // прием: 72 байт; 17:08:35:279 24.02.2018
// таймаут: 90 мсек

Чтение групп: 80 %

CA E0 EB FE EC ED FB 20 

00 00 08 00 09 19 C5 E1   // передача: 8 байт; 17:08:35:289 24.02.2018
// приём по количеству байт: 72 из 72
// принято с порта: 72 байт

01 00 48 00 09 00 00 00 00 00 00 00 00 00 00 00 00 00 00 00 00 00 00 00 00 00 00 00 00 00 00 00 00 00 00 00 00 00 00 00 00 00 00 00 00 00 00 00 00 00 00 00 00 00 00 00 00 00 00 00 00 00 00 00 00 00 00 00 00 00 BE 02   // прием: 72 байт; 17:08:35:379 24.02.2018
// таймаут: 90 мсек

Чтение групп: 83 %

CA E0 EB FE EC ED FB 20 

00 00 08 00 09 1A 85 E0   // передача: 8 байт; 17:08:35:379 24.02.2018
// приём по количеству байт: 72 из 72
// принято с порта: 72 байт

01 00 48 00 09 00 00 00 00 00 00 00 00 00 00 00 00 00 00 00 00 00 00 00 00 00 00 00 00 00 00 00 00 00 00 00 00 00 00 00 00 00 00 00 00 00 00 00 00 00 00 00 00 00 00 00 00 00 00 00 00 00 00 00 00 00 00 00 00 00 BE 02   // прием: 72 байт; 17:08:35:479 24.02.2018
// таймаут: 100 мсек

Чтение групп: 87 %

CA E0 EB FE EC ED FB 20 

00 00 08 00 09 1B 44 20   // передача: 8 байт; 17:08:35:479 24.02.2018
// приём по количеству байт: 72 из 72
// принято с порта: 72 байт

01 00 48 00 09 00 00 00 00 00 00 00 00 00 00 00 00 00 00 00 00 00 00 00 00 00 00 00 00 00 00 00 00 00 00 00 00 00 00 00 00 00 00 00 00 00 00 00 00 00 00 00 00 00 00 00 00 00 00 00 00 00 00 00 00 00 00 00 00 00 BE 02   // прием: 72 байт; 17:08:35:579 24.02.2018
// таймаут: 100 мсек

Чтение групп: 90 %

CA E0 EB FE EC ED FB 20 

00 00 08 00 09 1C 05 E2   // передача: 8 байт; 17:08:35:579 24.02.2018
// приём по количеству байт: 72 из 72
// принято с порта: 72 байт

01 00 48 00 09 00 00 00 00 00 00 00 00 00 00 00 00 00 00 00 00 00 00 00 00 00 00 00 00 00 00 00 00 00 00 00 00 00 00 00 00 00 00 00 00 00 00 00 00 00 00 00 00 00 00 00 00 00 00 00 00 00 00 00 00 00 00 00 00 00 BE 02   // прием: 72 байт; 17:08:35:678 24.02.2018
// таймаут: 99 мсек

Чтение групп: 93 %

CA E0 EB FE EC ED FB 20 

00 00 08 00 09 1D C4 22   // передача: 8 байт; 17:08:35:680 24.02.2018
// приём по количеству байт: 72 из 72
// принято с порта: 72 байт

01 00 48 00 09 00 00 00 00 00 00 00 00 00 00 00 00 00 00 00 00 00 00 00 00 00 00 00 00 00 00 00 00 00 00 00 00 00 00 00 00 00 00 00 00 00 00 00 00 00 00 00 00 00 00 00 00 00 00 00 00 00 00 00 00 00 00 00 00 00 BE 02   // прием: 72 байт; 17:08:35:775 24.02.2018
// таймаут: 95 мсек

Чтение групп: 96 %

CA E0 EB FE EC ED FB 20 

00 00 08 00 09 1E 84 23   // передача: 8 байт; 17:08:35:775 24.02.2018
// приём по количеству байт: 72 из 72
// принято с порта: 72 байт

01 00 48 00 09 00 00 00 00 00 00 00 00 00 00 00 00 00 00 00 00 00 00 00 00 00 00 00 00 00 00 00 00 00 00 00 00 00 00 00 00 00 00 00 00 00 00 00 00 00 00 00 00 00 00 00 00 00 00 00 00 00 00 00 00 00 00 00 00 00 BE 02   // прием: 72 байт; 17:08:35:865 24.02.2018
// таймаут: 90 мсек

Чтение групп: 100 %

CA E0 EB FE EC ED FB 20 

00 00 08 00 09 1F 45 E3   // передача: 8 байт; 17:08:35:875 24.02.2018
// приём по количеству байт: 72 из 72
// принято с порта: 72 байт

01 00 48 00 09 00 00 00 00 00 00 00 00 00 00 00 00 00 00 00 00 00 00 00 00 00 00 00 00 00 00 00 00 00 00 00 00 00 00 00 00 00 00 00 00 00 00 00 00 00 00 00 00 00 00 00 00 00 00 00 00 00 00 00 00 00 00 00 00 00 BE 02   // прием: 72 байт; 17:08:35:965 24.02.2018
// таймаут: 90 мсек

Чтение групп: 100 %

CA E0 EB FE EC ED FB 20 

00 00 07 00 01 54 01   // передача: 7 байт; 17:08:59:725 24.02.2018
// приём по количеству байт: 13 из 13
// принято с порта: 13 байт

01 00 0D 00 01 18 21 13 18 02 12 F0 79   // прием: 13 байт; 17:08:59:765 24.02.2018
// таймаут: 40 мсек


CA E0 EB FE EC ED FB 20 

00 00 07 00 01 54 01   // передача: 7 байт; 17:13:04:603 24.02.2018
// приём по количеству байт: 13 из 13
// принято с порта: 13 байт

01 00 0D 00 01 1D 25 13 18 02 12 01 EC   // прием: 13 байт; 17:13:04:641 24.02.2018
// таймаут: 38 мсек


CA E0 EB FE EC ED FB 20 

00 00 07 00 01 54 01   // передача: 7 байт; 17:13:05:306 24.02.2018
// приём по количеству байт: 13 из 13
// принято с порта: 13 байт

01 00 0D 00 01 1D 25 13 18 02 12 01 EC   // прием: 13 байт; 17:13:05:344 24.02.2018
// таймаут: 38 мсек


CA E0 EB FE EC ED FB 20 

00 00 07 00 01 54 01   // передача: 7 байт; 17:13:05:859 24.02.2018
// приём по количеству байт: 13 из 13
// принято с порта: 13 байт

01 00 0D 00 01 1E 25 13 18 02 12 01 DF   // прием: 13 байт; 17:13:05:896 24.02.2018
// таймаут: 37 мсек


CA E0 EB FE EC ED FB 20 

00 00 07 00 01 54 01   // передача: 7 байт; 17:13:09:346 24.02.2018
// приём по количеству байт: 13 из 13
// принято с порта: 13 байт

01 00 0D 00 01 21 25 13 18 02 12 04 D0   // прием: 13 байт; 17:13:09:384 24.02.2018
// таймаут: 38 мсек

Чтение телефонов

CA E0 EB FE EC ED FB 20 

00 00 09 00 FF 01 00 F6 A1   // передача: 9 байт; 17:13:11:027 24.02.2018
// приём по количеству байт: 21 из 21
// принято с порта: 21 байт

01 00 15 00 FF 30 00 00 00 00 00 00 00 00 00 00 00 00 00 88 3C   // прием: 21 байт; 17:13:11:075 24.02.2018
// таймаут: 48 мсек

Чтение телефонов: 1 %

CA E0 EB FE EC ED FB 20 

00 00 09 00 FF 01 01 37 61   // передача: 9 байт; 17:13:11:077 24.02.2018
// приём по количеству байт: 21 из 21
// принято с порта: 21 байт

01 00 15 00 FF 30 00 00 00 00 00 00 00 00 00 00 00 00 00 88 3C   // прием: 21 байт; 17:13:11:125 24.02.2018
// таймаут: 48 мсек

Чтение телефонов: 3 %

CA E0 EB FE EC ED FB 20 

00 00 09 00 FF 01 02 77 60   // передача: 9 байт; 17:13:11:127 24.02.2018
// приём по количеству байт: 21 из 21
// принято с порта: 21 байт

01 00 15 00 FF 30 00 00 00 00 00 00 00 00 00 00 00 00 00 88 3C   // прием: 21 байт; 17:13:11:175 24.02.2018
// таймаут: 48 мсек

Чтение телефонов: 4 %

CA E0 EB FE EC ED FB 20 

00 00 09 00 FF 01 03 B6 A0   // передача: 9 байт; 17:13:11:177 24.02.2018
// приём по количеству байт: 21 из 21
// принято с порта: 21 байт

01 00 15 00 FF 30 00 00 00 00 00 00 00 00 00 00 00 00 00 88 3C   // прием: 21 байт; 17:13:11:225 24.02.2018
// таймаут: 48 мсек

Чтение телефонов: 6 %

CA E0 EB FE EC ED FB 20 

00 00 09 00 FF 01 04 F7 62   // передача: 9 байт; 17:13:11:226 24.02.2018
// приём по количеству байт: 21 из 21
// принято с порта: 21 байт

01 00 15 00 FF 30 00 00 00 00 00 00 00 00 00 00 00 00 00 88 3C   // прием: 21 байт; 17:13:11:275 24.02.2018
// таймаут: 49 мсек

Чтение телефонов: 7 %

CA E0 EB FE EC ED FB 20 

00 00 09 00 FF 01 05 36 A2   // передача: 9 байт; 17:13:11:276 24.02.2018
// приём по количеству байт: 21 из 21
// принято с порта: 21 байт

01 00 15 00 FF 30 00 00 00 00 00 00 00 00 00 00 00 00 00 88 3C   // прием: 21 байт; 17:13:11:325 24.02.2018
// таймаут: 49 мсек

Чтение телефонов: 9 %

CA E0 EB FE EC ED FB 20 

00 00 09 00 FF 01 06 76 A3   // передача: 9 байт; 17:13:11:326 24.02.2018
// приём по количеству байт: 21 из 21
// принято с порта: 21 байт

01 00 15 00 FF 30 00 00 00 00 00 00 00 00 00 00 00 00 00 88 3C   // прием: 21 байт; 17:13:11:375 24.02.2018
// таймаут: 49 мсек

Чтение телефонов: 11 %

CA E0 EB FE EC ED FB 20 

00 00 09 00 FF 01 07 B7 63   // передача: 9 байт; 17:13:11:376 24.02.2018
// приём по количеству байт: 21 из 21
// принято с порта: 21 байт

01 00 15 00 FF 30 00 00 00 00 00 00 00 00 00 00 00 00 00 88 3C   // прием: 21 байт; 17:13:11:425 24.02.2018
// таймаут: 49 мсек

Чтение телефонов: 12 %

CA E0 EB FE EC ED FB 20 

00 00 09 00 FF 01 08 F7 67   // передача: 9 байт; 17:13:11:426 24.02.2018
// приём по количеству байт: 21 из 21
// принято с порта: 21 байт

01 00 15 00 FF 30 00 00 00 00 00 00 00 00 00 00 00 00 00 88 3C   // прием: 21 байт; 17:13:11:474 24.02.2018
// таймаут: 48 мсек

Чтение телефонов: 14 %

CA E0 EB FE EC ED FB 20 

00 00 09 00 FF 01 09 36 A7   // передача: 9 байт; 17:13:11:476 24.02.2018
// приём по количеству байт: 21 из 21
// принято с порта: 21 байт

01 00 15 00 FF 30 00 00 00 00 00 00 00 00 00 00 00 00 00 88 3C   // прием: 21 байт; 17:13:11:524 24.02.2018
// таймаут: 48 мсек

Чтение телефонов: 15 %

CA E0 EB FE EC ED FB 20 

00 00 09 00 FF 01 0A 76 A6   // передача: 9 байт; 17:13:11:525 24.02.2018
// приём по количеству байт: 21 из 21
// принято с порта: 21 байт

01 00 15 00 FF 30 00 00 00 00 00 00 00 00 00 00 00 00 00 88 3C   // прием: 21 байт; 17:13:11:574 24.02.2018
// таймаут: 49 мсек

Чтение телефонов: 17 %

CA E0 EB FE EC ED FB 20 

00 00 09 00 FF 01 0B B7 66   // передача: 9 байт; 17:13:11:575 24.02.2018
// приём по количеству байт: 21 из 21
// принято с порта: 21 байт

01 00 15 00 FF 30 00 00 00 00 00 00 00 00 00 00 00 00 00 88 3C   // прием: 21 байт; 17:13:11:624 24.02.2018
// таймаут: 49 мсек

Чтение телефонов: 19 %

CA E0 EB FE EC ED FB 20 

00 00 09 00 FF 01 0C F6 A4   // передача: 9 байт; 17:13:11:625 24.02.2018
// приём по количеству байт: 21 из 21
// принято с порта: 21 байт

01 00 15 00 FF 30 00 00 00 00 00 00 00 00 00 00 00 00 00 88 3C   // прием: 21 байт; 17:13:11:674 24.02.2018
// таймаут: 49 мсек

Чтение телефонов: 20 %

CA E0 EB FE EC ED FB 20 

00 00 09 00 FF 01 0D 37 64   // передача: 9 байт; 17:13:11:675 24.02.2018
// приём по количеству байт: 21 из 21
// принято с порта: 21 байт

01 00 15 00 FF 30 00 00 00 00 00 00 00 00 00 00 00 00 00 88 3C   // прием: 21 байт; 17:13:11:724 24.02.2018
// таймаут: 49 мсек

Чтение телефонов: 22 %

CA E0 EB FE EC ED FB 20 

00 00 09 00 FF 01 0E 77 65   // передача: 9 байт; 17:13:11:725 24.02.2018
// приём по количеству байт: 21 из 21
// принято с порта: 21 байт

01 00 15 00 FF 30 00 00 00 00 00 00 00 00 00 00 00 00 00 88 3C   // прием: 21 байт; 17:13:11:774 24.02.2018
// таймаут: 49 мсек

Чтение телефонов: 23 %

CA E0 EB FE EC ED FB 20 

00 00 09 00 FF 01 0F B6 A5   // передача: 9 байт; 17:13:11:775 24.02.2018
// приём по количеству байт: 21 из 21
// принято с порта: 21 байт

01 00 15 00 FF 30 00 00 00 00 00 00 00 00 00 00 00 00 00 88 3C   // прием: 21 байт; 17:13:11:824 24.02.2018
// таймаут: 49 мсек

Чтение телефонов: 25 %

CA E0 EB FE EC ED FB 20 

00 00 09 00 FF 01 10 F7 6D   // передача: 9 байт; 17:13:11:825 24.02.2018
// приём по количеству байт: 21 из 21
// принято с порта: 21 байт

01 00 15 00 FF 30 00 00 00 00 00 00 00 00 00 00 00 00 00 88 3C   // прием: 21 байт; 17:13:11:874 24.02.2018
// таймаут: 49 мсек

Чтение телефонов: 26 %

CA E0 EB FE EC ED FB 20 

00 00 09 00 FF 01 11 36 AD   // передача: 9 байт; 17:13:11:875 24.02.2018
// приём по количеству байт: 21 из 21
// принято с порта: 21 байт

01 00 15 00 FF 30 00 00 00 00 00 00 00 00 00 00 00 00 00 88 3C   // прием: 21 байт; 17:13:11:923 24.02.2018
// таймаут: 48 мсек

Чтение телефонов: 28 %

CA E0 EB FE EC ED FB 20 

00 00 09 00 FF 01 12 76 AC   // передача: 9 байт; 17:13:11:925 24.02.2018
// приём по количеству байт: 21 из 21
// принято с порта: 21 байт

01 00 15 00 FF 30 00 00 00 00 00 00 00 00 00 00 00 00 00 88 3C   // прием: 21 байт; 17:13:11:973 24.02.2018
// таймаут: 48 мсек

Чтение телефонов: 30 %

CA E0 EB FE EC ED FB 20 

00 00 09 00 FF 01 13 B7 6C   // передача: 9 байт; 17:13:11:975 24.02.2018
// приём по количеству байт: 21 из 21
// принято с порта: 21 байт

01 00 15 00 FF 30 00 00 00 00 00 00 00 00 00 00 00 00 00 88 3C   // прием: 21 байт; 17:13:12:023 24.02.2018
// таймаут: 48 мсек

Чтение телефонов: 31 %

CA E0 EB FE EC ED FB 20 

00 00 09 00 FF 01 14 F6 AE   // передача: 9 байт; 17:13:12:025 24.02.2018
// приём по количеству байт: 21 из 21
// принято с порта: 21 байт

01 00 15 00 FF 30 00 00 00 00 00 00 00 00 00 00 00 00 00 88 3C   // прием: 21 байт; 17:13:12:073 24.02.2018
// таймаут: 48 мсек

Чтение телефонов: 33 %

CA E0 EB FE EC ED FB 20 

00 00 09 00 FF 01 15 37 6E   // передача: 9 байт; 17:13:12:075 24.02.2018
// приём по количеству байт: 21 из 21
// принято с порта: 21 байт

01 00 15 00 FF 30 00 00 00 00 00 00 00 00 00 00 00 00 00 88 3C   // прием: 21 байт; 17:13:12:123 24.02.2018
// таймаут: 48 мсек

Чтение телефонов: 34 %

CA E0 EB FE EC ED FB 20 

00 00 09 00 FF 01 16 77 6F   // передача: 9 байт; 17:13:12:125 24.02.2018
// приём по количеству байт: 21 из 21
// принято с порта: 21 байт

01 00 15 00 FF 30 00 00 00 00 00 00 00 00 00 00 00 00 00 88 3C   // прием: 21 байт; 17:13:12:173 24.02.2018
// таймаут: 48 мсек

Чтение телефонов: 36 %

CA E0 EB FE EC ED FB 20 

00 00 09 00 FF 01 17 B6 AF   // передача: 9 байт; 17:13:12:175 24.02.2018
// приём по количеству байт: 21 из 21
// принято с порта: 21 байт

01 00 15 00 FF 30 00 00 00 00 00 00 00 00 00 00 00 00 00 88 3C   // прием: 21 байт; 17:13:12:223 24.02.2018
// таймаут: 48 мсек

Чтение телефонов: 38 %

CA E0 EB FE EC ED FB 20 

00 00 09 00 FF 01 18 F6 AB   // передача: 9 байт; 17:13:12:225 24.02.2018
// приём по количеству байт: 21 из 21
// принято с порта: 21 байт

01 00 15 00 FF 30 00 00 00 00 00 00 00 00 00 00 00 00 00 88 3C   // прием: 21 байт; 17:13:12:273 24.02.2018
// таймаут: 48 мсек

Чтение телефонов: 39 %

CA E0 EB FE EC ED FB 20 

00 00 09 00 FF 01 19 37 6B   // передача: 9 байт; 17:13:12:275 24.02.2018
// приём по количеству байт: 21 из 21
// принято с порта: 21 байт

01 00 15 00 FF 30 00 00 00 00 00 00 00 00 00 00 00 00 00 88 3C   // прием: 21 байт; 17:13:12:323 24.02.2018
// таймаут: 48 мсек

Чтение телефонов: 41 %

CA E0 EB FE EC ED FB 20 

00 00 09 00 FF 01 1A 77 6A   // передача: 9 байт; 17:13:12:325 24.02.2018
// приём по количеству байт: 21 из 21
// принято с порта: 21 байт

01 00 15 00 FF 30 00 00 00 00 00 00 00 00 00 00 00 00 00 88 3C   // прием: 21 байт; 17:13:12:373 24.02.2018
// таймаут: 48 мсек

Чтение телефонов: 42 %

CA E0 EB FE EC ED FB 20 

00 00 09 00 FF 01 1B B6 AA   // передача: 9 байт; 17:13:12:375 24.02.2018
// приём по количеству байт: 21 из 21
// принято с порта: 21 байт

01 00 15 00 FF 30 00 00 00 00 00 00 00 00 00 00 00 00 00 88 3C   // прием: 21 байт; 17:13:12:423 24.02.2018
// таймаут: 48 мсек

Чтение телефонов: 44 %

CA E0 EB FE EC ED FB 20 

00 00 09 00 FF 01 1C F7 68   // передача: 9 байт; 17:13:12:425 24.02.2018
// приём по количеству байт: 21 из 21
// принято с порта: 21 байт

01 00 15 00 FF 30 00 00 00 00 00 00 00 00 00 00 00 00 00 88 3C   // прием: 21 байт; 17:13:12:473 24.02.2018
// таймаут: 48 мсек

Чтение телефонов: 46 %

CA E0 EB FE EC ED FB 20 

00 00 09 00 FF 01 1D 36 A8   // передача: 9 байт; 17:13:12:474 24.02.2018
// приём по количеству байт: 21 из 21
// принято с порта: 21 байт

01 00 15 00 FF 30 00 00 00 00 00 00 00 00 00 00 00 00 00 88 3C   // прием: 21 байт; 17:13:12:523 24.02.2018
// таймаут: 49 мсек

Чтение телефонов: 47 %

CA E0 EB FE EC ED FB 20 

00 00 09 00 FF 01 1E 76 A9   // передача: 9 байт; 17:13:12:525 24.02.2018
// приём по количеству байт: 21 из 21
// принято с порта: 21 байт

01 00 15 00 FF 30 00 00 00 00 00 00 00 00 00 00 00 00 00 88 3C   // прием: 21 байт; 17:13:12:573 24.02.2018
// таймаут: 48 мсек

Чтение телефонов: 49 %

CA E0 EB FE EC ED FB 20 

00 00 09 00 FF 01 1F B7 69   // передача: 9 байт; 17:13:12:574 24.02.2018
// приём по количеству байт: 21 из 21
// принято с порта: 21 байт

01 00 15 00 FF 30 00 00 00 00 00 00 00 00 00 00 00 00 00 88 3C   // прием: 21 байт; 17:13:12:623 24.02.2018
// таймаут: 49 мсек

Чтение телефонов: 50 %

CA E0 EB FE EC ED FB 20 

00 00 09 00 FF 01 20 F7 79   // передача: 9 байт; 17:13:12:624 24.02.2018
// приём по количеству байт: 21 из 21
// принято с порта: 21 байт

01 00 15 00 FF 30 00 00 00 00 00 00 00 00 00 00 00 00 00 88 3C   // прием: 21 байт; 17:13:12:673 24.02.2018
// таймаут: 49 мсек

Чтение телефонов: 52 %

CA E0 EB FE EC ED FB 20 

00 00 09 00 FF 01 21 36 B9   // передача: 9 байт; 17:13:12:674 24.02.2018
// приём по количеству байт: 21 из 21
// принято с порта: 21 байт

01 00 15 00 FF 30 00 00 00 00 00 00 00 00 00 00 00 00 00 88 3C   // прием: 21 байт; 17:13:12:723 24.02.2018
// таймаут: 49 мсек

Чтение телефонов: 53 %

CA E0 EB FE EC ED FB 20 

00 00 09 00 FF 01 22 76 B8   // передача: 9 байт; 17:13:12:724 24.02.2018
// приём по количеству байт: 21 из 21
// принято с порта: 21 байт

01 00 15 00 FF 30 00 00 00 00 00 00 00 00 00 00 00 00 00 88 3C   // прием: 21 байт; 17:13:12:773 24.02.2018
// таймаут: 49 мсек

Чтение телефонов: 55 %

CA E0 EB FE EC ED FB 20 

00 00 09 00 FF 01 23 B7 78   // передача: 9 байт; 17:13:12:774 24.02.2018
// приём по количеству байт: 21 из 21
// принято с порта: 21 байт

01 00 15 00 FF 30 00 00 00 00 00 00 00 00 00 00 00 00 00 88 3C   // прием: 21 байт; 17:13:12:823 24.02.2018
// таймаут: 49 мсек

Чтение телефонов: 57 %

CA E0 EB FE EC ED FB 20 

00 00 09 00 FF 01 24 F6 BA   // передача: 9 байт; 17:13:12:824 24.02.2018
// приём по количеству байт: 21 из 21
// принято с порта: 21 байт

01 00 15 00 FF 30 00 00 00 00 00 00 00 00 00 00 00 00 00 88 3C   // прием: 21 байт; 17:13:12:873 24.02.2018
// таймаут: 49 мсек

Чтение телефонов: 58 %

CA E0 EB FE EC ED FB 20 

00 00 09 00 FF 01 25 37 7A   // передача: 9 байт; 17:13:12:874 24.02.2018
// приём по количеству байт: 21 из 21
// принято с порта: 21 байт

01 00 15 00 FF 30 00 00 00 00 00 00 00 00 00 00 00 00 00 88 3C   // прием: 21 байт; 17:13:12:922 24.02.2018
// таймаут: 48 мсек

Чтение телефонов: 60 %

CA E0 EB FE EC ED FB 20 

00 00 09 00 FF 01 26 77 7B   // передача: 9 байт; 17:13:12:924 24.02.2018
// приём по количеству байт: 21 из 21
// принято с порта: 21 байт

01 00 15 00 FF 30 00 00 00 00 00 00 00 00 00 00 00 00 00 88 3C   // прием: 21 байт; 17:13:12:972 24.02.2018
// таймаут: 48 мсек

Чтение телефонов: 61 %

CA E0 EB FE EC ED FB 20 

00 00 09 00 FF 01 27 B6 BB   // передача: 9 байт; 17:13:12:974 24.02.2018
// приём по количеству байт: 21 из 21
// принято с порта: 21 байт

01 00 15 00 FF 30 00 00 00 00 00 00 00 00 00 00 00 00 00 88 3C   // прием: 21 байт; 17:13:13:022 24.02.2018
// таймаут: 48 мсек

Чтение телефонов: 63 %

CA E0 EB FE EC ED FB 20 

00 00 09 00 FF 01 28 F6 BF   // передача: 9 байт; 17:13:13:024 24.02.2018
// приём по количеству байт: 21 из 21
// принято с порта: 21 байт

01 00 15 00 FF 30 00 00 00 00 00 00 00 00 00 00 00 00 00 88 3C   // прием: 21 байт; 17:13:13:072 24.02.2018
// таймаут: 48 мсек

Чтение телефонов: 65 %

CA E0 EB FE EC ED FB 20 

00 00 09 00 FF 01 29 37 7F   // передача: 9 байт; 17:13:13:074 24.02.2018
// приём по количеству байт: 21 из 21
// принято с порта: 21 байт

01 00 15 00 FF 30 00 00 00 00 00 00 00 00 00 00 00 00 00 88 3C   // прием: 21 байт; 17:13:13:122 24.02.2018
// таймаут: 48 мсек

Чтение телефонов: 66 %

CA E0 EB FE EC ED FB 20 

00 00 09 00 FF 01 2A 77 7E   // передача: 9 байт; 17:13:13:124 24.02.2018
// приём по количеству байт: 21 из 21
// принято с порта: 21 байт

01 00 15 00 FF 30 00 00 00 00 00 00 00 00 00 00 00 00 00 88 3C   // прием: 21 байт; 17:13:13:172 24.02.2018
// таймаут: 48 мсек

Чтение телефонов: 68 %

CA E0 EB FE EC ED FB 20 

00 00 09 00 FF 01 2B B6 BE   // передача: 9 байт; 17:13:13:173 24.02.2018
// приём по количеству байт: 21 из 21
// принято с порта: 21 байт

01 00 15 00 FF 30 00 00 00 00 00 00 00 00 00 00 00 00 00 88 3C   // прием: 21 байт; 17:13:13:222 24.02.2018
// таймаут: 49 мсек

Чтение телефонов: 69 %

CA E0 EB FE EC ED FB 20 

00 00 09 00 FF 01 2C F7 7C   // передача: 9 байт; 17:13:13:224 24.02.2018
// приём по количеству байт: 21 из 21
// принято с порта: 21 байт

01 00 15 00 FF 30 00 00 00 00 00 00 00 00 00 00 00 00 00 88 3C   // прием: 21 байт; 17:13:13:272 24.02.2018
// таймаут: 48 мсек

Чтение телефонов: 71 %

CA E0 EB FE EC ED FB 20 

00 00 09 00 FF 01 2D 36 BC   // передача: 9 байт; 17:13:13:274 24.02.2018
// приём по количеству байт: 21 из 21
// принято с порта: 21 байт

01 00 15 00 FF 30 00 00 00 00 00 00 00 00 00 00 00 00 00 88 3C   // прием: 21 байт; 17:13:13:322 24.02.2018
// таймаут: 48 мсек

Чтение телефонов: 73 %

CA E0 EB FE EC ED FB 20 

00 00 09 00 FF 01 2E 76 BD   // передача: 9 байт; 17:13:13:324 24.02.2018
// приём по количеству байт: 21 из 21
// принято с порта: 21 байт

01 00 15 00 FF 30 00 00 00 00 00 00 00 00 00 00 00 00 00 88 3C   // прием: 21 байт; 17:13:13:372 24.02.2018
// таймаут: 48 мсек

Чтение телефонов: 74 %

CA E0 EB FE EC ED FB 20 

00 00 09 00 FF 01 2F B7 7D   // передача: 9 байт; 17:13:13:374 24.02.2018
// приём по количеству байт: 21 из 21
// принято с порта: 21 байт

01 00 15 00 FF 30 00 00 00 00 00 00 00 00 00 00 00 00 00 88 3C   // прием: 21 байт; 17:13:13:422 24.02.2018
// таймаут: 48 мсек

Чтение телефонов: 76 %

CA E0 EB FE EC ED FB 20 

00 00 09 00 FF 01 30 F6 B5   // передача: 9 байт; 17:13:13:424 24.02.2018
// приём по количеству байт: 21 из 21
// принято с порта: 21 байт

01 00 15 00 FF 30 00 00 00 00 00 00 00 00 00 00 00 00 00 88 3C   // прием: 21 байт; 17:13:13:472 24.02.2018
// таймаут: 48 мсек

Чтение телефонов: 77 %

CA E0 EB FE EC ED FB 20 

00 00 09 00 FF 01 31 37 75   // передача: 9 байт; 17:13:13:474 24.02.2018
// приём по количеству байт: 21 из 21
// принято с порта: 21 байт

01 00 15 00 FF 30 00 00 00 00 00 00 00 00 00 00 00 00 00 88 3C   // прием: 21 байт; 17:13:13:522 24.02.2018
// таймаут: 48 мсек

Чтение телефонов: 79 %

CA E0 EB FE EC ED FB 20 

00 00 09 00 FF 01 32 77 74   // передача: 9 байт; 17:13:13:524 24.02.2018
// приём по количеству байт: 21 из 21
// принято с порта: 21 байт

01 00 15 00 FF 30 00 00 00 00 00 00 00 00 00 00 00 00 00 88 3C   // прием: 21 байт; 17:13:13:572 24.02.2018
// таймаут: 48 мсек

Чтение телефонов: 80 %

CA E0 EB FE EC ED FB 20 

00 00 09 00 FF 01 33 B6 B4   // передача: 9 байт; 17:13:13:574 24.02.2018
// приём по количеству байт: 21 из 21
// принято с порта: 21 байт

01 00 15 00 FF 30 00 00 00 00 00 00 00 00 00 00 00 00 00 88 3C   // прием: 21 байт; 17:13:13:622 24.02.2018
// таймаут: 48 мсек

Чтение телефонов: 82 %

CA E0 EB FE EC ED FB 20 

00 00 09 00 FF 01 34 F7 76   // передача: 9 байт; 17:13:13:624 24.02.2018
// приём по количеству байт: 21 из 21
// принято с порта: 21 байт

01 00 15 00 FF 30 00 00 00 00 00 00 00 00 00 00 00 00 00 88 3C   // прием: 21 байт; 17:13:13:672 24.02.2018
// таймаут: 48 мсек

Чтение телефонов: 84 %

CA E0 EB FE EC ED FB 20 

00 00 09 00 FF 01 35 36 B6   // передача: 9 байт; 17:13:13:674 24.02.2018
// приём по количеству байт: 21 из 21
// принято с порта: 21 байт

01 00 15 00 FF 30 00 00 00 00 00 00 00 00 00 00 00 00 00 88 3C   // прием: 21 байт; 17:13:13:722 24.02.2018
// таймаут: 48 мсек

Чтение телефонов: 85 %

CA E0 EB FE EC ED FB 20 

00 00 09 00 FF 01 36 76 B7   // передача: 9 байт; 17:13:13:724 24.02.2018
// приём по количеству байт: 21 из 21
// принято с порта: 21 байт

01 00 15 00 FF 30 00 00 00 00 00 00 00 00 00 00 00 00 00 88 3C   // прием: 21 байт; 17:13:13:772 24.02.2018
// таймаут: 48 мсек

Чтение телефонов: 87 %

CA E0 EB FE EC ED FB 20 

00 00 09 00 FF 01 37 B7 77   // передача: 9 байт; 17:13:13:774 24.02.2018
// приём по количеству байт: 21 из 21
// принято с порта: 21 байт

01 00 15 00 FF 30 00 00 00 00 00 00 00 00 00 00 00 00 00 88 3C   // прием: 21 байт; 17:13:13:822 24.02.2018
// таймаут: 48 мсек

Чтение телефонов: 88 %

CA E0 EB FE EC ED FB 20 

00 00 09 00 FF 01 38 F7 73   // передача: 9 байт; 17:13:13:824 24.02.2018
// приём по количеству байт: 21 из 21
// принято с порта: 21 байт

01 00 15 00 FF 30 00 00 00 00 00 00 00 00 00 00 00 00 00 88 3C   // прием: 21 байт; 17:13:13:872 24.02.2018
// таймаут: 48 мсек

Чтение телефонов: 90 %

CA E0 EB FE EC ED FB 20 

00 00 09 00 FF 01 39 36 B3   // передача: 9 байт; 17:13:13:874 24.02.2018
// приём по количеству байт: 21 из 21
// принято с порта: 21 байт

01 00 15 00 FF 30 00 00 00 00 00 00 00 00 00 00 00 00 00 88 3C   // прием: 21 байт; 17:13:13:922 24.02.2018
// таймаут: 48 мсек

Чтение телефонов: 92 %

CA E0 EB FE EC ED FB 20 

00 00 09 00 FF 01 3A 76 B2   // передача: 9 байт; 17:13:13:923 24.02.2018
// приём по количеству байт: 21 из 21
// принято с порта: 21 байт

01 00 15 00 FF 30 00 00 00 00 00 00 00 00 00 00 00 00 00 88 3C   // прием: 21 байт; 17:13:13:972 24.02.2018
// таймаут: 49 мсек

Чтение телефонов: 93 %

CA E0 EB FE EC ED FB 20 

00 00 09 00 FF 01 3B B7 72   // передача: 9 байт; 17:13:13:974 24.02.2018
// приём по количеству байт: 21 из 21
// принято с порта: 21 байт

01 00 15 00 FF 30 00 00 00 00 00 00 00 00 00 00 00 00 00 88 3C   // прием: 21 байт; 17:13:14:022 24.02.2018
// таймаут: 48 мсек

Чтение телефонов: 95 %

CA E0 EB FE EC ED FB 20 

00 00 09 00 FF 01 3C F6 B0   // передача: 9 байт; 17:13:14:023 24.02.2018
// приём по количеству байт: 21 из 21
// принято с порта: 21 байт

01 00 15 00 FF 30 00 00 00 00 00 00 00 00 00 00 00 00 00 88 3C   // прием: 21 байт; 17:13:14:072 24.02.2018
// таймаут: 49 мсек

Чтение телефонов: 96 %

CA E0 EB FE EC ED FB 20 

00 00 09 00 FF 01 3D 37 70   // передача: 9 байт; 17:13:14:074 24.02.2018
// приём по количеству байт: 21 из 21
// принято с порта: 21 байт

01 00 15 00 FF 30 00 00 00 00 00 00 00 00 00 00 00 00 00 88 3C   // прием: 21 байт; 17:13:14:122 24.02.2018
// таймаут: 48 мсек

Чтение телефонов: 98 %

CA E0 EB FE EC ED FB 20 

00 00 09 00 FF 01 3E 77 71   // передача: 9 байт; 17:13:14:124 24.02.2018
// приём по количеству байт: 21 из 21
// принято с порта: 21 байт

01 00 15 00 FF 30 00 00 00 00 00 00 00 00 00 00 00 00 00 88 3C   // прием: 21 байт; 17:13:14:172 24.02.2018
// таймаут: 48 мсек

Чтение телефонов: 100 %

CA E0 EB FE EC ED FB 20 

00 00 09 00 FF 01 3F B6 B1   // передача: 9 байт; 17:13:14:174 24.02.2018
// приём по количеству байт: 21 из 21
// принято с порта: 21 байт

01 00 15 00 FF 30 00 00 00 00 00 00 00 00 00 00 00 00 00 88 3C   // прием: 21 байт; 17:13:14:222 24.02.2018
// таймаут: 48 мсек

Чтение телефонов: 100 %

// О программе
