
CA E0 EB FE EC ED FB 20 

00 00 08 00 FF 15 82 44   // передача: 8 байт; 12:34:51:808 14.12.2019
// приём по таймауту: 1000 мс
// принято с порта: 0 байт
повтор: 1

CA E0 EB FE EC ED FB 20 

00 00 08 00 FF 15 82 44   // передача: 8 байт; 12:34:52:822 14.12.2019
// приём по таймауту: 1000 мс
// принято с порта: 0 байт
повтор: 2

CA E0 EB FE EC ED FB 20 

00 00 08 00 FF 15 82 44   // передача: 8 байт; 12:34:53:836 14.12.2019
// приём по таймауту: 1000 мс
// принято с порта: 0 байт
повтор: 3

CA E0 EB FE EC ED FB 20 

00 00 08 00 FF 15 82 44   // передача: 8 байт; 12:34:54:850 14.12.2019
// приём по таймауту: 1000 мс
// принято с порта: 0 байт
повтор: 4

CA E0 EB FE EC ED FB 20 

00 00 08 00 FF 15 82 44   // передача: 8 байт; 12:34:55:864 14.12.2019

// О программе
