Событие: Connecting to 10.15.82.201.   // 17:12:27:255 19.05.2018
Событие: Connected.   // 17:12:28:299 19.05.2018
Установлено соединение c сокетом: 10.15.82.201:7777   // 17:12:28:300 19.05.2018


00 00 08 00 F6 0C 45 DE   // передача: 8 байт; 17:12:31:359 19.05.2018


55 00 00 12 FF F0 00 00 08 00 F6 0C 45 DE 21 B3 05 B9   // передача: 18 байт; 17:12:31:360 19.05.2018
// принято 9 байт (доступно 9 из 9 байт)   // 17:12:32:625 19.05.2018
// принято с сокета: 9 байт

01 00 09 00 F6 00 00 37 F3   // прием: 9 байт; 17:12:32:625 19.05.2018
// таймаут: 1265 мсек



00 00 07 00 F7 D4 47   // передача: 7 байт; 17:12:32:625 19.05.2018


55 00 00 11 FF F0 00 00 07 00 F7 D4 47 21 B3 8C 7D   // передача: 17 байт; 17:12:32:626 19.05.2018
// принято 39 байт (доступно 39 из 39 байт)   // 17:12:33:264 19.05.2018
// принято с сокета: 39 байт

01 00 27 00 F7 CF F0 EE E3 F0 E0 EC EC E0 20 3F 20 20 20 20 20 3D 5F 5F 5F 20 20 20 20 20 20 20 20 20 20 20 20 1B 1E   // прием: 39 байт; 17:12:33:265 19.05.2018
// таймаут: 639 мсек

Программа ?     
=___            


00 00 08 00 F6 09 85 DD   // передача: 8 байт; 17:12:35:367 19.05.2018


55 00 00 12 FF F0 00 00 08 00 F6 09 85 DD 21 B3 05 B9   // передача: 18 байт; 17:12:35:368 19.05.2018
// принято 9 байт (доступно 9 из 9 байт)   // 17:12:36:548 19.05.2018
// принято с сокета: 9 байт

01 00 09 00 F6 00 00 37 F3   // прием: 9 байт; 17:12:36:548 19.05.2018
// таймаут: 1180 мсек



00 00 07 00 F7 D4 47   // передача: 7 байт; 17:12:36:549 19.05.2018


55 00 00 11 FF F0 00 00 07 00 F7 D4 47 21 B3 8C 7D   // передача: 17 байт; 17:12:36:549 19.05.2018
// принято 39 байт (доступно 39 из 39 байт)   // 17:12:37:165 19.05.2018
// принято с сокета: 39 байт

01 00 27 00 F7 CF F0 EE E3 F0 E0 EC EC E0 20 3F 20 20 20 20 20 3D 5F 5F 39 20 20 20 20 20 20 20 20 20 20 20 20 93 78   // прием: 39 байт; 17:12:37:165 19.05.2018
// таймаут: 616 мсек

Программа ?     
=__9            


00 00 08 00 F6 08 44 1D   // передача: 8 байт; 17:12:37:751 19.05.2018


55 00 00 12 FF F0 00 00 08 00 F6 08 44 1D 21 B3 05 B9   // передача: 18 байт; 17:12:37:751 19.05.2018
// принято 9 байт (доступно 9 из 9 байт)   // 17:12:38:321 19.05.2018
// принято с сокета: 9 байт

01 00 09 00 F6 00 00 37 F3   // прием: 9 байт; 17:12:38:321 19.05.2018
// таймаут: 570 мсек



00 00 07 00 F7 D4 47   // передача: 7 байт; 17:12:38:322 19.05.2018


55 00 00 11 FF F0 00 00 07 00 F7 D4 47 21 B3 8C 7D   // передача: 17 байт; 17:12:38:322 19.05.2018
// принято 39 байт (доступно 39 из 39 байт)   // 17:12:38:923 19.05.2018
// принято с сокета: 39 байт

01 00 27 00 F7 CF F0 EE E3 F0 E0 EC EC E0 20 3F 20 20 20 20 20 3D 5F 39 38 20 20 20 20 20 20 20 20 20 20 20 20 F7 9F   // прием: 39 байт; 17:12:38:923 19.05.2018
// таймаут: 601 мсек

Программа ?     
=_98            


00 00 08 00 F6 0D 84 1E   // передача: 8 байт; 17:12:39:447 19.05.2018


55 00 00 12 FF F0 00 00 08 00 F6 0D 84 1E 21 B3 05 B9   // передача: 18 байт; 17:12:39:447 19.05.2018
// принято 9 байт (доступно 9 из 9 байт)   // 17:12:39:980 19.05.2018
// принято с сокета: 9 байт

01 00 09 00 F6 00 00 37 F3   // прием: 9 байт; 17:12:39:980 19.05.2018
// таймаут: 533 мсек



00 00 07 00 F7 D4 47   // передача: 7 байт; 17:12:39:981 19.05.2018


55 00 00 11 FF F0 00 00 07 00 F7 D4 47 21 B3 8C 7D   // передача: 17 байт; 17:12:39:981 19.05.2018
// принято 39 байт (доступно 39 из 39 байт)   // 17:12:40:661 19.05.2018
// принято с сокета: 39 байт

01 00 27 00 F7 D2 E0 E9 EC E0 F3 F2 FB 20 20 20 20 20 20 20 20 20 20 20 20 20 20 20 20 38 00 EC F1 20 20 20 31 E2 34   // прием: 39 байт; 17:12:40:662 19.05.2018
// таймаут: 681 мсек

Таймауты        
        8 мс   1


00 00 08 00 F6 0D 84 1E   // передача: 8 байт; 17:12:41:263 19.05.2018


55 00 00 12 FF F0 00 00 08 00 F6 0D 84 1E 21 B3 05 B9   // передача: 18 байт; 17:12:41:263 19.05.2018
// принято 9 байт (доступно 9 из 9 байт)   // 17:12:41:858 19.05.2018
// принято с сокета: 9 байт

01 00 09 00 F6 00 00 37 F3   // прием: 9 байт; 17:12:41:859 19.05.2018
// таймаут: 596 мсек



00 00 07 00 F7 D4 47   // передача: 7 байт; 17:12:41:859 19.05.2018


55 00 00 11 FF F0 00 00 07 00 F7 D4 47 21 B3 8C 7D   // передача: 17 байт; 17:12:41:860 19.05.2018
// принято 39 байт (доступно 39 из 39 байт)   // 17:12:42:463 19.05.2018
// принято с сокета: 39 байт

01 00 27 00 F7 D2 E0 E9 EC E0 F3 F2 FB 20 20 20 20 20 20 20 20 20 20 20 20 20 20 20 20 38 00 EC F1 20 20 20 32 A2 35   // прием: 39 байт; 17:12:42:463 19.05.2018
// таймаут: 603 мсек

Таймауты        
        8 мс   2


00 00 08 00 F6 0D 84 1E   // передача: 8 байт; 17:12:42:959 19.05.2018


55 00 00 12 FF F0 00 00 08 00 F6 0D 84 1E 21 B3 05 B9   // передача: 18 байт; 17:12:42:959 19.05.2018
// принято 9 байт (доступно 9 из 9 байт)   // 17:12:43:461 19.05.2018
// принято с сокета: 9 байт

01 00 09 00 F6 00 00 37 F3   // прием: 9 байт; 17:12:43:461 19.05.2018
// таймаут: 502 мсек



00 00 07 00 F7 D4 47   // передача: 7 байт; 17:12:43:462 19.05.2018


55 00 00 11 FF F0 00 00 07 00 F7 D4 47 21 B3 8C 7D   // передача: 17 байт; 17:12:43:462 19.05.2018
// принято 39 байт (доступно 39 из 39 байт)   // 17:12:44:021 19.05.2018
// принято с сокета: 39 байт

01 00 27 00 F7 D2 E0 E9 EC E0 F3 F2 FB 20 20 20 20 20 20 20 20 20 20 20 20 20 20 20 20 38 00 EC F1 20 20 20 33 63 F5   // прием: 39 байт; 17:12:44:021 19.05.2018
// таймаут: 559 мсек

Таймауты        
        8 мс   3


00 00 08 00 F6 0D 84 1E   // передача: 8 байт; 17:12:44:487 19.05.2018


55 00 00 12 FF F0 00 00 08 00 F6 0D 84 1E 21 B3 05 B9   // передача: 18 байт; 17:12:44:487 19.05.2018
// принято 9 байт (доступно 9 из 9 байт)   // 17:12:44:980 19.05.2018
// принято с сокета: 9 байт

01 00 09 00 F6 00 00 37 F3   // прием: 9 байт; 17:12:44:980 19.05.2018
// таймаут: 493 мсек



00 00 07 00 F7 D4 47   // передача: 7 байт; 17:12:44:981 19.05.2018


55 00 00 11 FF F0 00 00 07 00 F7 D4 47 21 B3 8C 7D   // передача: 17 байт; 17:12:44:981 19.05.2018
// принято 39 байт (доступно 39 из 39 байт)   // 17:12:45:581 19.05.2018
// принято с сокета: 39 байт

01 00 27 00 F7 D2 E0 E9 EC E0 F3 F2 FB 20 20 20 20 20 20 20 20 20 20 20 20 20 33 30 30 30 00 EC F1 20 20 20 34 B4 40   // прием: 39 байт; 17:12:45:581 19.05.2018
// таймаут: 600 мсек

Таймауты        
     3000 мс   4


00 00 08 00 F6 01 84 1B   // передача: 8 байт; 17:12:46:486 19.05.2018


55 00 00 12 FF F0 00 00 08 00 F6 01 84 1B 21 B3 05 B9   // передача: 18 байт; 17:12:46:487 19.05.2018
// принято 9 байт (доступно 9 из 9 байт)   // 17:12:48:802 19.05.2018
// принято с сокета: 9 байт

01 00 09 00 F6 00 00 37 F3   // прием: 9 байт; 17:12:48:803 19.05.2018
// таймаут: 2316 мсек



00 00 07 00 F7 D4 47   // передача: 7 байт; 17:12:48:803 19.05.2018


55 00 00 11 FF F0 00 00 07 00 F7 D4 47 21 B3 8C 7D   // передача: 17 байт; 17:12:48:804 19.05.2018
// принято 39 байт (доступно 39 из 39 байт)   // 17:12:49:364 19.05.2018
// принято с сокета: 39 байт

01 00 27 00 F7 D2 E0 E9 EC E0 F3 F2 FB 20 20 20 20 20 20 20 20 20 20 20 5F 5F 5F 5F 5F 31 20 EC F1 20 20 00 34 A8 F7   // прием: 39 байт; 17:12:49:365 19.05.2018
// таймаут: 561 мсек

Таймауты        
   _____1 мс   4


00 00 08 00 F6 00 45 DB   // передача: 8 байт; 17:12:49:975 19.05.2018


55 00 00 12 FF F0 00 00 08 00 F6 00 45 DB 21 B3 05 B9   // передача: 18 байт; 17:12:49:976 19.05.2018
// принято 9 байт (доступно 9 из 9 байт)   // 17:12:50:500 19.05.2018
// принято с сокета: 9 байт

01 00 09 00 F6 00 00 37 F3   // прием: 9 байт; 17:12:50:501 19.05.2018
// таймаут: 525 мсек



00 00 07 00 F7 D4 47   // передача: 7 байт; 17:12:50:501 19.05.2018


55 00 00 11 FF F0 00 00 07 00 F7 D4 47 21 B3 8C 7D   // передача: 17 байт; 17:12:50:502 19.05.2018
// принято 39 байт (доступно 39 из 39 байт)   // 17:12:51:044 19.05.2018
// принято с сокета: 39 байт

01 00 27 00 F7 D2 E0 E9 EC E0 F3 F2 FB 20 20 20 20 20 20 20 20 20 20 20 5F 5F 5F 5F 31 30 20 EC F1 20 20 00 34 8D 59   // прием: 39 байт; 17:12:51:045 19.05.2018
// таймаут: 543 мсек

Таймауты        
   ____10 мс   4


00 00 08 00 F6 00 45 DB   // передача: 8 байт; 17:12:51:607 19.05.2018


55 00 00 12 FF F0 00 00 08 00 F6 00 45 DB 21 B3 05 B9   // передача: 18 байт; 17:12:51:608 19.05.2018
// принято 9 байт (доступно 9 из 9 байт)   // 17:12:52:102 19.05.2018
// принято с сокета: 9 байт

01 00 09 00 F6 00 00 37 F3   // прием: 9 байт; 17:12:52:102 19.05.2018
// таймаут: 494 мсек



00 00 07 00 F7 D4 47   // передача: 7 байт; 17:12:52:103 19.05.2018


55 00 00 11 FF F0 00 00 07 00 F7 D4 47 21 B3 8C 7D   // передача: 17 байт; 17:12:52:103 19.05.2018
// принято 39 байт (доступно 39 из 39 байт)   // 17:12:52:663 19.05.2018
// принято с сокета: 39 байт

01 00 27 00 F7 D2 E0 E9 EC E0 F3 F2 FB 20 20 20 20 20 20 20 20 20 20 20 5F 5F 5F 31 30 30 20 EC F1 20 20 00 34 E2 82   // прием: 39 байт; 17:12:52:664 19.05.2018
// таймаут: 561 мсек

Таймауты        
   ___100 мс   4


00 00 08 00 F6 00 45 DB   // передача: 8 байт; 17:12:53:175 19.05.2018


55 00 00 12 FF F0 00 00 08 00 F6 00 45 DB 21 B3 05 B9   // передача: 18 байт; 17:12:53:176 19.05.2018
// принято 9 байт (доступно 9 из 9 байт)   // 17:12:53:681 19.05.2018
// принято с сокета: 9 байт

01 00 09 00 F6 00 00 37 F3   // прием: 9 байт; 17:12:53:681 19.05.2018
// таймаут: 505 мсек



00 00 07 00 F7 D4 47   // передача: 7 байт; 17:12:53:682 19.05.2018


55 00 00 11 FF F0 00 00 07 00 F7 D4 47 21 B3 8C 7D   // передача: 17 байт; 17:12:53:682 19.05.2018
// принято 39 байт (доступно 39 из 39 байт)   // 17:12:54:223 19.05.2018
// принято с сокета: 39 байт

01 00 27 00 F7 D2 E0 E9 EC E0 F3 F2 FB 20 20 20 20 20 20 20 20 20 20 20 5F 5F 31 30 30 30 20 EC F1 20 20 00 34 79 AE   // прием: 39 байт; 17:12:54:224 19.05.2018
// таймаут: 542 мсек

Таймауты        
   __1000 мс   4


00 00 08 00 F6 0D 84 1E   // передача: 8 байт; 17:12:54:991 19.05.2018


55 00 00 12 FF F0 00 00 08 00 F6 0D 84 1E 21 B3 05 B9   // передача: 18 байт; 17:12:54:991 19.05.2018
// принято 9 байт (доступно 9 из 9 байт)   // 17:12:55:481 19.05.2018
// принято с сокета: 9 байт

01 00 09 00 F6 00 00 37 F3   // прием: 9 байт; 17:12:55:481 19.05.2018
// таймаут: 490 мсек



00 00 07 00 F7 D4 47   // передача: 7 байт; 17:12:55:481 19.05.2018


55 00 00 11 FF F0 00 00 07 00 F7 D4 47 21 B3 8C 7D   // передача: 17 байт; 17:12:55:482 19.05.2018
// принято 39 байт (доступно 39 из 39 байт)   // 17:12:56:023 19.05.2018
// принято с сокета: 39 байт

01 00 27 00 F7 D2 E0 E9 EC E0 F3 F2 FB 20 20 20 20 20 20 20 20 20 20 20 20 20 20 20 20 38 00 EC F1 20 20 20 31 E2 34   // прием: 39 байт; 17:12:56:023 19.05.2018
// таймаут: 541 мсек

Таймауты        
        8 мс   1


00 00 08 00 F6 0D 84 1E   // передача: 8 байт; 17:12:56:583 19.05.2018


55 00 00 12 FF F0 00 00 08 00 F6 0D 84 1E 21 B3 05 B9   // передача: 18 байт; 17:12:56:583 19.05.2018
// принято 9 байт (доступно 9 из 9 байт)   // 17:12:57:082 19.05.2018
// принято с сокета: 9 байт

01 00 09 00 F6 00 00 37 F3   // прием: 9 байт; 17:12:57:082 19.05.2018
// таймаут: 499 мсек



00 00 07 00 F7 D4 47   // передача: 7 байт; 17:12:57:083 19.05.2018


55 00 00 11 FF F0 00 00 07 00 F7 D4 47 21 B3 8C 7D   // передача: 17 байт; 17:12:57:083 19.05.2018
// принято 39 байт (доступно 39 из 39 байт)   // 17:12:57:643 19.05.2018
// принято с сокета: 39 байт

01 00 27 00 F7 D2 E0 E9 EC E0 F3 F2 FB 20 20 20 20 20 20 20 20 20 20 20 20 20 20 20 20 38 00 EC F1 20 20 20 32 A2 35   // прием: 39 байт; 17:12:57:643 19.05.2018
// таймаут: 560 мсек

Таймауты        
        8 мс   2


00 00 08 00 F6 0D 84 1E   // передача: 8 байт; 17:12:58:111 19.05.2018


55 00 00 12 FF F0 00 00 08 00 F6 0D 84 1E 21 B3 05 B9   // передача: 18 байт; 17:12:58:111 19.05.2018
// принято 9 байт (доступно 9 из 9 байт)   // 17:12:58:641 19.05.2018
// принято с сокета: 9 байт

01 00 09 00 F6 00 00 37 F3   // прием: 9 байт; 17:12:58:642 19.05.2018
// таймаут: 531 мсек



00 00 07 00 F7 D4 47   // передача: 7 байт; 17:12:58:642 19.05.2018


55 00 00 11 FF F0 00 00 07 00 F7 D4 47 21 B3 8C 7D   // передача: 17 байт; 17:12:58:643 19.05.2018
// принято 39 байт (доступно 39 из 39 байт)   // 17:12:59:203 19.05.2018
// принято с сокета: 39 байт

01 00 27 00 F7 D2 E0 E9 EC E0 F3 F2 FB 20 20 20 20 20 20 20 20 20 20 20 20 20 20 20 20 38 00 EC F1 20 20 20 33 63 F5   // прием: 39 байт; 17:12:59:204 19.05.2018
// таймаут: 561 мсек

Таймауты        
        8 мс   3


00 00 08 00 F6 0D 84 1E   // передача: 8 байт; 17:12:59:599 19.05.2018


55 00 00 12 FF F0 00 00 08 00 F6 0D 84 1E 21 B3 05 B9   // передача: 18 байт; 17:12:59:599 19.05.2018
// принято 9 байт (доступно 9 из 9 байт)   // 17:13:00:101 19.05.2018
// принято с сокета: 9 байт

01 00 09 00 F6 00 00 37 F3   // прием: 9 байт; 17:13:00:101 19.05.2018
// таймаут: 502 мсек



00 00 07 00 F7 D4 47   // передача: 7 байт; 17:13:00:102 19.05.2018


55 00 00 11 FF F0 00 00 07 00 F7 D4 47 21 B3 8C 7D   // передача: 17 байт; 17:13:00:102 19.05.2018
// принято 39 байт (доступно 39 из 39 байт)   // 17:13:00:643 19.05.2018
// принято с сокета: 39 байт

01 00 27 00 F7 D2 E0 E9 EC E0 F3 F2 FB 20 20 20 20 20 20 20 20 20 20 20 20 20 31 30 30 30 00 EC F1 20 20 20 34 BF F8   // прием: 39 байт; 17:13:00:644 19.05.2018
// таймаут: 542 мсек

Таймауты        
     1000 мс   4


00 00 08 00 F6 0C 45 DE   // передача: 8 байт; 17:13:02:495 19.05.2018


55 00 00 12 FF F0 00 00 08 00 F6 0C 45 DE 21 B3 05 B9   // передача: 18 байт; 17:13:02:495 19.05.2018
// принято 9 байт (доступно 9 из 9 байт)   // 17:13:03:446 19.05.2018
// принято с сокета: 9 байт

01 00 09 00 F6 00 00 37 F3   // прием: 9 байт; 17:13:03:446 19.05.2018
// таймаут: 951 мсек



00 00 07 00 F7 D4 47   // передача: 7 байт; 17:13:03:447 19.05.2018


55 00 00 11 FF F0 00 00 07 00 F7 D4 47 21 B3 8C 7D   // передача: 17 байт; 17:13:03:447 19.05.2018
// принято 39 байт (доступно 39 из 39 байт)   // 17:13:04:003 19.05.2018
// принято с сокета: 39 байт

01 00 27 00 F7 CF F0 EE E3 F0 E0 EC EC E0 20 3F 20 20 20 20 20 3D 5F 5F 5F 20 20 20 20 20 20 20 20 20 20 20 20 1B 1E   // прием: 39 байт; 17:13:04:004 19.05.2018
// таймаут: 557 мсек

Программа ?     
=___            


00 00 08 00 F6 01 84 1B   // передача: 8 байт; 17:13:05:134 19.05.2018


55 00 00 12 FF F0 00 00 08 00 F6 01 84 1B 21 B3 05 B9   // передача: 18 байт; 17:13:05:135 19.05.2018
// принято 9 байт (доступно 9 из 9 байт)   // 17:13:05:621 19.05.2018
// принято с сокета: 9 байт

01 00 09 00 F6 00 00 37 F3   // прием: 9 байт; 17:13:05:622 19.05.2018
// таймаут: 487 мсек



00 00 07 00 F7 D4 47   // передача: 7 байт; 17:13:05:622 19.05.2018


55 00 00 11 FF F0 00 00 07 00 F7 D4 47 21 B3 8C 7D   // передача: 17 байт; 17:13:05:623 19.05.2018
// принято 39 байт (доступно 39 из 39 байт)   // 17:13:06:164 19.05.2018
// принято с сокета: 39 байт

01 00 27 00 F7 CF F0 EE E3 F0 E0 EC EC E0 20 3F 20 20 20 20 20 3D 5F 5F 31 20 20 20 20 20 20 20 20 20 20 20 20 8C 30   // прием: 39 байт; 17:13:06:165 19.05.2018
// таймаут: 542 мсек

Программа ?     
=__1            


00 00 08 00 F6 05 85 D8   // передача: 8 байт; 17:13:06:799 19.05.2018


55 00 00 12 FF F0 00 00 08 00 F6 05 85 D8 21 B3 05 B9   // передача: 18 байт; 17:13:06:800 19.05.2018
// принято 9 байт (доступно 9 из 9 байт)   // 17:13:07:361 19.05.2018
// принято с сокета: 9 байт

01 00 09 00 F6 00 00 37 F3   // прием: 9 байт; 17:13:07:362 19.05.2018
// таймаут: 562 мсек



00 00 07 00 F7 D4 47   // передача: 7 байт; 17:13:07:362 19.05.2018


55 00 00 11 FF F0 00 00 07 00 F7 D4 47 21 B3 8C 7D   // передача: 17 байт; 17:13:07:363 19.05.2018
// принято 39 байт (доступно 39 из 39 байт)   // 17:13:07:905 19.05.2018
// принято с сокета: 39 байт

01 00 27 00 F7 CF F0 EE E3 F0 E0 EC EC E0 20 3F 20 20 20 20 20 3D 5F 31 35 20 20 20 20 20 20 20 20 20 20 20 20 ED 1A   // прием: 39 байт; 17:13:07:905 19.05.2018
// таймаут: 542 мсек

Программа ?     
=_15            


00 00 08 00 F6 0D 84 1E   // передача: 8 байт; 17:13:08:439 19.05.2018


55 00 00 12 FF F0 00 00 08 00 F6 0D 84 1E 21 B3 05 B9   // передача: 18 байт; 17:13:08:440 19.05.2018
// принято 9 байт (доступно 9 из 9 байт)   // 17:13:08:920 19.05.2018
// принято с сокета: 9 байт

01 00 09 00 F6 00 00 37 F3   // прием: 9 байт; 17:13:08:921 19.05.2018
// таймаут: 481 мсек



00 00 07 00 F7 D4 47   // передача: 7 байт; 17:13:08:921 19.05.2018


55 00 00 11 FF F0 00 00 07 00 F7 D4 47 21 B3 8C 7D   // передача: 17 байт; 17:13:08:922 19.05.2018
// принято 39 байт (доступно 39 из 39 байт)   // 17:13:09:463 19.05.2018
// принято с сокета: 39 байт

01 00 27 00 F7 D0 E0 E1 EE F2 E0 20 20 20 20 20 20 20 20 20 20 20 20 20 20 20 20 20 CE CA 20 20 20 20 20 20 20 DE 07   // прием: 39 байт; 17:13:09:464 19.05.2018
// таймаут: 542 мсек

Работа          
       ОК       
Событие: Disconnecting.   // 17:13:11:383 19.05.2018
Отсоединение   // 17:13:11:384 19.05.2018
Событие: Disconnected.   // 17:13:11:386 19.05.2018
Ошибка при закрытии сокета: Thread Error: Неверный дескриптор (6)   // 17:13:13:535 19.05.2018

// О программе
