Событие: Connecting to 10.15.82.201.   // 16:57:54:408 19.05.2018
Событие: Connected.   // 16:57:56:222 19.05.2018
Установлено соединение c сокетом: 10.15.82.201:7777   // 16:57:56:222 19.05.2018


00 00 07 00 F7 D4 47   // передача: 7 байт; 16:57:58:743 19.05.2018


55 00 00 11 FF F0 00 00 07 00 F7 D4 47 21 B3 8C 7D   // передача: 17 байт; 16:57:58:743 19.05.2018
// приём по таймауту: 5000 мс
// принято с сокета: 0 байт


00 00 07 00 F7 D4 47   // передача: 7 байт; 16:58:04:536 19.05.2018


55 00 00 11 FF F0 00 00 07 00 F7 D4 47 21 B3 8C 7D   // передача: 17 байт; 16:58:04:536 19.05.2018
// приём по таймауту: 5000 мс
// принято с сокета: 0 байт


00 00 07 00 F7 D4 47   // передача: 7 байт; 16:58:10:028 19.05.2018


55 00 00 11 FF F0 00 00 07 00 F7 D4 47 21 B3 8C 7D   // передача: 17 байт; 16:58:10:028 19.05.2018



1B EE   // передача: 2 байт; 16:58:12:583 19.05.2018



1B EE   // передача: 2 байт; 16:58:16:046 19.05.2018
Событие: Disconnected.   // 16:58:17:720 19.05.2018
Отсоединение   // 16:58:17:720 19.05.2018
// принято 0 байт (доступно 0 из 39 байт)   // 16:58:17:720 19.05.2018
Событие: Connecting to 10.15.82.201.   // 16:58:21:488 19.05.2018

// О программе
