Событие: Connecting to 10.15.82.201.   // 16:59:11:294 19.05.2018
Событие: Connected.   // 16:59:21:501 19.05.2018
Установлено соединение c сокетом: 10.15.82.201:7777   // 16:59:21:501 19.05.2018


00 00 08 00 F6 0C 45 DE   // передача: 8 байт; 16:59:24:719 19.05.2018


55 00 00 12 FF F0 00 00 08 00 F6 0C 45 DE 21 B3 05 B9   // передача: 18 байт; 16:59:24:719 19.05.2018
// принято 9 байт (доступно 9 из 9 байт)   // 16:59:26:963 19.05.2018
// принято с сокета: 9 байт

01 00 09 00 F6 00 00 37 F3   // прием: 9 байт; 16:59:26:963 19.05.2018
// таймаут: 2244 мсек



00 00 07 00 F7 D4 47   // передача: 7 байт; 16:59:26:963 19.05.2018


55 00 00 11 FF F0 00 00 07 00 F7 D4 47 21 B3 8C 7D   // передача: 17 байт; 16:59:26:963 19.05.2018
// принято 39 байт (доступно 39 из 39 байт)   // 16:59:27:805 19.05.2018
// принято с сокета: 39 байт

01 00 27 00 F7 CF F0 EE E3 F0 E0 EC EC E0 20 3F 20 20 20 20 20 3E 5F 5F 5F 20 20 20 20 20 20 20 20 20 20 20 20 5B EF   // прием: 39 байт; 16:59:27:805 19.05.2018
// таймаут: 842 мсек

Программа ?     
>___            


00 00 08 00 F6 01 84 1B   // передача: 8 байт; 16:59:30:469 19.05.2018


55 00 00 12 FF F0 00 00 08 00 F6 01 84 1B 21 B3 05 B9   // передача: 18 байт; 16:59:30:469 19.05.2018
// принято 9 байт (доступно 9 из 9 байт)   // 16:59:31:121 19.05.2018
// принято с сокета: 9 байт

01 00 09 00 F6 00 00 37 F3   // прием: 9 байт; 16:59:31:121 19.05.2018
// таймаут: 652 мсек



00 00 07 00 F7 D4 47   // передача: 7 байт; 16:59:31:121 19.05.2018


55 00 00 11 FF F0 00 00 07 00 F7 D4 47 21 B3 8C 7D   // передача: 17 байт; 16:59:31:121 19.05.2018
// принято 39 байт (доступно 39 из 39 байт)   // 16:59:31:703 19.05.2018
// принято с сокета: 39 байт

01 00 27 00 F7 CF F0 EE E3 F0 E0 EC EC E0 20 3F 20 20 20 20 20 3E 5F 5F 31 20 20 20 20 20 20 20 20 20 20 20 20 CC C1   // прием: 39 байт; 16:59:31:703 19.05.2018
// таймаут: 582 мсек

Программа ?     
>__1            


00 00 08 00 F6 01 84 1B   // передача: 8 байт; 16:59:32:388 19.05.2018


55 00 00 12 FF F0 00 00 08 00 F6 01 84 1B 21 B3 05 B9   // передача: 18 байт; 16:59:32:388 19.05.2018
// принято 9 байт (доступно 9 из 9 байт)   // 16:59:32:920 19.05.2018
// принято с сокета: 9 байт

01 00 09 00 F6 00 00 37 F3   // прием: 9 байт; 16:59:32:920 19.05.2018
// таймаут: 532 мсек



00 00 07 00 F7 D4 47   // передача: 7 байт; 16:59:32:930 19.05.2018


55 00 00 11 FF F0 00 00 07 00 F7 D4 47 21 B3 8C 7D   // передача: 17 байт; 16:59:32:930 19.05.2018
// принято 39 байт (доступно 39 из 39 байт)   // 16:59:33:540 19.05.2018
// принято с сокета: 39 байт

01 00 27 00 F7 CF F0 EE E3 F0 E0 EC EC E0 20 3F 20 20 20 20 20 3E 5F 31 31 20 20 20 20 20 20 20 20 20 20 20 20 A3 6F   // прием: 39 байт; 16:59:33:540 19.05.2018
// таймаут: 610 мсек

Программа ?     
>_11            


00 00 08 00 F6 0D 84 1E   // передача: 8 байт; 16:59:34:302 19.05.2018


55 00 00 12 FF F0 00 00 08 00 F6 0D 84 1E 21 B3 05 B9   // передача: 18 байт; 16:59:34:302 19.05.2018
// принято 9 байт (доступно 9 из 9 байт)   // 16:59:34:824 19.05.2018
// принято с сокета: 9 байт

01 00 09 00 F6 00 00 37 F3   // прием: 9 байт; 16:59:34:824 19.05.2018
// таймаут: 522 мсек



00 00 07 00 F7 D4 47   // передача: 7 байт; 16:59:34:824 19.05.2018


55 00 00 11 FF F0 00 00 07 00 F7 D4 47 21 B3 8C 7D   // передача: 17 байт; 16:59:34:824 19.05.2018
// принято 39 байт (доступно 39 из 39 байт)   // 16:59:35:426 19.05.2018
// принято с сокета: 39 байт

01 00 27 00 F7 CF E0 F0 EE EB FC 20 20 20 20 20 20 20 20 20 20 20 20 20 2D 2D 2D 2D 2D 2D 2D 2D 2D 2D 20 20 20 3C A2   // прием: 39 байт; 16:59:35:426 19.05.2018
// таймаут: 602 мсек

Пароль          
   ----------   


00 00 08 00 F6 02 C4 1A   // передача: 8 байт; 16:59:36:388 19.05.2018


55 00 00 12 FF F0 00 00 08 00 F6 02 C4 1A 21 B3 05 B9   // передача: 18 байт; 16:59:36:388 19.05.2018
// принято 9 байт (доступно 9 из 9 байт)   // 16:59:36:963 19.05.2018
// принято с сокета: 9 байт

01 00 09 00 F6 00 00 37 F3   // прием: 9 байт; 16:59:36:963 19.05.2018
// таймаут: 575 мсек



00 00 07 00 F7 D4 47   // передача: 7 байт; 16:59:36:963 19.05.2018


55 00 00 11 FF F0 00 00 07 00 F7 D4 47 21 B3 8C 7D   // передача: 17 байт; 16:59:36:963 19.05.2018
// принято 39 байт (доступно 39 из 39 байт)   // 16:59:37:563 19.05.2018
// принято с сокета: 39 байт

01 00 27 00 F7 CF E0 F0 EE EB FC 20 20 20 20 20 20 20 20 20 20 20 20 20 2A 2D 2D 2D 2D 2D 2D 2D 2D 2D 20 20 20 37 E5   // прием: 39 байт; 16:59:37:563 19.05.2018
// таймаут: 600 мсек

Пароль          
   *---------   


00 00 08 00 F6 06 C5 D9   // передача: 8 байт; 16:59:38:245 19.05.2018


55 00 00 12 FF F0 00 00 08 00 F6 06 C5 D9 21 B3 05 B9   // передача: 18 байт; 16:59:38:245 19.05.2018
// принято 9 байт (доступно 9 из 9 байт)   // 16:59:38:757 19.05.2018
// принято с сокета: 9 байт

01 00 09 00 F6 00 00 37 F3   // прием: 9 байт; 16:59:38:757 19.05.2018
// таймаут: 512 мсек



00 00 07 00 F7 D4 47   // передача: 7 байт; 16:59:38:757 19.05.2018


55 00 00 11 FF F0 00 00 07 00 F7 D4 47 21 B3 8C 7D   // передача: 17 байт; 16:59:38:767 19.05.2018
// принято 39 байт (доступно 39 из 39 байт)   // 16:59:39:347 19.05.2018
// принято с сокета: 39 байт

01 00 27 00 F7 CF E0 F0 EE EB FC 20 20 20 20 20 20 20 20 20 20 20 20 20 2A 2A 2D 2D 2D 2D 2D 2D 2D 2D 20 20 20 C2 2E   // прием: 39 байт; 16:59:39:347 19.05.2018
// таймаут: 580 мсек

Пароль          
   **--------   


00 00 08 00 F6 01 84 1B   // передача: 8 байт; 16:59:40:199 19.05.2018


55 00 00 12 FF F0 00 00 08 00 F6 01 84 1B 21 B3 05 B9   // передача: 18 байт; 16:59:40:199 19.05.2018
// принято 9 байт (доступно 9 из 9 байт)   // 16:59:40:681 19.05.2018
// принято с сокета: 9 байт

01 00 09 00 F6 00 00 37 F3   // прием: 9 байт; 16:59:40:681 19.05.2018
// таймаут: 482 мсек



00 00 07 00 F7 D4 47   // передача: 7 байт; 16:59:40:681 19.05.2018


55 00 00 11 FF F0 00 00 07 00 F7 D4 47 21 B3 8C 7D   // передача: 17 байт; 16:59:40:681 19.05.2018
// принято 39 байт (доступно 39 из 39 байт)   // 16:59:41:271 19.05.2018
// принято с сокета: 39 байт

01 00 27 00 F7 CF E0 F0 EE EB FC 20 20 20 20 20 20 20 20 20 20 20 20 20 2A 2A 2A 2D 2D 2D 2D 2D 2D 2D 20 20 20 D8 5A   // прием: 39 байт; 16:59:41:271 19.05.2018
// таймаут: 590 мсек

Пароль          
   ***-------   


00 00 08 00 F6 01 84 1B   // передача: 8 байт; 16:59:42:203 19.05.2018


55 00 00 12 FF F0 00 00 08 00 F6 01 84 1B 21 B3 05 B9   // передача: 18 байт; 16:59:42:203 19.05.2018
// принято 9 байт (доступно 9 из 9 байт)   // 16:59:42:685 19.05.2018
// принято с сокета: 9 байт

01 00 09 00 F6 00 00 37 F3   // прием: 9 байт; 16:59:42:685 19.05.2018
// таймаут: 482 мсек



00 00 07 00 F7 D4 47   // передача: 7 байт; 16:59:42:685 19.05.2018


55 00 00 11 FF F0 00 00 07 00 F7 D4 47 21 B3 8C 7D   // передача: 17 байт; 16:59:42:685 19.05.2018
// принято 39 байт (доступно 39 из 39 байт)   // 16:59:43:245 19.05.2018
// принято с сокета: 39 байт

01 00 27 00 F7 CF E0 F0 EE EB FC 20 20 20 20 20 20 20 20 20 20 20 20 20 2A 2A 2A 2A 2D 2D 2D 2D 2D 2D 20 20 20 69 80   // прием: 39 байт; 16:59:43:245 19.05.2018
// таймаут: 560 мсек

Пароль          
   ****------   


00 00 08 00 F6 03 05 DA   // передача: 8 байт; 16:59:44:062 19.05.2018


55 00 00 12 FF F0 00 00 08 00 F6 03 05 DA 21 B3 05 B9   // передача: 18 байт; 16:59:44:062 19.05.2018
// принято 9 байт (доступно 9 из 9 байт)   // 16:59:45:890 19.05.2018
// принято с сокета: 9 байт

01 00 09 00 F6 00 00 37 F3   // прием: 9 байт; 16:59:45:890 19.05.2018
// таймаут: 1828 мсек



00 00 07 00 F7 D4 47   // передача: 7 байт; 16:59:45:890 19.05.2018


55 00 00 11 FF F0 00 00 07 00 F7 D4 47 21 B3 8C 7D   // передача: 17 байт; 16:59:45:890 19.05.2018
// принято 39 байт (доступно 39 из 39 байт)   // 16:59:47:060 19.05.2018
// принято с сокета: 39 байт

01 00 27 00 F7 CF E0 F0 EE EB FC 20 20 20 20 20 20 20 20 20 20 20 20 20 2A 2A 2A 2A 2A 2D 2D 2D 2D 2D 20 20 20 4F B0   // прием: 39 байт; 16:59:47:060 19.05.2018
// таймаут: 1170 мсек

Пароль          
   *****-----   


00 00 08 00 F6 07 04 19   // передача: 8 байт; 16:59:47:753 19.05.2018


55 00 00 12 FF F0 00 00 08 00 F6 07 04 19 21 B3 05 B9   // передача: 18 байт; 16:59:47:753 19.05.2018
// принято 9 байт (доступно 9 из 9 байт)   // 16:59:48:243 19.05.2018
// принято с сокета: 9 байт

01 00 09 00 F6 00 00 37 F3   // прием: 9 байт; 16:59:48:243 19.05.2018
// таймаут: 490 мсек



00 00 07 00 F7 D4 47   // передача: 7 байт; 16:59:48:243 19.05.2018


55 00 00 11 FF F0 00 00 07 00 F7 D4 47 21 B3 8C 7D   // передача: 17 байт; 16:59:48:243 19.05.2018
// принято 39 байт (доступно 39 из 39 байт)   // 16:59:48:785 19.05.2018
// принято с сокета: 39 байт

01 00 27 00 F7 CF E0 F0 EE EB FC 20 20 20 20 20 20 20 20 20 20 20 20 20 2A 2A 2A 2A 2A 2A 2D 2D 2D 2D 20 20 20 0E 56   // прием: 39 байт; 16:59:48:785 19.05.2018
// таймаут: 542 мсек

Пароль          
   ******----   


00 00 08 00 F6 09 85 DD   // передача: 8 байт; 16:59:49:415 19.05.2018


55 00 00 12 FF F0 00 00 08 00 F6 09 85 DD 21 B3 05 B9   // передача: 18 байт; 16:59:49:415 19.05.2018
// принято 9 байт (доступно 9 из 9 байт)   // 16:59:49:917 19.05.2018
// принято с сокета: 9 байт

01 00 09 00 F6 00 00 37 F3   // прием: 9 байт; 16:59:49:917 19.05.2018
// таймаут: 502 мсек



00 00 07 00 F7 D4 47   // передача: 7 байт; 16:59:49:927 19.05.2018


55 00 00 11 FF F0 00 00 07 00 F7 D4 47 21 B3 8C 7D   // передача: 17 байт; 16:59:49:927 19.05.2018
// принято 39 байт (доступно 39 из 39 байт)   // 16:59:50:759 19.05.2018
// принято с сокета: 39 байт

01 00 27 00 F7 CF E0 F0 EE EB FC 20 20 20 20 20 20 20 20 20 20 20 20 20 2A 2A 2A 2A 2A 2A 2A 2D 2D 2D 20 20 20 78 96   // прием: 39 байт; 16:59:50:769 19.05.2018
// таймаут: 842 мсек

Пароль          
   *******---   


00 00 08 00 F6 01 84 1B   // передача: 8 байт; 16:59:51:400 19.05.2018


55 00 00 12 FF F0 00 00 08 00 F6 01 84 1B 21 B3 05 B9   // передача: 18 байт; 16:59:51:400 19.05.2018
// принято 9 байт (доступно 9 из 9 байт)   // 16:59:52:012 19.05.2018
// принято с сокета: 9 байт

01 00 09 00 F6 00 00 37 F3   // прием: 9 байт; 16:59:52:012 19.05.2018
// таймаут: 612 мсек



00 00 07 00 F7 D4 47   // передача: 7 байт; 16:59:52:012 19.05.2018


55 00 00 11 FF F0 00 00 07 00 F7 D4 47 21 B3 8C 7D   // передача: 17 байт; 16:59:52:012 19.05.2018
// принято 39 байт (доступно 39 из 39 байт)   // 16:59:52:602 19.05.2018
// принято с сокета: 39 байт

01 00 27 00 F7 CF E0 F0 EE EB FC 20 20 20 20 20 20 20 20 20 20 20 20 20 2A 2A 2A 2A 2A 2A 2A 2A 2D 2D 20 20 20 79 21   // прием: 39 байт; 16:59:52:602 19.05.2018
// таймаут: 590 мсек

Пароль          
   ********--   


00 00 08 00 F6 0D 84 1E   // передача: 8 байт; 16:59:53:144 19.05.2018


55 00 00 12 FF F0 00 00 08 00 F6 0D 84 1E 21 B3 05 B9   // передача: 18 байт; 16:59:53:144 19.05.2018
// принято 9 байт (доступно 9 из 9 байт)   // 16:59:53:816 19.05.2018
// принято с сокета: 9 байт

01 00 09 00 F6 00 00 37 F3   // прием: 9 байт; 16:59:53:816 19.05.2018
// таймаут: 672 мсек



00 00 07 00 F7 D4 47   // передача: 7 байт; 16:59:53:816 19.05.2018


55 00 00 11 FF F0 00 00 07 00 F7 D4 47 21 B3 8C 7D   // передача: 17 байт; 16:59:53:816 19.05.2018
// принято 39 байт (доступно 39 из 39 байт)   // 16:59:55:038 19.05.2018
// принято с сокета: 39 байт

01 00 27 00 F7 CD E0 F1 F2 F0 EE E9 EA E0 20 20 20 20 20 20 20 20 20 20 20 20 20 20 CE CA 20 20 20 20 20 20 20 56 CB   // прием: 39 байт; 16:59:55:039 19.05.2018
// таймаут: 1223 мсек

Настройка       
       ОК       


00 00 08 00 F6 0C 45 DE   // передача: 8 байт; 16:59:56:027 19.05.2018


55 00 00 12 FF F0 00 00 08 00 F6 0C 45 DE 21 B3 05 B9   // передача: 18 байт; 16:59:56:027 19.05.2018
// принято 9 байт (доступно 9 из 9 байт)   // 16:59:56:799 19.05.2018
// принято с сокета: 9 байт

01 00 09 00 F6 00 00 37 F3   // прием: 9 байт; 16:59:56:799 19.05.2018
// таймаут: 772 мсек



00 00 07 00 F7 D4 47   // передача: 7 байт; 16:59:56:799 19.05.2018


55 00 00 11 FF F0 00 00 07 00 F7 D4 47 21 B3 8C 7D   // передача: 17 байт; 16:59:56:799 19.05.2018
// принято 39 байт (доступно 39 из 39 байт)   // 16:59:57:359 19.05.2018
// принято с сокета: 39 байт

01 00 27 00 F7 CF F0 EE E3 F0 E0 EC EC E0 20 3F 20 20 20 20 20 3D 5F 5F 5F 20 20 20 20 20 20 20 20 20 20 20 20 1B 1E   // прием: 39 байт; 16:59:57:359 19.05.2018
// таймаут: 560 мсек

Программа ?     
=___            


00 00 08 00 F6 09 85 DD   // передача: 8 байт; 16:59:58:031 19.05.2018


55 00 00 12 FF F0 00 00 08 00 F6 09 85 DD 21 B3 05 B9   // передача: 18 байт; 16:59:58:031 19.05.2018
// принято 9 байт (доступно 9 из 9 байт)   // 16:59:58:793 19.05.2018
// принято с сокета: 9 байт

01 00 09 00 F6 00 00 37 F3   // прием: 9 байт; 16:59:58:793 19.05.2018
// таймаут: 762 мсек



00 00 07 00 F7 D4 47   // передача: 7 байт; 16:59:58:793 19.05.2018


55 00 00 11 FF F0 00 00 07 00 F7 D4 47 21 B3 8C 7D   // передача: 17 байт; 16:59:58:793 19.05.2018
// принято 39 байт (доступно 39 из 39 байт)   // 16:59:59:393 19.05.2018
// принято с сокета: 39 байт

01 00 27 00 F7 CF F0 EE E3 F0 E0 EC EC E0 20 3F 20 20 20 20 20 3D 5F 5F 39 20 20 20 20 20 20 20 20 20 20 20 20 93 78   // прием: 39 байт; 16:59:59:393 19.05.2018
// таймаут: 600 мсек

Программа ?     
=__9            


00 00 08 00 F6 08 44 1D   // передача: 8 байт; 16:59:59:885 19.05.2018


55 00 00 12 FF F0 00 00 08 00 F6 08 44 1D 21 B3 05 B9   // передача: 18 байт; 16:59:59:885 19.05.2018
// принято 9 байт (доступно 9 из 9 байт)   // 17:00:00:395 19.05.2018
// принято с сокета: 9 байт

01 00 09 00 F6 00 00 37 F3   // прием: 9 байт; 17:00:00:395 19.05.2018
// таймаут: 510 мсек



00 00 07 00 F7 D4 47   // передача: 7 байт; 17:00:00:395 19.05.2018


55 00 00 11 FF F0 00 00 07 00 F7 D4 47 21 B3 8C 7D   // передача: 17 байт; 17:00:00:395 19.05.2018
// принято 39 байт (доступно 39 из 39 байт)   // 17:00:00:957 19.05.2018
// принято с сокета: 39 байт

01 00 27 00 F7 CF F0 EE E3 F0 E0 EC EC E0 20 3F 20 20 20 20 20 3D 5F 39 38 20 20 20 20 20 20 20 20 20 20 20 20 F7 9F   // прием: 39 байт; 17:00:00:957 19.05.2018
// таймаут: 562 мсек

Программа ?     
=_98            


00 00 08 00 F6 0D 84 1E   // передача: 8 байт; 17:00:01:517 19.05.2018


55 00 00 12 FF F0 00 00 08 00 F6 0D 84 1E 21 B3 05 B9   // передача: 18 байт; 17:00:01:517 19.05.2018
// принято 9 байт (доступно 9 из 9 байт)   // 17:00:02:029 19.05.2018
// принято с сокета: 9 байт

01 00 09 00 F6 00 00 37 F3   // прием: 9 байт; 17:00:02:029 19.05.2018
// таймаут: 512 мсек



00 00 07 00 F7 D4 47   // передача: 7 байт; 17:00:02:039 19.05.2018


55 00 00 11 FF F0 00 00 07 00 F7 D4 47 21 B3 8C 7D   // передача: 17 байт; 17:00:02:039 19.05.2018
// принято 39 байт (доступно 39 из 39 байт)   // 17:00:02:692 19.05.2018
// принято с сокета: 39 байт

01 00 27 00 F7 D2 E0 E9 EC E0 F3 F2 FB 20 20 20 20 20 20 20 20 20 20 20 20 20 20 20 20 38 00 EC F1 20 20 20 31 E2 34   // прием: 39 байт; 17:00:02:692 19.05.2018
// таймаут: 653 мсек

Таймауты        
        8 мс   1


00 00 08 00 F6 0D 84 1E   // передача: 8 байт; 17:00:04:801 19.05.2018


55 00 00 12 FF F0 00 00 08 00 F6 0D 84 1E 21 B3 05 B9   // передача: 18 байт; 17:00:04:801 19.05.2018
// принято 9 байт (доступно 9 из 9 байт)   // 17:00:05:903 19.05.2018
// принято с сокета: 9 байт

01 00 09 00 F6 00 00 37 F3   // прием: 9 байт; 17:00:05:903 19.05.2018
// таймаут: 1102 мсек



00 00 07 00 F7 D4 47   // передача: 7 байт; 17:00:05:903 19.05.2018


55 00 00 11 FF F0 00 00 07 00 F7 D4 47 21 B3 8C 7D   // передача: 17 байт; 17:00:05:903 19.05.2018
// принято 39 байт (доступно 39 из 39 байт)   // 17:00:06:473 19.05.2018
// принято с сокета: 39 байт

01 00 27 00 F7 D2 E0 E9 EC E0 F3 F2 FB 20 20 20 20 20 20 20 20 20 20 20 20 20 20 20 20 38 00 EC F1 20 20 20 32 A2 35   // прием: 39 байт; 17:00:06:473 19.05.2018
// таймаут: 570 мсек

Таймауты        
        8 мс   2


00 00 08 00 F6 0D 84 1E   // передача: 8 байт; 17:00:10:930 19.05.2018


55 00 00 12 FF F0 00 00 08 00 F6 0D 84 1E 21 B3 05 B9   // передача: 18 байт; 17:00:10:930 19.05.2018
// принято 9 байт (доступно 9 из 9 байт)   // 17:00:12:062 19.05.2018
// принято с сокета: 9 байт

01 00 09 00 F6 00 00 37 F3   // прием: 9 байт; 17:00:12:062 19.05.2018
// таймаут: 1132 мсек



00 00 07 00 F7 D4 47   // передача: 7 байт; 17:00:12:062 19.05.2018


55 00 00 11 FF F0 00 00 07 00 F7 D4 47 21 B3 8C 7D   // передача: 17 байт; 17:00:12:062 19.05.2018
// принято 39 байт (доступно 39 из 39 байт)   // 17:00:12:652 19.05.2018
// принято с сокета: 39 байт

01 00 27 00 F7 D2 E0 E9 EC E0 F3 F2 FB 20 20 20 20 20 20 20 20 20 20 20 20 20 20 20 20 38 00 EC F1 20 20 20 33 63 F5   // прием: 39 байт; 17:00:12:662 19.05.2018
// таймаут: 600 мсек

Таймауты        
        8 мс   3


00 00 08 00 F6 0D 84 1E   // передача: 8 байт; 17:00:13:486 19.05.2018


55 00 00 12 FF F0 00 00 08 00 F6 0D 84 1E 21 B3 05 B9   // передача: 18 байт; 17:00:13:486 19.05.2018
// принято 9 байт (доступно 9 из 9 байт)   // 17:00:14:038 19.05.2018
// принято с сокета: 9 байт

01 00 09 00 F6 00 00 37 F3   // прием: 9 байт; 17:00:14:038 19.05.2018
// таймаут: 552 мсек



00 00 07 00 F7 D4 47   // передача: 7 байт; 17:00:14:038 19.05.2018


55 00 00 11 FF F0 00 00 07 00 F7 D4 47 21 B3 8C 7D   // передача: 17 байт; 17:00:14:038 19.05.2018
// принято 39 байт (доступно 39 из 39 байт)   // 17:00:14:639 19.05.2018
// принято с сокета: 39 байт

01 00 27 00 F7 D2 E0 E9 EC E0 F3 F2 FB 20 20 20 20 20 20 20 20 20 20 20 20 20 31 30 30 30 00 EC F1 20 20 20 34 BF F8   // прием: 39 байт; 17:00:14:639 19.05.2018
// таймаут: 601 мсек

Таймауты        
     1000 мс   4


00 00 08 00 F6 03 05 DA   // передача: 8 байт; 17:00:16:543 19.05.2018


55 00 00 12 FF F0 00 00 08 00 F6 03 05 DA 21 B3 05 B9   // передача: 18 байт; 17:00:16:543 19.05.2018
// принято 9 байт (доступно 9 из 9 байт)   // 17:00:17:095 19.05.2018
// принято с сокета: 9 байт

01 00 09 00 F6 00 00 37 F3   // прием: 9 байт; 17:00:17:095 19.05.2018
// таймаут: 552 мсек



00 00 07 00 F7 D4 47   // передача: 7 байт; 17:00:17:095 19.05.2018


55 00 00 11 FF F0 00 00 07 00 F7 D4 47 21 B3 8C 7D   // передача: 17 байт; 17:00:17:095 19.05.2018
// принято 39 байт (доступно 39 из 39 байт)   // 17:00:17:677 19.05.2018
// принято с сокета: 39 байт

01 00 27 00 F7 D2 E0 E9 EC E0 F3 F2 FB 20 20 20 20 20 20 20 20 20 20 20 5F 5F 5F 5F 5F 33 20 EC F1 20 20 00 34 29 2E   // прием: 39 байт; 17:00:17:677 19.05.2018
// таймаут: 582 мсек

Таймауты        
   _____3 мс   4


00 00 08 00 F6 00 45 DB   // передача: 8 байт; 17:00:18:215 19.05.2018


55 00 00 12 FF F0 00 00 08 00 F6 00 45 DB 21 B3 05 B9   // передача: 18 байт; 17:00:18:215 19.05.2018
// принято 9 байт (доступно 9 из 9 байт)   // 17:00:18:752 19.05.2018
// принято с сокета: 9 байт

01 00 09 00 F6 00 00 37 F3   // прием: 9 байт; 17:00:18:752 19.05.2018
// таймаут: 537 мсек



00 00 07 00 F7 D4 47   // передача: 7 байт; 17:00:18:752 19.05.2018


55 00 00 11 FF F0 00 00 07 00 F7 D4 47 21 B3 8C 7D   // передача: 17 байт; 17:00:18:752 19.05.2018
// принято 39 байт (доступно 39 из 39 байт)   // 17:00:19:342 19.05.2018
// принято с сокета: 39 байт

01 00 27 00 F7 D2 E0 E9 EC E0 F3 F2 FB 20 20 20 20 20 20 20 20 20 20 20 5F 5F 5F 5F 33 30 20 EC F1 20 20 00 34 94 39   // прием: 39 байт; 17:00:19:342 19.05.2018
// таймаут: 590 мсек

Таймауты        
   ____30 мс   4


00 00 08 00 F6 00 45 DB   // передача: 8 байт; 17:00:19:834 19.05.2018


55 00 00 12 FF F0 00 00 08 00 F6 00 45 DB 21 B3 05 B9   // передача: 18 байт; 17:00:19:834 19.05.2018
// принято 9 байт (доступно 9 из 9 байт)   // 17:00:20:334 19.05.2018
// принято с сокета: 9 байт

01 00 09 00 F6 00 00 37 F3   // прием: 9 байт; 17:00:20:334 19.05.2018
// таймаут: 500 мсек



00 00 07 00 F7 D4 47   // передача: 7 байт; 17:00:20:344 19.05.2018


55 00 00 11 FF F0 00 00 07 00 F7 D4 47 21 B3 8C 7D   // передача: 17 байт; 17:00:20:344 19.05.2018
// принято 39 байт (доступно 39 из 39 байт)   // 17:00:20:916 19.05.2018
// принято с сокета: 39 байт

01 00 27 00 F7 D2 E0 E9 EC E0 F3 F2 FB 20 20 20 20 20 20 20 20 20 20 20 5F 5F 5F 33 30 30 20 EC F1 20 20 00 34 43 48   // прием: 39 байт; 17:00:20:916 19.05.2018
// таймаут: 572 мсек

Таймауты        
   ___300 мс   4


00 00 08 00 F6 00 45 DB   // передача: 8 байт; 17:00:21:488 19.05.2018


55 00 00 12 FF F0 00 00 08 00 F6 00 45 DB 21 B3 05 B9   // передача: 18 байт; 17:00:21:488 19.05.2018
// принято 9 байт (доступно 9 из 9 байт)   // 17:00:21:990 19.05.2018
// принято с сокета: 9 байт

01 00 09 00 F6 00 00 37 F3   // прием: 9 байт; 17:00:22:000 19.05.2018
// таймаут: 512 мсек



00 00 07 00 F7 D4 47   // передача: 7 байт; 17:00:22:000 19.05.2018


55 00 00 11 FF F0 00 00 07 00 F7 D4 47 21 B3 8C 7D   // передача: 17 байт; 17:00:22:000 19.05.2018
// принято 39 байт (доступно 39 из 39 байт)   // 17:00:22:580 19.05.2018
// принято с сокета: 39 байт

01 00 27 00 F7 D2 E0 E9 EC E0 F3 F2 FB 20 20 20 20 20 20 20 20 20 20 20 5F 5F 33 30 30 30 20 EC F1 20 20 00 34 72 16   // прием: 39 байт; 17:00:22:580 19.05.2018
// таймаут: 580 мсек

Таймауты        
   __3000 мс   4


00 00 08 00 F6 0D 84 1E   // передача: 8 байт; 17:00:23:462 19.05.2018


55 00 00 12 FF F0 00 00 08 00 F6 0D 84 1E 21 B3 05 B9   // передача: 18 байт; 17:00:23:462 19.05.2018
// принято 9 байт (доступно 9 из 9 байт)   // 17:00:23:974 19.05.2018
// принято с сокета: 9 байт

01 00 09 00 F6 00 00 37 F3   // прием: 9 байт; 17:00:23:974 19.05.2018
// таймаут: 512 мсек



00 00 07 00 F7 D4 47   // передача: 7 байт; 17:00:23:974 19.05.2018


55 00 00 11 FF F0 00 00 07 00 F7 D4 47 21 B3 8C 7D   // передача: 17 байт; 17:00:23:974 19.05.2018
// принято 39 байт (доступно 39 из 39 байт)   // 17:00:24:554 19.05.2018
// принято с сокета: 39 байт

01 00 27 00 F7 D2 E0 E9 EC E0 F3 F2 FB 20 20 20 20 20 20 20 20 20 20 20 20 20 20 20 20 38 00 EC F1 20 20 20 31 E2 34   // прием: 39 байт; 17:00:24:554 19.05.2018
// таймаут: 580 мсек

Таймауты        
        8 мс   1
Событие: Disconnecting.   // 17:00:28:432 19.05.2018
Отсоединение   // 17:00:28:432 19.05.2018
Событие: Disconnected.   // 17:00:28:432 19.05.2018
Ошибка при закрытии сокета: Thread Error: Неверный дескриптор (6)   // 17:00:28:442 19.05.2018

// О программе
