
CA E0 EB FE EC ED FB 20 

01 00 07 00 F7 E9 87   // передача: 7 байт; 08:55:53:331 10.03.2018
// приём по таймауту: 1000 мс
// принято с порта: 0 байт
повтор: 1

CA E0 EB FE EC ED FB 20 

01 00 07 00 F7 E9 87   // передача: 7 байт; 08:55:54:331 10.03.2018
// приём по таймауту: 1000 мс
// принято с порта: 0 байт
повтор: 2

CA E0 EB FE EC ED FB 20 

01 00 07 00 F7 E9 87   // передача: 7 байт; 08:55:55:351 10.03.2018

CA E0 EB FE EC ED FB 20 

01 00 07 00 F7 E9 87   // передача: 7 байт; 08:55:55:441 10.03.2018
// приём по таймауту: 1000 мс
// принято с порта: 0 байт
повтор: 3

CA E0 EB FE EC ED FB 20 

01 00 07 00 F7 E9 87   // передача: 7 байт; 08:55:56:453 10.03.2018
// приём по таймауту: 1000 мс
// принято с порта: 0 байт
повтор: 4

CA E0 EB FE EC ED FB 20 

01 00 07 00 F7 E9 87   // передача: 7 байт; 08:55:57:473 10.03.2018
// приём по таймауту: 1000 мс
// принято с порта: 0 байт
повтор: 5

CA E0 EB FE EC ED FB 20 

01 00 07 00 F7 E9 87   // передача: 7 байт; 08:55:58:483 10.03.2018
// приём по таймауту: 1000 мс
// принято с порта: 0 байт

CA E0 EB FE EC ED FB 20 

01 00 07 00 F7 E9 87   // передача: 7 байт; 08:56:07:661 10.03.2018
// приём по количеству байт: 39 из 39
// принято с порта: 39 байт

01 00 27 00 F7 20 30 31 3A 30 30 20 31 30 2E 30 33 2E 31 38 20 20 30 38 3A 35 35 20 31 30 2E 30 33 2E 31 38 20 67 4A   // прием: 39 байт; 08:56:08:221 10.03.2018
// таймаут: 560 мсек

 01:00 10.03.18 
 08:55 10.03.18 

CA E0 EB FE EC ED FB 20 

01 00 07 00 F7 E9 87   // передача: 7 байт; 08:56:08:831 10.03.2018
// приём по количеству байт: 39 из 39
// принято с порта: 39 байт

01 00 27 00 F7 20 30 32 3A 30 30 20 31 30 2E 30 33 2E 31 38 20 20 30 38 3A 35 35 20 31 30 2E 30 33 2E 31 38 20 64 BA   // прием: 39 байт; 08:56:09:001 10.03.2018
// таймаут: 170 мсек

 02:00 10.03.18 
 08:55 10.03.18 

CA E0 EB FE EC ED FB 20 

01 00 07 00 F7 E9 87   // передача: 7 байт; 08:56:09:631 10.03.2018
// приём по количеству байт: 39 из 39
// принято с порта: 39 байт

01 00 27 00 F7 20 30 33 3A 30 30 20 31 30 2E 30 33 2E 31 38 20 20 30 38 3A 35 35 20 31 30 2E 30 33 2E 31 38 20 65 EA   // прием: 39 байт; 08:56:09:781 10.03.2018
// таймаут: 150 мсек

 03:00 10.03.18 
 08:55 10.03.18 

CA E0 EB FE EC ED FB 20 

01 00 07 00 F7 E9 87   // передача: 7 байт; 08:56:10:391 10.03.2018
// приём по количеству байт: 39 из 39
// принято с порта: 39 байт

01 00 27 00 F7 20 30 34 3A 30 30 20 31 30 2E 30 33 2E 31 38 20 20 30 38 3A 35 35 20 31 30 2E 30 33 2E 31 38 20 61 1A   // прием: 39 байт; 08:56:10:561 10.03.2018
// таймаут: 170 мсек

 04:00 10.03.18 
 08:55 10.03.18 

CA E0 EB FE EC ED FB 20 

01 00 07 00 F7 E9 87   // передача: 7 байт; 08:56:11:171 10.03.2018
// приём по количеству байт: 39 из 39
// принято с порта: 39 байт

01 00 27 00 F7 20 30 35 3A 30 30 20 31 30 2E 30 33 2E 31 38 20 20 30 38 3A 35 35 20 31 30 2E 30 33 2E 31 38 20 60 4A   // прием: 39 байт; 08:56:11:341 10.03.2018
// таймаут: 170 мсек

 05:00 10.03.18 
 08:55 10.03.18 

CA E0 EB FE EC ED FB 20 

01 00 07 00 F7 E9 87   // передача: 7 байт; 08:56:11:951 10.03.2018
// приём по количеству байт: 39 из 39
// принято с порта: 39 байт

01 00 27 00 F7 20 30 36 3A 30 30 20 31 30 2E 30 33 2E 31 38 20 20 30 38 3A 35 35 20 31 30 2E 30 33 2E 31 38 20 63 BA   // прием: 39 байт; 08:56:12:121 10.03.2018
// таймаут: 170 мсек

 06:00 10.03.18 
 08:55 10.03.18 

CA E0 EB FE EC ED FB 20 

01 00 07 00 F7 E9 87   // передача: 7 байт; 08:56:12:751 10.03.2018
// приём по количеству байт: 39 из 39
// принято с порта: 39 байт

01 00 27 00 F7 20 30 37 3A 30 30 20 31 30 2E 30 33 2E 31 38 20 20 30 38 3A 35 35 20 31 30 2E 30 33 2E 31 38 20 62 EA   // прием: 39 байт; 08:56:12:911 10.03.2018
// таймаут: 160 мсек

 07:00 10.03.18 
 08:55 10.03.18 

CA E0 EB FE EC ED FB 20 

01 00 07 00 F7 E9 87   // передача: 7 байт; 08:56:13:521 10.03.2018
// приём по количеству байт: 39 из 39
// принято с порта: 39 байт

01 00 27 00 F7 20 30 38 3A 30 30 20 31 30 2E 30 33 2E 31 38 20 20 30 38 3A 35 35 20 31 30 2E 30 33 2E 31 38 20 68 1A   // прием: 39 байт; 08:56:13:681 10.03.2018
// таймаут: 160 мсек

 08:00 10.03.18 
 08:55 10.03.18 

CA E0 EB FE EC ED FB 20 

01 00 07 00 F7 E9 87   // передача: 7 байт; 08:56:14:311 10.03.2018
// приём по таймауту: 1000 мс
// принято с порта: 0 байт
повтор: 1

CA E0 EB FE EC ED FB 20 

01 00 07 00 F7 E9 87   // передача: 7 байт; 08:56:15:351 10.03.2018
// приём по количеству байт: 39 из 39
// принято с порта: 39 байт

01 00 27 00 F7 D0 E0 E1 EE F2 E0 20 20 20 20 20 20 20 20 20 20 20 20 20 20 20 20 20 20 20 20 20 20 20 20 20 20 D5 94   // прием: 39 байт; 08:56:15:421 10.03.2018
// таймаут: 70 мсек

Работа          
                

CA E0 EB FE EC ED FB 20 

01 00 07 00 F7 E9 87   // передача: 7 байт; 08:56:16:021 10.03.2018
// приём по количеству байт: 39 из 39
// принято с порта: 39 байт

01 00 27 00 F7 D0 E0 E1 EE F2 E0 20 20 20 20 20 20 20 20 20 20 20 20 20 20 20 20 20 20 20 20 20 20 20 20 20 20 D5 94   // прием: 39 байт; 08:56:16:091 10.03.2018
// таймаут: 70 мсек

Работа          
                

CA E0 EB FE EC ED FB 20 

01 00 07 00 F7 E9 87   // передача: 7 байт; 08:56:16:711 10.03.2018
// приём по количеству байт: 39 из 39
// принято с порта: 39 байт

01 00 27 00 F7 D0 E0 E1 EE F2 E0 20 20 20 20 20 20 20 20 20 20 20 20 20 20 20 20 20 20 20 20 20 20 20 20 20 20 D5 94   // прием: 39 байт; 08:56:16:771 10.03.2018
// таймаут: 60 мсек

Работа          
                

CA E0 EB FE EC ED FB 20 

01 00 07 00 F7 E9 87   // передача: 7 байт; 08:56:17:381 10.03.2018
// приём по таймауту: 1000 мс
// принято с порта: 0 байт
повтор: 1

CA E0 EB FE EC ED FB 20 

01 00 07 00 F7 E9 87   // передача: 7 байт; 08:56:18:411 10.03.2018
// приём по таймауту: 1000 мс
// принято с порта: 0 байт
повтор: 2

CA E0 EB FE EC ED FB 20 

01 00 07 00 F7 E9 87   // передача: 7 байт; 08:56:19:471 10.03.2018
// приём по таймауту: 1000 мс
// принято с порта: 0 байт
повтор: 3

CA E0 EB FE EC ED FB 20 

01 00 07 00 F7 E9 87   // передача: 7 байт; 08:56:20:498 10.03.2018
// приём по таймауту: 1000 мс
// принято с порта: 0 байт
повтор: 4

CA E0 EB FE EC ED FB 20 

01 00 07 00 F7 E9 87   // передача: 7 байт; 08:56:21:538 10.03.2018
// приём по таймауту: 1000 мс
// принято с порта: 0 байт
повтор: 5

CA E0 EB FE EC ED FB 20 

01 00 07 00 F7 E9 87   // передача: 7 байт; 08:56:22:578 10.03.2018
// приём по таймауту: 1000 мс
// принято с порта: 0 байт

// О программе
