
CA E0 EB FE EC ED FB 20 

00 00 07 00 F7 D4 47   // передача: 7 байт; 12:46:41:701 10.03.2018
// приём по количеству байт: 39 из 39
// принято с порта: 39 байт

00 00 27 00 F7 CD E0 F1 F2 F0 EE E9 EA E0 20 20 20 20 20 20 20 20 20 20 20 20 20 20 20 20 20 20 20 20 20 20 20 41 C8   // прием: 39 байт; 12:46:41:761 10.03.2018
// таймаут: 60 мсек

Настройка       
                

CA E0 EB FE EC ED FB 20 

00 00 08 00 F6 0C 45 DE   // передача: 8 байт; 12:46:49:011 10.03.2018
// приём по количеству байт: 9 из 9
// принято с порта: 9 байт

00 00 09 00 F6 00 00 27 33   // прием: 9 байт; 12:46:49:041 10.03.2018
// таймаут: 30 мсек


CA E0 EB FE EC ED FB 20 

00 00 07 00 F7 D4 47   // передача: 7 байт; 12:46:49:041 10.03.2018
// приём по количеству байт: 39 из 39
// принято с порта: 39 байт

00 00 27 00 F7 CF F0 EE E3 F0 E0 EC EC E0 20 3F 20 20 20 20 20 2D 5F 5F 5F 20 20 20 20 20 20 20 20 20 20 20 20 0A 42   // прием: 39 байт; 12:46:49:111 10.03.2018
// таймаут: 70 мсек

Программа ?     
-___            

CA E0 EB FE EC ED FB 20 

00 00 08 00 F6 01 84 1B   // передача: 8 байт; 12:46:50:681 10.03.2018
// приём по количеству байт: 9 из 9
// принято с порта: 9 байт

00 00 09 00 F6 00 00 27 33   // прием: 9 байт; 12:46:50:721 10.03.2018
// таймаут: 40 мсек


CA E0 EB FE EC ED FB 20 

00 00 07 00 F7 D4 47   // передача: 7 байт; 12:46:50:721 10.03.2018
// приём по количеству байт: 39 из 39
// принято с порта: 39 байт

00 00 27 00 F7 CF F0 EE E3 F0 E0 EC EC E0 20 3F 20 20 20 20 20 2D 5F 5F 31 20 20 20 20 20 20 20 20 20 20 20 20 9D 6C   // прием: 39 байт; 12:46:50:781 10.03.2018
// таймаут: 60 мсек

Программа ?     
-__1            

CA E0 EB FE EC ED FB 20 

00 00 08 00 F6 01 84 1B   // передача: 8 байт; 12:46:51:371 10.03.2018
// приём по количеству байт: 9 из 9
// принято с порта: 9 байт

00 00 09 00 F6 00 00 27 33   // прием: 9 байт; 12:46:51:401 10.03.2018
// таймаут: 30 мсек


CA E0 EB FE EC ED FB 20 

00 00 07 00 F7 D4 47   // передача: 7 байт; 12:46:51:401 10.03.2018
// приём по количеству байт: 39 из 39
// принято с порта: 39 байт

00 00 27 00 F7 CF F0 EE E3 F0 E0 EC EC E0 20 3F 20 20 20 20 20 2D 5F 31 31 20 20 20 20 20 20 20 20 20 20 20 20 F2 C2   // прием: 39 байт; 12:46:51:471 10.03.2018
// таймаут: 70 мсек

Программа ?     
-_11            

CA E0 EB FE EC ED FB 20 

00 00 08 00 F6 0D 84 1E   // передача: 8 байт; 12:46:52:901 10.03.2018
// приём по количеству байт: 9 из 9
// принято с порта: 9 байт

00 00 09 00 F6 00 00 27 33   // прием: 9 байт; 12:46:52:931 10.03.2018
// таймаут: 30 мсек


CA E0 EB FE EC ED FB 20 

00 00 07 00 F7 D4 47   // передача: 7 байт; 12:46:52:931 10.03.2018
// приём по количеству байт: 39 из 39
// принято с порта: 39 байт

00 00 27 00 F7 CF E0 F0 EE EB FC 20 20 20 20 20 20 20 20 20 20 20 20 20 2D 2D 2D 2D 2D 2D 2D 2D 2D 2D 20 20 31 E0 3E   // прием: 39 байт; 12:46:53:001 10.03.2018
// таймаут: 70 мсек

Пароль          
   ----------  1

CA E0 EB FE EC ED FB 20 

00 00 08 00 F6 0C 45 DE   // передача: 8 байт; 12:46:54:081 10.03.2018
// приём по количеству байт: 9 из 9
// принято с порта: 9 байт

00 00 09 00 F6 00 00 27 33   // прием: 9 байт; 12:46:54:121 10.03.2018
// таймаут: 40 мсек


CA E0 EB FE EC ED FB 20 

00 00 07 00 F7 D4 47   // передача: 7 байт; 12:46:54:121 10.03.2018
// приём по количеству байт: 39 из 39
// принято с порта: 39 байт

00 00 27 00 F7 CF F0 EE E3 F0 E0 EC EC E0 20 3F 20 20 20 20 20 2D 5F 5F 5F 20 20 20 20 20 20 20 20 20 20 20 20 0A 42   // прием: 39 байт; 12:46:54:181 10.03.2018
// таймаут: 60 мсек

Программа ?     
-___            

CA E0 EB FE EC ED FB 20 

00 00 08 00 F6 01 84 1B   // передача: 8 байт; 12:46:54:891 10.03.2018
// приём по количеству байт: 9 из 9
// принято с порта: 9 байт

00 00 09 00 F6 00 00 27 33   // прием: 9 байт; 12:46:54:921 10.03.2018
// таймаут: 30 мсек


CA E0 EB FE EC ED FB 20 

00 00 07 00 F7 D4 47   // передача: 7 байт; 12:46:54:921 10.03.2018
// приём по количеству байт: 39 из 39
// принято с порта: 39 байт

00 00 27 00 F7 CF F0 EE E3 F0 E0 EC EC E0 20 3F 20 20 20 20 20 2D 5F 5F 31 20 20 20 20 20 20 20 20 20 20 20 20 9D 6C   // прием: 39 байт; 12:46:54:991 10.03.2018
// таймаут: 70 мсек

Программа ?     
-__1            

CA E0 EB FE EC ED FB 20 

00 00 08 00 F6 02 C4 1A   // передача: 8 байт; 12:46:55:771 10.03.2018
// приём по количеству байт: 9 из 9
// принято с порта: 9 байт

00 00 09 00 F6 00 00 27 33   // прием: 9 байт; 12:46:55:801 10.03.2018
// таймаут: 30 мсек


CA E0 EB FE EC ED FB 20 

00 00 07 00 F7 D4 47   // передача: 7 байт; 12:46:55:801 10.03.2018
// приём по количеству байт: 39 из 39
// принято с порта: 39 байт

00 00 27 00 F7 CF F0 EE E3 F0 E0 EC EC E0 20 3F 20 20 20 20 20 2D 5F 31 32 20 20 20 20 20 20 20 20 20 20 20 20 F7 01   // прием: 39 байт; 12:46:55:871 10.03.2018
// таймаут: 70 мсек

Программа ?     
-_12            

CA E0 EB FE EC ED FB 20 

00 00 08 00 F6 0D 84 1E   // передача: 8 байт; 12:46:56:461 10.03.2018
// приём по количеству байт: 9 из 9
// принято с порта: 9 байт

00 00 09 00 F6 00 00 27 33   // прием: 9 байт; 12:46:56:491 10.03.2018
// таймаут: 30 мсек


CA E0 EB FE EC ED FB 20 

00 00 07 00 F7 D4 47   // передача: 7 байт; 12:46:56:491 10.03.2018
// приём по количеству байт: 39 из 39
// принято с порта: 39 байт

00 00 27 00 F7 CD E5 F2 3A 20 20 20 20 20 20 20 20 20 20 20 20 20 20 EF F0 EE E3 F0 E0 EC EC FB 20 31 32 20 20 EB F8   // прием: 39 байт; 12:46:56:891 10.03.2018
// таймаут: 400 мсек

Нет:            
  программы 12  

CA E0 EB FE EC ED FB 20 

00 00 08 00 F6 0D 84 1E   // передача: 8 байт; 12:46:57:081 10.03.2018
// приём по количеству байт: 9 из 9
// принято с порта: 9 байт

00 00 09 00 F6 00 00 27 33   // прием: 9 байт; 12:46:57:121 10.03.2018
// таймаут: 40 мсек


CA E0 EB FE EC ED FB 20 

00 00 07 00 F7 D4 47   // передача: 7 байт; 12:46:57:121 10.03.2018
// приём по количеству байт: 39 из 39
// принято с порта: 39 байт

00 00 27 00 F7 CD E5 F2 3A 20 20 20 20 20 20 20 20 20 20 20 20 20 20 EF F0 EE E3 F0 E0 EC EC FB 20 31 32 20 20 EB F8   // прием: 39 байт; 12:46:57:511 10.03.2018
// таймаут: 390 мсек

Нет:            
  программы 12  

CA E0 EB FE EC ED FB 20 

00 00 08 00 F6 0C 45 DE   // передача: 8 байт; 12:46:57:871 10.03.2018
// приём по количеству байт: 9 из 9
// принято с порта: 9 байт

00 00 09 00 F6 00 00 27 33   // прием: 9 байт; 12:46:57:911 10.03.2018
// таймаут: 40 мсек


CA E0 EB FE EC ED FB 20 

00 00 07 00 F7 D4 47   // передача: 7 байт; 12:46:57:911 10.03.2018
// приём по количеству байт: 39 из 39
// принято с порта: 39 байт

00 00 27 00 F7 CF F0 EE E3 F0 E0 EC EC E0 20 3F 20 20 20 20 20 2D 5F 5F 5F 20 20 20 20 20 20 20 20 20 20 20 20 0A 42   // прием: 39 байт; 12:46:57:971 10.03.2018
// таймаут: 60 мсек

Программа ?     
-___            

CA E0 EB FE EC ED FB 20 

00 00 08 00 F6 01 84 1B   // передача: 8 байт; 12:46:58:501 10.03.2018
// приём по количеству байт: 9 из 9
// принято с порта: 9 байт

00 00 09 00 F6 00 00 27 33   // прием: 9 байт; 12:46:58:531 10.03.2018
// таймаут: 30 мсек


CA E0 EB FE EC ED FB 20 

00 00 07 00 F7 D4 47   // передача: 7 байт; 12:46:58:531 10.03.2018
// приём по количеству байт: 39 из 39
// принято с порта: 39 байт

00 00 27 00 F7 CF F0 EE E3 F0 E0 EC EC E0 20 3F 20 20 20 20 20 2D 5F 5F 31 20 20 20 20 20 20 20 20 20 20 20 20 9D 6C   // прием: 39 байт; 12:46:58:601 10.03.2018
// таймаут: 70 мсек

Программа ?     
-__1            

CA E0 EB FE EC ED FB 20 

00 00 08 00 F6 03 05 DA   // передача: 8 байт; 12:46:59:081 10.03.2018
// приём по количеству байт: 9 из 9
// принято с порта: 9 байт

00 00 09 00 F6 00 00 27 33   // прием: 9 байт; 12:46:59:121 10.03.2018
// таймаут: 40 мсек


CA E0 EB FE EC ED FB 20 

00 00 07 00 F7 D4 47   // передача: 7 байт; 12:46:59:121 10.03.2018
// приём по количеству байт: 39 из 39
// принято с порта: 39 байт

00 00 27 00 F7 CF F0 EE E3 F0 E0 EC EC E0 20 3F 20 20 20 20 20 2D 5F 31 33 20 20 20 20 20 20 20 20 20 20 20 20 F5 80   // прием: 39 байт; 12:46:59:181 10.03.2018
// таймаут: 60 мсек

Программа ?     
-_13            

CA E0 EB FE EC ED FB 20 

00 00 08 00 F6 0D 84 1E   // передача: 8 байт; 12:47:00:011 10.03.2018
// приём по количеству байт: 9 из 9
// принято с порта: 9 байт

00 00 09 00 F6 00 00 27 33   // прием: 9 байт; 12:47:00:041 10.03.2018
// таймаут: 30 мсек


CA E0 EB FE EC ED FB 20 

00 00 07 00 F7 D4 47   // передача: 7 байт; 12:47:00:041 10.03.2018
// приём по количеству байт: 39 из 39
// принято с порта: 39 байт

00 00 27 00 F7 CB EE E3 E8 F7 E5 F1 EA E8 E9 20 ED EE EC E5 F0 20 20 20 20 20 20 20 20 30 00 20 20 20 20 20 20 8B EA   // прием: 39 байт; 12:47:00:111 10.03.2018
// таймаут: 70 мсек

Логический номер
        0       

CA E0 EB FE EC ED FB 20 

00 00 08 00 F6 0C 45 DE   // передача: 8 байт; 12:47:03:761 10.03.2018
// приём по количеству байт: 9 из 9
// принято с порта: 9 байт

00 00 09 00 F6 00 00 27 33   // прием: 9 байт; 12:47:03:801 10.03.2018
// таймаут: 40 мсек


CA E0 EB FE EC ED FB 20 

00 00 07 00 F7 D4 47   // передача: 7 байт; 12:47:03:801 10.03.2018
// приём по количеству байт: 39 из 39
// принято с порта: 39 байт

00 00 27 00 F7 CF F0 EE E3 F0 E0 EC EC E0 20 3F 20 20 20 20 20 2D 5F 5F 5F 20 20 20 20 20 20 20 20 20 20 20 20 0A 42   // прием: 39 байт; 12:47:03:861 10.03.2018
// таймаут: 60 мсек

Программа ?     
-___            

// О программе
