
CA E0 EB FE EC ED FB 20 

01 00 07 00 F7 E9 87   // передача: 7 байт; 11:38:07:403 10.03.2018
// приём по количеству байт: 39 из 39
// принято с порта: 39 байт

01 00 27 00 F7 D2 E5 F1 F2 20 EF E0 EC FF F2 E8 3A 20 33 20 20 20 20 20 20 20 20 33 30 25 00 20 20 20 20 20 20 4A 3E   // прием: 39 байт; 11:38:07:473 10.03.2018
// таймаут: 70 мсек

Тест памяти: 3  
      30%       

CA E0 EB FE EC ED FB 20 

01 00 07 00 F7 E9 87   // передача: 7 байт; 11:38:09:253 10.03.2018
// приём по количеству байт: 39 из 39
// принято с порта: 39 байт

01 00 27 00 F7 D2 E5 F1 F2 20 EF E0 EC FF F2 E8 3A 20 33 20 20 20 20 20 20 20 20 34 31 25 00 20 20 20 20 20 20 F6 74   // прием: 39 байт; 11:38:09:323 10.03.2018
// таймаут: 70 мсек

Тест памяти: 3  
      41%       

CA E0 EB FE EC ED FB 20 

01 00 07 00 F7 E9 87   // передача: 7 байт; 11:38:10:323 10.03.2018
// приём по количеству байт: 39 из 39
// принято с порта: 39 байт

01 00 27 00 F7 D2 E5 F1 F2 20 EF E0 EC FF F2 E8 3A 20 33 20 20 20 20 20 20 20 20 34 38 25 00 20 20 20 20 20 20 9C 24   // прием: 39 байт; 11:38:10:383 10.03.2018
// таймаут: 60 мсек

Тест памяти: 3  
      48%       

CA E0 EB FE EC ED FB 20 

01 00 07 00 F7 E9 87   // передача: 7 байт; 11:38:11:093 10.03.2018
// приём по количеству байт: 39 из 39
// принято с порта: 39 байт

01 00 27 00 F7 D2 E5 F1 F2 20 EF E0 EC FF F2 E8 3A 20 33 20 20 20 20 20 20 20 20 35 33 25 00 20 20 20 20 20 20 BE D1   // прием: 39 байт; 11:38:11:163 10.03.2018
// таймаут: 70 мсек

Тест памяти: 3  
      53%       

CA E0 EB FE EC ED FB 20 

01 00 07 00 F7 E9 87   // передача: 7 байт; 11:38:11:813 10.03.2018
// приём по количеству байт: 39 из 39
// принято с порта: 39 байт

01 00 27 00 F7 D2 E5 F1 F2 20 EF E0 EC FF F2 E8 3A 20 33 20 20 20 20 20 20 20 20 35 37 25 00 20 20 20 20 20 20 8C 11   // прием: 39 байт; 11:38:11:873 10.03.2018
// таймаут: 60 мсек

Тест памяти: 3  
      57%       

CA E0 EB FE EC ED FB 20 

01 00 07 00 F7 E9 87   // передача: 7 байт; 11:38:12:463 10.03.2018
// приём по количеству байт: 39 из 39
// принято с порта: 39 байт

01 00 27 00 F7 D2 E5 F1 F2 20 EF E0 EC FF F2 E8 3A 20 33 20 20 20 20 20 20 20 20 36 31 25 00 20 20 20 20 20 20 57 BE   // прием: 39 байт; 11:38:12:533 10.03.2018
// таймаут: 70 мсек

Тест памяти: 3  
      61%       

CA E0 EB FE EC ED FB 20 

01 00 07 00 F7 E9 87   // передача: 7 байт; 11:38:12:943 10.03.2018
// приём по количеству байт: 39 из 39
// принято с порта: 39 байт

01 00 27 00 F7 D2 E5 F1 F2 20 EF E0 EC FF F2 E8 3A 20 33 20 20 20 20 20 20 20 20 36 34 25 00 20 20 20 20 20 20 68 EE   // прием: 39 байт; 11:38:13:013 10.03.2018
// таймаут: 70 мсек

Тест памяти: 3  
      64%       

CA E0 EB FE EC ED FB 20 

01 00 07 00 F7 E9 87   // передача: 7 байт; 11:38:13:333 10.03.2018
// приём по количеству байт: 39 из 39
// принято с порта: 39 байт

01 00 27 00 F7 D2 E5 F1 F2 20 EF E0 EC FF F2 E8 3A 20 33 20 20 20 20 20 20 20 20 36 37 25 00 20 20 20 20 20 20 7C 1E   // прием: 39 байт; 11:38:13:393 10.03.2018
// таймаут: 60 мсек

Тест памяти: 3  
      67%       

CA E0 EB FE EC ED FB 20 

01 00 07 00 F7 E9 87   // передача: 7 байт; 11:38:13:873 10.03.2018
// приём по количеству байт: 39 из 39
// принято с порта: 39 байт

01 00 27 00 F7 D2 E5 F1 F2 20 EF E0 EC FF F2 E8 3A 20 33 20 20 20 20 20 20 20 20 37 30 25 00 20 20 20 20 20 20 0B EB   // прием: 39 байт; 11:38:13:943 10.03.2018
// таймаут: 70 мсек

Тест памяти: 3  
      70%       

CA E0 EB FE EC ED FB 20 

01 00 07 00 F7 E9 87   // передача: 7 байт; 11:38:14:343 10.03.2018
// приём по количеству байт: 39 из 39
// принято с порта: 39 байт

01 00 27 00 F7 D2 E5 F1 F2 20 EF E0 EC FF F2 E8 3A 20 33 20 20 20 20 20 20 20 20 37 33 25 00 20 20 20 20 20 20 1F 1B   // прием: 39 байт; 11:38:14:413 10.03.2018
// таймаут: 70 мсек

Тест памяти: 3  
      73%       

CA E0 EB FE EC ED FB 20 

01 00 07 00 F7 E9 87   // передача: 7 байт; 11:38:15:403 10.03.2018
// приём по количеству байт: 39 из 39
// принято с порта: 39 байт

01 00 27 00 F7 D2 E5 F1 F2 20 EF E0 EC FF F2 E8 3A 20 33 20 20 20 20 20 20 20 20 37 39 25 00 20 20 20 20 20 20 61 BB   // прием: 39 байт; 11:38:15:463 10.03.2018
// таймаут: 60 мсек

Тест памяти: 3  
      79%       

CA E0 EB FE EC ED FB 20 

01 00 07 00 F7 E9 87   // передача: 7 байт; 11:38:15:943 10.03.2018
// приём по количеству байт: 39 из 39
// принято с порта: 39 байт

01 00 27 00 F7 D2 E5 F1 F2 20 EF E0 EC FF F2 E8 3A 20 33 20 20 20 20 20 20 20 20 38 33 25 00 20 20 20 20 20 20 2F 2B   // прием: 39 байт; 11:38:16:013 10.03.2018
// таймаут: 70 мсек

Тест памяти: 3  
      83%       

CA E0 EB FE EC ED FB 20 

01 00 07 00 F7 E9 87   // передача: 7 байт; 11:38:16:453 10.03.2018
// приём по количеству байт: 39 из 39
// принято с порта: 39 байт

01 00 27 00 F7 D2 E5 F1 F2 20 EF E0 EC FF F2 E8 3A 20 33 20 20 20 20 20 20 20 20 38 36 25 00 20 20 20 20 20 20 10 7B   // прием: 39 байт; 11:38:16:523 10.03.2018
// таймаут: 70 мсек

Тест памяти: 3  
      86%       

CA E0 EB FE EC ED FB 20 

01 00 07 00 F7 E9 87   // передача: 7 байт; 11:38:16:973 10.03.2018
// приём по количеству байт: 39 из 39
// принято с порта: 39 байт

01 00 27 00 F7 D2 E5 F1 F2 20 EF E0 EC FF F2 E8 3A 20 33 20 20 20 20 20 20 20 20 38 39 25 00 20 20 20 20 20 20 51 8B   // прием: 39 байт; 11:38:17:043 10.03.2018
// таймаут: 70 мсек

Тест памяти: 3  
      89%       

CA E0 EB FE EC ED FB 20 

01 00 07 00 F7 E9 87   // передача: 7 байт; 11:38:17:653 10.03.2018
// приём по количеству байт: 39 из 39
// принято с порта: 39 байт

01 00 27 00 F7 D2 E5 F1 F2 20 EF E0 EC FF F2 E8 3A 20 33 20 20 20 20 20 20 20 20 39 33 25 00 20 20 20 20 20 20 7E EE   // прием: 39 байт; 11:38:17:723 10.03.2018
// таймаут: 70 мсек

Тест памяти: 3  
      93%       

CA E0 EB FE EC ED FB 20 

01 00 07 00 F7 E9 87   // передача: 7 байт; 11:38:18:633 10.03.2018
// приём по количеству байт: 39 из 39
// принято с порта: 39 байт

01 00 27 00 F7 D2 E5 F1 F2 20 EF E0 EC FF F2 E8 3A 20 33 20 20 20 20 20 20 20 20 39 39 25 00 20 20 20 20 20 20 00 4E   // прием: 39 байт; 11:38:18:703 10.03.2018
// таймаут: 70 мсек

Тест памяти: 3  
      99%       

CA E0 EB FE EC ED FB 20 

01 00 07 00 F7 E9 87   // передача: 7 байт; 11:38:19:263 10.03.2018

CA E0 EB FE EC ED FB 20 

01 00 07 00 F7 E9 87   // передача: 7 байт; 11:38:20:163 10.03.2018

CA E0 EB FE EC ED FB 20 

01 00 07 00 F7 E9 87   // передача: 7 байт; 11:38:20:793 10.03.2018
// приём по таймауту: 1000 мс
// принято с порта: 0 байт
повтор: 1

CA E0 EB FE EC ED FB 20 

01 00 07 00 F7 E9 87   // передача: 7 байт; 11:38:21:803 10.03.2018
// приём по таймауту: 1000 мс
// принято с порта: 0 байт
повтор: 2

CA E0 EB FE EC ED FB 20 

01 00 07 00 F7 E9 87   // передача: 7 байт; 11:38:22:823 10.03.2018
// приём по таймауту: 1000 мс
// принято с порта: 0 байт
повтор: 3

CA E0 EB FE EC ED FB 20 

01 00 07 00 F7 E9 87   // передача: 7 байт; 11:38:23:833 10.03.2018
// приём по таймауту: 1000 мс
// принято с порта: 0 байт
повтор: 4

CA E0 EB FE EC ED FB 20 

01 00 07 00 F7 E9 87   // передача: 7 байт; 11:38:24:853 10.03.2018
// приём по количеству байт: 39 из 39
// принято с порта: 39 байт

01 00 27 00 F7 CD E0 F1 F2 F0 EE E9 EA E0 20 20 20 20 20 20 20 20 20 20 20 20 20 20 20 20 20 20 20 20 20 20 20 5D 58   // прием: 39 байт; 11:38:24:913 10.03.2018
// таймаут: 60 мсек

Настройка       
                

CA E0 EB FE EC ED FB 20 

01 00 07 00 F7 E9 87   // передача: 7 байт; 11:38:26:383 10.03.2018
// приём по количеству байт: 39 из 39
// принято с порта: 39 байт

01 00 27 00 F7 CD E0 F1 F2 F0 EE E9 EA E0 20 20 20 20 20 20 20 20 20 20 20 20 20 20 20 20 20 20 20 20 20 20 20 5D 58   // прием: 39 байт; 11:38:26:453 10.03.2018
// таймаут: 70 мсек

Настройка       
                

CA E0 EB FE EC ED FB 20 

01 00 08 00 F6 09 84 0C   // передача: 8 байт; 11:38:28:893 10.03.2018
// приём по количеству байт: 9 из 9
// принято с порта: 9 байт

01 00 09 00 F6 00 00 37 F3   // прием: 9 байт; 11:38:28:923 10.03.2018
// таймаут: 30 мсек


CA E0 EB FE EC ED FB 20 

01 00 07 00 F7 E9 87   // передача: 7 байт; 11:38:28:923 10.03.2018
// приём по количеству байт: 39 из 39
// принято с порта: 39 байт

01 00 27 00 F7 CD E5 EE E1 F5 EE E4 E8 EC EE 3A 20 20 20 20 20 20 20 20 EA ED EE EF EA E0 20 27 50 27 20 20 20 F9 0E   // прием: 39 байт; 11:38:29:323 10.03.2018
// таймаут: 400 мсек

Необходимо:     
   кнопка 'P'   

CA E0 EB FE EC ED FB 20 

01 00 08 00 F6 00 44 0A   // передача: 8 байт; 11:38:29:623 10.03.2018
// приём по количеству байт: 9 из 9
// принято с порта: 9 байт

01 00 09 00 F6 00 00 37 F3   // прием: 9 байт; 11:38:29:663 10.03.2018
// таймаут: 40 мсек


CA E0 EB FE EC ED FB 20 

01 00 07 00 F7 E9 87   // передача: 7 байт; 11:38:29:663 10.03.2018
// приём по количеству байт: 39 из 39
// принято с порта: 39 байт

01 00 27 00 F7 CD E5 EE E1 F5 EE E4 E8 EC EE 3A 20 20 20 20 20 20 20 20 EA ED EE EF EA E0 20 27 50 27 20 20 20 F9 0E   // прием: 39 байт; 11:38:30:053 10.03.2018
// таймаут: 390 мсек

Необходимо:     
   кнопка 'P'   

CA E0 EB FE EC ED FB 20 

01 00 08 00 F6 0C 44 0F   // передача: 8 байт; 11:38:30:363 10.03.2018
// приём по количеству байт: 9 из 9
// принято с порта: 9 байт

01 00 09 00 F6 00 00 37 F3   // прием: 9 байт; 11:38:30:393 10.03.2018
// таймаут: 30 мсек


CA E0 EB FE EC ED FB 20 

01 00 07 00 F7 E9 87   // передача: 7 байт; 11:38:30:393 10.03.2018
// приём по количеству байт: 39 из 39
// принято с порта: 39 байт

01 00 27 00 F7 CF F0 EE E3 F0 E0 EC EC E0 20 3F 20 20 20 20 20 2D 5F 5F 5F 20 20 20 20 20 20 20 20 20 20 20 20 16 D2   // прием: 39 байт; 11:38:30:463 10.03.2018
// таймаут: 70 мсек

Программа ?     
-___            

CA E0 EB FE EC ED FB 20 

01 00 08 00 F6 09 84 0C   // передача: 8 байт; 11:38:31:293 10.03.2018
// приём по количеству байт: 9 из 9
// принято с порта: 9 байт

01 00 09 00 F6 00 00 37 F3   // прием: 9 байт; 11:38:31:333 10.03.2018
// таймаут: 40 мсек


CA E0 EB FE EC ED FB 20 

01 00 07 00 F7 E9 87   // передача: 7 байт; 11:38:31:333 10.03.2018
// приём по количеству байт: 39 из 39
// принято с порта: 39 байт

01 00 27 00 F7 CF F0 EE E3 F0 E0 EC EC E0 20 3F 20 20 20 20 20 2D 5F 5F 39 20 20 20 20 20 20 20 20 20 20 20 20 9E B4   // прием: 39 байт; 11:38:31:393 10.03.2018
// таймаут: 60 мсек

Программа ?     
-__9            

CA E0 EB FE EC ED FB 20 

01 00 08 00 F6 00 44 0A   // передача: 8 байт; 11:38:31:843 10.03.2018
// приём по количеству байт: 9 из 9
// принято с порта: 9 байт

01 00 09 00 F6 00 00 37 F3   // прием: 9 байт; 11:38:31:873 10.03.2018
// таймаут: 30 мсек


CA E0 EB FE EC ED FB 20 

01 00 07 00 F7 E9 87   // передача: 7 байт; 11:38:31:873 10.03.2018
// приём по количеству байт: 39 из 39
// принято с порта: 39 байт

01 00 27 00 F7 CF F0 EE E3 F0 E0 EC EC E0 20 3F 20 20 20 20 20 2D 5F 39 30 20 20 20 20 20 20 20 20 20 20 20 20 E5 1B   // прием: 39 байт; 11:38:31:943 10.03.2018
// таймаут: 70 мсек

Программа ?     
-_90            

CA E0 EB FE EC ED FB 20 

01 00 08 00 F6 0D 85 CF   // передача: 8 байт; 11:38:32:423 10.03.2018
// приём по количеству байт: 9 из 9
// принято с порта: 9 байт

01 00 09 00 F6 00 00 37 F3   // прием: 9 байт; 11:38:32:463 10.03.2018
// таймаут: 40 мсек


CA E0 EB FE EC ED FB 20 

01 00 07 00 F7 E9 87   // передача: 7 байт; 11:38:32:463 10.03.2018
// приём по количеству байт: 39 из 39
// принято с порта: 39 байт

01 00 27 00 F7 D1 F7 E5 F2 F7 E8 EA E8 20 20 20 20 20 20 20 20 20 20 20 EA E0 ED E0 EB 20 3F 5F 5F 20 20 20 20 4B AF   // прием: 39 байт; 11:38:32:523 10.03.2018
// таймаут: 60 мсек

Счетчики        
   канал ?__    

CA E0 EB FE EC ED FB 20 

01 00 08 00 F6 0D 85 CF   // передача: 8 байт; 11:38:33:043 10.03.2018
// приём по количеству байт: 9 из 9
// принято с порта: 9 байт

01 00 09 00 F6 00 00 37 F3   // прием: 9 байт; 11:38:33:073 10.03.2018
// таймаут: 30 мсек


CA E0 EB FE EC ED FB 20 

01 00 07 00 F7 E9 87   // передача: 7 байт; 11:38:33:073 10.03.2018
// приём по количеству байт: 39 из 39
// принято с порта: 39 байт

01 00 27 00 F7 D1 F7 E5 F2 F7 E8 EA E8 20 20 20 20 20 2B 30 31 31 2E 30 30 2E 30 30 2E 30 30 30 2E 30 31 20 20 0C 91   // прием: 39 байт; 11:38:33:143 10.03.2018
// таймаут: 70 мсек

Счетчики     +01
1.00.00.000.01  

CA E0 EB FE EC ED FB 20 

01 00 08 00 F6 03 04 0B   // передача: 8 байт; 11:38:34:133 10.03.2018
// приём по количеству байт: 9 из 9
// принято с порта: 9 байт

01 00 09 00 F6 00 00 37 F3   // прием: 9 байт; 11:38:34:163 10.03.2018
// таймаут: 30 мсек


CA E0 EB FE EC ED FB 20 

01 00 07 00 F7 E9 87   // передача: 7 байт; 11:38:34:163 10.03.2018
// приём по количеству байт: 39 из 39
// принято с порта: 39 байт

01 00 27 00 F7 CF EE F0 F2 2E 2E 2E 20 20 20 20 20 20 20 20 20 33 20 5F 5F 20 5F 5F 20 5F 5F 5F 20 5F 5F 00 20 36 46   // прием: 39 байт; 11:38:34:233 10.03.2018
// таймаут: 70 мсек

Порт...         
3 __ __ ___ __  

CA E0 EB FE EC ED FB 20 

01 00 08 00 F6 00 44 0A   // передача: 8 байт; 11:38:34:903 10.03.2018
// приём по количеству байт: 9 из 9
// принято с порта: 9 байт

01 00 09 00 F6 00 00 37 F3   // прием: 9 байт; 11:38:34:943 10.03.2018
// таймаут: 40 мсек


CA E0 EB FE EC ED FB 20 

01 00 07 00 F7 E9 87   // передача: 7 байт; 11:38:34:943 10.03.2018
// приём по количеству байт: 39 из 39
// принято с порта: 39 байт

01 00 27 00 F7 CF EE F0 F2 2E 2E 2E 20 20 20 20 20 20 20 20 20 30 20 5F 5F 20 5F 5F 20 5F 5F 5F 20 5F 5F 00 20 76 B7   // прием: 39 байт; 11:38:35:003 10.03.2018
// таймаут: 60 мсек

Порт...         
0 __ __ ___ __  

CA E0 EB FE EC ED FB 20 

01 00 08 00 F6 03 04 0B   // передача: 8 байт; 11:38:36:493 10.03.2018
// приём по количеству байт: 9 из 9
// принято с порта: 9 байт

01 00 09 00 F6 00 00 37 F3   // прием: 9 байт; 11:38:36:533 10.03.2018
// таймаут: 40 мсек


CA E0 EB FE EC ED FB 20 

01 00 07 00 F7 E9 87   // передача: 7 байт; 11:38:36:533 10.03.2018
// приём по количеству байт: 39 из 39
// принято с порта: 39 байт

01 00 27 00 F7 CF EE F0 F2 2E 2E 2E 20 20 20 20 20 20 20 20 20 33 20 5F 5F 20 5F 5F 20 5F 5F 5F 20 5F 5F 00 20 36 46   // прием: 39 байт; 11:38:36:593 10.03.2018
// таймаут: 60 мсек

Порт...         
3 __ __ ___ __  

CA E0 EB FE EC ED FB 20 

01 00 08 00 F6 0B 05 CD   // передача: 8 байт; 11:38:37:143 10.03.2018
// приём по количеству байт: 9 из 9
// принято с порта: 9 байт

01 00 09 00 F6 00 00 37 F3   // прием: 9 байт; 11:38:37:183 10.03.2018
// таймаут: 40 мсек


CA E0 EB FE EC ED FB 20 

01 00 07 00 F7 E9 87   // передача: 7 байт; 11:38:37:183 10.03.2018
// приём по количеству байт: 39 из 39
// принято с порта: 39 байт

01 00 27 00 F7 D2 E5 EB E5 F4 EE ED 2E 2E 2E 20 20 20 20 20 20 33 2E 5F 5F 20 5F 5F 20 5F 5F 5F 20 5F 5F 00 20 68 F5   // прием: 39 байт; 11:38:37:243 10.03.2018
// таймаут: 60 мсек

Телефон...      
3.__ __ ___ __  

CA E0 EB FE EC ED FB 20 

01 00 08 00 F6 00 44 0A   // передача: 8 байт; 11:38:37:563 10.03.2018
// приём по количеству байт: 9 из 9
// принято с порта: 9 байт

01 00 09 00 F6 00 00 37 F3   // прием: 9 байт; 11:38:37:593 10.03.2018
// таймаут: 30 мсек


CA E0 EB FE EC ED FB 20 

01 00 07 00 F7 E9 87   // передача: 7 байт; 11:38:37:593 10.03.2018
// приём по количеству байт: 39 из 39
// принято с порта: 39 байт

01 00 27 00 F7 D2 E5 EB E5 F4 EE ED 2E 2E 2E 20 20 20 20 20 20 33 2E 5F 30 20 5F 5F 20 5F 5F 5F 20 5F 5F 00 20 FD 5A   // прием: 39 байт; 11:38:37:663 10.03.2018
// таймаут: 70 мсек

Телефон...      
3._0 __ ___ __  

CA E0 EB FE EC ED FB 20 

01 00 08 00 F6 0B 05 CD   // передача: 8 байт; 11:38:37:893 10.03.2018
// приём по количеству байт: 9 из 9
// принято с порта: 9 байт

01 00 09 00 F6 00 00 37 F3   // прием: 9 байт; 11:38:37:923 10.03.2018
// таймаут: 30 мсек


CA E0 EB FE EC ED FB 20 

01 00 07 00 F7 E9 87   // передача: 7 байт; 11:38:37:923 10.03.2018
// приём по количеству байт: 39 из 39
// принято с порта: 39 байт

01 00 27 00 F7 D2 E8 EF 20 F1 F7 E5 F2 F7 E8 EA E0 2E 2E 2E 20 33 2E 5F 30 2E 5F 5F 20 5F 5F 5F 20 5F 5F 00 20 6F 13   // прием: 39 байт; 11:38:37:993 10.03.2018
// таймаут: 70 мсек

Тип счетчика... 
3._0.__ ___ __  

CA E0 EB FE EC ED FB 20 

01 00 08 00 F6 02 C5 CB   // передача: 8 байт; 11:38:38:453 10.03.2018
// приём по количеству байт: 9 из 9
// принято с порта: 9 байт

01 00 09 00 F6 00 00 37 F3   // прием: 9 байт; 11:38:38:483 10.03.2018
// таймаут: 30 мсек


CA E0 EB FE EC ED FB 20 

01 00 07 00 F7 E9 87   // передача: 7 байт; 11:38:38:483 10.03.2018
// приём по количеству байт: 39 из 39
// принято с порта: 39 байт

01 00 27 00 F7 D2 E8 EF 20 F1 F7 E5 F2 F7 E8 EA E0 2E 2E 2E 20 33 2E 5F 30 2E 5F 32 20 5F 5F 5F 20 5F 5F 00 20 FD 57   // прием: 39 байт; 11:38:38:553 10.03.2018
// таймаут: 70 мсек

Тип счетчика... 
3._0._2 ___ __  

CA E0 EB FE EC ED FB 20 

01 00 08 00 F6 0B 05 CD   // передача: 8 байт; 11:38:39:103 10.03.2018
// приём по количеству байт: 9 из 9
// принято с порта: 9 байт

01 00 09 00 F6 00 00 37 F3   // прием: 9 байт; 11:38:39:143 10.03.2018
// таймаут: 40 мсек


CA E0 EB FE EC ED FB 20 

01 00 07 00 F7 E9 87   // передача: 7 байт; 11:38:39:143 10.03.2018
// приём по количеству байт: 39 из 39
// принято с порта: 39 байт

01 00 27 00 F7 C0 E4 F0 E5 F1 2E 2E 2E 20 20 20 20 20 20 20 20 33 2E 5F 30 2E 5F 32 2E 5F 5F 5F 20 5F 5F 00 20 5C 7A   // прием: 39 байт; 11:38:39:203 10.03.2018
// таймаут: 60 мсек

Адрес...        
3._0._2.___ __  

CA E0 EB FE EC ED FB 20 

01 00 08 00 F6 00 44 0A   // передача: 8 байт; 11:38:39:503 10.03.2018
// приём по количеству байт: 9 из 9
// принято с порта: 9 байт

01 00 09 00 F6 00 00 37 F3   // прием: 9 байт; 11:38:39:543 10.03.2018
// таймаут: 40 мсек


CA E0 EB FE EC ED FB 20 

01 00 07 00 F7 E9 87   // передача: 7 байт; 11:38:39:543 10.03.2018
// приём по количеству байт: 39 из 39
// принято с порта: 39 байт

01 00 27 00 F7 C0 E4 F0 E5 F1 2E 2E 2E 20 20 20 20 20 20 20 20 33 2E 5F 30 2E 5F 32 2E 5F 5F 30 20 5F 5F 00 20 55 25   // прием: 39 байт; 11:38:39:603 10.03.2018
// таймаут: 60 мсек

Адрес...        
3._0._2.__0 __  

CA E0 EB FE EC ED FB 20 

01 00 08 00 F6 0D 85 CF   // передача: 8 байт; 11:38:40:203 10.03.2018
// приём по количеству байт: 9 из 9
// принято с порта: 9 байт

01 00 09 00 F6 00 00 37 F3   // прием: 9 байт; 11:38:40:233 10.03.2018
// таймаут: 30 мсек


CA E0 EB FE EC ED FB 20 

01 00 07 00 F7 E9 87   // передача: 7 байт; 11:38:40:233 10.03.2018
// приём по таймауту: 1000 мс
// принято с порта: 0 байт
повтор: 1

CA E0 EB FE EC ED FB 20 

01 00 07 00 F7 E9 87   // передача: 7 байт; 11:38:41:243 10.03.2018
// приём по таймауту: 1000 мс
// принято с порта: 0 байт
повтор: 2

CA E0 EB FE EC ED FB 20 

01 00 07 00 F7 E9 87   // передача: 7 байт; 11:38:42:263 10.03.2018
// приём по количеству байт: 39 из 39
// принято с порта: 39 байт

01 00 27 00 F7 D1 F7 E5 F2 F7 E8 EA E8 20 20 20 20 20 2B 30 35 31 2E 30 30 2E 30 30 2E 30 30 30 2E 30 31 20 20 4E 50   // прием: 39 байт; 11:38:42:873 10.03.2018
// таймаут: 610 мсек

Счетчики     +05
1.00.00.000.01  

CA E0 EB FE EC ED FB 20 

01 00 08 00 F6 0C 44 0F   // передача: 8 байт; 11:38:43:963 10.03.2018
// приём по количеству байт: 9 из 9
// принято с порта: 9 байт

01 00 09 00 F6 00 00 37 F3   // прием: 9 байт; 11:38:43:993 10.03.2018
// таймаут: 30 мсек


CA E0 EB FE EC ED FB 20 

01 00 07 00 F7 E9 87   // передача: 7 байт; 11:38:43:993 10.03.2018
// приём по количеству байт: 39 из 39
// принято с порта: 39 байт

01 00 27 00 F7 CF F0 EE E3 F0 E0 EC EC E0 20 3F 20 20 20 20 20 2D 5F 5F 5F 20 20 20 20 20 20 20 20 20 20 20 20 16 D2   // прием: 39 байт; 11:38:44:063 10.03.2018
// таймаут: 70 мсек

Программа ?     
-___            

CA E0 EB FE EC ED FB 20 

01 00 08 00 F6 09 84 0C   // передача: 8 байт; 11:38:44:933 10.03.2018
// приём по количеству байт: 9 из 9
// принято с порта: 9 байт

01 00 09 00 F6 00 00 37 F3   // прием: 9 байт; 11:38:44:963 10.03.2018
// таймаут: 30 мсек


CA E0 EB FE EC ED FB 20 

01 00 07 00 F7 E9 87   // передача: 7 байт; 11:38:44:963 10.03.2018
// приём по количеству байт: 39 из 39
// принято с порта: 39 байт

01 00 27 00 F7 CF F0 EE E3 F0 E0 EC EC E0 20 3F 20 20 20 20 20 2D 5F 5F 39 20 20 20 20 20 20 20 20 20 20 20 20 9E B4   // прием: 39 байт; 11:38:45:033 10.03.2018
// таймаут: 70 мсек

Программа ?     
-__9            

CA E0 EB FE EC ED FB 20 

01 00 08 00 F6 04 45 C9   // передача: 8 байт; 11:38:45:433 10.03.2018
// приём по количеству байт: 9 из 9
// принято с порта: 9 байт

01 00 09 00 F6 00 00 37 F3   // прием: 9 байт; 11:38:45:463 10.03.2018
// таймаут: 30 мсек


CA E0 EB FE EC ED FB 20 

01 00 07 00 F7 E9 87   // передача: 7 байт; 11:38:45:473 10.03.2018
// приём по количеству байт: 39 из 39
// принято с порта: 39 байт

01 00 27 00 F7 CF F0 EE E3 F0 E0 EC EC E0 20 3F 20 20 20 20 20 2D 5F 39 34 20 20 20 20 20 20 20 20 20 20 20 20 EB 9F   // прием: 39 байт; 11:38:45:533 10.03.2018
// таймаут: 60 мсек

Программа ?     
-_94            

CA E0 EB FE EC ED FB 20 

01 00 08 00 F6 0D 85 CF   // передача: 8 байт; 11:38:45:993 10.03.2018
// приём по количеству байт: 9 из 9
// принято с порта: 9 байт

01 00 09 00 F6 00 00 37 F3   // прием: 9 байт; 11:38:46:023 10.03.2018
// таймаут: 30 мсек


CA E0 EB FE EC ED FB 20 

01 00 07 00 F7 E9 87   // передача: 7 байт; 11:38:46:033 10.03.2018

CA E0 EB FE EC ED FB 20 

01 00 07 00 F7 E9 87   // передача: 7 байт; 11:38:46:603 10.03.2018
// приём по таймауту: 1000 мс
// принято с порта: 0 байт
повтор: 1

CA E0 EB FE EC ED FB 20 

01 00 07 00 F7 E9 87   // передача: 7 байт; 11:38:47:613 10.03.2018
// приём по таймауту: 1000 мс
// принято с порта: 0 байт
повтор: 2

CA E0 EB FE EC ED FB 20 

01 00 07 00 F7 E9 87   // передача: 7 байт; 11:38:48:623 10.03.2018

CA E0 EB FE EC ED FB 20 

01 00 07 00 F7 E9 87   // передача: 7 байт; 11:38:48:653 10.03.2018
// приём по таймауту: 1000 мс
// принято с порта: 0 байт
повтор: 3

CA E0 EB FE EC ED FB 20 

01 00 07 00 F7 E9 87   // передача: 7 байт; 11:38:49:653 10.03.2018
// приём по количеству байт: 39 из 39
// принято с порта: 39 байт

01 00 27 00 F7 CA E0 ED E0 EB 3A 20 31 20 00 20 20 20 20 30 25 20 20 20 20 20 20 32 35 25 00 20 20 20 20 20 20 A9 48   // прием: 39 байт; 11:38:49:863 10.03.2018
// таймаут: 210 мсек

Канал: 1      0%
      25%       

CA E0 EB FE EC ED FB 20 

01 00 07 00 F7 E9 87   // передача: 7 байт; 11:38:50:383 10.03.2018

CA E0 EB FE EC ED FB 20 

01 00 07 00 F7 E9 87   // передача: 7 байт; 11:38:50:773 10.03.2018
// приём по количеству байт: 39 из 39
// принято с порта: 39 байт

01 00 27 00 F7 CA E0 ED E0 EB 3A 20 31 20 00 20 20 20 20 30 25 20 20 20 20 20 20 35 30 25 00 20 20 20 20 20 20 27 C2   // прием: 39 байт; 11:38:50:773 10.03.2018
// таймаут: 0 мсек

Канал: 1      0%
      50%       
// приём по количеству байт: 8 из 0
// принято с порта: 8 байт

01 00 27 00 F7 CA E0 ED   // прием: 8 байт; 11:38:51:023 10.03.2018
// таймаут: 250 мсек

// приём по количеству байт: 8 из 0
// принято с порта: 8 байт

E0 EB 3A 20 31 20 00 20   // прием: 8 байт; 11:38:51:033 10.03.2018
// таймаут: 260 мсек

// приём по количеству байт: 8 из 0
// принято с порта: 8 байт

20 20 20 30 25 20 20 20   // прием: 8 байт; 11:38:51:043 10.03.2018
// таймаут: 270 мсек

// приём по количеству байт: 8 из 0
// принято с порта: 8 байт

20 20 20 37 35 25 00 20   // прием: 8 байт; 11:38:51:053 10.03.2018
// таймаут: 280 мсек

// приём по количеству байт: 7 из 0
// принято с порта: 7 байт

20 20 20 20 20 B9 58   // прием: 7 байт; 11:38:51:063 10.03.2018
// таймаут: 290 мсек


CA E0 EB FE EC ED FB 20 

01 00 07 00 F7 E9 87   // передача: 7 байт; 11:38:51:293 10.03.2018
// приём по количеству байт: 39 из 39
// принято с порта: 39 байт

01 00 27 00 F7 CA E0 ED E0 EB 3A 20 32 20 00 20 20 20 20 31 25 20 20 20 20 20 20 32 35 25 00 20 20 20 20 20 20 07 FF   // прием: 39 байт; 11:38:51:993 10.03.2018
// таймаут: 700 мсек

Канал: 2      1%
      25%       

CA E0 EB FE EC ED FB 20 

01 00 07 00 F7 E9 87   // передача: 7 байт; 11:38:52:513 10.03.2018
// приём по количеству байт: 39 из 39
// принято с порта: 39 байт

01 00 27 00 F7 CA E0 ED E0 EB 3A 20 32 20 00 20 20 20 20 31 25 20 20 20 20 20 31 30 30 25 00 20 20 20 20 20 20 C9 59   // прием: 39 байт; 11:38:52:603 10.03.2018
// таймаут: 90 мсек

Канал: 2      1%
     100%       

CA E0 EB FE EC ED FB 20 

01 00 07 00 F7 E9 87   // передача: 7 байт; 11:38:53:113 10.03.2018
// приём по количеству байт: 39 из 39
// принято с порта: 39 байт

01 00 27 00 F7 CA E0 ED E0 EB 3A 20 33 20 00 20 20 20 20 33 25 20 20 20 20 20 20 32 35 25 00 20 20 20 20 20 20 F2 BE   // прием: 39 байт; 11:38:53:363 10.03.2018
// таймаут: 250 мсек

Канал: 3      3%
      25%       

CA E0 EB FE EC ED FB 20 

01 00 07 00 F7 E9 87   // передача: 7 байт; 11:38:53:863 10.03.2018
// приём по количеству байт: 39 из 39
// принято с порта: 39 байт

01 00 27 00 F7 CA E0 ED E0 EB 3A 20 33 20 00 20 20 20 20 33 25 20 20 20 20 20 31 30 30 25 00 20 20 20 20 20 31 FC 14   // прием: 39 байт; 11:38:53:953 10.03.2018
// таймаут: 90 мсек

Канал: 3      3%
     100%      1

CA E0 EB FE EC ED FB 20 

01 00 07 00 F7 E9 87   // передача: 7 байт; 11:38:54:473 10.03.2018
// приём по количеству байт: 39 из 39
// принято с порта: 39 байт

01 00 27 00 F7 CA E0 ED E0 EB 3A 20 34 20 00 20 20 20 20 34 25 20 20 20 20 20 20 32 35 25 00 20 20 20 20 20 20 E9 A5   // прием: 39 байт; 11:38:54:723 10.03.2018
// таймаут: 250 мсек

Канал: 4      4%
      25%       

CA E0 EB FE EC ED FB 20 

01 00 07 00 F7 E9 87   // передача: 7 байт; 11:38:55:243 10.03.2018
// приём по количеству байт: 39 из 39
// принято с порта: 39 байт

01 00 27 00 F7 CA E0 ED E0 EB 3A 20 34 20 00 20 20 20 20 34 25 20 20 20 20 20 31 30 30 25 00 20 20 20 20 20 20 27 03   // прием: 39 байт; 11:38:55:313 10.03.2018
// таймаут: 70 мсек

Канал: 4      4%
     100%       

CA E0 EB FE EC ED FB 20 

01 00 07 00 F7 E9 87   // передача: 7 байт; 11:38:55:813 10.03.2018
// приём по таймауту: 1000 мс
// принято с порта: 0 байт
повтор: 1

CA E0 EB FE EC ED FB 20 

01 00 07 00 F7 E9 87   // передача: 7 байт; 11:38:56:833 10.03.2018
// приём по количеству байт: 39 из 39
// принято с порта: 39 байт

01 00 27 00 F7 C7 E0 EF EE EB ED E5 ED E8 E5 20 20 20 20 20 20 20 20 20 20 20 F1 F2 EE EF 20 21 20 20 20 20 20 E8 54   // прием: 39 байт; 11:38:57:173 10.03.2018
// таймаут: 340 мсек

Заполнение      
     стоп !     

CA E0 EB FE EC ED FB 20 

01 00 07 00 F7 E9 87   // передача: 7 байт; 11:38:57:683 10.03.2018
// приём по количеству байт: 39 из 39
// принято с порта: 39 байт

01 00 27 00 F7 D0 E0 E1 EE F2 E0 20 20 20 20 20 20 20 20 20 20 20 20 20 20 20 20 20 CE CA 20 20 20 20 20 20 20 DE 07   // прием: 39 байт; 11:38:57:743 10.03.2018
// таймаут: 60 мсек

Работа          
       ОК       

CA E0 EB FE EC ED FB 20 

01 00 08 00 F6 0C 44 0F   // передача: 8 байт; 11:38:58:673 10.03.2018
// приём по количеству байт: 9 из 9
// принято с порта: 9 байт

01 00 09 00 F6 00 00 37 F3   // прием: 9 байт; 11:38:58:703 10.03.2018
// таймаут: 30 мсек


CA E0 EB FE EC ED FB 20 

01 00 07 00 F7 E9 87   // передача: 7 байт; 11:38:58:713 10.03.2018
// приём по количеству байт: 39 из 39
// принято с порта: 39 байт

01 00 27 00 F7 CF F0 EE E3 F0 E0 EC EC E0 20 3F 20 20 20 20 20 2D 5F 5F 5F 20 20 20 20 20 20 20 20 20 20 20 20 16 D2   // прием: 39 байт; 11:38:58:773 10.03.2018
// таймаут: 60 мсек

Программа ?     
-___            

CA E0 EB FE EC ED FB 20 

01 00 08 00 F6 01 85 CA   // передача: 8 байт; 11:39:00:503 10.03.2018
// приём по количеству байт: 9 из 9
// принято с порта: 9 байт

01 00 09 00 F6 00 00 37 F3   // прием: 9 байт; 11:39:00:543 10.03.2018
// таймаут: 40 мсек


CA E0 EB FE EC ED FB 20 

01 00 07 00 F7 E9 87   // передача: 7 байт; 11:39:00:543 10.03.2018
// приём по количеству байт: 39 из 39
// принято с порта: 39 байт

01 00 27 00 F7 CF F0 EE E3 F0 E0 EC EC E0 20 3F 20 20 20 20 20 2D 5F 5F 31 20 20 20 20 20 20 20 20 20 20 20 20 81 FC   // прием: 39 байт; 11:39:00:603 10.03.2018
// таймаут: 60 мсек

Программа ?     
-__1            

CA E0 EB FE EC ED FB 20 

01 00 08 00 F6 09 84 0C   // передача: 8 байт; 11:39:01:103 10.03.2018
// приём по количеству байт: 9 из 9
// принято с порта: 9 байт

01 00 09 00 F6 00 00 37 F3   // прием: 9 байт; 11:39:01:143 10.03.2018
// таймаут: 40 мсек


CA E0 EB FE EC ED FB 20 

01 00 07 00 F7 E9 87   // передача: 7 байт; 11:39:01:143 10.03.2018
// приём по количеству байт: 39 из 39
// принято с порта: 39 байт

01 00 27 00 F7 CF F0 EE E3 F0 E0 EC EC E0 20 3F 20 20 20 20 20 2D 5F 31 39 20 20 20 20 20 20 20 20 20 20 20 20 F1 1A   // прием: 39 байт; 11:39:01:203 10.03.2018
// таймаут: 60 мсек

Программа ?     
-_19            

CA E0 EB FE EC ED FB 20 

01 00 08 00 F6 02 C5 CB   // передача: 8 байт; 11:39:01:703 10.03.2018
// приём по количеству байт: 9 из 9
// принято с порта: 9 байт

01 00 09 00 F6 00 00 37 F3   // прием: 9 байт; 11:39:01:743 10.03.2018
// таймаут: 40 мсек


CA E0 EB FE EC ED FB 20 

01 00 07 00 F7 E9 87   // передача: 7 байт; 11:39:01:743 10.03.2018
// приём по количеству байт: 39 из 39
// принято с порта: 39 байт

01 00 27 00 F7 CF F0 EE E3 F0 E0 EC EC E0 20 3F 20 20 20 20 20 2D 31 39 32 20 20 20 20 20 20 20 20 20 20 20 20 0C 75   // прием: 39 байт; 11:39:01:803 10.03.2018
// таймаут: 60 мсек

Программа ?     
-192            

CA E0 EB FE EC ED FB 20 

01 00 08 00 F6 0D 85 CF   // передача: 8 байт; 11:39:02:263 10.03.2018
// приём по количеству байт: 9 из 9
// принято с порта: 9 байт

01 00 09 00 F6 00 00 37 F3   // прием: 9 байт; 11:39:02:303 10.03.2018
// таймаут: 40 мсек


CA E0 EB FE EC ED FB 20 

01 00 07 00 F7 E9 87   // передача: 7 байт; 11:39:02:303 10.03.2018
// приём по количеству байт: 39 из 39
// принято с порта: 39 байт

01 00 27 00 F7 20 20 20 C7 E0 E3 F0 F3 E6 E0 F2 FC 20 20 20 20 2E ED E5 F2 00 20 20 20 20 20 20 20 20 20 20 20 A6 56   // прием: 39 байт; 11:39:02:363 10.03.2018
// таймаут: 60 мсек

   Загружать    
.нет            

CA E0 EB FE EC ED FB 20 

01 00 08 00 F6 0B 05 CD   // передача: 8 байт; 11:39:03:093 10.03.2018
// приём по количеству байт: 9 из 9
// принято с порта: 9 байт

01 00 09 00 F6 00 00 37 F3   // прием: 9 байт; 11:39:03:133 10.03.2018
// таймаут: 40 мсек


CA E0 EB FE EC ED FB 20 

01 00 07 00 F7 E9 87   // передача: 7 байт; 11:39:03:133 10.03.2018
// приём по количеству байт: 39 из 39
// принято с порта: 39 байт

01 00 27 00 F7 20 20 20 C7 E0 E3 F0 F3 E6 E0 F2 FC 20 20 20 20 2E E4 E0 20 00 20 20 20 20 20 20 20 20 20 20 20 52 86   // прием: 39 байт; 11:39:03:193 10.03.2018
// таймаут: 60 мсек

   Загружать    
.да             

CA E0 EB FE EC ED FB 20 

01 00 08 00 F6 0C 44 0F   // передача: 8 байт; 11:39:03:793 10.03.2018
// приём по количеству байт: 9 из 9
// принято с порта: 9 байт

01 00 09 00 F6 00 00 37 F3   // прием: 9 байт; 11:39:03:823 10.03.2018
// таймаут: 30 мсек


CA E0 EB FE EC ED FB 20 

01 00 07 00 F7 E9 87   // передача: 7 байт; 11:39:03:833 10.03.2018
// приём по количеству байт: 39 из 39
// принято с порта: 39 байт

01 00 27 00 F7 CF F0 EE E3 F0 E0 EC EC E0 20 3F 20 20 20 20 20 2D 5F 5F 5F 20 20 20 20 20 20 20 20 20 20 20 20 16 D2   // прием: 39 байт; 11:39:03:893 10.03.2018
// таймаут: 60 мсек

Программа ?     
-___            

CA E0 EB FE EC ED FB 20 

01 00 08 00 F6 01 85 CA   // передача: 8 байт; 11:39:04:443 10.03.2018
// приём по количеству байт: 9 из 9
// принято с порта: 9 байт

01 00 09 00 F6 00 00 37 F3   // прием: 9 байт; 11:39:04:473 10.03.2018
// таймаут: 30 мсек


CA E0 EB FE EC ED FB 20 

01 00 07 00 F7 E9 87   // передача: 7 байт; 11:39:04:473 10.03.2018
// приём по количеству байт: 39 из 39
// принято с порта: 39 байт

01 00 27 00 F7 CF F0 EE E3 F0 E0 EC EC E0 20 3F 20 20 20 20 20 2D 5F 5F 31 20 20 20 20 20 20 20 20 20 20 20 20 81 FC   // прием: 39 байт; 11:39:04:543 10.03.2018
// таймаут: 70 мсек

Программа ?     
-__1            

CA E0 EB FE EC ED FB 20 

01 00 08 00 F6 08 45 CC   // передача: 8 байт; 11:39:04:843 10.03.2018
// приём по количеству байт: 9 из 9
// принято с порта: 9 байт

01 00 09 00 F6 00 00 37 F3   // прием: 9 байт; 11:39:04:873 10.03.2018
// таймаут: 30 мсек


CA E0 EB FE EC ED FB 20 

01 00 07 00 F7 E9 87   // передача: 7 байт; 11:39:04:873 10.03.2018
// приём по количеству байт: 39 из 39
// принято с порта: 39 байт

01 00 27 00 F7 CF F0 EE E3 F0 E0 EC EC E0 20 3F 20 20 20 20 20 2D 5F 31 38 20 20 20 20 20 20 20 20 20 20 20 20 F3 9B   // прием: 39 байт; 11:39:04:943 10.03.2018
// таймаут: 70 мсек

Программа ?     
-_18            

CA E0 EB FE EC ED FB 20 

01 00 08 00 F6 04 45 C9   // передача: 8 байт; 11:39:05:293 10.03.2018
// приём по количеству байт: 9 из 9
// принято с порта: 9 байт

01 00 09 00 F6 00 00 37 F3   // прием: 9 байт; 11:39:05:323 10.03.2018
// таймаут: 30 мсек


CA E0 EB FE EC ED FB 20 

01 00 07 00 F7 E9 87   // передача: 7 байт; 11:39:05:323 10.03.2018
// приём по количеству байт: 39 из 39
// принято с порта: 39 байт

01 00 27 00 F7 CF F0 EE E3 F0 E0 EC EC E0 20 3F 20 20 20 20 20 2D 31 38 34 20 20 20 20 20 20 20 20 20 20 20 20 05 72   // прием: 39 байт; 11:39:05:393 10.03.2018
// таймаут: 70 мсек

Программа ?     
-184            

CA E0 EB FE EC ED FB 20 

01 00 08 00 F6 0D 85 CF   // передача: 8 байт; 11:39:05:933 10.03.2018
// приём по количеству байт: 9 из 9
// принято с порта: 9 байт

01 00 09 00 F6 00 00 37 F3   // прием: 9 байт; 11:39:05:963 10.03.2018
// таймаут: 30 мсек


CA E0 EB FE EC ED FB 20 

01 00 07 00 F7 E9 87   // передача: 7 байт; 11:39:05:963 10.03.2018
// приём по количеству байт: 39 из 39
// принято с порта: 39 байт

01 00 27 00 F7 C2 E5 F0 F5 ED FF FF 20 E3 F0 E0 ED E8 F6 E0 20 20 20 20 EA E0 ED E0 EB 20 3F 5F 5F 20 20 20 20 83 43   // прием: 39 байт; 11:39:06:033 10.03.2018
// таймаут: 70 мсек

Верхняя граница 
   канал ?__    

CA E0 EB FE EC ED FB 20 

01 00 08 00 F6 05 84 09   // передача: 8 байт; 11:39:06:823 10.03.2018
// приём по количеству байт: 9 из 9
// принято с порта: 9 байт

01 00 09 00 F6 00 00 37 F3   // прием: 9 байт; 11:39:06:863 10.03.2018
// таймаут: 40 мсек


CA E0 EB FE EC ED FB 20 

01 00 07 00 F7 E9 87   // передача: 7 байт; 11:39:06:863 10.03.2018
// приём по количеству байт: 39 из 39
// принято с порта: 39 байт

01 00 27 00 F7 C2 E5 F0 F5 ED FF FF 20 E3 F0 E0 ED E8 F6 E0 20 20 20 20 EA E0 ED E0 EB 20 3F 5F 35 20 20 20 20 9B 4A   // прием: 39 байт; 11:39:06:923 10.03.2018
// таймаут: 60 мсек

Верхняя граница 
   канал ?_5    

CA E0 EB FE EC ED FB 20 

01 00 08 00 F6 00 44 0A   // передача: 8 байт; 11:39:07:393 10.03.2018
// приём по количеству байт: 9 из 9
// принято с порта: 9 байт

01 00 09 00 F6 00 00 37 F3   // прием: 9 байт; 11:39:07:423 10.03.2018
// таймаут: 30 мсек


CA E0 EB FE EC ED FB 20 

01 00 07 00 F7 E9 87   // передача: 7 байт; 11:39:07:433 10.03.2018
// приём по количеству байт: 39 из 39
// принято с порта: 39 байт

01 00 27 00 F7 C2 E5 F0 F5 ED FF FF 20 E3 F0 E0 ED E8 F6 E0 20 20 20 20 EA E0 ED E0 EB 20 3F 35 30 20 20 20 20 5E 40   // прием: 39 байт; 11:39:07:493 10.03.2018
// таймаут: 60 мсек

Верхняя граница 
   канал ?50    

CA E0 EB FE EC ED FB 20 

01 00 08 00 F6 0D 85 CF   // передача: 8 байт; 11:39:07:983 10.03.2018
// приём по количеству байт: 9 из 9
// принято с порта: 9 байт

01 00 09 00 F6 00 00 37 F3   // прием: 9 байт; 11:39:08:023 10.03.2018
// таймаут: 40 мсек


CA E0 EB FE EC ED FB 20 

01 00 07 00 F7 E9 87   // передача: 7 байт; 11:39:08:023 10.03.2018
// приём по количеству байт: 39 из 39
// принято с порта: 39 байт

01 00 27 00 F7 C2 E5 F0 F5 ED FF FF 20 E3 F0 E0 ED E8 F6 E0 20 20 20 20 20 32 39 37 35 3A 36 32 00 20 20 35 30 F3 8B   // прием: 39 байт; 11:39:08:083 10.03.2018
// таймаут: 60 мсек

Верхняя граница 
    2975:62   50

CA E0 EB FE EC ED FB 20 

01 00 08 00 F6 0C 44 0F   // передача: 8 байт; 11:39:09:103 10.03.2018
// приём по количеству байт: 9 из 9
// принято с порта: 9 байт

01 00 09 00 F6 00 00 37 F3   // прием: 9 байт; 11:39:09:143 10.03.2018
// таймаут: 40 мсек


CA E0 EB FE EC ED FB 20 

01 00 07 00 F7 E9 87   // передача: 7 байт; 11:39:09:143 10.03.2018
// приём по количеству байт: 39 из 39
// принято с порта: 39 байт

01 00 27 00 F7 CF F0 EE E3 F0 E0 EC EC E0 20 3F 20 20 20 20 20 2D 5F 5F 5F 20 20 20 20 20 20 20 20 20 20 20 20 16 D2   // прием: 39 байт; 11:39:09:203 10.03.2018
// таймаут: 60 мсек

Программа ?     
-___            

CA E0 EB FE EC ED FB 20 

01 00 08 00 F6 01 85 CA   // передача: 8 байт; 11:39:09:673 10.03.2018
// приём по количеству байт: 9 из 9
// принято с порта: 9 байт

01 00 09 00 F6 00 00 37 F3   // прием: 9 байт; 11:39:09:703 10.03.2018
// таймаут: 30 мсек


CA E0 EB FE EC ED FB 20 

01 00 07 00 F7 E9 87   // передача: 7 байт; 11:39:09:713 10.03.2018
// приём по количеству байт: 39 из 39
// принято с порта: 39 байт

01 00 27 00 F7 CF F0 EE E3 F0 E0 EC EC E0 20 3F 20 20 20 20 20 2D 5F 5F 31 20 20 20 20 20 20 20 20 20 20 20 20 81 FC   // прием: 39 байт; 11:39:09:773 10.03.2018
// таймаут: 60 мсек

Программа ?     
-__1            

CA E0 EB FE EC ED FB 20 

01 00 08 00 F6 08 45 CC   // передача: 8 байт; 11:39:10:063 10.03.2018
// приём по количеству байт: 9 из 9
// принято с порта: 9 байт

01 00 09 00 F6 00 00 37 F3   // прием: 9 байт; 11:39:10:103 10.03.2018
// таймаут: 40 мсек


CA E0 EB FE EC ED FB 20 

01 00 07 00 F7 E9 87   // передача: 7 байт; 11:39:10:103 10.03.2018
// приём по количеству байт: 39 из 39
// принято с порта: 39 байт

01 00 27 00 F7 CF F0 EE E3 F0 E0 EC EC E0 20 3F 20 20 20 20 20 2D 5F 31 38 20 20 20 20 20 20 20 20 20 20 20 20 F3 9B   // прием: 39 байт; 11:39:10:163 10.03.2018
// таймаут: 60 мсек

Программа ?     
-_18            

CA E0 EB FE EC ED FB 20 

01 00 08 00 F6 04 45 C9   // передача: 8 байт; 11:39:10:473 10.03.2018
// приём по количеству байт: 9 из 9
// принято с порта: 9 байт

01 00 09 00 F6 00 00 37 F3   // прием: 9 байт; 11:39:10:503 10.03.2018
// таймаут: 30 мсек


CA E0 EB FE EC ED FB 20 

01 00 07 00 F7 E9 87   // передача: 7 байт; 11:39:10:513 10.03.2018
// приём по количеству байт: 39 из 39
// принято с порта: 39 байт

01 00 27 00 F7 CF F0 EE E3 F0 E0 EC EC E0 20 3F 20 20 20 20 20 2D 31 38 34 20 20 20 20 20 20 20 20 20 20 20 20 05 72   // прием: 39 байт; 11:39:10:573 10.03.2018
// таймаут: 60 мсек

Программа ?     
-184            

CA E0 EB FE EC ED FB 20 

01 00 08 00 F6 0D 85 CF   // передача: 8 байт; 11:39:10:963 10.03.2018
// приём по количеству байт: 9 из 9
// принято с порта: 9 байт

01 00 09 00 F6 00 00 37 F3   // прием: 9 байт; 11:39:10:993 10.03.2018
// таймаут: 30 мсек


CA E0 EB FE EC ED FB 20 

01 00 07 00 F7 E9 87   // передача: 7 байт; 11:39:10:993 10.03.2018
// приём по количеству байт: 39 из 39
// принято с порта: 39 байт

01 00 27 00 F7 C2 E5 F0 F5 ED FF FF 20 E3 F0 E0 ED E8 F6 E0 20 20 20 20 EA E0 ED E0 EB 20 3F 5F 5F 20 20 20 20 83 43   // прием: 39 байт; 11:39:11:063 10.03.2018
// таймаут: 70 мсек

Верхняя граница 
   канал ?__    

CA E0 EB FE EC ED FB 20 

01 00 08 00 F6 0D 85 CF   // передача: 8 байт; 11:39:11:483 10.03.2018
// приём по количеству байт: 9 из 9
// принято с порта: 9 байт

01 00 09 00 F6 00 00 37 F3   // прием: 9 байт; 11:39:11:513 10.03.2018
// таймаут: 30 мсек


CA E0 EB FE EC ED FB 20 

01 00 07 00 F7 E9 87   // передача: 7 байт; 11:39:11:513 10.03.2018
// приём по количеству байт: 39 из 39
// принято с порта: 39 байт

01 00 27 00 F7 C2 E5 F0 F5 ED FF FF 20 E3 F0 E0 ED E8 F6 E0 20 20 20 20 20 32 39 37 35 3A 36 32 00 20 20 20 31 3C DB   // прием: 39 байт; 11:39:11:583 10.03.2018
// таймаут: 70 мсек

Верхняя граница 
    2975:62    1

CA E0 EB FE EC ED FB 20 

01 00 08 00 F6 0D 85 CF   // передача: 8 байт; 11:39:12:203 10.03.2018
// приём по количеству байт: 9 из 9
// принято с порта: 9 байт

01 00 09 00 F6 00 00 37 F3   // прием: 9 байт; 11:39:12:233 10.03.2018
// таймаут: 30 мсек


CA E0 EB FE EC ED FB 20 

01 00 07 00 F7 E9 87   // передача: 7 байт; 11:39:12:233 10.03.2018
// приём по количеству байт: 39 из 39
// принято с порта: 39 байт

01 00 27 00 F7 C2 E5 F0 F5 ED FF FF 20 E3 F0 E0 ED E8 F6 E0 20 20 20 20 20 32 39 37 35 3A 36 32 00 20 20 20 32 7C DA   // прием: 39 байт; 11:39:12:303 10.03.2018
// таймаут: 70 мсек

Верхняя граница 
    2975:62    2

CA E0 EB FE EC ED FB 20 

01 00 08 00 F6 0C 44 0F   // передача: 8 байт; 11:39:12:953 10.03.2018
// приём по количеству байт: 9 из 9
// принято с порта: 9 байт

01 00 09 00 F6 00 00 37 F3   // прием: 9 байт; 11:39:12:983 10.03.2018
// таймаут: 30 мсек


CA E0 EB FE EC ED FB 20 

01 00 07 00 F7 E9 87   // передача: 7 байт; 11:39:12:993 10.03.2018
// приём по количеству байт: 39 из 39
// принято с порта: 39 байт

01 00 27 00 F7 CF F0 EE E3 F0 E0 EC EC E0 20 3F 20 20 20 20 20 2D 5F 5F 5F 20 20 20 20 20 20 20 20 20 20 20 20 16 D2   // прием: 39 байт; 11:39:13:053 10.03.2018
// таймаут: 60 мсек

Программа ?     
-___            

CA E0 EB FE EC ED FB 20 

01 00 08 00 F6 01 85 CA   // передача: 8 байт; 11:39:13:563 10.03.2018
// приём по количеству байт: 9 из 9
// принято с порта: 9 байт

01 00 09 00 F6 00 00 37 F3   // прием: 9 байт; 11:39:13:593 10.03.2018
// таймаут: 30 мсек


CA E0 EB FE EC ED FB 20 

01 00 07 00 F7 E9 87   // передача: 7 байт; 11:39:13:593 10.03.2018
// приём по количеству байт: 39 из 39
// принято с порта: 39 байт

01 00 27 00 F7 CF F0 EE E3 F0 E0 EC EC E0 20 3F 20 20 20 20 20 2D 5F 5F 31 20 20 20 20 20 20 20 20 20 20 20 20 81 FC   // прием: 39 байт; 11:39:13:663 10.03.2018
// таймаут: 70 мсек

Программа ?     
-__1            

CA E0 EB FE EC ED FB 20 

01 00 08 00 F6 08 45 CC   // передача: 8 байт; 11:39:14:193 10.03.2018
// приём по количеству байт: 9 из 9
// принято с порта: 9 байт

01 00 09 00 F6 00 00 37 F3   // прием: 9 байт; 11:39:14:223 10.03.2018
// таймаут: 30 мсек


CA E0 EB FE EC ED FB 20 

01 00 07 00 F7 E9 87   // передача: 7 байт; 11:39:14:233 10.03.2018
// приём по количеству байт: 39 из 39
// принято с порта: 39 байт

01 00 27 00 F7 CF F0 EE E3 F0 E0 EC EC E0 20 3F 20 20 20 20 20 2D 5F 31 38 20 20 20 20 20 20 20 20 20 20 20 20 F3 9B   // прием: 39 байт; 11:39:14:293 10.03.2018
// таймаут: 60 мсек

Программа ?     
-_18            

CA E0 EB FE EC ED FB 20 

01 00 08 00 F6 04 45 C9   // передача: 8 байт; 11:39:14:673 10.03.2018
// приём по количеству байт: 9 из 9
// принято с порта: 9 байт

01 00 09 00 F6 00 00 37 F3   // прием: 9 байт; 11:39:14:703 10.03.2018
// таймаут: 30 мсек


CA E0 EB FE EC ED FB 20 

01 00 07 00 F7 E9 87   // передача: 7 байт; 11:39:14:713 10.03.2018
// приём по количеству байт: 39 из 39
// принято с порта: 39 байт

01 00 27 00 F7 CF F0 EE E3 F0 E0 EC EC E0 20 3F 20 20 20 20 20 2D 31 38 34 20 20 20 20 20 20 20 20 20 20 20 20 05 72   // прием: 39 байт; 11:39:14:773 10.03.2018
// таймаут: 60 мсек

Программа ?     
-184            

CA E0 EB FE EC ED FB 20 

01 00 08 00 F6 0D 85 CF   // передача: 8 байт; 11:39:15:213 10.03.2018
// приём по количеству байт: 9 из 9
// принято с порта: 9 байт

01 00 09 00 F6 00 00 37 F3   // прием: 9 байт; 11:39:15:253 10.03.2018
// таймаут: 40 мсек


CA E0 EB FE EC ED FB 20 

01 00 07 00 F7 E9 87   // передача: 7 байт; 11:39:15:253 10.03.2018
// приём по количеству байт: 39 из 39
// принято с порта: 39 байт

01 00 27 00 F7 C2 E5 F0 F5 ED FF FF 20 E3 F0 E0 ED E8 F6 E0 20 20 20 20 EA E0 ED E0 EB 20 3F 5F 5F 20 20 20 20 83 43   // прием: 39 байт; 11:39:15:313 10.03.2018
// таймаут: 60 мсек

Верхняя граница 
   канал ?__    

CA E0 EB FE EC ED FB 20 

01 00 08 00 F6 0D 85 CF   // передача: 8 байт; 11:39:16:513 10.03.2018
// приём по количеству байт: 9 из 9
// принято с порта: 9 байт

01 00 09 00 F6 00 00 37 F3   // прием: 9 байт; 11:39:16:543 10.03.2018
// таймаут: 30 мсек


CA E0 EB FE EC ED FB 20 

01 00 07 00 F7 E9 87   // передача: 7 байт; 11:39:16:553 10.03.2018
// приём по количеству байт: 39 из 39
// принято с порта: 39 байт

01 00 27 00 F7 C2 E5 F0 F5 ED FF FF 20 E3 F0 E0 ED E8 F6 E0 20 20 20 20 20 32 39 37 35 3A 36 32 00 20 20 20 31 3C DB   // прием: 39 байт; 11:39:16:613 10.03.2018
// таймаут: 60 мсек

Верхняя граница 
    2975:62    1

CA E0 EB FE EC ED FB 20 

01 00 08 00 F6 02 C5 CB   // передача: 8 байт; 11:39:17:343 10.03.2018
// приём по количеству байт: 9 из 9
// принято с порта: 9 байт

01 00 09 00 F6 00 00 37 F3   // прием: 9 байт; 11:39:17:383 10.03.2018
// таймаут: 40 мсек


CA E0 EB FE EC ED FB 20 

01 00 07 00 F7 E9 87   // передача: 7 байт; 11:39:17:383 10.03.2018
// приём по количеству байт: 39 из 39
// принято с порта: 39 байт

01 00 27 00 F7 C2 E5 F0 F5 ED FF FF 20 E3 F0 E0 ED E8 F6 E0 20 20 20 20 20 5F 5F 5F 32 20 20 20 20 20 00 20 31 60 A8   // прием: 39 байт; 11:39:17:443 10.03.2018
// таймаут: 60 мсек

Верхняя граница 
    ___2       1

CA E0 EB FE EC ED FB 20 

01 00 08 00 F6 00 44 0A   // передача: 8 байт; 11:39:18:093 10.03.2018
// приём по количеству байт: 9 из 9
// принято с порта: 9 байт

01 00 09 00 F6 00 00 37 F3   // прием: 9 байт; 11:39:18:123 10.03.2018
// таймаут: 30 мсек


CA E0 EB FE EC ED FB 20 

01 00 07 00 F7 E9 87   // передача: 7 байт; 11:39:18:123 10.03.2018
// приём по количеству байт: 39 из 39
// принято с порта: 39 байт

01 00 27 00 F7 C2 E5 F0 F5 ED FF FF 20 E3 F0 E0 ED E8 F6 E0 20 20 20 20 20 5F 5F 32 30 20 20 20 20 20 00 20 31 EB 8C   // прием: 39 байт; 11:39:18:193 10.03.2018
// таймаут: 70 мсек

Верхняя граница 
    __20       1

CA E0 EB FE EC ED FB 20 

01 00 08 00 F6 0D 85 CF   // передача: 8 байт; 11:39:18:433 10.03.2018
// приём по количеству байт: 9 из 9
// принято с порта: 9 байт

01 00 09 00 F6 00 00 37 F3   // прием: 9 байт; 11:39:18:463 10.03.2018
// таймаут: 30 мсек


CA E0 EB FE EC ED FB 20 

01 00 07 00 F7 E9 87   // передача: 7 байт; 11:39:18:473 10.03.2018
// приём по количеству байт: 39 из 39
// принято с порта: 39 байт

01 00 27 00 F7 C2 E5 F0 F5 ED FF FF 20 E3 F0 E0 ED E8 F6 E0 20 20 20 20 20 30 30 32 30 3A 30 31 00 20 20 20 31 A2 F3   // прием: 39 байт; 11:39:18:533 10.03.2018
// таймаут: 60 мсек

Верхняя граница 
    0020:01    1

CA E0 EB FE EC ED FB 20 

01 00 08 00 F6 0C 44 0F   // передача: 8 байт; 11:39:19:293 10.03.2018
// приём по количеству байт: 9 из 9
// принято с порта: 9 байт

01 00 09 00 F6 00 00 37 F3   // прием: 9 байт; 11:39:19:333 10.03.2018
// таймаут: 40 мсек


CA E0 EB FE EC ED FB 20 

01 00 07 00 F7 E9 87   // передача: 7 байт; 11:39:19:333 10.03.2018
// приём по количеству байт: 39 из 39
// принято с порта: 39 байт

01 00 27 00 F7 CF F0 EE E3 F0 E0 EC EC E0 20 3F 20 20 20 20 20 2D 5F 5F 5F 20 20 20 20 20 20 20 20 20 20 20 20 16 D2   // прием: 39 байт; 11:39:19:393 10.03.2018
// таймаут: 60 мсек

Программа ?     
-___            

CA E0 EB FE EC ED FB 20 

01 00 08 00 F6 08 45 CC   // передача: 8 байт; 11:39:19:863 10.03.2018
// приём по количеству байт: 9 из 9
// принято с порта: 9 байт

01 00 09 00 F6 00 00 37 F3   // прием: 9 байт; 11:39:19:903 10.03.2018
// таймаут: 40 мсек


CA E0 EB FE EC ED FB 20 

01 00 07 00 F7 E9 87   // передача: 7 байт; 11:39:19:903 10.03.2018
// приём по количеству байт: 39 из 39
// принято с порта: 39 байт

01 00 27 00 F7 CF F0 EE E3 F0 E0 EC EC E0 20 3F 20 20 20 20 20 2D 5F 5F 38 20 20 20 20 20 20 20 20 20 20 20 20 9C 35   // прием: 39 байт; 11:39:19:963 10.03.2018
// таймаут: 60 мсек

Программа ?     
-__8            

CA E0 EB FE EC ED FB 20 

01 00 08 00 F6 03 04 0B   // передача: 8 байт; 11:39:20:453 10.03.2018
// приём по количеству байт: 9 из 9
// принято с порта: 9 байт

01 00 09 00 F6 00 00 37 F3   // прием: 9 байт; 11:39:20:483 10.03.2018
// таймаут: 30 мсек


CA E0 EB FE EC ED FB 20 

01 00 07 00 F7 E9 87   // передача: 7 байт; 11:39:20:483 10.03.2018
// приём по количеству байт: 39 из 39
// принято с порта: 39 байт

01 00 27 00 F7 CF F0 EE E3 F0 E0 EC EC E0 20 3F 20 20 20 20 20 2D 5F 38 33 20 20 20 20 20 20 20 20 20 20 20 20 E0 19   // прием: 39 байт; 11:39:20:553 10.03.2018
// таймаут: 70 мсек

Программа ?     
-_83            

CA E0 EB FE EC ED FB 20 

01 00 08 00 F6 0D 85 CF   // передача: 8 байт; 11:39:21:183 10.03.2018
// приём по количеству байт: 9 из 9
// принято с порта: 9 байт

01 00 09 00 F6 00 00 37 F3   // прием: 9 байт; 11:39:21:223 10.03.2018
// таймаут: 40 мсек


CA E0 EB FE EC ED FB 20 

01 00 07 00 F7 E9 87   // передача: 7 байт; 11:39:21:223 10.03.2018
// приём по количеству байт: 39 из 39
// принято с порта: 39 байт

01 00 27 00 F7 CE F2 EB E0 E4 EA E0 20 20 20 20 20 20 20 20 20 20 20 20 20 20 20 20 CE CA 20 20 20 20 20 20 20 A3 3D   // прием: 39 байт; 11:39:21:323 10.03.2018
// таймаут: 100 мсек

Отладка         
       ОК       

CA E0 EB FE EC ED FB 20 

01 00 08 00 F6 0C 44 0F   // передача: 8 байт; 11:39:21:853 10.03.2018
// приём по количеству байт: 9 из 9
// принято с порта: 9 байт

01 00 09 00 F6 00 00 37 F3   // прием: 9 байт; 11:39:21:893 10.03.2018
// таймаут: 40 мсек


CA E0 EB FE EC ED FB 20 

01 00 07 00 F7 E9 87   // передача: 7 байт; 11:39:21:893 10.03.2018
// приём по количеству байт: 39 из 39
// принято с порта: 39 байт

01 00 27 00 F7 CF F0 EE E3 F0 E0 EC EC E0 20 3F 20 20 20 20 20 2D 5F 5F 5F 20 20 20 20 20 20 20 20 20 20 20 20 16 D2   // прием: 39 байт; 11:39:21:953 10.03.2018
// таймаут: 60 мсек

Программа ?     
-___            

CA E0 EB FE EC ED FB 20 

01 00 08 00 F6 01 85 CA   // передача: 8 байт; 11:39:22:493 10.03.2018
// приём по количеству байт: 9 из 9
// принято с порта: 9 байт

01 00 09 00 F6 00 00 37 F3   // прием: 9 байт; 11:39:22:533 10.03.2018
// таймаут: 40 мсек


CA E0 EB FE EC ED FB 20 

01 00 07 00 F7 E9 87   // передача: 7 байт; 11:39:22:533 10.03.2018
// приём по количеству байт: 39 из 39
// принято с порта: 39 байт

01 00 27 00 F7 CF F0 EE E3 F0 E0 EC EC E0 20 3F 20 20 20 20 20 2D 5F 5F 31 20 20 20 20 20 20 20 20 20 20 20 20 81 FC   // прием: 39 байт; 11:39:22:593 10.03.2018
// таймаут: 60 мсек

Программа ?     
-__1            

CA E0 EB FE EC ED FB 20 

01 00 08 00 F6 05 84 09   // передача: 8 байт; 11:39:23:023 10.03.2018
// приём по количеству байт: 9 из 9
// принято с порта: 9 байт

01 00 09 00 F6 00 00 37 F3   // прием: 9 байт; 11:39:23:063 10.03.2018
// таймаут: 40 мсек


CA E0 EB FE EC ED FB 20 

01 00 07 00 F7 E9 87   // передача: 7 байт; 11:39:23:063 10.03.2018
// приём по количеству байт: 39 из 39
// принято с порта: 39 байт

01 00 27 00 F7 CF F0 EE E3 F0 E0 EC EC E0 20 3F 20 20 20 20 20 2D 5F 31 35 20 20 20 20 20 20 20 20 20 20 20 20 E0 D6   // прием: 39 байт; 11:39:23:123 10.03.2018
// таймаут: 60 мсек

Программа ?     
-_15            

CA E0 EB FE EC ED FB 20 

01 00 08 00 F6 0D 85 CF   // передача: 8 байт; 11:39:23:763 10.03.2018
// приём по количеству байт: 9 из 9
// принято с порта: 9 байт

01 00 09 00 F6 00 00 37 F3   // прием: 9 байт; 11:39:23:793 10.03.2018
// таймаут: 30 мсек


CA E0 EB FE EC ED FB 20 

01 00 07 00 F7 E9 87   // передача: 7 байт; 11:39:23:793 10.03.2018
// приём по количеству байт: 39 из 39
// принято с порта: 39 байт

01 00 27 00 F7 D0 E0 E1 EE F2 E0 20 20 20 20 20 20 20 20 20 20 20 20 20 20 20 20 20 CE CA 20 20 20 20 20 20 20 DE 07   // прием: 39 байт; 11:39:23:973 10.03.2018
// таймаут: 180 мсек

Работа          
       ОК       

CA E0 EB FE EC ED FB 20 

01 00 08 00 F6 0C 44 0F   // передача: 8 байт; 11:39:24:633 10.03.2018
// приём по количеству байт: 9 из 9
// принято с порта: 9 байт

01 00 09 00 F6 00 00 37 F3   // прием: 9 байт; 11:39:24:663 10.03.2018
// таймаут: 30 мсек


CA E0 EB FE EC ED FB 20 

01 00 07 00 F7 E9 87   // передача: 7 байт; 11:39:24:673 10.03.2018
// приём по количеству байт: 39 из 39
// принято с порта: 39 байт

01 00 27 00 F7 CF F0 EE E3 F0 E0 EC EC E0 20 3F 20 20 20 20 20 3E 5F 5F 5F 20 20 20 20 20 20 20 20 20 20 20 20 5B EF   // прием: 39 байт; 11:39:24:733 10.03.2018
// таймаут: 60 мсек

Программа ?     
>___            

CA E0 EB FE EC ED FB 20 

01 00 08 00 F6 01 85 CA   // передача: 8 байт; 11:39:25:373 10.03.2018
// приём по количеству байт: 9 из 9
// принято с порта: 9 байт

01 00 09 00 F6 00 00 37 F3   // прием: 9 байт; 11:39:25:403 10.03.2018
// таймаут: 30 мсек


CA E0 EB FE EC ED FB 20 

01 00 07 00 F7 E9 87   // передача: 7 байт; 11:39:25:403 10.03.2018
// приём по количеству байт: 39 из 39
// принято с порта: 39 байт

01 00 27 00 F7 CF F0 EE E3 F0 E0 EC EC E0 20 3F 20 20 20 20 20 3E 5F 5F 31 20 20 20 20 20 20 20 20 20 20 20 20 CC C1   // прием: 39 байт; 11:39:25:473 10.03.2018
// таймаут: 70 мсек

Программа ?     
>__1            

CA E0 EB FE EC ED FB 20 

01 00 08 00 F6 09 84 0C   // передача: 8 байт; 11:39:25:983 10.03.2018
// приём по количеству байт: 9 из 9
// принято с порта: 9 байт

01 00 09 00 F6 00 00 37 F3   // прием: 9 байт; 11:39:26:023 10.03.2018
// таймаут: 40 мсек


CA E0 EB FE EC ED FB 20 

01 00 07 00 F7 E9 87   // передача: 7 байт; 11:39:26:023 10.03.2018
// приём по количеству байт: 39 из 39
// принято с порта: 39 байт

01 00 27 00 F7 CF F0 EE E3 F0 E0 EC EC E0 20 3F 20 20 20 20 20 3E 5F 31 39 20 20 20 20 20 20 20 20 20 20 20 20 BC 27   // прием: 39 байт; 11:39:26:083 10.03.2018
// таймаут: 60 мсек

Программа ?     
>_19            

CA E0 EB FE EC ED FB 20 

01 00 08 00 F6 00 44 0A   // передача: 8 байт; 11:39:26:643 10.03.2018
// приём по количеству байт: 9 из 9
// принято с порта: 9 байт

01 00 09 00 F6 00 00 37 F3   // прием: 9 байт; 11:39:26:673 10.03.2018
// таймаут: 30 мсек


CA E0 EB FE EC ED FB 20 

01 00 07 00 F7 E9 87   // передача: 7 байт; 11:39:26:673 10.03.2018
// приём по количеству байт: 39 из 39
// принято с порта: 39 байт

01 00 27 00 F7 CF F0 EE E3 F0 E0 EC EC E0 20 3F 20 20 20 20 20 3E 31 39 30 20 20 20 20 20 20 20 20 20 20 20 20 46 0A   // прием: 39 байт; 11:39:26:743 10.03.2018
// таймаут: 70 мсек

Программа ?     
>190            

CA E0 EB FE EC ED FB 20 

01 00 08 00 F6 0D 85 CF   // передача: 8 байт; 11:39:27:143 10.03.2018
// приём по количеству байт: 9 из 9
// принято с порта: 9 байт

01 00 09 00 F6 00 00 37 F3   // прием: 9 байт; 11:39:27:183 10.03.2018
// таймаут: 40 мсек


CA E0 EB FE EC ED FB 20 

01 00 07 00 F7 E9 87   // передача: 7 байт; 11:39:27:183 10.03.2018

CA E0 EB FE EC ED FB 20 

01 00 07 00 F7 E9 87   // передача: 7 байт; 11:39:27:743 10.03.2018
// приём по количеству байт: 39 из 39
// принято с порта: 39 байт

01 00 27 00 F7 CA E0 ED E0 EB 3A 20 31 20 00 20 20 20 20 20 20 20 20 20 20 20 20 20 20 20 20 20 20 20 20 20 20 0D EE   // прием: 39 байт; 11:39:27:843 10.03.2018
// таймаут: 100 мсек

Канал: 1        
                

CA E0 EB FE EC ED FB 20 

01 00 07 00 F7 E9 87   // передача: 7 байт; 11:39:28:993 10.03.2018
// приём по количеству байт: 39 из 39
// принято с порта: 39 байт

01 00 27 00 F7 CE EF F0 EE F1 20 E4 E0 ED ED FB F5 3A 20 32 20 20 20 20 20 20 20 32 35 25 00 20 20 20 20 20 20 F4 DB   // прием: 39 байт; 11:39:29:613 10.03.2018
// таймаут: 620 мсек

Опрос данных: 2 
      25%       

CA E0 EB FE EC ED FB 20 

01 00 07 00 F7 E9 87   // передача: 7 байт; 11:39:30:103 10.03.2018
// приём по количеству байт: 39 из 39
// принято с порта: 39 байт

01 00 27 00 F7 CE EF F0 EE F1 20 E4 E0 ED ED FB F5 3A 20 32 20 20 20 20 20 20 20 39 39 25 00 20 20 20 20 20 20 D0 3E   // прием: 39 байт; 11:39:30:243 10.03.2018
// таймаут: 140 мсек

Опрос данных: 2 
      99%       

CA E0 EB FE EC ED FB 20 

01 00 07 00 F7 E9 87   // передача: 7 байт; 11:39:30:763 10.03.2018
// приём по количеству байт: 39 из 39
// принято с порта: 39 байт

01 00 27 00 F7 CE EF F0 EE F1 20 E4 E0 ED ED FB F5 3A 20 33 20 20 20 20 20 20 20 32 35 25 00 20 20 20 20 20 20 A5 27   // прием: 39 байт; 11:39:31:013 10.03.2018
// таймаут: 250 мсек

Опрос данных: 3 
      25%       

CA E0 EB FE EC ED FB 20 

01 00 07 00 F7 E9 87   // передача: 7 байт; 11:39:31:523 10.03.2018
// приём по количеству байт: 39 из 39
// принято с порта: 39 байт

01 00 27 00 F7 CA E0 ED E0 EB 3A 20 31 20 00 20 20 20 20 20 20 20 20 20 20 20 20 20 20 20 20 20 20 20 20 20 20 0D EE   // прием: 39 байт; 11:39:31:833 10.03.2018
// таймаут: 310 мсек

Канал: 1        
                

CA E0 EB FE EC ED FB 20 

01 00 07 00 F7 E9 87   // передача: 7 байт; 11:39:32:333 10.03.2018
// приём по количеству байт: 39 из 39
// принято с порта: 39 байт

01 00 27 00 F7 CA E0 ED E0 EB 3A 20 31 20 00 20 20 20 20 20 20 20 EF EE E2 F2 EE F0 20 31 00 2E 2E 2E 20 20 20 37 C9   // прием: 39 байт; 11:39:32:673 10.03.2018
// таймаут: 340 мсек

Канал: 1        
 повтор 1 ...   

CA E0 EB FE EC ED FB 20 

01 00 07 00 F7 E9 87   // передача: 7 байт; 11:39:33:173 10.03.2018
// приём по таймауту: 1000 мс
// принято с порта: 0 байт
повтор: 1

CA E0 EB FE EC ED FB 20 

01 00 07 00 F7 E9 87   // передача: 7 байт; 11:39:34:193 10.03.2018
// приём по количеству байт: 39 из 39
// принято с порта: 39 байт

01 00 27 00 F7 CA E0 ED E0 EB 3A 20 31 20 00 20 20 20 20 20 20 20 EA EE F0 F0 E5 EA F6 E8 FF 3A 20 E5 F1 F2 FC 1B E3   // прием: 39 байт; 11:39:34:633 10.03.2018
// таймаут: 440 мсек

Канал: 1        
 коррекция: есть

CA E0 EB FE EC ED FB 20 

01 00 07 00 F7 E9 87   // передача: 7 байт; 11:39:35:143 10.03.2018
// приём по количеству байт: 39 из 39
// принято с порта: 39 байт

01 00 27 00 F7 CA E0 ED E0 EB 3A 20 31 20 00 20 20 20 20 20 20 20 EA EE F0 F0 E5 EA F6 E8 FF 3A 20 E5 F1 F2 FC 1B E3   // прием: 39 байт; 11:39:35:263 10.03.2018
// таймаут: 120 мсек

Канал: 1        
 коррекция: есть

CA E0 EB FE EC ED FB 20 

01 00 07 00 F7 E9 87   // передача: 7 байт; 11:39:35:763 10.03.2018
// приём по количеству байт: 39 из 39
// принято с порта: 39 байт

01 00 27 00 F7 CA E0 ED E0 EB 3A 20 31 20 00 20 20 20 20 20 20 20 EA EE F0 F0 E5 EA F6 E8 FF 3A 20 E5 F1 F2 FC 1B E3   // прием: 39 байт; 11:39:35:823 10.03.2018
// таймаут: 60 мсек

Канал: 1        
 коррекция: есть

CA E0 EB FE EC ED FB 20 

01 00 07 00 F7 E9 87   // передача: 7 байт; 11:39:36:313 10.03.2018
// приём по количеству байт: 39 из 39
// принято с порта: 39 байт

01 00 27 00 F7 CA E0 ED E0 EB 3A 20 31 20 00 20 20 20 20 20 20 20 EA EE F0 F0 E5 EA F6 E8 FF 3A 20 E5 F1 F2 FC 1B E3   // прием: 39 байт; 11:39:36:373 10.03.2018
// таймаут: 60 мсек

Канал: 1        
 коррекция: есть

CA E0 EB FE EC ED FB 20 

01 00 07 00 F7 E9 87   // передача: 7 байт; 11:39:36:893 10.03.2018
// приём по количеству байт: 39 из 39
// принято с порта: 39 байт

01 00 27 00 F7 CA E0 ED E0 EB 3A 20 31 20 00 20 20 20 20 20 20 20 EA EE F0 F0 E5 EA F6 E8 FF 3A 20 E5 F1 F2 FC 1B E3   // прием: 39 байт; 11:39:36:953 10.03.2018
// таймаут: 60 мсек

Канал: 1        
 коррекция: есть

CA E0 EB FE EC ED FB 20 

01 00 07 00 F7 E9 87   // передача: 7 байт; 11:39:37:463 10.03.2018
// приём по количеству байт: 39 из 39
// принято с порта: 39 байт

01 00 27 00 F7 CA E0 ED E0 EB 3A 20 31 20 00 20 20 20 20 20 20 20 EA EE F0 F0 E5 EA F6 E8 FF 3A 20 E5 F1 F2 FC 1B E3   // прием: 39 байт; 11:39:37:523 10.03.2018
// таймаут: 60 мсек

Канал: 1        
 коррекция: есть

CA E0 EB FE EC ED FB 20 

01 00 07 00 F7 E9 87   // передача: 7 байт; 11:39:38:033 10.03.2018
// приём по количеству байт: 39 из 39
// принято с порта: 39 байт

01 00 27 00 F7 CA E0 ED E0 EB 3A 20 31 20 00 20 20 20 20 20 20 20 EF EE E2 F2 EE F0 20 32 00 2E 2E 2E 20 20 20 77 DC   // прием: 39 байт; 11:39:38:523 10.03.2018
// таймаут: 490 мсек

Канал: 1        
 повтор 2 ...   

CA E0 EB FE EC ED FB 20 

01 00 07 00 F7 E9 87   // передача: 7 байт; 11:39:39:023 10.03.2018
// приём по количеству байт: 39 из 39
// принято с порта: 39 байт

01 00 27 00 F7 CA E0 ED E0 EB 3A 20 31 20 00 20 20 20 20 20 20 20 E1 E5 E7 20 EA EE F0 F0 E5 EA F6 E8 E8 20 20 98 5C   // прием: 39 байт; 11:39:39:863 10.03.2018
// таймаут: 840 мсек

Канал: 1        
 без коррекции  

CA E0 EB FE EC ED FB 20 

01 00 07 00 F7 E9 87   // передача: 7 байт; 11:39:40:373 10.03.2018
// приём по количеству байт: 39 из 39
// принято с порта: 39 байт

01 00 27 00 F7 CA E0 ED E0 EB 3A 20 31 20 00 20 20 20 20 20 20 20 E2 E5 F0 F1 E8 FF 20 32 2E 33 2E 31 00 20 20 68 ED   // прием: 39 байт; 11:39:40:603 10.03.2018
// таймаут: 230 мсек

Канал: 1        
 версия 2.3.1   

CA E0 EB FE EC ED FB 20 

01 00 07 00 F7 E9 87   // передача: 7 байт; 11:39:41:123 10.03.2018
// приём по количеству байт: 39 из 39
// принято с порта: 39 байт

01 00 27 00 F7 CA E0 ED E0 EB 3A 20 31 20 00 20 20 20 31 30 25 20 31 30 3A 33 30 00 31 30 2E 30 33 2E 31 38 00 65 A8   // прием: 39 байт; 11:39:41:183 10.03.2018
// таймаут: 60 мсек

Канал: 1     10%
 10:30 10.03.18 

CA E0 EB FE EC ED FB 20 

01 00 07 00 F7 E9 87   // передача: 7 байт; 11:39:41:693 10.03.2018
// приём по количеству байт: 39 из 39
// принято с порта: 39 байт

01 00 27 00 F7 CA E0 ED E0 EB 3A 20 31 20 00 20 20 20 32 35 25 20 20 20 20 20 20 20 20 20 20 20 20 20 20 20 20 B7 CC   // прием: 39 байт; 11:39:41:753 10.03.2018
// таймаут: 60 мсек

Канал: 1     25%
                

CA E0 EB FE EC ED FB 20 

01 00 07 00 F7 E9 87   // передача: 7 байт; 11:39:42:273 10.03.2018
// приём по количеству байт: 39 из 39
// принято с порта: 39 байт

01 00 27 00 F7 CA E0 ED E0 EB 3A 20 31 20 00 20 20 20 33 30 25 20 31 35 20 3F 20 20 32 30 2E 30 39 2E 31 37 00 F3 34   // прием: 39 байт; 11:39:42:333 10.03.2018
// таймаут: 60 мсек

Канал: 1     30%
 15 ?  20.09.17 

CA E0 EB FE EC ED FB 20 

01 00 07 00 F7 E9 87   // передача: 7 байт; 11:39:42:853 10.03.2018
// приём по количеству байт: 39 из 39
// принято с порта: 39 байт

01 00 27 00 F7 CA E0 ED E0 EB 3A 20 31 20 00 20 20 20 33 30 25 20 31 33 20 3F 20 20 32 30 2E 30 39 2E 31 37 00 F5 32   // прием: 39 байт; 11:39:42:913 10.03.2018
// таймаут: 60 мсек

Канал: 1     30%
 13 ?  20.09.17 

CA E0 EB FE EC ED FB 20 

01 00 07 00 F7 E9 87   // передача: 7 байт; 11:39:43:413 10.03.2018
// приём по количеству байт: 39 из 39
// принято с порта: 39 байт

01 00 27 00 F7 CA E0 ED E0 EB 3A 20 31 20 00 20 20 20 33 30 25 20 31 32 20 3F 20 20 32 30 2E 30 39 2E 31 37 00 F5 F3   // прием: 39 байт; 11:39:43:473 10.03.2018
// таймаут: 60 мсек

Канал: 1     30%
 12 ?  20.09.17 

CA E0 EB FE EC ED FB 20 

01 00 07 00 F7 E9 87   // передача: 7 байт; 11:39:43:993 10.03.2018
// приём по количеству байт: 39 из 39
// принято с порта: 39 байт

01 00 27 00 F7 CA E0 ED E0 EB 3A 20 31 20 00 20 20 20 33 30 25 20 30 31 20 3F 20 20 32 37 2E 30 36 2E 31 37 00 22 17   // прием: 39 байт; 11:39:44:053 10.03.2018
// таймаут: 60 мсек

Канал: 1     30%
 01 ?  27.06.17 

CA E0 EB FE EC ED FB 20 

01 00 07 00 F7 E9 87   // передача: 7 байт; 11:39:44:563 10.03.2018
// приём по количеству байт: 39 из 39
// принято с порта: 39 байт

01 00 27 00 F7 CA E0 ED E0 EB 3A 20 31 20 00 20 20 20 33 30 25 20 30 30 20 3F 20 20 32 37 2E 30 36 2E 31 37 00 22 D6   // прием: 39 байт; 11:39:44:623 10.03.2018
// таймаут: 60 мсек

Канал: 1     30%
 00 ?  27.06.17 

CA E0 EB FE EC ED FB 20 

01 00 07 00 F7 E9 87   // передача: 7 байт; 11:39:45:123 10.03.2018
// приём по количеству байт: 39 из 39
// принято с порта: 39 байт

01 00 27 00 F7 CA E0 ED E0 EB 3A 20 31 20 00 20 20 31 30 30 25 20 20 20 20 20 20 20 20 20 20 20 20 20 20 20 20 21 FB   // прием: 39 байт; 11:39:45:203 10.03.2018
// таймаут: 80 мсек

Канал: 1    100%
                

CA E0 EB FE EC ED FB 20 

01 00 07 00 F7 E9 87   // передача: 7 байт; 11:39:45:723 10.03.2018
// приём по таймауту: 1000 мс
// принято с порта: 0 байт
повтор: 1

CA E0 EB FE EC ED FB 20 

01 00 07 00 F7 E9 87   // передача: 7 байт; 11:39:46:733 10.03.2018
// приём по таймауту: 1000 мс
// принято с порта: 0 байт
повтор: 2

CA E0 EB FE EC ED FB 20 

01 00 07 00 F7 E9 87   // передача: 7 байт; 11:39:47:753 10.03.2018
// приём по таймауту: 1000 мс
// принято с порта: 0 байт
повтор: 3

CA E0 EB FE EC ED FB 20 

01 00 07 00 F7 E9 87   // передача: 7 байт; 11:39:48:763 10.03.2018
// приём по таймауту: 1000 мс
// принято с порта: 0 байт
повтор: 4

CA E0 EB FE EC ED FB 20 

01 00 07 00 F7 E9 87   // передача: 7 байт; 11:39:49:773 10.03.2018

CA E0 EB FE EC ED FB 20 

01 00 07 00 F7 E9 87   // передача: 7 байт; 11:39:50:613 10.03.2018
// приём по количеству байт: 39 из 39
// принято с порта: 39 байт

01 00 27 00 F7 D0 E0 E1 EE F2 E0 20 20 20 20 20 20 20 20 20 20 20 20 20 20 20 20 20 CE CA 20 20 20 20 20 20 20 DE 07   // прием: 39 байт; 11:39:50:683 10.03.2018
// таймаут: 70 мсек

Работа          
       ОК       

CA E0 EB FE EC ED FB 20 

01 00 07 00 F7 E9 87   // передача: 7 байт; 11:39:51:193 10.03.2018
// приём по количеству байт: 39 из 39
// принято с порта: 39 байт

01 00 27 00 F7 D0 E0 E1 EE F2 E0 20 20 20 20 20 20 20 20 20 20 20 20 20 20 20 20 20 CE CA 20 20 20 20 20 20 20 DE 07   // прием: 39 байт; 11:39:51:253 10.03.2018
// таймаут: 60 мсек

Работа          
       ОК       

CA E0 EB FE EC ED FB 20 

01 00 07 00 F7 E9 87   // передача: 7 байт; 11:39:51:753 10.03.2018
// приём по количеству байт: 39 из 39
// принято с порта: 39 байт

01 00 27 00 F7 D0 E0 E1 EE F2 E0 20 20 20 20 20 20 20 20 20 20 20 20 20 20 20 20 20 CE CA 20 20 20 20 20 20 20 DE 07   // прием: 39 байт; 11:39:51:813 10.03.2018
// таймаут: 60 мсек

Работа          
       ОК       

// О программе
