
CA E0 EB FE EC ED FB 20 

01 00 08 00 F6 0C 44 0F   // передача: 8 байт; 12:44:53:750 10.03.2018
// приём по таймауту: 1000 мс
// принято с порта: 0 байт
повтор: 1

CA E0 EB FE EC ED FB 20 

01 00 08 00 F6 0C 44 0F   // передача: 8 байт; 12:44:54:760 10.03.2018
// приём по таймауту: 1000 мс
// принято с порта: 0 байт
повтор: 2

CA E0 EB FE EC ED FB 20 

01 00 08 00 F6 0C 44 0F   // передача: 8 байт; 12:44:55:780 10.03.2018
// приём по таймауту: 1000 мс
// принято с порта: 0 байт
повтор: 3

CA E0 EB FE EC ED FB 20 

01 00 08 00 F6 0C 44 0F   // передача: 8 байт; 12:44:56:790 10.03.2018
// приём по таймауту: 1000 мс
// принято с порта: 0 байт
повтор: 4

CA E0 EB FE EC ED FB 20 

01 00 08 00 F6 0C 44 0F   // передача: 8 байт; 12:44:57:800 10.03.2018
// приём по таймауту: 1000 мс
// принято с порта: 0 байт
повтор: 5

CA E0 EB FE EC ED FB 20 

01 00 08 00 F6 0C 44 0F   // передача: 8 байт; 12:44:58:820 10.03.2018
// приём по таймауту: 1000 мс
// принято с порта: 0 байт

// О программе
