
CA E0 EB FE EC ED FB 20 

00 00 08 00 FF 15 82 44   // передача: 8 байт; 16:36:06:443 21.12.2019
// приём по количеству байт: 55 из 55
// принято с порта: 55 байт

01 00 37 00 FF 00 00 00 00 00 00 00 00 00 00 00 00 00 00 00 00 00 00 00 00 00 00 00 00 00 00 02 02 02 02 02 02 02 02 02 02 02 02 02 00 00 00 00 00 00 00 00 00 3C D6   // прием: 55 байт; 16:36:06:521 21.12.2019
// таймаут: 78 мсек


CA E0 EB FE EC ED FB 20 

00 00 38 00 FF 5C 00 00 00 00 00 00 00 00 00 00 00 00 00 00 00 00 00 00 00 00 00 00 00 00 00 00 02 02 02 02 02 02 02 02 02 02 02 02 02 00 00 00 00 00 00 00 00 00 D6 4C   // передача: 56 байт; 16:36:08:322 21.12.2019
// приём по количеству байт: 8 из 8
// принято с порта: 8 байт

01 00 08 00 FF 00 42 5A   // прием: 8 байт; 16:36:08:400 21.12.2019
// таймаут: 78 мсек


CA E0 EB FE EC ED FB 20 

00 00 08 00 FF 15 82 44   // передача: 8 байт; 16:36:10:328 21.12.2019
// приём по количеству байт: 55 из 55
// принято с порта: 55 байт

01 00 37 00 FF 00 00 00 00 00 00 00 00 00 00 00 00 00 00 00 00 00 00 00 00 00 00 00 00 00 00 02 02 02 02 02 02 02 02 02 02 02 02 02 00 00 00 00 00 00 00 00 00 3C D6   // прием: 55 байт; 16:36:10:406 21.12.2019
// таймаут: 78 мсек


CA E0 EB FE EC ED FB 20 

00 00 08 00 FF 15 82 44   // передача: 8 байт; 16:36:43:232 21.12.2019
// приём по количеству байт: 55 из 55
// принято с порта: 55 байт

01 00 37 00 FF 00 00 00 00 00 00 00 00 00 00 00 00 00 00 00 00 00 00 00 00 00 00 00 00 00 00 02 02 02 02 02 02 02 02 02 02 02 02 02 00 00 00 00 00 00 00 00 00 3C D6   // прием: 55 байт; 16:36:43:313 21.12.2019
// таймаут: 81 мсек


// О программе
