
CA E0 EB FE EC ED FB 20 

00 00 08 00 FF 15 82 44   // передача: 8 байт; 16:15:04:843 21.12.2019
// приём по количеству байт: 55 из 55
// принято с порта: 55 байт

01 00 37 00 FF 00 00 00 00 00 00 00 00 00 00 00 00 00 00 00 00 00 00 00 00 00 00 00 00 00 00 02 02 02 02 02 02 02 02 02 02 02 02 02 00 00 00 00 00 00 00 00 00 3C D6   // прием: 55 байт; 16:15:04:921 21.12.2019
// таймаут: 78 мсек




1A   // передача: 1 байт; 16:15:07:430 21.12.2019



1B 41   // передача: 2 байт; 16:15:08:491 21.12.2019



1B 41   // передача: 2 байт; 16:15:09:396 21.12.2019



1B 41   // передача: 2 байт; 16:15:09:926 21.12.2019
// приём по таймауту: 1000 мс
// принято с порта: 0 байт



1B 41   // передача: 2 байт; 16:15:20:612 21.12.2019



1B 41   // передача: 2 байт; 16:15:21:205 21.12.2019



1B 41   // передача: 2 байт; 16:15:21:735 21.12.2019



1B 41   // передача: 2 байт; 16:15:22:094 21.12.2019



1B 41   // передача: 2 байт; 16:15:22:328 21.12.2019



1B 41   // передача: 2 байт; 16:15:22:531 21.12.2019



1B 41   // передача: 2 байт; 16:15:22:718 21.12.2019



1B 41   // передача: 2 байт; 16:15:23:124 21.12.2019



1B 41   // передача: 2 байт; 16:15:23:311 21.12.2019



1B 41   // передача: 2 байт; 16:15:23:498 21.12.2019



1B 41   // передача: 2 байт; 16:15:23:685 21.12.2019



1B 41   // передача: 2 байт; 16:15:23:935 21.12.2019
// приём по таймауту: 1000 мс
// принято с порта: 0 байт



1B 41   // передача: 2 байт; 16:15:40:647 21.12.2019



1B 41   // передача: 2 байт; 16:15:41:099 21.12.2019



1B 41   // передача: 2 байт; 16:15:41:396 21.12.2019



1B 41   // передача: 2 байт; 16:15:41:599 21.12.2019



1B 41   // передача: 2 байт; 16:15:41:801 21.12.2019



1B 41   // передача: 2 байт; 16:15:42:004 21.12.2019



1B 41   // передача: 2 байт; 16:15:42:238 21.12.2019



1B 41   // передача: 2 байт; 16:15:42:472 21.12.2019



1B 41   // передача: 2 байт; 16:15:42:659 21.12.2019



1B 41   // передача: 2 байт; 16:15:42:878 21.12.2019



1B 41   // передача: 2 байт; 16:15:43:081 21.12.2019



1B 41   // передача: 2 байт; 16:15:43:252 21.12.2019



1B 41   // передача: 2 байт; 16:15:43:424 21.12.2019
// приём по таймауту: 1000 мс
// принято с порта: 0 байт



1B 41   // передача: 2 байт; 16:15:47:979 21.12.2019



1B 41   // передача: 2 байт; 16:15:48:166 21.12.2019



1B 41   // передача: 2 байт; 16:15:48:353 21.12.2019



1B 41   // передача: 2 байт; 16:15:48:525 21.12.2019



1B 41   // передача: 2 байт; 16:15:48:728 21.12.2019



1B 41   // передача: 2 байт; 16:15:48:915 21.12.2019



1B 41   // передача: 2 байт; 16:15:49:149 21.12.2019



1B 41   // передача: 2 байт; 16:15:49:352 21.12.2019



1B 41   // передача: 2 байт; 16:15:49:539 21.12.2019



1B 41   // передача: 2 байт; 16:15:49:804 21.12.2019



1B 41   // передача: 2 байт; 16:15:50:288 21.12.2019



1B 41   // передача: 2 байт; 16:15:50:459 21.12.2019



1B 41   // передача: 2 байт; 16:15:50:662 21.12.2019



1B 41   // передача: 2 байт; 16:15:50:849 21.12.2019



1B 41   // передача: 2 байт; 16:15:51:224 21.12.2019



1B 41   // передача: 2 байт; 16:15:51:505 21.12.2019



1B 41   // передача: 2 байт; 16:15:51:707 21.12.2019



1B 41   // передача: 2 байт; 16:15:51:910 21.12.2019



1B 41   // передача: 2 байт; 16:15:52:082 21.12.2019



1B 41   // передача: 2 байт; 16:15:52:269 21.12.2019



1B 41   // передача: 2 байт; 16:15:52:503 21.12.2019
// приём по таймауту: 1000 мс
// принято с порта: 0 байт



1B 41   // передача: 2 байт; 16:16:06:184 21.12.2019



1B 41   // передача: 2 байт; 16:16:06:356 21.12.2019



1B 41   // передача: 2 байт; 16:16:06:543 21.12.2019



1B 41   // передача: 2 байт; 16:16:06:777 21.12.2019



1B 41   // передача: 2 байт; 16:16:06:949 21.12.2019



1B 41   // передача: 2 байт; 16:16:07:151 21.12.2019



1B 41   // передача: 2 байт; 16:16:07:354 21.12.2019



1B 41   // передача: 2 байт; 16:16:07:541 21.12.2019



1B 41   // передача: 2 байт; 16:16:07:729 21.12.2019



1B 41   // передача: 2 байт; 16:16:07:900 21.12.2019



1B 41   // передача: 2 байт; 16:16:08:134 21.12.2019



1B 41   // передача: 2 байт; 16:16:08:353 21.12.2019



1B 41   // передача: 2 байт; 16:16:08:571 21.12.2019



1B 41   // передача: 2 байт; 16:16:09:257 21.12.2019



1B 41   // передача: 2 байт; 16:16:09:585 21.12.2019



1B 41   // передача: 2 байт; 16:16:09:803 21.12.2019



1B 41   // передача: 2 байт; 16:16:10:100 21.12.2019



1B 41   // передача: 2 байт; 16:16:10:303 21.12.2019



1B 41   // передача: 2 байт; 16:16:10:490 21.12.2019



1B 41   // передача: 2 байт; 16:16:10:724 21.12.2019
// приём по таймауту: 1000 мс
// принято с порта: 0 байт



1B 41   // передача: 2 байт; 16:17:14:506 21.12.2019



1B 41   // передача: 2 байт; 16:17:14:834 21.12.2019



1B 41   // передача: 2 байт; 16:17:15:037 21.12.2019



1B 41   // передача: 2 байт; 16:17:15:302 21.12.2019



1B 41   // передача: 2 байт; 16:17:15:505 21.12.2019



1B 41   // передача: 2 байт; 16:17:15:723 21.12.2019



1B 41   // передача: 2 байт; 16:17:15:910 21.12.2019



1B 41   // передача: 2 байт; 16:17:16:113 21.12.2019



1B 41   // передача: 2 байт; 16:17:16:332 21.12.2019



1B 41   // передача: 2 байт; 16:17:16:550 21.12.2019



1B 41   // передача: 2 байт; 16:17:16:784 21.12.2019
// приём по таймауту: 1000 мс
// принято с порта: 0 байт

CA E0 EB FE EC ED FB 20 

00 00 08 00 FF 15 82 44   // передача: 8 байт; 16:20:18:532 21.12.2019
// приём по количеству байт: 55 из 55
// принято с порта: 55 байт

01 00 37 00 FF 00 00 00 00 00 00 00 00 00 00 00 00 00 00 00 00 00 00 00 00 00 00 00 00 00 00 02 02 02 02 02 02 02 02 02 02 02 02 02 00 00 00 00 00 00 00 00 00 3C D6   // прием: 55 байт; 16:20:18:610 21.12.2019
// таймаут: 78 мсек




1B 41   // передача: 2 байт; 16:24:40:780 21.12.2019



1B 41   // передача: 2 байт; 16:24:41:076 21.12.2019



1B 41   // передача: 2 байт; 16:24:41:279 21.12.2019



1B 41   // передача: 2 байт; 16:24:41:482 21.12.2019



1B 41   // передача: 2 байт; 16:24:41:669 21.12.2019



1A   // передача: 1 байт; 16:24:42:230 21.12.2019



1A   // передача: 1 байт; 16:24:42:418 21.12.2019



1A   // передача: 1 байт; 16:24:42:589 21.12.2019



1A   // передача: 1 байт; 16:24:42:808 21.12.2019

// О программе
