


1B 41   // передача: 2 байт; 13:32:30:623 21.12.2019



1B 41   // передача: 2 байт; 13:32:31:439 21.12.2019



1B 41   // передача: 2 байт; 13:32:32:143 21.12.2019



1B 41   // передача: 2 байт; 13:32:32:919 21.12.2019
// приём по таймауту: 1000 мс
// принято с порта: 0 байт



1B 41   // передача: 2 байт; 13:32:34:598 21.12.2019



1B 41   // передача: 2 байт; 13:32:35:406 21.12.2019



1B 41   // передача: 2 байт; 13:32:36:070 21.12.2019



1B 41   // передача: 2 байт; 13:32:36:814 21.12.2019



1B 41   // передача: 2 байт; 13:32:37:694 21.12.2019
// приём по таймауту: 1000 мс
// принято с порта: 0 байт



1B 41   // передача: 2 байт; 13:32:39:310 21.12.2019



1B 41   // передача: 2 байт; 13:32:39:982 21.12.2019



1B 41   // передача: 2 байт; 13:32:40:718 21.12.2019



1B 41   // передача: 2 байт; 13:32:41:550 21.12.2019



1B 41   // передача: 2 байт; 13:32:42:230 21.12.2019



1B 41   // передача: 2 байт; 13:32:42:878 21.12.2019



1B 41   // передача: 2 байт; 13:32:43:446 21.12.2019



1B 41   // передача: 2 байт; 13:32:43:758 21.12.2019



1B 41   // передача: 2 байт; 13:32:44:038 21.12.2019



1B 41   // передача: 2 байт; 13:32:44:262 21.12.2019



1B 41   // передача: 2 байт; 13:32:45:254 21.12.2019



1B 41   // передача: 2 байт; 13:32:45:823 21.12.2019



1B 41   // передача: 2 байт; 13:32:46:063 21.12.2019



1B 41   // передача: 2 байт; 13:32:46:271 21.12.2019



1B 41   // передача: 2 байт; 13:32:46:495 21.12.2019



1B 41   // передача: 2 байт; 13:32:46:735 21.12.2019



1B 41   // передача: 2 байт; 13:32:46:967 21.12.2019



1B 41   // передача: 2 байт; 13:32:47:191 21.12.2019



1B 41   // передача: 2 байт; 13:32:47:447 21.12.2019



1B 41   // передача: 2 байт; 13:32:47:711 21.12.2019
// приём по таймауту: 1000 мс
// принято с порта: 0 байт



1B 41   // передача: 2 байт; 13:32:51:591 21.12.2019



1B 41   // передача: 2 байт; 13:32:51:847 21.12.2019



1B 41   // передача: 2 байт; 13:32:52:078 21.12.2019



1B 41   // передача: 2 байт; 13:32:52:438 21.12.2019



1B 41   // передача: 2 байт; 13:32:52:679 21.12.2019



1B 41   // передача: 2 байт; 13:32:52:926 21.12.2019



1B 41   // передача: 2 байт; 13:32:53:142 21.12.2019



1B 41   // передача: 2 байт; 13:32:53:374 21.12.2019



1B 41   // передача: 2 байт; 13:32:53:622 21.12.2019



1B 41   // передача: 2 байт; 13:32:53:854 21.12.2019



1B 41   // передача: 2 байт; 13:32:54:054 21.12.2019
// приём по таймауту: 1000 мс
// принято с порта: 0 байт



1A   // передача: 1 байт; 13:36:16:098 21.12.2019



1B 41   // передача: 2 байт; 13:36:16:554 21.12.2019



1B 41   // передача: 2 байт; 13:36:17:322 21.12.2019



1B 41   // передача: 2 байт; 13:36:17:650 21.12.2019



1B 41   // передача: 2 байт; 13:36:17:882 21.12.2019



1B 41   // передача: 2 байт; 13:36:18:090 21.12.2019



1B 41   // передача: 2 байт; 13:36:18:306 21.12.2019



1B 41   // передача: 2 байт; 13:36:18:714 21.12.2019



1B 41   // передача: 2 байт; 13:36:18:954 21.12.2019
// приём по таймауту: 1000 мс
// принято с порта: 0 байт



1A   // передача: 1 байт; 13:36:20:346 21.12.2019



1A   // передача: 1 байт; 13:36:20:570 21.12.2019



1A   // передача: 1 байт; 13:36:20:770 21.12.2019



1B 41   // передача: 2 байт; 13:36:21:354 21.12.2019



1B 41   // передача: 2 байт; 13:36:21:570 21.12.2019



1B 41   // передача: 2 байт; 13:36:21:746 21.12.2019



1B 41   // передача: 2 байт; 13:36:21:937 21.12.2019
// приём по таймауту: 1000 мс
// принято с порта: 0 байт



1B 41   // передача: 2 байт; 13:36:27:601 21.12.2019



1B 41   // передача: 2 байт; 13:36:27:817 21.12.2019



1B 41   // передача: 2 байт; 13:36:28:033 21.12.2019



1B 41   // передача: 2 байт; 13:36:28:273 21.12.2019



1B 41   // передача: 2 байт; 13:36:28:473 21.12.2019



1B 41   // передача: 2 байт; 13:36:28:665 21.12.2019



1B 41   // передача: 2 байт; 13:36:28:857 21.12.2019



1B 41   // передача: 2 байт; 13:36:29:025 21.12.2019



1A   // передача: 1 байт; 13:36:29:729 21.12.2019



1A   // передача: 1 байт; 13:36:29:921 21.12.2019



1A   // передача: 1 байт; 13:36:30:137 21.12.2019



1B 41   // передача: 2 байт; 13:36:30:585 21.12.2019



1B 41   // передача: 2 байт; 13:36:30:785 21.12.2019



1B 41   // передача: 2 байт; 13:36:30:969 21.12.2019



1B 41   // передача: 2 байт; 13:36:31:153 21.12.2019
// приём по таймауту: 1000 мс
// принято с порта: 0 байт



1B 41   // передача: 2 байт; 13:38:36:522 21.12.2019



1B 41   // передача: 2 байт; 13:38:37:026 21.12.2019



1B 41   // передача: 2 байт; 13:38:37:258 21.12.2019



1B 41   // передача: 2 байт; 13:38:37:466 21.12.2019



1B 41   // передача: 2 байт; 13:38:37:682 21.12.2019



1B 41   // передача: 2 байт; 13:38:37:898 21.12.2019



1B 41   // передача: 2 байт; 13:38:38:106 21.12.2019



1B 41   // передача: 2 байт; 13:38:38:290 21.12.2019



1B 41   // передача: 2 байт; 13:38:38:506 21.12.2019



1B 41   // передача: 2 байт; 13:38:38:698 21.12.2019



1B 41   // передача: 2 байт; 13:38:38:890 21.12.2019



1B 41   // передача: 2 байт; 13:38:39:082 21.12.2019



1B 41   // передача: 2 байт; 13:38:39:338 21.12.2019



1B 41   // передача: 2 байт; 13:38:39:546 21.12.2019



1B 41   // передача: 2 байт; 13:38:39:730 21.12.2019



1B 41   // передача: 2 байт; 13:38:39:914 21.12.2019



1B 41   // передача: 2 байт; 13:38:40:130 21.12.2019



1B 41   // передача: 2 байт; 13:38:40:322 21.12.2019



1B 41   // передача: 2 байт; 13:38:40:522 21.12.2019
// приём по таймауту: 1000 мс
// принято с порта: 0 байт



1A   // передача: 1 байт; 13:40:17:864 21.12.2019



1B 41   // передача: 2 байт; 13:40:18:424 21.12.2019



1B 41   // передача: 2 байт; 13:40:18:920 21.12.2019



1B 41   // передача: 2 байт; 13:40:19:152 21.12.2019



1B 41   // передача: 2 байт; 13:40:19:456 21.12.2019



1B 41   // передача: 2 байт; 13:40:19:688 21.12.2019



1B 41   // передача: 2 байт; 13:40:19:920 21.12.2019



1B 41   // передача: 2 байт; 13:40:20:161 21.12.2019



1B 41   // передача: 2 байт; 13:40:20:385 21.12.2019



1B 41   // передача: 2 байт; 13:40:20:617 21.12.2019



1B 41   // передача: 2 байт; 13:40:20:849 21.12.2019



1B 41   // передача: 2 байт; 13:40:21:081 21.12.2019



1B 41   // передача: 2 байт; 13:40:21:281 21.12.2019



1B 41   // передача: 2 байт; 13:40:21:489 21.12.2019



1B 41   // передача: 2 байт; 13:40:21:689 21.12.2019



1B 41   // передача: 2 байт; 13:40:21:897 21.12.2019
// приём по таймауту: 1000 мс
// принято с порта: 0 байт



1B 41   // передача: 2 байт; 13:41:39:843 21.12.2019



1B 41   // передача: 2 байт; 13:41:40:251 21.12.2019



1B 41   // передача: 2 байт; 13:41:40:467 21.12.2019



1B 41   // передача: 2 байт; 13:41:40:667 21.12.2019



1B 41   // передача: 2 байт; 13:41:40:907 21.12.2019



1B 41   // передача: 2 байт; 13:41:41:123 21.12.2019



1B 41   // передача: 2 байт; 13:41:41:323 21.12.2019



1B 41   // передача: 2 байт; 13:41:41:539 21.12.2019



1B 41   // передача: 2 байт; 13:41:41:755 21.12.2019



1A   // передача: 1 байт; 13:41:42:339 21.12.2019



1A   // передача: 1 байт; 13:41:42:547 21.12.2019



1B 41   // передача: 2 байт; 13:41:43:011 21.12.2019



1B 41   // передача: 2 байт; 13:41:43:211 21.12.2019



1B 41   // передача: 2 байт; 13:41:43:427 21.12.2019



1B 41   // передача: 2 байт; 13:41:43:971 21.12.2019



1B 41   // передача: 2 байт; 13:41:44:187 21.12.2019



1B 41   // передача: 2 байт; 13:41:44:395 21.12.2019



1B 41   // передача: 2 байт; 13:41:44:627 21.12.2019



1B 41   // передача: 2 байт; 13:41:44:843 21.12.2019



1B 41   // передача: 2 байт; 13:41:45:051 21.12.2019



1B 41   // передача: 2 байт; 13:41:45:243 21.12.2019



1B 41   // передача: 2 байт; 13:41:45:451 21.12.2019



1B 41   // передача: 2 байт; 13:41:45:675 21.12.2019



1A   // передача: 1 байт; 13:41:46:227 21.12.2019



1A   // передача: 1 байт; 13:41:46:419 21.12.2019



1A   // передача: 1 байт; 13:41:46:627 21.12.2019



1A   // передача: 1 байт; 13:41:46:835 21.12.2019



1B 41   // передача: 2 байт; 13:42:10:324 21.12.2019



1B 41   // передача: 2 байт; 13:42:10:820 21.12.2019



1B 41   // передача: 2 байт; 13:42:11:068 21.12.2019
// приём по таймауту: 1000 мс
// принято с порта: 0 байт



1B 41   // передача: 2 байт; 13:42:12:100 21.12.2019
// приём по таймауту: 1000 мс
// принято с порта: 0 байт



1B 41   // передача: 2 байт; 13:42:23:596 21.12.2019



1B 41   // передача: 2 байт; 13:42:24:188 21.12.2019
// приём по таймауту: 1000 мс
// принято с порта: 0 байт



1B 41   // передача: 2 байт; 13:42:36:531 21.12.2019
// приём по таймауту: 1000 мс
// принято с порта: 0 байт



1A   // передача: 1 байт; 13:43:25:579 21.12.2019



1B 41   // передача: 2 байт; 13:43:26:371 21.12.2019
// приём по таймауту: 1000 мс
// принято с порта: 0 байт



1B 41   // передача: 2 байт; 13:43:38:428 21.12.2019
// приём по таймауту: 1000 мс
// принято с порта: 0 байт



1B 41   // передача: 2 байт; 13:43:40:251 21.12.2019
// приём по таймауту: 1000 мс
// принято с порта: 0 байт



1B 41   // передача: 2 байт; 13:43:41:747 21.12.2019
// приём по таймауту: 1000 мс
// принято с порта: 0 байт

// О программе
