
CA E0 EB FE EC ED FB 20 

00 00 08 00 FF 15 82 44   // передача: 8 байт; 21:05:17:386 12.12.2019
// приём по количеству байт: 55 из 55
// принято с порта: 55 байт

01 00 37 00 FF 00 00 00 00 00 00 00 00 00 00 00 00 00 00 00 00 00 00 00 00 00 00 00 00 00 00 00 00 00 00 00 00 00 00 00 00 00 00 02 02 02 02 00 00 00 00 00 00 F2 89   // прием: 55 байт; 21:05:17:771 12.12.2019
// таймаут: 385 мсек


CA E0 EB FE EC ED FB 20 

00 00 38 00 FF 5C 00 00 00 00 00 00 00 00 00 00 00 00 00 00 00 00 00 00 00 00 00 00 00 00 00 00 00 00 00 00 00 00 00 00 00 00 00 00 02 02 02 02 02 02 02 00 00 00 61 89   // передача: 56 байт; 21:05:26:944 12.12.2019
// приём по количеству байт: 8 из 8
// принято с порта: 8 байт

01 00 08 00 FF 00 42 5A   // прием: 8 байт; 21:05:27:023 12.12.2019
// таймаут: 79 мсек

Чтение коэффициентов

CA E0 EB FE EC ED FB 20 

00 00 07 00 1E 15 C9   // передача: 7 байт; 21:05:31:215 12.12.2019
// приём по таймауту: 1000 мс
// принято с порта: 0 байт
повтор: 1

CA E0 EB FE EC ED FB 20 

00 00 07 00 1E 15 C9   // передача: 7 байт; 21:05:32:240 12.12.2019
// приём по таймауту: 1000 мс
// принято с порта: 0 байт
повтор: 2

CA E0 EB FE EC ED FB 20 

00 00 07 00 1E 15 C9   // передача: 7 байт; 21:05:33:250 12.12.2019
// приём по таймауту: 1000 мс
// принято с порта: 0 байт
повтор: 3

CA E0 EB FE EC ED FB 20 

00 00 07 00 1E 15 C9   // передача: 7 байт; 21:05:34:265 12.12.2019
// приём по таймауту: 1000 мс
// принято с порта: 0 байт
повтор: 4

CA E0 EB FE EC ED FB 20 

00 00 07 00 1E 15 C9   // передача: 7 байт; 21:05:35:281 12.12.2019
// приём по таймауту: 1000 мс
// принято с порта: 0 байт
повтор: 5

CA E0 EB FE EC ED FB 20 

00 00 07 00 1E 15 C9   // передача: 7 байт; 21:05:36:298 12.12.2019
// приём по таймауту: 1000 мс
// принято с порта: 0 байт

CA E0 EB FE EC ED FB 20 

00 00 08 00 FF 15 82 44   // передача: 8 байт; 21:05:41:319 12.12.2019
// приём по таймауту: 1000 мс
// принято с порта: 0 байт

// О программе
