// приём по количеству байт: 1 из 0
// принято с порта: 1 байт

00   // прием: 1 байт; 13:06:25:007 08.12.2019
// таймаут: 25007 мсек

// приём по таймауту: 1000 мс
// принято с порта: 0 байт

CA E0 EB FE EC ED FB 20 

00 00 08 00 FF 15 82 44   // передача: 8 байт; 13:06:34:071 08.12.2019
// приём по количеству байт: 55 из 55
// принято с порта: 55 байт

01 00 37 00 FF 00 00 00 00 00 00 00 00 00 00 00 00 00 00 00 00 00 00 00 00 00 00 00 00 00 00 00 00 00 00 00 00 00 00 00 00 00 00 00 00 00 00 00 00 00 00 00 00 E8 3A   // прием: 55 байт; 13:06:34:165 08.12.2019
// таймаут: 94 мсек


CA E0 EB FE EC ED FB 20 

00 00 38 00 FF 5C 00 00 00 00 00 00 00 00 00 00 00 00 00 00 00 00 00 00 00 00 00 00 00 00 00 00 02 02 00 00 00 00 00 00 00 00 00 00 00 00 00 00 00 00 00 00 00 00 82 9B   // передача: 56 байт; 13:06:44:068 08.12.2019
// приём по количеству байт: 8 из 8
// принято с порта: 8 байт

01 00 08 00 FF 00 42 5A   // прием: 8 байт; 13:06:44:146 08.12.2019
// таймаут: 78 мсек


CA E0 EB FE EC ED FB 20 

00 00 08 00 FF 15 82 44   // передача: 8 байт; 13:06:47:540 08.12.2019
// приём по количеству байт: 55 из 55
// принято с порта: 55 байт

01 00 37 00 FF 00 00 00 00 00 00 00 00 00 00 00 00 00 00 00 00 00 00 00 00 00 00 00 00 00 00 02 02 00 00 00 00 00 00 00 00 00 00 00 00 00 00 00 00 00 00 00 00 68 01   // прием: 55 байт; 13:06:47:634 08.12.2019
// таймаут: 94 мсек


// О программе
