OnTapiFail event
ошибка: Resource unavailable
OnTapiStatus event
событие: Dialing... 029-190-59-08
OnTapiStatus event
событие: Proceeding... 029-190-59-08
OnTapiStatus event
Last event
OnTapiPortOpen event
OnTapiConnect event
установлено соединение на скорости 9600



1B EE   // передача: 2 байт; 08:01:20:599 22.05.2019
// приём по количеству байт: 39 из 39
// принято с порта: 39 байт

0D 0A CA E0 ED E0 EB 3A 20 31 20 00 20 20 20 20 20 20 0D 0A 20 20 ED E5 F2 20 F1 E2 FF E7 E8 20 21 20 20 32 0D 0A 8A   // прием: 39 байт; 08:01:22:081 22.05.2019
// таймаут: 1482 мсек

Канал: 1        
  нет связи !  2



1B EE   // передача: 2 байт; 08:01:23:345 22.05.2019
// приём по количеству байт: 39 из 39
// принято с порта: 39 байт

0D 0A CA E0 ED E0 EB 3A 20 31 20 00 20 20 20 38 30 25 0D 0A 20 30 36 20 20 20 20 32 32 2E 30 35 2E 31 39 00 0D 0A D4   // прием: 39 байт; 08:01:24:593 22.05.2019
// таймаут: 1248 мсек

Канал: 1     80%
 06    22.05.19 



1B EE   // передача: 2 байт; 08:01:26:418 22.05.2019



1B EE   // передача: 2 байт; 08:01:30:602 22.05.2019



1B EE   // передача: 2 байт; 08:01:35:049 22.05.2019
// приём по количеству байт: 39 из 39
// принято с порта: 39 байт

0D 0A CA E0 ED E0 EB 3A 20 35 20 00 20 20 20 20 20 20 0D 0A 20 20 20 20 20 20 20 20 20 20 20 20 20 20 20 20 0D 0A 16   // прием: 39 байт; 08:01:36:219 22.05.2019
// таймаут: 1170 мсек

Канал: 5        
                
// приём по количеству байт: 8 из 0
// принято с порта: 8 байт

0D 0A CA E0 ED E0 EB 3A   // прием: 8 байт; 08:01:36:266 22.05.2019
// таймаут: 1217 мсек

// приём по количеству байт: 8 из 0
// принято с порта: 8 байт

20 35 20 00 20 20 20 20   // прием: 8 байт; 08:01:36:266 22.05.2019
// таймаут: 1217 мсек

// приём по количеству байт: 7 из 0
// принято с порта: 7 байт

20 20 0D 0A 20 20 20   // прием: 7 байт; 08:01:36:266 22.05.2019
// таймаут: 1217 мсек

// приём по количеству байт: 4 из 0
// принято с порта: 4 байт

20 20 20 20   // прием: 4 байт; 08:01:36:281 22.05.2019
// таймаут: 1232 мсек

// приём по количеству байт: 8 из 0
// принято с порта: 8 байт

20 20 20 20 20 20 20 20   // прием: 8 байт; 08:01:36:328 22.05.2019
// таймаут: 1279 мсек

// приём по количеству байт: 4 из 0
// принято с порта: 4 байт

20 0D 0A 16   // прием: 4 байт; 08:01:36:328 22.05.2019
// таймаут: 1279 мсек




1B EE   // передача: 2 байт; 08:01:37:280 22.05.2019
// приём по количеству байт: 39 из 39
// принято с порта: 39 байт

0D 0A CA E0 ED E0 EB 3A 20 35 20 00 20 20 20 20 20 20 0D 0A 20 ED E0 F7 E0 EB EE 20 30 30 30 30 3A 30 31 20 0D 0A 4E   // прием: 39 байт; 08:01:38:575 22.05.2019
// таймаут: 1295 мсек

Канал: 5        
 начало 0000:01 



1B EE   // передача: 2 байт; 08:01:39:339 22.05.2019
// приём по количеству байт: 39 из 39
// принято с порта: 39 байт

0D 0A CA E0 ED E0 EB 3A 20 39 20 00 20 20 20 20 20 20 0D 0A 20 20 20 20 20 20 20 20 20 20 20 20 20 20 20 20 0D 0A 1A   // прием: 39 байт; 08:01:41:804 22.05.2019
// таймаут: 2465 мсек

Канал: 9        
                



1B EE   // передача: 2 байт; 08:01:42:397 22.05.2019



1B EE   // передача: 2 байт; 08:01:45:300 22.05.2019



1B EE   // передача: 2 байт; 08:01:48:342 22.05.2019
// приём по количеству байт: 39 из 39
// принято с порта: 39 байт

0D 0A CA E0 ED E0 EB 3A 20 39 20 00 20 20 20 20 20 20 0D 0A 20 20 20 20 20 20 20 20 20 20 20 20 20 20 20 20 0D 0A 1A   // прием: 39 байт; 08:01:50:869 22.05.2019
// таймаут: 2527 мсек

Канал: 9        
                



1B EE   // передача: 2 байт; 08:01:51:696 22.05.2019
// приём по количеству байт: 39 из 39
// принято с порта: 39 байт

0D 0A CA E0 ED E0 EB 3A 20 39 20 00 20 20 20 20 20 20 0D 0A 20 ED E0 F7 E0 EB EE 20 30 30 30 30 3A 30 31 20 0D 0A 52   // прием: 39 байт; 08:01:52:975 22.05.2019
// таймаут: 1279 мсек

Канал: 9        
 начало 0000:01 



1B EE   // передача: 2 байт; 08:01:54:021 22.05.2019
// приём по количеству байт: 39 из 39
// принято с порта: 39 байт

0D 0A CA E0 ED E0 EB 3A 20 31 33 00 20 20 20 20 20 20 0D 0A 20 20 20 20 20 20 20 20 20 20 20 20 20 20 20 20 0D 0A 25   // прием: 39 байт; 08:01:56:485 22.05.2019
// таймаут: 2464 мсек

Канал: 13       
                



1B EE   // передача: 2 байт; 08:01:56:860 22.05.2019



1B EE   // передача: 2 байт; 08:01:59:669 22.05.2019



1B EE   // передача: 2 байт; 08:02:03:538 22.05.2019
// приём по таймауту: 5000 мс
// принято с порта: 0 байт



1B EE   // передача: 2 байт; 08:02:10:907 22.05.2019
// приём по таймауту: 5000 мс
// принято с порта: 0 байт



1B EE   // передача: 2 байт; 08:02:17:741 22.05.2019
// приём по таймауту: 5000 мс
// принято с порта: 0 байт



1B EE   // передача: 2 байт; 08:02:24:611 22.05.2019
// приём по таймауту: 5000 мс
// принято с порта: 0 байт



1B EE   // передача: 2 байт; 08:02:31:481 22.05.2019
// приём по таймауту: 5000 мс
// принято с порта: 0 байт



1B EE   // передача: 2 байт; 08:02:41:931 22.05.2019
// приём по таймауту: 5000 мс
// принято с порта: 0 байт



1B EE   // передача: 2 байт; 08:02:54:053 22.05.2019
// приём по таймауту: 5000 мс
// принято с порта: 0 байт



1B EE   // передача: 2 байт; 08:03:01:038 22.05.2019
// приём по количеству байт: 39 из 39
// принято с порта: 39 байт

0D 0A CA E0 ED E0 EB 3A 20 31 33 00 20 20 20 20 20 20 0D 0A 20 20 20 20 20 20 20 20 20 20 20 20 20 20 20 20 0D 0A 25   // прием: 39 байт; 08:03:01:771 22.05.2019
// таймаут: 733 мсек

Канал: 13       
                
// приём по количеству байт: 8 из 0
// принято с порта: 8 байт

0D 0A CA E0 ED E0 EB 3A   // прием: 8 байт; 08:03:02:286 22.05.2019
// таймаут: 1248 мсек

// приём по количеству байт: 19 из 0
// принято с порта: 19 байт

20 31 33 00 20 20 20 20 20 20 0D 0A 20 20 20 20 20 20 20   // прием: 19 байт; 08:03:02:332 22.05.2019
// таймаут: 1294 мсек

// приём по количеству байт: 12 из 0
// принято с порта: 12 байт

20 20 20 20 20 20 20 20 20 0D 0A 25   // прием: 12 байт; 08:03:02:379 22.05.2019
// таймаут: 1341 мсек




1B EE   // передача: 2 байт; 08:03:02:426 22.05.2019
// приём по количеству байт: 39 из 39
// принято с порта: 39 байт

0D 0A CA E0 ED E0 EB 3A 20 31 33 00 20 20 20 20 20 20 0D 0A 20 20 20 20 20 20 20 20 20 20 20 20 20 20 20 20 0D 0A 25   // прием: 39 байт; 08:03:03:799 22.05.2019
// таймаут: 1373 мсек

Канал: 13       
                



1B EE   // передача: 2 байт; 08:03:04:376 22.05.2019
// приём по количеству байт: 39 из 39
// принято с порта: 39 байт

0D 0A CA E0 ED E0 EB 3A 20 31 33 00 20 20 20 20 20 20 0D 0A 20 20 20 20 20 20 20 20 20 20 20 20 20 20 20 20 0D 0A 25   // прием: 39 байт; 08:03:05:687 22.05.2019
// таймаут: 1311 мсек

Канал: 13       
                



1B EE   // передача: 2 байт; 08:03:06:264 22.05.2019
// приём по количеству байт: 39 из 39
// принято с порта: 39 байт

0D 0A CA E0 ED E0 EB 3A 20 31 33 00 20 20 20 20 20 20 0D 0A 20 20 20 20 20 20 20 20 20 20 20 20 20 20 20 20 0D 0A 25   // прием: 39 байт; 08:03:07:574 22.05.2019
// таймаут: 1310 мсек

Канал: 13       
                



1B EE   // передача: 2 байт; 08:03:08:151 22.05.2019



1B EE   // передача: 2 байт; 08:03:09:665 22.05.2019
// приём по количеству байт: 39 из 39
// принято с порта: 39 байт

0D 0A CA E0 ED E0 EB 3A 20 31 33 00 20 20 20 20 20 20 0D 0A 20 20 20 20 20 20 20 20 20 20 20 20 20 20 20 20 0D 0A 25   // прием: 39 байт; 08:03:10:757 22.05.2019
// таймаут: 1092 мсек

Канал: 13       
                
// приём по количеству байт: 8 из 0
// принято с порта: 8 байт

0D 0A CA E0 ED E0 EB 3A   // прием: 8 байт; 08:03:10:928 22.05.2019
// таймаут: 1263 мсек

// приём по количеству байт: 20 из 0
// принято с порта: 20 байт

20 31 33 00 20 20 20 20 20 20 0D 0A 20 20 20 20 20 20 20 20   // прием: 20 байт; 08:03:10:975 22.05.2019
// таймаут: 1310 мсек

// приём по количеству байт: 11 из 0
// принято с порта: 11 байт

20 20 20 20 20 20 20 20 0D 0A 25   // прием: 11 байт; 08:03:11:022 22.05.2019
// таймаут: 1357 мсек




1B EE   // передача: 2 байт; 08:03:11:334 22.05.2019
// приём по количеству байт: 39 из 39
// принято с порта: 39 байт

0D 0A CA E0 ED E0 EB 3A 20 31 33 00 20 20 20 20 20 20 0D 0A 20 20 ED E5 F2 20 F1 E2 FF E7 E8 20 21 20 20 32 0D 0A 9D   // прием: 39 байт; 08:03:12:644 22.05.2019
// таймаут: 1310 мсек

Канал: 13       
  нет связи !  2



1B EE   // передача: 2 байт; 08:03:13:221 22.05.2019
// приём по количеству байт: 39 из 39
// принято с порта: 39 байт

0D 0A CA E0 ED E0 EB 3A 20 31 33 00 20 20 20 20 20 20 0D 0A 20 20 ED E5 F2 20 F1 E2 FF E7 E8 20 21 20 20 32 0D 0A 9D   // прием: 39 байт; 08:03:14:547 22.05.2019
// таймаут: 1326 мсек

Канал: 13       
  нет связи !  2



1B EE   // передача: 2 байт; 08:03:15:109 22.05.2019
// приём по количеству байт: 39 из 39
// принято с порта: 39 байт

0D 0A CA E0 ED E0 EB 3A 20 31 33 00 20 20 20 20 20 20 0D 0A 20 20 ED E5 F2 20 F1 E2 FF E7 E8 20 21 20 20 32 0D 0A 9D   // прием: 39 байт; 08:03:16:439 22.05.2019
// таймаут: 1330 мсек

Канал: 13       
  нет связи !  2



1B EE   // передача: 2 байт; 08:03:17:016 22.05.2019
// приём по количеству байт: 39 из 39
// принято с порта: 39 байт

0D 0A CA E0 ED E0 EB 3A 20 31 33 00 20 20 20 20 20 20 0D 0A 20 20 ED E5 F2 20 F1 E2 FF E7 E8 20 21 20 20 32 0D 0A 9D   // прием: 39 байт; 08:03:18:327 22.05.2019
// таймаут: 1311 мсек

Канал: 13       
  нет связи !  2



1B EE   // передача: 2 байт; 08:03:18:888 22.05.2019
// приём по количеству байт: 39 из 39
// принято с порта: 39 байт

0D 0A CA E0 ED E0 EB 3A 20 31 33 00 20 20 20 20 20 20 0D 0A 20 20 ED E5 F2 20 F1 E2 FF E7 E8 20 21 20 20 32 0D 0A 9D   // прием: 39 байт; 08:03:20:230 22.05.2019
// таймаут: 1342 мсек

Канал: 13       
  нет связи !  2



1B EE   // передача: 2 байт; 08:03:20:791 22.05.2019
// приём по количеству байт: 39 из 39
// принято с порта: 39 байт

0D 0A CA E0 ED E0 EB 3A 20 31 33 00 20 20 20 20 20 20 0D 0A 20 20 ED E5 F2 20 F1 E2 FF E7 E8 20 21 20 20 32 0D 0A 9D   // прием: 39 байт; 08:03:22:102 22.05.2019
// таймаут: 1311 мсек

Канал: 13       
  нет связи !  2



1B EE   // передача: 2 байт; 08:03:22:663 22.05.2019
// приём по количеству байт: 39 из 39
// принято с порта: 39 байт

0D 0A CA E0 ED E0 EB 3A 20 31 33 00 20 20 20 20 20 20 0D 0A 20 20 ED E5 F2 20 F1 E2 FF E7 E8 20 21 20 20 31 0D 0A 9C   // прием: 39 байт; 08:03:23:959 22.05.2019
// таймаут: 1296 мсек

Канал: 13       
  нет связи !  1



1B EE   // передача: 2 байт; 08:03:24:501 22.05.2019
// приём по количеству байт: 39 из 39
// принято с порта: 39 байт

0D 0A CA E0 ED E0 EB 3A 20 31 33 00 20 20 20 20 20 20 0D 0A 20 20 ED E5 F2 20 F1 E2 FF E7 E8 20 21 20 20 31 0D 0A 9C   // прием: 39 байт; 08:03:25:779 22.05.2019
// таймаут: 1278 мсек

Канал: 13       
  нет связи !  1



1B EE   // передача: 2 байт; 08:03:26:356 22.05.2019
// приём по количеству байт: 39 из 39
// принято с порта: 39 байт

0D 0A CA E0 ED E0 EB 3A 20 31 33 00 20 20 20 20 20 20 0D 0A 20 20 ED E5 F2 20 F1 E2 FF E7 E8 20 21 20 20 31 0D 0A 9C   // прием: 39 байт; 08:03:27:651 22.05.2019
// таймаут: 1295 мсек

Канал: 13       
  нет связи !  1



1B EE   // передача: 2 байт; 08:03:28:213 22.05.2019
// приём по количеству байт: 39 из 39
// принято с порта: 39 байт

0D 0A CA E0 ED E0 EB 3A 20 31 33 00 20 20 20 20 20 20 0D 0A 20 20 ED E5 F2 20 F1 E2 FF E7 E8 20 21 20 20 31 0D 0A 9C   // прием: 39 байт; 08:03:29:523 22.05.2019
// таймаут: 1310 мсек

Канал: 13       
  нет связи !  1



1B EE   // передача: 2 байт; 08:03:30:085 22.05.2019
// приём по количеству байт: 39 из 39
// принято с порта: 39 байт

0D 0A CA E0 ED E0 EB 3A 20 31 33 00 20 20 20 20 20 20 0D 0A 20 20 ED E5 F2 20 F1 E2 FF E7 E8 20 21 20 20 31 0D 0A 9C   // прием: 39 байт; 08:03:31:395 22.05.2019
// таймаут: 1310 мсек

Канал: 13       
  нет связи !  1



1B EE   // передача: 2 байт; 08:03:31:972 22.05.2019
// приём по количеству байт: 39 из 39
// принято с порта: 39 байт

0D 0A CA E0 ED E0 EB 3A 20 31 33 00 20 20 20 20 20 20 0D 0A 20 20 ED E5 F2 20 F1 E2 FF E7 E8 20 21 20 20 31 0D 0A 9C   // прием: 39 байт; 08:03:33:267 22.05.2019
// таймаут: 1295 мсек

Канал: 13       
  нет связи !  1



1B EE   // передача: 2 байт; 08:03:33:829 22.05.2019



1B EE   // передача: 2 байт; 08:03:35:342 22.05.2019
// приём по количеству байт: 39 из 39
// принято с порта: 39 байт

0D 0A CA E0 ED E0 EB 3A 20 31 33 00 20 20 20 20 20 20 0D 0A 20 20 ED E5 F2 20 F1 E2 FF E7 E8 20 21 20 20 31 0D 0A 9C   // прием: 39 байт; 08:03:35:779 22.05.2019
// таймаут: 437 мсек

Канал: 13       
  нет связи !  1



1B EE   // передача: 2 байт; 08:03:36:356 22.05.2019



1B EE   // передача: 2 байт; 08:03:37:869 22.05.2019



1B EE   // передача: 2 байт; 08:03:39:382 22.05.2019
// приём по количеству байт: 39 из 39
// принято с порта: 39 байт

0D 0A CA E0 ED E0 EB 3A 20 31 37 00 20 20 20 20 20 20 0D 0A 20 20 20 20 20 20 20 20 20 20 20 20 20 20 20 20 0D 0A 29   // прием: 39 байт; 08:03:40:116 22.05.2019
// таймаут: 734 мсек

Канал: 17       
                



1B EE   // передача: 2 байт; 08:03:40:693 22.05.2019



1B EE   // передача: 2 байт; 08:03:42:206 22.05.2019



1B EE   // передача: 2 байт; 08:03:43:719 22.05.2019



1B EE   // передача: 2 байт; 08:03:45:232 22.05.2019



1B EE   // передача: 2 байт; 08:03:46:746 22.05.2019



1B EE   // передача: 2 байт; 08:03:48:259 22.05.2019



1B EE   // передача: 2 байт; 08:03:49:772 22.05.2019



1B EE   // передача: 2 байт; 08:03:51:285 22.05.2019



1B EE   // передача: 2 байт; 08:03:52:798 22.05.2019



1B EE   // передача: 2 байт; 08:03:54:312 22.05.2019



1B EE   // передача: 2 байт; 08:03:55:809 22.05.2019



1B EE   // передача: 2 байт; 08:03:57:322 22.05.2019



1B EE   // передача: 2 байт; 08:03:58:836 22.05.2019



1B EE   // передача: 2 байт; 08:04:00:349 22.05.2019



1B EE   // передача: 2 байт; 08:04:01:862 22.05.2019



1B EE   // передача: 2 байт; 08:04:03:375 22.05.2019



1B EE   // передача: 2 байт; 08:04:04:889 22.05.2019



1B EE   // передача: 2 байт; 08:04:06:403 22.05.2019



1B EE   // передача: 2 байт; 08:04:07:916 22.05.2019



1B EE   // передача: 2 байт; 08:04:09:429 22.05.2019



1B EE   // передача: 2 байт; 08:04:10:942 22.05.2019



1B EE   // передача: 2 байт; 08:04:12:455 22.05.2019



1B EE   // передача: 2 байт; 08:04:13:969 22.05.2019



1B EE   // передача: 2 байт; 08:04:15:482 22.05.2019



1B EE   // передача: 2 байт; 08:04:16:995 22.05.2019



1B EE   // передача: 2 байт; 08:04:18:508 22.05.2019



1B EE   // передача: 2 байт; 08:04:20:021 22.05.2019



1B EE   // передача: 2 байт; 08:04:21:527 22.05.2019



1B EE   // передача: 2 байт; 08:04:23:040 22.05.2019



1B EE   // передача: 2 байт; 08:04:24:557 22.05.2019



1B EE   // передача: 2 байт; 08:04:26:067 22.05.2019



1B EE   // передача: 2 байт; 08:04:27:591 22.05.2019



1B EE   // передача: 2 байт; 08:04:29:093 22.05.2019



1B EE   // передача: 2 байт; 08:04:30:607 22.05.2019



1B EE   // передача: 2 байт; 08:04:32:120 22.05.2019



1B EE   // передача: 2 байт; 08:04:32:349 22.05.2019



1B EE   // передача: 2 байт; 08:04:33:655 22.05.2019



1B EE   // передача: 2 байт; 08:04:35:164 22.05.2019



1B EE   // передача: 2 байт; 08:04:36:678 22.05.2019



1B EE   // передача: 2 байт; 08:04:38:197 22.05.2019



1B EE   // передача: 2 байт; 08:04:39:706 22.05.2019



1B EE   // передача: 2 байт; 08:04:41:200 22.05.2019



1B EE   // передача: 2 байт; 08:04:42:713 22.05.2019



1B EE   // передача: 2 байт; 08:04:44:224 22.05.2019
// приём по количеству байт: 39 из 39
// принято с порта: 39 байт

0D 0A CA E0 ED E0 EB 3A 20 31 37 00 20 20 20 20 20 20 0D 0A 20 20 20 20 20 20 20 20 20 20 20 20 20 20 20 20 0D 0A 29   // прием: 39 байт; 08:04:45:391 22.05.2019
// таймаут: 1167 мсек

Канал: 17       
                
// приём по количеству байт: 8 из 0
// принято с порта: 8 байт

0D 0A CA E0 ED E0 EB 3A   // прием: 8 байт; 08:04:45:487 22.05.2019
// таймаут: 1263 мсек

// приём по количеству байт: 15 из 0
// принято с порта: 15 байт

20 31 37 00 20 20 20 20 20 20 0D 0A 20 20 20   // прием: 15 байт; 08:04:45:491 22.05.2019
// таймаут: 1267 мсек

// приём по количеству байт: 8 из 0
// принято с порта: 8 байт

20 20 20 20 20 20 20 20   // прием: 8 байт; 08:04:45:510 22.05.2019
// таймаут: 1286 мсек

// приём по количеству байт: 8 из 0
// принято с порта: 8 байт

20 20 20 20 20 0D 0A 29   // прием: 8 байт; 08:04:45:514 22.05.2019
// таймаут: 1290 мсек




1B EE   // передача: 2 байт; 08:04:45:909 22.05.2019
// приём по количеству байт: 39 из 39
// принято с порта: 39 байт

0D 0A CA E0 ED E0 EB 3A 20 31 37 00 20 20 20 20 20 20 0D 0A 20 20 20 20 20 20 20 20 20 20 20 20 20 20 20 20 0D 0A 29   // прием: 39 байт; 08:04:47:228 22.05.2019
// таймаут: 1319 мсек

Канал: 17       
                



1B EE   // передача: 2 байт; 08:04:47:723 22.05.2019
// приём по количеству байт: 39 из 39
// принято с порта: 39 байт

0D 0A CA E0 ED E0 EB 3A 20 31 37 00 20 20 20 20 20 20 0D 0A 20 20 20 20 20 20 20 20 20 20 20 20 20 20 20 20 0D 0A 29   // прием: 39 байт; 08:04:49:051 22.05.2019
// таймаут: 1328 мсек

Канал: 17       
                



1B EE   // передача: 2 байт; 08:04:49:559 22.05.2019
// приём по количеству байт: 39 из 39
// принято с порта: 39 байт

0D 0A CA E0 ED E0 EB 3A 20 31 37 00 20 20 20 20 20 20 0D 0A 20 20 20 20 20 20 20 20 20 20 20 20 20 20 20 20 0D 0A 29   // прием: 39 байт; 08:04:50:888 22.05.2019
// таймаут: 1329 мсек

Канал: 17       
                



1B EE   // передача: 2 байт; 08:04:51:400 22.05.2019
// приём по количеству байт: 39 из 39
// принято с порта: 39 байт

0D 0A CA E0 ED E0 EB 3A 20 31 37 00 20 20 20 20 20 20 0D 0A 20 20 20 20 20 20 20 20 20 20 20 20 20 20 20 20 0D 0A 29   // прием: 39 байт; 08:04:52:729 22.05.2019
// таймаут: 1329 мсек

Канал: 17       
                



1B EE   // передача: 2 байт; 08:04:53:232 22.05.2019
// приём по количеству байт: 39 из 39
// принято с порта: 39 байт

0D 0A CA E0 ED E0 EB 3A 20 31 37 00 20 20 20 20 20 20 0D 0A 20 20 20 20 20 20 20 20 20 20 20 20 20 20 20 20 0D 0A 29   // прием: 39 байт; 08:04:54:548 22.05.2019
// таймаут: 1316 мсек

Канал: 17       
                



1B EE   // передача: 2 байт; 08:04:55:067 22.05.2019
// приём по количеству байт: 39 из 39
// принято с порта: 39 байт

0D 0A CA E0 ED E0 EB 3A 20 31 37 00 20 20 20 20 20 20 0D 0A 20 20 ED E5 F2 20 F1 E2 FF E7 E8 20 21 20 20 32 0D 0A A1   // прием: 39 байт; 08:04:56:389 22.05.2019
// таймаут: 1322 мсек

Канал: 17       
  нет связи !  2



1B EE   // передача: 2 байт; 08:04:56:895 22.05.2019
// приём по количеству байт: 39 из 39
// принято с порта: 39 байт

0D 0A CA E0 ED E0 EB 3A 20 31 37 00 20 20 20 20 20 20 0D 0A 20 20 ED E5 F2 20 F1 E2 FF E7 E8 20 21 20 20 32 0D 0A A1   // прием: 39 байт; 08:04:58:219 22.05.2019
// таймаут: 1324 мсек

Канал: 17       
  нет связи !  2



1B EE   // передача: 2 байт; 08:04:58:733 22.05.2019
// приём по количеству байт: 39 из 39
// принято с порта: 39 байт

0D 0A CA E0 ED E0 EB 3A 20 31 37 00 20 20 20 20 20 20 0D 0A 20 20 ED E5 F2 20 F1 E2 FF E7 E8 20 21 20 20 32 0D 0A A1   // прием: 39 байт; 08:05:00:068 22.05.2019
// таймаут: 1335 мсек

Канал: 17       
  нет связи !  2



1B EE   // передача: 2 байт; 08:05:00:571 22.05.2019
// приём по количеству байт: 39 из 39
// принято с порта: 39 байт

0D 0A CA E0 ED E0 EB 3A 20 31 37 00 20 20 20 20 20 20 0D 0A 20 20 ED E5 F2 20 F1 E2 FF E7 E8 20 21 20 20 32 0D 0A A1   // прием: 39 байт; 08:05:01:910 22.05.2019
// таймаут: 1339 мсек

Канал: 17       
  нет связи !  2



1B EE   // передача: 2 байт; 08:05:02:414 22.05.2019
// приём по количеству байт: 39 из 39
// принято с порта: 39 байт

0D 0A CA E0 ED E0 EB 3A 20 31 37 00 20 20 20 20 20 20 0D 0A 20 20 ED E5 F2 20 F1 E2 FF E7 E8 20 21 20 20 32 0D 0A A1   // прием: 39 байт; 08:05:03:751 22.05.2019
// таймаут: 1337 мсек

Канал: 17       
  нет связи !  2



1B EE   // передача: 2 байт; 08:05:04:270 22.05.2019
// приём по количеству байт: 39 из 39
// принято с порта: 39 байт

0D 0A CA E0 ED E0 EB 3A 20 31 37 00 20 20 20 20 20 20 0D 0A 20 20 ED E5 F2 20 F1 E2 FF E7 E8 20 21 20 20 32 0D 0A A1   // прием: 39 байт; 08:05:05:587 22.05.2019
// таймаут: 1317 мсек

Канал: 17       
  нет связи !  2



1B EE   // передача: 2 байт; 08:05:06:096 22.05.2019
// приём по количеству байт: 39 из 39
// принято с порта: 39 байт

0D 0A CA E0 ED E0 EB 3A 20 31 37 00 20 20 20 20 20 20 0D 0A 20 20 ED E5 F2 20 F1 E2 FF E7 E8 20 21 20 20 31 0D 0A A0   // прием: 39 байт; 08:05:07:429 22.05.2019
// таймаут: 1333 мсек

Канал: 17       
  нет связи !  1



1B EE   // передача: 2 байт; 08:05:07:936 22.05.2019
// приём по количеству байт: 39 из 39
// принято с порта: 39 байт

0D 0A CA E0 ED E0 EB 3A 20 31 37 00 20 20 20 20 20 20 0D 0A 20 20 ED E5 F2 20 F1 E2 FF E7 E8 20 21 20 20 31 0D 0A A0   // прием: 39 байт; 08:05:09:289 22.05.2019
// таймаут: 1353 мсек

Канал: 17       
  нет связи !  1



1B EE   // передача: 2 байт; 08:05:09:808 22.05.2019
// приём по количеству байт: 39 из 39
// принято с порта: 39 байт

0D 0A CA E0 ED E0 EB 3A 20 31 37 00 20 20 20 20 20 20 0D 0A 20 20 ED E5 F2 20 F1 E2 FF E7 E8 20 21 20 20 31 0D 0A A0   // прием: 39 байт; 08:05:11:191 22.05.2019
// таймаут: 1383 мсек

Канал: 17       
  нет связи !  1



1B EE   // передача: 2 байт; 08:05:11:703 22.05.2019
// приём по количеству байт: 39 из 39
// принято с порта: 39 байт

0D 0A CA E0 ED E0 EB 3A 20 31 37 00 20 20 20 20 20 20 0D 0A 20 20 ED E5 F2 20 F1 E2 FF E7 E8 20 21 20 20 31 0D 0A A0   // прием: 39 байт; 08:05:13:129 22.05.2019
// таймаут: 1426 мсек

Канал: 17       
  нет связи !  1



1B EE   // передача: 2 байт; 08:05:13:646 22.05.2019
// приём по количеству байт: 39 из 39
// принято с порта: 39 байт

0D 0A CA E0 ED E0 EB 3A 20 31 37 00 20 20 20 20 20 20 0D 0A 20 20 ED E5 F2 20 F1 E2 FF E7 E8 20 21 20 20 31 0D 0A A0   // прием: 39 байт; 08:05:15:068 22.05.2019
// таймаут: 1422 мсек

Канал: 17       
  нет связи !  1



1B EE   // передача: 2 байт; 08:05:15:580 22.05.2019



1B EE   // передача: 2 байт; 08:05:15:954 22.05.2019



1B EE   // передача: 2 байт; 08:05:17:109 22.05.2019



1B EE   // передача: 2 байт; 08:05:18:627 22.05.2019
// приём по количеству байт: 39 из 39
// принято с порта: 39 байт

0D 0A CA E0 ED E0 EB 3A 20 31 37 00 20 20 20 20 20 20 0D 0A 20 20 ED E5 F2 20 F1 E2 FF E7 E8 20 21 20 20 31 0D 0A A0   // прием: 39 байт; 08:05:19:467 22.05.2019
// таймаут: 840 мсек

Канал: 17       
  нет связи !  1



1B EE   // передача: 2 байт; 08:05:20:030 22.05.2019



1B EE   // передача: 2 байт; 08:05:21:542 22.05.2019



1B EE   // передача: 2 байт; 08:05:23:061 22.05.2019
// приём по количеству байт: 39 из 39
// принято с порта: 39 байт

0D 0A CA E0 ED E0 EB 3A 20 32 31 00 20 20 20 20 20 20 0D 0A 20 20 20 20 20 20 20 20 20 20 20 20 20 20 20 20 0D 0A 24   // прием: 39 байт; 08:05:23:832 22.05.2019
// таймаут: 771 мсек

Канал: 21       
                



1B EE   // передача: 2 байт; 08:05:24:410 22.05.2019



1B EE   // передача: 2 байт; 08:05:25:434 22.05.2019



1B EE   // передача: 2 байт; 08:05:25:912 22.05.2019



1B EE   // передача: 2 байт; 08:05:27:426 22.05.2019



1B EE   // передача: 2 байт; 08:05:28:946 22.05.2019



1B EE   // передача: 2 байт; 08:05:30:460 22.05.2019



1B EE   // передача: 2 байт; 08:05:31:964 22.05.2019



1B EE   // передача: 2 байт; 08:05:33:477 22.05.2019



1B EE   // передача: 2 байт; 08:05:34:990 22.05.2019



1B EE   // передача: 2 байт; 08:05:36:504 22.05.2019



1B EE   // передача: 2 байт; 08:05:38:016 22.05.2019



1B EE   // передача: 2 байт; 08:05:39:530 22.05.2019



1B EE   // передача: 2 байт; 08:05:41:044 22.05.2019



1B EE   // передача: 2 байт; 08:05:42:556 22.05.2019



1B EE   // передача: 2 байт; 08:05:44:068 22.05.2019



1B EE   // передача: 2 байт; 08:05:45:582 22.05.2019



1B EE   // передача: 2 байт; 08:05:47:108 22.05.2019



1B EE   // передача: 2 байт; 08:05:48:615 22.05.2019
// приём по количеству байт: 39 из 39
// принято с порта: 39 байт

0D 0A CA E0 ED E0 EB 3A 20 32 31 00 20 20 20 20 20 20 0D 0A 20 20 20 20 20 20 20 20 20 20 20 20 20 20 20 20 0D 0A 24   // прием: 39 байт; 08:05:50:070 22.05.2019
// таймаут: 1455 мсек

Канал: 21       
                



1B EE   // передача: 2 байт; 08:05:50:623 22.05.2019
// приём по количеству байт: 39 из 39
// принято с порта: 39 байт

0D 0A CA E0 ED E0 EB 3A 20 32 31 00 20 20 20 20 20 20 0D 0A 20 20 20 20 20 20 20 20 20 20 20 20 20 20 20 20 0D 0A 24   // прием: 39 байт; 08:05:52:027 22.05.2019
// таймаут: 1404 мсек

Канал: 21       
                



1B EE   // передача: 2 байт; 08:05:52:608 22.05.2019
// приём по количеству байт: 39 из 39
// принято с порта: 39 байт

0D 0A CA E0 ED E0 EB 3A 20 32 31 00 20 20 20 20 20 20 0D 0A 20 20 E2 E5 F0 F1 E8 FF 20 33 2E 35 36 00 20 20 0D 0A 1F   // прием: 39 байт; 08:05:53:992 22.05.2019
// таймаут: 1384 мсек

Канал: 21       
  версия 3.56   



1B EE   // передача: 2 байт; 08:05:54:556 22.05.2019
// приём по количеству байт: 39 из 39
// принято с порта: 39 байт

0D 0A CA E0 ED E0 EB 3A 20 32 31 00 20 20 20 20 20 20 0D 0A 20 20 E2 E5 F0 F1 E8 FF 20 33 2E 35 36 00 20 20 0D 0A 1F   // прием: 39 байт; 08:05:55:971 22.05.2019
// таймаут: 1415 мсек

Канал: 21       
  версия 3.56   



1B EE   // передача: 2 байт; 08:05:56:522 22.05.2019
// приём по количеству байт: 39 из 39
// принято с порта: 39 байт

0D 0A CA E0 ED E0 EB 3A 20 32 31 00 20 20 20 20 38 25 0D 0A 20 30 36 3A 30 30 00 32 32 2E 30 35 2E 31 39 00 0D 0A F0   // прием: 39 байт; 08:05:57:907 22.05.2019
// таймаут: 1385 мсек

Канал: 21     8%
 06:00 22.05.19 



1B EE   // передача: 2 байт; 08:05:58:472 22.05.2019
// приём по количеству байт: 39 из 39
// принято с порта: 39 байт

0D 0A CA E0 ED E0 EB 3A 20 32 31 00 20 20 20 33 34 25 0D 0A 20 30 30 3A 30 30 00 32 32 2E 30 35 2E 31 39 00 0D 0A F9   // прием: 39 байт; 08:05:59:946 22.05.2019
// таймаут: 1474 мсек

Канал: 21    34%
 00:00 22.05.19 



1B EE   // передача: 2 байт; 08:06:00:501 22.05.2019
// приём по количеству байт: 39 из 39
// принято с порта: 39 байт

0D 0A CA E0 ED E0 EB 3A 20 32 31 00 20 20 20 34 37 25 0D 0A 20 32 31 3A 30 30 00 32 31 2E 30 35 2E 31 39 00 0D 0A FF   // прием: 39 байт; 08:06:01:886 22.05.2019
// таймаут: 1385 мсек

Канал: 21    47%
 21:00 21.05.19 



1B EE   // передача: 2 байт; 08:06:02:453 22.05.2019
// приём по количеству байт: 39 из 39
// принято с порта: 39 байт

0D 0A CA E0 ED E0 EB 3A 20 32 31 00 20 20 20 37 33 25 0D 0A 20 31 35 3A 30 30 00 32 31 2E 30 35 2E 31 39 00 0D 0A 01   // прием: 39 байт; 08:06:03:866 22.05.2019
// таймаут: 1413 мсек

Канал: 21    73%
 15:00 21.05.19 



1B EE   // передача: 2 байт; 08:06:04:447 22.05.2019
// приём по количеству байт: 39 из 39
// принято с порта: 39 байт

0D 0A CA E0 ED E0 EB 3A 20 32 31 00 20 20 20 38 36 25 0D 0A 20 31 32 3A 30 30 00 32 31 2E 30 35 2E 31 39 00 0D 0A 02   // прием: 39 байт; 08:06:05:813 22.05.2019
// таймаут: 1366 мсек

Канал: 21    86%
 12:00 21.05.19 



1B EE   // передача: 2 байт; 08:06:06:381 22.05.2019



1B EE   // передача: 2 байт; 08:06:07:891 22.05.2019
// приём по количеству байт: 39 из 39
// принято с порта: 39 байт

0D 0A CA E0 ED E0 EB 3A 20 32 35 00 20 20 20 20 20 20 0D 0A 20 20 20 20 20 20 20 20 20 20 20 20 20 20 20 20 0D 0A 28   // прием: 39 байт; 08:06:08:489 22.05.2019
// таймаут: 598 мсек

Канал: 25       
                



1B EE   // передача: 2 байт; 08:06:09:061 22.05.2019



1B EE   // передача: 2 байт; 08:06:10:574 22.05.2019



1B EE   // передача: 2 байт; 08:06:12:087 22.05.2019



1B EE   // передача: 2 байт; 08:06:13:601 22.05.2019



1B EE   // передача: 2 байт; 08:06:15:117 22.05.2019



1B EE   // передача: 2 байт; 08:06:16:630 22.05.2019



1B EE   // передача: 2 байт; 08:06:18:143 22.05.2019



1B EE   // передача: 2 байт; 08:06:19:656 22.05.2019



1B EE   // передача: 2 байт; 08:06:21:166 22.05.2019



1B EE   // передача: 2 байт; 08:06:22:682 22.05.2019
// приём по количеству байт: 39 из 39
// принято с порта: 39 байт

0D 0A CA E0 ED E0 EB 3A 20 32 35 00 20 20 20 20 20 20 0D 0A 20 20 20 20 20 20 20 20 20 20 20 20 20 20 20 20 0D 0A 28   // прием: 39 байт; 08:06:25:395 22.05.2019
// таймаут: 2713 мсек

Канал: 25       
                



1B EE   // передача: 2 байт; 08:06:43:329 22.05.2019
// приём по таймауту: 5000 мс
// принято с порта: 0 байт



1B EE   // передача: 2 байт; 08:06:51:090 22.05.2019



1B EE   // передача: 2 байт; 08:06:52:601 22.05.2019



1B EE   // передача: 2 байт; 08:06:54:122 22.05.2019



1B EE   // передача: 2 байт; 08:06:55:633 22.05.2019



1B EE   // передача: 2 байт; 08:06:57:141 22.05.2019



1B EE   // передача: 2 байт; 08:06:58:655 22.05.2019



1B EE   // передача: 2 байт; 08:07:00:169 22.05.2019



1B EE   // передача: 2 байт; 08:07:01:684 22.05.2019



1B EE   // передача: 2 байт; 08:07:03:196 22.05.2019



1B EE   // передача: 2 байт; 08:07:04:711 22.05.2019



1B EE   // передача: 2 байт; 08:07:06:222 22.05.2019



1B EE   // передача: 2 байт; 08:07:07:733 22.05.2019



1B EE   // передача: 2 байт; 08:07:09:248 22.05.2019



1B EE   // передача: 2 байт; 08:07:10:759 22.05.2019



1B EE   // передача: 2 байт; 08:07:12:277 22.05.2019



1B EE   // передача: 2 байт; 08:07:13:788 22.05.2019



1B EE   // передача: 2 байт; 08:07:15:318 22.05.2019



1B EE   // передача: 2 байт; 08:07:16:829 22.05.2019



1B EE   // передача: 2 байт; 08:07:18:342 22.05.2019



1B EE   // передача: 2 байт; 08:07:19:856 22.05.2019



1B EE   // передача: 2 байт; 08:07:21:337 22.05.2019



1B EE   // передача: 2 байт; 08:07:22:847 22.05.2019



1B EE   // передача: 2 байт; 08:07:24:385 22.05.2019



1B EE   // передача: 2 байт; 08:07:25:900 22.05.2019



1B EE   // передача: 2 байт; 08:07:27:411 22.05.2019



1B EE   // передача: 2 байт; 08:07:28:927 22.05.2019



1B EE   // передача: 2 байт; 08:07:30:440 22.05.2019



1B EE   // передача: 2 байт; 08:07:31:952 22.05.2019



1B EE   // передача: 2 байт; 08:07:33:450 22.05.2019



1B EE   // передача: 2 байт; 08:07:34:976 22.05.2019
// приём по количеству байт: 39 из 39
// принято с порта: 39 байт

0D 0A CA E0 ED E0 EB 3A 20 32 39 00 20 20 20 20 20 20 0D 0A 20 20 20 20 20 20 20 20 20 20 20 20 20 20 20 20 0D 0A 2C   // прием: 39 байт; 08:07:36:336 22.05.2019
// таймаут: 1360 мсек

Канал: 29       
                



1B EE   // передача: 2 байт; 08:07:36:896 22.05.2019
// приём по количеству байт: 39 из 39
// принято с порта: 39 байт

0D 0A CA E0 ED E0 EB 3A 20 32 39 00 20 20 20 20 20 20 0D 0A 20 20 20 20 20 20 20 20 20 20 20 20 20 20 20 20 0D 0A 2C   // прием: 39 байт; 08:07:38:186 22.05.2019
// таймаут: 1290 мсек

Канал: 29       
                



1B EE   // передача: 2 байт; 08:07:38:766 22.05.2019
// приём по количеству байт: 39 из 39
// принято с порта: 39 байт

0D 0A CA E0 ED E0 EB 3A 20 32 39 00 20 20 20 20 20 20 0D 0A 20 20 20 20 20 20 20 20 20 20 20 20 20 20 20 20 0D 0A 2C   // прием: 39 байт; 08:07:40:045 22.05.2019
// таймаут: 1279 мсек

Канал: 29       
                



1B EE   // передача: 2 байт; 08:07:40:621 22.05.2019
// приём по количеству байт: 39 из 39
// принято с порта: 39 байт

0D 0A CA E0 ED E0 EB 3A 20 32 39 00 20 20 20 20 20 20 0D 0A 20 ED E0 F7 E0 EB EE 20 30 30 30 30 3A 30 31 20 0D 0A 64   // прием: 39 байт; 08:07:41:905 22.05.2019
// таймаут: 1284 мсек

Канал: 29       
 начало 0000:01 



1B EE   // передача: 2 байт; 08:07:42:478 22.05.2019
// приём по количеству байт: 39 из 39
// принято с порта: 39 байт

0D 0A CA E0 ED E0 EB 3A 20 32 39 00 20 20 20 38 30 25 0D 0A 20 30 36 20 20 20 20 32 32 2E 30 35 2E 31 39 00 0D 0A EE   // прием: 39 байт; 08:07:43:765 22.05.2019
// таймаут: 1287 мсек

Канал: 29    80%
 06    22.05.19 



1B EE   // передача: 2 байт; 08:07:44:334 22.05.2019



1B EE   // передача: 2 байт; 08:07:45:845 22.05.2019
// приём по количеству байт: 39 из 39
// принято с порта: 39 байт

0D 0A CA E0 ED E0 EB 3A 20 33 33 00 20 20 20 20 20 20 0D 0A 20 20 20 20 20 20 20 20 20 20 20 20 20 20 20 20 0D 0A 27   // прием: 39 байт; 08:07:46:087 22.05.2019
// таймаут: 242 мсек

Канал: 33       
                



1B EE   // передача: 2 байт; 08:07:46:643 22.05.2019



1B EE   // передача: 2 байт; 08:07:48:152 22.05.2019



1B EE   // передача: 2 байт; 08:07:49:667 22.05.2019



1B EE   // передача: 2 байт; 08:07:51:180 22.05.2019



1B EE   // передача: 2 байт; 08:07:52:692 22.05.2019



1B EE   // передача: 2 байт; 08:07:54:205 22.05.2019



1B EE   // передача: 2 байт; 08:07:55:718 22.05.2019



1B EE   // передача: 2 байт; 08:07:57:242 22.05.2019



1B EE   // передача: 2 байт; 08:07:58:754 22.05.2019



1B EE   // передача: 2 байт; 08:08:00:266 22.05.2019



1B EE   // передача: 2 байт; 08:08:01:779 22.05.2019



1B EE   // передача: 2 байт; 08:08:03:294 22.05.2019



1B EE   // передача: 2 байт; 08:08:04:808 22.05.2019



1B EE   // передача: 2 байт; 08:08:06:319 22.05.2019



1B EE   // передача: 2 байт; 08:08:07:832 22.05.2019



1B EE   // передача: 2 байт; 08:08:09:345 22.05.2019



1B EE   // передача: 2 байт; 08:08:10:862 22.05.2019



1B EE   // передача: 2 байт; 08:08:12:364 22.05.2019



1B EE   // передача: 2 байт; 08:08:13:878 22.05.2019



1B EE   // передача: 2 байт; 08:08:15:401 22.05.2019



1B EE   // передача: 2 байт; 08:08:16:904 22.05.2019
// приём по количеству байт: 39 из 39
// принято с порта: 39 байт

0D 0A CA E0 ED E0 EB 3A 20 33 33 00 20 20 20 20 20 20 0D 0A 20 20 20 20 20 20 20 20 20 20 20 20 20 20 20 20 0D 0A 27   // прием: 39 байт; 08:08:17:933 22.05.2019
// таймаут: 1029 мсек

Канал: 33       
                
// приём по количеству байт: 8 из 0
// принято с порта: 8 байт

0D 0A CA E0 ED E0 EB 3A   // прием: 8 байт; 08:08:18:112 22.05.2019
// таймаут: 1208 мсек

// приём по количеству байт: 19 из 0
// принято с порта: 19 байт

20 33 33 00 20 20 20 20 20 20 0D 0A 20 20 20 20 20 20 20   // прием: 19 байт; 08:08:18:157 22.05.2019
// таймаут: 1253 мсек

// приём по количеству байт: 12 из 0
// принято с порта: 12 байт

20 20 20 20 20 20 20 20 20 0D 0A 27   // прием: 12 байт; 08:08:18:208 22.05.2019
// таймаут: 1304 мсек




1B EE   // передача: 2 байт; 08:08:18:500 22.05.2019
// приём по количеству байт: 39 из 39
// принято с порта: 39 байт

0D 0A CA E0 ED E0 EB 3A 20 33 33 00 20 20 20 20 20 20 0D 0A 20 20 20 20 20 20 20 20 20 20 20 20 20 20 20 20 0D 0A 27   // прием: 39 байт; 08:08:19:770 22.05.2019
// таймаут: 1270 мсек

Канал: 33       
                



1B EE   // передача: 2 байт; 08:08:20:340 22.05.2019
// приём по количеству байт: 39 из 39
// принято с порта: 39 байт

0D 0A CA E0 ED E0 EB 3A 20 33 33 00 20 20 20 20 20 20 0D 0A 20 20 E2 E5 F0 F1 E8 FF 20 33 2E 35 36 00 20 20 0D 0A 22   // прием: 39 байт; 08:08:21:614 22.05.2019
// таймаут: 1274 мсек

Канал: 33       
  версия 3.56   



1B EE   // передача: 2 байт; 08:08:22:178 22.05.2019
// приём по количеству байт: 39 из 39
// принято с порта: 39 байт

0D 0A CA E0 ED E0 EB 3A 20 33 33 00 20 20 20 20 20 20 0D 0A 20 ED E0 F7 E0 EB EE 20 30 30 30 30 3A 30 31 20 0D 0A 5F   // прием: 39 байт; 08:08:23:452 22.05.2019
// таймаут: 1274 мсек

Канал: 33       
 начало 0000:01 



1B EE   // передача: 2 байт; 08:08:24:023 22.05.2019
// приём по количеству байт: 39 из 39
// принято с порта: 39 байт

0D 0A CA E0 ED E0 EB 3A 20 33 33 00 20 20 20 38 30 25 0D 0A 20 30 36 20 20 20 20 32 32 2E 30 35 2E 31 39 00 0D 0A E9   // прием: 39 байт; 08:08:25:289 22.05.2019
// таймаут: 1266 мсек

Канал: 33    80%
 06    22.05.19 



1B EE   // передача: 2 байт; 08:08:25:841 22.05.2019



1B EE   // передача: 2 байт; 08:08:27:362 22.05.2019



1B EE   // передача: 2 байт; 08:08:28:870 22.05.2019



1B EE   // передача: 2 байт; 08:08:30:383 22.05.2019
// приём по количеству байт: 39 из 39
// принято с порта: 39 байт

0D 0A D0 E0 E1 EE F2 E0 20 20 20 20 20 20 20 20 20 20 0D 0A 20 20 20 20 20 20 20 CE CA 20 20 20 20 20 20 20 0D 0A 2E   // прием: 39 байт; 08:08:31:692 22.05.2019
// таймаут: 1309 мсек

Работа          
       ОК       



1B EE   // передача: 2 байт; 08:08:32:266 22.05.2019
// приём по количеству байт: 39 из 39
// принято с порта: 39 байт

0D 0A D0 E0 E1 EE F2 E0 20 20 20 20 20 20 20 20 20 20 0D 0A 20 20 20 20 20 20 20 CE CA 20 20 20 20 20 20 20 0D 0A 2E   // прием: 39 байт; 08:08:33:532 22.05.2019
// таймаут: 1266 мсек

Работа          
       ОК       



1B EE   // передача: 2 байт; 08:08:34:087 22.05.2019
// приём по количеству байт: 39 из 39
// принято с порта: 39 байт

0D 0A D0 E0 E1 EE F2 E0 20 20 20 20 20 20 20 20 20 20 0D 0A 20 20 20 20 20 20 20 CE CA 20 20 20 20 20 20 20 0D 0A 2E   // прием: 39 байт; 08:08:35:346 22.05.2019
// таймаут: 1259 мсек

Работа          
       ОК       



1B EE   // передача: 2 байт; 08:08:35:897 22.05.2019
// приём по количеству байт: 39 из 39
// принято с порта: 39 байт

0D 0A D0 E0 E1 EE F2 E0 20 20 20 20 20 20 20 20 20 20 0D 0A 20 20 20 20 20 20 20 CE CA 20 20 20 20 20 20 20 0D 0A 2E   // прием: 39 байт; 08:08:37:207 22.05.2019
// таймаут: 1310 мсек

Работа          
       ОК       



1B EE   // передача: 2 байт; 08:08:37:781 22.05.2019
// приём по количеству байт: 39 из 39
// принято с порта: 39 байт

0D 0A D0 E0 E1 EE F2 E0 20 20 20 20 20 20 20 20 20 20 0D 0A 20 20 20 20 20 20 20 CE CA 20 20 20 20 20 20 20 0D 0A 2E   // прием: 39 байт; 08:08:39:047 22.05.2019
// таймаут: 1266 мсек

Работа          
       ОК       



1B EE   // передача: 2 байт; 08:08:39:620 22.05.2019
// приём по количеству байт: 39 из 39
// принято с порта: 39 байт

0D 0A D0 E0 E1 EE F2 E0 20 20 20 20 20 20 20 20 20 20 0D 0A 20 20 20 20 20 20 20 CE CA 20 20 20 20 20 20 20 0D 0A 2E   // прием: 39 байт; 08:08:40:890 22.05.2019
// таймаут: 1270 мсек

Работа          
       ОК       



1B EE   // передача: 2 байт; 08:08:41:462 22.05.2019
// приём по количеству байт: 39 из 39
// принято с порта: 39 байт

0D 0A D0 E0 E1 EE F2 E0 20 20 20 20 20 20 20 20 20 20 0D 0A 20 20 20 20 20 20 20 CE CA 20 20 20 20 20 20 20 0D 0A 2E   // прием: 39 байт; 08:08:42:726 22.05.2019
// таймаут: 1264 мсек

Работа          
       ОК       



1B EE   // передача: 2 байт; 08:08:43:292 22.05.2019
// приём по количеству байт: 39 из 39
// принято с порта: 39 байт

0D 0A D0 E0 E1 EE F2 E0 20 20 20 20 20 20 20 20 20 20 0D 0A 20 20 20 20 20 20 20 CE CA 20 20 20 20 20 20 20 0D 0A 2E   // прием: 39 байт; 08:08:44:572 22.05.2019
// таймаут: 1280 мсек

Работа          
       ОК       



1B EE   // передача: 2 байт; 08:08:45:147 22.05.2019
// приём по количеству байт: 39 из 39
// принято с порта: 39 байт

0D 0A D0 E0 E1 EE F2 E0 20 20 20 20 20 20 20 20 20 20 0D 0A 20 20 20 20 20 20 20 CE CA 20 20 20 20 20 20 20 0D 0A 2E   // прием: 39 байт; 08:08:46:411 22.05.2019
// таймаут: 1264 мсек

Работа          
       ОК       



1B EE   // передача: 2 байт; 08:08:46:984 22.05.2019
// приём по количеству байт: 39 из 39
// принято с порта: 39 байт

0D 0A D0 E0 E1 EE F2 E0 20 20 20 20 20 20 20 20 20 20 0D 0A 20 20 20 20 20 20 20 CE CA 20 20 20 20 20 20 20 0D 0A 2E   // прием: 39 байт; 08:08:48:248 22.05.2019
// таймаут: 1264 мсек

Работа          
       ОК       



1B EE   // передача: 2 байт; 08:08:48:812 22.05.2019
// приём по количеству байт: 39 из 39
// принято с порта: 39 байт

0D 0A D0 E0 E1 EE F2 E0 20 20 20 20 20 20 20 20 20 20 0D 0A 20 20 20 20 20 20 20 CE CA 20 20 20 20 20 20 20 0D 0A 2E   // прием: 39 байт; 08:08:50:092 22.05.2019
// таймаут: 1280 мсек

Работа          
       ОК       



1B EE   // передача: 2 байт; 08:08:50:668 22.05.2019
// приём по количеству байт: 39 из 39
// принято с порта: 39 байт

0D 0A D0 E0 E1 EE F2 E0 20 20 20 20 20 20 20 20 20 20 0D 0A 20 20 20 20 20 20 20 CE CA 20 20 20 20 20 20 20 0D 0A 2E   // прием: 39 байт; 08:08:51:925 22.05.2019
// таймаут: 1257 мсек

Работа          
       ОК       



1B EE   // передача: 2 байт; 08:08:52:494 22.05.2019
// приём по количеству байт: 39 из 39
// принято с порта: 39 байт

0D 0A D0 E0 E1 EE F2 E0 20 20 20 20 20 20 20 20 20 20 0D 0A 20 20 20 20 20 20 20 CE CA 20 20 20 20 20 20 20 0D 0A 2E   // прием: 39 байт; 08:08:53:766 22.05.2019
// таймаут: 1272 мсек

Работа          
       ОК       



1B EE   // передача: 2 байт; 08:08:54:334 22.05.2019
// приём по количеству байт: 39 из 39
// принято с порта: 39 байт

0D 0A D0 E0 E1 EE F2 E0 20 20 20 20 20 20 20 20 20 20 0D 0A 20 20 20 20 20 20 20 CE CA 20 20 20 20 20 20 20 0D 0A 2E   // прием: 39 байт; 08:08:55:608 22.05.2019
// таймаут: 1274 мсек

Работа          
       ОК       



1B EE   // передача: 2 байт; 08:08:56:162 22.05.2019
// приём по количеству байт: 39 из 39
// принято с порта: 39 байт

0D 0A D0 E0 E1 EE F2 E0 20 20 20 20 20 20 20 20 20 20 0D 0A 20 20 20 20 20 20 20 CE CA 20 20 20 20 20 20 20 0D 0A 2E   // прием: 39 байт; 08:08:57:449 22.05.2019
// таймаут: 1287 мсек

Работа          
       ОК       



1B EE   // передача: 2 байт; 08:08:58:013 22.05.2019
// приём по количеству байт: 39 из 39
// принято с порта: 39 байт

0D 0A D0 E0 E1 EE F2 E0 20 20 20 20 20 20 20 20 20 20 0D 0A 20 20 20 20 20 20 20 CE CA 20 20 20 20 20 20 20 0D 0A 2E   // прием: 39 байт; 08:08:59:291 22.05.2019
// таймаут: 1278 мсек

Работа          
       ОК       



1B EE   // передача: 2 байт; 08:08:59:875 22.05.2019
// приём по количеству байт: 39 из 39
// принято с порта: 39 байт

0D 0A D0 E0 E1 EE F2 E0 20 20 20 20 20 20 20 20 20 20 0D 0A 20 20 20 20 20 20 20 CE CA 20 20 20 20 20 20 20 0D 0A 2E   // прием: 39 байт; 08:09:01:166 22.05.2019
// таймаут: 1291 мсек

Работа          
       ОК       



1B EE   // передача: 2 байт; 08:09:01:728 22.05.2019
// приём по количеству байт: 39 из 39
// принято с порта: 39 байт

0D 0A D0 E0 E1 EE F2 E0 20 20 20 20 20 20 20 20 20 20 0D 0A 20 20 20 20 20 20 20 CE CA 20 20 20 20 20 20 20 0D 0A 2E   // прием: 39 байт; 08:09:02:947 22.05.2019
// таймаут: 1219 мсек

Работа          
       ОК       



1B EE   // передача: 2 байт; 08:09:03:521 22.05.2019
// приём по количеству байт: 39 из 39
// принято с порта: 39 байт

0D 0A D0 E0 E1 EE F2 E0 20 20 20 20 20 20 20 20 20 20 0D 0A 20 20 20 20 20 20 20 CE CA 20 20 20 20 20 20 20 0D 0A 2E   // прием: 39 байт; 08:09:04:789 22.05.2019
// таймаут: 1268 мсек

Работа          
       ОК       



1B EE   // передача: 2 байт; 08:09:05:338 22.05.2019



1B EC   // передача: 2 байт; 08:09:05:727 22.05.2019
// приём по количеству байт: 39 из 39
// принято с порта: 39 байт

0D 0A D0 E0 E1 EE F2 E0 20 20 20 20 20 20 20 20 20 20 0D 0A 20 20 20 20 20 20 20 CE CA 20 20 20 20 20 20 20 0D 0A 2E   // прием: 39 байт; 08:09:06:613 22.05.2019
// таймаут: 886 мсек




1B EE   // передача: 2 байт; 08:09:06:644 22.05.2019
// приём по количеству байт: 39 из 39
// принято с порта: 39 байт

0D 0A D0 E0 E1 EE F2 E0 20 20 20 20 20 20 20 20 20 20 0D 0A 20 20 20 20 20 20 20 CE CA 20 20 20 20 20 20 20 0D 0A 2E   // прием: 39 байт; 08:09:06:990 22.05.2019
// таймаут: 346 мсек

Работа          
       ОК       
// приём по количеству байт: 8 из 0
// принято с порта: 8 байт

0D 0A CF F0 EE E3 F0 E0   // прием: 8 байт; 08:09:07:894 22.05.2019
// таймаут: 1250 мсек

// приём по количеству байт: 20 из 0
// принято с порта: 20 байт

EC EC E0 20 3F 20 20 20 20 20 0D 0A 3D 5F 5F 5F 20 20 20 20   // прием: 20 байт; 08:09:07:944 22.05.2019
// таймаут: 1300 мсек

// приём по количеству байт: 11 из 0
// принято с порта: 11 байт

20 20 20 20 20 20 20 20 0D 0A 36   // прием: 11 байт; 08:09:07:998 22.05.2019
// таймаут: 1354 мсек




1B EE   // передача: 2 байт; 08:09:10:044 22.05.2019
// приём по количеству байт: 39 из 39
// принято с порта: 39 байт

0D 0A CF F0 EE E3 F0 E0 EC EC E0 20 3F 20 20 20 20 20 0D 0A 3D 5F 5F 5F 20 20 20 20 20 20 20 20 20 20 20 20 0D 0A 36   // прием: 39 байт; 08:09:11:311 22.05.2019
// таймаут: 1267 мсек

Программа ?     
=___            



1B EC   // передача: 2 байт; 08:09:11:711 22.05.2019
// приём по количеству байт: 39 из 39
// принято с порта: 39 байт

0D 0A CF F0 EE E3 F0 E0 EC EC E0 20 3F 20 20 20 20 20 0D 0A 3D 5F 5F 5F 20 20 20 20 20 20 20 20 20 20 20 20 0D 0A 36   // прием: 39 байт; 08:09:12:991 22.05.2019
// таймаут: 1280 мсек




1B EE   // передача: 2 байт; 08:09:13:041 22.05.2019
// приём по количеству байт: 39 из 39
// принято с порта: 39 байт

0D 0A CF F0 EE E3 F0 E0 EC EC E0 20 3F 20 20 20 20 20 0D 0A 3D 5F 5F 5F 20 20 20 20 20 20 20 20 20 20 20 20 0D 0A 36   // прием: 39 байт; 08:09:14:398 22.05.2019
// таймаут: 1357 мсек

Программа ?     
=___            



1B E5   // передача: 2 байт; 08:09:17:320 22.05.2019



1B EE   // передача: 2 байт; 08:09:17:898 22.05.2019
// приём по количеству байт: 39 из 39
// принято с порта: 39 байт

0D 0A CF F0 EE E3 F0 E0 EC EC E0 20 3F 20 20 20 20 20 0D 0A 3D 5F 5F 5F 20 20 20 20 20 20 20 20 20 20 20 20 0D 0A 36   // прием: 39 байт; 08:09:18:607 22.05.2019
// таймаут: 709 мсек

Программа ?     
=___            
// приём по количеству байт: 8 из 0
// принято с порта: 8 байт

0D 0A CF F0 EE E3 F0 E0   // прием: 8 байт; 08:09:19:106 22.05.2019
// таймаут: 1208 мсек

// приём по количеству байт: 20 из 0
// принято с порта: 20 байт

EC EC E0 20 3F 20 20 20 20 20 0D 0A 3D 5F 5F 35 20 20 20 20   // прием: 20 байт; 08:09:19:156 22.05.2019
// таймаут: 1258 мсек

// приём по количеству байт: 11 из 0
// принято с порта: 11 байт

20 20 20 20 20 20 20 20 0D 0A 0C   // прием: 11 байт; 08:09:19:211 22.05.2019
// таймаут: 1313 мсек




1B EE   // передача: 2 байт; 08:09:19:960 22.05.2019
// приём по количеству байт: 39 из 39
// принято с порта: 39 байт

0D 0A CF F0 EE E3 F0 E0 EC EC E0 20 3F 20 20 20 20 20 0D 0A 3D 5F 5F 35 20 20 20 20 20 20 20 20 20 20 20 20 0D 0A 0C   // прием: 39 байт; 08:09:21:253 22.05.2019
// таймаут: 1293 мсек

Программа ?     
=__5            



1B EE   // передача: 2 байт; 08:09:23:673 22.05.2019
// приём по количеству байт: 39 из 39
// принято с порта: 39 байт

0D 0A CF F0 EE E3 F0 E0 EC EC E0 20 3F 20 20 20 20 20 0D 0A 3D 5F 5F 35 20 20 20 20 20 20 20 20 20 20 20 20 0D 0A 0C   // прием: 39 байт; 08:09:24:952 22.05.2019
// таймаут: 1279 мсек

Программа ?     
=__5            



1B EC   // передача: 2 байт; 08:09:27:819 22.05.2019



1B E1   // передача: 2 байт; 08:09:28:997 22.05.2019
// приём по количеству байт: 39 из 39
// принято с порта: 39 байт

0D 0A CF F0 EE E3 F0 E0 EC EC E0 20 3F 20 20 20 20 20 0D 0A 3D 5F 5F 35 20 20 20 20 20 20 20 20 20 20 20 20 0D 0A 0C   // прием: 39 байт; 08:09:29:151 22.05.2019
// таймаут: 154 мсек




1B EE   // передача: 2 байт; 08:09:29:202 22.05.2019



1B E5   // передача: 2 байт; 08:09:29:671 22.05.2019
// приём по количеству байт: 39 из 39
// принято с порта: 39 байт

0D 0A CF F0 EE E3 F0 E0 EC EC E0 20 3F 20 20 20 20 20 0D 0A 3D 5F 5F 5F 20 20 20 20 20 20 20 20 20 20 20 20 0D 0A 36   // прием: 39 байт; 08:09:30:292 22.05.2019
// таймаут: 621 мсек




1B EE   // передача: 2 байт; 08:09:30:337 22.05.2019
// приём по количеству байт: 39 из 39
// принято с порта: 39 байт

0D 0A CF F0 EE E3 F0 E0 EC EC E0 20 3F 20 20 20 20 20 0D 0A 3D 5F 5F 31 20 20 20 20 20 20 20 20 20 20 20 20 0D 0A 08   // прием: 39 байт; 08:09:30:490 22.05.2019
// таймаут: 153 мсек

Программа ?     
=__1            



1B ED   // передача: 2 байт; 08:09:30:600 22.05.2019
// приём по количеству байт: 39 из 39
// принято с порта: 39 байт

0D 0A CF F0 EE E3 F0 E0 EC EC E0 20 3F 20 20 20 20 20 0D 0A 3D 5F 5F 31 20 20 20 20 20 20 20 20 20 20 20 20 0D 0A 08   // прием: 39 байт; 08:09:30:971 22.05.2019
// таймаут: 371 мсек




1B EE   // передача: 2 байт; 08:09:31:018 22.05.2019



1B EE   // передача: 2 байт; 08:09:31:546 22.05.2019
// приём по количеству байт: 39 из 39
// принято с порта: 39 байт

0D 0A CF F0 EE E3 F0 E0 EC EC E0 20 3F 20 20 20 20 20 0D 0A 3D 5F 31 35 20 20 20 20 20 20 20 20 20 20 20 20 0D 0A DE   // прием: 39 байт; 08:09:31:629 22.05.2019
// таймаут: 83 мсек

Программа ?     
=_15            
// приём по количеству байт: 8 из 0
// принято с порта: 8 байт

0D 0A CF F0 EE E3 F0 E0   // прием: 8 байт; 08:09:31:811 22.05.2019
// таймаут: 265 мсек

// приём по количеству байт: 20 из 0
// принято с порта: 20 байт

EC EC E0 20 3F 20 20 20 20 20 0D 0A 3D 5F 31 35 20 20 20 20   // прием: 20 байт; 08:09:31:872 22.05.2019
// таймаут: 326 мсек

// приём по количеству байт: 11 из 0
// принято с порта: 11 байт

20 20 20 20 20 20 20 20 0D 0A DE   // прием: 11 байт; 08:09:31:905 22.05.2019
// таймаут: 359 мсек

// приём по количеству байт: 8 из 0
// принято с порта: 8 байт

0D 0A D0 E0 E1 EE F2 E0   // прием: 8 байт; 08:09:32:252 22.05.2019
// таймаут: 706 мсек

// приём по количеству байт: 20 из 0
// принято с порта: 20 байт

20 20 20 20 20 20 20 20 20 20 0D 0A 20 20 20 20 20 20 20 CE   // прием: 20 байт; 08:09:32:299 22.05.2019
// таймаут: 753 мсек

// приём по количеству байт: 11 из 0
// принято с порта: 11 байт

CA 20 20 20 20 20 20 20 0D 0A 2E   // прием: 11 байт; 08:09:32:354 22.05.2019
// таймаут: 808 мсек

// приём по количеству байт: 8 из 0
// принято с порта: 8 байт

0D 0A D0 E0 E1 EE F2 E0   // прием: 8 байт; 08:09:32:773 22.05.2019
// таймаут: 1227 мсек

// приём по количеству байт: 19 из 0
// принято с порта: 19 байт

20 20 20 20 20 20 20 20 20 20 0D 0A 20 20 20 20 20 20 20   // прием: 19 байт; 08:09:32:809 22.05.2019
// таймаут: 1263 мсек

// приём по количеству байт: 12 из 0
// принято с порта: 12 байт

CE CA 20 20 20 20 20 20 20 0D 0A 2E   // прием: 12 байт; 08:09:32:872 22.05.2019
// таймаут: 1326 мсек




1B EE   // передача: 2 байт; 08:09:35:523 22.05.2019
// приём по количеству байт: 39 из 39
// принято с порта: 39 байт

0D 0A D0 E0 E1 EE F2 E0 20 20 20 20 20 20 20 20 20 20 0D 0A 20 20 20 20 20 20 20 CE CA 20 20 20 20 20 20 20 0D 0A 2E   // прием: 39 байт; 08:09:36:752 22.05.2019
// таймаут: 1229 мсек

Работа          
       ОК       



1B EC   // передача: 2 байт; 08:09:38:125 22.05.2019
// приём по количеству байт: 39 из 39
// принято с порта: 39 байт

0D 0A D0 E0 E1 EE F2 E0 20 20 20 20 20 20 20 20 20 20 0D 0A 20 20 20 20 20 20 20 CE CA 20 20 20 20 20 20 20 0D 0A 2E   // прием: 39 байт; 08:09:39:389 22.05.2019
// таймаут: 1264 мсек




1B EE   // передача: 2 байт; 08:09:39:443 22.05.2019
// приём по количеству байт: 39 из 39
// принято с порта: 39 байт

0D 0A CF F0 EE E3 F0 E0 EC EC E0 20 3F 20 20 20 20 20 0D 0A 3E 5F 5F 5F 20 20 20 20 20 20 20 20 20 20 20 20 0D 0A 37   // прием: 39 байт; 08:09:40:711 22.05.2019
// таймаут: 1268 мсек

Программа ?     
>___            



1B E9   // передача: 2 байт; 08:09:43:088 22.05.2019



1B E8   // передача: 2 байт; 08:09:44:022 22.05.2019
// приём по количеству байт: 39 из 39
// принято с порта: 39 байт

0D 0A CF F0 EE E3 F0 E0 EC EC E0 20 3F 20 20 20 20 20 0D 0A 3E 5F 5F 5F 20 20 20 20 20 20 20 20 20 20 20 20 0D 0A 37   // прием: 39 байт; 08:09:44:370 22.05.2019
// таймаут: 348 мсек




1B EE   // передача: 2 байт; 08:09:44:421 22.05.2019
// приём по количеству байт: 39 из 39
// принято с порта: 39 байт

0D 0A CF F0 EE E3 F0 E0 EC EC E0 20 3F 20 20 20 20 20 0D 0A 3E 5F 5F 39 20 20 20 20 20 20 20 20 20 20 20 20 0D 0A 11   // прием: 39 байт; 08:09:45:309 22.05.2019
// таймаут: 888 мсек

Программа ?     
>__9            
// приём по количеству байт: 8 из 0
// принято с порта: 8 байт

0D 0A CF F0 EE E3 F0 E0   // прием: 8 байт; 08:09:45:657 22.05.2019
// таймаут: 1236 мсек

// приём по количеству байт: 19 из 0
// принято с порта: 19 байт

EC EC E0 20 3F 20 20 20 20 20 0D 0A 3E 5F 39 38 20 20 20   // прием: 19 байт; 08:09:45:709 22.05.2019
// таймаут: 1288 мсек

// приём по количеству байт: 12 из 0
// принято с порта: 12 байт

20 20 20 20 20 20 20 20 20 0D 0A EA   // прием: 12 байт; 08:09:45:764 22.05.2019
// таймаут: 1343 мсек

// приём по таймауту: 5000 мс
// принято с порта: 0 байт



1B EE   // передача: 2 байт; 08:09:52:938 22.05.2019
// приём по количеству байт: 39 из 39
// принято с порта: 39 байт

0D 0A CF F0 EE E3 F0 E0 EC EC E0 20 3F 20 20 20 20 20 0D 0A 3E 5F 39 38 20 20 20 20 20 20 20 20 20 20 20 20 0D 0A EA   // прием: 39 байт; 08:09:54:232 22.05.2019
// таймаут: 1294 мсек

Программа ?     
>_98            



1B EE   // передача: 2 байт; 08:09:55:833 22.05.2019
// приём по количеству байт: 39 из 39
// принято с порта: 39 байт

0D 0A CF F0 EE E3 F0 E0 EC EC E0 20 3F 20 20 20 20 20 0D 0A 3E 5F 39 38 20 20 20 20 20 20 20 20 20 20 20 20 0D 0A EA   // прием: 39 байт; 08:09:57:111 22.05.2019
// таймаут: 1278 мсек

Программа ?     
>_98            



1B EE   // передача: 2 байт; 08:10:09:231 22.05.2019
// приём по количеству байт: 39 из 39
// принято с порта: 39 байт

0D 0A CF F0 EE E3 F0 E0 EC EC E0 20 3F 20 20 20 20 20 0D 0A 3E 5F 39 38 20 20 20 20 20 20 20 20 20 20 20 20 0D 0A EA   // прием: 39 байт; 08:10:11:265 22.05.2019
// таймаут: 2034 мсек

Программа ?     
>_98            



1B ED   // передача: 2 байт; 08:10:13:591 22.05.2019
// приём по количеству байт: 39 из 39
// принято с порта: 39 байт

0D 0A CF F0 EE E3 F0 E0 EC EC E0 20 3F 20 20 20 20 20 0D 0A 3E 5F 39 38 20 20 20 20 20 20 20 20 20 20 20 20 0D 0A EA   // прием: 39 байт; 08:10:14:952 22.05.2019
// таймаут: 1361 мсек




1B EE   // передача: 2 байт; 08:10:14:998 22.05.2019
// приём по количеству байт: 39 из 39
// принято с порта: 39 байт

0D 0A D2 E0 E9 EC E0 F3 F2 FB 20 20 20 20 20 20 20 20 0D 0A 20 20 20 20 20 20 20 20 38 00 EC F1 20 20 20 31 0D 0A 32   // прием: 39 байт; 08:10:16:449 22.05.2019
// таймаут: 1451 мсек

Таймауты        
        8 мс   1



1B ED   // передача: 2 байт; 08:10:17:245 22.05.2019
// приём по количеству байт: 39 из 39
// принято с порта: 39 байт

0D 0A D2 E0 E9 EC E0 F3 F2 FB 20 20 20 20 20 20 20 20 0D 0A 20 20 20 20 20 20 20 20 38 00 EC F1 20 20 20 31 0D 0A 32   // прием: 39 байт; 08:10:18:602 22.05.2019
// таймаут: 1357 мсек




1B EE   // передача: 2 байт; 08:10:18:649 22.05.2019
// приём по количеству байт: 39 из 39
// принято с порта: 39 байт

0D 0A D2 E0 E9 EC E0 F3 F2 FB 20 20 20 20 20 20 20 20 0D 0A 20 20 20 20 20 20 20 20 38 00 EC F1 20 20 20 32 0D 0A 33   // прием: 39 байт; 08:10:20:037 22.05.2019
// таймаут: 1388 мсек

Таймауты        
        8 мс   2



1B ED   // передача: 2 байт; 08:10:20:755 22.05.2019
// приём по количеству байт: 39 из 39
// принято с порта: 39 байт

0D 0A D2 E0 E9 EC E0 F3 F2 FB 20 20 20 20 20 20 20 20 0D 0A 20 20 20 20 20 20 20 20 38 00 EC F1 20 20 20 32 0D 0A 33   // прием: 39 байт; 08:10:22:159 22.05.2019
// таймаут: 1404 мсек




1B EE   // передача: 2 байт; 08:10:22:206 22.05.2019
// приём по количеству байт: 39 из 39
// принято с порта: 39 байт

0D 0A D2 E0 E9 EC E0 F3 F2 FB 20 20 20 20 20 20 20 20 0D 0A 20 20 20 20 20 20 38 30 30 00 EC F1 20 20 20 33 0D 0A 54   // прием: 39 байт; 08:10:23:578 22.05.2019
// таймаут: 1372 мсек

Таймауты        
      800 мс   3



1B ED   // передача: 2 байт; 08:10:24:312 22.05.2019
// приём по количеству байт: 39 из 39
// принято с порта: 39 байт

0D 0A D2 E0 E9 EC E0 F3 F2 FB 20 20 20 20 20 20 20 20 0D 0A 20 20 20 20 20 20 38 30 30 00 EC F1 20 20 20 33 0D 0A 54   // прием: 39 байт; 08:10:25:684 22.05.2019
// таймаут: 1372 мсек




1B EE   // передача: 2 байт; 08:10:25:731 22.05.2019
// приём по количеству байт: 39 из 39
// принято с порта: 39 байт

0D 0A D2 E0 E9 EC E0 F3 F2 FB 20 20 20 20 20 20 20 20 0D 0A 20 20 20 20 31 30 30 30 30 00 EC F1 20 20 20 34 0D 0A 6E   // прием: 39 байт; 08:10:27:104 22.05.2019
// таймаут: 1373 мсек

Таймауты        
    10000 мс   4
OnTapiStatus event
событие: Call disconnected (Normal Hangup by Remote) 029-190-59-08
OnTapiStatus event
событие: Line is idle 029-190-59-08
OnTapiPortClose event

// О программе
