OnTapiStatus event
событие: Dialing... 029-190-59-08
OnTapiStatus event
событие: Proceeding... 029-190-59-08
OnTapiStatus event
событие: Call disconnected (No Answer by Remote) 029-190-59-08
OnTapiStatus event
событие: Line is idle 029-190-59-08
OnTapiStatus event
событие: Waiting for retry in 59 seconds 029-190-59-08
OnTapiStatus event
событие: Waiting for retry in 58 seconds 029-190-59-08
OnTapiStatus event
событие: Waiting for retry in 57 seconds 029-190-59-08
OnTapiStatus event
событие: Waiting for retry in 56 seconds 029-190-59-08
OnTapiStatus event
событие: Waiting for retry in 55 seconds 029-190-59-08
OnTapiStatus event
событие: Waiting for retry in 54 seconds 029-190-59-08
OnTapiStatus event
событие: Waiting for retry in 53 seconds 029-190-59-08
OnTapiStatus event
событие: Waiting for retry in 52 seconds 029-190-59-08
OnTapiStatus event
событие: Waiting for retry in 51 seconds 029-190-59-08
OnTapiStatus event
событие: Waiting for retry in 50 seconds 029-190-59-08
OnTapiStatus event
событие: Waiting for retry in 49 seconds 029-190-59-08
OnTapiStatus event
событие: Waiting for retry in 48 seconds 029-190-59-08
OnTapiStatus event
событие: Waiting for retry in 47 seconds 029-190-59-08
OnTapiStatus event
событие: Waiting for retry in 46 seconds 029-190-59-08
OnTapiStatus event
событие: Waiting for retry in 45 seconds 029-190-59-08
OnTapiStatus event
событие: Waiting for retry in 44 seconds 029-190-59-08
OnTapiStatus event
событие: Waiting for retry in 43 seconds 029-190-59-08
OnTapiStatus event
событие: Waiting for retry in 42 seconds 029-190-59-08
OnTapiStatus event
событие: Waiting for retry in 41 seconds 029-190-59-08
OnTapiStatus event
событие: Waiting for retry in 40 seconds 029-190-59-08
OnTapiStatus event
событие: Waiting for retry in 39 seconds 029-190-59-08
OnTapiStatus event
событие: Waiting for retry in 38 seconds 029-190-59-08
OnTapiFail event
ошибка: Call disconnected (No Answer by Remote)
OnTapiStatus event
событие: Dialing... 029-190-59-08
OnTapiStatus event
событие: Proceeding... 029-190-59-08
OnTapiStatus event
Last event
OnTapiPortOpen event
OnTapiConnect event
установлено соединение на скорости 9600



1B EE   // передача: 2 байт; 21:07:46:381 22.05.2019
// приём по количеству байт: 39 из 39
// принято с порта: 39 байт

0D 0A CA E0 ED E0 EB 3A 20 32 31 00 20 20 20 20 20 20 0D 0A 20 20 20 20 20 20 20 20 20 20 20 20 20 20 32 31 0D 0A 47   // прием: 39 байт; 21:07:47:678 22.05.2019
// таймаут: 1297 мсек

Канал: 21       
              21



1B EE   // передача: 2 байт; 21:07:48:893 22.05.2019
// приём по количеству байт: 39 из 39
// принято с порта: 39 байт

0D 0A CA E0 ED E0 EB 3A 20 32 31 00 20 20 20 20 20 20 0D 0A 20 20 20 20 20 20 20 20 20 20 20 20 20 20 32 31 0D 0A 47   // прием: 39 байт; 21:07:50:198 22.05.2019
// таймаут: 1305 мсек

Канал: 21       
              21



1B EE   // передача: 2 байт; 21:07:50:861 22.05.2019
// приём по количеству байт: 39 из 39
// принято с порта: 39 байт

0D 0A CA E0 ED E0 EB 3A 20 32 31 00 20 20 20 20 20 20 0D 0A 20 20 20 20 20 20 20 20 20 20 20 20 20 20 32 31 0D 0A 47   // прием: 39 байт; 21:07:52:178 22.05.2019
// таймаут: 1317 мсек

Канал: 21       
              21



1B EE   // передача: 2 байт; 21:07:53:197 22.05.2019
// приём по количеству байт: 39 из 39
// принято с порта: 39 байт

0D 0A CA E0 ED E0 EB 3A 20 32 31 00 20 20 20 20 20 20 0D 0A 20 20 20 20 20 20 20 20 20 20 20 20 20 20 32 31 0D 0A 47   // прием: 39 байт; 21:07:54:559 22.05.2019
// таймаут: 1362 мсек

Канал: 21       
              21



1B EE   // передача: 2 байт; 21:07:55:469 22.05.2019
// приём по количеству байт: 39 из 39
// принято с порта: 39 байт

0D 0A CA E0 ED E0 EB 3A 20 32 31 00 20 20 20 20 20 20 0D 0A 20 20 20 20 20 20 20 20 20 20 20 20 20 20 32 31 0D 0A 47   // прием: 39 байт; 21:07:56:779 22.05.2019
// таймаут: 1310 мсек

Канал: 21       
              21



1B EC   // передача: 2 байт; 21:07:57:517 22.05.2019
// приём по количеству байт: 39 из 39
// принято с порта: 39 байт

0D 0A CA E0 ED E0 EB 3A 20 32 31 00 20 20 20 20 20 20 0D 0A 20 20 20 20 20 20 20 20 20 20 20 20 20 20 32 31 0D 0A 47   // прием: 39 байт; 21:07:58:856 22.05.2019
// таймаут: 1339 мсек




1B EE   // передача: 2 байт; 21:07:58:857 22.05.2019
// приём по количеству байт: 39 из 39
// принято с порта: 39 байт

0D 0A D0 E0 E1 EE F2 E0 20 20 20 20 20 20 20 20 20 20 0D 0A 20 20 20 20 20 20 20 CE CA 20 20 20 20 20 20 20 0D 0A 2E   // прием: 39 байт; 21:08:00:176 22.05.2019
// таймаут: 1319 мсек

Работа          
       ОК       



1B EE   // передача: 2 байт; 21:08:32:604 22.05.2019



1B EC   // передача: 2 байт; 21:08:33:276 22.05.2019
// приём по количеству байт: 39 из 39
// принято с порта: 39 байт

0D 0A D0 E0 E1 EE F2 E0 20 20 20 20 20 20 20 20 20 20 0D 0A 20 20 20 20 20 20 20 CE CA 20 20 20 20 20 20 20 0D 0A 2E   // прием: 39 байт; 21:08:33:936 22.05.2019
// таймаут: 660 мсек




1B EE   // передача: 2 байт; 21:08:33:937 22.05.2019



1B E1   // передача: 2 байт; 21:08:34:532 22.05.2019
// приём по количеству байт: 39 из 39
// принято с порта: 39 байт

0D 0A D0 E0 E1 EE F2 E0 20 20 20 20 20 20 20 20 20 20 0D 0A 20 20 20 20 20 20 20 CE CA 20 20 20 20 20 20 20 0D 0A 2E   // прием: 39 байт; 21:08:34:615 22.05.2019
// таймаут: 83 мсек




1B EE   // передача: 2 байт; 21:08:34:615 22.05.2019
// приём по количеству байт: 39 из 39
// принято с порта: 39 байт

0D 0A CF F0 EE E3 F0 E0 EC EC E0 20 3F 20 20 20 20 20 0D 0A 3E 5F 5F 5F 20 20 20 20 20 20 20 20 20 20 20 20 0D 0A 37   // прием: 39 байт; 21:08:35:275 22.05.2019
// таймаут: 660 мсек

Программа ?     
>___            
// приём по количеству байт: 8 из 0
// принято с порта: 8 байт

0D 0A CF F0 EE E3 F0 E0   // прием: 8 байт; 21:08:35:777 22.05.2019
// таймаут: 1162 мсек

// приём по количеству байт: 8 из 0
// принято с порта: 8 байт

EC EC E0 20 3F 20 20 20   // прием: 8 байт; 21:08:35:778 22.05.2019
// таймаут: 1163 мсек

// приём по количеству байт: 7 из 0
// принято с порта: 7 байт

20 20 0D 0A 3E 5F 5F   // прием: 7 байт; 21:08:35:779 22.05.2019
// таймаут: 1164 мсек

// приём по количеству байт: 5 из 0
// принято с порта: 5 байт

5F 20 20 20 20   // прием: 5 байт; 21:08:35:796 22.05.2019
// таймаут: 1181 мсек

// приём по количеству байт: 8 из 0
// принято с порта: 8 байт

20 20 20 20 20 20 20 20   // прием: 8 байт; 21:08:35:837 22.05.2019
// таймаут: 1222 мсек

// приём по количеству байт: 8 из 0
// принято с порта: 8 байт

0D 0A 37 0D 0A CF F0 EE   // прием: 8 байт; 21:08:35:838 22.05.2019
// таймаут: 1223 мсек

// приём по количеству байт: 7 из 0
// принято с порта: 7 байт

E3 F0 E0 EC EC E0 20   // прием: 7 байт; 21:08:35:839 22.05.2019
// таймаут: 1224 мсек

// приём по количеству байт: 8 из 0
// принято с порта: 8 байт

3F 20 20 20 20 20 0D 0A   // прием: 8 байт; 21:08:35:855 22.05.2019
// таймаут: 1240 мсек

// приём по количеству байт: 4 из 0
// принято с порта: 4 байт

3E 5F 5F 31   // прием: 4 байт; 21:08:35:856 22.05.2019
// таймаут: 1241 мсек

// приём по количеству байт: 8 из 0
// принято с порта: 8 байт

20 20 20 20 20 20 20 20   // прием: 8 байт; 21:08:35:897 22.05.2019
// таймаут: 1282 мсек

// приём по количеству байт: 7 из 0
// принято с порта: 7 байт

20 20 20 20 0D 0A 09   // прием: 7 байт; 21:08:35:898 22.05.2019
// таймаут: 1283 мсек




1B E1   // передача: 2 байт; 21:08:35:923 22.05.2019



1B ED   // передача: 2 байт; 21:08:36:931 22.05.2019
// приём по количеству байт: 39 из 39
// принято с порта: 39 байт

0D 0A CF F0 EE E3 F0 E0 EC EC E0 20 3F 20 20 20 20 20 0D 0A 3E 5F 5F 31 20 20 20 20 20 20 20 20 20 20 20 20 0D 0A 09   // прием: 39 байт; 21:08:37:279 22.05.2019
// таймаут: 348 мсек




1B EE   // передача: 2 байт; 21:08:37:280 22.05.2019



1B EE   // передача: 2 байт; 21:08:37:828 22.05.2019
// приём по количеству байт: 39 из 39
// принято с порта: 39 байт

0D 0A CF F0 EE E3 F0 E0 EC EC E0 20 3F 20 20 20 20 20 0D 0A 3E 5F 31 31 20 20 20 20 20 20 20 20 20 20 20 20 0D 0A DB   // прием: 39 байт; 21:08:38:257 22.05.2019
// таймаут: 429 мсек

Программа ?     
>_11            
// приём по количеству байт: 8 из 0
// принято с порта: 8 байт

0D 0A CF E0 F0 EE EB FC   // прием: 8 байт; 21:08:38:556 22.05.2019
// таймаут: 728 мсек

// приём по количеству байт: 8 из 0
// принято с порта: 8 байт

20 20 20 20 20 20 20 20   // прием: 8 байт; 21:08:38:557 22.05.2019
// таймаут: 729 мсек

// приём по количеству байт: 7 из 0
// принято с порта: 7 байт

20 20 0D 0A 20 20 20   // прием: 7 байт; 21:08:38:558 22.05.2019
// таймаут: 730 мсек

// приём по количеству байт: 5 из 0
// принято с порта: 5 байт

2D 2D 2D 2D 2D   // прием: 5 байт; 21:08:38:575 22.05.2019
// таймаут: 747 мсек

// приём по количеству байт: 8 из 0
// принято с порта: 8 байт

2D 2D 2D 2D 2D 20 20 20   // прием: 8 байт; 21:08:38:616 22.05.2019
// таймаут: 788 мсек

// приём по количеству байт: 3 из 0
// принято с порта: 3 байт

0D 0A 7B   // прием: 3 байт; 21:08:38:617 22.05.2019
// таймаут: 789 мсек

// приём по количеству байт: 8 из 0
// принято с порта: 8 байт

0D 0A CF E0 F0 EE EB FC   // прием: 8 байт; 21:08:39:078 22.05.2019
// таймаут: 1250 мсек

// приём по количеству байт: 8 из 0
// принято с порта: 8 байт

20 20 20 20 20 20 20 20   // прием: 8 байт; 21:08:39:079 22.05.2019
// таймаут: 1251 мсек

// приём по количеству байт: 7 из 0
// принято с порта: 7 байт

20 20 0D 0A 20 20 20   // прием: 7 байт; 21:08:39:080 22.05.2019
// таймаут: 1252 мсек

// приём по количеству байт: 5 из 0
// принято с порта: 5 байт

2D 2D 2D 2D 2D   // прием: 5 байт; 21:08:39:096 22.05.2019
// таймаут: 1268 мсек

// приём по количеству байт: 8 из 0
// принято с порта: 8 байт

2D 2D 2D 2D 2D 20 20 20   // прием: 8 байт; 21:08:39:138 22.05.2019
// таймаут: 1310 мсек

// приём по количеству байт: 3 из 0
// принято с порта: 3 байт

0D 0A 7B   // прием: 3 байт; 21:08:39:139 22.05.2019
// таймаут: 1311 мсек




1B EE   // передача: 2 байт; 21:08:39:476 22.05.2019
// приём по количеству байт: 39 из 39
// принято с порта: 39 байт

0D 0A CF E0 F0 EE EB FC 20 20 20 20 20 20 20 20 20 20 0D 0A 20 20 20 2D 2D 2D 2D 2D 2D 2D 2D 2D 2D 20 20 20 0D 0A 7B   // прием: 39 байт; 21:08:40:818 22.05.2019
// таймаут: 1342 мсек

Пароль          
   ----------   



1B E2   // передача: 2 байт; 21:08:41:908 22.05.2019



1B E6   // передача: 2 байт; 21:08:43:036 22.05.2019
// приём по количеству байт: 39 из 39
// принято с порта: 39 байт

0D 0A CF E0 F0 EE EB FC 20 20 20 20 20 20 20 20 20 20 0D 0A 20 20 20 2D 2D 2D 2D 2D 2D 2D 2D 2D 2D 20 20 20 0D 0A 7B   // прием: 39 байт; 21:08:43:237 22.05.2019
// таймаут: 201 мсек




1B EE   // передача: 2 байт; 21:08:43:237 22.05.2019



1B E1   // передача: 2 байт; 21:08:44:100 22.05.2019
// приём по количеству байт: 39 из 39
// принято с порта: 39 байт

0D 0A CF E0 F0 EE EB FC 20 20 20 20 20 20 20 20 20 20 0D 0A 20 20 20 2A 2D 2D 2D 2D 2D 2D 2D 2D 2D 20 20 20 0D 0A 78   // прием: 39 байт; 21:08:44:377 22.05.2019
// таймаут: 277 мсек




1B EE   // передача: 2 байт; 21:08:44:377 22.05.2019
// приём по количеству байт: 39 из 39
// принято с порта: 39 байт

0D 0A CF E0 F0 EE EB FC 20 20 20 20 20 20 20 20 20 20 0D 0A 20 20 20 2A 2A 2D 2D 2D 2D 2D 2D 2D 2D 20 20 20 0D 0A 75   // прием: 39 байт; 21:08:44:575 22.05.2019
// таймаут: 198 мсек

Пароль          
   **--------   



1B E1   // передача: 2 байт; 21:08:45:196 22.05.2019
// приём по количеству байт: 39 из 39
// принято с порта: 39 байт

0D 0A CF E0 F0 EE EB FC 20 20 20 20 20 20 20 20 20 20 0D 0A 20 20 20 2A 2A 2D 2D 2D 2D 2D 2D 2D 2D 20 20 20 0D 0A 75   // прием: 39 байт; 21:08:45:438 22.05.2019
// таймаут: 242 мсек




1B EE   // передача: 2 байт; 21:08:45:439 22.05.2019
// приём по количеству байт: 39 из 39
// принято с порта: 39 байт

0D 0A CF E0 F0 EE EB FC 20 20 20 20 20 20 20 20 20 20 0D 0A 20 20 20 2A 2A 2A 2D 2D 2D 2D 2D 2D 2D 20 20 20 0D 0A 72   // прием: 39 байт; 21:08:45:715 22.05.2019
// таймаут: 276 мсек

Пароль          
   ***-------   



1B E3   // передача: 2 байт; 21:08:46:244 22.05.2019
// приём по количеству байт: 39 из 39
// принято с порта: 39 байт

0D 0A CF E0 F0 EE EB FC 20 20 20 20 20 20 20 20 20 20 0D 0A 20 20 20 2A 2A 2A 2D 2D 2D 2D 2D 2D 2D 20 20 20 0D 0A 72   // прием: 39 байт; 21:08:46:518 22.05.2019
// таймаут: 274 мсек




1B EE   // передача: 2 байт; 21:08:46:519 22.05.2019
// приём по количеству байт: 39 из 39
// принято с порта: 39 байт

0D 0A CF E0 F0 EE EB FC 20 20 20 20 20 20 20 20 20 20 0D 0A 20 20 20 2A 2A 2A 2A 2D 2D 2D 2D 2D 2D 20 20 20 0D 0A 6F   // прием: 39 байт; 21:08:46:776 22.05.2019
// таймаут: 257 мсек

Пароль          
   ****------   



1B E7   // передача: 2 байт; 21:08:47:372 22.05.2019
// приём по количеству байт: 39 из 39
// принято с порта: 39 байт

0D 0A CF E0 F0 EE EB FC 20 20 20 20 20 20 20 20 20 20 0D 0A 20 20 20 2A 2A 2A 2A 2D 2D 2D 2D 2D 2D 20 20 20 0D 0A 6F   // прием: 39 байт; 21:08:47:556 22.05.2019
// таймаут: 184 мсек




1B EE   // передача: 2 байт; 21:08:47:557 22.05.2019
// приём по количеству байт: 39 из 39
// принято с порта: 39 байт

0D 0A CF E0 F0 EE EB FC 20 20 20 20 20 20 20 20 20 20 0D 0A 20 20 20 2A 2A 2A 2A 2A 2D 2D 2D 2D 2D 20 20 20 0D 0A 6C   // прием: 39 байт; 21:08:47:856 22.05.2019
// таймаут: 299 мсек

Пароль          
   *****-----   



1B E9   // передача: 2 байт; 21:08:48:396 22.05.2019
// приём по количеству байт: 39 из 39
// принято с порта: 39 байт

0D 0A CF E0 F0 EE EB FC 20 20 20 20 20 20 20 20 20 20 0D 0A 20 20 20 2A 2A 2A 2A 2A 2D 2D 2D 2D 2D 20 20 20 0D 0A 6C   // прием: 39 байт; 21:08:48:696 22.05.2019
// таймаут: 300 мсек




1B EE   // передача: 2 байт; 21:08:48:697 22.05.2019
// приём по количеству байт: 39 из 39
// принято с порта: 39 байт

0D 0A CF E0 F0 EE EB FC 20 20 20 20 20 20 20 20 20 20 0D 0A 20 20 20 2A 2A 2A 2A 2A 2A 2D 2D 2D 2D 20 20 20 0D 0A 69   // прием: 39 байт; 21:08:48:895 22.05.2019
// таймаут: 198 мсек

Пароль          
   ******----   



1B E1   // передача: 2 байт; 21:08:49:428 22.05.2019
// приём по количеству байт: 39 из 39
// принято с порта: 39 байт

0D 0A CF E0 F0 EE EB FC 20 20 20 20 20 20 20 20 20 20 0D 0A 20 20 20 2A 2A 2A 2A 2A 2A 2D 2D 2D 2D 20 20 20 0D 0A 69   // прием: 39 байт; 21:08:49:735 22.05.2019
// таймаут: 307 мсек




1B EE   // передача: 2 байт; 21:08:49:735 22.05.2019
// приём по количеству байт: 39 из 39
// принято с порта: 39 байт

0D 0A CF E0 F0 EE EB FC 20 20 20 20 20 20 20 20 20 20 0D 0A 20 20 20 2A 2A 2A 2A 2A 2A 2A 2D 2D 2D 20 20 20 0D 0A 66   // прием: 39 байт; 21:08:50:035 22.05.2019
// таймаут: 300 мсек

Пароль          
   *******---   



1B EE   // передача: 2 байт; 21:08:50:444 22.05.2019
// приём по количеству байт: 39 из 39
// принято с порта: 39 байт

0D 0A CF E0 F0 EE EB FC 20 20 20 20 20 20 20 20 20 20 0D 0A 20 20 20 2A 2A 2A 2A 2A 2A 2A 2D 2D 2D 20 20 20 0D 0A 66   // прием: 39 байт; 21:08:50:755 22.05.2019
// таймаут: 311 мсек

Пароль          
   *******---   
// приём по количеству байт: 8 из 0
// принято с порта: 8 байт

0D 0A CF E0 F0 EE EB FC   // прием: 8 байт; 21:08:51:017 22.05.2019
// таймаут: 573 мсек

// приём по количеству байт: 8 из 0
// принято с порта: 8 байт

20 20 20 20 20 20 20 20   // прием: 8 байт; 21:08:51:018 22.05.2019
// таймаут: 574 мсек

// приём по количеству байт: 7 из 0
// принято с порта: 7 байт

20 20 0D 0A 20 20 20   // прием: 7 байт; 21:08:51:019 22.05.2019
// таймаут: 575 мсек

// приём по количеству байт: 5 из 0
// принято с порта: 5 байт

2A 2A 2A 2A 2A   // прием: 5 байт; 21:08:51:036 22.05.2019
// таймаут: 592 мсек

// приём по количеству байт: 8 из 0
// принято с порта: 8 байт

2A 2A 2A 2D 2D 20 20 20   // прием: 8 байт; 21:08:51:077 22.05.2019
// таймаут: 633 мсек

// приём по количеству байт: 3 из 0
// принято с порта: 3 байт

0D 0A 63   // прием: 3 байт; 21:08:51:078 22.05.2019
// таймаут: 634 мсек

// приём по количеству байт: 8 из 0
// принято с порта: 8 байт

0D 0A CF E0 F0 EE EB FC   // прием: 8 байт; 21:08:51:714 22.05.2019
// таймаут: 1270 мсек

// приём по количеству байт: 8 из 0
// принято с порта: 8 байт

20 20 20 20 20 20 20 20   // прием: 8 байт; 21:08:51:715 22.05.2019
// таймаут: 1271 мсек

// приём по количеству байт: 7 из 0
// принято с порта: 7 байт

20 20 0D 0A 20 20 20   // прием: 7 байт; 21:08:51:716 22.05.2019
// таймаут: 1272 мсек

// приём по количеству байт: 4 из 0
// принято с порта: 4 байт

2A 2A 2A 2A   // прием: 4 байт; 21:08:51:737 22.05.2019
// таймаут: 1293 мсек

// приём по количеству байт: 8 из 0
// принято с порта: 8 байт

2A 2A 2A 2A 2D 2D 20 20   // прием: 8 байт; 21:08:51:834 22.05.2019
// таймаут: 1390 мсек

// приём по количеству байт: 4 из 0
// принято с порта: 4 байт

20 0D 0A 63   // прием: 4 байт; 21:08:51:835 22.05.2019
// таймаут: 1391 мсек




1B EE   // передача: 2 байт; 21:08:53:916 22.05.2019
// приём по количеству байт: 39 из 39
// принято с порта: 39 байт

0D 0A CF E0 F0 EE EB FC 20 20 20 20 20 20 20 20 20 20 0D 0A 20 20 20 2A 2A 2A 2A 2A 2A 2A 2A 2D 2D 20 20 20 0D 0A 63   // прием: 39 байт; 21:08:55:256 22.05.2019
// таймаут: 1340 мсек

Пароль          
   ********--   



1B ED   // передача: 2 байт; 21:08:56:404 22.05.2019
// приём по количеству байт: 39 из 39
// принято с порта: 39 байт

0D 0A CF E0 F0 EE EB FC 20 20 20 20 20 20 20 20 20 20 0D 0A 20 20 20 2A 2A 2A 2A 2A 2A 2A 2A 2D 2D 20 20 20 0D 0A 63   // прием: 39 байт; 21:08:57:738 22.05.2019
// таймаут: 1334 мсек




1B EE   // передача: 2 байт; 21:08:57:739 22.05.2019
// приём по количеству байт: 39 из 39
// принято с порта: 39 байт

0D 0A CD E0 F1 F2 F0 EE E9 EA E0 20 20 20 20 20 20 20 0D 0A 20 20 20 20 20 20 20 CE CA 20 20 20 20 20 20 20 0D 0A 9E   // прием: 39 байт; 21:08:59:077 22.05.2019
// таймаут: 1338 мсек

Настройка       
       ОК       



1B EC   // передача: 2 байт; 21:09:20:642 22.05.2019



1B E9   // передача: 2 байт; 21:09:21:722 22.05.2019
// приём по количеству байт: 39 из 39
// принято с порта: 39 байт

0D 0A CD E0 F1 F2 F0 EE E9 EA E0 20 20 20 20 20 20 20 0D 0A 20 20 20 20 20 20 20 CE CA 20 20 20 20 20 20 20 0D 0A 9E   // прием: 39 байт; 21:09:21:976 22.05.2019
// таймаут: 254 мсек




1B EE   // передача: 2 байт; 21:09:21:976 22.05.2019
// приём по количеству байт: 39 из 39
// принято с порта: 39 байт

0D 0A CF F0 EE E3 F0 E0 EC EC E0 20 3F 20 20 20 20 20 0D 0A 3D 5F 5F 5F 20 20 20 20 20 20 20 20 20 20 20 20 0D 0A 36   // прием: 39 байт; 21:09:23:056 22.05.2019
// таймаут: 1080 мсек

Программа ?     
=___            
// приём по количеству байт: 8 из 0
// принято с порта: 8 байт

0D 0A CF F0 EE E3 F0 E0   // прием: 8 байт; 21:09:23:254 22.05.2019
// таймаут: 1278 мсек

// приём по количеству байт: 8 из 0
// принято с порта: 8 байт

EC EC E0 20 3F 20 20 20   // прием: 8 байт; 21:09:23:254 22.05.2019
// таймаут: 1278 мсек

// приём по количеству байт: 7 из 0
// принято с порта: 7 байт

20 20 0D 0A 3D 5F 5F   // прием: 7 байт; 21:09:23:255 22.05.2019
// таймаут: 1279 мсек

// приём по количеству байт: 5 из 0
// принято с порта: 5 байт

39 20 20 20 20   // прием: 5 байт; 21:09:23:272 22.05.2019
// таймаут: 1296 мсек

// приём по количеству байт: 8 из 0
// принято с порта: 8 байт

20 20 20 20 20 20 20 20   // прием: 8 байт; 21:09:23:314 22.05.2019
// таймаут: 1338 мсек

// приём по количеству байт: 3 из 0
// принято с порта: 3 байт

0D 0A 10   // прием: 3 байт; 21:09:23:314 22.05.2019
// таймаут: 1338 мсек




1B E8   // передача: 2 байт; 21:09:23:602 22.05.2019
// приём по количеству байт: 39 из 39
// принято с порта: 39 байт

0D 0A CF F0 EE E3 F0 E0 EC EC E0 20 3F 20 20 20 20 20 0D 0A 3D 5F 5F 39 20 20 20 20 20 20 20 20 20 20 20 20 0D 0A 10   // прием: 39 байт; 21:09:24:916 22.05.2019
// таймаут: 1314 мсек




1B EE   // передача: 2 байт; 21:09:24:917 22.05.2019
// приём по количеству байт: 39 из 39
// принято с порта: 39 байт

0D 0A CF F0 EE E3 F0 E0 EC EC E0 20 3F 20 20 20 20 20 0D 0A 3D 5F 39 38 20 20 20 20 20 20 20 20 20 20 20 20 0D 0A E9   // прием: 39 байт; 21:09:26:273 22.05.2019
// таймаут: 1356 мсек

Программа ?     
=_98            



1B ED   // передача: 2 байт; 21:09:27:258 22.05.2019



1B EE   // передача: 2 байт; 21:09:27:842 22.05.2019
// приём по количеству байт: 39 из 39
// принято с порта: 39 байт

0D 0A CF F0 EE E3 F0 E0 EC EC E0 20 3F 20 20 20 20 20 0D 0A 3D 5F 39 38 20 20 20 20 20 20 20 20 20 20 20 20 0D 0A E9   // прием: 39 байт; 21:09:28:594 22.05.2019
// таймаут: 752 мсек

Программа ?     
=_98            
// приём по количеству байт: 8 из 0
// принято с порта: 8 байт

0D 0A D2 E0 E9 EC E0 F3   // прием: 8 байт; 21:09:29:235 22.05.2019
// таймаут: 1393 мсек

// приём по количеству байт: 8 из 0
// принято с порта: 8 байт

F2 FB 20 20 20 20 20 20   // прием: 8 байт; 21:09:29:235 22.05.2019
// таймаут: 1393 мсек

// приём по количеству байт: 7 из 0
// принято с порта: 7 байт

20 20 0D 0A 20 20 20   // прием: 7 байт; 21:09:29:237 22.05.2019
// таймаут: 1395 мсек

// приём по количеству байт: 8 из 0
// принято с порта: 8 байт

20 20 20 20 20 38 00 EC   // прием: 8 байт; 21:09:29:253 22.05.2019
// таймаут: 1411 мсек

// приём по количеству байт: 8 из 0
// принято с порта: 8 байт

F1 20 20 20 31 0D 0A 32   // прием: 8 байт; 21:09:29:254 22.05.2019
// таймаут: 1412 мсек

// приём по таймауту: 5000 мс
// принято с порта: 0 байт



1B EE   // передача: 2 байт; 21:10:04:205 22.05.2019
// приём по количеству байт: 39 из 39
// принято с порта: 39 байт

0D 0A D2 E0 E9 EC E0 F3 F2 FB 20 20 20 20 20 20 20 20 0D 0A 20 20 20 20 20 20 20 20 38 00 EC F1 20 20 20 31 0D 0A 32   // прием: 39 байт; 21:10:05:509 22.05.2019
// таймаут: 1304 мсек

Таймауты        
        8 мс   1



1B ED   // передача: 2 байт; 21:10:06:446 22.05.2019
// приём по количеству байт: 39 из 39
// принято с порта: 39 байт

0D 0A D2 E0 E9 EC E0 F3 F2 FB 20 20 20 20 20 20 20 20 0D 0A 20 20 20 20 20 20 20 20 38 00 EC F1 20 20 20 31 0D 0A 32   // прием: 39 байт; 21:10:07:752 22.05.2019
// таймаут: 1306 мсек




1B EE   // передача: 2 байт; 21:10:07:753 22.05.2019
// приём по количеству байт: 39 из 39
// принято с порта: 39 байт

0D 0A D2 E0 E9 EC E0 F3 F2 FB 20 20 20 20 20 20 20 20 0D 0A 20 20 20 20 20 20 20 20 38 00 EC F1 20 20 20 32 0D 0A 33   // прием: 39 байт; 21:10:09:150 22.05.2019
// таймаут: 1397 мсек

Таймауты        
        8 мс   2



1B ED   // передача: 2 байт; 21:10:09:694 22.05.2019
// приём по количеству байт: 39 из 39
// принято с порта: 39 байт

0D 0A D2 E0 E9 EC E0 F3 F2 FB 20 20 20 20 20 20 20 20 0D 0A 20 20 20 20 20 20 20 20 38 00 EC F1 20 20 20 32 0D 0A 33   // прием: 39 байт; 21:10:11:029 22.05.2019
// таймаут: 1335 мсек




1B EE   // передача: 2 байт; 21:10:11:029 22.05.2019
// приём по количеству байт: 39 из 39
// принято с порта: 39 байт

0D 0A D2 E0 E9 EC E0 F3 F2 FB 20 20 20 20 20 20 20 20 0D 0A 20 20 20 20 20 20 38 30 30 00 EC F1 20 20 20 33 0D 0A 54   // прием: 39 байт; 21:10:12:372 22.05.2019
// таймаут: 1343 мсек

Таймауты        
      800 мс   3



1B ED   // передача: 2 байт; 21:10:12:934 22.05.2019
// приём по количеству байт: 39 из 39
// принято с порта: 39 байт

0D 0A D2 E0 E9 EC E0 F3 F2 FB 20 20 20 20 20 20 20 20 0D 0A 20 20 20 20 20 20 38 30 30 00 EC F1 20 20 20 33 0D 0A 54   // прием: 39 байт; 21:10:14:292 22.05.2019
// таймаут: 1358 мсек




1B EE   // передача: 2 байт; 21:10:14:292 22.05.2019
// приём по количеству байт: 39 из 39
// принято с порта: 39 байт

0D 0A D2 E0 E9 EC E0 F3 F2 FB 20 20 20 20 20 20 20 20 0D 0A 20 20 20 20 32 30 30 30 30 00 EC F1 20 20 20 34 0D 0A 6F   // прием: 39 байт; 21:10:15:672 22.05.2019
// таймаут: 1380 мсек

Таймауты        
    20000 мс   4



1B E1   // передача: 2 байт; 21:10:16:886 22.05.2019



1B E0   // передача: 2 байт; 21:10:17:702 22.05.2019
// приём по количеству байт: 39 из 39
// принято с порта: 39 байт

0D 0A D2 E0 E9 EC E0 F3 F2 FB 20 20 20 20 20 20 20 20 0D 0A 20 20 20 20 32 30 30 30 30 00 EC F1 20 20 20 34 0D 0A 6F   // прием: 39 байт; 21:10:18:192 22.05.2019
// таймаут: 490 мсек




1B EE   // передача: 2 байт; 21:10:18:192 22.05.2019
// приём по количеству байт: 39 из 39
// принято с порта: 39 байт

0D 0A D2 E0 E9 EC E0 F3 F2 FB 20 20 20 20 20 20 20 20 0D 0A 20 20 20 5F 5F 5F 5F 5F 31 20 EC F1 20 20 00 34 0D 0A 69   // прием: 39 байт; 21:10:19:031 22.05.2019
// таймаут: 839 мсек

Таймауты        
   _____1 мс   4
// приём по количеству байт: 8 из 0
// принято с порта: 8 байт

0D 0A D2 E0 E9 EC E0 F3   // прием: 8 байт; 21:10:19:469 22.05.2019
// таймаут: 1277 мсек

// приём по количеству байт: 8 из 0
// принято с порта: 8 байт

F2 FB 20 20 20 20 20 20   // прием: 8 байт; 21:10:19:470 22.05.2019
// таймаут: 1278 мсек

// приём по количеству байт: 7 из 0
// принято с порта: 7 байт

20 20 0D 0A 20 20 20   // прием: 7 байт; 21:10:19:471 22.05.2019
// таймаут: 1279 мсек

// приём по количеству байт: 5 из 0
// принято с порта: 5 байт

5F 5F 5F 5F 31   // прием: 5 байт; 21:10:19:488 22.05.2019
// таймаут: 1296 мсек

// приём по количеству байт: 8 из 0
// принято с порта: 8 байт

30 20 EC F1 20 20 00 34   // прием: 8 байт; 21:10:19:529 22.05.2019
// таймаут: 1337 мсек

// приём по количеству байт: 3 из 0
// принято с порта: 3 байт

0D 0A 3A   // прием: 3 байт; 21:10:19:530 22.05.2019
// таймаут: 1338 мсек




1B E0   // передача: 2 байт; 21:10:19:550 22.05.2019



1B E0   // передача: 2 байт; 21:10:20:390 22.05.2019
// приём по количеству байт: 39 из 39
// принято с порта: 39 байт

0D 0A D2 E0 E9 EC E0 F3 F2 FB 20 20 20 20 20 20 20 20 0D 0A 20 20 20 5F 5F 5F 5F 31 30 20 EC F1 20 20 00 34 0D 0A 3A   // прием: 39 байт; 21:10:20:910 22.05.2019
// таймаут: 520 мсек




1B EE   // передача: 2 байт; 21:10:20:910 22.05.2019



1B E0   // передача: 2 байт; 21:10:21:006 22.05.2019
// приём по количеству байт: 39 из 39
// принято с порта: 39 байт

0D 0A D2 E0 E9 EC E0 F3 F2 FB 20 20 20 20 20 20 20 20 0D 0A 20 20 20 5F 5F 5F 31 30 30 20 EC F1 20 20 00 34 0D 0A 0B   // прием: 39 байт; 21:10:21:708 22.05.2019
// таймаут: 702 мсек




1B EE   // передача: 2 байт; 21:10:21:709 22.05.2019



1B ED   // передача: 2 байт; 21:10:21:717 22.05.2019
// приём по количеству байт: 44 из 39
// принято с порта: 44 байт

0D 0A D2 E0 E9 EC E0 F3 F2 FB 20 20 20 20 20 20 20 20 0D 0A 20 20 20 5F 5F 31 30 30 30 20 EC F1 20 20 00 34 0D 0A DC 0D 0A D2 E0 E9   // прием: 44 байт; 21:10:22:231 22.05.2019
// таймаут: 514 мсек

// приём по количеству байт: 73 из 0
// принято с порта: 73 байт

EC E0 F3 F2 FB 20 20 20 20 20 20 20 20 0D 0A 20 20 20 5F 5F 31 30 30 30 20 EC F1 20 20 00 34 0D 0A DC 0D 0A D2 E0 E9 EC E0 F3 F2 FB 20 20 20 20 20 20 20 20 0D 0A 20 20 20 5F 31 30 30 30 30 20 EC F1 20 20 00 34 0D 0A AD   // прием: 73 байт; 21:10:23:497 22.05.2019
// таймаут: 1780 мсек




1B EE   // передача: 2 байт; 21:10:23:951 22.05.2019
// приём по количеству байт: 39 из 39
// принято с порта: 39 байт

0D 0A D2 E0 E9 EC E0 F3 F2 FB 20 20 20 20 20 20 20 20 0D 0A 20 20 20 5F 31 30 30 30 30 20 EC F1 20 20 00 34 0D 0A AD   // прием: 39 байт; 21:10:25:309 22.05.2019
// таймаут: 1358 мсек

Таймауты        
   _10000 мс   4



1B EE   // передача: 2 байт; 21:10:46:002 22.05.2019
// приём по количеству байт: 39 из 39
// принято с порта: 39 байт

0D 0A D2 E0 E9 EC E0 F3 F2 FB 20 20 20 20 20 20 20 20 0D 0A 20 20 20 5F 31 30 30 30 30 20 EC F1 20 20 00 34 0D 0A AD   // прием: 39 байт; 21:10:47:348 22.05.2019
// таймаут: 1346 мсек

Таймауты        
   _10000 мс   4



1B ED   // передача: 2 байт; 21:10:49:722 22.05.2019
// приём по количеству байт: 39 из 39
// принято с порта: 39 байт

0D 0A D2 E0 E9 EC E0 F3 F2 FB 20 20 20 20 20 20 20 20 0D 0A 20 20 20 5F 31 30 30 30 30 20 EC F1 20 20 00 34 0D 0A AD   // прием: 39 байт; 21:10:51:044 22.05.2019
// таймаут: 1322 мсек




1B EE   // передача: 2 байт; 21:10:51:045 22.05.2019
// приём по количеству байт: 39 из 39
// принято с порта: 39 байт

0D 0A D2 E0 E9 EC E0 F3 F2 FB 20 20 20 20 20 20 20 20 0D 0A 20 20 20 20 20 20 20 20 38 00 EC F1 20 20 20 31 0D 0A 32   // прием: 39 байт; 21:10:52:364 22.05.2019
// таймаут: 1319 мсек

Таймауты        
        8 мс   1



1B ED   // передача: 2 байт; 21:10:52:994 22.05.2019
// приём по количеству байт: 39 из 39
// принято с порта: 39 байт

0D 0A D2 E0 E9 EC E0 F3 F2 FB 20 20 20 20 20 20 20 20 0D 0A 20 20 20 20 20 20 20 20 38 00 EC F1 20 20 20 31 0D 0A 32   // прием: 39 байт; 21:10:54:307 22.05.2019
// таймаут: 1313 мсек




1B EE   // передача: 2 байт; 21:10:54:308 22.05.2019



1B ED   // передача: 2 байт; 21:10:55:002 22.05.2019
// приём по количеству байт: 39 из 39
// принято с порта: 39 байт

0D 0A D2 E0 E9 EC E0 F3 F2 FB 20 20 20 20 20 20 20 20 0D 0A 20 20 20 20 20 20 20 20 38 00 EC F1 20 20 20 32 0D 0A 33   // прием: 39 байт; 21:10:55:687 22.05.2019
// таймаут: 685 мсек




1B EE   // передача: 2 байт; 21:10:55:688 22.05.2019
// приём по количеству байт: 39 из 39
// принято с порта: 39 байт

0D 0A D2 E0 E9 EC E0 F3 F2 FB 20 20 20 20 20 20 20 20 0D 0A 20 20 20 20 20 20 20 20 38 00 EC F1 20 20 20 32 0D 0A 33   // прием: 39 байт; 21:10:56:324 22.05.2019
// таймаут: 636 мсек

Таймауты        
        8 мс   2



1B ED   // передача: 2 байт; 21:10:56:809 22.05.2019
// приём по количеству байт: 39 из 39
// принято с порта: 39 байт

0D 0A D2 E0 E9 EC E0 F3 F2 FB 20 20 20 20 20 20 20 20 0D 0A 20 20 20 20 20 20 38 30 30 00 EC F1 20 20 20 33 0D 0A 54   // прием: 39 байт; 21:10:57:087 22.05.2019
// таймаут: 278 мсек




1B EE   // передача: 2 байт; 21:10:57:087 22.05.2019
// приём по количеству байт: 39 из 39
// принято с порта: 39 байт

0D 0A D2 E0 E9 EC E0 F3 F2 FB 20 20 20 20 20 20 20 20 0D 0A 20 20 20 20 20 20 38 30 30 00 EC F1 20 20 20 33 0D 0A 54   // прием: 39 байт; 21:10:58:148 22.05.2019
// таймаут: 1061 мсек

Таймауты        
      800 мс   3
// приём по количеству байт: 8 из 0
// принято с порта: 8 байт

0D 0A D2 E0 E9 EC E0 F3   // прием: 8 байт; 21:10:58:364 22.05.2019
// таймаут: 1277 мсек

// приём по количеству байт: 8 из 0
// принято с порта: 8 байт

F2 FB 20 20 20 20 20 20   // прием: 8 байт; 21:10:58:365 22.05.2019
// таймаут: 1278 мсек

// приём по количеству байт: 7 из 0
// принято с порта: 7 байт

20 20 0D 0A 20 20 20   // прием: 7 байт; 21:10:58:366 22.05.2019
// таймаут: 1279 мсек

// приём по количеству байт: 4 из 0
// принято с порта: 4 байт

20 31 30 30   // прием: 4 байт; 21:10:58:387 22.05.2019
// таймаут: 1300 мсек

// приём по количеству байт: 8 из 0
// принято с порта: 8 байт

30 30 00 EC F1 20 20 20   // прием: 8 байт; 21:10:58:424 22.05.2019
// таймаут: 1337 мсек

// приём по количеству байт: 4 из 0
// принято с порта: 4 байт

34 0D 0A 6E   // прием: 4 байт; 21:10:58:425 22.05.2019
// таймаут: 1338 мсек




1B ED   // передача: 2 байт; 21:10:58:930 22.05.2019
// приём по количеству байт: 39 из 39
// принято с порта: 39 байт

0D 0A D2 E0 E9 EC E0 F3 F2 FB 20 20 20 20 20 20 20 20 0D 0A 20 20 20 20 31 30 30 30 30 00 EC F1 20 20 20 34 0D 0A 6E   // прием: 39 байт; 21:11:00:266 22.05.2019
// таймаут: 1336 мсек




1B EE   // передача: 2 байт; 21:11:00:267 22.05.2019
// приём по количеству байт: 39 из 39
// принято с порта: 39 байт

0D 0A D2 E0 E9 EC E0 F3 F2 FB 20 20 20 20 20 20 20 20 0D 0A 20 20 20 20 20 20 20 20 38 00 EC F1 20 20 20 31 0D 0A 32   // прием: 39 байт; 21:11:01:605 22.05.2019
// таймаут: 1338 мсек

Таймауты        
        8 мс   1



1B ED   // передача: 2 байт; 21:11:02:602 22.05.2019
// приём по количеству байт: 39 из 39
// принято с порта: 39 байт

0D 0A D2 E0 E9 EC E0 F3 F2 FB 20 20 20 20 20 20 20 20 0D 0A 20 20 20 20 20 20 20 20 38 00 EC F1 20 20 20 31 0D 0A 32   // прием: 39 байт; 21:11:03:926 22.05.2019
// таймаут: 1324 мсек




1B EE   // передача: 2 байт; 21:11:03:927 22.05.2019
// приём по количеству байт: 39 из 39
// принято с порта: 39 байт

0D 0A D2 E0 E9 EC E0 F3 F2 FB 20 20 20 20 20 20 20 20 0D 0A 20 20 20 20 20 20 20 20 38 00 EC F1 20 20 20 32 0D 0A 33   // прием: 39 байт; 21:11:05:325 22.05.2019
// таймаут: 1398 мсек

Таймауты        
        8 мс   2



1B ED   // передача: 2 байт; 21:11:05:762 22.05.2019
// приём по количеству байт: 39 из 39
// принято с порта: 39 байт

0D 0A D2 E0 E9 EC E0 F3 F2 FB 20 20 20 20 20 20 20 20 0D 0A 20 20 20 20 20 20 20 20 38 00 EC F1 20 20 20 32 0D 0A 33   // прием: 39 байт; 21:11:07:087 22.05.2019
// таймаут: 1325 мсек




1B EE   // передача: 2 байт; 21:11:07:088 22.05.2019
// приём по количеству байт: 39 из 39
// принято с порта: 39 байт

0D 0A D2 E0 E9 EC E0 F3 F2 FB 20 20 20 20 20 20 20 20 0D 0A 20 20 20 20 20 20 38 30 30 00 EC F1 20 20 20 33 0D 0A 54   // прием: 39 байт; 21:11:08:445 22.05.2019
// таймаут: 1357 мсек

Таймауты        
      800 мс   3



1B ED   // передача: 2 байт; 21:11:09:090 22.05.2019
// приём по количеству байт: 39 из 39
// принято с порта: 39 байт

0D 0A D2 E0 E9 EC E0 F3 F2 FB 20 20 20 20 20 20 20 20 0D 0A 20 20 20 20 20 20 38 30 30 00 EC F1 20 20 20 33 0D 0A 54   // прием: 39 байт; 21:11:10:406 22.05.2019
// таймаут: 1316 мсек




1B EE   // передача: 2 байт; 21:11:10:406 22.05.2019
// приём по количеству байт: 39 из 39
// принято с порта: 39 байт

0D 0A D2 E0 E9 EC E0 F3 F2 FB 20 20 20 20 20 20 20 20 0D 0A 20 20 20 20 31 30 30 30 30 00 EC F1 20 20 20 34 0D 0A 6E   // прием: 39 байт; 21:11:11:786 22.05.2019
// таймаут: 1380 мсек

Таймауты        
    10000 мс   4



1B EC   // передача: 2 байт; 21:11:13:209 22.05.2019
// приём по количеству байт: 39 из 39
// принято с порта: 39 байт

0D 0A D2 E0 E9 EC E0 F3 F2 FB 20 20 20 20 20 20 20 20 0D 0A 20 20 20 20 31 30 30 30 30 00 EC F1 20 20 20 34 0D 0A 6E   // прием: 39 байт; 21:11:14:588 22.05.2019
// таймаут: 1379 мсек




1B EE   // передача: 2 байт; 21:11:14:589 22.05.2019
OnTapiStatus event
событие: Call disconnected (Normal Hangup by Remote) 029-190-59-08
OnTapiStatus event
событие: Line is idle 029-190-59-08
OnTapiPortClose event

// О программе
