OnTapiStatus event
событие: Dialing... 029-190-59-08
OnTapiStatus event
событие: Proceeding... 029-190-59-08
OnTapiStatus event
Last event
OnTapiPortOpen event
OnTapiConnect event
установлено соединение на скорости 9600



1B EC   // передача: 2 байт; 19:28:58:566 22.05.2019
// приём по количеству байт: 39 из 39
// принято с порта: 39 байт

0D 0A D2 E5 EA F3 F9 E5 E5 20 E2 F0 E5 EC FF 20 20 20 0D 0A 20 20 20 20 31 39 3A 32 38 3A 35 34 00 20 20 20 0D 0A 4F   // прием: 39 байт; 19:28:59:883 22.05.2019
// таймаут: 1317 мсек




1B EE   // передача: 2 байт; 19:28:59:884 22.05.2019
// приём по количеству байт: 39 из 39
// принято с порта: 39 байт

0D 0A CF F0 EE E3 F0 E0 EC EC E0 20 3F 20 20 20 20 20 0D 0A 3E 5F 5F 5F 20 20 20 20 20 20 20 20 20 20 20 20 0D 0A 37   // прием: 39 байт; 19:29:01:240 22.05.2019
// таймаут: 1356 мсек

Программа ?     
>___            



1B E1   // передача: 2 байт; 19:29:02:534 22.05.2019
// приём по количеству байт: 39 из 39
// принято с порта: 39 байт

0D 0A CF F0 EE E3 F0 E0 EC EC E0 20 3F 20 20 20 20 20 0D 0A 3E 5F 5F 5F 20 20 20 20 20 20 20 20 20 20 20 20 0D 0A 37   // прием: 39 байт; 19:29:03:844 22.05.2019
// таймаут: 1310 мсек




1B EE   // передача: 2 байт; 19:29:03:844 22.05.2019



1B E1   // передача: 2 байт; 19:29:04:975 22.05.2019
// приём по количеству байт: 39 из 39
// принято с порта: 39 байт

0D 0A CF F0 EE E3 F0 E0 EC EC E0 20 3F 20 20 20 20 20 0D 0A 3E 5F 5F 31 20 20 20 20 20 20 20 20 20 20 20 20 0D 0A 09   // прием: 39 байт; 19:29:05:164 22.05.2019
// таймаут: 189 мсек




1B EE   // передача: 2 байт; 19:29:05:164 22.05.2019



1B ED   // передача: 2 байт; 19:29:05:655 22.05.2019
// приём по количеству байт: 39 из 39
// принято с порта: 39 байт

0D 0A CF F0 EE E3 F0 E0 EC EC E0 20 3F 20 20 20 20 20 0D 0A 3E 5F 5F 31 20 20 20 20 20 20 20 20 20 20 20 20 0D 0A 09   // прием: 39 байт; 19:29:06:281 22.05.2019
// таймаут: 626 мсек




1B EE   // передача: 2 байт; 19:29:06:281 22.05.2019
// приём по количеству байт: 39 из 39
// принято с порта: 39 байт

0D 0A CF F0 EE E3 F0 E0 EC EC E0 20 3F 20 20 20 20 20 0D 0A 3E 5F 31 31 20 20 20 20 20 20 20 20 20 20 20 20 0D 0A DB   // прием: 39 байт; 19:29:06:484 22.05.2019
// таймаут: 203 мсек

Программа ?     
>_11            
// приём по количеству байт: 8 из 0
// принято с порта: 8 байт

0D 0A CF F0 EE E3 F0 E0   // прием: 8 байт; 19:29:06:903 22.05.2019
// таймаут: 622 мсек

// приём по количеству байт: 8 из 0
// принято с порта: 8 байт

EC EC E0 20 3F 20 20 20   // прием: 8 байт; 19:29:06:904 22.05.2019
// таймаут: 623 мсек

// приём по количеству байт: 7 из 0
// принято с порта: 7 байт

20 20 0D 0A 3E 5F 31   // прием: 7 байт; 19:29:06:905 22.05.2019
// таймаут: 624 мсек

// приём по количеству байт: 4 из 0
// принято с порта: 4 байт

31 20 20 20   // прием: 4 байт; 19:29:06:921 22.05.2019
// таймаут: 640 мсек

// приём по количеству байт: 8 из 0
// принято с порта: 8 байт

20 20 20 20 20 20 20 20   // прием: 8 байт; 19:29:06:963 22.05.2019
// таймаут: 682 мсек

// приём по количеству байт: 4 из 0
// принято с порта: 4 байт

20 0D 0A DB   // прием: 4 байт; 19:29:06:964 22.05.2019
// таймаут: 683 мсек

// приём по количеству байт: 8 из 0
// принято с порта: 8 байт

0D 0A CF E0 F0 EE EB FC   // прием: 8 байт; 19:29:07:540 22.05.2019
// таймаут: 1259 мсек

// приём по количеству байт: 8 из 0
// принято с порта: 8 байт

20 20 20 20 20 20 20 20   // прием: 8 байт; 19:29:07:541 22.05.2019
// таймаут: 1260 мсек

// приём по количеству байт: 7 из 0
// принято с порта: 7 байт

20 20 0D 0A 20 20 20   // прием: 7 байт; 19:29:07:541 22.05.2019
// таймаут: 1260 мсек

// приём по количеству байт: 5 из 0
// принято с порта: 5 байт

2D 2D 2D 2D 2D   // прием: 5 байт; 19:29:07:563 22.05.2019
// таймаут: 1282 мсек

// приём по количеству байт: 8 из 0
// принято с порта: 8 байт

2D 2D 2D 2D 2D 20 20 20   // прием: 8 байт; 19:29:07:600 22.05.2019
// таймаут: 1319 мсек

// приём по количеству байт: 3 из 0
// принято с порта: 3 байт

0D 0A 7B   // прием: 3 байт; 19:29:07:600 22.05.2019
// таймаут: 1319 мсек

// приём по таймауту: 5000 мс
// принято с порта: 0 байт



1B EE   // передача: 2 байт; 19:29:27:730 22.05.2019



1B ED   // передача: 2 байт; 19:29:31:689 22.05.2019
// приём по количеству байт: 39 из 39
// принято с порта: 39 байт

0D 0A CF E0 F0 EE EB FC 20 20 20 20 20 20 20 20 20 20 0D 0A 20 20 20 2D 2D 2D 2D 2D 2D 2D 2D 2D 2D 20 20 20 0D 0A 7B   // прием: 39 байт; 19:29:33:573 22.05.2019
// таймаут: 1884 мсек




1B EE   // передача: 2 байт; 19:29:33:574 22.05.2019
// приём по количеству байт: 43 из 39
// принято с порта: 43 байт

1B ED 44 4C 0D 0A CF E0 F0 EE EB FC 20 20 20 20 20 20 20 20 20 20 0D 0A 20 20 20 2D 2D 2D 2D 2D 2D 2D 2D 2D 2D 20 20 20 0D 0A 7B   // прием: 43 байт; 19:29:34:947 22.05.2019
// таймаут: 1373 мсек




1B EE   // передача: 2 байт; 19:29:45:088 22.05.2019
// приём по количеству байт: 39 из 39
// принято с порта: 39 байт

0D 0A CF E0 F0 EE EB FC 20 20 20 20 20 20 20 20 20 20 0D 0A 20 20 20 2D 2D 2D 2D 2D 2D 2D 2D 2D 2D 20 20 20 0D 0A 7B   // прием: 39 байт; 19:29:46:488 22.05.2019
// таймаут: 1400 мсек

Пароль          
   ----------   



1B E2   // передача: 2 байт; 19:29:47:632 22.05.2019
// приём по количеству байт: 39 из 39
// принято с порта: 39 байт

0D 0A CF E0 F0 EE EB FC 20 20 20 20 20 20 20 20 20 20 0D 0A 20 20 20 2D 2D 2D 2D 2D 2D 2D 2D 2D 2D 20 20 20 0D 0A 7B   // прием: 39 байт; 19:29:49:008 22.05.2019
// таймаут: 1376 мсек




1B EE   // передача: 2 байт; 19:29:49:009 22.05.2019



1B E6   // передача: 2 байт; 19:29:49:415 22.05.2019
// приём по количеству байт: 39 из 39
// принято с порта: 39 байт

0D 0A CF E0 F0 EE EB FC 20 20 20 20 20 20 20 20 20 20 0D 0A 20 20 20 2A 2D 2D 2D 2D 2D 2D 2D 2D 2D 20 20 20 0D 0A 78   // прием: 39 байт; 19:29:50:406 22.05.2019
// таймаут: 991 мсек




1B EE   // передача: 2 байт; 19:29:50:407 22.05.2019
// приём по количеству байт: 39 из 39
// принято с порта: 39 байт

0D 0A CF E0 F0 EE EB FC 20 20 20 20 20 20 20 20 20 20 0D 0A 20 20 20 2A 2D 2D 2D 2D 2D 2D 2D 2D 2D 20 20 20 0D 0A 78   // прием: 39 байт; 19:29:50:808 22.05.2019
// таймаут: 401 мсек

Пароль          
   *---------   



1B E1   // передача: 2 байт; 19:29:51:071 22.05.2019
// приём по количеству байт: 39 из 39
// принято с порта: 39 байт

0D 0A CF E0 F0 EE EB FC 20 20 20 20 20 20 20 20 20 20 0D 0A 20 20 20 2A 2A 2D 2D 2D 2D 2D 2D 2D 2D 20 20 20 0D 0A 75   // прием: 39 байт; 19:29:51:847 22.05.2019
// таймаут: 776 мсек




1B EE   // передача: 2 байт; 19:29:51:847 22.05.2019
// приём по количеству байт: 39 из 39
// принято с порта: 39 байт

0D 0A CF E0 F0 EE EB FC 20 20 20 20 20 20 20 20 20 20 0D 0A 20 20 20 2A 2A 2D 2D 2D 2D 2D 2D 2D 2D 20 20 20 0D 0A 75   // прием: 39 байт; 19:29:52:488 22.05.2019
// таймаут: 641 мсек

Пароль          
   **--------   
// приём по количеству байт: 8 из 0
// принято с порта: 8 байт

0D 0A CF E0 F0 EE EB FC   // прием: 8 байт; 19:29:53:226 22.05.2019
// таймаут: 1379 мсек

// приём по количеству байт: 8 из 0
// принято с порта: 8 байт

20 20 20 20 20 20 20 20   // прием: 8 байт; 19:29:53:226 22.05.2019
// таймаут: 1379 мсек

// приём по количеству байт: 7 из 0
// принято с порта: 7 байт

20 20 0D 0A 20 20 20   // прием: 7 байт; 19:29:53:227 22.05.2019
// таймаут: 1380 мсек

// приём по количеству байт: 8 из 0
// принято с порта: 8 байт

2A 2A 2A 2D 2D 2D 2D 2D   // прием: 8 байт; 19:29:53:244 22.05.2019
// таймаут: 1397 мсек

// приём по количеству байт: 8 из 0
// принято с порта: 8 байт

2D 2D 20 20 20 0D 0A 72   // прием: 8 байт; 19:29:53:245 22.05.2019
// таймаут: 1398 мсек




1B E1   // передача: 2 байт; 19:29:53:287 22.05.2019
// приём по количеству байт: 39 из 39
// принято с порта: 39 байт

0D 0A CF E0 F0 EE EB FC 20 20 20 20 20 20 20 20 20 20 0D 0A 20 20 20 2A 2A 2A 2D 2D 2D 2D 2D 2D 2D 20 20 20 0D 0A 72   // прием: 39 байт; 19:29:54:726 22.05.2019
// таймаут: 1439 мсек




1B EE   // передача: 2 байт; 19:29:54:727 22.05.2019
// приём по количеству байт: 39 из 39
// принято с порта: 39 байт

0D 0A CF E0 F0 EE EB FC 20 20 20 20 20 20 20 20 20 20 0D 0A 20 20 20 2A 2A 2A 2A 2D 2D 2D 2D 2D 2D 20 20 20 0D 0A 6F   // прием: 39 байт; 19:29:56:125 22.05.2019
// таймаут: 1398 мсек

Пароль          
   ****------   



1B EE   // передача: 2 байт; 19:29:56:392 22.05.2019



1B E3   // передача: 2 байт; 19:29:57:560 22.05.2019
// приём по количеству байт: 39 из 39
// принято с порта: 39 байт

0D 0A CF E0 F0 EE EB FC 20 20 20 20 20 20 20 20 20 20 0D 0A 20 20 20 2A 2A 2A 2A 2D 2D 2D 2D 2D 2D 20 20 20 0D 0A 6F   // прием: 39 байт; 19:29:57:805 22.05.2019
// таймаут: 245 мсек




1B EE   // передача: 2 байт; 19:29:57:806 22.05.2019
// приём по количеству байт: 39 из 39
// принято с порта: 39 байт

0D 0A CF E0 F0 EE EB FC 20 20 20 20 20 20 20 20 20 20 0D 0A 20 20 20 2A 2A 2A 2A 2D 2D 2D 2D 2D 2D 20 20 20 0D 0A 6F   // прием: 39 байт; 19:29:58:968 22.05.2019
// таймаут: 1162 мсек

Пароль          
   ****------   
// приём по количеству байт: 8 из 0
// принято с порта: 8 байт

0D 0A CF E0 F0 EE EB FC   // прием: 8 байт; 19:29:59:166 22.05.2019
// таймаут: 1360 мсек

// приём по количеству байт: 8 из 0
// принято с порта: 8 байт

20 20 20 20 20 20 20 20   // прием: 8 байт; 19:29:59:167 22.05.2019
// таймаут: 1361 мсек

// приём по количеству байт: 7 из 0
// принято с порта: 7 байт

20 20 0D 0A 20 20 20   // прием: 7 байт; 19:29:59:168 22.05.2019
// таймаут: 1362 мсек

// приём по количеству байт: 4 из 0
// принято с порта: 4 байт

2A 2A 2A 2A   // прием: 4 байт; 19:29:59:185 22.05.2019
// таймаут: 1379 мсек

// приём по количеству байт: 8 из 0
// принято с порта: 8 байт

2A 2D 2D 2D 2D 2D 20 20   // прием: 8 байт; 19:29:59:226 22.05.2019
// таймаут: 1420 мсек

// приём по количеству байт: 4 из 0
// принято с порта: 4 байт

20 0D 0A 6C   // прием: 4 байт; 19:29:59:227 22.05.2019
// таймаут: 1421 мсек




1B E7   // передача: 2 байт; 19:29:59:296 22.05.2019



1B E9   // передача: 2 байт; 19:30:00:936 22.05.2019



1B E1   // передача: 2 байт; 19:30:02:912 22.05.2019



1B EE   // передача: 2 байт; 19:30:03:704 22.05.2019



1B EE   // передача: 2 байт; 19:30:07:487 22.05.2019
// приём по количеству байт: 43 из 39
// принято с порта: 43 байт

0D 0A CF E0 F0 EE EB FC 20 20 20 20 20 20 20 20 20 20 0D 0A 20 20 20 2A 2A 2A 2A 2A 2D 2D 2D 2D 2D 20 20 20 0D 0A 6C 0D 0A CF E0   // прием: 43 байт; 19:30:09:167 22.05.2019
// таймаут: 1680 мсек

// приём по количеству байт: 113 из 0
// принято с порта: 113 байт

F0 EE EB FC 20 20 20 20 20 20 20 20 20 20 0D 0A 20 20 20 2A 2A 2A 2A 2A 2A 2D 2D 2D 2D 20 20 20 0D 0A 69 0D 0A CF E0 F0 EE EB FC 20 20 20 20 20 20 20 20 20 20 0D 0A 20 20 20 2A 2A 2A 2A 2A 2A 2A 2D 2D 2D 20 20 20 0D 0A 66 0D 0A CF E0 F0 EE EB FC 20 20 20 20 20 20 20 20 20 20 0D 0A 20 20 20 2A 2A 2A 2A 2A 2A 2A 2A 2D 2D 20 20 20 0D 0A 63   // прием: 113 байт; 19:30:10:344 22.05.2019
// таймаут: 2857 мсек




1B EE   // передача: 2 байт; 19:30:11:006 22.05.2019
// приём по количеству байт: 39 из 39
// принято с порта: 39 байт

0D 0A CF E0 F0 EE EB FC 20 20 20 20 20 20 20 20 20 20 0D 0A 20 20 20 2A 2A 2A 2A 2A 2A 2A 2A 2D 2D 20 20 20 0D 0A 63   // прием: 39 байт; 19:30:12:425 22.05.2019
// таймаут: 1419 мсек

Пароль          
   ********--   



1B ED   // передача: 2 байт; 19:30:14:119 22.05.2019
// приём по количеству байт: 39 из 39
// принято с порта: 39 байт

0D 0A CF E0 F0 EE EB FC 20 20 20 20 20 20 20 20 20 20 0D 0A 20 20 20 2A 2A 2A 2A 2A 2A 2A 2A 2D 2D 20 20 20 0D 0A 63   // прием: 39 байт; 19:30:15:546 22.05.2019
// таймаут: 1427 мсек




1B EE   // передача: 2 байт; 19:30:15:546 22.05.2019
// приём по количеству байт: 39 из 39
// принято с порта: 39 байт

0D 0A CD E0 F1 F2 F0 EE E9 EA E0 20 20 20 20 20 20 20 0D 0A 20 20 20 20 20 20 20 CE CA 20 20 20 20 20 20 20 0D 0A 9E   // прием: 39 байт; 19:30:17:004 22.05.2019
// таймаут: 1458 мсек

Настройка       
       ОК       



1B EC   // передача: 2 байт; 19:30:17:935 22.05.2019



1B E9   // передача: 2 байт; 19:30:19:111 22.05.2019
// приём по количеству байт: 39 из 39
// принято с порта: 39 байт

0D 0A CD E0 F1 F2 F0 EE E9 EA E0 20 20 20 20 20 20 20 0D 0A 20 20 20 20 20 20 20 CE CA 20 20 20 20 20 20 20 0D 0A 9E   // прием: 39 байт; 19:30:19:344 22.05.2019
// таймаут: 233 мсек




1B EE   // передача: 2 байт; 19:30:19:345 22.05.2019



1B E8   // передача: 2 байт; 19:30:20:215 22.05.2019
// приём по количеству байт: 39 из 39
// принято с порта: 39 байт

0D 0A CF F0 EE E3 F0 E0 EC EC E0 20 3F 20 20 20 20 20 0D 0A 3D 5F 5F 5F 20 20 20 20 20 20 20 20 20 20 20 20 0D 0A 36   // прием: 39 байт; 19:30:20:526 22.05.2019
// таймаут: 311 мсек




1B EE   // передача: 2 байт; 19:30:20:526 22.05.2019
// приём по количеству байт: 39 из 39
// принято с порта: 39 байт

0D 0A CF F0 EE E3 F0 E0 EC EC E0 20 3F 20 20 20 20 20 0D 0A 3D 5F 5F 39 20 20 20 20 20 20 20 20 20 20 20 20 0D 0A 10   // прием: 39 байт; 19:30:20:766 22.05.2019
// таймаут: 240 мсек

Программа ?     
=__9            



1B ED   // передача: 2 байт; 19:30:21:391 22.05.2019
// приём по количеству байт: 39 из 39
// принято с порта: 39 байт

0D 0A CF F0 EE E3 F0 E0 EC EC E0 20 3F 20 20 20 20 20 0D 0A 3D 5F 5F 39 20 20 20 20 20 20 20 20 20 20 20 20 0D 0A 10   // прием: 39 байт; 19:30:21:624 22.05.2019
// таймаут: 233 мсек




1B EE   // передача: 2 байт; 19:30:21:625 22.05.2019
// приём по количеству байт: 39 из 39
// принято с порта: 39 байт

0D 0A CF F0 EE E3 F0 E0 EC EC E0 20 3F 20 20 20 20 20 0D 0A 3D 5F 39 38 20 20 20 20 20 20 20 20 20 20 20 20 0D 0A E9   // прием: 39 байт; 19:30:21:947 22.05.2019
// таймаут: 322 мсек

Программа ?     
=_98            



1B ED   // передача: 2 байт; 19:30:22:455 22.05.2019
// приём по количеству байт: 39 из 39
// принято с порта: 39 байт

0D 0A CF F0 EE E3 F0 E0 EC EC E0 20 3F 20 20 20 20 20 0D 0A 3D 5F 39 38 20 20 20 20 20 20 20 20 20 20 20 20 0D 0A E9   // прием: 39 байт; 19:30:22:787 22.05.2019
// таймаут: 332 мсек




1B EE   // передача: 2 байт; 19:30:22:788 22.05.2019



1B ED   // передача: 2 байт; 19:30:23:390 22.05.2019
// приём по количеству байт: 39 из 39
// принято с порта: 39 байт

0D 0A D2 E0 E9 EC E0 F3 F2 FB 20 20 20 20 20 20 20 20 0D 0A 20 20 20 20 20 20 20 20 38 00 EC F1 20 20 20 31 0D 0A 32   // прием: 39 байт; 19:30:23:465 22.05.2019
// таймаут: 75 мсек




1B EE   // передача: 2 байт; 19:30:23:466 22.05.2019
// приём по количеству байт: 39 из 39
// принято с порта: 39 байт

0D 0A D2 E0 E9 EC E0 F3 F2 FB 20 20 20 20 20 20 20 20 0D 0A 20 20 20 20 20 20 20 20 38 00 EC F1 20 20 20 31 0D 0A 32   // прием: 39 байт; 19:30:23:825 22.05.2019
// таймаут: 359 мсек

Таймауты        
        8 мс   1
// приём по количеству байт: 8 из 0
// принято с порта: 8 байт

0D 0A D2 E0 E9 EC E0 F3   // прием: 8 байт; 19:30:24:143 22.05.2019
// таймаут: 677 мсек

// приём по количеству байт: 8 из 0
// принято с порта: 8 байт

F2 FB 20 20 20 20 20 20   // прием: 8 байт; 19:30:24:144 22.05.2019
// таймаут: 678 мсек

// приём по количеству байт: 7 из 0
// принято с порта: 7 байт

20 20 0D 0A 20 20 20   // прием: 7 байт; 19:30:24:145 22.05.2019
// таймаут: 679 мсек

// приём по количеству байт: 5 из 0
// принято с порта: 5 байт

20 20 20 20 20   // прием: 5 байт; 19:30:24:166 22.05.2019
// таймаут: 700 мсек

// приём по количеству байт: 8 из 0
// принято с порта: 8 байт

38 00 EC F1 20 20 20 32   // прием: 8 байт; 19:30:24:203 22.05.2019
// таймаут: 737 мсек

// приём по количеству байт: 3 из 0
// принято с порта: 3 байт

0D 0A 33   // прием: 3 байт; 19:30:24:204 22.05.2019
// таймаут: 738 мсек




1B EE   // передача: 2 байт; 19:30:24:206 22.05.2019
// приём по количеству байт: 39 из 39
// принято с порта: 39 байт

0D 0A D2 E0 E9 EC E0 F3 F2 FB 20 20 20 20 20 20 20 20 0D 0A 20 20 20 20 20 20 20 20 38 00 EC F1 20 20 20 32 0D 0A 33   // прием: 39 байт; 19:30:24:767 22.05.2019
// таймаут: 561 мсек

Таймауты        
        8 мс   2
// приём по количеству байт: 8 из 0
// принято с порта: 8 байт

0D 0A D2 E0 E9 EC E0 F3   // прием: 8 байт; 19:30:24:826 22.05.2019
// таймаут: 620 мсек

// приём по количеству байт: 8 из 0
// принято с порта: 8 байт

F2 FB 20 20 20 20 20 20   // прием: 8 байт; 19:30:24:827 22.05.2019
// таймаут: 621 мсек

// приём по количеству байт: 7 из 0
// принято с порта: 7 байт

20 20 0D 0A 20 20 20   // прием: 7 байт; 19:30:24:828 22.05.2019
// таймаут: 622 мсек

// приём по количеству байт: 4 из 0
// принято с порта: 4 байт

20 20 20 38   // прием: 4 байт; 19:30:24:845 22.05.2019
// таймаут: 639 мсек

// приём по количеству байт: 8 из 0
// принято с порта: 8 байт

30 30 00 EC F1 20 20 20   // прием: 8 байт; 19:30:24:886 22.05.2019
// таймаут: 680 мсек

// приём по количеству байт: 4 из 0
// принято с порта: 4 байт

33 0D 0A 54   // прием: 4 байт; 19:30:24:887 22.05.2019
// таймаут: 681 мсек

// приём по количеству байт: 8 из 0
// принято с порта: 8 байт

0D 0A D2 E0 E9 EC E0 F3   // прием: 8 байт; 19:30:25:565 22.05.2019
// таймаут: 1359 мсек

// приём по количеству байт: 8 из 0
// принято с порта: 8 байт

F2 FB 20 20 20 20 20 20   // прием: 8 байт; 19:30:25:565 22.05.2019
// таймаут: 1359 мсек

// приём по количеству байт: 7 из 0
// принято с порта: 7 байт

20 20 0D 0A 20 20 20   // прием: 7 байт; 19:30:25:566 22.05.2019
// таймаут: 1360 мсек

// приём по количеству байт: 5 из 0
// принято с порта: 5 байт

20 20 20 38 30   // прием: 5 байт; 19:30:25:583 22.05.2019
// таймаут: 1377 мсек

// приём по количеству байт: 8 из 0
// принято с порта: 8 байт

30 00 EC F1 20 20 20 33   // прием: 8 байт; 19:30:25:643 22.05.2019
// таймаут: 1437 мсек

// приём по количеству байт: 3 из 0
// принято с порта: 3 байт

0D 0A 54   // прием: 3 байт; 19:30:25:644 22.05.2019
// таймаут: 1438 мсек




1B EE   // передача: 2 байт; 19:30:27:142 22.05.2019
// приём по количеству байт: 39 из 39
// принято с порта: 39 байт

0D 0A D2 E0 E9 EC E0 F3 F2 FB 20 20 20 20 20 20 20 20 0D 0A 20 20 20 20 20 20 38 30 30 00 EC F1 20 20 20 33 0D 0A 54   // прием: 39 байт; 19:30:28:584 22.05.2019
// таймаут: 1442 мсек

Таймауты        
      800 мс   3



1B EE   // передача: 2 байт; 19:30:29:910 22.05.2019
// приём по количеству байт: 39 из 39
// принято с порта: 39 байт

0D 0A D2 E0 E9 EC E0 F3 F2 FB 20 20 20 20 20 20 20 20 0D 0A 20 20 20 20 20 20 38 30 30 00 EC F1 20 20 20 33 0D 0A 54   // прием: 39 байт; 19:30:31:325 22.05.2019
// таймаут: 1415 мсек

Таймауты        
      800 мс   3



1B ED   // передача: 2 байт; 19:30:32:311 22.05.2019



1B EE   // передача: 2 байт; 19:30:32:919 22.05.2019
// приём по количеству байт: 39 из 39
// принято с порта: 39 байт

0D 0A D2 E0 E9 EC E0 F3 F2 FB 20 20 20 20 20 20 20 20 0D 0A 20 20 20 20 20 20 38 30 30 00 EC F1 20 20 20 33 0D 0A 54   // прием: 39 байт; 19:30:33:726 22.05.2019
// таймаут: 807 мсек

Таймауты        
      800 мс   3
// приём по количеству байт: 8 из 0
// принято с порта: 8 байт

0D 0A D2 E0 E9 EC E0 F3   // прием: 8 байт; 19:30:34:265 22.05.2019
// таймаут: 1346 мсек

// приём по количеству байт: 8 из 0
// принято с порта: 8 байт

F2 FB 20 20 20 20 20 20   // прием: 8 байт; 19:30:34:266 22.05.2019
// таймаут: 1347 мсек

// приём по количеству байт: 7 из 0
// принято с порта: 7 байт

20 20 0D 0A 20 20 20   // прием: 7 байт; 19:30:34:267 22.05.2019
// таймаут: 1348 мсек

// приём по количеству байт: 5 из 0
// принято с порта: 5 байт

20 31 30 30 30   // прием: 5 байт; 19:30:34:284 22.05.2019
// таймаут: 1365 мсек

// приём по количеству байт: 8 из 0
// принято с порта: 8 байт

30 00 EC F1 20 20 20 34   // прием: 8 байт; 19:30:34:325 22.05.2019
// таймаут: 1406 мсек

// приём по количеству байт: 3 из 0
// принято с порта: 3 байт

0D 0A 6E   // прием: 3 байт; 19:30:34:326 22.05.2019
// таймаут: 1407 мсек




1B EE   // передача: 2 байт; 19:30:36:167 22.05.2019
// приём по количеству байт: 39 из 39
// принято с порта: 39 байт

0D 0A D2 E0 E9 EC E0 F3 F2 FB 20 20 20 20 20 20 20 20 0D 0A 20 20 20 20 31 30 30 30 30 00 EC F1 20 20 20 34 0D 0A 6E   // прием: 39 байт; 19:30:37:584 22.05.2019
// таймаут: 1417 мсек

Таймауты        
    10000 мс   4



1B E2   // передача: 2 байт; 19:30:39:054 22.05.2019



1B E0   // передача: 2 байт; 19:30:40:167 22.05.2019
// приём по количеству байт: 39 из 39
// принято с порта: 39 байт

0D 0A D2 E0 E9 EC E0 F3 F2 FB 20 20 20 20 20 20 20 20 0D 0A 20 20 20 20 31 30 30 30 30 00 EC F1 20 20 20 34 0D 0A 6E   // прием: 39 байт; 19:30:40:524 22.05.2019
// таймаут: 357 мсек




1B EE   // передача: 2 байт; 19:30:40:524 22.05.2019
// приём по количеству байт: 39 из 39
// принято с порта: 39 байт

0D 0A D2 E0 E9 EC E0 F3 F2 FB 20 20 20 20 20 20 20 20 0D 0A 20 20 20 5F 5F 5F 5F 5F 32 20 EC F1 20 20 00 34 0D 0A 6A   // прием: 39 байт; 19:30:41:585 22.05.2019
// таймаут: 1061 мсек

Таймауты        
   _____2 мс   4



1B E0   // передача: 2 байт; 19:30:41:758 22.05.2019
// приём по количеству байт: 39 из 39
// принято с порта: 39 байт

0D 0A D2 E0 E9 EC E0 F3 F2 FB 20 20 20 20 20 20 20 20 0D 0A 20 20 20 5F 5F 5F 5F 32 30 20 EC F1 20 20 00 34 0D 0A 3B   // прием: 39 байт; 19:30:41:945 22.05.2019
// таймаут: 187 мсек




1B EE   // передача: 2 байт; 19:30:41:946 22.05.2019



1B E0   // передача: 2 байт; 19:30:42:694 22.05.2019
// приём по количеству байт: 39 из 39
// принято с порта: 39 байт

0D 0A D2 E0 E9 EC E0 F3 F2 FB 20 20 20 20 20 20 20 20 0D 0A 20 20 20 5F 5F 5F 5F 32 30 20 EC F1 20 20 00 34 0D 0A 3B   // прием: 39 байт; 19:30:43:164 22.05.2019
// таймаут: 470 мсек




1B EE   // передача: 2 байт; 19:30:43:164 22.05.2019
// приём по количеству байт: 39 из 39
// принято с порта: 39 байт

0D 0A D2 E0 E9 EC E0 F3 F2 FB 20 20 20 20 20 20 20 20 0D 0A 20 20 20 5F 5F 5F 32 30 30 20 EC F1 20 20 00 34 0D 0A 0C   // прием: 39 байт; 19:30:43:367 22.05.2019
// таймаут: 203 мсек

Таймауты        
   ___200 мс   4



1B E0   // передача: 2 байт; 19:30:43:590 22.05.2019
// приём по количеству байт: 39 из 39
// принято с порта: 39 байт

0D 0A D2 E0 E9 EC E0 F3 F2 FB 20 20 20 20 20 20 20 20 0D 0A 20 20 20 5F 5F 5F 32 30 30 20 EC F1 20 20 00 34 0D 0A 0C   // прием: 39 байт; 19:30:44:105 22.05.2019
// таймаут: 515 мсек




1B EE   // передача: 2 байт; 19:30:44:106 22.05.2019



1B EE   // передача: 2 байт; 19:30:44:303 22.05.2019
// приём по количеству байт: 39 из 39
// принято с порта: 39 байт

0D 0A D2 E0 E9 EC E0 F3 F2 FB 20 20 20 20 20 20 20 20 0D 0A 20 20 20 5F 5F 32 30 30 30 20 EC F1 20 20 00 34 0D 0A DD   // прием: 39 байт; 19:30:44:585 22.05.2019
// таймаут: 282 мсек

Таймауты        
   __2000 мс   4
// приём по количеству байт: 8 из 0
// принято с порта: 8 байт

0D 0A D2 E0 E9 EC E0 F3   // прием: 8 байт; 19:30:44:945 22.05.2019
// таймаут: 642 мсек

// приём по количеству байт: 8 из 0
// принято с порта: 8 байт

F2 FB 20 20 20 20 20 20   // прием: 8 байт; 19:30:44:945 22.05.2019
// таймаут: 642 мсек

// приём по количеству байт: 7 из 0
// принято с порта: 7 байт

20 20 0D 0A 20 20 20   // прием: 7 байт; 19:30:44:946 22.05.2019
// таймаут: 643 мсек

// приём по количеству байт: 8 из 0
// принято с порта: 8 байт

5F 5F 32 30 30 30 20 EC   // прием: 8 байт; 19:30:44:963 22.05.2019
// таймаут: 660 мсек

// приём по количеству байт: 8 из 0
// принято с порта: 8 байт

F1 20 20 00 34 0D 0A DD   // прием: 8 байт; 19:30:44:964 22.05.2019
// таймаут: 661 мсек

// приём по количеству байт: 8 из 0
// принято с порта: 8 байт

0D 0A D2 E0 E9 EC E0 F3   // прием: 8 байт; 19:30:45:466 22.05.2019
// таймаут: 1163 мсек

// приём по количеству байт: 8 из 0
// принято с порта: 8 байт

F2 FB 20 20 20 20 20 20   // прием: 8 байт; 19:30:45:467 22.05.2019
// таймаут: 1164 мсек

// приём по количеству байт: 7 из 0
// принято с порта: 7 байт

20 20 0D 0A 20 20 20   // прием: 7 байт; 19:30:45:468 22.05.2019
// таймаут: 1165 мсек

// приём по количеству байт: 4 из 0
// принято с порта: 4 байт

5F 32 30 30   // прием: 4 байт; 19:30:45:484 22.05.2019
// таймаут: 1181 мсек

// приём по количеству байт: 8 из 0
// принято с порта: 8 байт

30 30 20 EC F1 20 20 00   // прием: 8 байт; 19:30:45:526 22.05.2019
// таймаут: 1223 мсек

// приём по количеству байт: 4 из 0
// принято с порта: 4 байт

34 0D 0A AE   // прием: 4 байт; 19:30:45:527 22.05.2019
// таймаут: 1224 мсек

// приём по количеству байт: 8 из 0
// принято с порта: 8 байт

0D 0A D2 E0 E9 EC E0 F3   // прием: 8 байт; 19:30:45:664 22.05.2019
// таймаут: 1361 мсек

// приём по количеству байт: 8 из 0
// принято с порта: 8 байт

F2 FB 20 20 20 20 20 20   // прием: 8 байт; 19:30:45:665 22.05.2019
// таймаут: 1362 мсек

// приём по количеству байт: 7 из 0
// принято с порта: 7 байт

20 20 0D 0A 20 20 20   // прием: 7 байт; 19:30:45:666 22.05.2019
// таймаут: 1363 мсек

// приём по количеству байт: 5 из 0
// принято с порта: 5 байт

5F 32 30 30 30   // прием: 5 байт; 19:30:45:683 22.05.2019
// таймаут: 1380 мсек

// приём по количеству байт: 8 из 0
// принято с порта: 8 байт

30 20 EC F1 20 20 00 34   // прием: 8 байт; 19:30:45:724 22.05.2019
// таймаут: 1421 мсек

// приём по количеству байт: 3 из 0
// принято с порта: 3 байт

0D 0A AE   // прием: 3 байт; 19:30:45:725 22.05.2019
// таймаут: 1422 мсек




1B EE   // передача: 2 байт; 19:30:46:630 22.05.2019
// приём по количеству байт: 39 из 39
// принято с порта: 39 байт

0D 0A D2 E0 E9 EC E0 F3 F2 FB 20 20 20 20 20 20 20 20 0D 0A 20 20 20 5F 32 30 30 30 30 20 EC F1 20 20 00 34 0D 0A AE   // прием: 39 байт; 19:30:48:047 22.05.2019
// таймаут: 1417 мсек

Таймауты        
   _20000 мс   4



1B ED   // передача: 2 байт; 19:30:49:231 22.05.2019
// приём по количеству байт: 39 из 39
// принято с порта: 39 байт

0D 0A D2 E0 E9 EC E0 F3 F2 FB 20 20 20 20 20 20 20 20 0D 0A 20 20 20 5F 32 30 30 30 30 20 EC F1 20 20 00 34 0D 0A AE   // прием: 39 байт; 19:30:50:646 22.05.2019
// таймаут: 1415 мсек




1B EE   // передача: 2 байт; 19:30:50:646 22.05.2019
// приём по количеству байт: 39 из 39
// принято с порта: 39 байт

0D 0A D2 E0 E9 EC E0 F3 F2 FB 20 20 20 20 20 20 20 20 0D 0A 20 20 20 20 20 20 20 20 38 00 EC F1 20 20 20 31 0D 0A 32   // прием: 39 байт; 19:30:52:044 22.05.2019
// таймаут: 1398 мсек

Таймауты        
        8 мс   1



1B ED   // передача: 2 байт; 19:30:52:143 22.05.2019



1B ED   // передача: 2 байт; 19:30:53:119 22.05.2019
// приём по количеству байт: 39 из 39
// принято с порта: 39 байт

0D 0A D2 E0 E9 EC E0 F3 F2 FB 20 20 20 20 20 20 20 20 0D 0A 20 20 20 20 20 20 20 20 38 00 EC F1 20 20 20 31 0D 0A 32   // прием: 39 байт; 19:30:53:567 22.05.2019
// таймаут: 448 мсек




1B EE   // передача: 2 байт; 19:30:53:568 22.05.2019
// приём по количеству байт: 39 из 39
// принято с порта: 39 байт

0D 0A D2 E0 E9 EC E0 F3 F2 FB 20 20 20 20 20 20 20 20 0D 0A 20 20 20 20 20 20 20 20 38 00 EC F1 20 20 20 32 0D 0A 33   // прием: 39 байт; 19:30:54:527 22.05.2019
// таймаут: 959 мсек

Таймауты        
        8 мс   2
// приём по количеству байт: 8 из 0
// принято с порта: 8 байт

0D 0A D2 E0 E9 EC E0 F3   // прием: 8 байт; 19:30:54:923 22.05.2019
// таймаут: 1355 мсек

// приём по количеству байт: 8 из 0
// принято с порта: 8 байт

F2 FB 20 20 20 20 20 20   // прием: 8 байт; 19:30:54:924 22.05.2019
// таймаут: 1356 мсек

// приём по количеству байт: 7 из 0
// принято с порта: 7 байт

20 20 0D 0A 20 20 20   // прием: 7 байт; 19:30:54:925 22.05.2019
// таймаут: 1357 мсек

// приём по количеству байт: 4 из 0
// принято с порта: 4 байт

20 20 20 38   // прием: 4 байт; 19:30:54:946 22.05.2019
// таймаут: 1378 мсек

// приём по количеству байт: 8 из 0
// принято с порта: 8 байт

30 30 00 EC F1 20 20 20   // прием: 8 байт; 19:30:54:983 22.05.2019
// таймаут: 1415 мсек

// приём по количеству байт: 4 из 0
// принято с порта: 4 байт

33 0D 0A 54   // прием: 4 байт; 19:30:54:984 22.05.2019
// таймаут: 1416 мсек




1B ED   // передача: 2 байт; 19:30:55:071 22.05.2019
// приём по количеству байт: 39 из 39
// принято с порта: 39 байт

0D 0A D2 E0 E9 EC E0 F3 F2 FB 20 20 20 20 20 20 20 20 0D 0A 20 20 20 20 20 20 38 30 30 00 EC F1 20 20 20 33 0D 0A 54   // прием: 39 байт; 19:30:57:803 22.05.2019
// таймаут: 2732 мсек




1B EE   // передача: 2 байт; 19:30:57:803 22.05.2019



1B ED   // передача: 2 байт; 19:30:58:573 22.05.2019
// приём по количеству байт: 39 из 39
// принято с порта: 39 байт

0D 0A D2 E0 E9 EC E0 F3 F2 FB 20 20 20 20 20 20 20 20 0D 0A 20 20 20 20 32 30 30 30 30 00 EC F1 20 20 20 34 0D 0A 6F   // прием: 39 байт; 19:30:59:284 22.05.2019
// таймаут: 711 мсек




1B EE   // передача: 2 байт; 19:30:59:285 22.05.2019
// приём по количеству байт: 39 из 39
// принято с порта: 39 байт

0D 0A D2 E0 E9 EC E0 F3 F2 FB 20 20 20 20 20 20 20 20 0D 0A 20 20 20 20 32 30 30 30 30 00 EC F1 20 20 20 34 0D 0A 6F   // прием: 39 байт; 19:30:59:986 22.05.2019
// таймаут: 701 мсек

Таймауты        
    20000 мс   4
// приём по количеству байт: 8 из 0
// принято с порта: 8 байт

0D 0A D2 E0 E9 EC E0 F3   // прием: 8 байт; 19:31:00:645 22.05.2019
// таймаут: 1360 мсек

// приём по количеству байт: 8 из 0
// принято с порта: 8 байт

F2 FB 20 20 20 20 20 20   // прием: 8 байт; 19:31:00:646 22.05.2019
// таймаут: 1361 мсек

// приём по количеству байт: 7 из 0
// принято с порта: 7 байт

20 20 0D 0A 20 20 20   // прием: 7 байт; 19:31:00:647 22.05.2019
// таймаут: 1362 мсек

// приём по количеству байт: 4 из 0
// принято с порта: 4 байт

20 20 20 20   // прием: 4 байт; 19:31:00:664 22.05.2019
// таймаут: 1379 мсек

// приём по количеству байт: 8 из 0
// принято с порта: 8 байт

20 38 00 EC F1 20 20 20   // прием: 8 байт; 19:31:00:705 22.05.2019
// таймаут: 1420 мсек

// приём по количеству байт: 4 из 0
// принято с порта: 4 байт

31 0D 0A 32   // прием: 4 байт; 19:31:00:706 22.05.2019
// таймаут: 1421 мсек




1B EC   // передача: 2 байт; 19:31:02:717 22.05.2019
// приём по количеству байт: 39 из 39
// принято с порта: 39 байт

0D 0A D2 E0 E9 EC E0 F3 F2 FB 20 20 20 20 20 20 20 20 0D 0A 20 20 20 20 20 20 20 20 38 00 EC F1 20 20 20 31 0D 0A 32   // прием: 39 байт; 19:31:04:084 22.05.2019
// таймаут: 1367 мсек




1B EE   // передача: 2 байт; 19:31:04:084 22.05.2019
// приём по количеству байт: 39 из 39
// принято с порта: 39 байт

0D 0A CF F0 EE E3 F0 E0 EC EC E0 20 3F 20 20 20 20 20 0D 0A 3D 5F 5F 5F 20 20 20 20 20 20 20 20 20 20 20 20 0D 0A 36   // прием: 39 байт; 19:31:05:506 22.05.2019
// таймаут: 1422 мсек

Программа ?     
=___            



1B E1   // передача: 2 байт; 19:31:06:798 22.05.2019
// приём по количеству байт: 39 из 39
// принято с порта: 39 байт

0D 0A CF F0 EE E3 F0 E0 EC EC E0 20 3F 20 20 20 20 20 0D 0A 3D 5F 5F 5F 20 20 20 20 20 20 20 20 20 20 20 20 0D 0A 36   // прием: 39 байт; 19:31:08:201 22.05.2019
// таймаут: 1403 мсек




1B EE   // передача: 2 байт; 19:31:08:201 22.05.2019



1B E5   // передача: 2 байт; 19:31:08:925 22.05.2019



1B EE   // передача: 2 байт; 19:31:09:542 22.05.2019
// приём по количеству байт: 39 из 39
// принято с порта: 39 байт

0D 0A CF F0 EE E3 F0 E0 EC EC E0 20 3F 20 20 20 20 20 0D 0A 3D 5F 5F 31 20 20 20 20 20 20 20 20 20 20 20 20 0D 0A 08   // прием: 39 байт; 19:31:09:586 22.05.2019
// таймаут: 44 мсек

Программа ?     
=__1            
// приём по количеству байт: 8 из 0
// принято с порта: 8 байт

0D 0A CF F0 EE E3 F0 E0   // прием: 8 байт; 19:31:10:283 22.05.2019
// таймаут: 741 мсек

// приём по количеству байт: 8 из 0
// принято с порта: 8 байт

EC EC E0 20 3F 20 20 20   // прием: 8 байт; 19:31:10:283 22.05.2019
// таймаут: 741 мсек

// приём по количеству байт: 7 из 0
// принято с порта: 7 байт

20 20 0D 0A 3D 5F 5F   // прием: 7 байт; 19:31:10:284 22.05.2019
// таймаут: 742 мсек

// приём по количеству байт: 5 из 0
// принято с порта: 5 байт

31 20 20 20 20   // прием: 5 байт; 19:31:10:306 22.05.2019
// таймаут: 764 мсек

// приём по количеству байт: 8 из 0
// принято с порта: 8 байт

20 20 20 20 20 20 20 20   // прием: 8 байт; 19:31:10:342 22.05.2019
// таймаут: 800 мсек

// приём по количеству байт: 3 из 0
// принято с порта: 3 байт

0D 0A 08   // прием: 3 байт; 19:31:10:343 22.05.2019
// таймаут: 801 мсек

// приём по количеству байт: 8 из 0
// принято с порта: 8 байт

0D 0A CF F0 EE E3 F0 E0   // прием: 8 байт; 19:31:10:883 22.05.2019
// таймаут: 1341 мсек

// приём по количеству байт: 8 из 0
// принято с порта: 8 байт

EC EC E0 20 3F 20 20 20   // прием: 8 байт; 19:31:10:883 22.05.2019
// таймаут: 1341 мсек

// приём по количеству байт: 7 из 0
// принято с порта: 7 байт

20 20 0D 0A 3D 5F 31   // прием: 7 байт; 19:31:10:884 22.05.2019
// таймаут: 1342 мсек

// приём по количеству байт: 5 из 0
// принято с порта: 5 байт

35 20 20 20 20   // прием: 5 байт; 19:31:10:906 22.05.2019
// таймаут: 1364 мсек




1B EE   // передача: 2 байт; 19:31:10:926 22.05.2019
// приём по количеству байт: 46 из 39
// принято с порта: 46 байт

20 20 20 20 20 20 20 20 0D 0A DE 0D 0A CF F0 EE E3 F0 E0 EC EC E0 20 3F 20 20 20 20 20 0D 0A 3D 5F 31 35 20 20 20 20 20 20 20 20 20 20 20   // прием: 46 байт; 19:31:12:346 22.05.2019
// таймаут: 1420 мсек

// приём по количеству байт: 4 из 0
// принято с порта: 4 байт

20 0D 0A DE   // прием: 4 байт; 19:31:13:200 22.05.2019
// таймаут: 2274 мсек




1B EE   // передача: 2 байт; 19:31:13:790 22.05.2019



1B EE   // передача: 2 байт; 19:31:16:990 22.05.2019



1B E5   // передача: 2 байт; 19:31:19:749 22.05.2019



1B EE   // передача: 2 байт; 19:31:20:293 22.05.2019



1B EE   // передача: 2 байт; 19:31:24:261 22.05.2019
// приём по количеству байт: 39 из 39
// принято с порта: 39 байт

0D 0A CA E0 ED E0 EB 3A 20 31 20 00 20 20 20 20 20 20 0D 0A 20 20 20 20 20 20 20 20 20 20 20 20 20 20 20 20 0D 0A 12   // прием: 39 байт; 19:31:25:162 22.05.2019
// таймаут: 901 мсек

Канал: 1        
                
// приём по количеству байт: 8 из 0
// принято с порта: 8 байт

0D 0A CA E0 ED E0 EB 3A   // прием: 8 байт; 19:31:25:624 22.05.2019
// таймаут: 1363 мсек

// приём по количеству байт: 8 из 0
// принято с порта: 8 байт

20 31 20 00 20 20 20 20   // прием: 8 байт; 19:31:25:625 22.05.2019
// таймаут: 1364 мсек

// приём по количеству байт: 7 из 0
// принято с порта: 7 байт

20 20 0D 0A 20 20 20   // прием: 7 байт; 19:31:25:626 22.05.2019
// таймаут: 1365 мсек

// приём по количеству байт: 5 из 0
// принято с порта: 5 байт

20 20 20 20 20   // прием: 5 байт; 19:31:25:643 22.05.2019
// таймаут: 1382 мсек

// приём по количеству байт: 8 из 0
// принято с порта: 8 байт

20 20 20 20 20 20 20 20   // прием: 8 байт; 19:31:25:684 22.05.2019
// таймаут: 1423 мсек

// приём по количеству байт: 3 из 0
// принято с порта: 3 байт

0D 0A 12   // прием: 3 байт; 19:31:25:685 22.05.2019
// таймаут: 1424 мсек

// приём по таймауту: 5000 мс
// принято с порта: 0 байт



1B EE   // передача: 2 байт; 19:31:41:229 22.05.2019
// приём по таймауту: 5000 мс
// принято с порта: 0 байт
// приём по количеству байт: 8 из 0
// принято с порта: 8 байт

0D 0A CA E0 ED E0 EB 3A   // прием: 8 байт; 19:31:46:485 22.05.2019
// таймаут: 5256 мсек

// приём по количеству байт: 8 из 0
// принято с порта: 8 байт

20 35 20 00 20 20 20 20   // прием: 8 байт; 19:31:46:486 22.05.2019
// таймаут: 5257 мсек

// приём по количеству байт: 7 из 0
// принято с порта: 7 байт

20 20 0D 0A 20 20 20   // прием: 7 байт; 19:31:46:487 22.05.2019
// таймаут: 5258 мсек

// приём по количеству байт: 4 из 0
// принято с порта: 4 байт

20 20 20 20   // прием: 4 байт; 19:31:46:504 22.05.2019
// таймаут: 5275 мсек

// приём по количеству байт: 8 из 0
// принято с порта: 8 байт

20 20 20 20 20 20 20 20   // прием: 8 байт; 19:31:46:545 22.05.2019
// таймаут: 5316 мсек

// приём по количеству байт: 4 из 0
// принято с порта: 4 байт

20 0D 0A 16   // прием: 4 байт; 19:31:46:546 22.05.2019
// таймаут: 5317 мсек

// приём по таймауту: 5000 мс
// принято с порта: 0 байт
OnTapiStatus event
событие: Call disconnected (Normal Hangup by Remote) 029-190-59-08
OnTapiStatus event
событие: Line is idle 029-190-59-08
OnTapiPortClose event

// О программе
