
OnTapiStatus event
событие: Dialing... 029-190-59-08
OnTapiStatus event
событие: Proceeding... 029-190-59-08
OnTapiStatus event
Last event
OnTapiPortOpen event
OnTapiConnect event
установлено соединение на скорости 9600

CA E0 EB FE EC ED FB 20 

00 00 08 00 F6 0C 45 DE   // передача: 8 байт; 21:54:53:215 22.05.2019
// приём по количеству байт: 9 из 9
// принято с порта: 9 байт

01 00 09 00 F6 00 00 37 F3   // прием: 9 байт; 21:54:54:440 22.05.2019
// таймаут: 1225 мсек


CA E0 EB FE EC ED FB 20 

00 00 07 00 F7 D4 47   // передача: 7 байт; 21:54:54:441 22.05.2019
// приём по количеству байт: 39 из 39
// принято с порта: 39 байт

01 00 27 00 F7 CF F0 EE E3 F0 E0 EC EC E0 20 3F 20 20 20 20 20 3D 5F 5F 5F 20 20 20 20 20 20 20 20 20 20 20 20 1B 1E   // прием: 39 байт; 21:54:55:677 22.05.2019
// таймаут: 1236 мсек

Программа ?     
=___            

CA E0 EB FE EC ED FB 20 

00 00 08 00 F6 04 44 18   // передача: 8 байт; 21:54:56:871 22.05.2019
// приём по количеству байт: 9 из 9
// принято с порта: 9 байт

01 00 09 00 F6 00 00 37 F3   // прием: 9 байт; 21:54:58:100 22.05.2019
// таймаут: 1229 мсек


CA E0 EB FE EC ED FB 20 

00 00 07 00 F7 D4 47   // передача: 7 байт; 21:54:58:101 22.05.2019

CA E0 EB FE EC ED FB 20 

00 00 08 00 F6 00 45 DB   // передача: 8 байт; 21:54:58:367 22.05.2019

CA E0 EB FE EC ED FB 20 

00 00 08 00 F6 04 44 18   // передача: 8 байт; 21:54:59:207 22.05.2019
// приём по количеству байт: 16 из 9
// принято с порта: 16 байт

01 00 27 00 F7 CF F0 EE E3 F0 E0 EC EC E0 20 3F   // прием: 16 байт; 21:54:59:319 22.05.2019
// таймаут: 112 мсек

// приём по количеству байт: 15 из 9
// принято с порта: 15 байт

20 20 20 20 20 3D 5F 5F 34 20 20 20 20 20 20   // прием: 15 байт; 21:54:59:337 22.05.2019
// таймаут: 130 мсек

// приём по количеству байт: 16 из 9
// принято с порта: 16 байт

20 20 20 20 20 20 80 35 01 00 09 00 F6 00 00 37   // прием: 16 байт; 21:54:59:600 22.05.2019
// таймаут: 393 мсек


CA E0 EB FE EC ED FB 20 

00 00 08 00 F6 0D 84 1E   // передача: 8 байт; 21:54:59:903 22.05.2019
// приём по количеству байт: 9 из 9
// принято с порта: 9 байт

F3 01 00 09 00 F6 00 00 37   // прием: 9 байт; 21:55:00:440 22.05.2019
// таймаут: 537 мсек


CA E0 EB FE EC ED FB 20 

00 00 07 00 F7 D4 47   // передача: 7 байт; 21:55:00:479 22.05.2019
// приём по количеству байт: 41 из 39
// принято с порта: 41 байт

F3 01 00 09 00 F6 00 00 37 F3 01 00 27 00 F7 20 20 D0 E0 E7 EC E5 F0 20 E1 EB EE EA E0 20 20 2E 36 20 EF EE EB F3 F7 E0 F1   // прием: 41 байт; 21:55:01:718 22.05.2019
// таймаут: 1239 мсек


CA E0 EB FE EC ED FB 20 

00 00 07 00 F7 D4 47   // передача: 7 байт; 21:55:03:679 22.05.2019
// приём по количеству байт: 39 из 39
// принято с порта: 39 байт

EE E2 20 20 20 20 9D 5D 01 00 27 00 F7 20 20 D0 E0 E7 EC E5 F0 20 E1 EB EE EA E0 20 20 2E 36 20 EF EE EB F3 F7 E0 F1   // прием: 39 байт; 21:55:04:916 22.05.2019
// таймаут: 1237 мсек


CA E0 EB FE EC ED FB 20 

00 00 07 00 F7 D4 47   // передача: 7 байт; 21:55:07:111 22.05.2019
// приём по количеству байт: 39 из 39
// принято с порта: 39 байт

EE E2 20 20 20 20 9D 5D 01 00 27 00 F7 20 20 20 EF F0 E8 20 EE EF F0 EE F1 E5 20 20 20 2E 36 20 EF EE EB F3 F7 E0 F1   // прием: 39 байт; 21:55:08:396 22.05.2019
// таймаут: 1285 мсек

// приём по таймауту: 5000 мс
// принято с порта: 8 байт

EE E2 20 20 20 20 63 00   // прием: 8 байт; 21:55:13:404 22.05.2019
// таймаут: 6293 мсек




1B EE   // передача: 2 байт; 21:55:13:415 22.05.2019
// приём по количеству байт: 39 из 39
// принято с порта: 39 байт

0D 0A 20 20 D0 E0 E7 EC E5 F0 20 E1 EB EE EA E0 20 20 0D 0A 2E 36 20 EF EE EB F3 F7 E0 F1 EE E2 20 20 20 20 0D 0A 18   // прием: 39 байт; 21:55:14:697 22.05.2019
// таймаут: 1282 мсек

  Размер блока  
.6 получасов    
OnTapiStatus event
событие: Call disconnected (Normal Hangup by Remote) 029-190-59-08
OnTapiStatus event
событие: Line is idle 029-190-59-08
OnTapiPortClose event

// О программе
