OnTapiStatus event
событие: Dialing... 029-190-59-08
OnTapiStatus event
событие: Proceeding... 029-190-59-08
OnTapiStatus event
Last event
OnTapiPortOpen event
OnTapiConnect event
установлено соединение на скорости 9600



1B EE   // передача: 2 байт; 20:30:16:405 22.05.2019
// приём по количеству байт: 39 из 39
// принято с порта: 39 байт

0D 0A D0 E0 E1 EE F2 E0 20 20 20 20 20 20 20 20 20 20 0D 0A 20 20 20 20 20 20 20 CE CA 20 20 20 20 20 20 20 0D 0A 2E   // прием: 39 байт; 20:30:17:706 22.05.2019
// таймаут: 1301 мсек

Работа          
       ОК       



1B EC   // передача: 2 байт; 20:30:19:101 22.05.2019
// приём по количеству байт: 39 из 39
// принято с порта: 39 байт

0D 0A D0 E0 E1 EE F2 E0 20 20 20 20 20 20 20 20 20 20 0D 0A 20 20 20 20 20 20 20 CE CA 20 20 20 20 20 20 20 0D 0A 2E   // прием: 39 байт; 20:30:20:387 22.05.2019
// таймаут: 1286 мсек




1B EE   // передача: 2 байт; 20:30:20:387 22.05.2019



1B EE   // передача: 2 байт; 20:30:21:549 22.05.2019
// приём по количеству байт: 39 из 39
// принято с порта: 39 байт

0D 0A CF F0 EE E3 F0 E0 EC EC E0 20 3F 20 20 20 20 20 0D 0A 3D 5F 5F 5F 20 20 20 20 20 20 20 20 20 20 20 20 0D 0A 36   // прием: 39 байт; 20:30:21:744 22.05.2019
// таймаут: 195 мсек

Программа ?     
=___            
// приём по количеству байт: 8 из 0
// принято с порта: 8 байт

0D 0A CF F0 EE E3 F0 E0   // прием: 8 байт; 20:30:22:786 22.05.2019
// таймаут: 1237 мсек

// приём по количеству байт: 8 из 0
// принято с порта: 8 байт

EC EC E0 20 3F 20 20 20   // прием: 8 байт; 20:30:22:787 22.05.2019
// таймаут: 1238 мсек

// приём по количеству байт: 7 из 0
// принято с порта: 7 байт

20 20 0D 0A 3D 5F 5F   // прием: 7 байт; 20:30:22:788 22.05.2019
// таймаут: 1239 мсек

// приём по количеству байт: 4 из 0
// принято с порта: 4 байт

5F 20 20 20   // прием: 4 байт; 20:30:22:804 22.05.2019
// таймаут: 1255 мсек

// приём по количеству байт: 8 из 0
// принято с порта: 8 байт

20 20 20 20 20 20 20 20   // прием: 8 байт; 20:30:22:846 22.05.2019
// таймаут: 1297 мсек

// приём по количеству байт: 4 из 0
// принято с порта: 4 байт

20 0D 0A 36   // прием: 4 байт; 20:30:22:847 22.05.2019
// таймаут: 1298 мсек




1B E1   // передача: 2 байт; 20:30:23:388 22.05.2019
// приём по количеству байт: 39 из 39
// принято с порта: 39 байт

0D 0A CF F0 EE E3 F0 E0 EC EC E0 20 3F 20 20 20 20 20 0D 0A 3D 5F 5F 5F 20 20 20 20 20 20 20 20 20 20 20 20 0D 0A 36   // прием: 39 байт; 20:30:24:685 22.05.2019
// таймаут: 1297 мсек




1B EE   // передача: 2 байт; 20:30:24:685 22.05.2019



1B E5   // передача: 2 байт; 20:30:25:061 22.05.2019
// приём по количеству байт: 39 из 39
// принято с порта: 39 байт

0D 0A CF F0 EE E3 F0 E0 EC EC E0 20 3F 20 20 20 20 20 0D 0A 3D 5F 5F 31 20 20 20 20 20 20 20 20 20 20 20 20 0D 0A 08   // прием: 39 байт; 20:30:25:986 22.05.2019
// таймаут: 925 мсек




1B EE   // передача: 2 байт; 20:30:25:986 22.05.2019
// приём по количеству байт: 39 из 39
// принято с порта: 39 байт

0D 0A CF F0 EE E3 F0 E0 EC EC E0 20 3F 20 20 20 20 20 0D 0A 3D 5F 5F 31 20 20 20 20 20 20 20 20 20 20 20 20 0D 0A 08   // прием: 39 байт; 20:30:26:346 22.05.2019
// таймаут: 360 мсек

Программа ?     
=__1            



1B ED   // передача: 2 байт; 20:30:26:805 22.05.2019
// приём по количеству байт: 39 из 39
// принято с порта: 39 байт

0D 0A CF F0 EE E3 F0 E0 EC EC E0 20 3F 20 20 20 20 20 0D 0A 3D 5F 31 35 20 20 20 20 20 20 20 20 20 20 20 20 0D 0A DE   // прием: 39 байт; 20:30:27:287 22.05.2019
// таймаут: 482 мсек




1B EE   // передача: 2 байт; 20:30:27:288 22.05.2019



1B EE   // передача: 2 байт; 20:30:27:533 22.05.2019
// приём по количеству байт: 39 из 39
// принято с порта: 39 байт

0D 0A CF F0 EE E3 F0 E0 EC EC E0 20 3F 20 20 20 20 20 0D 0A 3D 5F 31 35 20 20 20 20 20 20 20 20 20 20 20 20 0D 0A DE   // прием: 39 байт; 20:30:28:104 22.05.2019
// таймаут: 571 мсек

Программа ?     
=_15            
// приём по количеству байт: 8 из 0
// принято с порта: 8 байт

0D 0A D0 E0 E1 EE F2 E0   // прием: 8 байт; 20:30:28:524 22.05.2019
// таймаут: 991 мсек

// приём по количеству байт: 8 из 0
// принято с порта: 8 байт

20 20 20 20 20 20 20 20   // прием: 8 байт; 20:30:28:524 22.05.2019
// таймаут: 991 мсек

// приём по количеству байт: 7 из 0
// принято с порта: 7 байт

20 20 0D 0A 20 20 20   // прием: 7 байт; 20:30:28:525 22.05.2019
// таймаут: 992 мсек

// приём по количеству байт: 5 из 0
// принято с порта: 5 байт

20 20 20 20 CE   // прием: 5 байт; 20:30:28:547 22.05.2019
// таймаут: 1014 мсек

// приём по количеству байт: 8 из 0
// принято с порта: 8 байт

CA 20 20 20 20 20 20 20   // прием: 8 байт; 20:30:28:584 22.05.2019
// таймаут: 1051 мсек

// приём по количеству байт: 3 из 0
// принято с порта: 3 байт

0D 0A 2E   // прием: 3 байт; 20:30:28:584 22.05.2019
// таймаут: 1051 мсек

// приём по количеству байт: 8 из 0
// принято с порта: 8 байт

0D 0A D0 E0 E1 EE F2 E0   // прием: 8 байт; 20:30:28:764 22.05.2019
// таймаут: 1231 мсек

// приём по количеству байт: 8 из 0
// принято с порта: 8 байт

20 20 20 20 20 20 20 20   // прием: 8 байт; 20:30:28:764 22.05.2019
// таймаут: 1231 мсек

// приём по количеству байт: 7 из 0
// принято с порта: 7 байт

20 20 0D 0A 20 20 20   // прием: 7 байт; 20:30:28:765 22.05.2019
// таймаут: 1232 мсек

// приём по количеству байт: 5 из 0
// принято с порта: 5 байт

20 20 20 20 CE   // прием: 5 байт; 20:30:28:787 22.05.2019
// таймаут: 1254 мсек

// приём по количеству байт: 8 из 0
// принято с порта: 8 байт

CA 20 20 20 20 20 20 20   // прием: 8 байт; 20:30:28:824 22.05.2019
// таймаут: 1291 мсек

// приём по количеству байт: 3 из 0
// принято с порта: 3 байт

0D 0A 2E   // прием: 3 байт; 20:30:28:824 22.05.2019
// таймаут: 1291 мсек




1B EE   // передача: 2 байт; 20:30:28:877 22.05.2019
// приём по количеству байт: 39 из 39
// принято с порта: 39 байт

0D 0A D0 E0 E1 EE F2 E0 20 20 20 20 20 20 20 20 20 20 0D 0A 20 20 20 20 20 20 20 CE CA 20 20 20 20 20 20 20 0D 0A 2E   // прием: 39 байт; 20:30:30:167 22.05.2019
// таймаут: 1290 мсек

Работа          
       ОК       
OnTapiStatus event
событие: Call disconnected (Normal Hangup by Remote) 029-190-59-08
OnTapiStatus event
событие: Line is idle 029-190-59-08
OnTapiPortClose event

// О программе
