IdTCPClient - BeforeBind   // 19:04:36:645 24.10.2022
IdTCPClient - SocketAllocated   // 19:04:36:646 24.10.2022
IdTCPClient - AfterBind   // 19:04:36:646 24.10.2022
Событие: Connecting to 128.65.7.227.   // 19:04:36:646 24.10.2022
Событие: Connected.   // 19:04:36:813 24.10.2022
Установлено соединение c сокетом: 128.65.7.227:7777   // 19:04:36:814 24.10.2022


00 00 07 00 F7 D4 47   // передача: 7 байт; 19:04:39:821 24.10.2022


55 00 00 11 FF F0 00 00 07 00 F7 D4 47 21 B3 8C 7D   // передача: 17 байт; 19:04:39:821 24.10.2022
// принято 39 байт (доступно 39 из 39 байт)   // 19:04:42:033 24.10.2022
// принято с сокета: 39 байт

01 00 27 00 F7 CA E0 ED E0 EB 3A 20 31 37 00 20 20 20 20 20 20 20 20 20 20 20 20 20 20 20 20 20 20 20 20 20 20 56 51   // прием: 39 байт; 19:04:42:033 24.10.2022
// таймаут: 2212 мсек

Eaiae: 17       
                


00 00 07 00 F7 D4 47   // передача: 7 байт; 19:04:44:004 24.10.2022


55 00 00 11 FF F0 00 00 07 00 F7 D4 47 21 B3 8C 7D   // передача: 17 байт; 19:04:44:005 24.10.2022


00 00 07 00 F7 D4 47   // передача: 7 байт; 19:04:45:740 24.10.2022


55 00 00 11 FF F0 00 00 07 00 F7 D4 47 21 B3 8C 7D   // передача: 17 байт; 19:04:45:741 24.10.2022
// принято 39 байт (доступно 39 из 39 байт)   // 19:04:45:762 24.10.2022
// принято с сокета: 39 байт

01 00 27 00 F7 CA E0 ED E0 EB 3A 20 31 38 00 20 20 20 20 20 20 20 20 20 20 20 20 20 20 20 20 20 20 20 20 20 20 27 91   // прием: 39 байт; 19:04:45:763 24.10.2022
// таймаут: 22 мсек

Eaiae: 18       
                


00 00 07 00 F7 D4 47   // передача: 7 байт; 19:04:46:692 24.10.2022


55 00 00 11 FF F0 00 00 07 00 F7 D4 47 21 B3 8C 7D   // передача: 17 байт; 19:04:46:693 24.10.2022


00 00 07 00 F7 D4 47   // передача: 7 байт; 19:04:47:532 24.10.2022


55 00 00 11 FF F0 00 00 07 00 F7 D4 47 21 B3 8C 7D   // передача: 17 байт; 19:04:47:532 24.10.2022


00 00 07 00 F7 D4 47   // передача: 7 байт; 19:04:48:428 24.10.2022


55 00 00 11 FF F0 00 00 07 00 F7 D4 47 21 B3 8C 7D   // передача: 17 байт; 19:04:48:429 24.10.2022


00 00 07 00 F7 D4 47   // передача: 7 байт; 19:04:49:508 24.10.2022


55 00 00 11 FF F0 00 00 07 00 F7 D4 47 21 B3 8C 7D   // передача: 17 байт; 19:04:49:508 24.10.2022


00 00 07 00 F7 D4 47   // передача: 7 байт; 19:04:50:532 24.10.2022


55 00 00 11 FF F0 00 00 07 00 F7 D4 47 21 B3 8C 7D   // передача: 17 байт; 19:04:50:532 24.10.2022


00 00 07 00 F7 D4 47   // передача: 7 байт; 19:04:51:621 24.10.2022


55 00 00 11 FF F0 00 00 07 00 F7 D4 47 21 B3 8C 7D   // передача: 17 байт; 19:04:51:621 24.10.2022


00 00 07 00 F7 D4 47   // передача: 7 байт; 19:04:52:573 24.10.2022


55 00 00 11 FF F0 00 00 07 00 F7 D4 47 21 B3 8C 7D   // передача: 17 байт; 19:04:52:573 24.10.2022


00 00 07 00 F7 D4 47   // передача: 7 байт; 19:04:53:573 24.10.2022


55 00 00 11 FF F0 00 00 07 00 F7 D4 47 21 B3 8C 7D   // передача: 17 байт; 19:04:53:573 24.10.2022


00 00 07 00 F7 D4 47   // передача: 7 байт; 19:04:54:637 24.10.2022


55 00 00 11 FF F0 00 00 07 00 F7 D4 47 21 B3 8C 7D   // передача: 17 байт; 19:04:54:637 24.10.2022


00 00 07 00 F7 D4 47   // передача: 7 байт; 19:04:55:469 24.10.2022


55 00 00 11 FF F0 00 00 07 00 F7 D4 47 21 B3 8C 7D   // передача: 17 байт; 19:04:55:469 24.10.2022


00 00 07 00 F7 D4 47   // передача: 7 байт; 19:04:56:301 24.10.2022


55 00 00 11 FF F0 00 00 07 00 F7 D4 47 21 B3 8C 7D   // передача: 17 байт; 19:04:56:301 24.10.2022


00 00 07 00 F7 D4 47   // передача: 7 байт; 19:04:57:077 24.10.2022


55 00 00 11 FF F0 00 00 07 00 F7 D4 47 21 B3 8C 7D   // передача: 17 байт; 19:04:57:077 24.10.2022
// принято 39 байт (доступно 39 из 39 байт)   // 19:04:59:313 24.10.2022
// принято с сокета: 39 байт

01 00 27 00 F7 CA E0 ED E0 EB 3A 20 31 38 00 20 20 20 20 20 20 20 20 20 20 20 20 20 20 20 20 20 20 20 20 20 20 27 91   // прием: 39 байт; 19:04:59:313 24.10.2022
// таймаут: 2236 мсек

Eaiae: 18       
                
Событие: Disconnecting.   // 19:05:01:732 24.10.2022
Отсоединение   // 19:05:01:733 24.10.2022
Событие: Disconnected.   // 19:05:01:735 24.10.2022
Ошибка при закрытии сокета: Thread Error: Неверный дескриптор (6)   // 19:05:01:737 24.10.2022
IdTCPClient - BeforeBind   // 19:05:27:935 24.10.2022
IdTCPClient - SocketAllocated   // 19:05:27:935 24.10.2022
IdTCPClient - AfterBind   // 19:05:27:935 24.10.2022
Событие: Connecting to 128.65.7.227.   // 19:05:27:935 24.10.2022
Событие: Connected.   // 19:05:29:267 24.10.2022
Установлено соединение c сокетом: 128.65.7.227:7777   // 19:05:29:270 24.10.2022


00 00 07 00 F7 D4 47   // передача: 7 байт; 19:05:30:807 24.10.2022


55 00 00 11 FF F0 00 00 07 00 F7 D4 47 21 B3 8C 7D   // передача: 17 байт; 19:05:30:807 24.10.2022


00 00 08 00 F6 0C 45 DE   // передача: 8 байт; 19:05:32:318 24.10.2022


55 00 00 12 FF F0 00 00 08 00 F6 0C 45 DE 21 B3 05 B9   // передача: 18 байт; 19:05:32:319 24.10.2022


00 00 07 00 F7 D4 47   // передача: 7 байт; 19:05:34:486 24.10.2022


55 00 00 11 FF F0 00 00 07 00 F7 D4 47 21 B3 8C 7D   // передача: 17 байт; 19:05:34:487 24.10.2022


00 00 07 00 F7 D4 47   // передача: 7 байт; 19:05:36:422 24.10.2022


55 00 00 11 FF F0 00 00 07 00 F7 D4 47 21 B3 8C 7D   // передача: 17 байт; 19:05:36:423 24.10.2022

// О программе
