IdTCPClient - BeforeBind   // 19:06:45:078 24.10.2022
IdTCPClient - SocketAllocated   // 19:06:45:080 24.10.2022
IdTCPClient - AfterBind   // 19:06:45:080 24.10.2022
Событие: Connecting to 128.65.7.227.   // 19:06:45:080 24.10.2022
Событие: Connected.   // 19:06:45:866 24.10.2022
Установлено соединение c сокетом: 128.65.7.227:7777   // 19:06:45:867 24.10.2022


00 00 07 00 F7 D4 47   // передача: 7 байт; 19:06:48:678 24.10.2022


55 00 00 11 FF F0 00 00 07 00 F7 D4 47 21 B3 8C 7D   // передача: 17 байт; 19:06:48:679 24.10.2022


00 00 07 00 F7 D4 47   // передача: 7 байт; 19:06:52:974 24.10.2022


55 00 00 11 FF F0 00 00 07 00 F7 D4 47 21 B3 8C 7D   // передача: 17 байт; 19:06:52:974 24.10.2022
// принято 39 байт (доступно 39 из 39 байт)   // 19:06:53:487 24.10.2022
// принято с сокета: 39 байт

01 00 27 00 F7 D0 E0 E1 EE F2 E0 20 20 20 20 20 20 20 20 20 20 20 20 20 20 20 20 20 CE CA 20 20 20 20 20 20 20 DE 07   // прием: 39 байт; 19:06:53:487 24.10.2022
// таймаут: 513 мсек

?aaioa          
       IE       
// принято 39 байт (доступно 39 из 0 байт)   // 19:06:54:058 24.10.2022
// принято с сокета: 39 байт

01 00 27 00 F7 D0 E0 E1 EE F2 E0 20 20 20 20 20 20 20 20 20 20 20 20 20 20 20 20 20 CE CA 20 20 20 20 20 20 20 DE 07   // прием: 39 байт; 19:06:54:058 24.10.2022
// таймаут: 1084 мсек



00 00 07 00 F7 D4 47   // передача: 7 байт; 19:06:54:911 24.10.2022


55 00 00 11 FF F0 00 00 07 00 F7 D4 47 21 B3 8C 7D   // передача: 17 байт; 19:06:54:911 24.10.2022
// принято 39 байт (доступно 39 из 39 байт)   // 19:06:55:306 24.10.2022
// принято с сокета: 39 байт

01 00 27 00 F7 D0 E0 E1 EE F2 E0 20 20 20 20 20 20 20 20 20 20 20 20 20 20 20 20 20 CE CA 20 20 20 20 20 20 20 DE 07   // прием: 39 байт; 19:06:55:307 24.10.2022
// таймаут: 396 мсек

?aaioa          
       IE       


00 00 08 00 F6 0C 45 DE   // передача: 8 байт; 19:07:12:711 24.10.2022


55 00 00 12 FF F0 00 00 08 00 F6 0C 45 DE 21 B3 05 B9   // передача: 18 байт; 19:07:12:711 24.10.2022
// принято 9 байт (доступно 9 из 9 байт)   // 19:07:13:346 24.10.2022
// принято с сокета: 9 байт

01 00 09 00 F6 00 00 37 F3   // прием: 9 байт; 19:07:13:347 24.10.2022
// таймаут: 636 мсек



00 00 07 00 F7 D4 47   // передача: 7 байт; 19:07:13:347 24.10.2022


55 00 00 11 FF F0 00 00 07 00 F7 D4 47 21 B3 8C 7D   // передача: 17 байт; 19:07:13:347 24.10.2022
// принято 39 байт (доступно 39 из 39 байт)   // 19:07:13:706 24.10.2022
// принято с сокета: 39 байт

01 00 27 00 F7 CF F0 EE E3 F0 E0 EC EC E0 20 3F 20 20 20 20 20 3E 5F 5F 5F 20 20 20 20 20 20 20 20 20 20 20 20 5B EF   // прием: 39 байт; 19:07:13:706 24.10.2022
// таймаут: 359 мсек

I?ia?aiia ?     
>___            


00 00 08 00 F6 01 84 1B   // передача: 8 байт; 19:07:14:727 24.10.2022


55 00 00 12 FF F0 00 00 08 00 F6 01 84 1B 21 B3 05 B9   // передача: 18 байт; 19:07:14:727 24.10.2022
// принято 9 байт (доступно 9 из 9 байт)   // 19:07:15:116 24.10.2022
// принято с сокета: 9 байт

01 00 09 00 F6 00 00 37 F3   // прием: 9 байт; 19:07:15:117 24.10.2022
// таймаут: 390 мсек



00 00 07 00 F7 D4 47   // передача: 7 байт; 19:07:15:117 24.10.2022


55 00 00 11 FF F0 00 00 07 00 F7 D4 47 21 B3 8C 7D   // передача: 17 байт; 19:07:15:117 24.10.2022
// принято 39 байт (доступно 39 из 39 байт)   // 19:07:15:536 24.10.2022
// принято с сокета: 39 байт

01 00 27 00 F7 CF F0 EE E3 F0 E0 EC EC E0 20 3F 20 20 20 20 20 3E 5F 5F 31 20 20 20 20 20 20 20 20 20 20 20 20 CC C1   // прием: 39 байт; 19:07:15:536 24.10.2022
// таймаут: 419 мсек

I?ia?aiia ?     
>__1            


00 00 08 00 F6 08 44 1D   // передача: 8 байт; 19:07:15:911 24.10.2022


55 00 00 12 FF F0 00 00 08 00 F6 08 44 1D 21 B3 05 B9   // передача: 18 байт; 19:07:15:911 24.10.2022
// принято 9 байт (доступно 9 из 9 байт)   // 19:07:16:186 24.10.2022
// принято с сокета: 9 байт

01 00 09 00 F6 00 00 37 F3   // прием: 9 байт; 19:07:16:186 24.10.2022
// таймаут: 275 мсек



00 00 07 00 F7 D4 47   // передача: 7 байт; 19:07:16:187 24.10.2022


55 00 00 11 FF F0 00 00 07 00 F7 D4 47 21 B3 8C 7D   // передача: 17 байт; 19:07:16:187 24.10.2022
// принято 39 байт (доступно 39 из 39 байт)   // 19:07:16:496 24.10.2022
// принято с сокета: 39 байт

01 00 27 00 F7 CF F0 EE E3 F0 E0 EC EC E0 20 3F 20 20 20 20 20 3E 5F 31 38 20 20 20 20 20 20 20 20 20 20 20 20 BE A6   // прием: 39 байт; 19:07:16:497 24.10.2022
// таймаут: 310 мсек

I?ia?aiia ?     
>_18            


00 00 08 00 F6 07 04 19   // передача: 8 байт; 19:07:16:975 24.10.2022


55 00 00 12 FF F0 00 00 08 00 F6 07 04 19 21 B3 05 B9   // передача: 18 байт; 19:07:16:975 24.10.2022
// принято 9 байт (доступно 9 из 9 байт)   // 19:07:17:265 24.10.2022
// принято с сокета: 9 байт

01 00 09 00 F6 00 00 37 F3   // прием: 9 байт; 19:07:17:266 24.10.2022
// таймаут: 291 мсек



00 00 07 00 F7 D4 47   // передача: 7 байт; 19:07:17:266 24.10.2022


55 00 00 11 FF F0 00 00 07 00 F7 D4 47 21 B3 8C 7D   // передача: 17 байт; 19:07:17:267 24.10.2022
// принято 39 байт (доступно 39 из 39 байт)   // 19:07:17:666 24.10.2022
// принято с сокета: 39 байт

01 00 27 00 F7 CF F0 EE E3 F0 E0 EC EC E0 20 3F 20 20 20 20 20 3E 31 38 37 20 20 20 20 20 20 20 20 20 20 20 20 4D 8C   // прием: 39 байт; 19:07:17:666 24.10.2022
// таймаут: 399 мсек

I?ia?aiia ?     
>187            


00 00 08 00 F6 0D 84 1E   // передача: 8 байт; 19:07:18:054 24.10.2022


55 00 00 12 FF F0 00 00 08 00 F6 0D 84 1E 21 B3 05 B9   // передача: 18 байт; 19:07:18:055 24.10.2022
// принято 9 байт (доступно 9 из 9 байт)   // 19:07:18:475 24.10.2022
// принято с сокета: 9 байт

01 00 09 00 F6 00 00 37 F3   // прием: 9 байт; 19:07:18:476 24.10.2022
// таймаут: 421 мсек



00 00 07 00 F7 D4 47   // передача: 7 байт; 19:07:18:476 24.10.2022


55 00 00 11 FF F0 00 00 07 00 F7 D4 47 21 B3 8C 7D   // передача: 17 байт; 19:07:18:476 24.10.2022
// принято 39 байт (доступно 39 из 39 байт)   // 19:07:18:806 24.10.2022
// принято с сокета: 39 байт

01 00 27 00 F7 D2 F0 E0 ED E7 E8 F2 3A 20 EF EE F0 F2 20 20 20 20 20 20 20 20 20 20 20 33 00 20 20 20 20 20 20 76 BC   // прием: 39 байт; 19:07:18:806 24.10.2022
// таймаут: 330 мсек

O?aiceo: ii?o   
        3       
Событие: Disconnecting.   // 19:07:22:262 24.10.2022
Отсоединение   // 19:07:22:263 24.10.2022
Событие: Disconnected.   // 19:07:22:264 24.10.2022
Ошибка при закрытии сокета: Thread Error: Неверный дескриптор (6)   // 19:07:22:267 24.10.2022

// О программе
