IdTCPClient - BeforeBind   // 18:42:35:792 24.10.2022
IdTCPClient - SocketAllocated   // 18:42:35:793 24.10.2022
IdTCPClient - AfterBind   // 18:42:35:794 24.10.2022
Событие: Connecting to 128.65.7.227.   // 18:42:35:794 24.10.2022
Событие: Connected.   // 18:42:36:588 24.10.2022
Установлено соединение c сокетом: 128.65.7.227:7777   // 18:42:36:589 24.10.2022

CA E0 EB FE EC ED FB 20 


00 00 07 00 F7 D4 47   // передача: 7 байт; 18:42:39:289 24.10.2022
// приём по таймауту: 5000 мс
// принято с сокета: 0 байт


00 00 07 00 F7 D4 47   // передача: 7 байт; 18:42:45:881 24.10.2022


55 00 00 11 FF F0 00 00 07 00 F7 D4 47 21 B3 8C 7D   // передача: 17 байт; 18:42:45:881 24.10.2022
// принято 39 байт (доступно 39 из 39 байт)   // 18:42:46:548 24.10.2022
// принято с сокета: 39 байт

01 00 27 00 F7 D2 E5 EA F3 F9 E5 E5 20 E2 F0 E5 EC FF 20 20 20 20 20 20 20 31 38 3A 34 32 3A 32 36 00 20 20 20 62 F8   // прием: 39 байт; 18:42:46:548 24.10.2022
// таймаут: 667 мсек

Oaeouaa a?aiy   
    18:42:26    


00 00 08 00 F6 0C 45 DE   // передача: 8 байт; 18:42:47:881 24.10.2022


55 00 00 12 FF F0 00 00 08 00 F6 0C 45 DE 21 B3 05 B9   // передача: 18 байт; 18:42:47:881 24.10.2022
// принято 9 байт (доступно 9 из 9 байт)   // 18:42:48:618 24.10.2022
// принято с сокета: 9 байт

01 00 09 00 F6 00 00 37 F3   // прием: 9 байт; 18:42:48:618 24.10.2022
// таймаут: 737 мсек



00 00 07 00 F7 D4 47   // передача: 7 байт; 18:42:48:619 24.10.2022


55 00 00 11 FF F0 00 00 07 00 F7 D4 47 21 B3 8C 7D   // передача: 17 байт; 18:42:48:619 24.10.2022
// принято 39 байт (доступно 39 из 39 байт)   // 18:42:49:057 24.10.2022
// принято с сокета: 39 байт

01 00 27 00 F7 CF F0 EE E3 F0 E0 EC EC E0 20 3F 20 20 20 20 20 3E 5F 5F 5F 20 20 20 20 20 20 20 20 20 20 20 20 5B EF   // прием: 39 байт; 18:42:49:058 24.10.2022
// таймаут: 439 мсек

I?ia?aiia ?     
>___            


00 00 08 00 F6 04 44 18   // передача: 8 байт; 18:42:49:816 24.10.2022


55 00 00 12 FF F0 00 00 08 00 F6 04 44 18 21 B3 05 B9   // передача: 18 байт; 18:42:49:817 24.10.2022
// принято 9 байт (доступно 9 из 9 байт)   // 18:42:50:087 24.10.2022
// принято с сокета: 9 байт

01 00 09 00 F6 00 00 37 F3   // прием: 9 байт; 18:42:50:088 24.10.2022
// таймаут: 271 мсек



00 00 07 00 F7 D4 47   // передача: 7 байт; 18:42:50:088 24.10.2022


55 00 00 11 FF F0 00 00 07 00 F7 D4 47 21 B3 8C 7D   // передача: 17 байт; 18:42:50:089 24.10.2022
// принято 39 байт (доступно 39 из 39 байт)   // 18:42:50:437 24.10.2022
// принято с сокета: 39 байт

01 00 27 00 F7 CF F0 EE E3 F0 E0 EC EC E0 20 3F 20 20 20 20 20 3E 5F 5F 34 20 20 20 20 20 20 20 20 20 20 20 20 C0 C4   // прием: 39 байт; 18:42:50:438 24.10.2022
// таймаут: 349 мсек

I?ia?aiia ?     
>__4            


00 00 08 00 F6 01 84 1B   // передача: 8 байт; 18:42:50:904 24.10.2022


55 00 00 12 FF F0 00 00 08 00 F6 01 84 1B 21 B3 05 B9   // передача: 18 байт; 18:42:50:905 24.10.2022
// принято 9 байт (доступно 9 из 9 байт)   // 18:42:51:197 24.10.2022
// принято с сокета: 9 байт

01 00 09 00 F6 00 00 37 F3   // прием: 9 байт; 18:42:51:198 24.10.2022
// таймаут: 293 мсек



00 00 07 00 F7 D4 47   // передача: 7 байт; 18:42:51:198 24.10.2022


55 00 00 11 FF F0 00 00 07 00 F7 D4 47 21 B3 8C 7D   // передача: 17 байт; 18:42:51:198 24.10.2022
// принято 39 байт (доступно 39 из 39 байт)   // 18:42:51:558 24.10.2022
// принято с сокета: 39 байт

01 00 27 00 F7 CF F0 EE E3 F0 E0 EC EC E0 20 3F 20 20 20 20 20 3E 5F 34 31 20 20 20 20 20 20 20 20 20 20 20 20 A6 6A   // прием: 39 байт; 18:42:51:558 24.10.2022
// таймаут: 360 мсек

I?ia?aiia ?     
>_41            


00 00 08 00 F6 08 44 1D   // передача: 8 байт; 18:42:51:992 24.10.2022


55 00 00 12 FF F0 00 00 08 00 F6 08 44 1D 21 B3 05 B9   // передача: 18 байт; 18:42:51:993 24.10.2022
// принято 9 байт (доступно 9 из 9 байт)   // 18:42:52:297 24.10.2022
// принято с сокета: 9 байт

01 00 09 00 F6 00 00 37 F3   // прием: 9 байт; 18:42:52:298 24.10.2022
// таймаут: 305 мсек



00 00 07 00 F7 D4 47   // передача: 7 байт; 18:42:52:298 24.10.2022


55 00 00 11 FF F0 00 00 07 00 F7 D4 47 21 B3 8C 7D   // передача: 17 байт; 18:42:52:299 24.10.2022
// принято 39 байт (доступно 39 из 39 байт)   // 18:42:52:727 24.10.2022
// принято с сокета: 39 байт

01 00 27 00 F7 CF F0 EE E3 F0 E0 EC EC E0 20 3F 20 20 20 20 20 3E 34 31 38 20 20 20 20 20 20 20 20 20 20 20 20 95 89   // прием: 39 байт; 18:42:52:728 24.10.2022
// таймаут: 429 мсек

I?ia?aiia ?     
>418            


00 00 08 00 F6 0D 84 1E   // передача: 8 байт; 18:42:53:480 24.10.2022


55 00 00 12 FF F0 00 00 08 00 F6 0D 84 1E 21 B3 05 B9   // передача: 18 байт; 18:42:53:480 24.10.2022
// принято 9 байт (доступно 9 из 9 байт)   // 18:42:53:807 24.10.2022
// принято с сокета: 9 байт

01 00 09 00 F6 00 00 37 F3   // прием: 9 байт; 18:42:53:808 24.10.2022
// таймаут: 328 мсек



00 00 07 00 F7 D4 47   // передача: 7 байт; 18:42:53:808 24.10.2022


55 00 00 11 FF F0 00 00 07 00 F7 D4 47 21 B3 8C 7D   // передача: 17 байт; 18:42:53:809 24.10.2022
// принято 39 байт (доступно 39 из 39 байт)   // 18:42:54:137 24.10.2022
// принято с сокета: 39 байт

01 00 27 00 F7 20 20 20 CF E0 F0 EE EB FC 20 E4 EB FF 20 20 20 20 E4 E0 20 00 20 20 20 20 20 20 20 20 20 20 20 44 66   // прием: 39 байт; 18:42:54:138 24.10.2022
// таймаут: 329 мсек

   Ia?ieu aey   
 aa             
Событие: Disconnecting.   // 18:44:04:936 24.10.2022
Отсоединение   // 18:44:04:938 24.10.2022
Событие: Disconnected.   // 18:44:04:939 24.10.2022
Ошибка при закрытии сокета: Thread Error: Неверный дескриптор (6)   // 18:44:04:941 24.10.2022

// О программе
