


1B 41   // передача: 2 байт; 19:32:00:875 28.01.2020



1B 41   // передача: 2 байт; 19:32:01:084 28.01.2020



1B 41   // передача: 2 байт; 19:32:01:356 28.01.2020



1B 41   // передача: 2 байт; 19:32:01:547 28.01.2020



1B 41   // передача: 2 байт; 19:32:01:740 28.01.2020



1B 41   // передача: 2 байт; 19:32:01:948 28.01.2020



1B 41   // передача: 2 байт; 19:32:02:131 28.01.2020



1B 41   // передача: 2 байт; 19:32:02:323 28.01.2020



1B 41   // передача: 2 байт; 19:32:02:540 28.01.2020



1B 41   // передача: 2 байт; 19:32:02:731 28.01.2020



1B 41   // передача: 2 байт; 19:32:02:939 28.01.2020



1B 41   // передача: 2 байт; 19:32:03:123 28.01.2020



1B 41   // передача: 2 байт; 19:32:03:339 28.01.2020



1B 41   // передача: 2 байт; 19:32:03:539 28.01.2020



1B 41   // передача: 2 байт; 19:32:03:747 28.01.2020



1B 41   // передача: 2 байт; 19:32:03:931 28.01.2020
// приём по таймауту: 1000 мс
// принято с порта: 0 байт



1B 41   // передача: 2 байт; 19:32:08:131 28.01.2020



1B 41   // передача: 2 байт; 19:32:08:355 28.01.2020



1B 41   // передача: 2 байт; 19:32:08:555 28.01.2020



1B 41   // передача: 2 байт; 19:32:08:739 28.01.2020



1B 41   // передача: 2 байт; 19:32:08:932 28.01.2020
// приём по таймауту: 1000 мс
// принято с порта: 0 байт
Чтение коэффициентов

CA E0 EB FE EC ED FB 20 

00 00 07 00 1E 15 C9   // передача: 7 байт; 19:32:10:705 28.01.2020
// приём по количеству байт: 263 из 263
// принято с порта: 263 байт

01 00 07 01 1E 3F 80 00 00 3F 80 00 00 3F 80 00 00 3F 80 00 00 3F 80 00 00 3F 80 00 00 3F 80 00 00 3F 80 00 00 3F 80 00 00 3F 80 00 00 3F 80 00 00 3F 80 00 00 3F 80 00 00 3F 80 00 00 3F 80 00 00 3F 80 00 00 3F 80 00 00 3F 80 00 00 3F 80 00 00 3F 80 00 00 3F 80 00 00 3F 80 00 00 3F 80 00 00 3F 80 00 00 3F 80 00 00 3F 80 00 00 3F 80 00 00 3F 80 00 00 3F 80 00 00 3F 80 00 00 3F 80 00 00 3F 80 00 00 3F 80 00 00 3F 80 00 00 3F 80 00 00 3F 80 00 00 3F 80 00 00 3F 80 00 00 3F 80 00 00 3F 80 00 00 3F 80 00 00 3F 80 00 00 3F 80 00 00 3F 80 00 00 3F 80 00 00 3F 80 00 00 3F 80 00 00 3F 80 00 00 3F 80 00 00 3F 80 00 00 3F 80 00 00 3F 80 00 00 3F 80 00 00 3F 80 00 00 3F 80 00 00 3F 80 00 00 3F 80 00 00 3F 80 00 00 3F 80 00 00 3F 80 00 00 3F 80 00 00 3F 80 00 00 3F 80 00 00 3F 80 00 00 BE 01   // прием: 263 байт; 19:32:11:006 28.01.2020
// таймаут: 301 мсек

1   : 1,000
2   : 1,000
3   : 1,000
4   : 1,000
5   : 1,000
6   : 1,000
7   : 1,000
8   : 1,000
9   : 1,000
10  : 1,000
11  : 1,000
12  : 1,000
13  : 1,000
14  : 1,000
15  : 1,000
16  : 1,000
17  : 1,000
18  : 1,000
19  : 1,000
20  : 1,000
21  : 1,000
22  : 1,000
23  : 1,000
24  : 1,000
25  : 1,000
26  : 1,000
27  : 1,000
28  : 1,000
29  : 1,000
30  : 1,000
31  : 1,000
32  : 1,000
33  : 1,000
34  : 1,000
35  : 1,000
36  : 1,000
37  : 1,000
38  : 1,000
39  : 1,000
40  : 1,000
41  : 1,000
42  : 1,000
43  : 1,000
44  : 1,000
45  : 1,000
46  : 1,000
47  : 1,000
48  : 1,000
49  : 1,000
50  : 1,000
51  : 1,000
52  : 1,000
53  : 1,000
54  : 1,000
55  : 1,000
56  : 1,000
57  : 1,000
58  : 1,000
59  : 1,000
60  : 1,000
61  : 1,000
62  : 1,000
63  : 1,000
64  : 1,000
Чтение коэффициентов: 20 %

CA E0 EB FE EC ED FB 20 

00 00 07 00 22 15 D8   // передача: 7 байт; 19:32:11:015 28.01.2020
// приём по количеству байт: 263 из 263
// принято с порта: 263 байт

01 00 07 01 22 43 FA 00 00 43 FA 00 00 43 FA 00 00 43 FA 00 00 43 FA 00 00 43 FA 00 00 43 FA 00 00 43 FA 00 00 43 FA 00 00 43 FA 00 00 43 FA 00 00 43 FA 00 00 43 FA 00 00 43 FA 00 00 43 FA 00 00 43 FA 00 00 43 FA 00 00 43 FA 00 00 43 FA 00 00 43 FA 00 00 43 FA 00 00 43 FA 00 00 43 FA 00 00 43 FA 00 00 43 FA 00 00 43 FA 00 00 43 FA 00 00 43 FA 00 00 43 FA 00 00 43 FA 00 00 43 FA 00 00 43 FA 00 00 43 FA 00 00 43 FA 00 00 43 FA 00 00 43 FA 00 00 43 FA 00 00 43 FA 00 00 43 FA 00 00 43 FA 00 00 43 FA 00 00 43 FA 00 00 43 FA 00 00 43 FA 00 00 43 FA 00 00 43 FA 00 00 43 FA 00 00 43 FA 00 00 43 FA 00 00 43 FA 00 00 43 FA 00 00 43 FA 00 00 43 FA 00 00 43 FA 00 00 43 FA 00 00 43 FA 00 00 43 FA 00 00 43 FA 00 00 43 FA 00 00 43 FA 00 00 43 FA 00 00 43 FA 00 00 43 FA 00 00 43 FA 00 00 6E 11   // прием: 263 байт; 19:32:11:316 28.01.2020
// таймаут: 301 мсек

1   : 500,000
2   : 500,000
3   : 500,000
4   : 500,000
5   : 500,000
6   : 500,000
7   : 500,000
8   : 500,000
9   : 500,000
10  : 500,000
11  : 500,000
12  : 500,000
13  : 500,000
14  : 500,000
15  : 500,000
16  : 500,000
17  : 500,000
18  : 500,000
19  : 500,000
20  : 500,000
21  : 500,000
22  : 500,000
23  : 500,000
24  : 500,000
25  : 500,000
26  : 500,000
27  : 500,000
28  : 500,000
29  : 500,000
30  : 500,000
31  : 500,000
32  : 500,000
33  : 500,000
34  : 500,000
35  : 500,000
36  : 500,000
37  : 500,000
38  : 500,000
39  : 500,000
40  : 500,000
41  : 500,000
42  : 500,000
43  : 500,000
44  : 500,000
45  : 500,000
46  : 500,000
47  : 500,000
48  : 500,000
49  : 500,000
50  : 500,000
51  : 500,000
52  : 500,000
53  : 500,000
54  : 500,000
55  : 500,000
56  : 500,000
57  : 500,000
58  : 500,000
59  : 500,000
60  : 500,000
61  : 500,000
62  : 500,000
63  : 500,000
64  : 500,000
Чтение коэффициентов: 40 %

CA E0 EB FE EC ED FB 20 

00 00 07 00 28 95 DF   // передача: 7 байт; 19:32:11:326 28.01.2020
// приём по количеству байт: 263 из 263
// принято с порта: 263 байт

01 00 07 01 28 00 00 00 00 00 00 00 00 00 00 00 00 00 00 00 00 00 00 00 00 00 00 00 00 00 00 00 00 00 00 00 00 00 00 00 00 00 00 00 00 00 00 00 00 00 00 00 00 00 00 00 00 00 00 00 00 00 00 00 00 00 00 00 00 00 00 00 00 00 00 00 00 00 00 00 00 00 00 00 00 00 00 00 00 00 00 00 00 00 00 00 00 00 00 00 00 00 00 00 00 00 00 00 00 00 00 00 00 00 00 00 00 00 00 00 00 00 00 00 00 00 00 00 00 00 00 00 00 00 00 00 00 00 00 00 00 00 00 00 00 00 00 00 00 00 00 00 00 00 00 00 00 00 00 00 00 00 00 00 00 00 00 00 00 00 00 00 00 00 00 00 00 00 00 00 00 00 00 00 00 00 00 00 00 00 00 00 00 00 00 00 00 00 00 00 00 00 00 00 00 00 00 00 00 00 00 00 00 00 00 00 00 00 00 00 00 00 00 00 00 00 00 00 00 00 00 00 00 00 00 00 00 00 00 00 00 00 00 00 00 00 00 00 00 00 00 00 00 00 00 00 00 00 00 00 00 5E C9   // прием: 263 байт; 19:32:11:627 28.01.2020
// таймаут: 301 мсек

1   : 0,000
2   : 0,000
3   : 0,000
4   : 0,000
5   : 0,000
6   : 0,000
7   : 0,000
8   : 0,000
9   : 0,000
10  : 0,000
11  : 0,000
12  : 0,000
13  : 0,000
14  : 0,000
15  : 0,000
16  : 0,000
17  : 0,000
18  : 0,000
19  : 0,000
20  : 0,000
21  : 0,000
22  : 0,000
23  : 0,000
24  : 0,000
25  : 0,000
26  : 0,000
27  : 0,000
28  : 0,000
29  : 0,000
30  : 0,000
31  : 0,000
32  : 0,000
33  : 0,000
34  : 0,000
35  : 0,000
36  : 0,000
37  : 0,000
38  : 0,000
39  : 0,000
40  : 0,000
41  : 0,000
42  : 0,000
43  : 0,000
44  : 0,000
45  : 0,000
46  : 0,000
47  : 0,000
48  : 0,000
49  : 0,000
50  : 0,000
51  : 0,000
52  : 0,000
53  : 0,000
54  : 0,000
55  : 0,000
56  : 0,000
57  : 0,000
58  : 0,000
59  : 0,000
60  : 0,000
61  : 0,000
62  : 0,000
63  : 0,000
64  : 0,000
Чтение коэффициентов: 60 %

CA E0 EB FE EC ED FB 20 

00 00 07 00 26 14 1B   // передача: 7 байт; 19:32:11:636 28.01.2020
// приём по количеству байт: 263 из 263
// принято с порта: 263 байт

01 00 07 01 26 00 00 00 00 00 00 00 00 00 00 00 00 00 00 00 00 00 00 00 00 00 00 00 00 00 00 00 00 00 00 00 00 00 00 00 00 00 00 00 00 00 00 00 00 00 00 00 00 00 00 00 00 00 00 00 00 00 00 00 00 00 00 00 00 00 00 00 00 00 00 00 00 00 00 00 00 00 00 00 00 00 00 00 00 00 00 00 00 00 00 00 00 00 00 00 00 00 00 00 00 00 00 00 00 00 00 00 00 00 00 00 00 00 00 00 00 00 00 00 00 00 00 00 00 00 00 00 00 00 00 00 00 00 00 00 00 00 00 00 00 00 00 00 00 00 00 00 00 00 00 00 00 00 00 00 00 00 00 00 00 00 00 00 00 00 00 00 00 00 00 00 00 00 00 00 00 00 00 00 00 00 00 00 00 00 00 00 00 00 00 00 00 00 00 00 00 00 00 00 00 00 00 00 00 00 00 00 00 00 00 00 00 00 00 00 00 00 00 00 00 00 00 00 00 00 00 00 00 00 00 00 00 00 00 00 00 00 00 00 00 00 00 00 00 00 00 00 00 00 00 00 00 00 00 00 00 32 A8   // прием: 263 байт; 19:32:11:937 28.01.2020
// таймаут: 301 мсек

1   : 0,000
2   : 0,000
3   : 0,000
4   : 0,000
5   : 0,000
6   : 0,000
7   : 0,000
8   : 0,000
9   : 0,000
10  : 0,000
11  : 0,000
12  : 0,000
13  : 0,000
14  : 0,000
15  : 0,000
16  : 0,000
17  : 0,000
18  : 0,000
19  : 0,000
20  : 0,000
21  : 0,000
22  : 0,000
23  : 0,000
24  : 0,000
25  : 0,000
26  : 0,000
27  : 0,000
28  : 0,000
29  : 0,000
30  : 0,000
31  : 0,000
32  : 0,000
33  : 0,000
34  : 0,000
35  : 0,000
36  : 0,000
37  : 0,000
38  : 0,000
39  : 0,000
40  : 0,000
41  : 0,000
42  : 0,000
43  : 0,000
44  : 0,000
45  : 0,000
46  : 0,000
47  : 0,000
48  : 0,000
49  : 0,000
50  : 0,000
51  : 0,000
52  : 0,000
53  : 0,000
54  : 0,000
55  : 0,000
56  : 0,000
57  : 0,000
58  : 0,000
59  : 0,000
60  : 0,000
61  : 0,000
62  : 0,000
63  : 0,000
64  : 0,000
Чтение коэффициентов: 80 %

CA E0 EB FE EC ED FB 20 

00 00 08 00 2A 00 1D 1B   // передача: 8 байт; 19:32:11:945 28.01.2020
// приём по количеству байт: 12 из 12
// принято с порта: 12 байт

01 00 0C 00 2A 00 00 00 00 00 26 5D   // прием: 12 байт; 19:32:11:983 28.01.2020
// таймаут: 38 мсек

1   : 01.00.000.00.01
Чтение коэффициентов: 80 %

CA E0 EB FE EC ED FB 20 

00 00 08 00 2A 01 DC DB   // передача: 8 байт; 19:32:11:985 28.01.2020
// приём по количеству байт: 12 из 12
// принято с порта: 12 байт

01 00 0C 00 2A 00 00 00 00 00 26 5D   // прием: 12 байт; 19:32:12:023 28.01.2020
// таймаут: 38 мсек

2   : 01.00.000.00.01
Чтение коэффициентов: 80 %

CA E0 EB FE EC ED FB 20 

00 00 08 00 2A 02 9C DA   // передача: 8 байт; 19:32:12:025 28.01.2020
// приём по количеству байт: 12 из 12
// принято с порта: 12 байт

01 00 0C 00 2A 00 00 00 00 00 26 5D   // прием: 12 байт; 19:32:12:063 28.01.2020
// таймаут: 38 мсек

3   : 01.00.000.00.01
Чтение коэффициентов: 80 %

CA E0 EB FE EC ED FB 20 

00 00 08 00 2A 03 5D 1A   // передача: 8 байт; 19:32:12:064 28.01.2020
// приём по количеству байт: 12 из 12
// принято с порта: 12 байт

01 00 0C 00 2A 00 00 00 00 00 26 5D   // прием: 12 байт; 19:32:12:102 28.01.2020
// таймаут: 38 мсек

4   : 01.00.000.00.01
Чтение коэффициентов: 81 %

CA E0 EB FE EC ED FB 20 

00 00 08 00 2A 04 1C D8   // передача: 8 байт; 19:32:12:104 28.01.2020
// приём по количеству байт: 12 из 12
// принято с порта: 12 байт

01 00 0C 00 2A 00 00 00 00 00 26 5D   // прием: 12 байт; 19:32:12:142 28.01.2020
// таймаут: 38 мсек

5   : 01.00.000.00.01
Чтение коэффициентов: 81 %

CA E0 EB FE EC ED FB 20 

00 00 08 00 2A 05 DD 18   // передача: 8 байт; 19:32:12:143 28.01.2020
// приём по количеству байт: 12 из 12
// принято с порта: 12 байт

01 00 0C 00 2A 00 00 00 00 00 26 5D   // прием: 12 байт; 19:32:12:181 28.01.2020
// таймаут: 38 мсек

6   : 01.00.000.00.01
Чтение коэффициентов: 81 %

CA E0 EB FE EC ED FB 20 

00 00 08 00 2A 06 9D 19   // передача: 8 байт; 19:32:12:183 28.01.2020
// приём по количеству байт: 12 из 12
// принято с порта: 12 байт

01 00 0C 00 2A 00 00 00 00 00 26 5D   // прием: 12 байт; 19:32:12:221 28.01.2020
// таймаут: 38 мсек

7   : 01.00.000.00.01
Чтение коэффициентов: 82 %

CA E0 EB FE EC ED FB 20 

00 00 08 00 2A 07 5C D9   // передача: 8 байт; 19:32:12:223 28.01.2020
// приём по количеству байт: 12 из 12
// принято с порта: 12 байт

01 00 0C 00 2A 00 00 00 00 00 26 5D   // прием: 12 байт; 19:32:12:261 28.01.2020
// таймаут: 38 мсек

8   : 01.00.000.00.01
Чтение коэффициентов: 82 %

CA E0 EB FE EC ED FB 20 

00 00 08 00 2A 08 1C DD   // передача: 8 байт; 19:32:12:263 28.01.2020
// приём по количеству байт: 12 из 12
// принято с порта: 12 байт

01 00 0C 00 2A 00 00 00 00 00 26 5D   // прием: 12 байт; 19:32:12:301 28.01.2020
// таймаут: 38 мсек

9   : 01.00.000.00.01
Чтение коэффициентов: 82 %

CA E0 EB FE EC ED FB 20 

00 00 08 00 2A 09 DD 1D   // передача: 8 байт; 19:32:12:302 28.01.2020
// приём по количеству байт: 12 из 12
// принято с порта: 12 байт

01 00 0C 00 2A 00 00 00 00 00 26 5D   // прием: 12 байт; 19:32:12:340 28.01.2020
// таймаут: 38 мсек

10  : 01.00.000.00.01
Чтение коэффициентов: 83 %

CA E0 EB FE EC ED FB 20 

00 00 08 00 2A 0A 9D 1C   // передача: 8 байт; 19:32:12:342 28.01.2020
// приём по количеству байт: 12 из 12
// принято с порта: 12 байт

01 00 0C 00 2A 00 00 00 00 00 26 5D   // прием: 12 байт; 19:32:12:380 28.01.2020
// таймаут: 38 мсек

11  : 01.00.000.00.01
Чтение коэффициентов: 83 %

CA E0 EB FE EC ED FB 20 

00 00 08 00 2A 0B 5C DC   // передача: 8 байт; 19:32:12:382 28.01.2020
// приём по количеству байт: 12 из 12
// принято с порта: 12 байт

01 00 0C 00 2A 00 00 00 00 00 26 5D   // прием: 12 байт; 19:32:12:420 28.01.2020
// таймаут: 38 мсек

12  : 01.00.000.00.01
Чтение коэффициентов: 83 %

CA E0 EB FE EC ED FB 20 

00 00 08 00 2A 0C 1D 1E   // передача: 8 байт; 19:32:12:422 28.01.2020
// приём по количеству байт: 12 из 12
// принято с порта: 12 байт

01 00 0C 00 2A 00 00 00 00 00 26 5D   // прием: 12 байт; 19:32:12:460 28.01.2020
// таймаут: 38 мсек

13  : 01.00.000.00.01
Чтение коэффициентов: 84 %

CA E0 EB FE EC ED FB 20 

00 00 08 00 2A 0D DC DE   // передача: 8 байт; 19:32:12:462 28.01.2020
// приём по количеству байт: 12 из 12
// принято с порта: 12 байт

01 00 0C 00 2A 00 00 00 00 00 26 5D   // прием: 12 байт; 19:32:12:500 28.01.2020
// таймаут: 38 мсек

14  : 01.00.000.00.01
Чтение коэффициентов: 84 %

CA E0 EB FE EC ED FB 20 

00 00 08 00 2A 0E 9C DF   // передача: 8 байт; 19:32:12:501 28.01.2020
// приём по количеству байт: 12 из 12
// принято с порта: 12 байт

01 00 0C 00 2A 00 00 00 00 00 26 5D   // прием: 12 байт; 19:32:12:540 28.01.2020
// таймаут: 39 мсек

15  : 01.00.000.00.01
Чтение коэффициентов: 84 %

CA E0 EB FE EC ED FB 20 

00 00 08 00 2A 0F 5D 1F   // передача: 8 байт; 19:32:12:542 28.01.2020
// приём по количеству байт: 12 из 12
// принято с порта: 12 байт

01 00 0C 00 2A 00 00 00 00 00 26 5D   // прием: 12 байт; 19:32:12:581 28.01.2020
// таймаут: 39 мсек

16  : 01.00.000.00.01
Чтение коэффициентов: 84 %

CA E0 EB FE EC ED FB 20 

00 00 08 00 2A 10 1C D7   // передача: 8 байт; 19:32:12:583 28.01.2020
// приём по количеству байт: 12 из 12
// принято с порта: 12 байт

01 00 0C 00 2A 00 00 00 00 00 26 5D   // прием: 12 байт; 19:32:12:621 28.01.2020
// таймаут: 38 мсек

17  : 01.00.000.00.01
Чтение коэффициентов: 85 %

CA E0 EB FE EC ED FB 20 

00 00 08 00 2A 11 DD 17   // передача: 8 байт; 19:32:12:622 28.01.2020
// приём по количеству байт: 12 из 12
// принято с порта: 12 байт

01 00 0C 00 2A 00 00 00 00 00 26 5D   // прием: 12 байт; 19:32:12:661 28.01.2020
// таймаут: 39 мсек

18  : 01.00.000.00.01
Чтение коэффициентов: 85 %

CA E0 EB FE EC ED FB 20 

00 00 08 00 2A 12 9D 16   // передача: 8 байт; 19:32:12:662 28.01.2020
// приём по количеству байт: 12 из 12
// принято с порта: 12 байт

01 00 0C 00 2A 00 00 00 00 00 26 5D   // прием: 12 байт; 19:32:12:700 28.01.2020
// таймаут: 38 мсек

19  : 01.00.000.00.01
Чтение коэффициентов: 85 %

CA E0 EB FE EC ED FB 20 

00 00 08 00 2A 13 5C D6   // передача: 8 байт; 19:32:12:702 28.01.2020
// приём по количеству байт: 12 из 12
// принято с порта: 12 байт

01 00 0C 00 2A 00 00 00 00 00 26 5D   // прием: 12 байт; 19:32:12:740 28.01.2020
// таймаут: 38 мсек

20  : 01.00.000.00.01
Чтение коэффициентов: 86 %

CA E0 EB FE EC ED FB 20 

00 00 08 00 2A 14 1D 14   // передача: 8 байт; 19:32:12:742 28.01.2020
// приём по количеству байт: 12 из 12
// принято с порта: 12 байт

01 00 0C 00 2A 00 00 00 00 00 26 5D   // прием: 12 байт; 19:32:12:780 28.01.2020
// таймаут: 38 мсек

21  : 01.00.000.00.01
Чтение коэффициентов: 86 %

CA E0 EB FE EC ED FB 20 

00 00 08 00 2A 15 DC D4   // передача: 8 байт; 19:32:12:782 28.01.2020
// приём по количеству байт: 12 из 12
// принято с порта: 12 байт

01 00 0C 00 2A 00 00 00 00 00 26 5D   // прием: 12 байт; 19:32:12:820 28.01.2020
// таймаут: 38 мсек

22  : 01.00.000.00.01
Чтение коэффициентов: 86 %

CA E0 EB FE EC ED FB 20 

00 00 08 00 2A 16 9C D5   // передача: 8 байт; 19:32:12:821 28.01.2020
// приём по количеству байт: 12 из 12
// принято с порта: 12 байт

01 00 0C 00 2A 00 00 00 00 00 26 5D   // прием: 12 байт; 19:32:12:859 28.01.2020
// таймаут: 38 мсек

23  : 01.00.000.00.01
Чтение коэффициентов: 87 %

CA E0 EB FE EC ED FB 20 

00 00 08 00 2A 17 5D 15   // передача: 8 байт; 19:32:12:861 28.01.2020
// приём по количеству байт: 12 из 12
// принято с порта: 12 байт

01 00 0C 00 2A 00 00 00 00 00 26 5D   // прием: 12 байт; 19:32:12:899 28.01.2020
// таймаут: 38 мсек

24  : 01.00.000.00.01
Чтение коэффициентов: 87 %

CA E0 EB FE EC ED FB 20 

00 00 08 00 2A 18 1D 11   // передача: 8 байт; 19:32:12:901 28.01.2020
// приём по количеству байт: 12 из 12
// принято с порта: 12 байт

01 00 0C 00 2A 00 00 00 00 00 26 5D   // прием: 12 байт; 19:32:12:939 28.01.2020
// таймаут: 38 мсек

25  : 01.00.000.00.01
Чтение коэффициентов: 87 %

CA E0 EB FE EC ED FB 20 

00 00 08 00 2A 19 DC D1   // передача: 8 байт; 19:32:12:940 28.01.2020
// приём по количеству байт: 12 из 12
// принято с порта: 12 байт

01 00 0C 00 2A 00 00 00 00 00 26 5D   // прием: 12 байт; 19:32:12:980 28.01.2020
// таймаут: 40 мсек

26  : 01.00.000.00.01
Чтение коэффициентов: 88 %

CA E0 EB FE EC ED FB 20 

00 00 08 00 2A 1A 9C D0   // передача: 8 байт; 19:32:12:982 28.01.2020
// приём по количеству байт: 12 из 12
// принято с порта: 12 байт

01 00 0C 00 2A 00 00 00 00 00 26 5D   // прием: 12 байт; 19:32:13:022 28.01.2020
// таймаут: 40 мсек

27  : 01.00.000.00.01
Чтение коэффициентов: 88 %

CA E0 EB FE EC ED FB 20 

00 00 08 00 2A 1B 5D 10   // передача: 8 байт; 19:32:13:024 28.01.2020
// приём по количеству байт: 12 из 12
// принято с порта: 12 байт

01 00 0C 00 2A 00 00 00 00 00 26 5D   // прием: 12 байт; 19:32:13:062 28.01.2020
// таймаут: 38 мсек

28  : 01.00.000.00.01
Чтение коэффициентов: 88 %

CA E0 EB FE EC ED FB 20 

00 00 08 00 2A 1C 1C D2   // передача: 8 байт; 19:32:13:064 28.01.2020
// приём по количеству байт: 12 из 12
// принято с порта: 12 байт

01 00 0C 00 2A 00 00 00 00 00 26 5D   // прием: 12 байт; 19:32:13:102 28.01.2020
// таймаут: 38 мсек

29  : 01.00.000.00.01
Чтение коэффициентов: 89 %

CA E0 EB FE EC ED FB 20 

00 00 08 00 2A 1D DD 12   // передача: 8 байт; 19:32:13:104 28.01.2020
// приём по количеству байт: 12 из 12
// принято с порта: 12 байт

01 00 0C 00 2A 00 00 00 00 00 26 5D   // прием: 12 байт; 19:32:13:142 28.01.2020
// таймаут: 38 мсек

30  : 01.00.000.00.01
Чтение коэффициентов: 89 %

CA E0 EB FE EC ED FB 20 

00 00 08 00 2A 1E 9D 13   // передача: 8 байт; 19:32:13:143 28.01.2020
// приём по количеству байт: 12 из 12
// принято с порта: 12 байт

01 00 0C 00 2A 00 00 00 00 00 26 5D   // прием: 12 байт; 19:32:13:181 28.01.2020
// таймаут: 38 мсек

31  : 01.00.000.00.01
Чтение коэффициентов: 89 %

CA E0 EB FE EC ED FB 20 

00 00 08 00 2A 1F 5C D3   // передача: 8 байт; 19:32:13:183 28.01.2020
// приём по количеству байт: 12 из 12
// принято с порта: 12 байт

01 00 0C 00 2A 00 00 00 00 00 26 5D   // прием: 12 байт; 19:32:13:221 28.01.2020
// таймаут: 38 мсек

32  : 01.00.000.00.01
Чтение коэффициентов: 89 %

CA E0 EB FE EC ED FB 20 

00 00 08 00 2A 20 1C C3   // передача: 8 байт; 19:32:13:223 28.01.2020
// приём по количеству байт: 12 из 12
// принято с порта: 12 байт

01 00 0C 00 2A 00 00 00 00 00 26 5D   // прием: 12 байт; 19:32:13:262 28.01.2020
// таймаут: 39 мсек

33  : 01.00.000.00.01
Чтение коэффициентов: 90 %

CA E0 EB FE EC ED FB 20 

00 00 08 00 2A 21 DD 03   // передача: 8 байт; 19:32:13:264 28.01.2020
// приём по количеству байт: 12 из 12
// принято с порта: 12 байт

01 00 0C 00 2A 00 00 00 00 00 26 5D   // прием: 12 байт; 19:32:13:302 28.01.2020
// таймаут: 38 мсек

34  : 01.00.000.00.01
Чтение коэффициентов: 90 %

CA E0 EB FE EC ED FB 20 

00 00 08 00 2A 22 9D 02   // передача: 8 байт; 19:32:13:303 28.01.2020
// приём по количеству байт: 12 из 12
// принято с порта: 12 байт

01 00 0C 00 2A 00 00 00 00 00 26 5D   // прием: 12 байт; 19:32:13:341 28.01.2020
// таймаут: 38 мсек

35  : 01.00.000.00.01
Чтение коэффициентов: 90 %

CA E0 EB FE EC ED FB 20 

00 00 08 00 2A 23 5C C2   // передача: 8 байт; 19:32:13:343 28.01.2020
// приём по количеству байт: 12 из 12
// принято с порта: 12 байт

01 00 0C 00 2A 00 00 00 00 00 26 5D   // прием: 12 байт; 19:32:13:381 28.01.2020
// таймаут: 38 мсек

36  : 01.00.000.00.01
Чтение коэффициентов: 91 %

CA E0 EB FE EC ED FB 20 

00 00 08 00 2A 24 1D 00   // передача: 8 байт; 19:32:13:382 28.01.2020
// приём по количеству байт: 12 из 12
// принято с порта: 12 байт

01 00 0C 00 2A 00 00 00 00 00 26 5D   // прием: 12 байт; 19:32:13:421 28.01.2020
// таймаут: 39 мсек

37  : 01.00.000.00.01
Чтение коэффициентов: 91 %

CA E0 EB FE EC ED FB 20 

00 00 08 00 2A 25 DC C0   // передача: 8 байт; 19:32:13:422 28.01.2020
// приём по количеству байт: 12 из 12
// принято с порта: 12 байт

01 00 0C 00 2A 00 00 00 00 00 26 5D   // прием: 12 байт; 19:32:13:492 28.01.2020
// таймаут: 70 мсек

38  : 01.00.000.00.01
Чтение коэффициентов: 91 %

CA E0 EB FE EC ED FB 20 

00 00 08 00 2A 26 9C C1   // передача: 8 байт; 19:32:13:494 28.01.2020
// приём по количеству байт: 12 из 12
// принято с порта: 12 байт

01 00 0C 00 2A 00 00 00 00 00 26 5D   // прием: 12 байт; 19:32:13:532 28.01.2020
// таймаут: 38 мсек

39  : 01.00.000.00.01
Чтение коэффициентов: 92 %

CA E0 EB FE EC ED FB 20 

00 00 08 00 2A 27 5D 01   // передача: 8 байт; 19:32:13:536 28.01.2020
// приём по количеству байт: 12 из 12
// принято с порта: 12 байт

01 00 0C 00 2A 00 00 00 00 00 26 5D   // прием: 12 байт; 19:32:13:572 28.01.2020
// таймаут: 36 мсек

40  : 01.00.000.00.01
Чтение коэффициентов: 92 %

CA E0 EB FE EC ED FB 20 

00 00 08 00 2A 28 1D 05   // передача: 8 байт; 19:32:13:574 28.01.2020
// приём по количеству байт: 12 из 12
// принято с порта: 12 байт

01 00 0C 00 2A 00 00 00 00 00 26 5D   // прием: 12 байт; 19:32:13:612 28.01.2020
// таймаут: 38 мсек

41  : 01.00.000.00.01
Чтение коэффициентов: 92 %

CA E0 EB FE EC ED FB 20 

00 00 08 00 2A 29 DC C5   // передача: 8 байт; 19:32:13:614 28.01.2020
// приём по количеству байт: 12 из 12
// принято с порта: 12 байт

01 00 0C 00 2A 00 00 00 00 00 26 5D   // прием: 12 байт; 19:32:13:652 28.01.2020
// таймаут: 38 мсек

42  : 01.00.000.00.01
Чтение коэффициентов: 93 %

CA E0 EB FE EC ED FB 20 

00 00 08 00 2A 2A 9C C4   // передача: 8 байт; 19:32:13:654 28.01.2020
// приём по количеству байт: 12 из 12
// принято с порта: 12 байт

01 00 0C 00 2A 00 00 00 00 00 26 5D   // прием: 12 байт; 19:32:13:692 28.01.2020
// таймаут: 38 мсек

43  : 01.00.000.00.01
Чтение коэффициентов: 93 %

CA E0 EB FE EC ED FB 20 

00 00 08 00 2A 2B 5D 04   // передача: 8 байт; 19:32:13:693 28.01.2020
// приём по количеству байт: 12 из 12
// принято с порта: 12 байт

01 00 0C 00 2A 00 00 00 00 00 26 5D   // прием: 12 байт; 19:32:13:732 28.01.2020
// таймаут: 39 мсек

44  : 01.00.000.00.01
Чтение коэффициентов: 93 %

CA E0 EB FE EC ED FB 20 

00 00 08 00 2A 2C 1C C6   // передача: 8 байт; 19:32:13:734 28.01.2020
// приём по количеству байт: 12 из 12
// принято с порта: 12 байт

01 00 0C 00 2A 00 00 00 00 00 26 5D   // прием: 12 байт; 19:32:13:772 28.01.2020
// таймаут: 38 мсек

45  : 01.00.000.00.01
Чтение коэффициентов: 94 %

CA E0 EB FE EC ED FB 20 

00 00 08 00 2A 2D DD 06   // передача: 8 байт; 19:32:13:774 28.01.2020
// приём по количеству байт: 12 из 12
// принято с порта: 12 байт

01 00 0C 00 2A 00 00 00 00 00 26 5D   // прием: 12 байт; 19:32:13:812 28.01.2020
// таймаут: 38 мсек

46  : 01.00.000.00.01
Чтение коэффициентов: 94 %

CA E0 EB FE EC ED FB 20 

00 00 08 00 2A 2E 9D 07   // передача: 8 байт; 19:32:13:814 28.01.2020
// приём по количеству байт: 12 из 12
// принято с порта: 12 байт

01 00 0C 00 2A 00 00 00 00 00 26 5D   // прием: 12 байт; 19:32:13:852 28.01.2020
// таймаут: 38 мсек

47  : 01.00.000.00.01
Чтение коэффициентов: 94 %

CA E0 EB FE EC ED FB 20 

00 00 08 00 2A 2F 5C C7   // передача: 8 байт; 19:32:13:853 28.01.2020
// приём по количеству байт: 12 из 12
// принято с порта: 12 байт

01 00 0C 00 2A 00 00 00 00 00 26 5D   // прием: 12 байт; 19:32:13:891 28.01.2020
// таймаут: 38 мсек

48  : 01.00.000.00.01
Чтение коэффициентов: 94 %

CA E0 EB FE EC ED FB 20 

00 00 08 00 2A 30 1D 0F   // передача: 8 байт; 19:32:13:893 28.01.2020
// приём по количеству байт: 12 из 12
// принято с порта: 12 байт

01 00 0C 00 2A 00 00 00 00 00 26 5D   // прием: 12 байт; 19:32:13:932 28.01.2020
// таймаут: 39 мсек

49  : 01.00.000.00.01
Чтение коэффициентов: 95 %

CA E0 EB FE EC ED FB 20 

00 00 08 00 2A 31 DC CF   // передача: 8 байт; 19:32:13:934 28.01.2020
// приём по количеству байт: 12 из 12
// принято с порта: 12 байт

01 00 0C 00 2A 00 00 00 00 00 26 5D   // прием: 12 байт; 19:32:13:972 28.01.2020
// таймаут: 38 мсек

50  : 01.00.000.00.01
Чтение коэффициентов: 95 %

CA E0 EB FE EC ED FB 20 

00 00 08 00 2A 32 9C CE   // передача: 8 байт; 19:32:13:973 28.01.2020
// приём по количеству байт: 12 из 12
// принято с порта: 12 байт

01 00 0C 00 2A 00 00 00 00 00 26 5D   // прием: 12 байт; 19:32:14:011 28.01.2020
// таймаут: 38 мсек

51  : 01.00.000.00.01
Чтение коэффициентов: 95 %

CA E0 EB FE EC ED FB 20 

00 00 08 00 2A 33 5D 0E   // передача: 8 байт; 19:32:14:014 28.01.2020
// приём по количеству байт: 12 из 12
// принято с порта: 12 байт

01 00 0C 00 2A 00 00 00 00 00 26 5D   // прием: 12 байт; 19:32:14:051 28.01.2020
// таймаут: 37 мсек

52  : 01.00.000.00.01
Чтение коэффициентов: 96 %

CA E0 EB FE EC ED FB 20 

00 00 08 00 2A 34 1C CC   // передача: 8 байт; 19:32:14:052 28.01.2020
// приём по количеству байт: 12 из 12
// принято с порта: 12 байт

01 00 0C 00 2A 00 00 00 00 00 26 5D   // прием: 12 байт; 19:32:14:091 28.01.2020
// таймаут: 39 мсек

53  : 01.00.000.00.01
Чтение коэффициентов: 96 %

CA E0 EB FE EC ED FB 20 

00 00 08 00 2A 35 DD 0C   // передача: 8 байт; 19:32:14:092 28.01.2020
// приём по количеству байт: 12 из 12
// принято с порта: 12 байт

01 00 0C 00 2A 00 00 00 00 00 26 5D   // прием: 12 байт; 19:32:14:130 28.01.2020
// таймаут: 38 мсек

54  : 01.00.000.00.01
Чтение коэффициентов: 96 %

CA E0 EB FE EC ED FB 20 

00 00 08 00 2A 36 9D 0D   // передача: 8 байт; 19:32:14:132 28.01.2020
// приём по количеству байт: 12 из 12
// принято с порта: 12 байт

01 00 0C 00 2A 00 00 00 00 00 26 5D   // прием: 12 байт; 19:32:14:170 28.01.2020
// таймаут: 38 мсек

55  : 01.00.000.00.01
Чтение коэффициентов: 97 %

CA E0 EB FE EC ED FB 20 

00 00 08 00 2A 37 5C CD   // передача: 8 байт; 19:32:14:172 28.01.2020
// приём по количеству байт: 12 из 12
// принято с порта: 12 байт

01 00 0C 00 2A 00 00 00 00 00 26 5D   // прием: 12 байт; 19:32:14:210 28.01.2020
// таймаут: 38 мсек

56  : 01.00.000.00.01
Чтение коэффициентов: 97 %

CA E0 EB FE EC ED FB 20 

00 00 08 00 2A 38 1C C9   // передача: 8 байт; 19:32:14:212 28.01.2020
// приём по количеству байт: 12 из 12
// принято с порта: 12 байт

01 00 0C 00 2A 00 00 00 00 00 26 5D   // прием: 12 байт; 19:32:14:250 28.01.2020
// таймаут: 38 мсек

57  : 01.00.000.00.01
Чтение коэффициентов: 97 %

CA E0 EB FE EC ED FB 20 

00 00 08 00 2A 39 DD 09   // передача: 8 байт; 19:32:14:252 28.01.2020
// приём по количеству байт: 12 из 12
// принято с порта: 12 байт

01 00 0C 00 2A 00 00 00 00 00 26 5D   // прием: 12 байт; 19:32:14:290 28.01.2020
// таймаут: 38 мсек

58  : 01.00.000.00.01
Чтение коэффициентов: 98 %

CA E0 EB FE EC ED FB 20 

00 00 08 00 2A 3A 9D 08   // передача: 8 байт; 19:32:14:291 28.01.2020
// приём по количеству байт: 12 из 12
// принято с порта: 12 байт

01 00 0C 00 2A 00 00 00 00 00 26 5D   // прием: 12 байт; 19:32:14:330 28.01.2020
// таймаут: 39 мсек

59  : 01.00.000.00.01
Чтение коэффициентов: 98 %

CA E0 EB FE EC ED FB 20 

00 00 08 00 2A 3B 5C C8   // передача: 8 байт; 19:32:14:332 28.01.2020
// приём по количеству байт: 12 из 12
// принято с порта: 12 байт

01 00 0C 00 2A 00 00 00 00 00 26 5D   // прием: 12 байт; 19:32:14:370 28.01.2020
// таймаут: 38 мсек

60  : 01.00.000.00.01
Чтение коэффициентов: 98 %

CA E0 EB FE EC ED FB 20 

00 00 08 00 2A 3C 1D 0A   // передача: 8 байт; 19:32:14:371 28.01.2020
// приём по количеству байт: 12 из 12
// принято с порта: 12 байт

01 00 0C 00 2A 00 00 00 00 00 26 5D   // прием: 12 байт; 19:32:14:409 28.01.2020
// таймаут: 38 мсек

61  : 01.00.000.00.01
Чтение коэффициентов: 99 %

CA E0 EB FE EC ED FB 20 

00 00 08 00 2A 3D DC CA   // передача: 8 байт; 19:32:14:411 28.01.2020
// приём по количеству байт: 12 из 12
// принято с порта: 12 байт

01 00 0C 00 2A 00 00 00 00 00 26 5D   // прием: 12 байт; 19:32:14:449 28.01.2020
// таймаут: 38 мсек

62  : 01.00.000.00.01
Чтение коэффициентов: 99 %

CA E0 EB FE EC ED FB 20 

00 00 08 00 2A 3E 9C CB   // передача: 8 байт; 19:32:14:451 28.01.2020
// приём по количеству байт: 12 из 12
// принято с порта: 12 байт

01 00 0C 00 2A 00 00 00 00 00 26 5D   // прием: 12 байт; 19:32:14:489 28.01.2020
// таймаут: 38 мсек

63  : 01.00.000.00.01
Чтение коэффициентов: 99 %

CA E0 EB FE EC ED FB 20 

00 00 08 00 2A 3F 5D 0B   // передача: 8 байт; 19:32:14:490 28.01.2020
// приём по количеству байт: 12 из 12
// принято с порта: 12 байт

01 00 0C 00 2A 00 00 00 00 00 26 5D   // прием: 12 байт; 19:32:14:528 28.01.2020
// таймаут: 38 мсек

64  : 01.00.000.00.01
Чтение коэффициентов: 100 %



1B 41   // передача: 2 байт; 19:32:16:788 28.01.2020



1B 41   // передача: 2 байт; 19:32:16:972 28.01.2020



1B 41   // передача: 2 байт; 19:32:17:156 28.01.2020



1B 41   // передача: 2 байт; 19:32:17:356 28.01.2020
// приём по таймауту: 1000 мс
// принято с порта: 0 байт



1B 41   // передача: 2 байт; 19:32:23:659 28.01.2020



1B 41   // передача: 2 байт; 19:32:23:859 28.01.2020



1B 41   // передача: 2 байт; 19:32:24:035 28.01.2020



1B 41   // передача: 2 байт; 19:32:24:219 28.01.2020



1B 41   // передача: 2 байт; 19:32:24:403 28.01.2020



1B 41   // передача: 2 байт; 19:32:24:563 28.01.2020
// приём по таймауту: 1000 мс
// принято с порта: 0 байт

CA E0 EB FE EC ED FB 20 

00 00 07 00 F7 D4 47   // передача: 7 байт; 19:32:27:532 28.01.2020
// приём по количеству байт: 39 из 39
// принято с порта: 39 байт

01 00 27 00 F7 D0 E0 E1 EE F2 E0 20 20 20 20 20 20 20 20 20 20 20 20 20 20 20 20 20 CE CA 20 20 20 20 20 20 20 DE 07   // прием: 39 байт; 19:32:27:597 28.01.2020
// таймаут: 65 мсек

Работа          
       ОК       

CA E0 EB FE EC ED FB 20 

00 00 07 00 F7 D4 47   // передача: 7 байт; 19:32:28:004 28.01.2020
// приём по количеству байт: 39 из 39
// принято с порта: 39 байт

01 00 27 00 F7 D0 E0 E1 EE F2 E0 20 20 20 20 20 20 20 20 20 20 20 20 20 20 20 20 20 CE CA 20 20 20 20 20 20 20 DE 07   // прием: 39 байт; 19:32:28:069 28.01.2020
// таймаут: 65 мсек

Работа          
       ОК       

CA E0 EB FE EC ED FB 20 

00 00 07 00 F7 D4 47   // передача: 7 байт; 19:32:28:188 28.01.2020
// приём по количеству байт: 39 из 39
// принято с порта: 39 байт

01 00 27 00 F7 D0 E0 E1 EE F2 E0 20 20 20 20 20 20 20 20 20 20 20 20 20 20 20 20 20 CE CA 20 20 20 20 20 20 20 DE 07   // прием: 39 байт; 19:32:28:254 28.01.2020
// таймаут: 66 мсек

Работа          
       ОК       

CA E0 EB FE EC ED FB 20 

00 00 08 00 F6 0C 45 DE   // передача: 8 байт; 19:32:28:812 28.01.2020
// приём по количеству байт: 9 из 9
// принято с порта: 9 байт

01 00 09 00 F6 00 00 37 F3   // прием: 9 байт; 19:32:28:847 28.01.2020
// таймаут: 35 мсек


CA E0 EB FE EC ED FB 20 

00 00 07 00 F7 D4 47   // передача: 7 байт; 19:32:28:848 28.01.2020
// приём по количеству байт: 39 из 39
// принято с порта: 39 байт

01 00 27 00 F7 CF F0 EE E3 F0 E0 EC EC E0 20 3F 20 20 20 20 20 3E 5F 5F 5F 20 20 20 20 20 20 20 20 20 20 20 20 5B EF   // прием: 39 байт; 19:32:28:914 28.01.2020
// таймаут: 66 мсек

Программа ?     
>___            

CA E0 EB FE EC ED FB 20 

00 00 08 00 F6 01 84 1B   // передача: 8 байт; 19:32:29:476 28.01.2020
// приём по количеству байт: 9 из 9
// принято с порта: 9 байт

01 00 09 00 F6 00 00 37 F3   // прием: 9 байт; 19:32:29:511 28.01.2020
// таймаут: 35 мсек


CA E0 EB FE EC ED FB 20 

00 00 07 00 F7 D4 47   // передача: 7 байт; 19:32:29:512 28.01.2020
// приём по количеству байт: 39 из 39
// принято с порта: 39 байт

01 00 27 00 F7 CF F0 EE E3 F0 E0 EC EC E0 20 3F 20 20 20 20 20 3E 5F 5F 31 20 20 20 20 20 20 20 20 20 20 20 20 CC C1   // прием: 39 байт; 19:32:29:591 28.01.2020
// таймаут: 79 мсек

Программа ?     
>__1            

CA E0 EB FE EC ED FB 20 

00 00 08 00 F6 0C 45 DE   // передача: 8 байт; 19:32:30:580 28.01.2020
// приём по количеству байт: 9 из 9
// принято с порта: 9 байт

01 00 09 00 F6 00 00 37 F3   // прием: 9 байт; 19:32:30:615 28.01.2020
// таймаут: 35 мсек


CA E0 EB FE EC ED FB 20 

00 00 07 00 F7 D4 47   // передача: 7 байт; 19:32:30:617 28.01.2020
// приём по количеству байт: 39 из 39
// принято с порта: 39 байт

01 00 27 00 F7 CF F0 EE E3 F0 E0 EC EC E0 20 3F 20 20 20 20 20 3E 5F 5F 5F 20 20 20 20 20 20 20 20 20 20 20 20 5B EF   // прием: 39 байт; 19:32:30:681 28.01.2020
// таймаут: 64 мсек

Программа ?     
>___            

CA E0 EB FE EC ED FB 20 

00 00 08 00 F6 02 C4 1A   // передача: 8 байт; 19:32:31:204 28.01.2020
// приём по количеству байт: 9 из 9
// принято с порта: 9 байт

01 00 09 00 F6 00 00 37 F3   // прием: 9 байт; 19:32:31:239 28.01.2020
// таймаут: 35 мсек


CA E0 EB FE EC ED FB 20 

00 00 07 00 F7 D4 47   // передача: 7 байт; 19:32:31:241 28.01.2020
// приём по количеству байт: 39 из 39
// принято с порта: 39 байт

01 00 27 00 F7 CF F0 EE E3 F0 E0 EC EC E0 20 3F 20 20 20 20 20 3E 5F 5F 32 20 20 20 20 20 20 20 20 20 20 20 20 C9 02   // прием: 39 байт; 19:32:31:306 28.01.2020
// таймаут: 65 мсек

Программа ?     
>__2            

CA E0 EB FE EC ED FB 20 

00 00 08 00 F6 02 C4 1A   // передача: 8 байт; 19:32:31:389 28.01.2020
// приём по количеству байт: 9 из 9
// принято с порта: 9 байт

01 00 09 00 F6 00 00 37 F3   // прием: 9 байт; 19:32:31:423 28.01.2020
// таймаут: 34 мсек


CA E0 EB FE EC ED FB 20 

00 00 07 00 F7 D4 47   // передача: 7 байт; 19:32:31:425 28.01.2020
// приём по количеству байт: 39 из 39
// принято с порта: 39 байт

01 00 27 00 F7 CF F0 EE E3 F0 E0 EC EC E0 20 3F 20 20 20 20 20 3E 5F 32 32 20 20 20 20 20 20 20 20 20 20 20 20 A5 AF   // прием: 39 байт; 19:32:31:490 28.01.2020
// таймаут: 65 мсек

Программа ?     
>_22            

CA E0 EB FE EC ED FB 20 

00 00 08 00 F6 00 45 DB   // передача: 8 байт; 19:32:31:989 28.01.2020
// приём по количеству байт: 9 из 9
// принято с порта: 9 байт

01 00 09 00 F6 00 00 37 F3   // прием: 9 байт; 19:32:32:024 28.01.2020
// таймаут: 35 мсек


CA E0 EB FE EC ED FB 20 

00 00 07 00 F7 D4 47   // передача: 7 байт; 19:32:32:025 28.01.2020
// приём по количеству байт: 39 из 39
// принято с порта: 39 байт

01 00 27 00 F7 CF F0 EE E3 F0 E0 EC EC E0 20 3F 20 20 20 20 20 3E 32 32 30 20 20 20 20 20 20 20 20 20 20 20 20 0F C0   // прием: 39 байт; 19:32:32:090 28.01.2020
// таймаут: 65 мсек

Программа ?     
>220            

CA E0 EB FE EC ED FB 20 

00 00 08 00 F6 0B 04 1C   // передача: 8 байт; 19:32:32:301 28.01.2020
// приём по количеству байт: 9 из 9
// принято с порта: 9 байт

01 00 09 00 F6 00 00 37 F3   // прием: 9 байт; 19:32:32:335 28.01.2020
// таймаут: 34 мсек


CA E0 EB FE EC ED FB 20 

00 00 07 00 F7 D4 47   // передача: 7 байт; 19:32:32:337 28.01.2020
// приём по таймауту: 1000 мс
// принято с порта: 0 байт
повтор: 1

CA E0 EB FE EC ED FB 20 

00 00 07 00 F7 D4 47   // передача: 7 байт; 19:32:33:348 28.01.2020

CA E0 EB FE EC ED FB 20 

00 00 08 00 F6 0C 45 DE   // передача: 8 байт; 19:32:33:357 28.01.2020

CA E0 EB FE EC ED FB 20 

00 00 08 00 F6 02 C4 1A   // передача: 8 байт; 19:32:33:997 28.01.2020
// приём по количеству байт: 13 из 9
// принято с порта: 13 байт

01 00 09 00 F6 01 00 09 00 F6 00 00 37   // прием: 13 байт; 19:32:34:025 28.01.2020
// таймаут: 28 мсек


CA E0 EB FE EC ED FB 20 

00 00 08 00 F6 0C 45 DE   // передача: 8 байт; 19:32:34:853 28.01.2020
// приём по количеству байт: 9 из 9
// принято с порта: 9 байт

F3 01 00 09 00 F6 00 00 37   // прием: 9 байт; 19:32:34:881 28.01.2020
// таймаут: 28 мсек


CA E0 EB FE EC ED FB 20 

00 00 08 00 F6 02 C4 1A   // передача: 8 байт; 19:32:35:589 28.01.2020
// приём по количеству байт: 9 из 9
// принято с порта: 9 байт

F3 01 00 09 00 F6 00 00 37   // прием: 9 байт; 19:32:35:617 28.01.2020
// таймаут: 29 мсек


CA E0 EB FE EC ED FB 20 

00 00 08 00 F6 02 C4 1A   // передача: 8 байт; 19:32:35:765 28.01.2020
// приём по количеству байт: 9 из 9
// принято с порта: 9 байт

F3 01 00 09 00 F6 00 00 37   // прием: 9 байт; 19:32:35:794 28.01.2020
// таймаут: 29 мсек

// приём по таймауту: 1000 мс
// принято с порта: 1 байт

F3   // прием: 1 байт; 19:32:36:809 28.01.2020
// таймаут: 1044 мсек


CA E0 EB FE EC ED FB 20 

00 00 07 00 F7 D4 47   // передача: 7 байт; 19:32:37:325 28.01.2020
// приём по количеству байт: 39 из 39
// принято с порта: 39 байт

01 00 27 00 F7 CF F0 EE E3 F0 E0 EC EC E0 20 3F 20 20 20 20 20 3E 5F 32 32 20 20 20 20 20 20 20 20 20 20 20 20 A5 AF   // прием: 39 байт; 19:32:37:390 28.01.2020
// таймаут: 65 мсек

Программа ?     
>_22            

CA E0 EB FE EC ED FB 20 

00 00 08 00 F6 00 45 DB   // передача: 8 байт; 19:32:38:380 28.01.2020
// приём по количеству байт: 9 из 9
// принято с порта: 9 байт

01 00 09 00 F6 00 00 37 F3   // прием: 9 байт; 19:32:38:415 28.01.2020
// таймаут: 35 мсек


CA E0 EB FE EC ED FB 20 

00 00 07 00 F7 D4 47   // передача: 7 байт; 19:32:38:416 28.01.2020
// приём по количеству байт: 39 из 39
// принято с порта: 39 байт

01 00 27 00 F7 CF F0 EE E3 F0 E0 EC EC E0 20 3F 20 20 20 20 20 3E 32 32 30 20 20 20 20 20 20 20 20 20 20 20 20 0F C0   // прием: 39 байт; 19:32:38:481 28.01.2020
// таймаут: 65 мсек

Программа ?     
>220            

CA E0 EB FE EC ED FB 20 

00 00 08 00 F6 0D 84 1E   // передача: 8 байт; 19:32:38:732 28.01.2020
// приём по количеству байт: 9 из 9
// принято с порта: 9 байт

01 00 09 00 F6 00 00 37 F3   // прием: 9 байт; 19:32:38:767 28.01.2020
// таймаут: 35 мсек


CA E0 EB FE EC ED FB 20 

00 00 07 00 F7 D4 47   // передача: 7 байт; 19:32:38:768 28.01.2020
// приём по количеству байт: 39 из 39
// принято с порта: 39 байт

01 00 27 00 F7 CF EE F0 F2 20 31 3A 20 43 52 43 32 34 37 20 34 30 33 20 33 33 34 37 20 30 37 20 30 30 20 20 20 0C 49   // прием: 39 байт; 19:32:38:834 28.01.2020
// таймаут: 66 мсек

Порт 1: CRC247 4
03 3347 07 00   

CA E0 EB FE EC ED FB 20 

00 00 08 00 F6 0C 45 DE   // передача: 8 байт; 19:32:39:907 28.01.2020
// приём по количеству байт: 9 из 9
// принято с порта: 9 байт

01 00 09 00 F6 00 00 37 F3   // прием: 9 байт; 19:32:39:942 28.01.2020
// таймаут: 35 мсек


CA E0 EB FE EC ED FB 20 

00 00 07 00 F7 D4 47   // передача: 7 байт; 19:32:39:943 28.01.2020
// приём по количеству байт: 39 из 39
// принято с порта: 39 байт

01 00 27 00 F7 CF F0 EE E3 F0 E0 EC EC E0 20 3F 20 20 20 20 20 3E 5F 5F 5F 20 20 20 20 20 20 20 20 20 20 20 20 5B EF   // прием: 39 байт; 19:32:40:009 28.01.2020
// таймаут: 66 мсек

Программа ?     
>___            

CA E0 EB FE EC ED FB 20 

00 00 08 00 F6 02 C4 1A   // передача: 8 байт; 19:32:41:164 28.01.2020
// приём по количеству байт: 9 из 9
// принято с порта: 9 байт

01 00 09 00 F6 00 00 37 F3   // прием: 9 байт; 19:32:41:198 28.01.2020
// таймаут: 34 мсек


CA E0 EB FE EC ED FB 20 

00 00 07 00 F7 D4 47   // передача: 7 байт; 19:32:41:200 28.01.2020
// приём по количеству байт: 39 из 39
// принято с порта: 39 байт

01 00 27 00 F7 CF F0 EE E3 F0 E0 EC EC E0 20 3F 20 20 20 20 20 3E 5F 5F 32 20 20 20 20 20 20 20 20 20 20 20 20 C9 02   // прием: 39 байт; 19:32:41:265 28.01.2020
// таймаут: 65 мсек

Программа ?     
>__2            

CA E0 EB FE EC ED FB 20 

00 00 08 00 F6 02 C4 1A   // передача: 8 байт; 19:32:41:347 28.01.2020
// приём по количеству байт: 9 из 9
// принято с порта: 9 байт

01 00 09 00 F6 00 00 37 F3   // прием: 9 байт; 19:32:41:382 28.01.2020
// таймаут: 35 мсек


CA E0 EB FE EC ED FB 20 

00 00 07 00 F7 D4 47   // передача: 7 байт; 19:32:41:383 28.01.2020
// приём по количеству байт: 39 из 39
// принято с порта: 39 байт

01 00 27 00 F7 CF F0 EE E3 F0 E0 EC EC E0 20 3F 20 20 20 20 20 3E 5F 32 32 20 20 20 20 20 20 20 20 20 20 20 20 A5 AF   // прием: 39 байт; 19:32:41:449 28.01.2020
// таймаут: 66 мсек

Программа ?     
>_22            

CA E0 EB FE EC ED FB 20 

00 00 08 00 F6 00 45 DB   // передача: 8 байт; 19:32:42:107 28.01.2020
// приём по количеству байт: 9 из 9
// принято с порта: 9 байт

01 00 09 00 F6 00 00 37 F3   // прием: 9 байт; 19:32:42:142 28.01.2020
// таймаут: 35 мсек


CA E0 EB FE EC ED FB 20 

00 00 07 00 F7 D4 47   // передача: 7 байт; 19:32:42:143 28.01.2020
// приём по количеству байт: 39 из 39
// принято с порта: 39 байт

01 00 27 00 F7 CF F0 EE E3 F0 E0 EC EC E0 20 3F 20 20 20 20 20 3E 32 32 30 20 20 20 20 20 20 20 20 20 20 20 20 0F C0   // прием: 39 байт; 19:32:42:208 28.01.2020
// таймаут: 65 мсек

Программа ?     
>220            

CA E0 EB FE EC ED FB 20 

00 00 08 00 F6 0D 84 1E   // передача: 8 байт; 19:32:43:052 28.01.2020
// приём по количеству байт: 9 из 9
// принято с порта: 9 байт

01 00 09 00 F6 00 00 37 F3   // прием: 9 байт; 19:32:43:086 28.01.2020
// таймаут: 34 мсек


CA E0 EB FE EC ED FB 20 

00 00 07 00 F7 D4 47   // передача: 7 байт; 19:32:43:087 28.01.2020
// приём по количеству байт: 39 из 39
// принято с порта: 39 байт

01 00 27 00 F7 CF EE F0 F2 20 31 3A 20 43 52 43 32 34 37 20 34 30 33 20 43 45 34 37 20 30 37 20 30 30 20 20 20 FA 0E   // прием: 39 байт; 19:32:43:153 28.01.2020
// таймаут: 66 мсек

Порт 1: CRC247 4
03 CE47 07 00   

CA E0 EB FE EC ED FB 20 

00 00 07 00 F7 D4 47   // передача: 7 байт; 19:32:43:771 28.01.2020
// приём по количеству байт: 39 из 39
// принято с порта: 39 байт

01 00 27 00 F7 CF EE F0 F2 20 31 3A 20 43 52 43 32 34 37 20 34 30 33 20 44 44 34 37 20 30 37 20 30 30 20 20 20 0C 8A   // прием: 39 байт; 19:32:43:836 28.01.2020
// таймаут: 65 мсек

Порт 1: CRC247 4
03 DD47 07 00   

CA E0 EB FE EC ED FB 20 

00 00 07 00 F7 D4 47   // передача: 7 байт; 19:32:44:275 28.01.2020
// приём по количеству байт: 39 из 39
// принято с порта: 39 байт

01 00 27 00 F7 CF EE F0 F2 20 31 3A 20 43 52 43 32 34 37 20 34 30 33 20 45 43 34 37 20 30 37 20 30 30 20 20 20 FB C0   // прием: 39 байт; 19:32:44:340 28.01.2020
// таймаут: 65 мсек

Порт 1: CRC247 4
03 EC47 07 00   

CA E0 EB FE EC ED FB 20 

00 00 07 00 F7 D4 47   // передача: 7 байт; 19:32:44:491 28.01.2020
// приём по количеству байт: 39 из 39
// принято с порта: 39 байт

01 00 27 00 F7 CF EE F0 F2 20 31 3A 20 43 52 43 32 34 37 20 34 30 33 20 46 42 34 37 20 30 37 20 30 30 20 20 20 03 C0   // прием: 39 байт; 19:32:44:556 28.01.2020
// таймаут: 65 мсек

Порт 1: CRC247 4
03 FB47 07 00   

CA E0 EB FE EC ED FB 20 

00 00 07 00 F7 D4 47   // передача: 7 байт; 19:32:44:683 28.01.2020
// приём по количеству байт: 39 из 39
// принято с порта: 39 байт

01 00 27 00 F7 CF EE F0 F2 20 31 3A 20 43 52 43 32 34 37 20 34 30 33 20 30 41 34 37 20 30 37 20 30 30 20 20 20 B1 32   // прием: 39 байт; 19:32:44:748 28.01.2020
// таймаут: 65 мсек

Порт 1: CRC247 4
03 0A47 07 00   

CA E0 EB FE EC ED FB 20 

00 00 07 00 F7 D4 47   // передача: 7 байт; 19:32:44:891 28.01.2020
// приём по количеству байт: 39 из 39
// принято с порта: 39 байт

01 00 27 00 F7 CF EE F0 F2 20 31 3A 20 43 52 43 32 34 37 20 34 30 33 20 31 39 34 37 20 30 37 20 30 30 20 20 20 13 13   // прием: 39 байт; 19:32:44:957 28.01.2020
// таймаут: 66 мсек

Порт 1: CRC247 4
03 1947 07 00   

CA E0 EB FE EC ED FB 20 

00 00 07 00 F7 D4 47   // передача: 7 байт; 19:32:45:083 28.01.2020
// приём по количеству байт: 39 из 39
// принято с порта: 39 байт

01 00 27 00 F7 CF EE F0 F2 20 31 3A 20 43 52 43 32 34 37 20 34 30 33 20 32 38 34 37 20 30 37 20 30 30 20 20 20 EB 13   // прием: 39 байт; 19:32:45:148 28.01.2020
// таймаут: 65 мсек

Порт 1: CRC247 4
03 2847 07 00   

CA E0 EB FE EC ED FB 20 

00 00 07 00 F7 D4 47   // передача: 7 байт; 19:32:45:275 28.01.2020
// приём по количеству байт: 39 из 39
// принято с порта: 39 байт

01 00 27 00 F7 CF EE F0 F2 20 31 3A 20 43 52 43 32 34 37 20 34 30 33 20 33 37 34 37 20 30 37 20 30 30 20 20 20 FD 86   // прием: 39 байт; 19:32:45:340 28.01.2020
// таймаут: 65 мсек

Порт 1: CRC247 4
03 3747 07 00   

CA E0 EB FE EC ED FB 20 

00 00 07 00 F7 D4 47   // передача: 7 байт; 19:32:45:475 28.01.2020
// приём по количеству байт: 39 из 39
// принято с порта: 39 байт

01 00 27 00 F7 CF EE F0 F2 20 31 3A 20 43 52 43 32 34 37 20 34 30 33 20 34 36 34 37 20 30 37 20 30 30 20 20 20 0B 02   // прием: 39 байт; 19:32:45:540 28.01.2020
// таймаут: 65 мсек

Порт 1: CRC247 4
03 4647 07 00   

CA E0 EB FE EC ED FB 20 

00 00 07 00 F7 D4 47   // передача: 7 байт; 19:32:45:651 28.01.2020
// приём по количеству байт: 39 из 39
// принято с порта: 39 байт

01 00 27 00 F7 CF EE F0 F2 20 31 3A 20 43 52 43 32 34 37 20 34 30 33 20 35 35 34 37 20 30 37 20 30 30 20 20 20 0D 87   // прием: 39 байт; 19:32:45:717 28.01.2020
// таймаут: 66 мсек

Порт 1: CRC247 4
03 5547 07 00   

CA E0 EB FE EC ED FB 20 

00 00 07 00 F7 D4 47   // передача: 7 байт; 19:32:45:867 28.01.2020
// приём по количеству байт: 39 из 39
// принято с порта: 39 байт

01 00 27 00 F7 CF EE F0 F2 20 31 3A 20 43 52 43 32 34 37 20 34 30 33 20 36 34 34 37 20 30 37 20 30 30 20 20 20 F5 87   // прием: 39 байт; 19:32:45:932 28.01.2020
// таймаут: 65 мсек

Порт 1: CRC247 4
03 6447 07 00   

CA E0 EB FE EC ED FB 20 

00 00 07 00 F7 D4 47   // передача: 7 байт; 19:32:46:067 28.01.2020
// приём по количеству байт: 39 из 39
// принято с порта: 39 байт

01 00 27 00 F7 CF EE F0 F2 20 31 3A 20 43 52 43 32 34 37 20 34 30 33 20 37 33 34 37 20 30 37 20 30 30 20 20 20 02 CD   // прием: 39 байт; 19:32:46:132 28.01.2020
// таймаут: 65 мсек

Порт 1: CRC247 4
03 7347 07 00   

CA E0 EB FE EC ED FB 20 

00 00 07 00 F7 D4 47   // передача: 7 байт; 19:32:46:251 28.01.2020
// приём по количеству байт: 39 из 39
// принято с порта: 39 байт

01 00 27 00 F7 CF EE F0 F2 20 31 3A 20 43 52 43 32 34 37 20 34 30 33 20 38 32 34 37 20 30 37 20 30 30 20 20 20 EB 01   // прием: 39 байт; 19:32:46:316 28.01.2020
// таймаут: 65 мсек

Порт 1: CRC247 4
03 8247 07 00   

CA E0 EB FE EC ED FB 20 

00 00 07 00 F7 D4 47   // передача: 7 байт; 19:32:46:443 28.01.2020
// приём по количеству байт: 39 из 39
// принято с порта: 39 байт

01 00 27 00 F7 CF EE F0 F2 20 31 3A 20 43 52 43 32 34 37 20 34 30 33 20 39 31 34 37 20 30 37 20 30 30 20 20 20 ED 84   // прием: 39 байт; 19:32:46:507 28.01.2020
// таймаут: 64 мсек

Порт 1: CRC247 4
03 9147 07 00   

CA E0 EB FE EC ED FB 20 

00 00 07 00 F7 D4 47   // передача: 7 байт; 19:32:46:642 28.01.2020
// приём по количеству байт: 39 из 39
// принято с порта: 39 байт

01 00 27 00 F7 CF EE F0 F2 20 31 3A 20 43 52 43 32 34 37 20 34 30 33 20 41 30 34 37 20 30 37 20 30 30 20 20 20 B0 3F   // прием: 39 байт; 19:32:46:707 28.01.2020
// таймаут: 65 мсек

Порт 1: CRC247 4
03 A047 07 00   

CA E0 EB FE EC ED FB 20 

00 00 07 00 F7 D4 47   // передача: 7 байт; 19:32:46:834 28.01.2020
// приём по количеству байт: 39 из 39
// принято с порта: 39 байт

01 00 27 00 F7 CF EE F0 F2 20 31 3A 20 43 52 43 32 34 37 20 34 30 33 20 41 46 34 37 20 30 37 20 30 30 20 20 20 F9 48   // прием: 39 байт; 19:32:46:899 28.01.2020
// таймаут: 65 мсек

Порт 1: CRC247 4
03 AF47 07 00   

CA E0 EB FE EC ED FB 20 

00 00 07 00 F7 D4 47   // передача: 7 байт; 19:32:47:026 28.01.2020
// приём по количеству байт: 39 из 39
// принято с порта: 39 байт

01 00 27 00 F7 CF EE F0 F2 20 31 3A 20 43 52 43 32 34 37 20 34 30 33 20 42 45 34 37 20 30 37 20 30 30 20 20 20 F8 8F   // прием: 39 байт; 19:32:47:091 28.01.2020
// таймаут: 65 мсек

Порт 1: CRC247 4
03 BE47 07 00   

CA E0 EB FE EC ED FB 20 

00 00 07 00 F7 D4 47   // передача: 7 байт; 19:32:47:218 28.01.2020
// приём по количеству байт: 39 из 39
// принято с порта: 39 байт

01 00 27 00 F7 CF EE F0 F2 20 31 3A 20 43 52 43 32 34 37 20 34 30 33 20 43 44 34 37 20 30 37 20 30 30 20 20 20 07 CD   // прием: 39 байт; 19:32:47:283 28.01.2020
// таймаут: 65 мсек

Порт 1: CRC247 4
03 CD47 07 00   

CA E0 EB FE EC ED FB 20 

00 00 08 00 F6 0C 45 DE   // передача: 8 байт; 19:32:47:866 28.01.2020
// приём по количеству байт: 9 из 9
// принято с порта: 9 байт

01 00 09 00 F6 00 00 37 F3   // прием: 9 байт; 19:32:47:901 28.01.2020
// таймаут: 35 мсек


CA E0 EB FE EC ED FB 20 

00 00 07 00 F7 D4 47   // передача: 7 байт; 19:32:47:903 28.01.2020
// приём по количеству байт: 39 из 39
// принято с порта: 39 байт

01 00 27 00 F7 CF F0 EE E3 F0 E0 EC EC E0 20 3F 20 20 20 20 20 3E 5F 5F 5F 20 20 20 20 20 20 20 20 20 20 20 20 5B EF   // прием: 39 байт; 19:32:47:968 28.01.2020
// таймаут: 65 мсек

Программа ?     
>___            

CA E0 EB FE EC ED FB 20 

00 00 08 00 F6 01 84 1B   // передача: 8 байт; 19:32:48:546 28.01.2020
// приём по количеству байт: 9 из 9
// принято с порта: 9 байт

01 00 09 00 F6 00 00 37 F3   // прием: 9 байт; 19:32:48:581 28.01.2020
// таймаут: 35 мсек


CA E0 EB FE EC ED FB 20 

00 00 07 00 F7 D4 47   // передача: 7 байт; 19:32:48:582 28.01.2020
// приём по количеству байт: 39 из 39
// принято с порта: 39 байт

01 00 27 00 F7 CF F0 EE E3 F0 E0 EC EC E0 20 3F 20 20 20 20 20 3E 5F 5F 31 20 20 20 20 20 20 20 20 20 20 20 20 CC C1   // прием: 39 байт; 19:32:48:647 28.01.2020
// таймаут: 65 мсек

Программа ?     
>__1            

CA E0 EB FE EC ED FB 20 

00 00 08 00 F6 0D 84 1E   // передача: 8 байт; 19:32:49:187 28.01.2020
// приём по количеству байт: 9 из 9
// принято с порта: 9 байт

01 00 09 00 F6 00 00 37 F3   // прием: 9 байт; 19:32:49:222 28.01.2020
// таймаут: 35 мсек


CA E0 EB FE EC ED FB 20 

00 00 07 00 F7 D4 47   // передача: 7 байт; 19:32:49:223 28.01.2020
// приём по количеству байт: 39 из 39
// принято с порта: 39 байт

01 00 27 00 F7 D2 E5 EA F3 F9 E5 E5 20 E2 F0 E5 EC FF 20 20 20 20 20 20 20 31 39 3A 33 31 3A 35 36 00 20 20 20 01 96   // прием: 39 байт; 19:32:49:288 28.01.2020
// таймаут: 65 мсек

Текущее время   
    19:31:56    

CA E0 EB FE EC ED FB 20 

00 00 08 00 F6 0C 45 DE   // передача: 8 байт; 19:32:50:443 28.01.2020
// приём по количеству байт: 9 из 9
// принято с порта: 9 байт

01 00 09 00 F6 00 00 37 F3   // прием: 9 байт; 19:32:50:478 28.01.2020
// таймаут: 35 мсек


CA E0 EB FE EC ED FB 20 

00 00 07 00 F7 D4 47   // передача: 7 байт; 19:32:50:480 28.01.2020
// приём по количеству байт: 39 из 39
// принято с порта: 39 байт

01 00 27 00 F7 CF F0 EE E3 F0 E0 EC EC E0 20 3F 20 20 20 20 20 3E 5F 5F 5F 20 20 20 20 20 20 20 20 20 20 20 20 5B EF   // прием: 39 байт; 19:32:50:545 28.01.2020
// таймаут: 65 мсек

Программа ?     
>___            

CA E0 EB FE EC ED FB 20 

00 00 08 00 F6 01 84 1B   // передача: 8 байт; 19:32:51:275 28.01.2020
// приём по количеству байт: 9 из 9
// принято с порта: 9 байт

01 00 09 00 F6 00 00 37 F3   // прием: 9 байт; 19:32:51:309 28.01.2020
// таймаут: 34 мсек


CA E0 EB FE EC ED FB 20 

00 00 07 00 F7 D4 47   // передача: 7 байт; 19:32:51:311 28.01.2020
// приём по количеству байт: 39 из 39
// принято с порта: 39 байт

01 00 27 00 F7 CF F0 EE E3 F0 E0 EC EC E0 20 3F 20 20 20 20 20 3E 5F 5F 31 20 20 20 20 20 20 20 20 20 20 20 20 CC C1   // прием: 39 байт; 19:32:51:376 28.01.2020
// таймаут: 65 мсек

Программа ?     
>__1            

CA E0 EB FE EC ED FB 20 

00 00 08 00 F6 01 84 1B   // передача: 8 байт; 19:32:51:451 28.01.2020
// приём по количеству байт: 9 из 9
// принято с порта: 9 байт

01 00 09 00 F6 00 00 37 F3   // прием: 9 байт; 19:32:51:485 28.01.2020
// таймаут: 34 мсек


CA E0 EB FE EC ED FB 20 

00 00 07 00 F7 D4 47   // передача: 7 байт; 19:32:51:487 28.01.2020
// приём по количеству байт: 39 из 39
// принято с порта: 39 байт

01 00 27 00 F7 CF F0 EE E3 F0 E0 EC EC E0 20 3F 20 20 20 20 20 3E 5F 31 31 20 20 20 20 20 20 20 20 20 20 20 20 A3 6F   // прием: 39 байт; 19:32:51:553 28.01.2020
// таймаут: 66 мсек

Программа ?     
>_11            

CA E0 EB FE EC ED FB 20 

00 00 08 00 F6 0D 84 1E   // передача: 8 байт; 19:32:52:179 28.01.2020
// приём по количеству байт: 9 из 9
// принято с порта: 9 байт

01 00 09 00 F6 00 00 37 F3   // прием: 9 байт; 19:32:52:213 28.01.2020
// таймаут: 34 мсек


CA E0 EB FE EC ED FB 20 

00 00 07 00 F7 D4 47   // передача: 7 байт; 19:32:52:214 28.01.2020
// приём по количеству байт: 39 из 39
// принято с порта: 39 байт

01 00 27 00 F7 CF E0 F0 EE EB FC 20 20 20 20 20 20 20 20 20 20 20 20 20 2D 2D 2D 2D 2D 2D 2D 2D 2D 2D 20 20 20 3C A2   // прием: 39 байт; 19:32:52:280 28.01.2020
// таймаут: 66 мсек

Пароль          
   ----------   

CA E0 EB FE EC ED FB 20 

00 00 08 00 F6 02 C4 1A   // передача: 8 байт; 19:32:53:211 28.01.2020
// приём по количеству байт: 9 из 9
// принято с порта: 9 байт

01 00 09 00 F6 00 00 37 F3   // прием: 9 байт; 19:32:53:245 28.01.2020
// таймаут: 34 мсек


CA E0 EB FE EC ED FB 20 

00 00 07 00 F7 D4 47   // передача: 7 байт; 19:32:53:247 28.01.2020
// приём по количеству байт: 39 из 39
// принято с порта: 39 байт

01 00 27 00 F7 CF E0 F0 EE EB FC 20 20 20 20 20 20 20 20 20 20 20 20 20 2A 2D 2D 2D 2D 2D 2D 2D 2D 2D 20 20 20 37 E5   // прием: 39 байт; 19:32:53:312 28.01.2020
// таймаут: 65 мсек

Пароль          
   *---------   

CA E0 EB FE EC ED FB 20 

00 00 08 00 F6 06 C5 D9   // передача: 8 байт; 19:32:53:763 28.01.2020
// приём по количеству байт: 9 из 9
// принято с порта: 9 байт

01 00 09 00 F6 00 00 37 F3   // прием: 9 байт; 19:32:53:798 28.01.2020
// таймаут: 35 мсек


CA E0 EB FE EC ED FB 20 

00 00 07 00 F7 D4 47   // передача: 7 байт; 19:32:53:799 28.01.2020
// приём по количеству байт: 39 из 39
// принято с порта: 39 байт

01 00 27 00 F7 CF E0 F0 EE EB FC 20 20 20 20 20 20 20 20 20 20 20 20 20 2A 2A 2D 2D 2D 2D 2D 2D 2D 2D 20 20 20 C2 2E   // прием: 39 байт; 19:32:53:864 28.01.2020
// таймаут: 65 мсек

Пароль          
   **--------   

CA E0 EB FE EC ED FB 20 

00 00 08 00 F6 01 84 1B   // передача: 8 байт; 19:32:54:250 28.01.2020
// приём по количеству байт: 9 из 9
// принято с порта: 9 байт

01 00 09 00 F6 00 00 37 F3   // прием: 9 байт; 19:32:54:285 28.01.2020
// таймаут: 35 мсек


CA E0 EB FE EC ED FB 20 

00 00 07 00 F7 D4 47   // передача: 7 байт; 19:32:54:286 28.01.2020
// приём по количеству байт: 39 из 39
// принято с порта: 39 байт

01 00 27 00 F7 CF E0 F0 EE EB FC 20 20 20 20 20 20 20 20 20 20 20 20 20 2A 2A 2A 2D 2D 2D 2D 2D 2D 2D 20 20 20 D8 5A   // прием: 39 байт; 19:32:54:352 28.01.2020
// таймаут: 66 мсек

Пароль          
   ***-------   

CA E0 EB FE EC ED FB 20 

00 00 08 00 F6 01 84 1B   // передача: 8 байт; 19:32:54:427 28.01.2020
// приём по количеству байт: 9 из 9
// принято с порта: 9 байт

01 00 09 00 F6 00 00 37 F3   // прием: 9 байт; 19:32:54:461 28.01.2020
// таймаут: 34 мсек


CA E0 EB FE EC ED FB 20 

00 00 07 00 F7 D4 47   // передача: 7 байт; 19:32:54:466 28.01.2020
// приём по количеству байт: 39 из 39
// принято с порта: 39 байт

01 00 27 00 F7 CF E0 F0 EE EB FC 20 20 20 20 20 20 20 20 20 20 20 20 20 2A 2A 2A 2A 2D 2D 2D 2D 2D 2D 20 20 20 69 80   // прием: 39 байт; 19:32:54:531 28.01.2020
// таймаут: 65 мсек

Пароль          
   ****------   

CA E0 EB FE EC ED FB 20 

00 00 08 00 F6 03 05 DA   // передача: 8 байт; 19:32:55:138 28.01.2020
// приём по количеству байт: 9 из 9
// принято с порта: 9 байт

01 00 09 00 F6 00 00 37 F3   // прием: 9 байт; 19:32:55:173 28.01.2020
// таймаут: 35 мсек


CA E0 EB FE EC ED FB 20 

00 00 07 00 F7 D4 47   // передача: 7 байт; 19:32:55:174 28.01.2020
// приём по количеству байт: 39 из 39
// принято с порта: 39 байт

01 00 27 00 F7 CF E0 F0 EE EB FC 20 20 20 20 20 20 20 20 20 20 20 20 20 2A 2A 2A 2A 2A 2D 2D 2D 2D 2D 20 20 20 4F B0   // прием: 39 байт; 19:32:55:240 28.01.2020
// таймаут: 66 мсек

Пароль          
   *****-----   

CA E0 EB FE EC ED FB 20 

00 00 08 00 F6 07 04 19   // передача: 8 байт; 19:32:55:722 28.01.2020
// приём по количеству байт: 9 из 9
// принято с порта: 9 байт

01 00 09 00 F6 00 00 37 F3   // прием: 9 байт; 19:32:55:757 28.01.2020
// таймаут: 35 мсек


CA E0 EB FE EC ED FB 20 

00 00 07 00 F7 D4 47   // передача: 7 байт; 19:32:55:759 28.01.2020
// приём по количеству байт: 39 из 39
// принято с порта: 39 байт

01 00 27 00 F7 CF E0 F0 EE EB FC 20 20 20 20 20 20 20 20 20 20 20 20 20 2A 2A 2A 2A 2A 2A 2D 2D 2D 2D 20 20 20 0E 56   // прием: 39 байт; 19:32:55:824 28.01.2020
// таймаут: 65 мсек

Пароль          
   ******----   

CA E0 EB FE EC ED FB 20 

00 00 08 00 F6 09 85 DD   // передача: 8 байт; 19:32:56:186 28.01.2020
// приём по количеству байт: 9 из 9
// принято с порта: 9 байт

01 00 09 00 F6 00 00 37 F3   // прием: 9 байт; 19:32:56:221 28.01.2020
// таймаут: 35 мсек


CA E0 EB FE EC ED FB 20 

00 00 07 00 F7 D4 47   // передача: 7 байт; 19:32:56:222 28.01.2020
// приём по количеству байт: 39 из 39
// принято с порта: 39 байт

01 00 27 00 F7 CF E0 F0 EE EB FC 20 20 20 20 20 20 20 20 20 20 20 20 20 2A 2A 2A 2A 2A 2A 2A 2D 2D 2D 20 20 20 78 96   // прием: 39 байт; 19:32:56:287 28.01.2020
// таймаут: 65 мсек

Пароль          
   *******---   

CA E0 EB FE EC ED FB 20 

00 00 08 00 F6 01 84 1B   // передача: 8 байт; 19:32:56:706 28.01.2020
// приём по количеству байт: 9 из 9
// принято с порта: 9 байт

01 00 09 00 F6 00 00 37 F3   // прием: 9 байт; 19:32:56:741 28.01.2020
// таймаут: 35 мсек


CA E0 EB FE EC ED FB 20 

00 00 07 00 F7 D4 47   // передача: 7 байт; 19:32:56:742 28.01.2020
// приём по количеству байт: 39 из 39
// принято с порта: 39 байт

01 00 27 00 F7 CF E0 F0 EE EB FC 20 20 20 20 20 20 20 20 20 20 20 20 20 2A 2A 2A 2A 2A 2A 2A 2A 2D 2D 20 20 20 79 21   // прием: 39 байт; 19:32:56:808 28.01.2020
// таймаут: 66 мсек

Пароль          
   ********--   

CA E0 EB FE EC ED FB 20 

00 00 08 00 F6 0D 84 1E   // передача: 8 байт; 19:32:57:426 28.01.2020
// приём по таймауту: 1000 мс
// принято с порта: 8 байт

01 00 08 00 F6 03 04 0B   // прием: 8 байт; 19:32:58:461 28.01.2020
// таймаут: 1035 мсек


CA E0 EB FE EC ED FB 20 

00 00 07 00 F7 D4 47   // передача: 7 байт; 19:33:04:410 28.01.2020
// приём по количеству байт: 39 из 39
// принято с порта: 39 байт

01 00 27 00 F7 CF F0 EE E3 F0 E0 EC EC E0 20 3F 20 20 20 20 20 3D 5F 5F 5F 20 20 20 20 20 20 20 20 20 20 20 20 1B 1E   // прием: 39 байт; 19:33:04:475 28.01.2020
// таймаут: 65 мсек

Программа ?     
=___            

CA E0 EB FE EC ED FB 20 

00 00 08 00 F6 0C 45 DE   // передача: 8 байт; 19:33:05:843 28.01.2020
// приём по количеству байт: 9 из 9
// принято с порта: 9 байт

01 00 09 00 F6 00 00 37 F3   // прием: 9 байт; 19:33:05:886 28.01.2020
// таймаут: 43 мсек


CA E0 EB FE EC ED FB 20 

00 00 07 00 F7 D4 47   // передача: 7 байт; 19:33:05:887 28.01.2020
// приём по количеству байт: 39 из 39
// принято с порта: 39 байт

01 00 27 00 F7 CF F0 EE E3 F0 E0 EC EC E0 20 3F 20 20 20 20 20 3D 5F 5F 5F 20 20 20 20 20 20 20 20 20 20 20 20 1B 1E   // прием: 39 байт; 19:33:05:952 28.01.2020
// таймаут: 65 мсек

Программа ?     
=___            

CA E0 EB FE EC ED FB 20 

00 00 08 00 F6 01 84 1B   // передача: 8 байт; 19:33:06:515 28.01.2020
// приём по количеству байт: 9 из 9
// принято с порта: 9 байт

01 00 09 00 F6 00 00 37 F3   // прием: 9 байт; 19:33:06:549 28.01.2020
// таймаут: 34 мсек


CA E0 EB FE EC ED FB 20 

00 00 07 00 F7 D4 47   // передача: 7 байт; 19:33:06:551 28.01.2020
// приём по количеству байт: 39 из 39
// принято с порта: 39 байт

01 00 27 00 F7 CF F0 EE E3 F0 E0 EC EC E0 20 3F 20 20 20 20 20 3D 5F 5F 31 20 20 20 20 20 20 20 20 20 20 20 20 8C 30   // прием: 39 байт; 19:33:06:616 28.01.2020
// таймаут: 65 мсек

Программа ?     
=__1            

CA E0 EB FE EC ED FB 20 

00 00 08 00 F6 04 44 18   // передача: 8 байт; 19:33:07:003 28.01.2020
// приём по количеству байт: 9 из 9
// принято с порта: 9 байт

01 00 09 00 F6 00 00 37 F3   // прием: 9 байт; 19:33:07:037 28.01.2020
// таймаут: 34 мсек


CA E0 EB FE EC ED FB 20 

00 00 07 00 F7 D4 47   // передача: 7 байт; 19:33:07:039 28.01.2020
// приём по количеству байт: 39 из 39
// принято с порта: 39 байт

01 00 27 00 F7 CF F0 EE E3 F0 E0 EC EC E0 20 3F 20 20 20 20 20 3D 5F 31 34 20 20 20 20 20 20 20 20 20 20 20 20 EF 9B   // прием: 39 байт; 19:33:07:104 28.01.2020
// таймаут: 65 мсек

Программа ?     
=_14            

CA E0 EB FE EC ED FB 20 

00 00 08 00 F6 0D 84 1E   // передача: 8 байт; 19:33:07:707 28.01.2020
// приём по количеству байт: 9 из 9
// принято с порта: 9 байт

01 00 09 00 F6 00 00 37 F3   // прием: 9 байт; 19:33:07:741 28.01.2020
// таймаут: 34 мсек


CA E0 EB FE EC ED FB 20 

00 00 07 00 F7 D4 47   // передача: 7 байт; 19:33:07:743 28.01.2020
// приём по количеству байт: 39 из 39
// принято с порта: 39 байт

01 00 27 00 F7 CD E5 F2 3A 20 20 20 20 20 20 20 20 20 20 20 20 20 20 EF F0 EE E3 F0 E0 EC EC FB 20 31 34 20 20 17 69   // прием: 39 байт; 19:33:08:161 28.01.2020
// таймаут: 418 мсек

Нет:            
  программы 14  

CA E0 EB FE EC ED FB 20 

00 00 08 00 F6 0C 45 DE   // передача: 8 байт; 19:33:08:683 28.01.2020
// приём по количеству байт: 9 из 9
// принято с порта: 9 байт

01 00 09 00 F6 00 00 37 F3   // прием: 9 байт; 19:33:08:717 28.01.2020
// таймаут: 34 мсек


CA E0 EB FE EC ED FB 20 

00 00 07 00 F7 D4 47   // передача: 7 байт; 19:33:08:719 28.01.2020
// приём по количеству байт: 39 из 39
// принято с порта: 39 байт

01 00 27 00 F7 CF F0 EE E3 F0 E0 EC EC E0 20 3F 20 20 20 20 20 3D 5F 5F 5F 20 20 20 20 20 20 20 20 20 20 20 20 1B 1E   // прием: 39 байт; 19:33:08:785 28.01.2020
// таймаут: 66 мсек

Программа ?     
=___            

CA E0 EB FE EC ED FB 20 

00 00 08 00 F6 01 84 1B   // передача: 8 байт; 19:33:09:355 28.01.2020
// приём по количеству байт: 9 из 9
// принято с порта: 9 байт

01 00 09 00 F6 00 00 37 F3   // прием: 9 байт; 19:33:09:389 28.01.2020
// таймаут: 34 мсек


CA E0 EB FE EC ED FB 20 

00 00 07 00 F7 D4 47   // передача: 7 байт; 19:33:09:391 28.01.2020
// приём по количеству байт: 39 из 39
// принято с порта: 39 байт

01 00 27 00 F7 CF F0 EE E3 F0 E0 EC EC E0 20 3F 20 20 20 20 20 3D 5F 5F 31 20 20 20 20 20 20 20 20 20 20 20 20 8C 30   // прием: 39 байт; 19:33:09:456 28.01.2020
// таймаут: 65 мсек

Программа ?     
=__1            

CA E0 EB FE EC ED FB 20 

00 00 08 00 F6 0D 84 1E   // передача: 8 байт; 19:33:09:859 28.01.2020
// приём по количеству байт: 9 из 9
// принято с порта: 9 байт

01 00 09 00 F6 00 00 37 F3   // прием: 9 байт; 19:33:09:893 28.01.2020
// таймаут: 34 мсек


CA E0 EB FE EC ED FB 20 

00 00 07 00 F7 D4 47   // передача: 7 байт; 19:33:09:895 28.01.2020
// приём по количеству байт: 39 из 39
// принято с порта: 39 байт

01 00 27 00 F7 C2 E5 E4 EE EC FB E9 2C 45 73 63 2B 43 52 43 20 2E 39 36 30 30 20 20 00 6E 20 20 20 20 20 20 31 C3 E4   // прием: 39 байт; 19:33:10:572 28.01.2020
// таймаут: 677 мсек

Ведомый,Esc+CRC 
.9600   n      1

CA E0 EB FE EC ED FB 20 

00 00 08 00 F6 0A C5 DC   // передача: 8 байт; 19:33:14:162 28.01.2020

CA E0 EB FE EC ED FB 20 

00 00 07 00 F7 D4 47   // передача: 7 байт; 19:33:15:019 28.01.2020
// приём по таймауту: 1000 мс
// принято с порта: 1 байт

01   // прием: 1 байт; 19:33:16:027 28.01.2020
// таймаут: 1008 мсек


CA E0 EB FE EC ED FB 20 

00 00 07 00 F7 D4 47   // передача: 7 байт; 19:33:17:322 28.01.2020

CA E0 EB FE EC ED FB 20 

00 00 07 00 F7 D4 47   // передача: 7 байт; 19:33:18:114 28.01.2020

CA E0 EB FE EC ED FB 20 

00 00 07 00 F7 D4 47   // передача: 7 байт; 19:33:18:370 28.01.2020

CA E0 EB FE EC ED FB 20 

00 00 07 00 F7 D4 47   // передача: 7 байт; 19:33:18:995 28.01.2020

CA E0 EB FE EC ED FB 20 

00 00 07 00 F7 D4 47   // передача: 7 байт; 19:33:19:202 28.01.2020

CA E0 EB FE EC ED FB 20 

00 00 07 00 F7 D4 47   // передача: 7 байт; 19:33:19:386 28.01.2020

CA E0 EB FE EC ED FB 20 

00 00 07 00 F7 D4 47   // передача: 7 байт; 19:33:19:579 28.01.2020

CA E0 EB FE EC ED FB 20 

00 00 07 00 F7 D4 47   // передача: 7 байт; 19:33:19:779 28.01.2020

CA E0 EB FE EC ED FB 20 

00 00 07 00 F7 D4 47   // передача: 7 байт; 19:33:19:986 28.01.2020

CA E0 EB FE EC ED FB 20 

00 00 07 00 F7 D4 47   // передача: 7 байт; 19:33:20:210 28.01.2020

CA E0 EB FE EC ED FB 20 

00 00 07 00 F7 D4 47   // передача: 7 байт; 19:33:20:682 28.01.2020

CA E0 EB FE EC ED FB 20 

00 00 07 00 F7 D4 47   // передача: 7 байт; 19:33:20:866 28.01.2020

CA E0 EB FE EC ED FB 20 

00 00 07 00 F7 D4 47   // передача: 7 байт; 19:33:21:074 28.01.2020

CA E0 EB FE EC ED FB 20 

00 00 07 00 F7 D4 47   // передача: 7 байт; 19:33:21:274 28.01.2020

CA E0 EB FE EC ED FB 20 

00 00 07 00 F7 D4 47   // передача: 7 байт; 19:33:21:490 28.01.2020

CA E0 EB FE EC ED FB 20 

00 00 07 00 F7 D4 47   // передача: 7 байт; 19:33:21:690 28.01.2020

CA E0 EB FE EC ED FB 20 

00 00 07 00 F7 D4 47   // передача: 7 байт; 19:33:21:866 28.01.2020

CA E0 EB FE EC ED FB 20 

00 00 07 00 F7 D4 47   // передача: 7 байт; 19:33:22:090 28.01.2020

CA E0 EB FE EC ED FB 20 

00 00 07 00 F7 D4 47   // передача: 7 байт; 19:33:22:330 28.01.2020

CA E0 EB FE EC ED FB 20 

00 00 07 00 F7 D4 47   // передача: 7 байт; 19:33:22:530 28.01.2020
// приём по таймауту: 1000 мс
// принято с порта: 0 байт
повтор: 1

CA E0 EB FE EC ED FB 20 

00 00 07 00 F7 D4 47   // передача: 7 байт; 19:33:23:532 28.01.2020
// приём по таймауту: 1000 мс
// принято с порта: 0 байт
повтор: 2

CA E0 EB FE EC ED FB 20 

00 00 07 00 F7 D4 47   // передача: 7 байт; 19:33:24:546 28.01.2020
// приём по таймауту: 1000 мс
// принято с порта: 0 байт
повтор: 3

CA E0 EB FE EC ED FB 20 

00 00 07 00 F7 D4 47   // передача: 7 байт; 19:33:25:561 28.01.2020
// приём по таймауту: 1000 мс
// принято с порта: 0 байт
повтор: 4

CA E0 EB FE EC ED FB 20 

00 00 07 00 F7 D4 47   // передача: 7 байт; 19:33:26:575 28.01.2020
// приём по таймауту: 1000 мс
// принято с порта: 0 байт
повтор: 5

CA E0 EB FE EC ED FB 20 

00 00 07 00 F7 D4 47   // передача: 7 байт; 19:33:27:588 28.01.2020
// приём по таймауту: 1000 мс
// принято с порта: 0 байт

CA E0 EB FE EC ED FB 20 

00 00 07 00 F7 D4 47   // передача: 7 байт; 19:33:32:090 28.01.2020
// приём по таймауту: 1000 мс
// принято с порта: 0 байт

CA E0 EB FE EC ED FB 20 

00 00 07 00 F7 D4 47   // передача: 7 байт; 19:33:33:610 28.01.2020

CA E0 EB FE EC ED FB 20 

00 00 07 00 F7 D4 47   // передача: 7 байт; 19:33:34:442 28.01.2020

CA E0 EB FE EC ED FB 20 

00 00 07 00 F7 D4 47   // передача: 7 байт; 19:33:34:986 28.01.2020

CA E0 EB FE EC ED FB 20 

00 00 07 00 F7 D4 47   // передача: 7 байт; 19:33:35:314 28.01.2020
// приём по таймауту: 1000 мс
// принято с порта: 0 байт


00 00 07 00 F7 D4 47   // передача: 7 байт; 19:33:43:202 28.01.2020
// приём по количеству байт: 39 из 39
// принято с порта: 39 байт

01 00 27 00 F7 C2 E5 E4 EE EC FB E9 2C 43 52 43 20 20 20 20 20 2E 39 36 30 30 20 20 00 6E 20 20 20 20 20 20 31 C7 0D   // прием: 39 байт; 19:33:43:259 28.01.2020
// таймаут: 57 мсек

Ведомый,CRC     
.9600   n      1


00 00 08 00 F6 0A C5 DC   // передача: 8 байт; 19:33:45:114 28.01.2020
// приём по таймауту: 1000 мс
// принято с порта: 1 байт

01   // прием: 1 байт; 19:33:46:137 28.01.2020
// таймаут: 1023 мсек



00 00 07 00 F7 D4 47   // передача: 7 байт; 19:33:47:970 28.01.2020
// приём по таймауту: 1000 мс
// принято с порта: 0 байт
повтор: 1


00 00 07 00 F7 D4 47   // передача: 7 байт; 19:33:48:976 28.01.2020
// приём по таймауту: 1000 мс
// принято с порта: 0 байт
повтор: 2


00 00 07 00 F7 D4 47   // передача: 7 байт; 19:33:49:990 28.01.2020
// приём по таймауту: 1000 мс
// принято с порта: 0 байт
повтор: 3


00 00 07 00 F7 D4 47   // передача: 7 байт; 19:33:51:003 28.01.2020
// приём по таймауту: 1000 мс
// принято с порта: 0 байт
повтор: 4


00 00 07 00 F7 D4 47   // передача: 7 байт; 19:33:52:018 28.01.2020
// приём по таймауту: 1000 мс
// принято с порта: 0 байт
повтор: 5


00 00 07 00 F7 D4 47   // передача: 7 байт; 19:33:53:031 28.01.2020



1A   // передача: 1 байт; 19:33:53:249 28.01.2020
// приём по количеству байт: 4 из 0
// принято с порта: 4 байт

4F 4B 0D 0A   // прием: 4 байт; 19:33:53:263 28.01.2020
// таймаут: 14 мсек




1A   // передача: 1 байт; 19:33:53:689 28.01.2020



1A   // передача: 1 байт; 19:33:53:889 28.01.2020



1A   // передача: 1 байт; 19:33:54:153 28.01.2020

CA E0 EB FE EC ED FB 20 

00 00 07 00 F7 D4 47   // передача: 7 байт; 19:33:56:986 28.01.2020
// приём по количеству байт: 39 из 39
// принято с порта: 39 байт

01 00 27 00 F7 C2 E5 E4 F3 F9 E8 E9 2C EF F0 FF EC EE E9 20 20 2E 39 36 30 30 20 20 00 6E 20 20 20 20 2B 20 31 5F D7   // прием: 39 байт; 19:33:57:051 28.01.2020
// таймаут: 65 мсек

Ведущий,прямой  
.9600   n    + 1

CA E0 EB FE EC ED FB 20 

00 00 08 00 F6 0A C5 DC   // передача: 8 байт; 19:33:58:851 28.01.2020

CA E0 EB FE EC ED FB 20 

00 00 07 00 F7 D4 47   // передача: 7 байт; 19:33:59:675 28.01.2020
// приём по количеству байт: 40 из 39
// принято с порта: 40 байт

01 01 00 27 00 F7 C2 E5 E4 F3 F9 E8 E9 2C EC EE E4 E5 EC ED FB E9 2E 39 36 30 30 20 20 00 6E 20 20 20 20 2B 20 31 8C 4C   // прием: 40 байт; 19:33:59:740 28.01.2020
// таймаут: 65 мсек

// приём по таймауту: 1000 мс
// принято с порта: 0 байт
повтор: 1

CA E0 EB FE EC ED FB 20 

00 00 07 00 F7 D4 47   // передача: 7 байт; 19:34:00:754 28.01.2020
// приём по количеству байт: 39 из 39
// принято с порта: 39 байт

01 00 27 00 F7 C2 E5 E4 F3 F9 E8 E9 2C EC EE E4 E5 EC ED FB E9 2E 39 36 30 30 20 20 00 6E 20 20 20 20 2B 20 31 8C 4C   // прием: 39 байт; 19:34:00:819 28.01.2020
// таймаут: 65 мсек

Ведущий,модемный
.9600   n    + 1



1A   // передача: 1 байт; 19:34:03:658 28.01.2020



1A   // передача: 1 байт; 19:34:03:842 28.01.2020



1A   // передача: 1 байт; 19:34:04:058 28.01.2020



1A   // передача: 1 байт; 19:34:04:281 28.01.2020

CA E0 EB FE EC ED FB 20 

00 00 07 00 F7 D4 47   // передача: 7 байт; 19:34:06:292 28.01.2020
// приём по количеству байт: 39 из 39
// принято с порта: 39 байт

01 00 27 00 F7 C2 E5 E4 F3 F9 E8 E9 2C EC EE E4 E5 EC ED FB E9 2E 39 36 30 30 20 20 00 6E 20 20 20 20 2B 20 31 8C 4C   // прием: 39 байт; 19:34:06:357 28.01.2020
// таймаут: 65 мсек

Ведущий,модемный
.9600   n    + 1

CA E0 EB FE EC ED FB 20 

00 00 08 00 F6 0A C5 DC   // передача: 8 байт; 19:34:07:875 28.01.2020

CA E0 EB FE EC ED FB 20 

00 00 07 00 F7 D4 47   // передача: 7 байт; 19:34:08:386 28.01.2020

CA E0 EB FE EC ED FB 20 

00 00 07 00 F7 D4 47   // передача: 7 байт; 19:34:08:906 28.01.2020
// приём по таймауту: 1000 мс
// принято с порта: 1 байт

01   // прием: 1 байт; 19:34:09:911 28.01.2020
// таймаут: 1005 мсек



00 00 07 00 F7 D4 47   // передача: 7 байт; 19:34:14:577 28.01.2020


55 00 00 11 FF F0 00 00 07 00 F7 D4 47 21 B3 8C 7D   // передача: 17 байт; 19:34:14:578 28.01.2020
// приём по количеству байт: 39 из 39
// принято с порта: 39 байт

01 00 27 00 F7 C2 E5 E4 EE EC FB E9 2C D3 CF C8 CE 20 20 20 20 2E 39 36 30 30 20 20 00 6E 20 20 20 20 20 20 31 3B 4E   // прием: 39 байт; 19:34:14:646 28.01.2020
// таймаут: 68 мсек

Ведомый,УПИО    
.9600   n      1


00 00 07 00 F7 D4 47   // передача: 7 байт; 19:34:22:306 28.01.2020


55 00 00 11 FF F0 00 00 07 00 F7 D4 47 21 B3 8C 7D   // передача: 17 байт; 19:34:22:306 28.01.2020
// приём по количеству байт: 39 из 39
// принято с порта: 39 байт

01 00 27 00 F7 C2 E5 E4 EE EC FB E9 2C D3 CF C8 CE 20 20 20 20 2E 39 36 30 30 20 20 00 6E 20 20 20 20 20 20 31 3B 4E   // прием: 39 байт; 19:34:22:375 28.01.2020
// таймаут: 69 мсек

Ведомый,УПИО    
.9600   n      1


00 00 07 00 F7 D4 47   // передача: 7 байт; 19:34:22:546 28.01.2020


55 00 00 11 FF F0 00 00 07 00 F7 D4 47 21 B3 8C 7D   // передача: 17 байт; 19:34:22:547 28.01.2020
// приём по количеству байт: 39 из 39
// принято с порта: 39 байт

01 00 27 00 F7 C2 E5 E4 EE EC FB E9 2C D3 CF C8 CE 20 20 20 20 2E 39 36 30 30 20 20 00 6E 20 20 20 20 20 20 31 3B 4E   // прием: 39 байт; 19:34:22:615 28.01.2020
// таймаут: 68 мсек

Ведомый,УПИО    
.9600   n      1


00 00 08 00 F6 0A C5 DC   // передача: 8 байт; 19:34:23:706 28.01.2020


55 00 00 12 FF F0 00 00 08 00 F6 0A C5 DC 21 B3 05 B9   // передача: 18 байт; 19:34:23:706 28.01.2020
// приём по таймауту: 1000 мс
// принято с порта: 1 байт

01   // прием: 1 байт; 19:34:24:747 28.01.2020
// таймаут: 1041 мсек



00 00 07 00 F7 D4 47   // передача: 7 байт; 19:34:25:450 28.01.2020


55 00 00 11 FF F0 00 00 07 00 F7 D4 47 21 B3 8C 7D   // передача: 17 байт; 19:34:25:451 28.01.2020


00 00 07 00 F7 D4 47   // передача: 7 байт; 19:34:25:672 28.01.2020


55 00 00 11 FF F0 00 00 07 00 F7 D4 47 21 B3 8C 7D   // передача: 17 байт; 19:34:25:672 28.01.2020
// приём по таймауту: 1000 мс
// принято с порта: 0 байт
повтор: 1


00 00 07 00 F7 D4 47   // передача: 7 байт; 19:34:26:680 28.01.2020


55 00 00 11 FF F0 00 00 07 00 F7 D4 47 21 B3 8C 7D   // передача: 17 байт; 19:34:26:681 28.01.2020
// приём по таймауту: 1000 мс
// принято с порта: 0 байт
повтор: 2


00 00 07 00 F7 D4 47   // передача: 7 байт; 19:34:27:696 28.01.2020


55 00 00 11 FF F0 00 00 07 00 F7 D4 47 21 B3 8C 7D   // передача: 17 байт; 19:34:27:696 28.01.2020


00 00 07 00 F7 D4 47   // передача: 7 байт; 19:34:28:055 28.01.2020


55 00 00 11 FF F0 00 00 07 00 F7 D4 47 21 B3 8C 7D   // передача: 17 байт; 19:34:28:056 28.01.2020
// приём по таймауту: 1000 мс
// принято с порта: 0 байт
повтор: 3


00 00 07 00 F7 D4 47   // передача: 7 байт; 19:34:29:067 28.01.2020


55 00 00 11 FF F0 00 00 07 00 F7 D4 47 21 B3 8C 7D   // передача: 17 байт; 19:34:29:068 28.01.2020
// приём по таймауту: 1000 мс
// принято с порта: 0 байт
повтор: 4


00 00 07 00 F7 D4 47   // передача: 7 байт; 19:34:30:082 28.01.2020


55 00 00 11 FF F0 00 00 07 00 F7 D4 47 21 B3 8C 7D   // передача: 17 байт; 19:34:30:082 28.01.2020
// приём по таймауту: 1000 мс
// принято с порта: 0 байт
повтор: 5


00 00 07 00 F7 D4 47   // передача: 7 байт; 19:34:31:094 28.01.2020


55 00 00 11 FF F0 00 00 07 00 F7 D4 47 21 B3 8C 7D   // передача: 17 байт; 19:34:31:095 28.01.2020
// приём по таймауту: 1000 мс
// принято с порта: 0 байт


00 00 07 00 F7 D4 47   // передача: 7 байт; 19:34:34:104 28.01.2020


00 00 07 00 F7 D4 47   // передача: 7 байт; 19:34:34:625 28.01.2020


00 00 07 00 F7 D4 47   // передача: 7 байт; 19:34:34:824 28.01.2020


00 00 07 00 F7 D4 47   // передача: 7 байт; 19:34:35:016 28.01.2020


00 00 07 00 F7 D4 47   // передача: 7 байт; 19:34:35:217 28.01.2020


00 00 07 00 F7 D4 47   // передача: 7 байт; 19:34:35:417 28.01.2020
// приём по таймауту: 1000 мс
// принято с порта: 0 байт

CA E0 EB FE EC ED FB 20 

00 00 07 00 F7 D4 47   // передача: 7 байт; 19:34:37:369 28.01.2020
// приём по количеству байт: 39 из 39
// принято с порта: 39 байт

01 00 27 00 F7 C2 E5 E4 EE EC FB E9 2C 45 73 63 2B 43 52 43 20 2E 39 36 30 30 20 20 00 6E 20 20 20 20 20 20 31 C3 E4   // прием: 39 байт; 19:34:37:434 28.01.2020
// таймаут: 65 мсек

Ведомый,Esc+CRC 
.9600   n      1

// О программе
