

00 00 07 00 F7 D4 47   // передача: 7 байт; 21:33:22:856 28.01.2020


55 00 00 11 FF F0 00 00 07 00 F7 D4 47 21 B3 8C 7D   // передача: 17 байт; 21:33:22:856 28.01.2020
// приём по количеству байт: 39 из 39
// принято с порта: 39 байт

01 00 27 00 F7 C2 E5 E4 EE EC FB E9 2C D3 CF C8 CE 20 20 20 20 2E 39 36 30 30 20 20 00 6E 20 20 20 20 20 20 31 3B 4E   // прием: 39 байт; 21:33:22:926 28.01.2020
// таймаут: 70 мсек

Ведомый,УПИО    
.9600   n      1


00 00 07 00 F7 D4 47   // передача: 7 байт; 21:39:10:180 28.01.2020


55 00 00 11 FF F0 00 00 07 00 F7 D4 47 21 B3 8C 7D   // передача: 17 байт; 21:39:10:180 28.01.2020
// приём по количеству байт: 39 из 39
// принято с порта: 39 байт

01 00 27 00 F7 C2 E5 E4 EE EC FB E9 2C D3 CF C8 CE 20 20 20 20 2E 39 36 30 30 20 20 00 6E 20 20 20 20 20 20 31 3B 4E   // прием: 39 байт; 21:39:10:250 28.01.2020
// таймаут: 70 мсек

Ведомый,УПИО    
.9600   n      1


00 00 07 00 F7 D4 47   // передача: 7 байт; 21:39:11:010 28.01.2020


55 00 00 11 FF F0 00 00 07 00 F7 D4 47 21 B3 8C 7D   // передача: 17 байт; 21:39:11:010 28.01.2020
// приём по количеству байт: 39 из 39
// принято с порта: 39 байт

01 00 27 00 F7 C2 E5 E4 EE EC FB E9 2C D3 CF C8 CE 20 20 20 20 2E 39 36 30 30 20 20 00 6E 20 20 20 20 20 20 31 3B 4E   // прием: 39 байт; 21:39:11:080 28.01.2020
// таймаут: 70 мсек

Ведомый,УПИО    
.9600   n      1


00 00 07 00 F7 D4 47   // передача: 7 байт; 21:39:11:620 28.01.2020


55 00 00 11 FF F0 00 00 07 00 F7 D4 47 21 B3 8C 7D   // передача: 17 байт; 21:39:11:620 28.01.2020
// приём по количеству байт: 39 из 39
// принято с порта: 39 байт

01 00 27 00 F7 C2 E5 E4 EE EC FB E9 2C D3 CF C8 CE 20 20 20 20 2E 39 36 30 30 20 20 00 6E 20 20 20 20 20 20 31 3B 4E   // прием: 39 байт; 21:39:11:680 28.01.2020
// таймаут: 60 мсек

Ведомый,УПИО    
.9600   n      1


00 00 07 00 F7 D4 47   // передача: 7 байт; 21:39:11:980 28.01.2020


55 00 00 11 FF F0 00 00 07 00 F7 D4 47 21 B3 8C 7D   // передача: 17 байт; 21:39:11:980 28.01.2020
// приём по количеству байт: 39 из 39
// принято с порта: 39 байт

01 00 27 00 F7 C2 E5 E4 EE EC FB E9 2C D3 CF C8 CE 20 20 20 20 2E 39 36 30 30 20 20 00 6E 20 20 20 20 20 20 31 3B 4E   // прием: 39 байт; 21:39:12:040 28.01.2020
// таймаут: 60 мсек

Ведомый,УПИО    
.9600   n      1


00 00 07 00 F7 D4 47   // передача: 7 байт; 21:39:12:190 28.01.2020


55 00 00 11 FF F0 00 00 07 00 F7 D4 47 21 B3 8C 7D   // передача: 17 байт; 21:39:12:190 28.01.2020
// приём по количеству байт: 39 из 39
// принято с порта: 39 байт

01 00 27 00 F7 C2 E5 E4 EE EC FB E9 2C D3 CF C8 CE 20 20 20 20 2E 39 36 30 30 20 20 00 6E 20 20 20 20 20 20 31 3B 4E   // прием: 39 байт; 21:39:12:260 28.01.2020
// таймаут: 70 мсек

Ведомый,УПИО    
.9600   n      1


00 00 07 00 F7 D4 47   // передача: 7 байт; 21:39:12:400 28.01.2020


55 00 00 11 FF F0 00 00 07 00 F7 D4 47 21 B3 8C 7D   // передача: 17 байт; 21:39:12:400 28.01.2020
// приём по количеству байт: 39 из 39
// принято с порта: 39 байт

01 00 27 00 F7 C2 E5 E4 EE EC FB E9 2C D3 CF C8 CE 20 20 20 20 2E 39 36 30 30 20 20 00 6E 20 20 20 20 20 20 31 3B 4E   // прием: 39 байт; 21:39:12:470 28.01.2020
// таймаут: 70 мсек

Ведомый,УПИО    
.9600   n      1


00 00 07 00 F7 D4 47   // передача: 7 байт; 21:39:12:620 28.01.2020


55 00 00 11 FF F0 00 00 07 00 F7 D4 47 21 B3 8C 7D   // передача: 17 байт; 21:39:12:620 28.01.2020
// приём по количеству байт: 39 из 39
// принято с порта: 39 байт

01 00 27 00 F7 C2 E5 E4 EE EC FB E9 2C D3 CF C8 CE 20 20 20 20 2E 39 36 30 30 20 20 00 6E 20 20 20 20 20 20 31 3B 4E   // прием: 39 байт; 21:39:12:680 28.01.2020
// таймаут: 60 мсек

Ведомый,УПИО    
.9600   n      1


00 00 07 00 F7 D4 47   // передача: 7 байт; 21:39:12:810 28.01.2020


55 00 00 11 FF F0 00 00 07 00 F7 D4 47 21 B3 8C 7D   // передача: 17 байт; 21:39:12:810 28.01.2020
// приём по количеству байт: 39 из 39
// принято с порта: 39 байт

01 00 27 00 F7 C2 E5 E4 EE EC FB E9 2C D3 CF C8 CE 20 20 20 20 2E 39 36 30 30 20 20 00 6E 20 20 20 20 20 20 31 3B 4E   // прием: 39 байт; 21:39:12:880 28.01.2020
// таймаут: 70 мсек

Ведомый,УПИО    
.9600   n      1


00 00 07 00 F7 D4 47   // передача: 7 байт; 21:39:13:560 28.01.2020


55 00 00 11 FF F0 00 00 07 00 F7 D4 47 21 B3 8C 7D   // передача: 17 байт; 21:39:13:560 28.01.2020
// приём по количеству байт: 39 из 39
// принято с порта: 39 байт

01 00 27 00 F7 C2 E5 E4 EE EC FB E9 2C D3 CF C8 CE 20 20 20 20 2E 39 36 30 30 20 20 00 6E 20 20 20 20 20 20 31 3B 4E   // прием: 39 байт; 21:39:13:630 28.01.2020
// таймаут: 70 мсек

Ведомый,УПИО    
.9600   n      1


00 00 07 00 F7 D4 47   // передача: 7 байт; 21:39:14:117 28.01.2020


55 00 00 11 FF F0 00 00 07 00 F7 D4 47 21 B3 8C 7D   // передача: 17 байт; 21:39:14:117 28.01.2020
// приём по количеству байт: 39 из 39
// принято с порта: 39 байт

01 00 27 00 F7 C2 E5 E4 EE EC FB E9 2C D3 CF C8 CE 20 20 20 20 2E 39 36 30 30 20 20 00 6E 20 20 20 20 20 20 31 3B 4E   // прием: 39 байт; 21:39:14:187 28.01.2020
// таймаут: 70 мсек

Ведомый,УПИО    
.9600   n      1


00 00 07 00 F7 D4 47   // передача: 7 байт; 21:39:14:337 28.01.2020


55 00 00 11 FF F0 00 00 07 00 F7 D4 47 21 B3 8C 7D   // передача: 17 байт; 21:39:14:337 28.01.2020
// приём по количеству байт: 39 из 39
// принято с порта: 39 байт

01 00 27 00 F7 C2 E5 E4 EE EC FB E9 2C D3 CF C8 CE 20 20 20 20 2E 39 36 30 30 20 20 00 6E 20 20 20 20 20 20 31 3B 4E   // прием: 39 байт; 21:39:14:407 28.01.2020
// таймаут: 70 мсек

Ведомый,УПИО    
.9600   n      1


00 00 07 00 F7 D4 47   // передача: 7 байт; 21:39:14:557 28.01.2020


55 00 00 11 FF F0 00 00 07 00 F7 D4 47 21 B3 8C 7D   // передача: 17 байт; 21:39:14:557 28.01.2020
// приём по количеству байт: 39 из 39
// принято с порта: 39 байт

01 00 27 00 F7 C2 E5 E4 EE EC FB E9 2C D3 CF C8 CE 20 20 20 20 2E 39 36 30 30 20 20 00 6E 20 20 20 20 20 20 31 3B 4E   // прием: 39 байт; 21:39:14:627 28.01.2020
// таймаут: 70 мсек

Ведомый,УПИО    
.9600   n      1


00 00 07 00 F7 D4 47   // передача: 7 байт; 21:39:14:747 28.01.2020


55 00 00 11 FF F0 00 00 07 00 F7 D4 47 21 B3 8C 7D   // передача: 17 байт; 21:39:14:747 28.01.2020
// приём по количеству байт: 39 из 39
// принято с порта: 39 байт

01 00 27 00 F7 C2 E5 E4 EE EC FB E9 2C D3 CF C8 CE 20 20 20 20 2E 39 36 30 30 20 20 00 6E 20 20 20 20 20 20 31 3B 4E   // прием: 39 байт; 21:39:14:817 28.01.2020
// таймаут: 70 мсек

Ведомый,УПИО    
.9600   n      1


00 00 07 00 F7 D4 47   // передача: 7 байт; 21:39:14:947 28.01.2020


55 00 00 11 FF F0 00 00 07 00 F7 D4 47 21 B3 8C 7D   // передача: 17 байт; 21:39:14:947 28.01.2020
// приём по количеству байт: 39 из 39
// принято с порта: 39 байт

01 00 27 00 F7 C2 E5 E4 EE EC FB E9 2C D3 CF C8 CE 20 20 20 20 2E 39 36 30 30 20 20 00 6E 20 20 20 20 20 20 31 3B 4E   // прием: 39 байт; 21:39:15:024 28.01.2020
// таймаут: 77 мсек

Ведомый,УПИО    
.9600   n      1


00 00 07 00 F7 D4 47   // передача: 7 байт; 21:39:15:167 28.01.2020


55 00 00 11 FF F0 00 00 07 00 F7 D4 47 21 B3 8C 7D   // передача: 17 байт; 21:39:15:167 28.01.2020
// приём по количеству байт: 39 из 39
// принято с порта: 39 байт

01 00 27 00 F7 C2 E5 E4 EE EC FB E9 2C D3 CF C8 CE 20 20 20 20 2E 39 36 30 30 20 20 00 6E 20 20 20 20 20 20 31 3B 4E   // прием: 39 байт; 21:39:15:237 28.01.2020
// таймаут: 70 мсек

Ведомый,УПИО    
.9600   n      1


00 00 07 00 F7 D4 47   // передача: 7 байт; 21:39:15:357 28.01.2020


55 00 00 11 FF F0 00 00 07 00 F7 D4 47 21 B3 8C 7D   // передача: 17 байт; 21:39:15:357 28.01.2020
// приём по количеству байт: 39 из 39
// принято с порта: 39 байт

01 00 27 00 F7 C2 E5 E4 EE EC FB E9 2C D3 CF C8 CE 20 20 20 20 2E 39 36 30 30 20 20 00 6E 20 20 20 20 20 20 31 3B 4E   // прием: 39 байт; 21:39:15:427 28.01.2020
// таймаут: 70 мсек

Ведомый,УПИО    
.9600   n      1


00 00 08 00 F6 0A C5 DC   // передача: 8 байт; 21:39:19:223 28.01.2020


55 00 00 12 FF F0 00 00 08 00 F6 0A C5 DC 21 B3 05 B9   // передача: 18 байт; 21:39:19:223 28.01.2020
// приём по таймауту: 1000 мс
// принято с порта: 1 байт

01   // прием: 1 байт; 21:39:20:273 28.01.2020
// таймаут: 1050 мсек


CA E0 EB FE EC ED FB 20 

00 00 07 00 F7 D4 47   // передача: 7 байт; 21:39:24:820 28.01.2020
// приём по количеству байт: 39 из 39
// принято с порта: 39 байт

01 00 27 00 F7 C2 E5 E4 EE EC FB E9 2C 45 73 63 2B 43 52 43 20 2E 39 36 30 30 20 20 00 6E 20 20 20 20 20 20 31 C3 E4   // прием: 39 байт; 21:39:24:890 28.01.2020
// таймаут: 70 мсек

Ведомый,Esc+CRC 
.9600   n      1



1B EE   // передача: 2 байт; 21:39:27:276 28.01.2020
// приём по количеству байт: 39 из 39
// принято с порта: 39 байт

0D 0A C2 E5 E4 EE EC FB E9 2C 45 73 63 2B 43 52 43 20 0D 0A 2E 39 36 30 30 20 20 00 6E 20 20 20 20 20 20 31 0D 0A 94   // прием: 39 байт; 21:39:27:326 28.01.2020
// таймаут: 50 мсек

Ведомый,Esc+CRC 
.9600   n      1



1B EE   // передача: 2 байт; 21:39:27:876 28.01.2020
// приём по количеству байт: 39 из 39
// принято с порта: 39 байт

0D 0A C2 E5 E4 EE EC FB E9 2C 45 73 63 2B 43 52 43 20 0D 0A 2E 39 36 30 30 20 20 00 6E 20 20 20 20 20 20 31 0D 0A 94   // прием: 39 байт; 21:39:27:926 28.01.2020
// таймаут: 50 мсек

Ведомый,Esc+CRC 
.9600   n      1



1B EE   // передача: 2 байт; 21:39:28:246 28.01.2020
// приём по количеству байт: 39 из 39
// принято с порта: 39 байт

0D 0A C2 E5 E4 EE EC FB E9 2C 45 73 63 2B 43 52 43 20 0D 0A 2E 39 36 30 30 20 20 00 6E 20 20 20 20 20 20 31 0D 0A 94   // прием: 39 байт; 21:39:28:296 28.01.2020
// таймаут: 50 мсек

Ведомый,Esc+CRC 
.9600   n      1



1B EE   // передача: 2 байт; 21:39:28:466 28.01.2020
// приём по количеству байт: 39 из 39
// принято с порта: 39 байт

0D 0A C2 E5 E4 EE EC FB E9 2C 45 73 63 2B 43 52 43 20 0D 0A 2E 39 36 30 30 20 20 00 6E 20 20 20 20 20 20 31 0D 0A 94   // прием: 39 байт; 21:39:28:516 28.01.2020
// таймаут: 50 мсек

Ведомый,Esc+CRC 
.9600   n      1



1B EE   // передача: 2 байт; 21:39:28:684 28.01.2020
// приём по количеству байт: 39 из 39
// принято с порта: 39 байт

0D 0A C2 E5 E4 EE EC FB E9 2C 45 73 63 2B 43 52 43 20 0D 0A 2E 39 36 30 30 20 20 00 6E 20 20 20 20 20 20 31 0D 0A 94   // прием: 39 байт; 21:39:28:736 28.01.2020
// таймаут: 52 мсек

Ведомый,Esc+CRC 
.9600   n      1



1B EE   // передача: 2 байт; 21:39:28:883 28.01.2020
// приём по количеству байт: 39 из 39
// принято с порта: 39 байт

0D 0A C2 E5 E4 EE EC FB E9 2C 45 73 63 2B 43 52 43 20 0D 0A 2E 39 36 30 30 20 20 00 6E 20 20 20 20 20 20 31 0D 0A 94   // прием: 39 байт; 21:39:28:933 28.01.2020
// таймаут: 50 мсек

Ведомый,Esc+CRC 
.9600   n      1



1B EE   // передача: 2 байт; 21:39:29:103 28.01.2020
// приём по количеству байт: 39 из 39
// принято с порта: 39 байт

0D 0A C2 E5 E4 EE EC FB E9 2C 45 73 63 2B 43 52 43 20 0D 0A 2E 39 36 30 30 20 20 00 6E 20 20 20 20 20 20 31 0D 0A 94   // прием: 39 байт; 21:39:29:153 28.01.2020
// таймаут: 50 мсек

Ведомый,Esc+CRC 
.9600   n      1



1B EE   // передача: 2 байт; 21:39:29:643 28.01.2020
// приём по количеству байт: 39 из 39
// принято с порта: 39 байт

0D 0A C2 E5 E4 EE EC FB E9 2C 45 73 63 2B 43 52 43 20 0D 0A 2E 39 36 30 30 20 20 00 6E 20 20 20 20 20 20 31 0D 0A 94   // прием: 39 байт; 21:39:29:693 28.01.2020
// таймаут: 50 мсек

Ведомый,Esc+CRC 
.9600   n      1



1B EE   // передача: 2 байт; 21:39:29:873 28.01.2020
// приём по количеству байт: 39 из 39
// принято с порта: 39 байт

0D 0A C2 E5 E4 EE EC FB E9 2C 45 73 63 2B 43 52 43 20 0D 0A 2E 39 36 30 30 20 20 00 6E 20 20 20 20 20 20 31 0D 0A 94   // прием: 39 байт; 21:39:29:923 28.01.2020
// таймаут: 50 мсек

Ведомый,Esc+CRC 
.9600   n      1



1B EE   // передача: 2 байт; 21:39:30:092 28.01.2020
// приём по количеству байт: 39 из 39
// принято с порта: 39 байт

0D 0A C2 E5 E4 EE EC FB E9 2C 45 73 63 2B 43 52 43 20 0D 0A 2E 39 36 30 30 20 20 00 6E 20 20 20 20 20 20 31 0D 0A 94   // прием: 39 байт; 21:39:30:139 28.01.2020
// таймаут: 47 мсек

Ведомый,Esc+CRC 
.9600   n      1



1B EE   // передача: 2 байт; 21:39:31:019 28.01.2020
// приём по количеству байт: 39 из 39
// принято с порта: 39 байт

0D 0A C2 E5 E4 EE EC FB E9 2C 45 73 63 2B 43 52 43 20 0D 0A 2E 39 36 30 30 20 20 00 6E 20 20 20 20 20 20 31 0D 0A 94   // прием: 39 байт; 21:39:31:069 28.01.2020
// таймаут: 50 мсек

Ведомый,Esc+CRC 
.9600   n      1



1B EE   // передача: 2 байт; 21:39:31:779 28.01.2020
// приём по количеству байт: 39 из 39
// принято с порта: 39 байт

0D 0A C2 E5 E4 EE EC FB E9 2C 45 73 63 2B 43 52 43 20 0D 0A 2E 39 36 30 30 20 20 00 6E 20 20 20 20 20 20 31 0D 0A 94   // прием: 39 байт; 21:39:31:839 28.01.2020
// таймаут: 60 мсек

Ведомый,Esc+CRC 
.9600   n      1



1B EE   // передача: 2 байт; 21:39:32:579 28.01.2020
// приём по количеству байт: 39 из 39
// принято с порта: 39 байт

0D 0A C2 E5 E4 EE EC FB E9 2C 45 73 63 2B 43 52 43 20 0D 0A 2E 39 36 30 30 20 20 00 6E 20 20 20 20 20 20 31 0D 0A 94   // прием: 39 байт; 21:39:32:629 28.01.2020
// таймаут: 50 мсек

Ведомый,Esc+CRC 
.9600   n      1



1B EE   // передача: 2 байт; 21:39:35:396 28.01.2020
// приём по количеству байт: 39 из 39
// принято с порта: 39 байт

0D 0A C2 E5 E4 EE EC FB E9 2C 45 73 63 2B 43 52 43 20 0D 0A 2E 39 36 30 30 20 20 00 6E 20 20 20 20 20 20 31 0D 0A 94   // прием: 39 байт; 21:39:35:446 28.01.2020
// таймаут: 50 мсек

Ведомый,Esc+CRC 
.9600   n      1



1B EE   // передача: 2 байт; 21:39:36:156 28.01.2020
// приём по количеству байт: 39 из 39
// принято с порта: 39 байт

0D 0A C2 E5 E4 EE EC FB E9 2C 45 73 63 2B 43 52 43 20 0D 0A 2E 39 36 30 30 20 20 00 6E 20 20 20 20 20 20 31 0D 0A 94   // прием: 39 байт; 21:39:36:206 28.01.2020
// таймаут: 50 мсек

Ведомый,Esc+CRC 
.9600   n      1



1B EE   // передача: 2 байт; 21:39:36:406 28.01.2020
// приём по количеству байт: 39 из 39
// принято с порта: 39 байт

0D 0A C2 E5 E4 EE EC FB E9 2C 45 73 63 2B 43 52 43 20 0D 0A 2E 39 36 30 30 20 20 00 6E 20 20 20 20 20 20 31 0D 0A 94   // прием: 39 байт; 21:39:36:456 28.01.2020
// таймаут: 50 мсек

Ведомый,Esc+CRC 
.9600   n      1



1B EE   // передача: 2 байт; 21:39:36:620 28.01.2020
// приём по количеству байт: 39 из 39
// принято с порта: 39 байт

0D 0A C2 E5 E4 EE EC FB E9 2C 45 73 63 2B 43 52 43 20 0D 0A 2E 39 36 30 30 20 20 00 6E 20 20 20 20 20 20 31 0D 0A 94   // прием: 39 байт; 21:39:36:666 28.01.2020
// таймаут: 46 мсек

Ведомый,Esc+CRC 
.9600   n      1



1B EE   // передача: 2 байт; 21:39:36:816 28.01.2020
// приём по количеству байт: 39 из 39
// принято с порта: 39 байт

0D 0A C2 E5 E4 EE EC FB E9 2C 45 73 63 2B 43 52 43 20 0D 0A 2E 39 36 30 30 20 20 00 6E 20 20 20 20 20 20 31 0D 0A 94   // прием: 39 байт; 21:39:36:866 28.01.2020
// таймаут: 50 мсек

Ведомый,Esc+CRC 
.9600   n      1



1B EE   // передача: 2 байт; 21:39:37:026 28.01.2020
// приём по количеству байт: 39 из 39
// принято с порта: 39 байт

0D 0A C2 E5 E4 EE EC FB E9 2C 45 73 63 2B 43 52 43 20 0D 0A 2E 39 36 30 30 20 20 00 6E 20 20 20 20 20 20 31 0D 0A 94   // прием: 39 байт; 21:39:37:076 28.01.2020
// таймаут: 50 мсек

Ведомый,Esc+CRC 
.9600   n      1



1B EE   // передача: 2 байт; 21:39:37:366 28.01.2020
// приём по количеству байт: 39 из 39
// принято с порта: 39 байт

0D 0A C2 E5 E4 EE EC FB E9 2C 45 73 63 2B 43 52 43 20 0D 0A 2E 39 36 30 30 20 20 00 6E 20 20 20 20 20 20 31 0D 0A 94   // прием: 39 байт; 21:39:37:417 28.01.2020
// таймаут: 51 мсек

Ведомый,Esc+CRC 
.9600   n      1



1B EE   // передача: 2 байт; 21:39:37:567 28.01.2020
// приём по количеству байт: 39 из 39
// принято с порта: 39 байт

0D 0A C2 E5 E4 EE EC FB E9 2C 45 73 63 2B 43 52 43 20 0D 0A 2E 39 36 30 30 20 20 00 6E 20 20 20 20 20 20 31 0D 0A 94   // прием: 39 байт; 21:39:37:623 28.01.2020
// таймаут: 56 мсек

Ведомый,Esc+CRC 
.9600   n      1



1B EE   // передача: 2 байт; 21:39:37:756 28.01.2020
// приём по количеству байт: 39 из 39
// принято с порта: 39 байт

0D 0A C2 E5 E4 EE EC FB E9 2C 45 73 63 2B 43 52 43 20 0D 0A 2E 39 36 30 30 20 20 00 6E 20 20 20 20 20 20 31 0D 0A 94   // прием: 39 байт; 21:39:37:806 28.01.2020
// таймаут: 50 мсек

Ведомый,Esc+CRC 
.9600   n      1



1B EE   // передача: 2 байт; 21:39:37:967 28.01.2020
// приём по количеству байт: 39 из 39
// принято с порта: 39 байт

0D 0A C2 E5 E4 EE EC FB E9 2C 45 73 63 2B 43 52 43 20 0D 0A 2E 39 36 30 30 20 20 00 6E 20 20 20 20 20 20 31 0D 0A 94   // прием: 39 байт; 21:39:38:017 28.01.2020
// таймаут: 50 мсек

Ведомый,Esc+CRC 
.9600   n      1



1B EE   // передача: 2 байт; 21:39:38:406 28.01.2020
// приём по количеству байт: 39 из 39
// принято с порта: 39 байт

0D 0A C2 E5 E4 EE EC FB E9 2C 45 73 63 2B 43 52 43 20 0D 0A 2E 39 36 30 30 20 20 00 6E 20 20 20 20 20 20 31 0D 0A 94   // прием: 39 байт; 21:39:38:456 28.01.2020
// таймаут: 50 мсек

Ведомый,Esc+CRC 
.9600   n      1



1B EE   // передача: 2 байт; 21:39:38:620 28.01.2020
// приём по количеству байт: 39 из 39
// принято с порта: 39 байт

0D 0A C2 E5 E4 EE EC FB E9 2C 45 73 63 2B 43 52 43 20 0D 0A 2E 39 36 30 30 20 20 00 6E 20 20 20 20 20 20 31 0D 0A 94   // прием: 39 байт; 21:39:38:662 28.01.2020
// таймаут: 42 мсек

Ведомый,Esc+CRC 
.9600   n      1



1B EE   // передача: 2 байт; 21:39:38:812 28.01.2020
// приём по количеству байт: 39 из 39
// принято с порта: 39 байт

0D 0A C2 E5 E4 EE EC FB E9 2C 45 73 63 2B 43 52 43 20 0D 0A 2E 39 36 30 30 20 20 00 6E 20 20 20 20 20 20 31 0D 0A 94   // прием: 39 байт; 21:39:38:862 28.01.2020
// таймаут: 50 мсек

Ведомый,Esc+CRC 
.9600   n      1



1B EE   // передача: 2 байт; 21:39:39:012 28.01.2020
// приём по количеству байт: 39 из 39
// принято с порта: 39 байт

0D 0A C2 E5 E4 EE EC FB E9 2C 45 73 63 2B 43 52 43 20 0D 0A 2E 39 36 30 30 20 20 00 6E 20 20 20 20 20 20 31 0D 0A 94   // прием: 39 байт; 21:39:39:062 28.01.2020
// таймаут: 50 мсек

Ведомый,Esc+CRC 
.9600   n      1



1B EE   // передача: 2 байт; 21:39:39:222 28.01.2020
// приём по количеству байт: 39 из 39
// принято с порта: 39 байт

0D 0A C2 E5 E4 EE EC FB E9 2C 45 73 63 2B 43 52 43 20 0D 0A 2E 39 36 30 30 20 20 00 6E 20 20 20 20 20 20 31 0D 0A 94   // прием: 39 байт; 21:39:39:272 28.01.2020
// таймаут: 50 мсек

Ведомый,Esc+CRC 
.9600   n      1



1B EE   // передача: 2 байт; 21:39:39:432 28.01.2020
// приём по количеству байт: 39 из 39
// принято с порта: 39 байт

0D 0A C2 E5 E4 EE EC FB E9 2C 45 73 63 2B 43 52 43 20 0D 0A 2E 39 36 30 30 20 20 00 6E 20 20 20 20 20 20 31 0D 0A 94   // прием: 39 байт; 21:39:39:482 28.01.2020
// таймаут: 50 мсек

Ведомый,Esc+CRC 
.9600   n      1



1B EE   // передача: 2 байт; 21:39:39:636 28.01.2020
// приём по количеству байт: 39 из 39
// принято с порта: 39 байт

0D 0A C2 E5 E4 EE EC FB E9 2C 45 73 63 2B 43 52 43 20 0D 0A 2E 39 36 30 30 20 20 00 6E 20 20 20 20 20 20 31 0D 0A 94   // прием: 39 байт; 21:39:39:682 28.01.2020
// таймаут: 46 мсек

Ведомый,Esc+CRC 
.9600   n      1



1B EE   // передача: 2 байт; 21:39:39:892 28.01.2020
// приём по количеству байт: 39 из 39
// принято с порта: 39 байт

0D 0A C2 E5 E4 EE EC FB E9 2C 45 73 63 2B 43 52 43 20 0D 0A 2E 39 36 30 30 20 20 00 6E 20 20 20 20 20 20 31 0D 0A 94   // прием: 39 байт; 21:39:39:942 28.01.2020
// таймаут: 50 мсек

Ведомый,Esc+CRC 
.9600   n      1



1B EE   // передача: 2 байт; 21:39:40:142 28.01.2020
// приём по количеству байт: 39 из 39
// принято с порта: 39 байт

0D 0A C2 E5 E4 EE EC FB E9 2C 45 73 63 2B 43 52 43 20 0D 0A 2E 39 36 30 30 20 20 00 6E 20 20 20 20 20 20 31 0D 0A 94   // прием: 39 байт; 21:39:40:192 28.01.2020
// таймаут: 50 мсек

Ведомый,Esc+CRC 
.9600   n      1



1B EE   // передача: 2 байт; 21:39:40:372 28.01.2020
// приём по количеству байт: 39 из 39
// принято с порта: 39 байт

0D 0A C2 E5 E4 EE EC FB E9 2C 45 73 63 2B 43 52 43 20 0D 0A 2E 39 36 30 30 20 20 00 6E 20 20 20 20 20 20 31 0D 0A 94   // прием: 39 байт; 21:39:40:422 28.01.2020
// таймаут: 50 мсек

Ведомый,Esc+CRC 
.9600   n      1



1B EE   // передача: 2 байт; 21:39:40:652 28.01.2020
// приём по количеству байт: 39 из 39
// принято с порта: 39 байт

0D 0A C2 E5 E4 EE EC FB E9 2C 45 73 63 2B 43 52 43 20 0D 0A 2E 39 36 30 30 20 20 00 6E 20 20 20 20 20 20 31 0D 0A 94   // прием: 39 байт; 21:39:40:702 28.01.2020
// таймаут: 50 мсек

Ведомый,Esc+CRC 
.9600   n      1



1B EE   // передача: 2 байт; 21:39:41:162 28.01.2020
// приём по количеству байт: 39 из 39
// принято с порта: 39 байт

0D 0A C2 E5 E4 EE EC FB E9 2C 45 73 63 2B 43 52 43 20 0D 0A 2E 39 36 30 30 20 20 00 6E 20 20 20 20 20 20 31 0D 0A 94   // прием: 39 байт; 21:39:41:212 28.01.2020
// таймаут: 50 мсек

Ведомый,Esc+CRC 
.9600   n      1



1B EE   // передача: 2 байт; 21:39:41:362 28.01.2020
// приём по количеству байт: 39 из 39
// принято с порта: 39 байт

0D 0A C2 E5 E4 EE EC FB E9 2C 45 73 63 2B 43 52 43 20 0D 0A 2E 39 36 30 30 20 20 00 6E 20 20 20 20 20 20 31 0D 0A 94   // прием: 39 байт; 21:39:41:413 28.01.2020
// таймаут: 51 мсек

Ведомый,Esc+CRC 
.9600   n      1



1B EE   // передача: 2 байт; 21:39:41:563 28.01.2020
// приём по количеству байт: 39 из 39
// принято с порта: 39 байт

0D 0A C2 E5 E4 EE EC FB E9 2C 45 73 63 2B 43 52 43 20 0D 0A 2E 39 36 30 30 20 20 00 6E 20 20 20 20 20 20 31 0D 0A 94   // прием: 39 байт; 21:39:41:624 28.01.2020
// таймаут: 61 мсек

Ведомый,Esc+CRC 
.9600   n      1



1B EE   // передача: 2 байт; 21:39:41:772 28.01.2020
// приём по количеству байт: 39 из 39
// принято с порта: 39 байт

0D 0A C2 E5 E4 EE EC FB E9 2C 45 73 63 2B 43 52 43 20 0D 0A 2E 39 36 30 30 20 20 00 6E 20 20 20 20 20 20 31 0D 0A 94   // прием: 39 байт; 21:39:41:822 28.01.2020
// таймаут: 50 мсек

Ведомый,Esc+CRC 
.9600   n      1



1B EE   // передача: 2 байт; 21:39:41:992 28.01.2020
// приём по количеству байт: 39 из 39
// принято с порта: 39 байт

0D 0A C2 E5 E4 EE EC FB E9 2C 45 73 63 2B 43 52 43 20 0D 0A 2E 39 36 30 30 20 20 00 6E 20 20 20 20 20 20 31 0D 0A 94   // прием: 39 байт; 21:39:42:042 28.01.2020
// таймаут: 50 мсек

Ведомый,Esc+CRC 
.9600   n      1



1B EE   // передача: 2 байт; 21:39:43:775 28.01.2020
// приём по количеству байт: 39 из 39
// принято с порта: 39 байт

0D 0A C2 E5 E4 EE EC FB E9 2C 45 73 63 2B 43 52 43 20 0D 0A 2E 39 36 30 30 20 20 00 6E 20 20 20 20 20 20 31 0D 0A 94   // прием: 39 байт; 21:39:43:825 28.01.2020
// таймаут: 50 мсек

Ведомый,Esc+CRC 
.9600   n      1



1B EE   // передача: 2 байт; 21:39:44:525 28.01.2020
// приём по количеству байт: 39 из 39
// принято с порта: 39 байт

0D 0A C2 E5 E4 EE EC FB E9 2C 45 73 63 2B 43 52 43 20 0D 0A 2E 39 36 30 30 20 20 00 6E 20 20 20 20 20 20 31 0D 0A 94   // прием: 39 байт; 21:39:44:565 28.01.2020
// таймаут: 40 мсек

Ведомый,Esc+CRC 
.9600   n      1



1B EE   // передача: 2 байт; 21:39:45:035 28.01.2020
// приём по количеству байт: 39 из 39
// принято с порта: 39 байт

0D 0A C2 E5 E4 EE EC FB E9 2C 45 73 63 2B 43 52 43 20 0D 0A 2E 39 36 30 30 20 20 00 6E 20 20 20 20 20 20 31 0D 0A 94   // прием: 39 байт; 21:39:45:085 28.01.2020
// таймаут: 50 мсек

Ведомый,Esc+CRC 
.9600   n      1



1B EE   // передача: 2 байт; 21:39:45:516 28.01.2020
// приём по количеству байт: 39 из 39
// принято с порта: 39 байт

0D 0A C2 E5 E4 EE EC FB E9 2C 45 73 63 2B 43 52 43 20 0D 0A 2E 39 36 30 30 20 20 00 6E 20 20 20 20 20 20 31 0D 0A 94   // прием: 39 байт; 21:39:45:556 28.01.2020
// таймаут: 40 мсек

Ведомый,Esc+CRC 
.9600   n      1



1B EE   // передача: 2 байт; 21:39:45:755 28.01.2020
// приём по количеству байт: 39 из 39
// принято с порта: 39 байт

0D 0A C2 E5 E4 EE EC FB E9 2C 45 73 63 2B 43 52 43 20 0D 0A 2E 39 36 30 30 20 20 00 6E 20 20 20 20 20 20 31 0D 0A 94   // прием: 39 байт; 21:39:45:805 28.01.2020
// таймаут: 50 мсек

Ведомый,Esc+CRC 
.9600   n      1



1B EE   // передача: 2 байт; 21:39:45:955 28.01.2020
// приём по количеству байт: 39 из 39
// принято с порта: 39 байт

0D 0A C2 E5 E4 EE EC FB E9 2C 45 73 63 2B 43 52 43 20 0D 0A 2E 39 36 30 30 20 20 00 6E 20 20 20 20 20 20 31 0D 0A 94   // прием: 39 байт; 21:39:46:005 28.01.2020
// таймаут: 50 мсек

Ведомый,Esc+CRC 
.9600   n      1



1B EE   // передача: 2 байт; 21:39:46:422 28.01.2020
// приём по количеству байт: 39 из 39
// принято с порта: 39 байт

0D 0A C2 E5 E4 EE EC FB E9 2C 45 73 63 2B 43 52 43 20 0D 0A 2E 39 36 30 30 20 20 00 6E 20 20 20 20 20 20 31 0D 0A 94   // прием: 39 байт; 21:39:46:472 28.01.2020
// таймаут: 50 мсек

Ведомый,Esc+CRC 
.9600   n      1



1B EE   // передача: 2 байт; 21:39:46:622 28.01.2020
// приём по количеству байт: 39 из 39
// принято с порта: 39 байт

0D 0A C2 E5 E4 EE EC FB E9 2C 45 73 63 2B 43 52 43 20 0D 0A 2E 39 36 30 30 20 20 00 6E 20 20 20 20 20 20 31 0D 0A 94   // прием: 39 байт; 21:39:46:662 28.01.2020
// таймаут: 40 мсек

Ведомый,Esc+CRC 
.9600   n      1

CA E0 EB FE EC ED FB 20 

00 00 07 00 F7 D4 47   // передача: 7 байт; 21:39:49:420 28.01.2020
// приём по количеству байт: 39 из 39
// принято с порта: 39 байт

01 00 27 00 F7 C2 E5 E4 EE EC FB E9 2C 45 73 63 2B 43 52 43 20 2E 39 36 30 30 20 20 00 6E 20 20 20 20 20 20 31 C3 E4   // прием: 39 байт; 21:39:49:490 28.01.2020
// таймаут: 70 мсек

Ведомый,Esc+CRC 
.9600   n      1

CA E0 EB FE EC ED FB 20 

00 00 07 00 F7 D4 47   // передача: 7 байт; 21:39:50:179 28.01.2020
// приём по количеству байт: 39 из 39
// принято с порта: 39 байт

01 00 27 00 F7 C2 E5 E4 EE EC FB E9 2C 45 73 63 2B 43 52 43 20 2E 39 36 30 30 20 20 00 6E 20 20 20 20 20 20 31 C3 E4   // прием: 39 байт; 21:39:50:236 28.01.2020
// таймаут: 57 мсек

Ведомый,Esc+CRC 
.9600   n      1

CA E0 EB FE EC ED FB 20 

00 00 07 00 F7 D4 47   // передача: 7 байт; 21:39:50:775 28.01.2020
// приём по количеству байт: 39 из 39
// принято с порта: 39 байт

01 00 27 00 F7 C2 E5 E4 EE EC FB E9 2C 45 73 63 2B 43 52 43 20 2E 39 36 30 30 20 20 00 6E 20 20 20 20 20 20 31 C3 E4   // прием: 39 байт; 21:39:50:835 28.01.2020
// таймаут: 60 мсек

Ведомый,Esc+CRC 
.9600   n      1

CA E0 EB FE EC ED FB 20 

00 00 07 00 F7 D4 47   // передача: 7 байт; 21:39:51:195 28.01.2020
// приём по количеству байт: 39 из 39
// принято с порта: 39 байт

01 00 27 00 F7 C2 E5 E4 EE EC FB E9 2C 45 73 63 2B 43 52 43 20 2E 39 36 30 30 20 20 00 6E 20 20 20 20 20 20 31 C3 E4   // прием: 39 байт; 21:39:51:252 28.01.2020
// таймаут: 57 мсек

Ведомый,Esc+CRC 
.9600   n      1

CA E0 EB FE EC ED FB 20 

00 00 07 00 F7 D4 47   // передача: 7 байт; 21:39:51:632 28.01.2020
// приём по количеству байт: 39 из 39
// принято с порта: 39 байт

01 00 27 00 F7 C2 E5 E4 EE EC FB E9 2C 45 73 63 2B 43 52 43 20 2E 39 36 30 30 20 20 00 6E 20 20 20 20 20 20 31 C3 E4   // прием: 39 байт; 21:39:51:692 28.01.2020
// таймаут: 60 мсек

Ведомый,Esc+CRC 
.9600   n      1

CA E0 EB FE EC ED FB 20 

00 00 07 00 F7 D4 47   // передача: 7 байт; 21:39:51:982 28.01.2020
// приём по количеству байт: 39 из 39
// принято с порта: 39 байт

01 00 27 00 F7 C2 E5 E4 EE EC FB E9 2C 45 73 63 2B 43 52 43 20 2E 39 36 30 30 20 20 00 6E 20 20 20 20 20 20 31 C3 E4   // прием: 39 байт; 21:39:52:042 28.01.2020
// таймаут: 60 мсек

Ведомый,Esc+CRC 
.9600   n      1

CA E0 EB FE EC ED FB 20 

00 00 07 00 F7 D4 47   // передача: 7 байт; 21:39:52:302 28.01.2020
// приём по количеству байт: 39 из 39
// принято с порта: 39 байт

01 00 27 00 F7 C2 E5 E4 EE EC FB E9 2C 45 73 63 2B 43 52 43 20 2E 39 36 30 30 20 20 00 6E 20 20 20 20 20 20 31 C3 E4   // прием: 39 байт; 21:39:52:372 28.01.2020
// таймаут: 70 мсек

Ведомый,Esc+CRC 
.9600   n      1

CA E0 EB FE EC ED FB 20 

00 00 07 00 F7 D4 47   // передача: 7 байт; 21:39:52:622 28.01.2020
// приём по количеству байт: 39 из 39
// принято с порта: 39 байт

01 00 27 00 F7 C2 E5 E4 EE EC FB E9 2C 45 73 63 2B 43 52 43 20 2E 39 36 30 30 20 20 00 6E 20 20 20 20 20 20 31 C3 E4   // прием: 39 байт; 21:39:52:692 28.01.2020
// таймаут: 70 мсек

Ведомый,Esc+CRC 
.9600   n      1

CA E0 EB FE EC ED FB 20 

00 00 07 00 F7 D4 47   // передача: 7 байт; 21:39:52:862 28.01.2020
// приём по количеству байт: 39 из 39
// принято с порта: 39 байт

01 00 27 00 F7 C2 E5 E4 EE EC FB E9 2C 45 73 63 2B 43 52 43 20 2E 39 36 30 30 20 20 00 6E 20 20 20 20 20 20 31 C3 E4   // прием: 39 байт; 21:39:52:932 28.01.2020
// таймаут: 70 мсек

Ведомый,Esc+CRC 
.9600   n      1

CA E0 EB FE EC ED FB 20 

00 00 07 00 F7 D4 47   // передача: 7 байт; 21:39:53:063 28.01.2020
// приём по количеству байт: 39 из 39
// принято с порта: 39 байт

01 00 27 00 F7 C2 E5 E4 EE EC FB E9 2C 45 73 63 2B 43 52 43 20 2E 39 36 30 30 20 20 00 6E 20 20 20 20 20 20 31 C3 E4   // прием: 39 байт; 21:39:53:123 28.01.2020
// таймаут: 60 мсек

Ведомый,Esc+CRC 
.9600   n      1

CA E0 EB FE EC ED FB 20 

00 00 07 00 F7 D4 47   // передача: 7 байт; 21:39:53:282 28.01.2020
// приём по количеству байт: 39 из 39
// принято с порта: 39 байт

01 00 27 00 F7 C2 E5 E4 EE EC FB E9 2C 45 73 63 2B 43 52 43 20 2E 39 36 30 30 20 20 00 6E 20 20 20 20 20 20 31 C3 E4   // прием: 39 байт; 21:39:53:342 28.01.2020
// таймаут: 60 мсек

Ведомый,Esc+CRC 
.9600   n      1

CA E0 EB FE EC ED FB 20 

00 00 07 00 F7 D4 47   // передача: 7 байт; 21:39:53:703 28.01.2020
// приём по количеству байт: 39 из 39
// принято с порта: 39 байт

01 00 27 00 F7 C2 E5 E4 EE EC FB E9 2C 45 73 63 2B 43 52 43 20 2E 39 36 30 30 20 20 00 6E 20 20 20 20 20 20 31 C3 E4   // прием: 39 байт; 21:39:53:762 28.01.2020
// таймаут: 59 мсек

Ведомый,Esc+CRC 
.9600   n      1

CA E0 EB FE EC ED FB 20 

00 00 07 00 F7 D4 47   // передача: 7 байт; 21:39:53:892 28.01.2020
// приём по количеству байт: 39 из 39
// принято с порта: 39 байт

01 00 27 00 F7 C2 E5 E4 EE EC FB E9 2C 45 73 63 2B 43 52 43 20 2E 39 36 30 30 20 20 00 6E 20 20 20 20 20 20 31 C3 E4   // прием: 39 байт; 21:39:53:962 28.01.2020
// таймаут: 70 мсек

Ведомый,Esc+CRC 
.9600   n      1

CA E0 EB FE EC ED FB 20 

00 00 07 00 F7 D4 47   // передача: 7 байт; 21:39:54:083 28.01.2020
// приём по количеству байт: 39 из 39
// принято с порта: 39 байт

01 00 27 00 F7 C2 E5 E4 EE EC FB E9 2C 45 73 63 2B 43 52 43 20 2E 39 36 30 30 20 20 00 6E 20 20 20 20 20 20 31 C3 E4   // прием: 39 байт; 21:39:54:153 28.01.2020
// таймаут: 70 мсек

Ведомый,Esc+CRC 
.9600   n      1

CA E0 EB FE EC ED FB 20 

00 00 07 00 F7 D4 47   // передача: 7 байт; 21:39:54:289 28.01.2020
// приём по количеству байт: 39 из 39
// принято с порта: 39 байт

01 00 27 00 F7 C2 E5 E4 EE EC FB E9 2C 45 73 63 2B 43 52 43 20 2E 39 36 30 30 20 20 00 6E 20 20 20 20 20 20 31 C3 E4   // прием: 39 байт; 21:39:54:359 28.01.2020
// таймаут: 70 мсек

Ведомый,Esc+CRC 
.9600   n      1

CA E0 EB FE EC ED FB 20 

00 00 07 00 F7 D4 47   // передача: 7 байт; 21:39:54:669 28.01.2020
// приём по количеству байт: 39 из 39
// принято с порта: 39 байт

01 00 27 00 F7 C2 E5 E4 EE EC FB E9 2C 45 73 63 2B 43 52 43 20 2E 39 36 30 30 20 20 00 6E 20 20 20 20 20 20 31 C3 E4   // прием: 39 байт; 21:39:54:743 28.01.2020
// таймаут: 74 мсек

Ведомый,Esc+CRC 
.9600   n      1

CA E0 EB FE EC ED FB 20 

00 00 07 00 F7 D4 47   // передача: 7 байт; 21:39:55:059 28.01.2020
// приём по количеству байт: 39 из 39
// принято с порта: 39 байт

01 00 27 00 F7 C2 E5 E4 EE EC FB E9 2C 45 73 63 2B 43 52 43 20 2E 39 36 30 30 20 20 00 6E 20 20 20 20 20 20 31 C3 E4   // прием: 39 байт; 21:39:55:119 28.01.2020
// таймаут: 60 мсек

Ведомый,Esc+CRC 
.9600   n      1

CA E0 EB FE EC ED FB 20 

00 00 07 00 F7 D4 47   // передача: 7 байт; 21:39:55:279 28.01.2020
// приём по количеству байт: 39 из 39
// принято с порта: 39 байт

01 00 27 00 F7 C2 E5 E4 EE EC FB E9 2C 45 73 63 2B 43 52 43 20 2E 39 36 30 30 20 20 00 6E 20 20 20 20 20 20 31 C3 E4   // прием: 39 байт; 21:39:55:359 28.01.2020
// таймаут: 80 мсек

Ведомый,Esc+CRC 
.9600   n      1

CA E0 EB FE EC ED FB 20 

00 00 07 00 F7 D4 47   // передача: 7 байт; 21:39:55:679 28.01.2020
// приём по количеству байт: 39 из 39
// принято с порта: 39 байт

01 00 27 00 F7 C2 E5 E4 EE EC FB E9 2C 45 73 63 2B 43 52 43 20 2E 39 36 30 30 20 20 00 6E 20 20 20 20 20 20 31 C3 E4   // прием: 39 байт; 21:39:55:752 28.01.2020
// таймаут: 73 мсек

Ведомый,Esc+CRC 
.9600   n      1

CA E0 EB FE EC ED FB 20 

00 00 07 00 F7 D4 47   // передача: 7 байт; 21:39:55:869 28.01.2020
// приём по количеству байт: 39 из 39
// принято с порта: 39 байт

01 00 27 00 F7 C2 E5 E4 EE EC FB E9 2C 45 73 63 2B 43 52 43 20 2E 39 36 30 30 20 20 00 6E 20 20 20 20 20 20 31 C3 E4   // прием: 39 байт; 21:39:55:949 28.01.2020
// таймаут: 80 мсек

Ведомый,Esc+CRC 
.9600   n      1

CA E0 EB FE EC ED FB 20 

00 00 07 00 F7 D4 47   // передача: 7 байт; 21:39:56:079 28.01.2020
// приём по количеству байт: 39 из 39
// принято с порта: 39 байт

01 00 27 00 F7 C2 E5 E4 EE EC FB E9 2C 45 73 63 2B 43 52 43 20 2E 39 36 30 30 20 20 00 6E 20 20 20 20 20 20 31 C3 E4   // прием: 39 байт; 21:39:56:149 28.01.2020
// таймаут: 70 мсек

Ведомый,Esc+CRC 
.9600   n      1

CA E0 EB FE EC ED FB 20 

00 00 07 00 F7 D4 47   // передача: 7 байт; 21:39:56:279 28.01.2020
// приём по количеству байт: 39 из 39
// принято с порта: 39 байт

01 00 27 00 F7 C2 E5 E4 EE EC FB E9 2C 45 73 63 2B 43 52 43 20 2E 39 36 30 30 20 20 00 6E 20 20 20 20 20 20 31 C3 E4   // прием: 39 байт; 21:39:56:339 28.01.2020
// таймаут: 60 мсек

Ведомый,Esc+CRC 
.9600   n      1

CA E0 EB FE EC ED FB 20 

00 00 07 00 F7 D4 47   // передача: 7 байт; 21:39:56:479 28.01.2020
// приём по количеству байт: 39 из 39
// принято с порта: 39 байт

01 00 27 00 F7 C2 E5 E4 EE EC FB E9 2C 45 73 63 2B 43 52 43 20 2E 39 36 30 30 20 20 00 6E 20 20 20 20 20 20 31 C3 E4   // прием: 39 байт; 21:39:56:559 28.01.2020
// таймаут: 80 мсек

Ведомый,Esc+CRC 
.9600   n      1

CA E0 EB FE EC ED FB 20 

00 00 07 00 F7 D4 47   // передача: 7 байт; 21:39:56:719 28.01.2020
// приём по количеству байт: 39 из 39
// принято с порта: 39 байт

01 00 27 00 F7 C2 E5 E4 EE EC FB E9 2C 45 73 63 2B 43 52 43 20 2E 39 36 30 30 20 20 00 6E 20 20 20 20 20 20 31 C3 E4   // прием: 39 байт; 21:39:56:789 28.01.2020
// таймаут: 70 мсек

Ведомый,Esc+CRC 
.9600   n      1

CA E0 EB FE EC ED FB 20 

00 00 07 00 F7 D4 47   // передача: 7 байт; 21:39:57:119 28.01.2020
// приём по количеству байт: 39 из 39
// принято с порта: 39 байт

01 00 27 00 F7 C2 E5 E4 EE EC FB E9 2C 45 73 63 2B 43 52 43 20 2E 39 36 30 30 20 20 00 6E 20 20 20 20 20 20 31 C3 E4   // прием: 39 байт; 21:39:57:189 28.01.2020
// таймаут: 70 мсек

Ведомый,Esc+CRC 
.9600   n      1

CA E0 EB FE EC ED FB 20 

00 00 07 00 F7 D4 47   // передача: 7 байт; 21:39:57:329 28.01.2020
// приём по количеству байт: 39 из 39
// принято с порта: 39 байт

01 00 27 00 F7 C2 E5 E4 EE EC FB E9 2C 45 73 63 2B 43 52 43 20 2E 39 36 30 30 20 20 00 6E 20 20 20 20 20 20 31 C3 E4   // прием: 39 байт; 21:39:57:389 28.01.2020
// таймаут: 60 мсек

Ведомый,Esc+CRC 
.9600   n      1

CA E0 EB FE EC ED FB 20 

00 00 07 00 F7 D4 47   // передача: 7 байт; 21:39:57:540 28.01.2020
// приём по количеству байт: 39 из 39
// принято с порта: 39 байт

01 00 27 00 F7 C2 E5 E4 EE EC FB E9 2C 45 73 63 2B 43 52 43 20 2E 39 36 30 30 20 20 00 6E 20 20 20 20 20 20 31 C3 E4   // прием: 39 байт; 21:39:57:600 28.01.2020
// таймаут: 60 мсек

Ведомый,Esc+CRC 
.9600   n      1

CA E0 EB FE EC ED FB 20 

00 00 07 00 F7 D4 47   // передача: 7 байт; 21:39:57:758 28.01.2020
// приём по количеству байт: 39 из 39
// принято с порта: 39 байт

01 00 27 00 F7 C2 E5 E4 EE EC FB E9 2C 45 73 63 2B 43 52 43 20 2E 39 36 30 30 20 20 00 6E 20 20 20 20 20 20 31 C3 E4   // прием: 39 байт; 21:39:57:809 28.01.2020
// таймаут: 51 мсек

Ведомый,Esc+CRC 
.9600   n      1

CA E0 EB FE EC ED FB 20 

00 00 07 00 F7 D4 47   // передача: 7 байт; 21:39:57:980 28.01.2020
// приём по количеству байт: 39 из 39
// принято с порта: 39 байт

01 00 27 00 F7 C2 E5 E4 EE EC FB E9 2C 45 73 63 2B 43 52 43 20 2E 39 36 30 30 20 20 00 6E 20 20 20 20 20 20 31 C3 E4   // прием: 39 байт; 21:39:58:050 28.01.2020
// таймаут: 70 мсек

Ведомый,Esc+CRC 
.9600   n      1

CA E0 EB FE EC ED FB 20 

00 00 07 00 F7 D4 47   // передача: 7 байт; 21:39:58:200 28.01.2020
// приём по количеству байт: 39 из 39
// принято с порта: 39 байт

01 00 27 00 F7 C2 E5 E4 EE EC FB E9 2C 45 73 63 2B 43 52 43 20 2E 39 36 30 30 20 20 00 6E 20 20 20 20 20 20 31 C3 E4   // прием: 39 байт; 21:39:58:258 28.01.2020
// таймаут: 58 мсек

Ведомый,Esc+CRC 
.9600   n      1

CA E0 EB FE EC ED FB 20 

00 00 07 00 F7 D4 47   // передача: 7 байт; 21:39:58:429 28.01.2020
// приём по количеству байт: 39 из 39
// принято с порта: 39 байт

01 00 27 00 F7 C2 E5 E4 EE EC FB E9 2C 45 73 63 2B 43 52 43 20 2E 39 36 30 30 20 20 00 6E 20 20 20 20 20 20 31 C3 E4   // прием: 39 байт; 21:39:58:499 28.01.2020
// таймаут: 70 мсек

Ведомый,Esc+CRC 
.9600   n      1

CA E0 EB FE EC ED FB 20 

00 00 07 00 F7 D4 47   // передача: 7 байт; 21:39:58:936 28.01.2020
// приём по количеству байт: 39 из 39
// принято с порта: 39 байт

01 00 27 00 F7 C2 E5 E4 EE EC FB E9 2C 45 73 63 2B 43 52 43 20 2E 39 36 30 30 20 20 00 6E 20 20 20 20 20 20 31 C3 E4   // прием: 39 байт; 21:39:59:006 28.01.2020
// таймаут: 70 мсек

Ведомый,Esc+CRC 
.9600   n      1

CA E0 EB FE EC ED FB 20 

00 00 07 00 F7 D4 47   // передача: 7 байт; 21:39:59:176 28.01.2020
// приём по количеству байт: 39 из 39
// принято с порта: 39 байт

01 00 27 00 F7 C2 E5 E4 EE EC FB E9 2C 45 73 63 2B 43 52 43 20 2E 39 36 30 30 20 20 00 6E 20 20 20 20 20 20 31 C3 E4   // прием: 39 байт; 21:39:59:246 28.01.2020
// таймаут: 70 мсек

Ведомый,Esc+CRC 
.9600   n      1

CA E0 EB FE EC ED FB 20 

00 00 07 00 F7 D4 47   // передача: 7 байт; 21:39:59:376 28.01.2020
// приём по количеству байт: 39 из 39
// принято с порта: 39 байт

01 00 27 00 F7 C2 E5 E4 EE EC FB E9 2C 45 73 63 2B 43 52 43 20 2E 39 36 30 30 20 20 00 6E 20 20 20 20 20 20 31 C3 E4   // прием: 39 байт; 21:39:59:436 28.01.2020
// таймаут: 60 мсек

Ведомый,Esc+CRC 
.9600   n      1

CA E0 EB FE EC ED FB 20 

00 00 07 00 F7 D4 47   // передача: 7 байт; 21:39:59:776 28.01.2020
// приём по количеству байт: 39 из 39
// принято с порта: 39 байт

01 00 27 00 F7 C2 E5 E4 EE EC FB E9 2C 45 73 63 2B 43 52 43 20 2E 39 36 30 30 20 20 00 6E 20 20 20 20 20 20 31 C3 E4   // прием: 39 байт; 21:39:59:836 28.01.2020
// таймаут: 60 мсек

Ведомый,Esc+CRC 
.9600   n      1

CA E0 EB FE EC ED FB 20 

00 00 07 00 F7 D4 47   // передача: 7 байт; 21:39:59:976 28.01.2020
// приём по количеству байт: 39 из 39
// принято с порта: 39 байт

01 00 27 00 F7 C2 E5 E4 EE EC FB E9 2C 45 73 63 2B 43 52 43 20 2E 39 36 30 30 20 20 00 6E 20 20 20 20 20 20 31 C3 E4   // прием: 39 байт; 21:40:00:036 28.01.2020
// таймаут: 60 мсек

Ведомый,Esc+CRC 
.9600   n      1

CA E0 EB FE EC ED FB 20 

00 00 07 00 F7 D4 47   // передача: 7 байт; 21:40:00:196 28.01.2020
// приём по количеству байт: 39 из 39
// принято с порта: 39 байт

01 00 27 00 F7 C2 E5 E4 EE EC FB E9 2C 45 73 63 2B 43 52 43 20 2E 39 36 30 30 20 20 00 6E 20 20 20 20 20 20 31 C3 E4   // прием: 39 байт; 21:40:00:271 28.01.2020
// таймаут: 75 мсек

Ведомый,Esc+CRC 
.9600   n      1

CA E0 EB FE EC ED FB 20 

00 00 07 00 F7 D4 47   // передача: 7 байт; 21:40:00:416 28.01.2020
// приём по количеству байт: 39 из 39
// принято с порта: 39 байт

01 00 27 00 F7 C2 E5 E4 EE EC FB E9 2C 45 73 63 2B 43 52 43 20 2E 39 36 30 30 20 20 00 6E 20 20 20 20 20 20 31 C3 E4   // прием: 39 байт; 21:40:00:486 28.01.2020
// таймаут: 70 мсек

Ведомый,Esc+CRC 
.9600   n      1

CA E0 EB FE EC ED FB 20 

00 00 07 00 F7 D4 47   // передача: 7 байт; 21:40:00:806 28.01.2020
// приём по количеству байт: 39 из 39
// принято с порта: 39 байт

01 00 27 00 F7 C2 E5 E4 EE EC FB E9 2C 45 73 63 2B 43 52 43 20 2E 39 36 30 30 20 20 00 6E 20 20 20 20 20 20 31 C3 E4   // прием: 39 байт; 21:40:00:876 28.01.2020
// таймаут: 70 мсек

Ведомый,Esc+CRC 
.9600   n      1

CA E0 EB FE EC ED FB 20 

00 00 07 00 F7 D4 47   // передача: 7 байт; 21:40:01:046 28.01.2020
// приём по количеству байт: 39 из 39
// принято с порта: 39 байт

01 00 27 00 F7 C2 E5 E4 EE EC FB E9 2C 45 73 63 2B 43 52 43 20 2E 39 36 30 30 20 20 00 6E 20 20 20 20 20 20 31 C3 E4   // прием: 39 байт; 21:40:01:116 28.01.2020
// таймаут: 70 мсек

Ведомый,Esc+CRC 
.9600   n      1

CA E0 EB FE EC ED FB 20 

00 00 07 00 F7 D4 47   // передача: 7 байт; 21:40:01:260 28.01.2020
// приём по количеству байт: 39 из 39
// принято с порта: 39 байт

01 00 27 00 F7 C2 E5 E4 EE EC FB E9 2C 45 73 63 2B 43 52 43 20 2E 39 36 30 30 20 20 00 6E 20 20 20 20 20 20 31 C3 E4   // прием: 39 байт; 21:40:01:316 28.01.2020
// таймаут: 56 мсек

Ведомый,Esc+CRC 
.9600   n      1

CA E0 EB FE EC ED FB 20 

00 00 07 00 F7 D4 47   // передача: 7 байт; 21:40:01:457 28.01.2020
// приём по количеству байт: 39 из 39
// принято с порта: 39 байт

01 00 27 00 F7 C2 E5 E4 EE EC FB E9 2C 45 73 63 2B 43 52 43 20 2E 39 36 30 30 20 20 00 6E 20 20 20 20 20 20 31 C3 E4   // прием: 39 байт; 21:40:01:537 28.01.2020
// таймаут: 80 мсек

Ведомый,Esc+CRC 
.9600   n      1

CA E0 EB FE EC ED FB 20 

00 00 07 00 F7 D4 47   // передача: 7 байт; 21:40:01:976 28.01.2020
// приём по количеству байт: 39 из 39
// принято с порта: 39 байт

01 00 27 00 F7 C2 E5 E4 EE EC FB E9 2C 45 73 63 2B 43 52 43 20 2E 39 36 30 30 20 20 00 6E 20 20 20 20 20 20 31 C3 E4   // прием: 39 байт; 21:40:02:046 28.01.2020
// таймаут: 70 мсек

Ведомый,Esc+CRC 
.9600   n      1

CA E0 EB FE EC ED FB 20 

00 00 07 00 F7 D4 47   // передача: 7 байт; 21:40:02:196 28.01.2020
// приём по количеству байт: 39 из 39
// принято с порта: 39 байт

01 00 27 00 F7 C2 E5 E4 EE EC FB E9 2C 45 73 63 2B 43 52 43 20 2E 39 36 30 30 20 20 00 6E 20 20 20 20 20 20 31 C3 E4   // прием: 39 байт; 21:40:02:271 28.01.2020
// таймаут: 75 мсек

Ведомый,Esc+CRC 
.9600   n      1

CA E0 EB FE EC ED FB 20 

00 00 07 00 F7 D4 47   // передача: 7 байт; 21:40:02:412 28.01.2020
// приём по количеству байт: 39 из 39
// принято с порта: 39 байт

01 00 27 00 F7 C2 E5 E4 EE EC FB E9 2C 45 73 63 2B 43 52 43 20 2E 39 36 30 30 20 20 00 6E 20 20 20 20 20 20 31 C3 E4   // прием: 39 байт; 21:40:02:482 28.01.2020
// таймаут: 70 мсек

Ведомый,Esc+CRC 
.9600   n      1

CA E0 EB FE EC ED FB 20 

00 00 08 00 F6 0A C5 DC   // передача: 8 байт; 21:40:03:742 28.01.2020
// приём по таймауту: 1000 мс
// принято с порта: 1 байт

01   // прием: 1 байт; 21:40:04:792 28.01.2020
// таймаут: 1050 мсек



00 00 07 00 F7 D4 47   // передача: 7 байт; 21:40:08:909 28.01.2020
// приём по количеству байт: 39 из 39
// принято с порта: 39 байт

01 00 27 00 F7 C2 E5 E4 EE EC FB E9 2C 43 52 43 20 20 20 20 20 2E 39 36 30 30 20 20 00 6E 20 20 20 20 20 20 31 C7 0D   // прием: 39 байт; 21:40:08:969 28.01.2020
// таймаут: 60 мсек

Ведомый,CRC     
.9600   n      1


00 00 07 00 F7 D4 47   // передача: 7 байт; 21:40:09:399 28.01.2020
// приём по количеству байт: 39 из 39
// принято с порта: 39 байт

01 00 27 00 F7 C2 E5 E4 EE EC FB E9 2C 43 52 43 20 20 20 20 20 2E 39 36 30 30 20 20 00 6E 20 20 20 20 20 20 31 C7 0D   // прием: 39 байт; 21:40:09:460 28.01.2020
// таймаут: 61 мсек

Ведомый,CRC     
.9600   n      1


00 00 07 00 F7 D4 47   // передача: 7 байт; 21:40:09:590 28.01.2020
// приём по количеству байт: 39 из 39
// принято с порта: 39 байт

01 00 27 00 F7 C2 E5 E4 EE EC FB E9 2C 43 52 43 20 20 20 20 20 2E 39 36 30 30 20 20 00 6E 20 20 20 20 20 20 31 C7 0D   // прием: 39 байт; 21:40:09:650 28.01.2020
// таймаут: 60 мсек

Ведомый,CRC     
.9600   n      1


00 00 07 00 F7 D4 47   // передача: 7 байт; 21:40:09:780 28.01.2020
// приём по количеству байт: 39 из 39
// принято с порта: 39 байт

01 00 27 00 F7 C2 E5 E4 EE EC FB E9 2C 43 52 43 20 20 20 20 20 2E 39 36 30 30 20 20 00 6E 20 20 20 20 20 20 31 C7 0D   // прием: 39 байт; 21:40:09:846 28.01.2020
// таймаут: 66 мсек

Ведомый,CRC     
.9600   n      1


00 00 07 00 F7 D4 47   // передача: 7 байт; 21:40:10:239 28.01.2020
// приём по количеству байт: 39 из 39
// принято с порта: 39 байт

01 00 27 00 F7 C2 E5 E4 EE EC FB E9 2C 43 52 43 20 20 20 20 20 2E 39 36 30 30 20 20 00 6E 20 20 20 20 20 20 31 C7 0D   // прием: 39 байт; 21:40:10:299 28.01.2020
// таймаут: 60 мсек

Ведомый,CRC     
.9600   n      1


00 00 07 00 F7 D4 47   // передача: 7 байт; 21:40:10:425 28.01.2020
// приём по количеству байт: 39 из 39
// принято с порта: 39 байт

01 00 27 00 F7 C2 E5 E4 EE EC FB E9 2C 43 52 43 20 20 20 20 20 2E 39 36 30 30 20 20 00 6E 20 20 20 20 20 20 31 C7 0D   // прием: 39 байт; 21:40:10:485 28.01.2020
// таймаут: 60 мсек

Ведомый,CRC     
.9600   n      1


00 00 07 00 F7 D4 47   // передача: 7 байт; 21:40:10:625 28.01.2020
// приём по количеству байт: 39 из 39
// принято с порта: 39 байт

01 00 27 00 F7 C2 E5 E4 EE EC FB E9 2C 43 52 43 20 20 20 20 20 2E 39 36 30 30 20 20 00 6E 20 20 20 20 20 20 31 C7 0D   // прием: 39 байт; 21:40:10:685 28.01.2020
// таймаут: 60 мсек

Ведомый,CRC     
.9600   n      1


00 00 07 00 F7 D4 47   // передача: 7 байт; 21:40:10:825 28.01.2020
// приём по количеству байт: 39 из 39
// принято с порта: 39 байт

01 00 27 00 F7 C2 E5 E4 EE EC FB E9 2C 43 52 43 20 20 20 20 20 2E 39 36 30 30 20 20 00 6E 20 20 20 20 20 20 31 C7 0D   // прием: 39 байт; 21:40:10:885 28.01.2020
// таймаут: 60 мсек

Ведомый,CRC     
.9600   n      1


00 00 07 00 F7 D4 47   // передача: 7 байт; 21:40:11:015 28.01.2020
// приём по количеству байт: 39 из 39
// принято с порта: 39 байт

01 00 27 00 F7 C2 E5 E4 EE EC FB E9 2C 43 52 43 20 20 20 20 20 2E 39 36 30 30 20 20 00 6E 20 20 20 20 20 20 31 C7 0D   // прием: 39 байт; 21:40:11:075 28.01.2020
// таймаут: 60 мсек

Ведомый,CRC     
.9600   n      1


00 00 07 00 F7 D4 47   // передача: 7 байт; 21:40:11:325 28.01.2020
// приём по количеству байт: 39 из 39
// принято с порта: 39 байт

01 00 27 00 F7 C2 E5 E4 EE EC FB E9 2C 43 52 43 20 20 20 20 20 2E 39 36 30 30 20 20 00 6E 20 20 20 20 20 20 31 C7 0D   // прием: 39 байт; 21:40:11:375 28.01.2020
// таймаут: 50 мсек

Ведомый,CRC     
.9600   n      1


00 00 07 00 F7 D4 47   // передача: 7 байт; 21:40:11:525 28.01.2020
// приём по количеству байт: 39 из 39
// принято с порта: 39 байт

01 00 27 00 F7 C2 E5 E4 EE EC FB E9 2C 43 52 43 20 20 20 20 20 2E 39 36 30 30 20 20 00 6E 20 20 20 20 20 20 31 C7 0D   // прием: 39 байт; 21:40:11:585 28.01.2020
// таймаут: 60 мсек

Ведомый,CRC     
.9600   n      1


00 00 07 00 F7 D4 47   // передача: 7 байт; 21:40:11:715 28.01.2020
// приём по количеству байт: 39 из 39
// принято с порта: 39 байт

01 00 27 00 F7 C2 E5 E4 EE EC FB E9 2C 43 52 43 20 20 20 20 20 2E 39 36 30 30 20 20 00 6E 20 20 20 20 20 20 31 C7 0D   // прием: 39 байт; 21:40:11:775 28.01.2020
// таймаут: 60 мсек

Ведомый,CRC     
.9600   n      1


00 00 08 00 F6 0A C5 DC   // передача: 8 байт; 21:40:13:116 28.01.2020
// приём по таймауту: 1000 мс
// принято с порта: 1 байт

01   // прием: 1 байт; 21:40:14:155 28.01.2020
// таймаут: 1039 мсек



00 00 07 00 F7 D4 47   // передача: 7 байт; 21:40:17:172 28.01.2020


00 00 07 00 F7 D4 47   // передача: 7 байт; 21:40:17:533 28.01.2020


00 00 07 00 F7 D4 47   // передача: 7 байт; 21:40:17:733 28.01.2020


00 00 07 00 F7 D4 47   // передача: 7 байт; 21:40:17:892 28.01.2020
// приём по таймауту: 1000 мс
// принято с порта: 0 байт
повтор: 1


00 00 07 00 F7 D4 47   // передача: 7 байт; 21:40:18:892 28.01.2020



1A   // передача: 1 байт; 21:40:19:028 28.01.2020
// приём по количеству байт: 4 из 0
// принято с порта: 4 байт

4F 4B 0D 0A   // прием: 4 байт; 21:40:19:048 28.01.2020
// таймаут: 20 мсек

// приём по таймауту: 1000 мс
// принято с порта: 0 байт

CA E0 EB FE EC ED FB 20 

00 00 07 00 F7 D4 47   // передача: 7 байт; 21:40:21:348 28.01.2020
// приём по количеству байт: 39 из 39
// принято с порта: 39 байт

01 00 27 00 F7 C2 E5 E4 F3 F9 E8 E9 2C EF F0 FF EC EE E9 20 20 2E 39 36 30 30 20 20 00 6E 20 20 20 20 2B 20 31 5F D7   // прием: 39 байт; 21:40:21:418 28.01.2020
// таймаут: 70 мсек

Ведущий,прямой  
.9600   n    + 1

CA E0 EB FE EC ED FB 20 

00 00 07 00 F7 D4 47   // передача: 7 байт; 21:40:21:978 28.01.2020
// приём по количеству байт: 39 из 39
// принято с порта: 39 байт

01 00 27 00 F7 C2 E5 E4 F3 F9 E8 E9 2C EF F0 FF EC EE E9 20 20 2E 39 36 30 30 20 20 00 6E 20 20 20 20 2B 20 31 5F D7   // прием: 39 байт; 21:40:22:038 28.01.2020
// таймаут: 60 мсек

Ведущий,прямой  
.9600   n    + 1

CA E0 EB FE EC ED FB 20 

00 00 07 00 F7 D4 47   // передача: 7 байт; 21:40:22:188 28.01.2020
// приём по количеству байт: 39 из 39
// принято с порта: 39 байт

01 00 27 00 F7 C2 E5 E4 F3 F9 E8 E9 2C EF F0 FF EC EE E9 20 20 2E 39 36 30 30 20 20 00 6E 20 20 20 20 2B 20 31 5F D7   // прием: 39 байт; 21:40:22:258 28.01.2020
// таймаут: 70 мсек

Ведущий,прямой  
.9600   n    + 1

CA E0 EB FE EC ED FB 20 

00 00 07 00 F7 D4 47   // передача: 7 байт; 21:40:22:388 28.01.2020
// приём по количеству байт: 39 из 39
// принято с порта: 39 байт

01 00 27 00 F7 C2 E5 E4 F3 F9 E8 E9 2C EF F0 FF EC EE E9 20 20 2E 39 36 30 30 20 20 00 6E 20 20 20 20 2B 20 31 5F D7   // прием: 39 байт; 21:40:22:445 28.01.2020
// таймаут: 57 мсек

Ведущий,прямой  
.9600   n    + 1

CA E0 EB FE EC ED FB 20 

00 00 07 00 F7 D4 47   // передача: 7 байт; 21:40:22:565 28.01.2020
// приём по количеству байт: 39 из 39
// принято с порта: 39 байт

01 00 27 00 F7 C2 E5 E4 F3 F9 E8 E9 2C EF F0 FF EC EE E9 20 20 2E 39 36 30 30 20 20 00 6E 20 20 20 20 2B 20 31 5F D7   // прием: 39 байт; 21:40:22:635 28.01.2020
// таймаут: 70 мсек

Ведущий,прямой  
.9600   n    + 1

CA E0 EB FE EC ED FB 20 

00 00 07 00 F7 D4 47   // передача: 7 байт; 21:40:22:755 28.01.2020
// приём по количеству байт: 39 из 39
// принято с порта: 39 байт

01 00 27 00 F7 C2 E5 E4 F3 F9 E8 E9 2C EF F0 FF EC EE E9 20 20 2E 39 36 30 30 20 20 00 6E 20 20 20 20 2B 20 31 5F D7   // прием: 39 байт; 21:40:22:815 28.01.2020
// таймаут: 60 мсек

Ведущий,прямой  
.9600   n    + 1

CA E0 EB FE EC ED FB 20 

00 00 07 00 F7 D4 47   // передача: 7 байт; 21:40:22:945 28.01.2020
// приём по количеству байт: 39 из 39
// принято с порта: 39 байт

01 00 27 00 F7 C2 E5 E4 F3 F9 E8 E9 2C EF F0 FF EC EE E9 20 20 2E 39 36 30 30 20 20 00 6E 20 20 20 20 2B 20 31 5F D7   // прием: 39 байт; 21:40:23:008 28.01.2020
// таймаут: 63 мсек

Ведущий,прямой  
.9600   n    + 1

CA E0 EB FE EC ED FB 20 

00 00 07 00 F7 D4 47   // передача: 7 байт; 21:40:23:138 28.01.2020
// приём по количеству байт: 39 из 39
// принято с порта: 39 байт

01 00 27 00 F7 C2 E5 E4 F3 F9 E8 E9 2C EF F0 FF EC EE E9 20 20 2E 39 36 30 30 20 20 00 6E 20 20 20 20 2B 20 31 5F D7   // прием: 39 байт; 21:40:23:198 28.01.2020
// таймаут: 60 мсек

Ведущий,прямой  
.9600   n    + 1

CA E0 EB FE EC ED FB 20 

00 00 07 00 F7 D4 47   // передача: 7 байт; 21:40:23:328 28.01.2020
// приём по количеству байт: 39 из 39
// принято с порта: 39 байт

01 00 27 00 F7 C2 E5 E4 F3 F9 E8 E9 2C EF F0 FF EC EE E9 20 20 2E 39 36 30 30 20 20 00 6E 20 20 20 20 2B 20 31 5F D7   // прием: 39 байт; 21:40:23:398 28.01.2020
// таймаут: 70 мсек

Ведущий,прямой  
.9600   n    + 1

CA E0 EB FE EC ED FB 20 

00 00 07 00 F7 D4 47   // передача: 7 байт; 21:40:23:525 28.01.2020
// приём по количеству байт: 39 из 39
// принято с порта: 39 байт

01 00 27 00 F7 C2 E5 E4 F3 F9 E8 E9 2C EF F0 FF EC EE E9 20 20 2E 39 36 30 30 20 20 00 6E 20 20 20 20 2B 20 31 5F D7   // прием: 39 байт; 21:40:23:585 28.01.2020
// таймаут: 60 мсек

Ведущий,прямой  
.9600   n    + 1

CA E0 EB FE EC ED FB 20 

00 00 07 00 F7 D4 47   // передача: 7 байт; 21:40:23:715 28.01.2020
// приём по количеству байт: 39 из 39
// принято с порта: 39 байт

01 00 27 00 F7 C2 E5 E4 F3 F9 E8 E9 2C EF F0 FF EC EE E9 20 20 2E 39 36 30 30 20 20 00 6E 20 20 20 20 2B 20 31 5F D7   // прием: 39 байт; 21:40:23:775 28.01.2020
// таймаут: 60 мсек

Ведущий,прямой  
.9600   n    + 1

CA E0 EB FE EC ED FB 20 

00 00 07 00 F7 D4 47   // передача: 7 байт; 21:40:23:895 28.01.2020
// приём по количеству байт: 39 из 39
// принято с порта: 39 байт

01 00 27 00 F7 C2 E5 E4 F3 F9 E8 E9 2C EF F0 FF EC EE E9 20 20 2E 39 36 30 30 20 20 00 6E 20 20 20 20 2B 20 31 5F D7   // прием: 39 байт; 21:40:23:961 28.01.2020
// таймаут: 66 мсек

Ведущий,прямой  
.9600   n    + 1

CA E0 EB FE EC ED FB 20 

00 00 08 00 F6 0A C5 DC   // передача: 8 байт; 21:40:26:321 28.01.2020

CA E0 EB FE EC ED FB 20 

00 00 07 00 F7 D4 47   // передача: 7 байт; 21:40:26:971 28.01.2020
// приём по количеству байт: 40 из 39
// принято с порта: 40 байт

01 01 00 27 00 F7 C2 E5 E4 F3 F9 E8 E9 2C EC EE E4 E5 EC ED FB E9 2E 39 36 30 30 20 20 00 6E 20 20 20 20 2B 20 31 8C 4C   // прием: 40 байт; 21:40:27:031 28.01.2020
// таймаут: 60 мсек

// приём по таймауту: 1000 мс
// принято с порта: 0 байт
повтор: 1

CA E0 EB FE EC ED FB 20 

00 00 07 00 F7 D4 47   // передача: 7 байт; 21:40:28:042 28.01.2020
// приём по количеству байт: 39 из 39
// принято с порта: 39 байт

01 00 27 00 F7 C2 E5 E4 F3 F9 E8 E9 2C EC EE E4 E5 EC ED FB E9 2E 39 36 30 30 20 20 00 6E 20 20 20 20 2B 20 31 8C 4C   // прием: 39 байт; 21:40:28:102 28.01.2020
// таймаут: 60 мсек

Ведущий,модемный
.9600   n    + 1



1A   // передача: 1 байт; 21:40:37:484 28.01.2020

CA E0 EB FE EC ED FB 20 

00 00 07 00 F7 D4 47   // передача: 7 байт; 21:40:38:184 28.01.2020
// приём по количеству байт: 39 из 39
// принято с порта: 39 байт

01 00 27 00 F7 C2 E5 E4 F3 F9 E8 E9 2C EC EE E4 E5 EC ED FB E9 2E 39 36 30 30 20 20 00 6E 20 20 20 20 2B 20 31 8C 4C   // прием: 39 байт; 21:40:38:254 28.01.2020
// таймаут: 70 мсек

Ведущий,модемный
.9600   n    + 1

CA E0 EB FE EC ED FB 20 

00 00 07 00 F7 D4 47   // передача: 7 байт; 21:40:38:644 28.01.2020
// приём по количеству байт: 39 из 39
// принято с порта: 39 байт

01 00 27 00 F7 C2 E5 E4 F3 F9 E8 E9 2C EC EE E4 E5 EC ED FB E9 2E 39 36 30 30 20 20 00 6E 20 20 20 20 2B 20 31 8C 4C   // прием: 39 байт; 21:40:38:714 28.01.2020
// таймаут: 70 мсек

Ведущий,модемный
.9600   n    + 1

CA E0 EB FE EC ED FB 20 

00 00 07 00 F7 D4 47   // передача: 7 байт; 21:40:38:844 28.01.2020
// приём по количеству байт: 39 из 39
// принято с порта: 39 байт

01 00 27 00 F7 C2 E5 E4 F3 F9 E8 E9 2C EC EE E4 E5 EC ED FB E9 2E 39 36 30 30 20 20 00 6E 20 20 20 20 2B 20 31 8C 4C   // прием: 39 байт; 21:40:38:914 28.01.2020
// таймаут: 70 мсек

Ведущий,модемный
.9600   n    + 1

CA E0 EB FE EC ED FB 20 

00 00 07 00 F7 D4 47   // передача: 7 байт; 21:40:39:044 28.01.2020
// приём по количеству байт: 39 из 39
// принято с порта: 39 байт

01 00 27 00 F7 C2 E5 E4 F3 F9 E8 E9 2C EC EE E4 E5 EC ED FB E9 2E 39 36 30 30 20 20 00 6E 20 20 20 20 2B 20 31 8C 4C   // прием: 39 байт; 21:40:39:104 28.01.2020
// таймаут: 60 мсек

Ведущий,модемный
.9600   n    + 1

CA E0 EB FE EC ED FB 20 

00 00 07 00 F7 D4 47   // передача: 7 байт; 21:40:39:234 28.01.2020
// приём по количеству байт: 39 из 39
// принято с порта: 39 байт

01 00 27 00 F7 C2 E5 E4 F3 F9 E8 E9 2C EC EE E4 E5 EC ED FB E9 2E 39 36 30 30 20 20 00 6E 20 20 20 20 2B 20 31 8C 4C   // прием: 39 байт; 21:40:39:294 28.01.2020
// таймаут: 60 мсек

Ведущий,модемный
.9600   n    + 1

CA E0 EB FE EC ED FB 20 

00 00 07 00 F7 D4 47   // передача: 7 байт; 21:40:39:434 28.01.2020
// приём по количеству байт: 39 из 39
// принято с порта: 39 байт

01 00 27 00 F7 C2 E5 E4 F3 F9 E8 E9 2C EC EE E4 E5 EC ED FB E9 2E 39 36 30 30 20 20 00 6E 20 20 20 20 2B 20 31 8C 4C   // прием: 39 байт; 21:40:39:494 28.01.2020
// таймаут: 60 мсек

Ведущий,модемный
.9600   n    + 1

CA E0 EB FE EC ED FB 20 

00 00 07 00 F7 D4 47   // передача: 7 байт; 21:40:39:614 28.01.2020
// приём по количеству байт: 39 из 39
// принято с порта: 39 байт

01 00 27 00 F7 C2 E5 E4 F3 F9 E8 E9 2C EC EE E4 E5 EC ED FB E9 2E 39 36 30 30 20 20 00 6E 20 20 20 20 2B 20 31 8C 4C   // прием: 39 байт; 21:40:39:684 28.01.2020
// таймаут: 70 мсек

Ведущий,модемный
.9600   n    + 1

CA E0 EB FE EC ED FB 20 

00 00 07 00 F7 D4 47   // передача: 7 байт; 21:40:39:804 28.01.2020
// приём по количеству байт: 39 из 39
// принято с порта: 39 байт

01 00 27 00 F7 C2 E5 E4 F3 F9 E8 E9 2C EC EE E4 E5 EC ED FB E9 2E 39 36 30 30 20 20 00 6E 20 20 20 20 2B 20 31 8C 4C   // прием: 39 байт; 21:40:39:874 28.01.2020
// таймаут: 70 мсек

Ведущий,модемный
.9600   n    + 1

CA E0 EB FE EC ED FB 20 

00 00 07 00 F7 D4 47   // передача: 7 байт; 21:40:40:004 28.01.2020
// приём по количеству байт: 39 из 39
// принято с порта: 39 байт

01 00 27 00 F7 C2 E5 E4 F3 F9 E8 E9 2C EC EE E4 E5 EC ED FB E9 2E 39 36 30 30 20 20 00 6E 20 20 20 20 2B 20 31 8C 4C   // прием: 39 байт; 21:40:40:064 28.01.2020
// таймаут: 60 мсек

Ведущий,модемный
.9600   n    + 1

CA E0 EB FE EC ED FB 20 

00 00 07 00 F7 D4 47   // передача: 7 байт; 21:40:40:204 28.01.2020
// приём по количеству байт: 39 из 39
// принято с порта: 39 байт

01 00 27 00 F7 C2 E5 E4 F3 F9 E8 E9 2C EC EE E4 E5 EC ED FB E9 2E 39 36 30 30 20 20 00 6E 20 20 20 20 2B 20 31 8C 4C   // прием: 39 байт; 21:40:40:264 28.01.2020
// таймаут: 60 мсек

Ведущий,модемный
.9600   n    + 1

CA E0 EB FE EC ED FB 20 

00 00 07 00 F7 D4 47   // передача: 7 байт; 21:40:40:384 28.01.2020
// приём по количеству байт: 39 из 39
// принято с порта: 39 байт

01 00 27 00 F7 C2 E5 E4 F3 F9 E8 E9 2C EC EE E4 E5 EC ED FB E9 2E 39 36 30 30 20 20 00 6E 20 20 20 20 2B 20 31 8C 4C   // прием: 39 байт; 21:40:40:454 28.01.2020
// таймаут: 70 мсек

Ведущий,модемный
.9600   n    + 1

CA E0 EB FE EC ED FB 20 

00 00 07 00 F7 D4 47   // передача: 7 байт; 21:40:40:574 28.01.2020
// приём по количеству байт: 39 из 39
// принято с порта: 39 байт

01 00 27 00 F7 C2 E5 E4 F3 F9 E8 E9 2C EC EE E4 E5 EC ED FB E9 2E 39 36 30 30 20 20 00 6E 20 20 20 20 2B 20 31 8C 4C   // прием: 39 байт; 21:40:40:644 28.01.2020
// таймаут: 70 мсек

Ведущий,модемный
.9600   n    + 1

CA E0 EB FE EC ED FB 20 

00 00 07 00 F7 D4 47   // передача: 7 байт; 21:40:40:764 28.01.2020
// приём по количеству байт: 39 из 39
// принято с порта: 39 байт

01 00 27 00 F7 C2 E5 E4 F3 F9 E8 E9 2C EC EE E4 E5 EC ED FB E9 2E 39 36 30 30 20 20 00 6E 20 20 20 20 2B 20 31 8C 4C   // прием: 39 байт; 21:40:40:834 28.01.2020
// таймаут: 70 мсек

Ведущий,модемный
.9600   n    + 1

CA E0 EB FE EC ED FB 20 

00 00 07 00 F7 D4 47   // передача: 7 байт; 21:40:40:984 28.01.2020
// приём по количеству байт: 39 из 39
// принято с порта: 39 байт

01 00 27 00 F7 C2 E5 E4 F3 F9 E8 E9 2C EC EE E4 E5 EC ED FB E9 2E 39 36 30 30 20 20 00 6E 20 20 20 20 2B 20 31 8C 4C   // прием: 39 байт; 21:40:41:054 28.01.2020
// таймаут: 70 мсек

Ведущий,модемный
.9600   n    + 1

CA E0 EB FE EC ED FB 20 

00 00 07 00 F7 D4 47   // передача: 7 байт; 21:40:41:194 28.01.2020
// приём по количеству байт: 39 из 39
// принято с порта: 39 байт

01 00 27 00 F7 C2 E5 E4 F3 F9 E8 E9 2C EC EE E4 E5 EC ED FB E9 2E 39 36 30 30 20 20 00 6E 20 20 20 20 2B 20 31 8C 4C   // прием: 39 байт; 21:40:41:254 28.01.2020
// таймаут: 60 мсек

Ведущий,модемный
.9600   n    + 1

CA E0 EB FE EC ED FB 20 

00 00 07 00 F7 D4 47   // передача: 7 байт; 21:40:41:404 28.01.2020
// приём по количеству байт: 39 из 39
// принято с порта: 39 байт

01 00 27 00 F7 C2 E5 E4 F3 F9 E8 E9 2C EC EE E4 E5 EC ED FB E9 2E 39 36 30 30 20 20 00 6E 20 20 20 20 2B 20 31 8C 4C   // прием: 39 байт; 21:40:41:474 28.01.2020
// таймаут: 70 мсек

Ведущий,модемный
.9600   n    + 1

CA E0 EB FE EC ED FB 20 

00 00 07 00 F7 D4 47   // передача: 7 байт; 21:40:41:624 28.01.2020
// приём по количеству байт: 39 из 39
// принято с порта: 39 байт

01 00 27 00 F7 C2 E5 E4 F3 F9 E8 E9 2C EC EE E4 E5 EC ED FB E9 2E 39 36 30 30 20 20 00 6E 20 20 20 20 2B 20 31 8C 4C   // прием: 39 байт; 21:40:41:694 28.01.2020
// таймаут: 70 мсек

Ведущий,модемный
.9600   n    + 1

CA E0 EB FE EC ED FB 20 

00 00 07 00 F7 D4 47   // передача: 7 байт; 21:40:41:844 28.01.2020
// приём по количеству байт: 39 из 39
// принято с порта: 39 байт

01 00 27 00 F7 C2 E5 E4 F3 F9 E8 E9 2C EC EE E4 E5 EC ED FB E9 2E 39 36 30 30 20 20 00 6E 20 20 20 20 2B 20 31 8C 4C   // прием: 39 байт; 21:40:41:914 28.01.2020
// таймаут: 70 мсек

Ведущий,модемный
.9600   n    + 1

CA E0 EB FE EC ED FB 20 

00 00 07 00 F7 D4 47   // передача: 7 байт; 21:40:42:064 28.01.2020
// приём по количеству байт: 39 из 39
// принято с порта: 39 байт

01 00 27 00 F7 C2 E5 E4 F3 F9 E8 E9 2C EC EE E4 E5 EC ED FB E9 2E 39 36 30 30 20 20 00 6E 20 20 20 20 2B 20 31 8C 4C   // прием: 39 байт; 21:40:42:134 28.01.2020
// таймаут: 70 мсек

Ведущий,модемный
.9600   n    + 1

CA E0 EB FE EC ED FB 20 

00 00 08 00 F6 0A C5 DC   // передача: 8 байт; 21:40:43:424 28.01.2020

CA E0 EB FE EC ED FB 20 

00 00 07 00 F7 D4 47   // передача: 7 байт; 21:40:43:974 28.01.2020
// приём по таймауту: 1000 мс
// принято с порта: 1 байт

01   // прием: 1 байт; 21:40:44:984 28.01.2020
// таймаут: 1010 мсек



00 00 07 00 F7 D4 47   // передача: 7 байт; 21:40:47:164 28.01.2020


55 00 00 11 FF F0 00 00 07 00 F7 D4 47 21 B3 8C 7D   // передача: 17 байт; 21:40:47:164 28.01.2020
// приём по количеству байт: 39 из 39
// принято с порта: 39 байт

01 00 27 00 F7 C2 E5 E4 EE EC FB E9 2C D3 CF C8 CE 20 20 20 20 2E 39 36 30 30 20 20 00 6E 20 20 20 20 20 20 31 3B 4E   // прием: 39 байт; 21:40:47:224 28.01.2020
// таймаут: 60 мсек

Ведомый,УПИО    
.9600   n      1


00 00 07 00 F7 D4 47   // передача: 7 байт; 21:40:47:714 28.01.2020


55 00 00 11 FF F0 00 00 07 00 F7 D4 47 21 B3 8C 7D   // передача: 17 байт; 21:40:47:714 28.01.2020
// приём по количеству байт: 39 из 39
// принято с порта: 39 байт

01 00 27 00 F7 C2 E5 E4 EE EC FB E9 2C D3 CF C8 CE 20 20 20 20 2E 39 36 30 30 20 20 00 6E 20 20 20 20 20 20 31 3B 4E   // прием: 39 байт; 21:40:47:784 28.01.2020
// таймаут: 70 мсек

Ведомый,УПИО    
.9600   n      1


00 00 07 00 F7 D4 47   // передача: 7 байт; 21:40:47:894 28.01.2020


55 00 00 11 FF F0 00 00 07 00 F7 D4 47 21 B3 8C 7D   // передача: 17 байт; 21:40:47:894 28.01.2020
// приём по количеству байт: 39 из 39
// принято с порта: 39 байт

01 00 27 00 F7 C2 E5 E4 EE EC FB E9 2C D3 CF C8 CE 20 20 20 20 2E 39 36 30 30 20 20 00 6E 20 20 20 20 20 20 31 3B 4E   // прием: 39 байт; 21:40:47:969 28.01.2020
// таймаут: 75 мсек

Ведомый,УПИО    
.9600   n      1


00 00 07 00 F7 D4 47   // передача: 7 байт; 21:40:48:094 28.01.2020


55 00 00 11 FF F0 00 00 07 00 F7 D4 47 21 B3 8C 7D   // передача: 17 байт; 21:40:48:094 28.01.2020
// приём по количеству байт: 39 из 39
// принято с порта: 39 байт

01 00 27 00 F7 C2 E5 E4 EE EC FB E9 2C D3 CF C8 CE 20 20 20 20 2E 39 36 30 30 20 20 00 6E 20 20 20 20 20 20 31 3B 4E   // прием: 39 байт; 21:40:48:164 28.01.2020
// таймаут: 70 мсек

Ведомый,УПИО    
.9600   n      1


00 00 07 00 F7 D4 47   // передача: 7 байт; 21:40:48:284 28.01.2020


55 00 00 11 FF F0 00 00 07 00 F7 D4 47 21 B3 8C 7D   // передача: 17 байт; 21:40:48:284 28.01.2020
// приём по количеству байт: 39 из 39
// принято с порта: 39 байт

01 00 27 00 F7 C2 E5 E4 EE EC FB E9 2C D3 CF C8 CE 20 20 20 20 2E 39 36 30 30 20 20 00 6E 20 20 20 20 20 20 31 3B 4E   // прием: 39 байт; 21:40:48:344 28.01.2020
// таймаут: 60 мсек

Ведомый,УПИО    
.9600   n      1


00 00 07 00 F7 D4 47   // передача: 7 байт; 21:40:48:474 28.01.2020


55 00 00 11 FF F0 00 00 07 00 F7 D4 47 21 B3 8C 7D   // передача: 17 байт; 21:40:48:474 28.01.2020
// приём по количеству байт: 39 из 39
// принято с порта: 39 байт

01 00 27 00 F7 C2 E5 E4 EE EC FB E9 2C D3 CF C8 CE 20 20 20 20 2E 39 36 30 30 20 20 00 6E 20 20 20 20 20 20 31 3B 4E   // прием: 39 байт; 21:40:48:544 28.01.2020
// таймаут: 70 мсек

Ведомый,УПИО    
.9600   n      1


00 00 07 00 F7 D4 47   // передача: 7 байт; 21:40:48:669 28.01.2020


55 00 00 11 FF F0 00 00 07 00 F7 D4 47 21 B3 8C 7D   // передача: 17 байт; 21:40:48:669 28.01.2020
// приём по количеству байт: 39 из 39
// принято с порта: 39 байт

01 00 27 00 F7 C2 E5 E4 EE EC FB E9 2C D3 CF C8 CE 20 20 20 20 2E 39 36 30 30 20 20 00 6E 20 20 20 20 20 20 31 3B 4E   // прием: 39 байт; 21:40:48:737 28.01.2020
// таймаут: 68 мсек

Ведомый,УПИО    
.9600   n      1


00 00 07 00 F7 D4 47   // передача: 7 байт; 21:40:48:852 28.01.2020


55 00 00 11 FF F0 00 00 07 00 F7 D4 47 21 B3 8C 7D   // передача: 17 байт; 21:40:48:853 28.01.2020
// приём по количеству байт: 39 из 39
// принято с порта: 39 байт

01 00 27 00 F7 C2 E5 E4 EE EC FB E9 2C D3 CF C8 CE 20 20 20 20 2E 39 36 30 30 20 20 00 6E 20 20 20 20 20 20 31 3B 4E   // прием: 39 байт; 21:40:48:914 28.01.2020
// таймаут: 61 мсек

Ведомый,УПИО    
.9600   n      1


00 00 07 00 F7 D4 47   // передача: 7 байт; 21:40:49:034 28.01.2020


55 00 00 11 FF F0 00 00 07 00 F7 D4 47 21 B3 8C 7D   // передача: 17 байт; 21:40:49:034 28.01.2020
// приём по количеству байт: 39 из 39
// принято с порта: 39 байт

01 00 27 00 F7 C2 E5 E4 EE EC FB E9 2C D3 CF C8 CE 20 20 20 20 2E 39 36 30 30 20 20 00 6E 20 20 20 20 20 20 31 3B 4E   // прием: 39 байт; 21:40:49:104 28.01.2020
// таймаут: 70 мсек

Ведомый,УПИО    
.9600   n      1


00 00 07 00 F7 D4 47   // передача: 7 байт; 21:40:49:244 28.01.2020


55 00 00 11 FF F0 00 00 07 00 F7 D4 47 21 B3 8C 7D   // передача: 17 байт; 21:40:49:244 28.01.2020
// приём по количеству байт: 39 из 39
// принято с порта: 39 байт

01 00 27 00 F7 C2 E5 E4 EE EC FB E9 2C D3 CF C8 CE 20 20 20 20 2E 39 36 30 30 20 20 00 6E 20 20 20 20 20 20 31 3B 4E   // прием: 39 байт; 21:40:49:304 28.01.2020
// таймаут: 60 мсек

Ведомый,УПИО    
.9600   n      1


00 00 07 00 F7 D4 47   // передача: 7 байт; 21:40:49:434 28.01.2020


55 00 00 11 FF F0 00 00 07 00 F7 D4 47 21 B3 8C 7D   // передача: 17 байт; 21:40:49:434 28.01.2020
// приём по количеству байт: 39 из 39
// принято с порта: 39 байт

01 00 27 00 F7 C2 E5 E4 EE EC FB E9 2C D3 CF C8 CE 20 20 20 20 2E 39 36 30 30 20 20 00 6E 20 20 20 20 20 20 31 3B 4E   // прием: 39 байт; 21:40:49:504 28.01.2020
// таймаут: 70 мсек

Ведомый,УПИО    
.9600   n      1


00 00 07 00 F7 D4 47   // передача: 7 байт; 21:40:49:664 28.01.2020


55 00 00 11 FF F0 00 00 07 00 F7 D4 47 21 B3 8C 7D   // передача: 17 байт; 21:40:49:664 28.01.2020
// приём по количеству байт: 39 из 39
// принято с порта: 39 байт

01 00 27 00 F7 C2 E5 E4 EE EC FB E9 2C D3 CF C8 CE 20 20 20 20 2E 39 36 30 30 20 20 00 6E 20 20 20 20 20 20 31 3B 4E   // прием: 39 байт; 21:40:49:734 28.01.2020
// таймаут: 70 мсек

Ведомый,УПИО    
.9600   n      1


00 00 07 00 F7 D4 47   // передача: 7 байт; 21:40:49:854 28.01.2020


55 00 00 11 FF F0 00 00 07 00 F7 D4 47 21 B3 8C 7D   // передача: 17 байт; 21:40:49:854 28.01.2020
// приём по количеству байт: 39 из 39
// принято с порта: 39 байт

01 00 27 00 F7 C2 E5 E4 EE EC FB E9 2C D3 CF C8 CE 20 20 20 20 2E 39 36 30 30 20 20 00 6E 20 20 20 20 20 20 31 3B 4E   // прием: 39 байт; 21:40:49:924 28.01.2020
// таймаут: 70 мсек

Ведомый,УПИО    
.9600   n      1


00 00 07 00 F7 D4 47   // передача: 7 байт; 21:40:50:054 28.01.2020


55 00 00 11 FF F0 00 00 07 00 F7 D4 47 21 B3 8C 7D   // передача: 17 байт; 21:40:50:054 28.01.2020
// приём по количеству байт: 39 из 39
// принято с порта: 39 байт

01 00 27 00 F7 C2 E5 E4 EE EC FB E9 2C D3 CF C8 CE 20 20 20 20 2E 39 36 30 30 20 20 00 6E 20 20 20 20 20 20 31 3B 4E   // прием: 39 байт; 21:40:50:124 28.01.2020
// таймаут: 70 мсек

Ведомый,УПИО    
.9600   n      1


00 00 07 00 F7 D4 47   // передача: 7 байт; 21:40:50:264 28.01.2020


55 00 00 11 FF F0 00 00 07 00 F7 D4 47 21 B3 8C 7D   // передача: 17 байт; 21:40:50:264 28.01.2020
// приём по количеству байт: 39 из 39
// принято с порта: 39 байт

01 00 27 00 F7 C2 E5 E4 EE EC FB E9 2C D3 CF C8 CE 20 20 20 20 2E 39 36 30 30 20 20 00 6E 20 20 20 20 20 20 31 3B 4E   // прием: 39 байт; 21:40:50:334 28.01.2020
// таймаут: 70 мсек

Ведомый,УПИО    
.9600   n      1


00 00 07 00 F7 D4 47   // передача: 7 байт; 21:40:50:484 28.01.2020


55 00 00 11 FF F0 00 00 07 00 F7 D4 47 21 B3 8C 7D   // передача: 17 байт; 21:40:50:484 28.01.2020
// приём по количеству байт: 39 из 39
// принято с порта: 39 байт

01 00 27 00 F7 C2 E5 E4 EE EC FB E9 2C D3 CF C8 CE 20 20 20 20 2E 39 36 30 30 20 20 00 6E 20 20 20 20 20 20 31 3B 4E   // прием: 39 байт; 21:40:50:544 28.01.2020
// таймаут: 60 мсек

Ведомый,УПИО    
.9600   n      1


00 00 07 00 F7 D4 47   // передача: 7 байт; 21:40:50:684 28.01.2020


55 00 00 11 FF F0 00 00 07 00 F7 D4 47 21 B3 8C 7D   // передача: 17 байт; 21:40:50:684 28.01.2020
// приём по количеству байт: 39 из 39
// принято с порта: 39 байт

01 00 27 00 F7 C2 E5 E4 EE EC FB E9 2C D3 CF C8 CE 20 20 20 20 2E 39 36 30 30 20 20 00 6E 20 20 20 20 20 20 31 3B 4E   // прием: 39 байт; 21:40:50:744 28.01.2020
// таймаут: 60 мсек

Ведомый,УПИО    
.9600   n      1


00 00 07 00 F7 D4 47   // передача: 7 байт; 21:40:50:884 28.01.2020


55 00 00 11 FF F0 00 00 07 00 F7 D4 47 21 B3 8C 7D   // передача: 17 байт; 21:40:50:884 28.01.2020
// приём по количеству байт: 39 из 39
// принято с порта: 39 байт

01 00 27 00 F7 C2 E5 E4 EE EC FB E9 2C D3 CF C8 CE 20 20 20 20 2E 39 36 30 30 20 20 00 6E 20 20 20 20 20 20 31 3B 4E   // прием: 39 байт; 21:40:50:944 28.01.2020
// таймаут: 60 мсек

Ведомый,УПИО    
.9600   n      1


00 00 07 00 F7 D4 47   // передача: 7 байт; 21:40:51:584 28.01.2020


55 00 00 11 FF F0 00 00 07 00 F7 D4 47 21 B3 8C 7D   // передача: 17 байт; 21:40:51:584 28.01.2020
// приём по количеству байт: 39 из 39
// принято с порта: 39 байт

01 00 27 00 F7 C2 E5 E4 EE EC FB E9 2C D3 CF C8 CE 20 20 20 20 2E 39 36 30 30 20 20 00 6E 20 20 20 20 20 20 31 3B 4E   // прием: 39 байт; 21:40:51:654 28.01.2020
// таймаут: 70 мсек

Ведомый,УПИО    
.9600   n      1


00 00 07 00 F7 D4 47   // передача: 7 байт; 21:40:51:805 28.01.2020


55 00 00 11 FF F0 00 00 07 00 F7 D4 47 21 B3 8C 7D   // передача: 17 байт; 21:40:51:805 28.01.2020
// приём по количеству байт: 39 из 39
// принято с порта: 39 байт

01 00 27 00 F7 C2 E5 E4 EE EC FB E9 2C D3 CF C8 CE 20 20 20 20 2E 39 36 30 30 20 20 00 6E 20 20 20 20 20 20 31 3B 4E   // прием: 39 байт; 21:40:51:875 28.01.2020
// таймаут: 70 мсек

Ведомый,УПИО    
.9600   n      1


00 00 07 00 F7 D4 47   // передача: 7 байт; 21:40:52:034 28.01.2020


55 00 00 11 FF F0 00 00 07 00 F7 D4 47 21 B3 8C 7D   // передача: 17 байт; 21:40:52:034 28.01.2020
// приём по количеству байт: 39 из 39
// принято с порта: 39 байт

01 00 27 00 F7 C2 E5 E4 EE EC FB E9 2C D3 CF C8 CE 20 20 20 20 2E 39 36 30 30 20 20 00 6E 20 20 20 20 20 20 31 3B 4E   // прием: 39 байт; 21:40:52:104 28.01.2020
// таймаут: 70 мсек

Ведомый,УПИО    
.9600   n      1


00 00 07 00 F7 D4 47   // передача: 7 байт; 21:40:52:244 28.01.2020


55 00 00 11 FF F0 00 00 07 00 F7 D4 47 21 B3 8C 7D   // передача: 17 байт; 21:40:52:244 28.01.2020
// приём по количеству байт: 39 из 39
// принято с порта: 39 байт

01 00 27 00 F7 C2 E5 E4 EE EC FB E9 2C D3 CF C8 CE 20 20 20 20 2E 39 36 30 30 20 20 00 6E 20 20 20 20 20 20 31 3B 4E   // прием: 39 байт; 21:40:52:314 28.01.2020
// таймаут: 70 мсек

Ведомый,УПИО    
.9600   n      1


00 00 08 00 F6 0A C5 DC   // передача: 8 байт; 21:40:53:280 28.01.2020


55 00 00 12 FF F0 00 00 08 00 F6 0A C5 DC 21 B3 05 B9   // передача: 18 байт; 21:40:53:280 28.01.2020
// приём по таймауту: 1000 мс
// принято с порта: 1 байт

01   // прием: 1 байт; 21:40:54:320 28.01.2020
// таймаут: 1040 мсек


CA E0 EB FE EC ED FB 20 

00 00 07 00 F7 D4 47   // передача: 7 байт; 21:40:59:517 28.01.2020
// приём по количеству байт: 39 из 39
// принято с порта: 39 байт

01 00 27 00 F7 C2 E5 E4 EE EC FB E9 2C 45 73 63 2B 43 52 43 20 2E 39 36 30 30 20 20 00 6E 20 20 20 20 20 20 31 C3 E4   // прием: 39 байт; 21:40:59:577 28.01.2020
// таймаут: 60 мсек

Ведомый,Esc+CRC 
.9600   n      1

CA E0 EB FE EC ED FB 20 

00 00 07 00 F7 D4 47   // передача: 7 байт; 21:40:59:717 28.01.2020
// приём по количеству байт: 39 из 39
// принято с порта: 39 байт

01 00 27 00 F7 C2 E5 E4 EE EC FB E9 2C 45 73 63 2B 43 52 43 20 2E 39 36 30 30 20 20 00 6E 20 20 20 20 20 20 31 C3 E4   // прием: 39 байт; 21:40:59:777 28.01.2020
// таймаут: 60 мсек

Ведомый,Esc+CRC 
.9600   n      1

CA E0 EB FE EC ED FB 20 

00 00 07 00 F7 D4 47   // передача: 7 байт; 21:40:59:897 28.01.2020
// приём по количеству байт: 39 из 39
// принято с порта: 39 байт

01 00 27 00 F7 C2 E5 E4 EE EC FB E9 2C 45 73 63 2B 43 52 43 20 2E 39 36 30 30 20 20 00 6E 20 20 20 20 20 20 31 C3 E4   // прием: 39 байт; 21:40:59:957 28.01.2020
// таймаут: 60 мсек

Ведомый,Esc+CRC 
.9600   n      1

CA E0 EB FE EC ED FB 20 

00 00 07 00 F7 D4 47   // передача: 7 байт; 21:41:00:087 28.01.2020
// приём по количеству байт: 39 из 39
// принято с порта: 39 байт

01 00 27 00 F7 C2 E5 E4 EE EC FB E9 2C 45 73 63 2B 43 52 43 20 2E 39 36 30 30 20 20 00 6E 20 20 20 20 20 20 31 C3 E4   // прием: 39 байт; 21:41:00:157 28.01.2020
// таймаут: 70 мсек

Ведомый,Esc+CRC 
.9600   n      1

CA E0 EB FE EC ED FB 20 

00 00 07 00 F7 D4 47   // передача: 7 байт; 21:41:00:277 28.01.2020
// приём по количеству байт: 39 из 39
// принято с порта: 39 байт

01 00 27 00 F7 C2 E5 E4 EE EC FB E9 2C 45 73 63 2B 43 52 43 20 2E 39 36 30 30 20 20 00 6E 20 20 20 20 20 20 31 C3 E4   // прием: 39 байт; 21:41:00:347 28.01.2020
// таймаут: 70 мсек

Ведомый,Esc+CRC 
.9600   n      1

CA E0 EB FE EC ED FB 20 

00 00 07 00 F7 D4 47   // передача: 7 байт; 21:41:00:493 28.01.2020
// приём по количеству байт: 39 из 39
// принято с порта: 39 байт

01 00 27 00 F7 C2 E5 E4 EE EC FB E9 2C 45 73 63 2B 43 52 43 20 2E 39 36 30 30 20 20 00 6E 20 20 20 20 20 20 31 C3 E4   // прием: 39 байт; 21:41:00:557 28.01.2020
// таймаут: 64 мсек

Ведомый,Esc+CRC 
.9600   n      1

CA E0 EB FE EC ED FB 20 

00 00 07 00 F7 D4 47   // передача: 7 байт; 21:41:00:717 28.01.2020
// приём по количеству байт: 39 из 39
// принято с порта: 39 байт

01 00 27 00 F7 C2 E5 E4 EE EC FB E9 2C 45 73 63 2B 43 52 43 20 2E 39 36 30 30 20 20 00 6E 20 20 20 20 20 20 31 C3 E4   // прием: 39 байт; 21:41:00:777 28.01.2020
// таймаут: 60 мсек

Ведомый,Esc+CRC 
.9600   n      1

CA E0 EB FE EC ED FB 20 

00 00 07 00 F7 D4 47   // передача: 7 байт; 21:41:00:937 28.01.2020
// приём по количеству байт: 39 из 39
// принято с порта: 39 байт

01 00 27 00 F7 C2 E5 E4 EE EC FB E9 2C 45 73 63 2B 43 52 43 20 2E 39 36 30 30 20 20 00 6E 20 20 20 20 20 20 31 C3 E4   // прием: 39 байт; 21:41:01:006 28.01.2020
// таймаут: 69 мсек

Ведомый,Esc+CRC 
.9600   n      1

CA E0 EB FE EC ED FB 20 

00 00 07 00 F7 D4 47   // передача: 7 байт; 21:41:01:127 28.01.2020
// приём по количеству байт: 39 из 39
// принято с порта: 39 байт

01 00 27 00 F7 C2 E5 E4 EE EC FB E9 2C 45 73 63 2B 43 52 43 20 2E 39 36 30 30 20 20 00 6E 20 20 20 20 20 20 31 C3 E4   // прием: 39 байт; 21:41:01:197 28.01.2020
// таймаут: 70 мсек

Ведомый,Esc+CRC 
.9600   n      1

CA E0 EB FE EC ED FB 20 

00 00 07 00 F7 D4 47   // передача: 7 байт; 21:41:01:337 28.01.2020
// приём по количеству байт: 39 из 39
// принято с порта: 39 байт

01 00 27 00 F7 C2 E5 E4 EE EC FB E9 2C 45 73 63 2B 43 52 43 20 2E 39 36 30 30 20 20 00 6E 20 20 20 20 20 20 31 C3 E4   // прием: 39 байт; 21:41:01:397 28.01.2020
// таймаут: 60 мсек

Ведомый,Esc+CRC 
.9600   n      1

CA E0 EB FE EC ED FB 20 

00 00 07 00 F7 D4 47   // передача: 7 байт; 21:41:01:537 28.01.2020
// приём по количеству байт: 39 из 39
// принято с порта: 39 байт

01 00 27 00 F7 C2 E5 E4 EE EC FB E9 2C 45 73 63 2B 43 52 43 20 2E 39 36 30 30 20 20 00 6E 20 20 20 20 20 20 31 C3 E4   // прием: 39 байт; 21:41:01:597 28.01.2020
// таймаут: 60 мсек

Ведомый,Esc+CRC 
.9600   n      1

CA E0 EB FE EC ED FB 20 

00 00 07 00 F7 D4 47   // передача: 7 байт; 21:41:01:717 28.01.2020
// приём по количеству байт: 39 из 39
// принято с порта: 39 байт

01 00 27 00 F7 C2 E5 E4 EE EC FB E9 2C 45 73 63 2B 43 52 43 20 2E 39 36 30 30 20 20 00 6E 20 20 20 20 20 20 31 C3 E4   // прием: 39 байт; 21:41:01:787 28.01.2020
// таймаут: 70 мсек

Ведомый,Esc+CRC 
.9600   n      1



1B EE   // передача: 2 байт; 21:41:04:067 28.01.2020
// приём по количеству байт: 39 из 39
// принято с порта: 39 байт

0D 0A C2 E5 E4 EE EC FB E9 2C 45 73 63 2B 43 52 43 20 0D 0A 2E 39 36 30 30 20 20 00 6E 20 20 20 20 20 20 31 0D 0A 94   // прием: 39 байт; 21:41:04:127 28.01.2020
// таймаут: 60 мсек

Ведомый,Esc+CRC 
.9600   n      1



1B EE   // передача: 2 байт; 21:41:04:287 28.01.2020
// приём по количеству байт: 39 из 39
// принято с порта: 39 байт

0D 0A C2 E5 E4 EE EC FB E9 2C 45 73 63 2B 43 52 43 20 0D 0A 2E 39 36 30 30 20 20 00 6E 20 20 20 20 20 20 31 0D 0A 94   // прием: 39 байт; 21:41:04:337 28.01.2020
// таймаут: 50 мсек

Ведомый,Esc+CRC 
.9600   n      1



1B EE   // передача: 2 байт; 21:41:04:500 28.01.2020
// приём по количеству байт: 39 из 39
// принято с порта: 39 байт

0D 0A C2 E5 E4 EE EC FB E9 2C 45 73 63 2B 43 52 43 20 0D 0A 2E 39 36 30 30 20 20 00 6E 20 20 20 20 20 20 31 0D 0A 94   // прием: 39 байт; 21:41:04:547 28.01.2020
// таймаут: 47 мсек

Ведомый,Esc+CRC 
.9600   n      1



1B EE   // передача: 2 байт; 21:41:04:797 28.01.2020
// приём по количеству байт: 39 из 39
// принято с порта: 39 байт

0D 0A C2 E5 E4 EE EC FB E9 2C 45 73 63 2B 43 52 43 20 0D 0A 2E 39 36 30 30 20 20 00 6E 20 20 20 20 20 20 31 0D 0A 94   // прием: 39 байт; 21:41:04:847 28.01.2020
// таймаут: 50 мсек

Ведомый,Esc+CRC 
.9600   n      1



1B EE   // передача: 2 байт; 21:41:09:382 28.01.2020
// приём по количеству байт: 39 из 39
// принято с порта: 39 байт

0D 0A C2 E5 E4 EE EC FB E9 2C 45 73 63 2B 43 52 43 20 0D 0A 2E 39 36 30 30 20 20 00 6E 20 20 20 20 20 20 31 0D 0A 94   // прием: 39 байт; 21:41:09:426 28.01.2020
// таймаут: 44 мсек

Ведомый,Esc+CRC 
.9600   n      1



1B EE   // передача: 2 байт; 21:41:09:584 28.01.2020
// приём по количеству байт: 39 из 39
// принято с порта: 39 байт

0D 0A C2 E5 E4 EE EC FB E9 2C 45 73 63 2B 43 52 43 20 0D 0A 2E 39 36 30 30 20 20 00 6E 20 20 20 20 20 20 31 0D 0A 94   // прием: 39 байт; 21:41:09:631 28.01.2020
// таймаут: 47 мсек

Ведомый,Esc+CRC 
.9600   n      1



1B EE   // передача: 2 байт; 21:41:09:764 28.01.2020
// приём по количеству байт: 39 из 39
// принято с порта: 39 байт

0D 0A C2 E5 E4 EE EC FB E9 2C 45 73 63 2B 43 52 43 20 0D 0A 2E 39 36 30 30 20 20 00 6E 20 20 20 20 20 20 31 0D 0A 94   // прием: 39 байт; 21:41:09:809 28.01.2020
// таймаут: 45 мсек

Ведомый,Esc+CRC 
.9600   n      1



1B EE   // передача: 2 байт; 21:41:09:969 28.01.2020
// приём по количеству байт: 39 из 39
// принято с порта: 39 байт

0D 0A C2 E5 E4 EE EC FB E9 2C 45 73 63 2B 43 52 43 20 0D 0A 2E 39 36 30 30 20 20 00 6E 20 20 20 20 20 20 31 0D 0A 94   // прием: 39 байт; 21:41:10:019 28.01.2020
// таймаут: 50 мсек

Ведомый,Esc+CRC 
.9600   n      1



1B EE   // передача: 2 байт; 21:41:10:164 28.01.2020
// приём по количеству байт: 39 из 39
// принято с порта: 39 байт

0D 0A C2 E5 E4 EE EC FB E9 2C 45 73 63 2B 43 52 43 20 0D 0A 2E 39 36 30 30 20 20 00 6E 20 20 20 20 20 20 31 0D 0A 94   // прием: 39 байт; 21:41:10:210 28.01.2020
// таймаут: 46 мсек

Ведомый,Esc+CRC 
.9600   n      1



1B EE   // передача: 2 байт; 21:41:10:367 28.01.2020
// приём по количеству байт: 39 из 39
// принято с порта: 39 байт

0D 0A C2 E5 E4 EE EC FB E9 2C 45 73 63 2B 43 52 43 20 0D 0A 2E 39 36 30 30 20 20 00 6E 20 20 20 20 20 20 31 0D 0A 94   // прием: 39 байт; 21:41:10:403 28.01.2020
// таймаут: 36 мсек

Ведомый,Esc+CRC 
.9600   n      1



1B EE   // передача: 2 байт; 21:41:10:558 28.01.2020
// приём по количеству байт: 39 из 39
// принято с порта: 39 байт

0D 0A C2 E5 E4 EE EC FB E9 2C 45 73 63 2B 43 52 43 20 0D 0A 2E 39 36 30 30 20 20 00 6E 20 20 20 20 20 20 31 0D 0A 94   // прием: 39 байт; 21:41:10:603 28.01.2020
// таймаут: 45 мсек

Ведомый,Esc+CRC 
.9600   n      1



1B EE   // передача: 2 байт; 21:41:10:742 28.01.2020
// приём по количеству байт: 39 из 39
// принято с порта: 39 байт

0D 0A C2 E5 E4 EE EC FB E9 2C 45 73 63 2B 43 52 43 20 0D 0A 2E 39 36 30 30 20 20 00 6E 20 20 20 20 20 20 31 0D 0A 94   // прием: 39 байт; 21:41:10:791 28.01.2020
// таймаут: 49 мсек

Ведомый,Esc+CRC 
.9600   n      1



1B EE   // передача: 2 байт; 21:41:10:948 28.01.2020
// приём по количеству байт: 39 из 39
// принято с порта: 39 байт

0D 0A C2 E5 E4 EE EC FB E9 2C 45 73 63 2B 43 52 43 20 0D 0A 2E 39 36 30 30 20 20 00 6E 20 20 20 20 20 20 31 0D 0A 94   // прием: 39 байт; 21:41:10:992 28.01.2020
// таймаут: 44 мсек

Ведомый,Esc+CRC 
.9600   n      1



1B EE   // передача: 2 байт; 21:41:11:152 28.01.2020
// приём по количеству байт: 39 из 39
// принято с порта: 39 байт

0D 0A C2 E5 E4 EE EC FB E9 2C 45 73 63 2B 43 52 43 20 0D 0A 2E 39 36 30 30 20 20 00 6E 20 20 20 20 20 20 31 0D 0A 94   // прием: 39 байт; 21:41:11:196 28.01.2020
// таймаут: 44 мсек

Ведомый,Esc+CRC 
.9600   n      1



1B EE   // передача: 2 байт; 21:41:11:342 28.01.2020
// приём по количеству байт: 39 из 39
// принято с порта: 39 байт

0D 0A C2 E5 E4 EE EC FB E9 2C 45 73 63 2B 43 52 43 20 0D 0A 2E 39 36 30 30 20 20 00 6E 20 20 20 20 20 20 31 0D 0A 94   // прием: 39 байт; 21:41:11:396 28.01.2020
// таймаут: 54 мсек

Ведомый,Esc+CRC 
.9600   n      1



1B EE   // передача: 2 байт; 21:41:11:535 28.01.2020
// приём по количеству байт: 39 из 39
// принято с порта: 39 байт

0D 0A C2 E5 E4 EE EC FB E9 2C 45 73 63 2B 43 52 43 20 0D 0A 2E 39 36 30 30 20 20 00 6E 20 20 20 20 20 20 31 0D 0A 94   // прием: 39 байт; 21:41:11:578 28.01.2020
// таймаут: 43 мсек

Ведомый,Esc+CRC 
.9600   n      1

// О программе
