
CA E0 EB FE EC ED FB 20 

00 00 07 00 F7 D4 47   // передача: 7 байт; 21:48:46:528 28.01.2020
// приём по количеству байт: 39 из 39
// принято с порта: 39 байт

01 00 27 00 F7 C2 E5 E4 EE EC FB E9 2C 45 73 63 2B 43 52 43 20 2E 39 36 30 30 20 20 00 6E 20 20 20 20 20 20 31 C3 E4   // прием: 39 байт; 21:48:46:594 28.01.2020
// таймаут: 66 мсек

Ведомый,Esc+CRC 
.9600   n      1

CA E0 EB FE EC ED FB 20 

00 00 07 00 F7 D4 47   // передача: 7 байт; 21:48:47:587 28.01.2020
// приём по количеству байт: 39 из 39
// принято с порта: 39 байт

01 00 27 00 F7 C2 E5 E4 EE EC FB E9 2C 45 73 63 2B 43 52 43 20 2E 39 36 30 30 20 20 00 6E 20 20 20 20 20 20 31 C3 E4   // прием: 39 байт; 21:48:47:650 28.01.2020
// таймаут: 63 мсек

Ведомый,Esc+CRC 
.9600   n      1

CA E0 EB FE EC ED FB 20 

00 00 07 00 F7 D4 47   // передача: 7 байт; 21:48:48:219 28.01.2020
// приём по количеству байт: 39 из 39
// принято с порта: 39 байт

01 00 27 00 F7 C2 E5 E4 EE EC FB E9 2C 45 73 63 2B 43 52 43 20 2E 39 36 30 30 20 20 00 6E 20 20 20 20 20 20 31 C3 E4   // прием: 39 байт; 21:48:48:282 28.01.2020
// таймаут: 63 мсек

Ведомый,Esc+CRC 
.9600   n      1

CA E0 EB FE EC ED FB 20 

00 00 07 00 F7 D4 47   // передача: 7 байт; 21:48:49:199 28.01.2020
// приём по количеству байт: 39 из 39
// принято с порта: 39 байт

01 00 27 00 F7 C2 E5 E4 EE EC FB E9 2C 45 73 63 2B 43 52 43 20 2E 39 36 30 30 20 20 00 6E 20 20 20 20 20 20 31 C3 E4   // прием: 39 байт; 21:48:49:264 28.01.2020
// таймаут: 65 мсек

Ведомый,Esc+CRC 
.9600   n      1



1B EE   // передача: 2 байт; 21:48:52:046 28.01.2020
// приём по количеству байт: 39 из 39
// принято с порта: 39 байт

0D 0A C2 E5 E4 EE EC FB E9 2C 45 73 63 2B 43 52 43 20 0D 0A 2E 39 36 30 30 20 20 00 6E 20 20 20 20 20 20 31 0D 0A 94   // прием: 39 байт; 21:48:52:098 28.01.2020
// таймаут: 52 мсек

Ведомый,Esc+CRC 
.9600   n      1



1B EE   // передача: 2 байт; 21:48:52:783 28.01.2020
// приём по количеству байт: 39 из 39
// принято с порта: 39 байт

0D 0A C2 E5 E4 EE EC FB E9 2C 45 73 63 2B 43 52 43 20 0D 0A 2E 39 36 30 30 20 20 00 6E 20 20 20 20 20 20 31 0D 0A 94   // прием: 39 байт; 21:48:52:834 28.01.2020
// таймаут: 51 мсек

Ведомый,Esc+CRC 
.9600   n      1



1B EE   // передача: 2 байт; 21:48:53:415 28.01.2020
// приём по количеству байт: 39 из 39
// принято с порта: 39 байт

0D 0A C2 E5 E4 EE EC FB E9 2C 45 73 63 2B 43 52 43 20 0D 0A 2E 39 36 30 30 20 20 00 6E 20 20 20 20 20 20 31 0D 0A 94   // прием: 39 байт; 21:48:53:466 28.01.2020
// таймаут: 51 мсек

Ведомый,Esc+CRC 
.9600   n      1



1B EE   // передача: 2 байт; 21:48:54:031 28.01.2020
// приём по количеству байт: 39 из 39
// принято с порта: 39 байт

0D 0A C2 E5 E4 EE EC FB E9 2C 45 73 63 2B 43 52 43 20 0D 0A 2E 39 36 30 30 20 20 00 6E 20 20 20 20 20 20 31 0D 0A 94   // прием: 39 байт; 21:48:54:082 28.01.2020
// таймаут: 51 мсек

Ведомый,Esc+CRC 
.9600   n      1



1B EE   // передача: 2 байт; 21:48:54:758 28.01.2020
// приём по количеству байт: 39 из 39
// принято с порта: 39 байт

0D 0A C2 E5 E4 EE EC FB E9 2C 45 73 63 2B 43 52 43 20 0D 0A 2E 39 36 30 30 20 20 00 6E 20 20 20 20 20 20 31 0D 0A 94   // прием: 39 байт; 21:48:54:810 28.01.2020
// таймаут: 52 мсек

Ведомый,Esc+CRC 
.9600   n      1

// О программе
