
CA E0 EB FE EC ED FB 20 

00 00 07 00 F7 D4 47   // передача: 7 байт; 20:59:32:228 06.03.2018
// приём по количеству байт: 39 из 39
// принято с порта: 39 байт

01 00 27 00 F7 CD E0 F1 F2 F0 EE E9 EA E0 20 20 20 20 20 20 20 20 20 20 20 20 20 20 20 20 20 20 20 20 20 20 20 5D 58   // прием: 39 байт; 20:59:32:298 06.03.2018
// таймаут: 70 мсек

Настройка       
                

CA E0 EB FE EC ED FB 20 

00 00 08 00 F6 0C 45 DE   // передача: 8 байт; 20:59:33:288 06.03.2018
// приём по количеству байт: 9 из 9
// принято с порта: 9 байт

01 00 09 00 F6 00 00 37 F3   // прием: 9 байт; 20:59:33:318 06.03.2018
// таймаут: 30 мсек


CA E0 EB FE EC ED FB 20 

00 00 07 00 F7 D4 47   // передача: 7 байт; 20:59:33:318 06.03.2018
// приём по количеству байт: 39 из 39
// принято с порта: 39 байт

01 00 27 00 F7 CF F0 EE E3 F0 E0 EC EC E0 20 3F 20 20 20 20 20 2D 5F 5F 5F 20 20 20 20 20 20 20 20 20 20 20 20 16 D2   // прием: 39 байт; 20:59:33:388 06.03.2018
// таймаут: 70 мсек

Программа ?     
-___            

CA E0 EB FE EC ED FB 20 

00 00 08 00 F6 08 44 1D   // передача: 8 байт; 20:59:34:209 06.03.2018
// приём по количеству байт: 9 из 9
// принято с порта: 9 байт

01 00 09 00 F6 00 00 37 F3   // прием: 9 байт; 20:59:34:249 06.03.2018
// таймаут: 40 мсек


CA E0 EB FE EC ED FB 20 

00 00 07 00 F7 D4 47   // передача: 7 байт; 20:59:34:249 06.03.2018
// приём по количеству байт: 39 из 39
// принято с порта: 39 байт

01 00 27 00 F7 CF F0 EE E3 F0 E0 EC EC E0 20 3F 20 20 20 20 20 2D 5F 5F 38 20 20 20 20 20 20 20 20 20 20 20 20 9C 35   // прием: 39 байт; 20:59:34:309 06.03.2018
// таймаут: 60 мсек

Программа ?     
-__8            

CA E0 EB FE EC ED FB 20 

00 00 08 00 F6 01 84 1B   // передача: 8 байт; 20:59:34:839 06.03.2018
// приём по количеству байт: 9 из 9
// принято с порта: 9 байт

01 00 09 00 F6 00 00 37 F3   // прием: 9 байт; 20:59:34:869 06.03.2018
// таймаут: 30 мсек


CA E0 EB FE EC ED FB 20 

00 00 07 00 F7 D4 47   // передача: 7 байт; 20:59:34:869 06.03.2018
// приём по количеству байт: 39 из 39
// принято с порта: 39 байт

01 00 27 00 F7 CF F0 EE E3 F0 E0 EC EC E0 20 3F 20 20 20 20 20 2D 5F 38 31 20 20 20 20 20 20 20 20 20 20 20 20 E7 5B   // прием: 39 байт; 20:59:34:939 06.03.2018
// таймаут: 70 мсек

Программа ?     
-_81            

CA E0 EB FE EC ED FB 20 

00 00 08 00 F6 0D 84 1E   // передача: 8 байт; 20:59:35:639 06.03.2018
// приём по количеству байт: 9 из 9
// принято с порта: 9 байт

01 00 09 00 F6 00 00 37 F3   // прием: 9 байт; 20:59:35:669 06.03.2018
// таймаут: 30 мсек


CA E0 EB FE EC ED FB 20 

00 00 07 00 F7 D4 47   // передача: 7 байт; 20:59:35:669 06.03.2018
// приём по количеству байт: 39 из 39
// принято с порта: 39 байт

01 00 27 00 F7 CF EE EB ED FB E9 20 F1 E1 F0 EE F1 20 20 20 20 2E ED E5 F2 00 20 20 20 20 20 20 20 20 20 20 20 86 62   // прием: 39 байт; 20:59:35:739 06.03.2018
// таймаут: 70 мсек

Полный сброс    
.нет            

CA E0 EB FE EC ED FB 20 

00 00 08 00 F6 0B 04 1C   // передача: 8 байт; 20:59:36:079 06.03.2018
// приём по количеству байт: 9 из 9
// принято с порта: 9 байт

01 00 09 00 F6 00 00 37 F3   // прием: 9 байт; 20:59:36:109 06.03.2018
// таймаут: 30 мсек


CA E0 EB FE EC ED FB 20 

00 00 07 00 F7 D4 47   // передача: 7 байт; 20:59:36:109 06.03.2018
// приём по количеству байт: 39 из 39
// принято с порта: 39 байт

01 00 27 00 F7 CF EE EB ED FB E9 20 F1 E1 F0 EE F1 20 20 20 20 2E E4 E0 20 00 20 20 20 20 20 20 20 20 20 20 20 72 B2   // прием: 39 байт; 20:59:36:179 06.03.2018
// таймаут: 70 мсек

Полный сброс    
.да             

CA E0 EB FE EC ED FB 20 

00 00 08 00 F6 0D 84 1E   // передача: 8 байт; 20:59:36:579 06.03.2018
// приём по количеству байт: 9 из 9
// принято с порта: 9 байт

01 00 09 00 F6 00 00 37 F3   // прием: 9 байт; 20:59:36:619 06.03.2018
// таймаут: 40 мсек


CA E0 EB FE EC ED FB 20 

00 00 07 00 F7 D4 47   // передача: 7 байт; 20:59:36:619 06.03.2018
// приём по количеству байт: 39 из 39
// принято с порта: 39 байт

01 00 27 00 F7 D2 E5 F1 F2 20 EF E0 EC FF F2 E8 3A 20 31 20 20 20 20 20 20 20 20 20 30 25 00 20 20 20 20 20 20 C2 1C   // прием: 39 байт; 20:59:36:689 06.03.2018
// таймаут: 70 мсек

Тест памяти: 1  
       0%       

CA E0 EB FE EC ED FB 20 

00 00 07 00 F7 D4 47   // передача: 7 байт; 21:00:45:930 06.03.2018
// приём по количеству байт: 39 из 39
// принято с порта: 39 байт

01 00 27 00 F7 D2 E5 F1 F2 20 EF E0 EC FF F2 E8 3A 20 32 20 20 20 20 20 20 20 20 39 30 25 00 20 20 20 20 20 20 57 E2   // прием: 39 байт; 21:00:46:000 06.03.2018
// таймаут: 70 мсек

Тест памяти: 2  
      90%       

CA E0 EB FE EC ED FB 20 

00 00 07 00 F7 D4 47   // передача: 7 байт; 21:00:46:630 06.03.2018
// приём по количеству байт: 39 из 39
// принято с порта: 39 байт

01 00 27 00 F7 D2 E5 F1 F2 20 EF E0 EC FF F2 E8 3A 20 32 20 20 20 20 20 20 20 20 39 31 25 00 20 20 20 20 20 20 5A 72   // прием: 39 байт; 21:00:46:700 06.03.2018
// таймаут: 70 мсек

Тест памяти: 2  
      91%       

CA E0 EB FE EC ED FB 20 

00 00 07 00 F7 D4 47   // передача: 7 байт; 21:00:47:490 06.03.2018
// приём по количеству байт: 39 из 39
// принято с порта: 39 байт

01 00 27 00 F7 D2 E5 F1 F2 20 EF E0 EC FF F2 E8 3A 20 32 20 20 20 20 20 20 20 20 39 32 25 00 20 20 20 20 20 20 4E 82   // прием: 39 байт; 21:00:47:560 06.03.2018
// таймаут: 70 мсек

Тест памяти: 2  
      92%       

CA E0 EB FE EC ED FB 20 

00 00 07 00 F7 D4 47   // передача: 7 байт; 21:00:50:147 06.03.2018
// приём по количеству байт: 39 из 39
// принято с порта: 39 байт

01 00 27 00 F7 D2 E5 F1 F2 20 EF E0 EC FF F2 E8 3A 20 32 20 20 20 20 20 20 20 20 39 36 25 00 20 20 20 20 20 20 7C 42   // прием: 39 байт; 21:00:50:227 06.03.2018
// таймаут: 80 мсек

Тест памяти: 2  
      96%       

CA E0 EB FE EC ED FB 20 

00 00 07 00 F7 D4 47   // передача: 7 байт; 21:01:55:962 06.03.2018
// приём по количеству байт: 39 из 39
// принято с порта: 39 байт

01 00 27 00 F7 CD E0 F1 F2 F0 EE E9 EA E0 20 20 20 20 20 20 20 20 20 20 20 20 20 20 20 20 20 20 20 20 20 20 20 5D 58   // прием: 39 байт; 21:01:56:022 06.03.2018
// таймаут: 60 мсек

Настройка       
                

CA E0 EB FE EC ED FB 20 

00 00 08 00 F6 0C 45 DE   // передача: 8 байт; 21:01:57:230 06.03.2018
// приём по количеству байт: 9 из 9
// принято с порта: 9 байт

01 00 09 00 F6 00 00 37 F3   // прием: 9 байт; 21:01:57:270 06.03.2018
// таймаут: 40 мсек


CA E0 EB FE EC ED FB 20 

00 00 07 00 F7 D4 47   // передача: 7 байт; 21:01:57:270 06.03.2018
// приём по количеству байт: 39 из 39
// принято с порта: 39 байт

01 00 27 00 F7 CF F0 EE E3 F0 E0 EC EC E0 20 3F 20 20 20 20 20 2D 5F 5F 5F 20 20 20 20 20 20 20 20 20 20 20 20 16 D2   // прием: 39 байт; 21:01:57:330 06.03.2018
// таймаут: 60 мсек

Программа ?     
-___            

CA E0 EB FE EC ED FB 20 

00 00 08 00 F6 08 44 1D   // передача: 8 байт; 21:01:57:900 06.03.2018
// приём по количеству байт: 9 из 9
// принято с порта: 9 байт

01 00 09 00 F6 00 00 37 F3   // прием: 9 байт; 21:01:57:930 06.03.2018
// таймаут: 30 мсек


CA E0 EB FE EC ED FB 20 

00 00 07 00 F7 D4 47   // передача: 7 байт; 21:01:57:930 06.03.2018
// приём по количеству байт: 39 из 39
// принято с порта: 39 байт

01 00 27 00 F7 CF F0 EE E3 F0 E0 EC EC E0 20 3F 20 20 20 20 20 2D 5F 5F 38 20 20 20 20 20 20 20 20 20 20 20 20 9C 35   // прием: 39 байт; 21:01:58:000 06.03.2018
// таймаут: 70 мсек

Программа ?     
-__8            

CA E0 EB FE EC ED FB 20 

00 00 08 00 F6 03 05 DA   // передача: 8 байт; 21:01:58:450 06.03.2018
// приём по количеству байт: 9 из 9
// принято с порта: 9 байт

01 00 09 00 F6 00 00 37 F3   // прием: 9 байт; 21:01:58:480 06.03.2018
// таймаут: 30 мсек


CA E0 EB FE EC ED FB 20 

00 00 07 00 F7 D4 47   // передача: 7 байт; 21:01:58:490 06.03.2018
// приём по количеству байт: 39 из 39
// принято с порта: 39 байт

01 00 27 00 F7 CF F0 EE E3 F0 E0 EC EC E0 20 3F 20 20 20 20 20 2D 5F 38 33 20 20 20 20 20 20 20 20 20 20 20 20 E0 19   // прием: 39 байт; 21:01:58:550 06.03.2018
// таймаут: 60 мсек

Программа ?     
-_83            

CA E0 EB FE EC ED FB 20 

00 00 08 00 F6 0D 84 1E   // передача: 8 байт; 21:01:59:110 06.03.2018
// приём по количеству байт: 9 из 9
// принято с порта: 9 байт

01 00 09 00 F6 00 00 37 F3   // прием: 9 байт; 21:01:59:150 06.03.2018
// таймаут: 40 мсек


CA E0 EB FE EC ED FB 20 

00 00 07 00 F7 D4 47   // передача: 7 байт; 21:01:59:150 06.03.2018
// приём по количеству байт: 39 из 39
// принято с порта: 39 байт

01 00 27 00 F7 CE F2 EB E0 E4 EA E0 20 20 20 20 20 20 20 20 20 20 20 20 20 20 20 20 CE CA 20 20 20 20 20 20 20 A3 3D   // прием: 39 байт; 21:01:59:250 06.03.2018
// таймаут: 100 мсек

Отладка         
       ОК       

CA E0 EB FE EC ED FB 20 

00 00 08 00 F6 0C 45 DE   // передача: 8 байт; 21:01:59:710 06.03.2018
// приём по количеству байт: 9 из 9
// принято с порта: 9 байт

01 00 09 00 F6 00 00 37 F3   // прием: 9 байт; 21:01:59:740 06.03.2018
// таймаут: 30 мсек


CA E0 EB FE EC ED FB 20 

00 00 07 00 F7 D4 47   // передача: 7 байт; 21:01:59:740 06.03.2018
// приём по количеству байт: 39 из 39
// принято с порта: 39 байт

01 00 27 00 F7 CF F0 EE E3 F0 E0 EC EC E0 20 3F 20 20 20 20 20 2D 5F 5F 5F 20 20 20 20 20 20 20 20 20 20 20 20 16 D2   // прием: 39 байт; 21:01:59:810 06.03.2018
// таймаут: 70 мсек

Программа ?     
-___            

CA E0 EB FE EC ED FB 20 

00 00 08 00 F6 01 84 1B   // передача: 8 байт; 21:02:00:290 06.03.2018
// приём по количеству байт: 9 из 9
// принято с порта: 9 байт

01 00 09 00 F6 00 00 37 F3   // прием: 9 байт; 21:02:00:320 06.03.2018
// таймаут: 30 мсек


CA E0 EB FE EC ED FB 20 

00 00 07 00 F7 D4 47   // передача: 7 байт; 21:02:00:320 06.03.2018
// приём по количеству байт: 39 из 39
// принято с порта: 39 байт

01 00 27 00 F7 CF F0 EE E3 F0 E0 EC EC E0 20 3F 20 20 20 20 20 2D 5F 5F 31 20 20 20 20 20 20 20 20 20 20 20 20 81 FC   // прием: 39 байт; 21:02:00:390 06.03.2018
// таймаут: 70 мсек

Программа ?     
-__1            

CA E0 EB FE EC ED FB 20 

00 00 08 00 F6 05 85 D8   // передача: 8 байт; 21:02:00:710 06.03.2018
// приём по количеству байт: 9 из 9
// принято с порта: 9 байт

01 00 09 00 F6 00 00 37 F3   // прием: 9 байт; 21:02:00:750 06.03.2018
// таймаут: 40 мсек


CA E0 EB FE EC ED FB 20 

00 00 07 00 F7 D4 47   // передача: 7 байт; 21:02:00:750 06.03.2018
// приём по количеству байт: 39 из 39
// принято с порта: 39 байт

01 00 27 00 F7 CF F0 EE E3 F0 E0 EC EC E0 20 3F 20 20 20 20 20 2D 5F 31 35 20 20 20 20 20 20 20 20 20 20 20 20 E0 D6   // прием: 39 байт; 21:02:00:810 06.03.2018
// таймаут: 60 мсек

Программа ?     
-_15            

CA E0 EB FE EC ED FB 20 

00 00 08 00 F6 0D 84 1E   // передача: 8 байт; 21:02:01:380 06.03.2018
// приём по количеству байт: 9 из 9
// принято с порта: 9 байт

01 00 09 00 F6 00 00 37 F3   // прием: 9 байт; 21:02:01:420 06.03.2018
// таймаут: 40 мсек


CA E0 EB FE EC ED FB 20 

00 00 07 00 F7 D4 47   // передача: 7 байт; 21:02:01:420 06.03.2018
// приём по количеству байт: 39 из 39
// принято с порта: 39 байт

01 00 27 00 F7 D0 E0 E1 EE F2 E0 20 20 20 20 20 20 20 20 20 20 20 20 20 20 20 20 20 CE CA 20 20 20 20 20 20 20 DE 07   // прием: 39 байт; 21:02:01:590 06.03.2018
// таймаут: 170 мсек

Работа          
       ОК       

CA E0 EB FE EC ED FB 20 

00 00 08 00 F6 0C 45 DE   // передача: 8 байт; 21:02:02:170 06.03.2018
// приём по количеству байт: 9 из 9
// принято с порта: 9 байт

01 00 09 00 F6 00 00 37 F3   // прием: 9 байт; 21:02:02:200 06.03.2018
// таймаут: 30 мсек


CA E0 EB FE EC ED FB 20 

00 00 07 00 F7 D4 47   // передача: 7 байт; 21:02:02:200 06.03.2018
// приём по количеству байт: 39 из 39
// принято с порта: 39 байт

01 00 27 00 F7 CF F0 EE E3 F0 E0 EC EC E0 20 3F 20 20 20 20 20 3E 5F 5F 5F 20 20 20 20 20 20 20 20 20 20 20 20 5B EF   // прием: 39 байт; 21:02:02:270 06.03.2018
// таймаут: 70 мсек

Программа ?     
>___            

CA E0 EB FE EC ED FB 20 

00 00 08 00 F6 09 85 DD   // передача: 8 байт; 21:02:02:820 06.03.2018
// приём по количеству байт: 9 из 9
// принято с порта: 9 байт

01 00 09 00 F6 00 00 37 F3   // прием: 9 байт; 21:02:02:860 06.03.2018
// таймаут: 40 мсек


CA E0 EB FE EC ED FB 20 

00 00 07 00 F7 D4 47   // передача: 7 байт; 21:02:02:860 06.03.2018
// приём по количеству байт: 39 из 39
// принято с порта: 39 байт

01 00 27 00 F7 CF F0 EE E3 F0 E0 EC EC E0 20 3F 20 20 20 20 20 3E 5F 5F 39 20 20 20 20 20 20 20 20 20 20 20 20 D3 89   // прием: 39 байт; 21:02:02:930 06.03.2018
// таймаут: 70 мсек

Программа ?     
>__9            

CA E0 EB FE EC ED FB 20 

00 00 08 00 F6 0D 84 1E   // передача: 8 байт; 21:02:03:240 06.03.2018
// приём по количеству байт: 9 из 9
// принято с порта: 9 байт

01 00 09 00 F6 00 00 37 F3   // прием: 9 байт; 21:02:03:280 06.03.2018
// таймаут: 40 мсек


CA E0 EB FE EC ED FB 20 

00 00 07 00 F7 D4 47   // передача: 7 байт; 21:02:03:280 06.03.2018
// приём по количеству байт: 39 из 39
// принято с порта: 39 байт

01 00 27 00 F7 C8 EC EF F3 EB FC F1 FB 20 20 20 20 20 20 20 20 20 20 20 EA E0 ED E0 EB 20 3F 5F 5F 20 20 20 20 77 74   // прием: 39 байт; 21:02:03:340 06.03.2018
// таймаут: 60 мсек

Импульсы        
   канал ?__    

CA E0 EB FE EC ED FB 20 

00 00 08 00 F6 0D 84 1E   // передача: 8 байт; 21:02:03:980 06.03.2018
// приём по количеству байт: 9 из 9
// принято с порта: 9 байт

01 00 09 00 F6 00 00 37 F3   // прием: 9 байт; 21:02:04:010 06.03.2018
// таймаут: 30 мсек


CA E0 EB FE EC ED FB 20 

00 00 07 00 F7 D4 47   // передача: 7 байт; 21:02:04:010 06.03.2018
// приём по количеству байт: 39 из 39
// принято с порта: 39 байт

01 00 27 00 F7 C8 EC EF F3 EB FC F1 FB 20 20 20 20 20 20 20 20 20 20 20 20 20 20 20 20 33 00 20 20 20 20 20 31 DC 8B   // прием: 39 байт; 21:02:04:080 06.03.2018
// таймаут: 70 мсек

Импульсы        
        3      1

CA E0 EB FE EC ED FB 20 

00 00 08 00 F6 0D 84 1E   // передача: 8 байт; 21:02:04:660 06.03.2018
// приём по количеству байт: 9 из 9
// принято с порта: 9 байт

01 00 09 00 F6 00 00 37 F3   // прием: 9 байт; 21:02:04:690 06.03.2018
// таймаут: 30 мсек


CA E0 EB FE EC ED FB 20 

00 00 07 00 F7 D4 47   // передача: 7 байт; 21:02:04:690 06.03.2018
// приём по количеству байт: 39 из 39
// принято с порта: 39 байт

01 00 27 00 F7 C8 EC EF F3 EB FC F1 FB 20 20 20 20 20 20 20 20 20 20 20 20 20 20 20 20 34 00 20 20 20 20 20 32 DD 6C   // прием: 39 байт; 21:02:04:760 06.03.2018
// таймаут: 70 мсек

Импульсы        
        4      2

CA E0 EB FE EC ED FB 20 

00 00 08 00 F6 0D 84 1E   // передача: 8 байт; 21:02:05:190 06.03.2018
// приём по количеству байт: 9 из 9
// принято с порта: 9 байт

01 00 09 00 F6 00 00 37 F3   // прием: 9 байт; 21:02:05:230 06.03.2018
// таймаут: 40 мсек


CA E0 EB FE EC ED FB 20 

00 00 07 00 F7 D4 47   // передача: 7 байт; 21:02:05:230 06.03.2018
// приём по количеству байт: 39 из 39
// принято с порта: 39 байт

01 00 27 00 F7 C8 EC EF F3 EB FC F1 FB 20 20 20 20 20 20 20 20 20 20 20 20 20 20 20 20 34 00 20 20 20 20 20 33 1C AC   // прием: 39 байт; 21:02:05:290 06.03.2018
// таймаут: 60 мсек

Импульсы        
        4      3

CA E0 EB FE EC ED FB 20 

00 00 08 00 F6 0D 84 1E   // передача: 8 байт; 21:02:05:660 06.03.2018
// приём по количеству байт: 9 из 9
// принято с порта: 9 байт

01 00 09 00 F6 00 00 37 F3   // прием: 9 байт; 21:02:05:700 06.03.2018
// таймаут: 40 мсек


CA E0 EB FE EC ED FB 20 

00 00 07 00 F7 D4 47   // передача: 7 байт; 21:02:05:700 06.03.2018
// приём по количеству байт: 39 из 39
// принято с порта: 39 байт

01 00 27 00 F7 C8 EC EF F3 EB FC F1 FB 20 20 20 20 20 20 20 20 20 20 20 20 20 20 20 20 35 00 20 20 20 20 20 34 9C A2   // прием: 39 байт; 21:02:05:770 06.03.2018
// таймаут: 70 мсек

Импульсы        
        5      4

CA E0 EB FE EC ED FB 20 

00 00 08 00 F6 0D 84 1E   // передача: 8 байт; 21:02:06:180 06.03.2018
// приём по количеству байт: 9 из 9
// принято с порта: 9 байт

01 00 09 00 F6 00 00 37 F3   // прием: 9 байт; 21:02:06:220 06.03.2018
// таймаут: 40 мсек


CA E0 EB FE EC ED FB 20 

00 00 07 00 F7 D4 47   // передача: 7 байт; 21:02:06:220 06.03.2018
// приём по количеству байт: 39 из 39
// принято с порта: 39 байт

01 00 27 00 F7 C8 EC EF F3 EB FC F1 FB 20 20 20 20 20 20 20 20 20 20 20 20 20 20 20 20 35 00 20 20 20 20 20 35 5D 62   // прием: 39 байт; 21:02:06:290 06.03.2018
// таймаут: 70 мсек

Импульсы        
        5      5

CA E0 EB FE EC ED FB 20 

00 00 08 00 F6 0D 84 1E   // передача: 8 байт; 21:02:06:690 06.03.2018
// приём по количеству байт: 9 из 9
// принято с порта: 9 байт

01 00 09 00 F6 00 00 37 F3   // прием: 9 байт; 21:02:06:720 06.03.2018
// таймаут: 30 мсек


CA E0 EB FE EC ED FB 20 

00 00 07 00 F7 D4 47   // передача: 7 байт; 21:02:06:720 06.03.2018
// приём по количеству байт: 39 из 39
// принято с порта: 39 байт

01 00 27 00 F7 C8 EC EF F3 EB FC F1 FB 20 20 20 20 20 20 20 20 20 20 20 20 20 20 20 20 36 00 20 20 20 20 20 36 5D 76   // прием: 39 байт; 21:02:06:790 06.03.2018
// таймаут: 70 мсек

Импульсы        
        6      6

CA E0 EB FE EC ED FB 20 

00 00 08 00 F6 0D 84 1E   // передача: 8 байт; 21:02:07:250 06.03.2018
// приём по количеству байт: 9 из 9
// принято с порта: 9 байт

01 00 09 00 F6 00 00 37 F3   // прием: 9 байт; 21:02:07:280 06.03.2018
// таймаут: 30 мсек


CA E0 EB FE EC ED FB 20 

00 00 07 00 F7 D4 47   // передача: 7 байт; 21:02:07:280 06.03.2018
// приём по количеству байт: 39 из 39
// принято с порта: 39 байт

01 00 27 00 F7 C8 EC EF F3 EB FC F1 FB 20 20 20 20 20 20 20 20 20 20 20 20 20 20 20 20 36 00 20 20 20 20 20 37 9C B6   // прием: 39 байт; 21:02:07:350 06.03.2018
// таймаут: 70 мсек

Импульсы        
        6      7

CA E0 EB FE EC ED FB 20 

00 00 08 00 F6 0D 84 1E   // передача: 8 байт; 21:02:07:670 06.03.2018
// приём по количеству байт: 9 из 9
// принято с порта: 9 байт

01 00 09 00 F6 00 00 37 F3   // прием: 9 байт; 21:02:07:710 06.03.2018
// таймаут: 40 мсек


CA E0 EB FE EC ED FB 20 

00 00 07 00 F7 D4 47   // передача: 7 байт; 21:02:07:710 06.03.2018
// приём по количеству байт: 39 из 39
// принято с порта: 39 байт

01 00 27 00 F7 C8 EC EF F3 EB FC F1 FB 20 20 20 20 20 20 20 20 20 20 20 20 20 20 20 20 37 00 20 20 20 20 20 38 1D 7E   // прием: 39 байт; 21:02:07:770 06.03.2018
// таймаут: 60 мсек

Импульсы        
        7      8

CA E0 EB FE EC ED FB 20 

00 00 08 00 F6 0D 84 1E   // передача: 8 байт; 21:02:08:150 06.03.2018
// приём по количеству байт: 9 из 9
// принято с порта: 9 байт

01 00 09 00 F6 00 00 37 F3   // прием: 9 байт; 21:02:08:190 06.03.2018
// таймаут: 40 мсек


CA E0 EB FE EC ED FB 20 

00 00 07 00 F7 D4 47   // передача: 7 байт; 21:02:08:190 06.03.2018
// приём по количеству байт: 39 из 39
// принято с порта: 39 байт

01 00 27 00 F7 C8 EC EF F3 EB FC F1 FB 20 20 20 20 20 20 20 20 20 20 20 20 20 20 20 20 37 00 20 20 20 20 20 39 DC BE   // прием: 39 байт; 21:02:08:250 06.03.2018
// таймаут: 60 мсек

Импульсы        
        7      9

CA E0 EB FE EC ED FB 20 

00 00 08 00 F6 0D 84 1E   // передача: 8 байт; 21:02:08:590 06.03.2018
// приём по количеству байт: 9 из 9
// принято с порта: 9 байт

01 00 09 00 F6 00 00 37 F3   // прием: 9 байт; 21:02:08:630 06.03.2018
// таймаут: 40 мсек


CA E0 EB FE EC ED FB 20 

00 00 07 00 F7 D4 47   // передача: 7 байт; 21:02:08:630 06.03.2018
// приём по количеству байт: 39 из 39
// принято с порта: 39 байт

01 00 27 00 F7 C8 EC EF F3 EB FC F1 FB 20 20 20 20 20 20 20 20 20 20 20 20 20 20 20 20 38 00 20 20 20 20 31 30 50 A8   // прием: 39 байт; 21:02:08:690 06.03.2018
// таймаут: 60 мсек

Импульсы        
        8     10

CA E0 EB FE EC ED FB 20 

00 00 08 00 F6 0D 84 1E   // передача: 8 байт; 21:02:09:050 06.03.2018
// приём по количеству байт: 9 из 9
// принято с порта: 9 байт

01 00 09 00 F6 00 00 37 F3   // прием: 9 байт; 21:02:09:080 06.03.2018
// таймаут: 30 мсек


CA E0 EB FE EC ED FB 20 

00 00 07 00 F7 D4 47   // передача: 7 байт; 21:02:09:080 06.03.2018
// приём по количеству байт: 39 из 39
// принято с порта: 39 байт

01 00 27 00 F7 C8 EC EF F3 EB FC F1 FB 20 20 20 20 20 20 20 20 20 20 20 20 20 20 20 20 38 00 20 20 20 20 31 31 91 68   // прием: 39 байт; 21:02:09:150 06.03.2018
// таймаут: 70 мсек

Импульсы        
        8     11

CA E0 EB FE EC ED FB 20 

00 00 08 00 F6 0D 84 1E   // передача: 8 байт; 21:02:09:500 06.03.2018
// приём по количеству байт: 9 из 9
// принято с порта: 9 байт

01 00 09 00 F6 00 00 37 F3   // прием: 9 байт; 21:02:09:540 06.03.2018
// таймаут: 40 мсек


CA E0 EB FE EC ED FB 20 

00 00 07 00 F7 D4 47   // передача: 7 байт; 21:02:09:540 06.03.2018
// приём по количеству байт: 39 из 39
// принято с порта: 39 байт

01 00 27 00 F7 C8 EC EF F3 EB FC F1 FB 20 20 20 20 20 20 20 20 20 20 20 20 20 20 20 20 39 00 20 20 20 20 31 32 10 A5   // прием: 39 байт; 21:02:09:610 06.03.2018
// таймаут: 70 мсек

Импульсы        
        9     12

CA E0 EB FE EC ED FB 20 

00 00 08 00 F6 0D 84 1E   // передача: 8 байт; 21:02:09:940 06.03.2018
// приём по количеству байт: 9 из 9
// принято с порта: 9 байт

01 00 09 00 F6 00 00 37 F3   // прием: 9 байт; 21:02:09:980 06.03.2018
// таймаут: 40 мсек


CA E0 EB FE EC ED FB 20 

00 00 07 00 F7 D4 47   // передача: 7 байт; 21:02:09:980 06.03.2018
// приём по количеству байт: 39 из 39
// принято с порта: 39 байт

01 00 27 00 F7 C8 EC EF F3 EB FC F1 FB 20 20 20 20 20 20 20 20 20 20 20 20 20 20 20 20 39 00 20 20 20 20 31 33 D1 65   // прием: 39 байт; 21:02:10:050 06.03.2018
// таймаут: 70 мсек

Импульсы        
        9     13

CA E0 EB FE EC ED FB 20 

00 00 08 00 F6 0D 84 1E   // передача: 8 байт; 21:02:10:310 06.03.2018
// приём по количеству байт: 9 из 9
// принято с порта: 9 байт

01 00 09 00 F6 00 00 37 F3   // прием: 9 байт; 21:02:10:340 06.03.2018
// таймаут: 30 мсек


CA E0 EB FE EC ED FB 20 

00 00 07 00 F7 D4 47   // передача: 7 байт; 21:02:10:340 06.03.2018
// приём по количеству байт: 39 из 39
// принято с порта: 39 байт

01 00 27 00 F7 C8 EC EF F3 EB FC F1 FB 20 20 20 20 20 20 20 20 20 20 20 20 20 20 20 20 39 00 20 20 20 20 31 34 90 A7   // прием: 39 байт; 21:02:10:410 06.03.2018
// таймаут: 70 мсек

Импульсы        
        9     14

CA E0 EB FE EC ED FB 20 

00 00 08 00 F6 0D 84 1E   // передача: 8 байт; 21:02:10:810 06.03.2018
// приём по количеству байт: 9 из 9
// принято с порта: 9 байт

01 00 09 00 F6 00 00 37 F3   // прием: 9 байт; 21:02:10:840 06.03.2018
// таймаут: 30 мсек


CA E0 EB FE EC ED FB 20 

00 00 07 00 F7 D4 47   // передача: 7 байт; 21:02:10:840 06.03.2018
// приём по количеству байт: 39 из 39
// принято с порта: 39 байт

01 00 27 00 F7 C8 EC EF F3 EB FC F1 FB 20 20 20 20 20 20 20 20 20 20 20 20 20 20 20 31 30 00 20 20 20 20 31 35 51 5D   // прием: 39 байт; 21:02:10:910 06.03.2018
// таймаут: 70 мсек

Импульсы        
       10     15

CA E0 EB FE EC ED FB 20 

00 00 08 00 F6 0D 84 1E   // передача: 8 байт; 21:02:11:200 06.03.2018
// приём по количеству байт: 9 из 9
// принято с порта: 9 байт

01 00 09 00 F6 00 00 37 F3   // прием: 9 байт; 21:02:11:240 06.03.2018
// таймаут: 40 мсек


CA E0 EB FE EC ED FB 20 

00 00 07 00 F7 D4 47   // передача: 7 байт; 21:02:11:240 06.03.2018
// приём по количеству байт: 39 из 39
// принято с порта: 39 байт

01 00 27 00 F7 C8 EC EF F3 EB FC F1 FB 20 20 20 20 20 20 20 20 20 20 20 20 20 20 20 31 30 00 20 20 20 20 31 36 11 5C   // прием: 39 байт; 21:02:11:300 06.03.2018
// таймаут: 60 мсек

Импульсы        
       10     16

CA E0 EB FE EC ED FB 20 

00 00 08 00 F6 0D 84 1E   // передача: 8 байт; 21:02:11:570 06.03.2018
// приём по количеству байт: 9 из 9
// принято с порта: 9 байт

01 00 09 00 F6 00 00 37 F3   // прием: 9 байт; 21:02:11:600 06.03.2018
// таймаут: 30 мсек


CA E0 EB FE EC ED FB 20 

00 00 07 00 F7 D4 47   // передача: 7 байт; 21:02:11:600 06.03.2018
// приём по количеству байт: 39 из 39
// принято с порта: 39 байт

01 00 27 00 F7 C8 EC EF F3 EB FC F1 FB 20 20 20 20 20 20 20 20 20 20 20 20 20 20 20 20 30 00 20 20 20 20 31 37 10 CC   // прием: 39 байт; 21:02:11:670 06.03.2018
// таймаут: 70 мсек

Импульсы        
        0     17

CA E0 EB FE EC ED FB 20 

00 00 08 00 F6 0D 84 1E   // передача: 8 байт; 21:02:12:100 06.03.2018
// приём по количеству байт: 9 из 9
// принято с порта: 9 байт

01 00 09 00 F6 00 00 37 F3   // прием: 9 байт; 21:02:12:140 06.03.2018
// таймаут: 40 мсек


CA E0 EB FE EC ED FB 20 

00 00 07 00 F7 D4 47   // передача: 7 байт; 21:02:12:140 06.03.2018
// приём по количеству байт: 39 из 39
// принято с порта: 39 байт

01 00 27 00 F7 C8 EC EF F3 EB FC F1 FB 20 20 20 20 20 20 20 20 20 20 20 20 20 20 20 20 30 00 20 20 20 20 31 38 50 C8   // прием: 39 байт; 21:02:12:210 06.03.2018
// таймаут: 70 мсек

Импульсы        
        0     18

// О программе
