
CA E0 EB FE EC ED FB 20 

00 00 07 00 F7 D4 47   // передача: 7 байт; 21:31:29:665 28.02.2018
// приём по количеству байт: 39 из 39
// принято с порта: 39 байт

01 00 27 00 F7 CD E0 F1 F2 F0 EE E9 EA E0 20 20 20 20 20 20 20 20 20 20 20 20 20 20 20 20 20 20 20 20 20 20 20 5D 58   // прием: 39 байт; 21:31:29:725 28.02.2018
// таймаут: 60 мсек

Настройка       
                

CA E0 EB FE EC ED FB 20 

00 00 08 00 F6 0C 45 DE   // передача: 8 байт; 21:31:30:796 28.02.2018
// приём по количеству байт: 9 из 9
// принято с порта: 9 байт

01 00 09 00 F6 00 00 37 F3   // прием: 9 байт; 21:31:30:836 28.02.2018
// таймаут: 40 мсек


CA E0 EB FE EC ED FB 20 

00 00 07 00 F7 D4 47   // передача: 7 байт; 21:31:30:836 28.02.2018
// приём по количеству байт: 39 из 39
// принято с порта: 39 байт

01 00 27 00 F7 CF F0 EE E3 F0 E0 EC EC E0 20 3F 20 20 20 20 20 2D 5F 5F 5F 20 20 20 20 20 20 20 20 20 20 20 20 16 D2   // прием: 39 байт; 21:31:30:896 28.02.2018
// таймаут: 60 мсек

Программа ?     
-___            

CA E0 EB FE EC ED FB 20 

00 00 08 00 F6 08 44 1D   // передача: 8 байт; 21:31:31:798 28.02.2018
// приём по количеству байт: 9 из 9
// принято с порта: 9 байт

01 00 09 00 F6 00 00 37 F3   // прием: 9 байт; 21:31:31:838 28.02.2018
// таймаут: 40 мсек


CA E0 EB FE EC ED FB 20 

00 00 07 00 F7 D4 47   // передача: 7 байт; 21:31:31:838 28.02.2018
// приём по количеству байт: 39 из 39
// принято с порта: 39 байт

01 00 27 00 F7 CF F0 EE E3 F0 E0 EC EC E0 20 3F 20 20 20 20 20 2D 5F 5F 38 20 20 20 20 20 20 20 20 20 20 20 20 9C 35   // прием: 39 байт; 21:31:31:898 28.02.2018
// таймаут: 60 мсек

Программа ?     
-__8            

CA E0 EB FE EC ED FB 20 

00 00 08 00 F6 01 84 1B   // передача: 8 байт; 21:31:32:482 28.02.2018
// приём по количеству байт: 9 из 9
// принято с порта: 9 байт

01 00 09 00 F6 00 00 37 F3   // прием: 9 байт; 21:31:32:512 28.02.2018
// таймаут: 30 мсек


CA E0 EB FE EC ED FB 20 

00 00 07 00 F7 D4 47   // передача: 7 байт; 21:31:32:512 28.02.2018
// приём по количеству байт: 39 из 39
// принято с порта: 39 байт

01 00 27 00 F7 CF F0 EE E3 F0 E0 EC EC E0 20 3F 20 20 20 20 20 2D 5F 38 31 20 20 20 20 20 20 20 20 20 20 20 20 E7 5B   // прием: 39 байт; 21:31:32:582 28.02.2018
// таймаут: 70 мсек

Программа ?     
-_81            

CA E0 EB FE EC ED FB 20 

00 00 08 00 F6 0D 84 1E   // передача: 8 байт; 21:31:33:364 28.02.2018
// приём по количеству байт: 9 из 9
// принято с порта: 9 байт

01 00 09 00 F6 00 00 37 F3   // прием: 9 байт; 21:31:33:394 28.02.2018
// таймаут: 30 мсек


CA E0 EB FE EC ED FB 20 

00 00 07 00 F7 D4 47   // передача: 7 байт; 21:31:33:394 28.02.2018
// приём по количеству байт: 39 из 39
// принято с порта: 39 байт

01 00 27 00 F7 CF EE EB ED FB E9 20 F1 E1 F0 EE F1 20 20 20 20 2E ED E5 F2 00 20 20 20 20 20 20 20 20 20 20 20 86 62   // прием: 39 байт; 21:31:33:465 28.02.2018
// таймаут: 71 мсек

Полный сброс    
.нет            

CA E0 EB FE EC ED FB 20 

00 00 08 00 F6 0B 04 1C   // передача: 8 байт; 21:31:34:143 28.02.2018
// приём по количеству байт: 9 из 9
// принято с порта: 9 байт

01 00 09 00 F6 00 00 37 F3   // прием: 9 байт; 21:31:34:173 28.02.2018
// таймаут: 30 мсек


CA E0 EB FE EC ED FB 20 

00 00 07 00 F7 D4 47   // передача: 7 байт; 21:31:34:184 28.02.2018
// приём по количеству байт: 39 из 39
// принято с порта: 39 байт

01 00 27 00 F7 CF EE EB ED FB E9 20 F1 E1 F0 EE F1 20 20 20 20 2E E4 E0 20 00 20 20 20 20 20 20 20 20 20 20 20 72 B2   // прием: 39 байт; 21:31:34:246 28.02.2018
// таймаут: 62 мсек

Полный сброс    
.да             

CA E0 EB FE EC ED FB 20 

00 00 08 00 F6 0D 84 1E   // передача: 8 байт; 21:31:34:878 28.02.2018
// приём по количеству байт: 9 из 9
// принято с порта: 9 байт

01 00 09 00 F6 00 00 37 F3   // прием: 9 байт; 21:31:34:910 28.02.2018
// таймаут: 32 мсек


CA E0 EB FE EC ED FB 20 

00 00 07 00 F7 D4 47   // передача: 7 байт; 21:31:34:920 28.02.2018
// приём по количеству байт: 39 из 39
// принято с порта: 39 байт

01 00 27 00 F7 D2 E5 F1 F2 20 EF E0 EC FF F2 E8 3A 20 31 20 20 20 20 20 20 20 20 20 30 25 00 20 20 20 20 20 20 C2 1C   // прием: 39 байт; 21:31:34:990 28.02.2018
// таймаут: 70 мсек

Тест памяти: 1  
       0%       

CA E0 EB FE EC ED FB 20 

00 00 07 00 F7 D4 47   // передача: 7 байт; 21:31:36:206 28.02.2018
// приём по количеству байт: 39 из 39
// принято с порта: 39 байт

01 00 27 00 F7 D2 E5 F1 F2 20 EF E0 EC FF F2 E8 3A 20 31 20 20 20 20 20 20 20 20 32 33 25 00 20 20 20 20 20 20 76 B3   // прием: 39 байт; 21:31:36:283 28.02.2018
// таймаут: 77 мсек

Тест памяти: 1  
      23%       

CA E0 EB FE EC ED FB 20 

00 00 07 00 F7 D4 47   // передача: 7 байт; 21:31:36:764 28.02.2018
// приём по количеству байт: 39 из 39
// принято с порта: 39 байт

01 00 27 00 F7 D2 E5 F1 F2 20 EF E0 EC FF F2 E8 3A 20 31 20 20 20 20 20 20 20 20 33 33 25 00 20 20 20 20 20 20 27 76   // прием: 39 байт; 21:31:36:834 28.02.2018
// таймаут: 70 мсек

Тест памяти: 1  
      33%       

CA E0 EB FE EC ED FB 20 

00 00 07 00 F7 D4 47   // передача: 7 байт; 21:31:37:284 28.02.2018
// приём по количеству байт: 39 из 39
// принято с порта: 39 байт

01 00 27 00 F7 D2 E5 F1 F2 20 EF E0 EC FF F2 E8 3A 20 31 20 20 20 20 20 20 20 20 34 33 25 00 20 20 20 20 20 20 96 AC   // прием: 39 байт; 21:31:37:355 28.02.2018
// таймаут: 71 мсек

Тест памяти: 1  
      43%       

CA E0 EB FE EC ED FB 20 

00 00 07 00 F7 D4 47   // передача: 7 байт; 21:31:37:807 28.02.2018
// приём по количеству байт: 39 из 39
// принято с порта: 39 байт

01 00 27 00 F7 D2 E5 F1 F2 20 EF E0 EC FF F2 E8 3A 20 31 20 20 20 20 20 20 20 20 35 32 25 00 20 20 20 20 20 20 CA F9   // прием: 39 байт; 21:31:37:877 28.02.2018
// таймаут: 70 мсек

Тест памяти: 1  
      52%       

CA E0 EB FE EC ED FB 20 

00 00 07 00 F7 D4 47   // передача: 7 байт; 21:31:38:316 28.02.2018
// приём по количеству байт: 39 из 39
// принято с порта: 39 байт

01 00 27 00 F7 D2 E5 F1 F2 20 EF E0 EC FF F2 E8 3A 20 31 20 20 20 20 20 20 20 20 36 31 25 00 20 20 20 20 20 20 2E 06   // прием: 39 байт; 21:31:38:377 28.02.2018
// таймаут: 61 мсек

Тест памяти: 1  
      61%       

CA E0 EB FE EC ED FB 20 

00 00 07 00 F7 D4 47   // передача: 7 байт; 21:31:38:818 28.02.2018
// приём по количеству байт: 39 из 39
// принято с порта: 39 байт

01 00 27 00 F7 D2 E5 F1 F2 20 EF E0 EC FF F2 E8 3A 20 31 20 20 20 20 20 20 20 20 37 30 25 00 20 20 20 20 20 20 72 53   // прием: 39 байт; 21:31:38:883 28.02.2018
// таймаут: 65 мсек

Тест памяти: 1  
      70%       

CA E0 EB FE EC ED FB 20 

00 00 07 00 F7 D4 47   // передача: 7 байт; 21:31:39:300 28.02.2018
// приём по количеству байт: 39 из 39
// принято с порта: 39 байт

01 00 27 00 F7 D2 E5 F1 F2 20 EF E0 EC FF F2 E8 3A 20 31 20 20 20 20 20 20 20 20 37 39 25 00 20 20 20 20 20 20 18 03   // прием: 39 байт; 21:31:39:370 28.02.2018
// таймаут: 70 мсек

Тест памяти: 1  
      79%       

CA E0 EB FE EC ED FB 20 

00 00 07 00 F7 D4 47   // передача: 7 байт; 21:31:39:782 28.02.2018
// приём по количеству байт: 39 из 39
// принято с порта: 39 байт

01 00 27 00 F7 D2 E5 F1 F2 20 EF E0 EC FF F2 E8 3A 20 31 20 20 20 20 20 20 20 20 38 38 25 00 20 20 20 20 20 20 25 A3   // прием: 39 байт; 21:31:39:854 28.02.2018
// таймаут: 72 мсек

Тест памяти: 1  
      88%       

CA E0 EB FE EC ED FB 20 

00 00 07 00 F7 D4 47   // передача: 7 байт; 21:31:40:269 28.02.2018
// приём по количеству байт: 39 из 39
// принято с порта: 39 байт

01 00 27 00 F7 D2 E5 F1 F2 20 EF E0 EC FF F2 E8 3A 20 31 20 20 20 20 20 20 20 20 39 37 25 00 20 20 20 20 20 20 35 96   // прием: 39 байт; 21:31:40:339 28.02.2018
// таймаут: 70 мсек

Тест памяти: 1  
      97%       

CA E0 EB FE EC ED FB 20 

00 00 07 00 F7 D4 47   // передача: 7 байт; 21:31:40:811 28.02.2018
// приём по количеству байт: 39 из 39
// принято с порта: 39 байт

01 00 27 00 F7 D2 E5 F1 F2 20 EF E0 EC FF F2 E8 3A 20 32 20 20 20 20 20 20 20 20 20 31 25 00 20 20 20 20 20 20 8B C8   // прием: 39 байт; 21:31:40:882 28.02.2018
// таймаут: 71 мсек

Тест памяти: 2  
       1%       

CA E0 EB FE EC ED FB 20 

00 00 07 00 F7 D4 47   // передача: 7 байт; 21:31:41:289 28.02.2018
// приём по количеству байт: 39 из 39
// принято с порта: 39 байт

01 00 27 00 F7 D2 E5 F1 F2 20 EF E0 EC FF F2 E8 3A 20 32 20 20 20 20 20 20 20 20 20 31 25 00 20 20 20 20 20 20 8B C8   // прием: 39 байт; 21:31:41:349 28.02.2018
// таймаут: 60 мсек

Тест памяти: 2  
       1%       

CA E0 EB FE EC ED FB 20 

00 00 07 00 F7 D4 47   // передача: 7 байт; 21:31:41:830 28.02.2018
// приём по количеству байт: 39 из 39
// принято с порта: 39 байт

01 00 27 00 F7 D2 E5 F1 F2 20 EF E0 EC FF F2 E8 3A 20 32 20 20 20 20 20 20 20 20 20 32 25 00 20 20 20 20 20 20 9F 38   // прием: 39 байт; 21:31:41:907 28.02.2018
// таймаут: 77 мсек

Тест памяти: 2  
       2%       

CA E0 EB FE EC ED FB 20 

00 00 07 00 F7 D4 47   // передача: 7 байт; 21:31:42:330 28.02.2018
// приём по количеству байт: 39 из 39
// принято с порта: 39 байт

01 00 27 00 F7 D2 E5 F1 F2 20 EF E0 EC FF F2 E8 3A 20 32 20 20 20 20 20 20 20 20 20 33 25 00 20 20 20 20 20 20 92 A8   // прием: 39 байт; 21:31:42:400 28.02.2018
// таймаут: 70 мсек

Тест памяти: 2  
       3%       

CA E0 EB FE EC ED FB 20 

00 00 07 00 F7 D4 47   // передача: 7 байт; 21:31:42:779 28.02.2018
// приём по количеству байт: 39 из 39
// принято с порта: 39 байт

01 00 27 00 F7 D2 E5 F1 F2 20 EF E0 EC FF F2 E8 3A 20 32 20 20 20 20 20 20 20 20 20 34 25 00 20 20 20 20 20 20 B4 98   // прием: 39 байт; 21:31:42:849 28.02.2018
// таймаут: 70 мсек

Тест памяти: 2  
       4%       

CA E0 EB FE EC ED FB 20 

00 00 07 00 F7 D4 47   // передача: 7 байт; 21:31:43:273 28.02.2018
// приём по количеству байт: 39 из 39
// принято с порта: 39 байт

01 00 27 00 F7 D2 E5 F1 F2 20 EF E0 EC FF F2 E8 3A 20 32 20 20 20 20 20 20 20 20 20 34 25 00 20 20 20 20 20 20 B4 98   // прием: 39 байт; 21:31:43:343 28.02.2018
// таймаут: 70 мсек

Тест памяти: 2  
       4%       

CA E0 EB FE EC ED FB 20 

00 00 07 00 F7 D4 47   // передача: 7 байт; 21:31:43:689 28.02.2018
// приём по количеству байт: 39 из 39
// принято с порта: 39 байт

01 00 27 00 F7 D2 E5 F1 F2 20 EF E0 EC FF F2 E8 3A 20 32 20 20 20 20 20 20 20 20 20 35 25 00 20 20 20 20 20 20 B9 08   // прием: 39 байт; 21:31:43:759 28.02.2018
// таймаут: 70 мсек

Тест памяти: 2  
       5%       

CA E0 EB FE EC ED FB 20 

00 00 07 00 F7 D4 47   // передача: 7 байт; 21:31:44:081 28.02.2018
// приём по количеству байт: 39 из 39
// принято с порта: 39 байт

01 00 27 00 F7 D2 E5 F1 F2 20 EF E0 EC FF F2 E8 3A 20 32 20 20 20 20 20 20 20 20 20 35 25 00 20 20 20 20 20 20 B9 08   // прием: 39 байт; 21:31:44:151 28.02.2018
// таймаут: 70 мсек

Тест памяти: 2  
       5%       

CA E0 EB FE EC ED FB 20 

00 00 07 00 F7 D4 47   // передача: 7 байт; 21:31:44:565 28.02.2018
// приём по количеству байт: 39 из 39
// принято с порта: 39 байт

01 00 27 00 F7 D2 E5 F1 F2 20 EF E0 EC FF F2 E8 3A 20 32 20 20 20 20 20 20 20 20 20 36 25 00 20 20 20 20 20 20 AD F8   // прием: 39 байт; 21:31:44:636 28.02.2018
// таймаут: 71 мсек

Тест памяти: 2  
       6%       

CA E0 EB FE EC ED FB 20 

00 00 07 00 F7 D4 47   // передача: 7 байт; 21:31:45:047 28.02.2018
// приём по количеству байт: 39 из 39
// принято с порта: 39 байт

01 00 27 00 F7 D2 E5 F1 F2 20 EF E0 EC FF F2 E8 3A 20 32 20 20 20 20 20 20 20 20 20 37 25 00 20 20 20 20 20 20 A0 68   // прием: 39 байт; 21:31:45:117 28.02.2018
// таймаут: 70 мсек

Тест памяти: 2  
       7%       

CA E0 EB FE EC ED FB 20 

00 00 07 00 F7 D4 47   // передача: 7 байт; 21:31:45:456 28.02.2018
// приём по количеству байт: 39 из 39
// принято с порта: 39 байт

01 00 27 00 F7 D2 E5 F1 F2 20 EF E0 EC FF F2 E8 3A 20 32 20 20 20 20 20 20 20 20 20 37 25 00 20 20 20 20 20 20 A0 68   // прием: 39 байт; 21:31:45:526 28.02.2018
// таймаут: 70 мсек

Тест памяти: 2  
       7%       

CA E0 EB FE EC ED FB 20 

00 00 07 00 F7 D4 47   // передача: 7 байт; 21:31:46:092 28.02.2018
// приём по количеству байт: 39 из 39
// принято с порта: 39 байт

01 00 27 00 F7 D2 E5 F1 F2 20 EF E0 EC FF F2 E8 3A 20 32 20 20 20 20 20 20 20 20 20 38 25 00 20 20 20 20 20 20 E1 98   // прием: 39 байт; 21:31:46:172 28.02.2018
// таймаут: 80 мсек

Тест памяти: 2  
       8%       

CA E0 EB FE EC ED FB 20 

00 00 07 00 F7 D4 47   // передача: 7 байт; 21:31:46:556 28.02.2018
// приём по количеству байт: 39 из 39
// принято с порта: 39 байт

01 00 27 00 F7 D2 E5 F1 F2 20 EF E0 EC FF F2 E8 3A 20 32 20 20 20 20 20 20 20 20 20 39 25 00 20 20 20 20 20 20 EC 08   // прием: 39 байт; 21:31:46:626 28.02.2018
// таймаут: 70 мсек

Тест памяти: 2  
       9%       

CA E0 EB FE EC ED FB 20 

00 00 07 00 F7 D4 47   // передача: 7 байт; 21:31:47:007 28.02.2018
// приём по количеству байт: 39 из 39
// принято с порта: 39 байт

01 00 27 00 F7 D2 E5 F1 F2 20 EF E0 EC FF F2 E8 3A 20 32 20 20 20 20 20 20 20 20 31 30 25 00 20 20 20 20 20 20 D6 08   // прием: 39 байт; 21:31:47:068 28.02.2018
// таймаут: 61 мсек

Тест памяти: 2  
      10%       

CA E0 EB FE EC ED FB 20 

00 00 07 00 F7 D4 47   // передача: 7 байт; 21:31:47:466 28.02.2018
// приём по количеству байт: 39 из 39
// принято с порта: 39 байт

01 00 27 00 F7 D2 E5 F1 F2 20 EF E0 EC FF F2 E8 3A 20 32 20 20 20 20 20 20 20 20 31 30 25 00 20 20 20 20 20 20 D6 08   // прием: 39 байт; 21:31:47:526 28.02.2018
// таймаут: 60 мсек

Тест памяти: 2  
      10%       

CA E0 EB FE EC ED FB 20 

00 00 07 00 F7 D4 47   // передача: 7 байт; 21:31:47:927 28.02.2018
// приём по количеству байт: 39 из 39
// принято с порта: 39 байт

01 00 27 00 F7 D2 E5 F1 F2 20 EF E0 EC FF F2 E8 3A 20 32 20 20 20 20 20 20 20 20 31 31 25 00 20 20 20 20 20 20 DB 98   // прием: 39 байт; 21:31:47:997 28.02.2018
// таймаут: 70 мсек

Тест памяти: 2  
      11%       

CA E0 EB FE EC ED FB 20 

00 00 07 00 F7 D4 47   // передача: 7 байт; 21:31:48:420 28.02.2018
// приём по количеству байт: 39 из 39
// принято с порта: 39 байт

01 00 27 00 F7 D2 E5 F1 F2 20 EF E0 EC FF F2 E8 3A 20 32 20 20 20 20 20 20 20 20 31 32 25 00 20 20 20 20 20 20 CF 68   // прием: 39 байт; 21:31:48:492 28.02.2018
// таймаут: 72 мсек

Тест памяти: 2  
      12%       

CA E0 EB FE EC ED FB 20 

00 00 07 00 F7 D4 47   // передача: 7 байт; 21:31:48:812 28.02.2018
// приём по количеству байт: 39 из 39
// принято с порта: 39 байт

01 00 27 00 F7 D2 E5 F1 F2 20 EF E0 EC FF F2 E8 3A 20 32 20 20 20 20 20 20 20 20 31 32 25 00 20 20 20 20 20 20 CF 68   // прием: 39 байт; 21:31:48:882 28.02.2018
// таймаут: 70 мсек

Тест памяти: 2  
      12%       

CA E0 EB FE EC ED FB 20 

00 00 07 00 F7 D4 47   // передача: 7 байт; 21:31:49:255 28.02.2018
// приём по количеству байт: 39 из 39
// принято с порта: 39 байт

01 00 27 00 F7 D2 E5 F1 F2 20 EF E0 EC FF F2 E8 3A 20 32 20 20 20 20 20 20 20 20 31 33 25 00 20 20 20 20 20 20 C2 F8   // прием: 39 байт; 21:31:49:335 28.02.2018
// таймаут: 80 мсек

Тест памяти: 2  
      13%       

CA E0 EB FE EC ED FB 20 

00 00 07 00 F7 D4 47   // передача: 7 байт; 21:31:49:766 28.02.2018
// приём по количеству байт: 39 из 39
// принято с порта: 39 байт

01 00 27 00 F7 D2 E5 F1 F2 20 EF E0 EC FF F2 E8 3A 20 32 20 20 20 20 20 20 20 20 31 34 25 00 20 20 20 20 20 20 E4 C8   // прием: 39 байт; 21:31:49:836 28.02.2018
// таймаут: 70 мсек

Тест памяти: 2  
      14%       

CA E0 EB FE EC ED FB 20 

00 00 07 00 F7 D4 47   // передача: 7 байт; 21:31:50:244 28.02.2018
// приём по количеству байт: 39 из 39
// принято с порта: 39 байт

01 00 27 00 F7 D2 E5 F1 F2 20 EF E0 EC FF F2 E8 3A 20 32 20 20 20 20 20 20 20 20 31 34 25 00 20 20 20 20 20 20 E4 C8   // прием: 39 байт; 21:31:50:314 28.02.2018
// таймаут: 70 мсек

Тест памяти: 2  
      14%       

CA E0 EB FE EC ED FB 20 

00 00 07 00 F7 D4 47   // передача: 7 байт; 21:31:50:776 28.02.2018
// приём по количеству байт: 39 из 39
// принято с порта: 39 байт

01 00 27 00 F7 D2 E5 F1 F2 20 EF E0 EC FF F2 E8 3A 20 32 20 20 20 20 20 20 20 20 31 35 25 00 20 20 20 20 20 20 E9 58   // прием: 39 байт; 21:31:50:846 28.02.2018
// таймаут: 70 мсек

Тест памяти: 2  
      15%       

CA E0 EB FE EC ED FB 20 

00 00 07 00 F7 D4 47   // передача: 7 байт; 21:31:51:270 28.02.2018
// приём по количеству байт: 39 из 39
// принято с порта: 39 байт

01 00 27 00 F7 D2 E5 F1 F2 20 EF E0 EC FF F2 E8 3A 20 32 20 20 20 20 20 20 20 20 31 36 25 00 20 20 20 20 20 20 FD A8   // прием: 39 байт; 21:31:51:343 28.02.2018
// таймаут: 73 мсек

Тест памяти: 2  
      16%       

CA E0 EB FE EC ED FB 20 

00 00 07 00 F7 D4 47   // передача: 7 байт; 21:31:51:765 28.02.2018
// приём по количеству байт: 39 из 39
// принято с порта: 39 байт

01 00 27 00 F7 D2 E5 F1 F2 20 EF E0 EC FF F2 E8 3A 20 32 20 20 20 20 20 20 20 20 31 37 25 00 20 20 20 20 20 20 F0 38   // прием: 39 байт; 21:31:51:835 28.02.2018
// таймаут: 70 мсек

Тест памяти: 2  
      17%       

CA E0 EB FE EC ED FB 20 

00 00 07 00 F7 D4 47   // передача: 7 байт; 21:31:52:177 28.02.2018
// приём по количеству байт: 39 из 39
// принято с порта: 39 байт

01 00 27 00 F7 D2 E5 F1 F2 20 EF E0 EC FF F2 E8 3A 20 32 20 20 20 20 20 20 20 20 31 37 25 00 20 20 20 20 20 20 F0 38   // прием: 39 байт; 21:31:52:247 28.02.2018
// таймаут: 70 мсек

Тест памяти: 2  
      17%       

CA E0 EB FE EC ED FB 20 

00 00 07 00 F7 D4 47   // передача: 7 байт; 21:31:52:663 28.02.2018
// приём по количеству байт: 39 из 39
// принято с порта: 39 байт

01 00 27 00 F7 D2 E5 F1 F2 20 EF E0 EC FF F2 E8 3A 20 32 20 20 20 20 20 20 20 20 31 38 25 00 20 20 20 20 20 20 B1 C8   // прием: 39 байт; 21:31:52:733 28.02.2018
// таймаут: 70 мсек

Тест памяти: 2  
      18%       

CA E0 EB FE EC ED FB 20 

00 00 07 00 F7 D4 47   // передача: 7 байт; 21:31:53:139 28.02.2018
// приём по количеству байт: 39 из 39
// принято с порта: 39 байт

01 00 27 00 F7 D2 E5 F1 F2 20 EF E0 EC FF F2 E8 3A 20 32 20 20 20 20 20 20 20 20 31 39 25 00 20 20 20 20 20 20 BC 58   // прием: 39 байт; 21:31:53:209 28.02.2018
// таймаут: 70 мсек

Тест памяти: 2  
      19%       

CA E0 EB FE EC ED FB 20 

00 00 07 00 F7 D4 47   // передача: 7 байт; 21:31:53:582 28.02.2018
// приём по количеству байт: 39 из 39
// принято с порта: 39 байт

01 00 27 00 F7 D2 E5 F1 F2 20 EF E0 EC FF F2 E8 3A 20 32 20 20 20 20 20 20 20 20 31 39 25 00 20 20 20 20 20 20 BC 58   // прием: 39 байт; 21:31:53:662 28.02.2018
// таймаут: 80 мсек

Тест памяти: 2  
      19%       

CA E0 EB FE EC ED FB 20 

00 00 07 00 F7 D4 47   // передача: 7 байт; 21:31:54:043 28.02.2018
// приём по количеству байт: 39 из 39
// принято с порта: 39 байт

01 00 27 00 F7 D2 E5 F1 F2 20 EF E0 EC FF F2 E8 3A 20 32 20 20 20 20 20 20 20 20 32 30 25 00 20 20 20 20 20 20 26 07   // прием: 39 байт; 21:31:54:109 28.02.2018
// таймаут: 66 мсек

Тест памяти: 2  
      20%       

CA E0 EB FE EC ED FB 20 

00 00 07 00 F7 D4 47   // передача: 7 байт; 21:31:54:472 28.02.2018
// приём по количеству байт: 39 из 39
// принято с порта: 39 байт

01 00 27 00 F7 D2 E5 F1 F2 20 EF E0 EC FF F2 E8 3A 20 32 20 20 20 20 20 20 20 20 32 31 25 00 20 20 20 20 20 20 2B 97   // прием: 39 байт; 21:31:54:542 28.02.2018
// таймаут: 70 мсек

Тест памяти: 2  
      21%       

CA E0 EB FE EC ED FB 20 

00 00 07 00 F7 D4 47   // передача: 7 байт; 21:31:55:033 28.02.2018
// приём по количеству байт: 39 из 39
// принято с порта: 39 байт

01 00 27 00 F7 D2 E5 F1 F2 20 EF E0 EC FF F2 E8 3A 20 32 20 20 20 20 20 20 20 20 32 31 25 00 20 20 20 20 20 20 2B 97   // прием: 39 байт; 21:31:55:103 28.02.2018
// таймаут: 70 мсек

Тест памяти: 2  
      21%       

CA E0 EB FE EC ED FB 20 

00 00 07 00 F7 D4 47   // передача: 7 байт; 21:31:55:484 28.02.2018
// приём по количеству байт: 39 из 39
// принято с порта: 39 байт

01 00 27 00 F7 D2 E5 F1 F2 20 EF E0 EC FF F2 E8 3A 20 32 20 20 20 20 20 20 20 20 32 32 25 00 20 20 20 20 20 20 3F 67   // прием: 39 байт; 21:31:55:555 28.02.2018
// таймаут: 71 мсек

Тест памяти: 2  
      22%       

CA E0 EB FE EC ED FB 20 

00 00 07 00 F7 D4 47   // передача: 7 байт; 21:31:55:916 28.02.2018
// приём по количеству байт: 39 из 39
// принято с порта: 39 байт

01 00 27 00 F7 D2 E5 F1 F2 20 EF E0 EC FF F2 E8 3A 20 32 20 20 20 20 20 20 20 20 32 33 25 00 20 20 20 20 20 20 32 F7   // прием: 39 байт; 21:31:55:986 28.02.2018
// таймаут: 70 мсек

Тест памяти: 2  
      23%       

CA E0 EB FE EC ED FB 20 

00 00 07 00 F7 D4 47   // передача: 7 байт; 21:31:56:365 28.02.2018
// приём по количеству байт: 39 из 39
// принято с порта: 39 байт

01 00 27 00 F7 D2 E5 F1 F2 20 EF E0 EC FF F2 E8 3A 20 32 20 20 20 20 20 20 20 20 32 33 25 00 20 20 20 20 20 20 32 F7   // прием: 39 байт; 21:31:56:445 28.02.2018
// таймаут: 80 мсек

Тест памяти: 2  
      23%       

CA E0 EB FE EC ED FB 20 

00 00 07 00 F7 D4 47   // передача: 7 байт; 21:31:56:727 28.02.2018
// приём по количеству байт: 39 из 39
// принято с порта: 39 байт

01 00 27 00 F7 D2 E5 F1 F2 20 EF E0 EC FF F2 E8 3A 20 32 20 20 20 20 20 20 20 20 32 34 25 00 20 20 20 20 20 20 14 C7   // прием: 39 байт; 21:31:56:797 28.02.2018
// таймаут: 70 мсек

Тест памяти: 2  
      24%       

CA E0 EB FE EC ED FB 20 

00 00 07 00 F7 D4 47   // передача: 7 байт; 21:31:57:108 28.02.2018
// приём по количеству байт: 39 из 39
// принято с порта: 39 байт

01 00 27 00 F7 D2 E5 F1 F2 20 EF E0 EC FF F2 E8 3A 20 32 20 20 20 20 20 20 20 20 32 34 25 00 20 20 20 20 20 20 14 C7   // прием: 39 байт; 21:31:57:178 28.02.2018
// таймаут: 70 мсек

Тест памяти: 2  
      24%       

CA E0 EB FE EC ED FB 20 

00 00 07 00 F7 D4 47   // передача: 7 байт; 21:31:57:613 28.02.2018
// приём по количеству байт: 39 из 39
// принято с порта: 39 байт

01 00 27 00 F7 D2 E5 F1 F2 20 EF E0 EC FF F2 E8 3A 20 32 20 20 20 20 20 20 20 20 32 35 25 00 20 20 20 20 20 20 19 57   // прием: 39 байт; 21:31:57:683 28.02.2018
// таймаут: 70 мсек

Тест памяти: 2  
      25%       

CA E0 EB FE EC ED FB 20 

00 00 07 00 F7 D4 47   // передача: 7 байт; 21:31:58:153 28.02.2018
// приём по количеству байт: 39 из 39
// принято с порта: 39 байт

01 00 27 00 F7 D2 E5 F1 F2 20 EF E0 EC FF F2 E8 3A 20 32 20 20 20 20 20 20 20 20 32 36 25 00 20 20 20 20 20 20 0D A7   // прием: 39 байт; 21:31:58:213 28.02.2018
// таймаут: 60 мсек

Тест памяти: 2  
      26%       

CA E0 EB FE EC ED FB 20 

00 00 07 00 F7 D4 47   // передача: 7 байт; 21:31:58:676 28.02.2018
// приём по количеству байт: 39 из 39
// принято с порта: 39 байт

01 00 27 00 F7 D2 E5 F1 F2 20 EF E0 EC FF F2 E8 3A 20 32 20 20 20 20 20 20 20 20 32 37 25 00 20 20 20 20 20 20 00 37   // прием: 39 байт; 21:31:58:746 28.02.2018
// таймаут: 70 мсек

Тест памяти: 2  
      27%       

CA E0 EB FE EC ED FB 20 

00 00 07 00 F7 D4 47   // передача: 7 байт; 21:33:14:566 28.02.2018
// приём по количеству байт: 39 из 39
// принято с порта: 39 байт

01 00 27 00 F7 D2 E5 F1 F2 20 EF E0 EC FF F2 E8 3A 20 33 20 20 20 20 20 20 20 20 37 31 25 00 20 20 20 20 20 20 06 7B   // прием: 39 байт; 21:33:14:626 28.02.2018
// таймаут: 60 мсек

Тест памяти: 3  
      71%       

CA E0 EB FE EC ED FB 20 

00 00 07 00 F7 D4 47   // передача: 7 байт; 21:33:15:132 28.02.2018
// приём по количеству байт: 39 из 39
// принято с порта: 39 байт

01 00 27 00 F7 D2 E5 F1 F2 20 EF E0 EC FF F2 E8 3A 20 33 20 20 20 20 20 20 20 20 37 34 25 00 20 20 20 20 20 20 39 2B   // прием: 39 байт; 21:33:15:192 28.02.2018
// таймаут: 60 мсек

Тест памяти: 3  
      74%       

CA E0 EB FE EC ED FB 20 

00 00 07 00 F7 D4 47   // передача: 7 байт; 21:33:15:632 28.02.2018
// приём по количеству байт: 39 из 39
// принято с порта: 39 байт

01 00 27 00 F7 D2 E5 F1 F2 20 EF E0 EC FF F2 E8 3A 20 33 20 20 20 20 20 20 20 20 37 37 25 00 20 20 20 20 20 20 2D DB   // прием: 39 байт; 21:33:15:702 28.02.2018
// таймаут: 70 мсек

Тест памяти: 3  
      77%       

CA E0 EB FE EC ED FB 20 

00 00 07 00 F7 D4 47   // передача: 7 байт; 21:33:16:052 28.02.2018
// приём по количеству байт: 39 из 39
// принято с порта: 39 байт

01 00 27 00 F7 D2 E5 F1 F2 20 EF E0 EC FF F2 E8 3A 20 33 20 20 20 20 20 20 20 20 38 30 25 00 20 20 20 20 20 20 3B DB   // прием: 39 байт; 21:33:16:112 28.02.2018
// таймаут: 60 мсек

Тест памяти: 3  
      80%       

CA E0 EB FE EC ED FB 20 

00 00 07 00 F7 D4 47   // передача: 7 байт; 21:33:16:459 28.02.2018
// приём по количеству байт: 39 из 39
// принято с порта: 39 байт

01 00 27 00 F7 D2 E5 F1 F2 20 EF E0 EC FF F2 E8 3A 20 33 20 20 20 20 20 20 20 20 38 32 25 00 20 20 20 20 20 20 22 BB   // прием: 39 байт; 21:33:16:519 28.02.2018
// таймаут: 60 мсек

Тест памяти: 3  
      82%       

CA E0 EB FE EC ED FB 20 

00 00 07 00 F7 D4 47   // передача: 7 байт; 21:33:16:899 28.02.2018
// приём по количеству байт: 39 из 39
// принято с порта: 39 байт

01 00 27 00 F7 D2 E5 F1 F2 20 EF E0 EC FF F2 E8 3A 20 33 20 20 20 20 20 20 20 20 38 35 25 00 20 20 20 20 20 20 04 8B   // прием: 39 байт; 21:33:16:969 28.02.2018
// таймаут: 70 мсек

Тест памяти: 3  
      85%       

CA E0 EB FE EC ED FB 20 

00 00 07 00 F7 D4 47   // передача: 7 байт; 21:33:17:290 28.02.2018
// приём по количеству байт: 39 из 39
// принято с порта: 39 байт

01 00 27 00 F7 D2 E5 F1 F2 20 EF E0 EC FF F2 E8 3A 20 33 20 20 20 20 20 20 20 20 38 37 25 00 20 20 20 20 20 20 1D EB   // прием: 39 байт; 21:33:17:360 28.02.2018
// таймаут: 70 мсек

Тест памяти: 3  
      87%       

CA E0 EB FE EC ED FB 20 

00 00 07 00 F7 D4 47   // передача: 7 байт; 21:33:17:719 28.02.2018
// приём по количеству байт: 39 из 39
// принято с порта: 39 байт

01 00 27 00 F7 D2 E5 F1 F2 20 EF E0 EC FF F2 E8 3A 20 33 20 20 20 20 20 20 20 20 39 30 25 00 20 20 20 20 20 20 6A 1E   // прием: 39 байт; 21:33:17:779 28.02.2018
// таймаут: 60 мсек

Тест памяти: 3  
      90%       

CA E0 EB FE EC ED FB 20 

00 00 07 00 F7 D4 47   // передача: 7 байт; 21:33:18:071 28.02.2018
// приём по количеству байт: 39 из 39
// принято с порта: 39 байт

01 00 27 00 F7 D2 E5 F1 F2 20 EF E0 EC FF F2 E8 3A 20 33 20 20 20 20 20 20 20 20 39 32 25 00 20 20 20 20 20 20 73 7E   // прием: 39 байт; 21:33:18:142 28.02.2018
// таймаут: 71 мсек

Тест памяти: 3  
      92%       

CA E0 EB FE EC ED FB 20 

00 00 07 00 F7 D4 47   // передача: 7 байт; 21:33:18:463 28.02.2018
// приём по количеству байт: 39 из 39
// принято с порта: 39 байт

01 00 27 00 F7 D2 E5 F1 F2 20 EF E0 EC FF F2 E8 3A 20 33 20 20 20 20 20 20 20 20 39 34 25 00 20 20 20 20 20 20 58 DE   // прием: 39 байт; 21:33:18:525 28.02.2018
// таймаут: 62 мсек

Тест памяти: 3  
      94%       

CA E0 EB FE EC ED FB 20 

00 00 07 00 F7 D4 47   // передача: 7 байт; 21:33:18:855 28.02.2018
// приём по количеству байт: 39 из 39
// принято с порта: 39 байт

01 00 27 00 F7 D2 E5 F1 F2 20 EF E0 EC FF F2 E8 3A 20 33 20 20 20 20 20 20 20 20 39 36 25 00 20 20 20 20 20 20 41 BE   // прием: 39 байт; 21:33:18:925 28.02.2018
// таймаут: 70 мсек

Тест памяти: 3  
      96%       

CA E0 EB FE EC ED FB 20 

00 00 07 00 F7 D4 47   // передача: 7 байт; 21:33:19:286 28.02.2018
// приём по количеству байт: 39 из 39
// принято с порта: 39 байт

01 00 27 00 F7 D2 E5 F1 F2 20 EF E0 EC FF F2 E8 3A 20 33 20 20 20 20 20 20 20 20 39 39 25 00 20 20 20 20 20 20 00 4E   // прием: 39 байт; 21:33:19:356 28.02.2018
// таймаут: 70 мсек

Тест памяти: 3  
      99%       

CA E0 EB FE EC ED FB 20 

00 00 07 00 F7 D4 47   // передача: 7 байт; 21:33:19:655 28.02.2018

CA E0 EB FE EC ED FB 20 

00 00 07 00 F7 D4 47   // передача: 7 байт; 21:33:20:262 28.02.2018

CA E0 EB FE EC ED FB 20 

00 00 07 00 F7 D4 47   // передача: 7 байт; 21:33:20:762 28.02.2018

CA E0 EB FE EC ED FB 20 

00 00 07 00 F7 D4 47   // передача: 7 байт; 21:33:21:341 28.02.2018

CA E0 EB FE EC ED FB 20 

00 00 07 00 F7 D4 47   // передача: 7 байт; 21:33:22:155 28.02.2018
// приём по таймауту: 1000 мс
// принято с порта: 0 байт
повтор: 1

CA E0 EB FE EC ED FB 20 

00 00 07 00 F7 D4 47   // передача: 7 байт; 21:33:23:165 28.02.2018

CA E0 EB FE EC ED FB 20 

00 00 07 00 F7 D4 47   // передача: 7 байт; 21:33:23:335 28.02.2018
// приём по таймауту: 1000 мс
// принято с порта: 0 байт
повтор: 2

CA E0 EB FE EC ED FB 20 

00 00 07 00 F7 D4 47   // передача: 7 байт; 21:33:24:337 28.02.2018
// приём по таймауту: 1000 мс
// принято с порта: 0 байт
повтор: 3

CA E0 EB FE EC ED FB 20 

00 00 07 00 F7 D4 47   // передача: 7 байт; 21:33:25:347 28.02.2018

CA E0 EB FE EC ED FB 20 

00 00 07 00 F7 D4 47   // передача: 7 байт; 21:33:25:387 28.02.2018

CA E0 EB FE EC ED FB 20 

00 00 07 00 F7 D4 47   // передача: 7 байт; 21:33:26:154 28.02.2018

CA E0 EB FE EC ED FB 20 

00 00 07 00 F7 D4 47   // передача: 7 байт; 21:33:26:820 28.02.2018
// приём по таймауту: 1000 мс
// принято с порта: 0 байт
повтор: 4

CA E0 EB FE EC ED FB 20 

00 00 07 00 F7 D4 47   // передача: 7 байт; 21:33:27:829 28.02.2018
// приём по количеству байт: 39 из 39
// принято с порта: 39 байт

01 00 27 00 F7 CD E0 F1 F2 F0 EE E9 EA E0 20 20 20 20 20 20 20 20 20 20 20 20 20 20 20 20 20 20 20 20 20 20 20 5D 58   // прием: 39 байт; 21:33:28:211 28.02.2018
// таймаут: 382 мсек

Настройка       
                

CA E0 EB FE EC ED FB 20 

00 00 07 00 F7 D4 47   // передача: 7 байт; 21:33:29:380 28.02.2018
// приём по количеству байт: 39 из 39
// принято с порта: 39 байт

01 00 27 00 F7 CD E0 F1 F2 F0 EE E9 EA E0 20 20 20 20 20 20 20 20 20 20 20 20 20 20 20 20 20 20 20 20 20 20 20 5D 58   // прием: 39 байт; 21:33:29:440 28.02.2018
// таймаут: 60 мсек

Настройка       
                

CA E0 EB FE EC ED FB 20 

00 00 07 00 F7 D4 47   // передача: 7 байт; 21:45:17:974 28.02.2018

CA E0 EB FE EC ED FB 20 

00 00 08 00 F6 0C 45 DE   // передача: 8 байт; 21:45:18:904 28.02.2018
// приём по таймауту: 1000 мс
// принято с порта: 0 байт
повтор: 1

CA E0 EB FE EC ED FB 20 

00 00 08 00 F6 0C 45 DE   // передача: 8 байт; 21:45:19:911 28.02.2018
// приём по таймауту: 1000 мс
// принято с порта: 0 байт
повтор: 2

CA E0 EB FE EC ED FB 20 

00 00 08 00 F6 0C 45 DE   // передача: 8 байт; 21:45:20:928 28.02.2018
// приём по количеству байт: 9 из 9
// принято с порта: 9 байт

01 00 09 00 F6 00 00 37 F3   // прием: 9 байт; 21:45:20:958 28.02.2018
// таймаут: 30 мсек


CA E0 EB FE EC ED FB 20 

00 00 07 00 F7 D4 47   // передача: 7 байт; 21:45:20:958 28.02.2018
// приём по количеству байт: 39 из 39
// принято с порта: 39 байт

01 00 27 00 F7 CF F0 EE E3 F0 E0 EC EC E0 20 3F 20 20 20 20 20 2D 5F 5F 5F 20 20 20 20 20 20 20 20 20 20 20 20 16 D2   // прием: 39 байт; 21:45:21:028 28.02.2018
// таймаут: 70 мсек

Программа ?     
-___            

CA E0 EB FE EC ED FB 20 

00 00 07 00 F7 D4 47   // передача: 7 байт; 21:45:21:068 28.02.2018
// приём по количеству байт: 39 из 39
// принято с порта: 39 байт

01 00 27 00 F7 CF F0 EE E3 F0 E0 EC EC E0 20 3F 20 20 20 20 20 2D 5F 5F 5F 20 20 20 20 20 20 20 20 20 20 20 20 16 D2   // прием: 39 байт; 21:45:21:129 28.02.2018
// таймаут: 61 мсек

Программа ?     
-___            

CA E0 EB FE EC ED FB 20 

00 00 08 00 F6 08 44 1D   // передача: 8 байт; 21:45:22:444 28.02.2018
// приём по количеству байт: 9 из 9
// принято с порта: 9 байт

01 00 09 00 F6 00 00 37 F3   // прием: 9 байт; 21:45:22:474 28.02.2018
// таймаут: 30 мсек


CA E0 EB FE EC ED FB 20 

00 00 07 00 F7 D4 47   // передача: 7 байт; 21:45:22:474 28.02.2018
// приём по количеству байт: 39 из 39
// принято с порта: 39 байт

01 00 27 00 F7 CF F0 EE E3 F0 E0 EC EC E0 20 3F 20 20 20 20 20 2D 5F 5F 38 20 20 20 20 20 20 20 20 20 20 20 20 9C 35   // прием: 39 байт; 21:45:22:545 28.02.2018
// таймаут: 71 мсек

Программа ?     
-__8            

CA E0 EB FE EC ED FB 20 

00 00 08 00 F6 01 84 1B   // передача: 8 байт; 21:45:23:021 28.02.2018
// приём по количеству байт: 9 из 9
// принято с порта: 9 байт

01 00 09 00 F6 00 00 37 F3   // прием: 9 байт; 21:45:23:061 28.02.2018
// таймаут: 40 мсек


CA E0 EB FE EC ED FB 20 

00 00 07 00 F7 D4 47   // передача: 7 байт; 21:45:23:061 28.02.2018
// приём по количеству байт: 39 из 39
// принято с порта: 39 байт

01 00 27 00 F7 CF F0 EE E3 F0 E0 EC EC E0 20 3F 20 20 20 20 20 2D 5F 38 31 20 20 20 20 20 20 20 20 20 20 20 20 E7 5B   // прием: 39 байт; 21:45:23:121 28.02.2018
// таймаут: 60 мсек

Программа ?     
-_81            

CA E0 EB FE EC ED FB 20 

00 00 08 00 F6 0D 84 1E   // передача: 8 байт; 21:45:23:961 28.02.2018
// приём по количеству байт: 9 из 9
// принято с порта: 9 байт

01 00 09 00 F6 00 00 37 F3   // прием: 9 байт; 21:45:23:991 28.02.2018
// таймаут: 30 мсек


CA E0 EB FE EC ED FB 20 

00 00 07 00 F7 D4 47   // передача: 7 байт; 21:45:24:001 28.02.2018
// приём по количеству байт: 39 из 39
// принято с порта: 39 байт

01 00 27 00 F7 CF EE EB ED FB E9 20 F1 E1 F0 EE F1 20 20 20 20 2E ED E5 F2 00 20 20 20 20 20 20 20 20 20 20 20 86 62   // прием: 39 байт; 21:45:24:061 28.02.2018
// таймаут: 60 мсек

Полный сброс    
.нет            

CA E0 EB FE EC ED FB 20 

00 00 08 00 F6 0B 04 1C   // передача: 8 байт; 21:45:25:309 28.02.2018
// приём по количеству байт: 9 из 9
// принято с порта: 9 байт

01 00 09 00 F6 00 00 37 F3   // прием: 9 байт; 21:45:25:340 28.02.2018
// таймаут: 31 мсек


CA E0 EB FE EC ED FB 20 

00 00 07 00 F7 D4 47   // передача: 7 байт; 21:45:25:340 28.02.2018
// приём по количеству байт: 39 из 39
// принято с порта: 39 байт

01 00 27 00 F7 CF EE EB ED FB E9 20 F1 E1 F0 EE F1 20 20 20 20 2E E4 E0 20 00 20 20 20 20 20 20 20 20 20 20 20 72 B2   // прием: 39 байт; 21:45:25:401 28.02.2018
// таймаут: 61 мсек

Полный сброс    
.да             

CA E0 EB FE EC ED FB 20 

00 00 08 00 F6 0D 84 1E   // передача: 8 байт; 21:45:25:813 28.02.2018
// приём по количеству байт: 9 из 9
// принято с порта: 9 байт

01 00 09 00 F6 00 00 37 F3   // прием: 9 байт; 21:45:25:840 28.02.2018
// таймаут: 27 мсек


CA E0 EB FE EC ED FB 20 

00 00 07 00 F7 D4 47   // передача: 7 байт; 21:45:25:840 28.02.2018
// приём по количеству байт: 39 из 39
// принято с порта: 39 байт

01 00 27 00 F7 D2 E5 F1 F2 20 EF E0 EC FF F2 E8 3A 20 31 20 20 20 20 20 20 20 20 20 30 25 00 20 20 20 20 20 20 C2 1C   // прием: 39 байт; 21:45:25:920 28.02.2018
// таймаут: 80 мсек

Тест памяти: 1  
       0%       

CA E0 EB FE EC ED FB 20 

00 00 07 00 F7 D4 47   // передача: 7 байт; 21:45:27:318 28.02.2018
// приём по количеству байт: 39 из 39
// принято с порта: 39 байт

01 00 27 00 F7 D2 E5 F1 F2 20 EF E0 EC FF F2 E8 3A 20 31 20 20 20 20 20 20 20 20 32 37 25 00 20 20 20 20 20 20 44 73   // прием: 39 байт; 21:45:27:386 28.02.2018
// таймаут: 68 мсек

Тест памяти: 1  
      27%       

CA E0 EB FE EC ED FB 20 

00 00 07 00 F7 D4 47   // передача: 7 байт; 21:45:28:137 28.02.2018
// приём по количеству байт: 39 из 39
// принято с порта: 39 байт

01 00 27 00 F7 D2 E5 F1 F2 20 EF E0 EC FF F2 E8 3A 20 31 20 20 20 20 20 20 20 20 34 32 25 00 20 20 20 20 20 20 9B 3C   // прием: 39 байт; 21:45:28:207 28.02.2018
// таймаут: 70 мсек

Тест памяти: 1  
      42%       

CA E0 EB FE EC ED FB 20 

00 00 07 00 F7 D4 47   // передача: 7 байт; 21:45:29:695 28.02.2018
// приём по количеству байт: 39 из 39
// принято с порта: 39 байт

01 00 27 00 F7 D2 E5 F1 F2 20 EF E0 EC FF F2 E8 3A 20 31 20 20 20 20 20 20 20 20 37 30 25 00 20 20 20 20 20 20 72 53   // прием: 39 байт; 21:45:29:765 28.02.2018
// таймаут: 70 мсек

Тест памяти: 1  
      70%       

CA E0 EB FE EC ED FB 20 

00 00 07 00 F7 D4 47   // передача: 7 байт; 21:45:30:269 28.02.2018
// приём по количеству байт: 39 из 39
// принято с порта: 39 байт

01 00 27 00 F7 D2 E5 F1 F2 20 EF E0 EC FF F2 E8 3A 20 31 20 20 20 20 20 20 20 20 38 30 25 00 20 20 20 20 20 20 42 63   // прием: 39 байт; 21:45:30:331 28.02.2018
// таймаут: 62 мсек

Тест памяти: 1  
      80%       

CA E0 EB FE EC ED FB 20 

00 00 07 00 F7 D4 47   // передача: 7 байт; 21:45:30:842 28.02.2018
// приём по количеству байт: 39 из 39
// принято с порта: 39 байт

01 00 27 00 F7 D2 E5 F1 F2 20 EF E0 EC FF F2 E8 3A 20 31 20 20 20 20 20 20 20 20 39 31 25 00 20 20 20 20 20 20 1E 36   // прием: 39 байт; 21:45:30:909 28.02.2018
// таймаут: 67 мсек

Тест памяти: 1  
      91%       

CA E0 EB FE EC ED FB 20 

00 00 07 00 F7 D4 47   // передача: 7 байт; 21:45:31:422 28.02.2018
// приём по количеству байт: 39 из 39
// принято с порта: 39 байт

01 00 27 00 F7 D2 E5 F1 F2 20 EF E0 EC FF F2 E8 3A 20 32 20 20 20 20 20 20 20 20 20 30 25 00 20 20 20 20 20 20 86 58   // прием: 39 байт; 21:45:31:493 28.02.2018
// таймаут: 71 мсек

Тест памяти: 2  
       0%       

CA E0 EB FE EC ED FB 20 

00 00 07 00 F7 D4 47   // передача: 7 байт; 21:45:32:006 28.02.2018
// приём по количеству байт: 39 из 39
// принято с порта: 39 байт

01 00 27 00 F7 D2 E5 F1 F2 20 EF E0 EC FF F2 E8 3A 20 32 20 20 20 20 20 20 20 20 20 31 25 00 20 20 20 20 20 20 8B C8   // прием: 39 байт; 21:45:32:066 28.02.2018
// таймаут: 60 мсек

Тест памяти: 2  
       1%       

CA E0 EB FE EC ED FB 20 

00 00 07 00 F7 D4 47   // передача: 7 байт; 21:45:32:597 28.02.2018
// приём по количеству байт: 39 из 39
// принято с порта: 39 байт

01 00 27 00 F7 D2 E5 F1 F2 20 EF E0 EC FF F2 E8 3A 20 32 20 20 20 20 20 20 20 20 20 32 25 00 20 20 20 20 20 20 9F 38   // прием: 39 байт; 21:45:32:667 28.02.2018
// таймаут: 70 мсек

Тест памяти: 2  
       2%       

CA E0 EB FE EC ED FB 20 

00 00 07 00 F7 D4 47   // передача: 7 байт; 21:45:33:171 28.02.2018
// приём по количеству байт: 39 из 39
// принято с порта: 39 байт

01 00 27 00 F7 D2 E5 F1 F2 20 EF E0 EC FF F2 E8 3A 20 32 20 20 20 20 20 20 20 20 20 33 25 00 20 20 20 20 20 20 92 A8   // прием: 39 байт; 21:45:33:231 28.02.2018
// таймаут: 60 мсек

Тест памяти: 2  
       3%       

CA E0 EB FE EC ED FB 20 

00 00 07 00 F7 D4 47   // передача: 7 байт; 21:45:33:745 28.02.2018
// приём по количеству байт: 39 из 39
// принято с порта: 39 байт

01 00 27 00 F7 D2 E5 F1 F2 20 EF E0 EC FF F2 E8 3A 20 32 20 20 20 20 20 20 20 20 20 34 25 00 20 20 20 20 20 20 B4 98   // прием: 39 байт; 21:45:33:805 28.02.2018
// таймаут: 60 мсек

Тест памяти: 2  
       4%       

CA E0 EB FE EC ED FB 20 

00 00 07 00 F7 D4 47   // передача: 7 байт; 21:45:34:306 28.02.2018
// приём по количеству байт: 39 из 39
// принято с порта: 39 байт

01 00 27 00 F7 D2 E5 F1 F2 20 EF E0 EC FF F2 E8 3A 20 32 20 20 20 20 20 20 20 20 20 35 25 00 20 20 20 20 20 20 B9 08   // прием: 39 байт; 21:45:34:376 28.02.2018
// таймаут: 70 мсек

Тест памяти: 2  
       5%       

CA E0 EB FE EC ED FB 20 

00 00 07 00 F7 D4 47   // передача: 7 байт; 21:45:34:888 28.02.2018
// приём по количеству байт: 39 из 39
// принято с порта: 39 байт

01 00 27 00 F7 D2 E5 F1 F2 20 EF E0 EC FF F2 E8 3A 20 32 20 20 20 20 20 20 20 20 20 35 25 00 20 20 20 20 20 20 B9 08   // прием: 39 байт; 21:45:34:949 28.02.2018
// таймаут: 61 мсек

Тест памяти: 2  
       5%       

CA E0 EB FE EC ED FB 20 

00 00 07 00 F7 D4 47   // передача: 7 байт; 21:45:35:463 28.02.2018
// приём по количеству байт: 39 из 39
// принято с порта: 39 байт

01 00 27 00 F7 D2 E5 F1 F2 20 EF E0 EC FF F2 E8 3A 20 32 20 20 20 20 20 20 20 20 20 36 25 00 20 20 20 20 20 20 AD F8   // прием: 39 байт; 21:45:35:535 28.02.2018
// таймаут: 72 мсек

Тест памяти: 2  
       6%       

CA E0 EB FE EC ED FB 20 

00 00 07 00 F7 D4 47   // передача: 7 байт; 21:45:36:039 28.02.2018
// приём по количеству байт: 39 из 39
// принято с порта: 39 байт

01 00 27 00 F7 D2 E5 F1 F2 20 EF E0 EC FF F2 E8 3A 20 32 20 20 20 20 20 20 20 20 20 37 25 00 20 20 20 20 20 20 A0 68   // прием: 39 байт; 21:45:36:109 28.02.2018
// таймаут: 70 мсек

Тест памяти: 2  
       7%       

CA E0 EB FE EC ED FB 20 

00 00 07 00 F7 D4 47   // передача: 7 байт; 21:45:36:611 28.02.2018
// приём по количеству байт: 39 из 39
// принято с порта: 39 байт

01 00 27 00 F7 D2 E5 F1 F2 20 EF E0 EC FF F2 E8 3A 20 32 20 20 20 20 20 20 20 20 20 38 25 00 20 20 20 20 20 20 E1 98   // прием: 39 байт; 21:45:36:681 28.02.2018
// таймаут: 70 мсек

Тест памяти: 2  
       8%       

CA E0 EB FE EC ED FB 20 

00 00 07 00 F7 D4 47   // передача: 7 байт; 21:45:37:201 28.02.2018
// приём по количеству байт: 39 из 39
// принято с порта: 39 байт

01 00 27 00 F7 D2 E5 F1 F2 20 EF E0 EC FF F2 E8 3A 20 32 20 20 20 20 20 20 20 20 20 39 25 00 20 20 20 20 20 20 EC 08   // прием: 39 байт; 21:45:37:271 28.02.2018
// таймаут: 70 мсек

Тест памяти: 2  
       9%       

CA E0 EB FE EC ED FB 20 

00 00 07 00 F7 D4 47   // передача: 7 байт; 21:45:37:781 28.02.2018
// приём по количеству байт: 39 из 39
// принято с порта: 39 байт

01 00 27 00 F7 D2 E5 F1 F2 20 EF E0 EC FF F2 E8 3A 20 32 20 20 20 20 20 20 20 20 31 30 25 00 20 20 20 20 20 20 D6 08   // прием: 39 байт; 21:45:37:851 28.02.2018
// таймаут: 70 мсек

Тест памяти: 2  
      10%       

CA E0 EB FE EC ED FB 20 

00 00 07 00 F7 D4 47   // передача: 7 байт; 21:45:38:363 28.02.2018
// приём по количеству байт: 39 из 39
// принято с порта: 39 байт

01 00 27 00 F7 D2 E5 F1 F2 20 EF E0 EC FF F2 E8 3A 20 32 20 20 20 20 20 20 20 20 31 30 25 00 20 20 20 20 20 20 D6 08   // прием: 39 байт; 21:45:38:429 28.02.2018
// таймаут: 66 мсек

Тест памяти: 2  
      10%       

CA E0 EB FE EC ED FB 20 

00 00 07 00 F7 D4 47   // передача: 7 байт; 21:45:38:949 28.02.2018
// приём по количеству байт: 39 из 39
// принято с порта: 39 байт

01 00 27 00 F7 D2 E5 F1 F2 20 EF E0 EC FF F2 E8 3A 20 32 20 20 20 20 20 20 20 20 31 31 25 00 20 20 20 20 20 20 DB 98   // прием: 39 байт; 21:45:39:009 28.02.2018
// таймаут: 60 мсек

Тест памяти: 2  
      11%       

CA E0 EB FE EC ED FB 20 

00 00 07 00 F7 D4 47   // передача: 7 байт; 21:45:39:519 28.02.2018
// приём по количеству байт: 39 из 39
// принято с порта: 39 байт

01 00 27 00 F7 D2 E5 F1 F2 20 EF E0 EC FF F2 E8 3A 20 32 20 20 20 20 20 20 20 20 31 32 25 00 20 20 20 20 20 20 CF 68   // прием: 39 байт; 21:45:39:589 28.02.2018
// таймаут: 70 мсек

Тест памяти: 2  
      12%       

CA E0 EB FE EC ED FB 20 

00 00 07 00 F7 D4 47   // передача: 7 байт; 21:45:40:099 28.02.2018
// приём по количеству байт: 39 из 39
// принято с порта: 39 байт

01 00 27 00 F7 D2 E5 F1 F2 20 EF E0 EC FF F2 E8 3A 20 32 20 20 20 20 20 20 20 20 31 33 25 00 20 20 20 20 20 20 C2 F8   // прием: 39 байт; 21:45:40:169 28.02.2018
// таймаут: 70 мсек

Тест памяти: 2  
      13%       

CA E0 EB FE EC ED FB 20 

00 00 07 00 F7 D4 47   // передача: 7 байт; 21:45:40:671 28.02.2018
// приём по количеству байт: 39 из 39
// принято с порта: 39 байт

01 00 27 00 F7 D2 E5 F1 F2 20 EF E0 EC FF F2 E8 3A 20 32 20 20 20 20 20 20 20 20 31 34 25 00 20 20 20 20 20 20 E4 C8   // прием: 39 байт; 21:45:40:741 28.02.2018
// таймаут: 70 мсек

Тест памяти: 2  
      14%       

CA E0 EB FE EC ED FB 20 

00 00 07 00 F7 D4 47   // передача: 7 байт; 21:45:41:249 28.02.2018
// приём по количеству байт: 39 из 39
// принято с порта: 39 байт

01 00 27 00 F7 D2 E5 F1 F2 20 EF E0 EC FF F2 E8 3A 20 32 20 20 20 20 20 20 20 20 31 35 25 00 20 20 20 20 20 20 E9 58   // прием: 39 байт; 21:45:41:321 28.02.2018
// таймаут: 72 мсек

Тест памяти: 2  
      15%       

CA E0 EB FE EC ED FB 20 

00 00 07 00 F7 D4 47   // передача: 7 байт; 21:45:41:829 28.02.2018
// приём по количеству байт: 39 из 39
// принято с порта: 39 байт

01 00 27 00 F7 D2 E5 F1 F2 20 EF E0 EC FF F2 E8 3A 20 32 20 20 20 20 20 20 20 20 31 35 25 00 20 20 20 20 20 20 E9 58   // прием: 39 байт; 21:45:41:899 28.02.2018
// таймаут: 70 мсек

Тест памяти: 2  
      15%       

CA E0 EB FE EC ED FB 20 

00 00 07 00 F7 D4 47   // передача: 7 байт; 21:45:42:404 28.02.2018
// приём по количеству байт: 39 из 39
// принято с порта: 39 байт

01 00 27 00 F7 D2 E5 F1 F2 20 EF E0 EC FF F2 E8 3A 20 32 20 20 20 20 20 20 20 20 31 36 25 00 20 20 20 20 20 20 FD A8   // прием: 39 байт; 21:45:42:466 28.02.2018
// таймаут: 62 мсек

Тест памяти: 2  
      16%       

CA E0 EB FE EC ED FB 20 

00 00 07 00 F7 D4 47   // передача: 7 байт; 21:45:42:976 28.02.2018
// приём по количеству байт: 39 из 39
// принято с порта: 39 байт

01 00 27 00 F7 D2 E5 F1 F2 20 EF E0 EC FF F2 E8 3A 20 32 20 20 20 20 20 20 20 20 31 37 25 00 20 20 20 20 20 20 F0 38   // прием: 39 байт; 21:45:43:043 28.02.2018
// таймаут: 67 мсек

Тест памяти: 2  
      17%       

CA E0 EB FE EC ED FB 20 

00 00 07 00 F7 D4 47   // передача: 7 байт; 21:45:43:566 28.02.2018
// приём по количеству байт: 39 из 39
// принято с порта: 39 байт

01 00 27 00 F7 D2 E5 F1 F2 20 EF E0 EC FF F2 E8 3A 20 32 20 20 20 20 20 20 20 20 31 38 25 00 20 20 20 20 20 20 B1 C8   // прием: 39 байт; 21:45:43:638 28.02.2018
// таймаут: 72 мсек

Тест памяти: 2  
      18%       

CA E0 EB FE EC ED FB 20 

00 00 07 00 F7 D4 47   // передача: 7 байт; 21:45:44:148 28.02.2018
// приём по количеству байт: 39 из 39
// принято с порта: 39 байт

01 00 27 00 F7 D2 E5 F1 F2 20 EF E0 EC FF F2 E8 3A 20 32 20 20 20 20 20 20 20 20 31 39 25 00 20 20 20 20 20 20 BC 58   // прием: 39 байт; 21:45:44:218 28.02.2018
// таймаут: 70 мсек

Тест памяти: 2  
      19%       

CA E0 EB FE EC ED FB 20 

00 00 07 00 F7 D4 47   // передача: 7 байт; 21:45:44:732 28.02.2018
// приём по количеству байт: 39 из 39
// принято с порта: 39 байт

01 00 27 00 F7 D2 E5 F1 F2 20 EF E0 EC FF F2 E8 3A 20 32 20 20 20 20 20 20 20 20 32 30 25 00 20 20 20 20 20 20 26 07   // прием: 39 байт; 21:45:44:802 28.02.2018
// таймаут: 70 мсек

Тест памяти: 2  
      20%       

CA E0 EB FE EC ED FB 20 

00 00 07 00 F7 D4 47   // передача: 7 байт; 21:45:45:308 28.02.2018
// приём по количеству байт: 39 из 39
// принято с порта: 39 байт

01 00 27 00 F7 D2 E5 F1 F2 20 EF E0 EC FF F2 E8 3A 20 32 20 20 20 20 20 20 20 20 32 30 25 00 20 20 20 20 20 20 26 07   // прием: 39 байт; 21:45:45:368 28.02.2018
// таймаут: 60 мсек

Тест памяти: 2  
      20%       

CA E0 EB FE EC ED FB 20 

00 00 07 00 F7 D4 47   // передача: 7 байт; 21:45:45:886 28.02.2018
// приём по количеству байт: 39 из 39
// принято с порта: 39 байт

01 00 27 00 F7 D2 E5 F1 F2 20 EF E0 EC FF F2 E8 3A 20 32 20 20 20 20 20 20 20 20 32 31 25 00 20 20 20 20 20 20 2B 97   // прием: 39 байт; 21:45:45:957 28.02.2018
// таймаут: 71 мсек

Тест памяти: 2  
      21%       

CA E0 EB FE EC ED FB 20 

00 00 07 00 F7 D4 47   // передача: 7 байт; 21:45:46:461 28.02.2018
// приём по количеству байт: 39 из 39
// принято с порта: 39 байт

01 00 27 00 F7 D2 E5 F1 F2 20 EF E0 EC FF F2 E8 3A 20 32 20 20 20 20 20 20 20 20 32 32 25 00 20 20 20 20 20 20 3F 67   // прием: 39 байт; 21:45:46:521 28.02.2018
// таймаут: 60 мсек

Тест памяти: 2  
      22%       

CA E0 EB FE EC ED FB 20 

00 00 07 00 F7 D4 47   // передача: 7 байт; 21:45:47:030 28.02.2018
// приём по количеству байт: 39 из 39
// принято с порта: 39 байт

01 00 27 00 F7 D2 E5 F1 F2 20 EF E0 EC FF F2 E8 3A 20 32 20 20 20 20 20 20 20 20 32 33 25 00 20 20 20 20 20 20 32 F7   // прием: 39 байт; 21:45:47:092 28.02.2018
// таймаут: 62 мсек

Тест памяти: 2  
      23%       

CA E0 EB FE EC ED FB 20 

00 00 07 00 F7 D4 47   // передача: 7 байт; 21:45:47:606 28.02.2018
// приём по количеству байт: 39 из 39
// принято с порта: 39 байт

01 00 27 00 F7 D2 E5 F1 F2 20 EF E0 EC FF F2 E8 3A 20 32 20 20 20 20 20 20 20 20 32 34 25 00 20 20 20 20 20 20 14 C7   // прием: 39 байт; 21:45:47:678 28.02.2018
// таймаут: 72 мсек

Тест памяти: 2  
      24%       

CA E0 EB FE EC ED FB 20 

00 00 07 00 F7 D4 47   // передача: 7 байт; 21:45:48:198 28.02.2018
// приём по количеству байт: 39 из 39
// принято с порта: 39 байт

01 00 27 00 F7 D2 E5 F1 F2 20 EF E0 EC FF F2 E8 3A 20 32 20 20 20 20 20 20 20 20 32 35 25 00 20 20 20 20 20 20 19 57   // прием: 39 байт; 21:45:48:268 28.02.2018
// таймаут: 70 мсек

Тест памяти: 2  
      25%       

CA E0 EB FE EC ED FB 20 

00 00 07 00 F7 D4 47   // передача: 7 байт; 21:45:48:774 28.02.2018
// приём по количеству байт: 39 из 39
// принято с порта: 39 байт

01 00 27 00 F7 D2 E5 F1 F2 20 EF E0 EC FF F2 E8 3A 20 32 20 20 20 20 20 20 20 20 32 35 25 00 20 20 20 20 20 20 19 57   // прием: 39 байт; 21:45:48:844 28.02.2018
// таймаут: 70 мсек

Тест памяти: 2  
      25%       

CA E0 EB FE EC ED FB 20 

00 00 07 00 F7 D4 47   // передача: 7 байт; 21:45:49:350 28.02.2018
// приём по количеству байт: 39 из 39
// принято с порта: 39 байт

01 00 27 00 F7 D2 E5 F1 F2 20 EF E0 EC FF F2 E8 3A 20 32 20 20 20 20 20 20 20 20 32 36 25 00 20 20 20 20 20 20 0D A7   // прием: 39 байт; 21:45:49:420 28.02.2018
// таймаут: 70 мсек

Тест памяти: 2  
      26%       

CA E0 EB FE EC ED FB 20 

00 00 07 00 F7 D4 47   // передача: 7 байт; 21:45:49:916 28.02.2018
// приём по количеству байт: 39 из 39
// принято с порта: 39 байт

01 00 27 00 F7 D2 E5 F1 F2 20 EF E0 EC FF F2 E8 3A 20 32 20 20 20 20 20 20 20 20 32 37 25 00 20 20 20 20 20 20 00 37   // прием: 39 байт; 21:45:49:976 28.02.2018
// таймаут: 60 мсек

Тест памяти: 2  
      27%       

CA E0 EB FE EC ED FB 20 

00 00 07 00 F7 D4 47   // передача: 7 байт; 21:45:50:493 28.02.2018
// приём по количеству байт: 39 из 39
// принято с порта: 39 байт

01 00 27 00 F7 D2 E5 F1 F2 20 EF E0 EC FF F2 E8 3A 20 32 20 20 20 20 20 20 20 20 32 38 25 00 20 20 20 20 20 20 41 C7   // прием: 39 байт; 21:45:50:554 28.02.2018
// таймаут: 61 мсек

Тест памяти: 2  
      28%       

CA E0 EB FE EC ED FB 20 

00 00 07 00 F7 D4 47   // передача: 7 байт; 21:45:51:063 28.02.2018
// приём по количеству байт: 39 из 39
// принято с порта: 39 байт

01 00 27 00 F7 D2 E5 F1 F2 20 EF E0 EC FF F2 E8 3A 20 32 20 20 20 20 20 20 20 20 32 39 25 00 20 20 20 20 20 20 4C 57   // прием: 39 байт; 21:45:51:135 28.02.2018
// таймаут: 72 мсек

Тест памяти: 2  
      29%       

CA E0 EB FE EC ED FB 20 

00 00 07 00 F7 D4 47   // передача: 7 байт; 21:45:51:624 28.02.2018
// приём по количеству байт: 39 из 39
// принято с порта: 39 байт

01 00 27 00 F7 D2 E5 F1 F2 20 EF E0 EC FF F2 E8 3A 20 32 20 20 20 20 20 20 20 20 33 30 25 00 20 20 20 20 20 20 77 C2   // прием: 39 байт; 21:45:51:694 28.02.2018
// таймаут: 70 мсек

Тест памяти: 2  
      30%       

CA E0 EB FE EC ED FB 20 

00 00 07 00 F7 D4 47   // передача: 7 байт; 21:45:52:202 28.02.2018
// приём по количеству байт: 39 из 39
// принято с порта: 39 байт

01 00 27 00 F7 D2 E5 F1 F2 20 EF E0 EC FF F2 E8 3A 20 32 20 20 20 20 20 20 20 20 33 30 25 00 20 20 20 20 20 20 77 C2   // прием: 39 байт; 21:45:52:272 28.02.2018
// таймаут: 70 мсек

Тест памяти: 2  
      30%       

CA E0 EB FE EC ED FB 20 

00 00 07 00 F7 D4 47   // передача: 7 байт; 21:45:52:784 28.02.2018
// приём по количеству байт: 39 из 39
// принято с порта: 39 байт

01 00 27 00 F7 D2 E5 F1 F2 20 EF E0 EC FF F2 E8 3A 20 32 20 20 20 20 20 20 20 20 33 31 25 00 20 20 20 20 20 20 7A 52   // прием: 39 байт; 21:45:52:844 28.02.2018
// таймаут: 60 мсек

Тест памяти: 2  
      31%       

CA E0 EB FE EC ED FB 20 

00 00 07 00 F7 D4 47   // передача: 7 байт; 21:45:53:343 28.02.2018
// приём по количеству байт: 39 из 39
// принято с порта: 39 байт

01 00 27 00 F7 D2 E5 F1 F2 20 EF E0 EC FF F2 E8 3A 20 32 20 20 20 20 20 20 20 20 33 32 25 00 20 20 20 20 20 20 6E A2   // прием: 39 байт; 21:45:53:414 28.02.2018
// таймаут: 71 мсек

Тест памяти: 2  
      32%       

CA E0 EB FE EC ED FB 20 

00 00 07 00 F7 D4 47   // передача: 7 байт; 21:45:53:922 28.02.2018
// приём по количеству байт: 39 из 39
// принято с порта: 39 байт

01 00 27 00 F7 D2 E5 F1 F2 20 EF E0 EC FF F2 E8 3A 20 32 20 20 20 20 20 20 20 20 33 33 25 00 20 20 20 20 20 20 63 32   // прием: 39 байт; 21:45:53:994 28.02.2018
// таймаут: 72 мсек

Тест памяти: 2  
      33%       

CA E0 EB FE EC ED FB 20 

00 00 07 00 F7 D4 47   // передача: 7 байт; 21:45:54:514 28.02.2018
// приём по количеству байт: 39 из 39
// принято с порта: 39 байт

01 00 27 00 F7 D2 E5 F1 F2 20 EF E0 EC FF F2 E8 3A 20 32 20 20 20 20 20 20 20 20 33 34 25 00 20 20 20 20 20 20 45 02   // прием: 39 байт; 21:45:54:576 28.02.2018
// таймаут: 62 мсек

Тест памяти: 2  
      34%       

CA E0 EB FE EC ED FB 20 

00 00 07 00 F7 D4 47   // передача: 7 байт; 21:45:55:096 28.02.2018
// приём по количеству байт: 39 из 39
// принято с порта: 39 байт

01 00 27 00 F7 D2 E5 F1 F2 20 EF E0 EC FF F2 E8 3A 20 32 20 20 20 20 20 20 20 20 33 35 25 00 20 20 20 20 20 20 48 92   // прием: 39 байт; 21:45:55:166 28.02.2018
// таймаут: 70 мсек

Тест памяти: 2  
      35%       

CA E0 EB FE EC ED FB 20 

00 00 07 00 F7 D4 47   // передача: 7 байт; 21:45:55:682 28.02.2018
// приём по количеству байт: 39 из 39
// принято с порта: 39 байт

01 00 27 00 F7 D2 E5 F1 F2 20 EF E0 EC FF F2 E8 3A 20 32 20 20 20 20 20 20 20 20 33 35 25 00 20 20 20 20 20 20 48 92   // прием: 39 байт; 21:45:55:752 28.02.2018
// таймаут: 70 мсек

Тест памяти: 2  
      35%       

CA E0 EB FE EC ED FB 20 

00 00 07 00 F7 D4 47   // передача: 7 байт; 21:45:56:265 28.02.2018
// приём по количеству байт: 39 из 39
// принято с порта: 39 байт

01 00 27 00 F7 D2 E5 F1 F2 20 EF E0 EC FF F2 E8 3A 20 32 20 20 20 20 20 20 20 20 33 36 25 00 20 20 20 20 20 20 5C 62   // прием: 39 байт; 21:45:56:325 28.02.2018
// таймаут: 60 мсек

Тест памяти: 2  
      36%       

CA E0 EB FE EC ED FB 20 

00 00 07 00 F7 D4 47   // передача: 7 байт; 21:45:56:836 28.02.2018
// приём по количеству байт: 39 из 39
// принято с порта: 39 байт

01 00 27 00 F7 D2 E5 F1 F2 20 EF E0 EC FF F2 E8 3A 20 32 20 20 20 20 20 20 20 20 33 37 25 00 20 20 20 20 20 20 51 F2   // прием: 39 байт; 21:45:56:908 28.02.2018
// таймаут: 72 мсек

Тест памяти: 2  
      37%       

CA E0 EB FE EC ED FB 20 

00 00 07 00 F7 D4 47   // передача: 7 байт; 21:45:57:407 28.02.2018
// приём по количеству байт: 39 из 39
// принято с порта: 39 байт

01 00 27 00 F7 D2 E5 F1 F2 20 EF E0 EC FF F2 E8 3A 20 32 20 20 20 20 20 20 20 20 33 38 25 00 20 20 20 20 20 20 10 02   // прием: 39 байт; 21:45:57:469 28.02.2018
// таймаут: 62 мсек

Тест памяти: 2  
      38%       

CA E0 EB FE EC ED FB 20 

00 00 07 00 F7 D4 47   // передача: 7 байт; 21:45:57:997 28.02.2018
// приём по количеству байт: 39 из 39
// принято с порта: 39 байт

01 00 27 00 F7 D2 E5 F1 F2 20 EF E0 EC FF F2 E8 3A 20 32 20 20 20 20 20 20 20 20 33 39 25 00 20 20 20 20 20 20 1D 92   // прием: 39 байт; 21:45:58:059 28.02.2018
// таймаут: 62 мсек

Тест памяти: 2  
      39%       

CA E0 EB FE EC ED FB 20 

00 00 07 00 F7 D4 47   // передача: 7 байт; 21:45:58:566 28.02.2018
// приём по количеству байт: 39 из 39
// принято с порта: 39 байт

01 00 27 00 F7 D2 E5 F1 F2 20 EF E0 EC FF F2 E8 3A 20 32 20 20 20 20 20 20 20 20 34 30 25 00 20 20 20 20 20 20 C6 18   // прием: 39 байт; 21:45:58:629 28.02.2018
// таймаут: 63 мсек

Тест памяти: 2  
      40%       

CA E0 EB FE EC ED FB 20 

00 00 07 00 F7 D4 47   // передача: 7 байт; 21:45:59:145 28.02.2018
// приём по количеству байт: 39 из 39
// принято с порта: 39 байт

01 00 27 00 F7 D2 E5 F1 F2 20 EF E0 EC FF F2 E8 3A 20 32 20 20 20 20 20 20 20 20 34 30 25 00 20 20 20 20 20 20 C6 18   // прием: 39 байт; 21:45:59:205 28.02.2018
// таймаут: 60 мсек

Тест памяти: 2  
      40%       

CA E0 EB FE EC ED FB 20 

00 00 07 00 F7 D4 47   // передача: 7 байт; 21:45:59:728 28.02.2018
// приём по количеству байт: 39 из 39
// принято с порта: 39 байт

01 00 27 00 F7 D2 E5 F1 F2 20 EF E0 EC FF F2 E8 3A 20 32 20 20 20 20 20 20 20 20 34 31 25 00 20 20 20 20 20 20 CB 88   // прием: 39 байт; 21:45:59:798 28.02.2018
// таймаут: 70 мсек

Тест памяти: 2  
      41%       

CA E0 EB FE EC ED FB 20 

00 00 07 00 F7 D4 47   // передача: 7 байт; 21:46:00:314 28.02.2018
// приём по количеству байт: 39 из 39
// принято с порта: 39 байт

01 00 27 00 F7 D2 E5 F1 F2 20 EF E0 EC FF F2 E8 3A 20 32 20 20 20 20 20 20 20 20 34 32 25 00 20 20 20 20 20 20 DF 78   // прием: 39 байт; 21:46:00:384 28.02.2018
// таймаут: 70 мсек

Тест памяти: 2  
      42%       

CA E0 EB FE EC ED FB 20 

00 00 07 00 F7 D4 47   // передача: 7 байт; 21:46:00:899 28.02.2018
// приём по количеству байт: 39 из 39
// принято с порта: 39 байт

01 00 27 00 F7 D2 E5 F1 F2 20 EF E0 EC FF F2 E8 3A 20 32 20 20 20 20 20 20 20 20 34 33 25 00 20 20 20 20 20 20 D2 E8   // прием: 39 байт; 21:46:00:970 28.02.2018
// таймаут: 71 мсек

Тест памяти: 2  
      43%       

CA E0 EB FE EC ED FB 20 

00 00 07 00 F7 D4 47   // передача: 7 байт; 21:46:01:486 28.02.2018
// приём по количеству байт: 39 из 39
// принято с порта: 39 байт

01 00 27 00 F7 D2 E5 F1 F2 20 EF E0 EC FF F2 E8 3A 20 32 20 20 20 20 20 20 20 20 34 34 25 00 20 20 20 20 20 20 F4 D8   // прием: 39 байт; 21:46:01:548 28.02.2018
// таймаут: 62 мсек

Тест памяти: 2  
      44%       

CA E0 EB FE EC ED FB 20 

00 00 07 00 F7 D4 47   // передача: 7 байт; 21:46:02:067 28.02.2018
// приём по количеству байт: 39 из 39
// принято с порта: 39 байт

01 00 27 00 F7 D2 E5 F1 F2 20 EF E0 EC FF F2 E8 3A 20 32 20 20 20 20 20 20 20 20 34 35 25 00 20 20 20 20 20 20 F9 48   // прием: 39 байт; 21:46:02:129 28.02.2018
// таймаут: 62 мсек

Тест памяти: 2  
      45%       

CA E0 EB FE EC ED FB 20 

00 00 07 00 F7 D4 47   // передача: 7 байт; 21:46:02:629 28.02.2018
// приём по количеству байт: 39 из 39
// принято с порта: 39 байт

01 00 27 00 F7 D2 E5 F1 F2 20 EF E0 EC FF F2 E8 3A 20 32 20 20 20 20 20 20 20 20 34 35 25 00 20 20 20 20 20 20 F9 48   // прием: 39 байт; 21:46:02:699 28.02.2018
// таймаут: 70 мсек

Тест памяти: 2  
      45%       

CA E0 EB FE EC ED FB 20 

00 00 07 00 F7 D4 47   // передача: 7 байт; 21:46:03:215 28.02.2018
// приём по количеству байт: 39 из 39
// принято с порта: 39 байт

01 00 27 00 F7 D2 E5 F1 F2 20 EF E0 EC FF F2 E8 3A 20 32 20 20 20 20 20 20 20 20 34 36 25 00 20 20 20 20 20 20 ED B8   // прием: 39 байт; 21:46:03:275 28.02.2018
// таймаут: 60 мсек

Тест памяти: 2  
      46%       

CA E0 EB FE EC ED FB 20 

00 00 07 00 F7 D4 47   // передача: 7 байт; 21:46:03:781 28.02.2018
// приём по количеству байт: 39 из 39
// принято с порта: 39 байт

01 00 27 00 F7 D2 E5 F1 F2 20 EF E0 EC FF F2 E8 3A 20 32 20 20 20 20 20 20 20 20 34 37 25 00 20 20 20 20 20 20 E0 28   // прием: 39 байт; 21:46:03:841 28.02.2018
// таймаут: 60 мсек

Тест памяти: 2  
      47%       

CA E0 EB FE EC ED FB 20 

00 00 07 00 F7 D4 47   // передача: 7 байт; 21:46:04:343 28.02.2018
// приём по количеству байт: 39 из 39
// принято с порта: 39 байт

01 00 27 00 F7 D2 E5 F1 F2 20 EF E0 EC FF F2 E8 3A 20 32 20 20 20 20 20 20 20 20 34 38 25 00 20 20 20 20 20 20 A1 D8   // прием: 39 байт; 21:46:04:407 28.02.2018
// таймаут: 64 мсек

Тест памяти: 2  
      48%       

CA E0 EB FE EC ED FB 20 

00 00 07 00 F7 D4 47   // передача: 7 байт; 21:46:04:918 28.02.2018
// приём по количеству байт: 39 из 39
// принято с порта: 39 байт

01 00 27 00 F7 D2 E5 F1 F2 20 EF E0 EC FF F2 E8 3A 20 32 20 20 20 20 20 20 20 20 34 39 25 00 20 20 20 20 20 20 AC 48   // прием: 39 байт; 21:46:04:990 28.02.2018
// таймаут: 72 мсек

Тест памяти: 2  
      49%       

CA E0 EB FE EC ED FB 20 

00 00 07 00 F7 D4 47   // передача: 7 байт; 21:46:05:499 28.02.2018
// приём по количеству байт: 39 из 39
// принято с порта: 39 байт

01 00 27 00 F7 D2 E5 F1 F2 20 EF E0 EC FF F2 E8 3A 20 32 20 20 20 20 20 20 20 20 35 30 25 00 20 20 20 20 20 20 97 DD   // прием: 39 байт; 21:46:05:569 28.02.2018
// таймаут: 70 мсек

Тест памяти: 2  
      50%       

CA E0 EB FE EC ED FB 20 

00 00 07 00 F7 D4 47   // передача: 7 байт; 21:46:06:090 28.02.2018
// приём по количеству байт: 39 из 39
// принято с порта: 39 байт

01 00 27 00 F7 D2 E5 F1 F2 20 EF E0 EC FF F2 E8 3A 20 32 20 20 20 20 20 20 20 20 35 30 25 00 20 20 20 20 20 20 97 DD   // прием: 39 байт; 21:46:06:156 28.02.2018
// таймаут: 66 мсек

Тест памяти: 2  
      50%       

CA E0 EB FE EC ED FB 20 

00 00 07 00 F7 D4 47   // передача: 7 байт; 21:46:06:666 28.02.2018
// приём по количеству байт: 39 из 39
// принято с порта: 39 байт

01 00 27 00 F7 D2 E5 F1 F2 20 EF E0 EC FF F2 E8 3A 20 32 20 20 20 20 20 20 20 20 35 31 25 00 20 20 20 20 20 20 9A 4D   // прием: 39 байт; 21:46:06:746 28.02.2018
// таймаут: 80 мсек

Тест памяти: 2  
      51%       

CA E0 EB FE EC ED FB 20 

00 00 07 00 F7 D4 47   // передача: 7 байт; 21:46:07:258 28.02.2018
// приём по количеству байт: 39 из 39
// принято с порта: 39 байт

01 00 27 00 F7 D2 E5 F1 F2 20 EF E0 EC FF F2 E8 3A 20 32 20 20 20 20 20 20 20 20 35 31 25 00 20 20 20 20 20 20 9A 4D   // прием: 39 байт; 21:46:07:358 28.02.2018
// таймаут: 100 мсек

Тест памяти: 2  
      51%       

CA E0 EB FE EC ED FB 20 

00 00 07 00 F7 D4 47   // передача: 7 байт; 21:46:07:848 28.02.2018
// приём по количеству байт: 39 из 39
// принято с порта: 39 байт

01 00 27 00 F7 D2 E5 F1 F2 20 EF E0 EC FF F2 E8 3A 20 32 20 20 20 20 20 20 20 20 35 31 25 00 20 20 20 20 20 20 9A 4D   // прием: 39 байт; 21:46:07:948 28.02.2018
// таймаут: 100 мсек

Тест памяти: 2  
      51%       

CA E0 EB FE EC ED FB 20 

00 00 07 00 F7 D4 47   // передача: 7 байт; 21:46:08:460 28.02.2018
// приём по количеству байт: 39 из 39
// принято с порта: 39 байт

01 00 27 00 F7 D2 E5 F1 F2 20 EF E0 EC FF F2 E8 3A 20 32 20 20 20 20 20 20 20 20 35 32 25 00 20 20 20 20 20 20 8E BD   // прием: 39 байт; 21:46:08:520 28.02.2018
// таймаут: 60 мсек

Тест памяти: 2  
      52%       

CA E0 EB FE EC ED FB 20 

00 00 07 00 F7 D4 47   // передача: 7 байт; 21:46:09:028 28.02.2018
// приём по количеству байт: 39 из 39
// принято с порта: 39 байт

01 00 27 00 F7 D2 E5 F1 F2 20 EF E0 EC FF F2 E8 3A 20 32 20 20 20 20 20 20 20 20 35 33 25 00 20 20 20 20 20 20 83 2D   // прием: 39 байт; 21:46:09:090 28.02.2018
// таймаут: 62 мсек

Тест памяти: 2  
      53%       

CA E0 EB FE EC ED FB 20 

00 00 07 00 F7 D4 47   // передача: 7 байт; 21:46:09:610 28.02.2018
// приём по количеству байт: 39 из 39
// принято с порта: 39 байт

01 00 27 00 F7 D2 E5 F1 F2 20 EF E0 EC FF F2 E8 3A 20 32 20 20 20 20 20 20 20 20 35 33 25 00 20 20 20 20 20 20 83 2D   // прием: 39 байт; 21:46:09:672 28.02.2018
// таймаут: 62 мсек

Тест памяти: 2  
      53%       

CA E0 EB FE EC ED FB 20 

00 00 07 00 F7 D4 47   // передача: 7 байт; 21:46:10:175 28.02.2018
// приём по количеству байт: 39 из 39
// принято с порта: 39 байт

01 00 27 00 F7 D2 E5 F1 F2 20 EF E0 EC FF F2 E8 3A 20 32 20 20 20 20 20 20 20 20 35 34 25 00 20 20 20 20 20 20 A5 1D   // прием: 39 байт; 21:46:10:235 28.02.2018
// таймаут: 60 мсек

Тест памяти: 2  
      54%       

CA E0 EB FE EC ED FB 20 

00 00 07 00 F7 D4 47   // передача: 7 байт; 21:46:10:741 28.02.2018
// приём по количеству байт: 39 из 39
// принято с порта: 39 байт

01 00 27 00 F7 D2 E5 F1 F2 20 EF E0 EC FF F2 E8 3A 20 32 20 20 20 20 20 20 20 20 35 35 25 00 20 20 20 20 20 20 A8 8D   // прием: 39 байт; 21:46:10:801 28.02.2018
// таймаут: 60 мсек

Тест памяти: 2  
      55%       

CA E0 EB FE EC ED FB 20 

00 00 07 00 F7 D4 47   // передача: 7 байт; 21:46:11:330 28.02.2018
// приём по количеству байт: 39 из 39
// принято с порта: 39 байт

01 00 27 00 F7 D2 E5 F1 F2 20 EF E0 EC FF F2 E8 3A 20 32 20 20 20 20 20 20 20 20 35 36 25 00 20 20 20 20 20 20 BC 7D   // прием: 39 байт; 21:46:11:402 28.02.2018
// таймаут: 72 мсек

Тест памяти: 2  
      56%       

CA E0 EB FE EC ED FB 20 

00 00 07 00 F7 D4 47   // передача: 7 байт; 21:46:11:904 28.02.2018
// приём по количеству байт: 39 из 39
// принято с порта: 39 байт

01 00 27 00 F7 D2 E5 F1 F2 20 EF E0 EC FF F2 E8 3A 20 32 20 20 20 20 20 20 20 20 35 37 25 00 20 20 20 20 20 20 B1 ED   // прием: 39 байт; 21:46:11:974 28.02.2018
// таймаут: 70 мсек

Тест памяти: 2  
      57%       

CA E0 EB FE EC ED FB 20 

00 00 07 00 F7 D4 47   // передача: 7 байт; 21:46:12:488 28.02.2018
// приём по количеству байт: 39 из 39
// принято с порта: 39 байт

01 00 27 00 F7 D2 E5 F1 F2 20 EF E0 EC FF F2 E8 3A 20 32 20 20 20 20 20 20 20 20 35 38 25 00 20 20 20 20 20 20 F0 1D   // прием: 39 байт; 21:46:12:556 28.02.2018
// таймаут: 68 мсек

Тест памяти: 2  
      58%       

CA E0 EB FE EC ED FB 20 

00 00 07 00 F7 D4 47   // передача: 7 байт; 21:46:13:081 28.02.2018
// приём по количеству байт: 39 из 39
// принято с порта: 39 байт

01 00 27 00 F7 D2 E5 F1 F2 20 EF E0 EC FF F2 E8 3A 20 32 20 20 20 20 20 20 20 20 35 38 25 00 20 20 20 20 20 20 F0 1D   // прием: 39 байт; 21:46:13:152 28.02.2018
// таймаут: 71 мсек

Тест памяти: 2  
      58%       

CA E0 EB FE EC ED FB 20 

00 00 07 00 F7 D4 47   // передача: 7 байт; 21:46:13:667 28.02.2018
// приём по количеству байт: 39 из 39
// принято с порта: 39 байт

01 00 27 00 F7 D2 E5 F1 F2 20 EF E0 EC FF F2 E8 3A 20 32 20 20 20 20 20 20 20 20 35 39 25 00 20 20 20 20 20 20 FD 8D   // прием: 39 байт; 21:46:13:731 28.02.2018
// таймаут: 64 мсек

Тест памяти: 2  
      59%       

CA E0 EB FE EC ED FB 20 

00 00 07 00 F7 D4 47   // передача: 7 байт; 21:46:14:249 28.02.2018
// приём по количеству байт: 39 из 39
// принято с порта: 39 байт

01 00 27 00 F7 D2 E5 F1 F2 20 EF E0 EC FF F2 E8 3A 20 32 20 20 20 20 20 20 20 20 36 30 25 00 20 20 20 20 20 20 67 D2   // прием: 39 байт; 21:46:14:316 28.02.2018
// таймаут: 67 мсек

Тест памяти: 2  
      60%       

CA E0 EB FE EC ED FB 20 

00 00 07 00 F7 D4 47   // передача: 7 байт; 21:46:14:826 28.02.2018
// приём по количеству байт: 39 из 39
// принято с порта: 39 байт

01 00 27 00 F7 D2 E5 F1 F2 20 EF E0 EC FF F2 E8 3A 20 32 20 20 20 20 20 20 20 20 36 31 25 00 20 20 20 20 20 20 6A 42   // прием: 39 байт; 21:46:14:886 28.02.2018
// таймаут: 60 мсек

Тест памяти: 2  
      61%       

CA E0 EB FE EC ED FB 20 

00 00 07 00 F7 D4 47   // передача: 7 байт; 21:46:15:391 28.02.2018
// приём по количеству байт: 39 из 39
// принято с порта: 39 байт

01 00 27 00 F7 D2 E5 F1 F2 20 EF E0 EC FF F2 E8 3A 20 32 20 20 20 20 20 20 20 20 36 32 25 00 20 20 20 20 20 20 7E B2   // прием: 39 байт; 21:46:15:461 28.02.2018
// таймаут: 70 мсек

Тест памяти: 2  
      62%       

CA E0 EB FE EC ED FB 20 

00 00 07 00 F7 D4 47   // передача: 7 байт; 21:46:15:983 28.02.2018
// приём по количеству байт: 39 из 39
// принято с порта: 39 байт

01 00 27 00 F7 D2 E5 F1 F2 20 EF E0 EC FF F2 E8 3A 20 32 20 20 20 20 20 20 20 20 36 33 25 00 20 20 20 20 20 20 73 22   // прием: 39 байт; 21:46:16:053 28.02.2018
// таймаут: 70 мсек

Тест памяти: 2  
      63%       

CA E0 EB FE EC ED FB 20 

00 00 07 00 F7 D4 47   // передача: 7 байт; 21:46:16:561 28.02.2018
// приём по количеству байт: 39 из 39
// принято с порта: 39 байт

01 00 27 00 F7 D2 E5 F1 F2 20 EF E0 EC FF F2 E8 3A 20 32 20 20 20 20 20 20 20 20 36 33 25 00 20 20 20 20 20 20 73 22   // прием: 39 байт; 21:46:16:633 28.02.2018
// таймаут: 72 мсек

Тест памяти: 2  
      63%       

CA E0 EB FE EC ED FB 20 

00 00 07 00 F7 D4 47   // передача: 7 байт; 21:46:17:147 28.02.2018
// приём по количеству байт: 39 из 39
// принято с порта: 39 байт

01 00 27 00 F7 D2 E5 F1 F2 20 EF E0 EC FF F2 E8 3A 20 32 20 20 20 20 20 20 20 20 36 34 25 00 20 20 20 20 20 20 55 12   // прием: 39 байт; 21:46:17:219 28.02.2018
// таймаут: 72 мсек

Тест памяти: 2  
      64%       

CA E0 EB FE EC ED FB 20 

00 00 07 00 F7 D4 47   // передача: 7 байт; 21:46:17:725 28.02.2018
// приём по количеству байт: 39 из 39
// принято с порта: 39 байт

01 00 27 00 F7 D2 E5 F1 F2 20 EF E0 EC FF F2 E8 3A 20 32 20 20 20 20 20 20 20 20 36 35 25 00 20 20 20 20 20 20 58 82   // прием: 39 байт; 21:46:17:797 28.02.2018
// таймаут: 72 мсек

Тест памяти: 2  
      65%       

CA E0 EB FE EC ED FB 20 

00 00 07 00 F7 D4 47   // передача: 7 байт; 21:46:18:301 28.02.2018
// приём по количеству байт: 39 из 39
// принято с порта: 39 байт

01 00 27 00 F7 D2 E5 F1 F2 20 EF E0 EC FF F2 E8 3A 20 32 20 20 20 20 20 20 20 20 36 36 25 00 20 20 20 20 20 20 4C 72   // прием: 39 байт; 21:46:18:361 28.02.2018
// таймаут: 60 мсек

Тест памяти: 2  
      66%       

CA E0 EB FE EC ED FB 20 

00 00 07 00 F7 D4 47   // передача: 7 байт; 21:46:18:884 28.02.2018
// приём по количеству байт: 39 из 39
// принято с порта: 39 байт

01 00 27 00 F7 D2 E5 F1 F2 20 EF E0 EC FF F2 E8 3A 20 32 20 20 20 20 20 20 20 20 36 37 25 00 20 20 20 20 20 20 41 E2   // прием: 39 байт; 21:46:18:944 28.02.2018
// таймаут: 60 мсек

Тест памяти: 2  
      67%       

CA E0 EB FE EC ED FB 20 

00 00 07 00 F7 D4 47   // передача: 7 байт; 21:46:19:443 28.02.2018
// приём по количеству байт: 39 из 39
// принято с порта: 39 байт

01 00 27 00 F7 D2 E5 F1 F2 20 EF E0 EC FF F2 E8 3A 20 32 20 20 20 20 20 20 20 20 36 38 25 00 20 20 20 20 20 20 00 12   // прием: 39 байт; 21:46:19:513 28.02.2018
// таймаут: 70 мсек

Тест памяти: 2  
      68%       

CA E0 EB FE EC ED FB 20 

00 00 07 00 F7 D4 47   // передача: 7 байт; 21:46:20:025 28.02.2018
// приём по количеству байт: 39 из 39
// принято с порта: 39 байт

01 00 27 00 F7 D2 E5 F1 F2 20 EF E0 EC FF F2 E8 3A 20 32 20 20 20 20 20 20 20 20 36 38 25 00 20 20 20 20 20 20 00 12   // прием: 39 байт; 21:46:20:096 28.02.2018
// таймаут: 71 мсек

Тест памяти: 2  
      68%       

CA E0 EB FE EC ED FB 20 

00 00 07 00 F7 D4 47   // передача: 7 байт; 21:46:20:611 28.02.2018
// приём по количеству байт: 39 из 39
// принято с порта: 39 байт

01 00 27 00 F7 D2 E5 F1 F2 20 EF E0 EC FF F2 E8 3A 20 32 20 20 20 20 20 20 20 20 36 39 25 00 20 20 20 20 20 20 0D 82   // прием: 39 байт; 21:46:20:673 28.02.2018
// таймаут: 62 мсек

Тест памяти: 2  
      69%       

CA E0 EB FE EC ED FB 20 

00 00 07 00 F7 D4 47   // передача: 7 байт; 21:46:21:192 28.02.2018
// приём по количеству байт: 39 из 39
// принято с порта: 39 байт

01 00 27 00 F7 D2 E5 F1 F2 20 EF E0 EC FF F2 E8 3A 20 32 20 20 20 20 20 20 20 20 37 30 25 00 20 20 20 20 20 20 36 17   // прием: 39 байт; 21:46:21:254 28.02.2018
// таймаут: 62 мсек

Тест памяти: 2  
      70%       

CA E0 EB FE EC ED FB 20 

00 00 07 00 F7 D4 47   // передача: 7 байт; 21:46:21:765 28.02.2018
// приём по количеству байт: 39 из 39
// принято с порта: 39 байт

01 00 27 00 F7 D2 E5 F1 F2 20 EF E0 EC FF F2 E8 3A 20 32 20 20 20 20 20 20 20 20 37 31 25 00 20 20 20 20 20 20 3B 87   // прием: 39 байт; 21:46:21:825 28.02.2018
// таймаут: 60 мсек

Тест памяти: 2  
      71%       

CA E0 EB FE EC ED FB 20 

00 00 07 00 F7 D4 47   // передача: 7 байт; 21:46:22:337 28.02.2018
// приём по количеству байт: 39 из 39
// принято с порта: 39 байт

01 00 27 00 F7 D2 E5 F1 F2 20 EF E0 EC FF F2 E8 3A 20 32 20 20 20 20 20 20 20 20 37 32 25 00 20 20 20 20 20 20 2F 77   // прием: 39 байт; 21:46:22:407 28.02.2018
// таймаут: 70 мсек

Тест памяти: 2  
      72%       

CA E0 EB FE EC ED FB 20 

00 00 07 00 F7 D4 47   // передача: 7 байт; 21:46:22:923 28.02.2018
// приём по количеству байт: 39 из 39
// принято с порта: 39 байт

01 00 27 00 F7 D2 E5 F1 F2 20 EF E0 EC FF F2 E8 3A 20 32 20 20 20 20 20 20 20 20 37 33 25 00 20 20 20 20 20 20 22 E7   // прием: 39 байт; 21:46:22:993 28.02.2018
// таймаут: 70 мсек

Тест памяти: 2  
      73%       

CA E0 EB FE EC ED FB 20 

00 00 07 00 F7 D4 47   // передача: 7 байт; 21:46:23:495 28.02.2018
// приём по количеству байт: 39 из 39
// принято с порта: 39 байт

01 00 27 00 F7 D2 E5 F1 F2 20 EF E0 EC FF F2 E8 3A 20 32 20 20 20 20 20 20 20 20 37 33 25 00 20 20 20 20 20 20 22 E7   // прием: 39 байт; 21:46:23:561 28.02.2018
// таймаут: 66 мсек

Тест памяти: 2  
      73%       

CA E0 EB FE EC ED FB 20 

00 00 07 00 F7 D4 47   // передача: 7 байт; 21:46:24:072 28.02.2018
// приём по количеству байт: 39 из 39
// принято с порта: 39 байт

01 00 27 00 F7 D2 E5 F1 F2 20 EF E0 EC FF F2 E8 3A 20 32 20 20 20 20 20 20 20 20 37 34 25 00 20 20 20 20 20 20 04 D7   // прием: 39 байт; 21:46:24:139 28.02.2018
// таймаут: 67 мсек

Тест памяти: 2  
      74%       

CA E0 EB FE EC ED FB 20 

00 00 07 00 F7 D4 47   // передача: 7 байт; 21:46:24:653 28.02.2018
// приём по количеству байт: 39 из 39
// принято с порта: 39 байт

01 00 27 00 F7 D2 E5 F1 F2 20 EF E0 EC FF F2 E8 3A 20 32 20 20 20 20 20 20 20 20 37 35 25 00 20 20 20 20 20 20 09 47   // прием: 39 байт; 21:46:24:725 28.02.2018
// таймаут: 72 мсек

Тест памяти: 2  
      75%       

CA E0 EB FE EC ED FB 20 

00 00 07 00 F7 D4 47   // передача: 7 байт; 21:46:25:215 28.02.2018
// приём по количеству байт: 39 из 39
// принято с порта: 39 байт

01 00 27 00 F7 D2 E5 F1 F2 20 EF E0 EC FF F2 E8 3A 20 32 20 20 20 20 20 20 20 20 37 36 25 00 20 20 20 20 20 20 1D B7   // прием: 39 байт; 21:46:25:275 28.02.2018
// таймаут: 60 мсек

Тест памяти: 2  
      76%       

CA E0 EB FE EC ED FB 20 

00 00 07 00 F7 D4 47   // передача: 7 байт; 21:46:25:795 28.02.2018
// приём по количеству байт: 39 из 39
// принято с порта: 39 байт

01 00 27 00 F7 D2 E5 F1 F2 20 EF E0 EC FF F2 E8 3A 20 32 20 20 20 20 20 20 20 20 37 37 25 00 20 20 20 20 20 20 10 27   // прием: 39 байт; 21:46:25:855 28.02.2018
// таймаут: 60 мсек

Тест памяти: 2  
      77%       

CA E0 EB FE EC ED FB 20 

00 00 07 00 F7 D4 47   // передача: 7 байт; 21:46:26:371 28.02.2018
// приём по количеству байт: 39 из 39
// принято с порта: 39 байт

01 00 27 00 F7 D2 E5 F1 F2 20 EF E0 EC FF F2 E8 3A 20 32 20 20 20 20 20 20 20 20 37 37 25 00 20 20 20 20 20 20 10 27   // прием: 39 байт; 21:46:26:446 28.02.2018
// таймаут: 75 мсек

Тест памяти: 2  
      77%       

CA E0 EB FE EC ED FB 20 

00 00 07 00 F7 D4 47   // передача: 7 байт; 21:46:26:957 28.02.2018
// приём по количеству байт: 39 из 39
// принято с порта: 39 байт

01 00 27 00 F7 D2 E5 F1 F2 20 EF E0 EC FF F2 E8 3A 20 32 20 20 20 20 20 20 20 20 37 38 25 00 20 20 20 20 20 20 51 D7   // прием: 39 байт; 21:46:27:027 28.02.2018
// таймаут: 70 мсек

Тест памяти: 2  
      78%       

CA E0 EB FE EC ED FB 20 

00 00 07 00 F7 D4 47   // передача: 7 байт; 21:46:27:536 28.02.2018
// приём по количеству байт: 39 из 39
// принято с порта: 39 байт

01 00 27 00 F7 D2 E5 F1 F2 20 EF E0 EC FF F2 E8 3A 20 32 20 20 20 20 20 20 20 20 37 39 25 00 20 20 20 20 20 20 5C 47   // прием: 39 байт; 21:46:27:607 28.02.2018
// таймаут: 71 мсек

Тест памяти: 2  
      79%       

CA E0 EB FE EC ED FB 20 

00 00 07 00 F7 D4 47   // передача: 7 байт; 21:46:28:103 28.02.2018
// приём по количеству байт: 39 из 39
// принято с порта: 39 байт

01 00 27 00 F7 D2 E5 F1 F2 20 EF E0 EC FF F2 E8 3A 20 32 20 20 20 20 20 20 20 20 38 30 25 00 20 20 20 20 20 20 06 27   // прием: 39 байт; 21:46:28:167 28.02.2018
// таймаут: 64 мсек

Тест памяти: 2  
      80%       

CA E0 EB FE EC ED FB 20 

00 00 07 00 F7 D4 47   // передача: 7 байт; 21:46:28:674 28.02.2018
// приём по количеству байт: 39 из 39
// принято с порта: 39 байт

01 00 27 00 F7 D2 E5 F1 F2 20 EF E0 EC FF F2 E8 3A 20 32 20 20 20 20 20 20 20 20 38 31 25 00 20 20 20 20 20 20 0B B7   // прием: 39 байт; 21:46:28:746 28.02.2018
// таймаут: 73 мсек

Тест памяти: 2  
      81%       

CA E0 EB FE EC ED FB 20 

00 00 07 00 F7 D4 47   // передача: 7 байт; 21:46:29:251 28.02.2018
// приём по количеству байт: 39 из 39
// принято с порта: 39 байт

01 00 27 00 F7 D2 E5 F1 F2 20 EF E0 EC FF F2 E8 3A 20 32 20 20 20 20 20 20 20 20 38 32 25 00 20 20 20 20 20 20 1F 47   // прием: 39 байт; 21:46:29:316 28.02.2018
// таймаут: 65 мсек

Тест памяти: 2  
      82%       

CA E0 EB FE EC ED FB 20 

00 00 07 00 F7 D4 47   // передача: 7 байт; 21:46:29:814 28.02.2018
// приём по количеству байт: 39 из 39
// принято с порта: 39 байт

01 00 27 00 F7 D2 E5 F1 F2 20 EF E0 EC FF F2 E8 3A 20 32 20 20 20 20 20 20 20 20 38 32 25 00 20 20 20 20 20 20 1F 47   // прием: 39 байт; 21:46:29:887 28.02.2018
// таймаут: 73 мсек

Тест памяти: 2  
      82%       

CA E0 EB FE EC ED FB 20 

00 00 07 00 F7 D4 47   // передача: 7 байт; 21:46:30:390 28.02.2018
// приём по количеству байт: 39 из 39
// принято с порта: 39 байт

01 00 27 00 F7 D2 E5 F1 F2 20 EF E0 EC FF F2 E8 3A 20 32 20 20 20 20 20 20 20 20 38 33 25 00 20 20 20 20 20 20 12 D7   // прием: 39 байт; 21:46:30:465 28.02.2018
// таймаут: 75 мсек

Тест памяти: 2  
      83%       

CA E0 EB FE EC ED FB 20 

00 00 07 00 F7 D4 47   // передача: 7 байт; 21:46:30:966 28.02.2018
// приём по количеству байт: 39 из 39
// принято с порта: 39 байт

01 00 27 00 F7 D2 E5 F1 F2 20 EF E0 EC FF F2 E8 3A 20 32 20 20 20 20 20 20 20 20 38 34 25 00 20 20 20 20 20 20 34 E7   // прием: 39 байт; 21:46:31:033 28.02.2018
// таймаут: 67 мсек

Тест памяти: 2  
      84%       

CA E0 EB FE EC ED FB 20 

00 00 07 00 F7 D4 47   // передача: 7 байт; 21:46:31:531 28.02.2018
// приём по количеству байт: 39 из 39
// принято с порта: 39 байт

01 00 27 00 F7 D2 E5 F1 F2 20 EF E0 EC FF F2 E8 3A 20 32 20 20 20 20 20 20 20 20 38 35 25 00 20 20 20 20 20 20 39 77   // прием: 39 байт; 21:46:31:595 28.02.2018
// таймаут: 64 мсек

Тест памяти: 2  
      85%       

CA E0 EB FE EC ED FB 20 

00 00 07 00 F7 D4 47   // передача: 7 байт; 21:46:32:105 28.02.2018
// приём по количеству байт: 39 из 39
// принято с порта: 39 байт

01 00 27 00 F7 D2 E5 F1 F2 20 EF E0 EC FF F2 E8 3A 20 32 20 20 20 20 20 20 20 20 38 36 25 00 20 20 20 20 20 20 2D 87   // прием: 39 байт; 21:46:32:177 28.02.2018
// таймаут: 72 мсек

Тест памяти: 2  
      86%       

CA E0 EB FE EC ED FB 20 

00 00 07 00 F7 D4 47   // передача: 7 байт; 21:46:32:685 28.02.2018
// приём по количеству байт: 39 из 39
// принято с порта: 39 байт

01 00 27 00 F7 D2 E5 F1 F2 20 EF E0 EC FF F2 E8 3A 20 32 20 20 20 20 20 20 20 20 38 37 25 00 20 20 20 20 20 20 20 17   // прием: 39 байт; 21:46:32:752 28.02.2018
// таймаут: 67 мсек

Тест памяти: 2  
      87%       

CA E0 EB FE EC ED FB 20 

00 00 07 00 F7 D4 47   // передача: 7 байт; 21:46:33:253 28.02.2018
// приём по количеству байт: 39 из 39
// принято с порта: 39 байт

01 00 27 00 F7 D2 E5 F1 F2 20 EF E0 EC FF F2 E8 3A 20 32 20 20 20 20 20 20 20 20 38 37 25 00 20 20 20 20 20 20 20 17   // прием: 39 байт; 21:46:33:323 28.02.2018
// таймаут: 70 мсек

Тест памяти: 2  
      87%       

CA E0 EB FE EC ED FB 20 

00 00 07 00 F7 D4 47   // передача: 7 байт; 21:46:33:837 28.02.2018
// приём по количеству байт: 39 из 39
// принято с порта: 39 байт

01 00 27 00 F7 D2 E5 F1 F2 20 EF E0 EC FF F2 E8 3A 20 32 20 20 20 20 20 20 20 20 38 38 25 00 20 20 20 20 20 20 61 E7   // прием: 39 байт; 21:46:33:909 28.02.2018
// таймаут: 72 мсек

Тест памяти: 2  
      88%       

CA E0 EB FE EC ED FB 20 

00 00 07 00 F7 D4 47   // передача: 7 байт; 21:46:34:414 28.02.2018
// приём по количеству байт: 39 из 39
// принято с порта: 39 байт

01 00 27 00 F7 D2 E5 F1 F2 20 EF E0 EC FF F2 E8 3A 20 32 20 20 20 20 20 20 20 20 38 39 25 00 20 20 20 20 20 20 6C 77   // прием: 39 байт; 21:46:34:484 28.02.2018
// таймаут: 70 мсек

Тест памяти: 2  
      89%       

CA E0 EB FE EC ED FB 20 

00 00 07 00 F7 D4 47   // передача: 7 байт; 21:46:34:992 28.02.2018
// приём по количеству байт: 39 из 39
// принято с порта: 39 байт

01 00 27 00 F7 D2 E5 F1 F2 20 EF E0 EC FF F2 E8 3A 20 32 20 20 20 20 20 20 20 20 39 30 25 00 20 20 20 20 20 20 57 E2   // прием: 39 байт; 21:46:35:061 28.02.2018
// таймаут: 69 мсек

Тест памяти: 2  
      90%       

CA E0 EB FE EC ED FB 20 

00 00 07 00 F7 D4 47   // передача: 7 байт; 21:46:35:569 28.02.2018
// приём по количеству байт: 39 из 39
// принято с порта: 39 байт

01 00 27 00 F7 D2 E5 F1 F2 20 EF E0 EC FF F2 E8 3A 20 32 20 20 20 20 20 20 20 20 39 31 25 00 20 20 20 20 20 20 5A 72   // прием: 39 байт; 21:46:35:640 28.02.2018
// таймаут: 71 мсек

Тест памяти: 2  
      91%       

CA E0 EB FE EC ED FB 20 

00 00 07 00 F7 D4 47   // передача: 7 байт; 21:46:36:131 28.02.2018
// приём по количеству байт: 39 из 39
// принято с порта: 39 байт

01 00 27 00 F7 D2 E5 F1 F2 20 EF E0 EC FF F2 E8 3A 20 32 20 20 20 20 20 20 20 20 39 31 25 00 20 20 20 20 20 20 5A 72   // прием: 39 байт; 21:46:36:197 28.02.2018
// таймаут: 66 мсек

Тест памяти: 2  
      91%       

CA E0 EB FE EC ED FB 20 

00 00 07 00 F7 D4 47   // передача: 7 байт; 21:46:36:708 28.02.2018
// приём по количеству байт: 39 из 39
// принято с порта: 39 байт

01 00 27 00 F7 D2 E5 F1 F2 20 EF E0 EC FF F2 E8 3A 20 32 20 20 20 20 20 20 20 20 39 32 25 00 20 20 20 20 20 20 4E 82   // прием: 39 байт; 21:46:36:784 28.02.2018
// таймаут: 76 мсек

Тест памяти: 2  
      92%       

CA E0 EB FE EC ED FB 20 

00 00 07 00 F7 D4 47   // передача: 7 байт; 21:46:37:301 28.02.2018
// приём по количеству байт: 39 из 39
// принято с порта: 39 байт

01 00 27 00 F7 D2 E5 F1 F2 20 EF E0 EC FF F2 E8 3A 20 32 20 20 20 20 20 20 20 20 39 33 25 00 20 20 20 20 20 20 43 12   // прием: 39 байт; 21:46:37:372 28.02.2018
// таймаут: 71 мсек

Тест памяти: 2  
      93%       

CA E0 EB FE EC ED FB 20 

00 00 07 00 F7 D4 47   // передача: 7 байт; 21:46:37:878 28.02.2018
// приём по количеству байт: 39 из 39
// принято с порта: 39 байт

01 00 27 00 F7 D2 E5 F1 F2 20 EF E0 EC FF F2 E8 3A 20 32 20 20 20 20 20 20 20 20 39 34 25 00 20 20 20 20 20 20 65 22   // прием: 39 байт; 21:46:37:950 28.02.2018
// таймаут: 72 мсек

Тест памяти: 2  
      94%       

CA E0 EB FE EC ED FB 20 

00 00 07 00 F7 D4 47   // передача: 7 байт; 21:46:38:455 28.02.2018
// приём по количеству байт: 39 из 39
// принято с порта: 39 байт

01 00 27 00 F7 D2 E5 F1 F2 20 EF E0 EC FF F2 E8 3A 20 32 20 20 20 20 20 20 20 20 39 35 25 00 20 20 20 20 20 20 68 B2   // прием: 39 байт; 21:46:38:525 28.02.2018
// таймаут: 70 мсек

Тест памяти: 2  
      95%       

CA E0 EB FE EC ED FB 20 

00 00 07 00 F7 D4 47   // передача: 7 байт; 21:46:39:022 28.02.2018
// приём по количеству байт: 39 из 39
// принято с порта: 39 байт

01 00 27 00 F7 D2 E5 F1 F2 20 EF E0 EC FF F2 E8 3A 20 32 20 20 20 20 20 20 20 20 39 36 25 00 20 20 20 20 20 20 7C 42   // прием: 39 байт; 21:46:39:100 28.02.2018
// таймаут: 78 мсек

Тест памяти: 2  
      96%       

CA E0 EB FE EC ED FB 20 

00 00 07 00 F7 D4 47   // передача: 7 байт; 21:46:39:608 28.02.2018
// приём по количеству байт: 39 из 39
// принято с порта: 39 байт

01 00 27 00 F7 D2 E5 F1 F2 20 EF E0 EC FF F2 E8 3A 20 32 20 20 20 20 20 20 20 20 39 36 25 00 20 20 20 20 20 20 7C 42   // прием: 39 байт; 21:46:39:684 28.02.2018
// таймаут: 76 мсек

Тест памяти: 2  
      96%       

CA E0 EB FE EC ED FB 20 

00 00 07 00 F7 D4 47   // передача: 7 байт; 21:46:40:196 28.02.2018
// приём по количеству байт: 39 из 39
// принято с порта: 39 байт

01 00 27 00 F7 D2 E5 F1 F2 20 EF E0 EC FF F2 E8 3A 20 32 20 20 20 20 20 20 20 20 39 37 25 00 20 20 20 20 20 20 71 D2   // прием: 39 байт; 21:46:40:256 28.02.2018
// таймаут: 60 мсек

Тест памяти: 2  
      97%       

CA E0 EB FE EC ED FB 20 

00 00 07 00 F7 D4 47   // передача: 7 байт; 21:46:40:785 28.02.2018
// приём по количеству байт: 39 из 39
// принято с порта: 39 байт

01 00 27 00 F7 D2 E5 F1 F2 20 EF E0 EC FF F2 E8 3A 20 32 20 20 20 20 20 20 20 20 39 38 25 00 20 20 20 20 20 20 30 22   // прием: 39 байт; 21:46:40:852 28.02.2018
// таймаут: 67 мсек

Тест памяти: 2  
      98%       

CA E0 EB FE EC ED FB 20 

00 00 07 00 F7 D4 47   // передача: 7 байт; 21:46:41:358 28.02.2018
// приём по количеству байт: 39 из 39
// принято с порта: 39 байт

01 00 27 00 F7 D2 E5 F1 F2 20 EF E0 EC FF F2 E8 3A 20 32 20 20 20 20 20 20 20 20 39 39 25 00 20 20 20 20 20 20 3D B2   // прием: 39 байт; 21:46:41:418 28.02.2018
// таймаут: 60 мсек

Тест памяти: 2  
      99%       

CA E0 EB FE EC ED FB 20 

00 00 07 00 F7 D4 47   // передача: 7 байт; 21:46:41:935 28.02.2018
// приём по таймауту: 1000 мс
// принято с порта: 0 байт
повтор: 1

CA E0 EB FE EC ED FB 20 

00 00 07 00 F7 D4 47   // передача: 7 байт; 21:46:42:948 28.02.2018
// приём по таймауту: 1000 мс
// принято с порта: 0 байт
повтор: 2

CA E0 EB FE EC ED FB 20 

00 00 07 00 F7 D4 47   // передача: 7 байт; 21:46:43:963 28.02.2018
// приём по таймауту: 1000 мс
// принято с порта: 0 байт
повтор: 3

CA E0 EB FE EC ED FB 20 

00 00 07 00 F7 D4 47   // передача: 7 байт; 21:46:44:976 28.02.2018
// приём по таймауту: 1000 мс
// принято с порта: 0 байт
повтор: 4

CA E0 EB FE EC ED FB 20 

00 00 07 00 F7 D4 47   // передача: 7 байт; 21:46:45:991 28.02.2018
// приём по таймауту: 1000 мс
// принято с порта: 0 байт
повтор: 5

CA E0 EB FE EC ED FB 20 

00 00 07 00 F7 D4 47   // передача: 7 байт; 21:46:47:005 28.02.2018
// приём по таймауту: 1000 мс
// принято с порта: 0 байт
// приём по количеству байт: 8 из 0
// принято с порта: 8 байт

01 00 27 00 F7 D2 E5 F1   // прием: 8 байт; 21:46:53:730 28.02.2018
// таймаут: 6725 мсек

// приём по количеству байт: 31 из 0
// принято с порта: 31 байт

F2 20 EF E0 EC FF F2 E8 3A 20 33 20 20 20 20 20 20 20 20 20 30 25 00 20 20 20 20 20 20 BB A4   // прием: 31 байт; 21:46:56:730 28.02.2018
// таймаут: 9725 мсек


CA E0 EB FE EC ED FB 20 

00 00 07 00 F7 D4 47   // передача: 7 байт; 21:48:17:171 28.02.2018
// приём по количеству байт: 39 из 39
// принято с порта: 39 байт

01 00 27 00 F7 CD E0 F1 F2 F0 EE E9 EA E0 20 20 20 20 20 20 20 20 20 20 20 20 20 20 20 20 20 20 20 20 20 20 20 5D 58   // прием: 39 байт; 21:48:17:237 28.02.2018
// таймаут: 66 мсек

Настройка       
                

CA E0 EB FE EC ED FB 20 

00 00 07 00 F7 D4 47   // передача: 7 байт; 21:48:17:750 28.02.2018
// приём по количеству байт: 39 из 39
// принято с порта: 39 байт

01 00 27 00 F7 CD E0 F1 F2 F0 EE E9 EA E0 20 20 20 20 20 20 20 20 20 20 20 20 20 20 20 20 20 20 20 20 20 20 20 5D 58   // прием: 39 байт; 21:48:17:815 28.02.2018
// таймаут: 65 мсек

Настройка       
                

CA E0 EB FE EC ED FB 20 

00 00 07 00 F7 D4 47   // передача: 7 байт; 21:48:18:327 28.02.2018
// приём по количеству байт: 39 из 39
// принято с порта: 39 байт

01 00 27 00 F7 CD E0 F1 F2 F0 EE E9 EA E0 20 20 20 20 20 20 20 20 20 20 20 20 20 20 20 20 20 20 20 20 20 20 20 5D 58   // прием: 39 байт; 21:48:18:392 28.02.2018
// таймаут: 65 мсек

Настройка       
                

CA E0 EB FE EC ED FB 20 

00 00 07 00 F7 D4 47   // передача: 7 байт; 21:48:18:892 28.02.2018
// приём по количеству байт: 39 из 39
// принято с порта: 39 байт

01 00 27 00 F7 CD E0 F1 F2 F0 EE E9 EA E0 20 20 20 20 20 20 20 20 20 20 20 20 20 20 20 20 20 20 20 20 20 20 20 5D 58   // прием: 39 байт; 21:48:18:957 28.02.2018
// таймаут: 65 мсек

Настройка       
                

CA E0 EB FE EC ED FB 20 

00 00 07 00 F7 D4 47   // передача: 7 байт; 21:48:19:466 28.02.2018
// приём по количеству байт: 39 из 39
// принято с порта: 39 байт

01 00 27 00 F7 CD E0 F1 F2 F0 EE E9 EA E0 20 20 20 20 20 20 20 20 20 20 20 20 20 20 20 20 20 20 20 20 20 20 20 5D 58   // прием: 39 байт; 21:48:19:531 28.02.2018
// таймаут: 65 мсек

Настройка       
                

CA E0 EB FE EC ED FB 20 

00 00 07 00 F7 D4 47   // передача: 7 байт; 21:48:20:043 28.02.2018
// приём по количеству байт: 39 из 39
// принято с порта: 39 байт

01 00 27 00 F7 CD E0 F1 F2 F0 EE E9 EA E0 20 20 20 20 20 20 20 20 20 20 20 20 20 20 20 20 20 20 20 20 20 20 20 5D 58   // прием: 39 байт; 21:48:20:108 28.02.2018
// таймаут: 65 мсек

Настройка       
                

CA E0 EB FE EC ED FB 20 

00 00 07 00 F7 D4 47   // передача: 7 байт; 21:48:20:604 28.02.2018
// приём по количеству байт: 39 из 39
// принято с порта: 39 байт

01 00 27 00 F7 CD E0 F1 F2 F0 EE E9 EA E0 20 20 20 20 20 20 20 20 20 20 20 20 20 20 20 20 20 20 20 20 20 20 20 5D 58   // прием: 39 байт; 21:48:20:670 28.02.2018
// таймаут: 66 мсек

Настройка       
                

CA E0 EB FE EC ED FB 20 

00 00 07 00 F7 D4 47   // передача: 7 байт; 21:48:21:181 28.02.2018
// приём по количеству байт: 39 из 39
// принято с порта: 39 байт

01 00 27 00 F7 CD E0 F1 F2 F0 EE E9 EA E0 20 20 20 20 20 20 20 20 20 20 20 20 20 20 20 20 20 20 20 20 20 20 20 5D 58   // прием: 39 байт; 21:48:21:247 28.02.2018
// таймаут: 66 мсек

Настройка       
                

CA E0 EB FE EC ED FB 20 

00 00 07 00 F7 D4 47   // передача: 7 байт; 21:48:21:758 28.02.2018
// приём по количеству байт: 39 из 39
// принято с порта: 39 байт

01 00 27 00 F7 CD E0 F1 F2 F0 EE E9 EA E0 20 20 20 20 20 20 20 20 20 20 20 20 20 20 20 20 20 20 20 20 20 20 20 5D 58   // прием: 39 байт; 21:48:21:824 28.02.2018
// таймаут: 66 мсек

Настройка       
                

CA E0 EB FE EC ED FB 20 

00 00 07 00 F7 D4 47   // передача: 7 байт; 21:48:22:324 28.02.2018
// приём по количеству байт: 39 из 39
// принято с порта: 39 байт

01 00 27 00 F7 CD E0 F1 F2 F0 EE E9 EA E0 20 20 20 20 20 20 20 20 20 20 20 20 20 20 20 20 20 20 20 20 20 20 20 5D 58   // прием: 39 байт; 21:48:22:384 28.02.2018
// таймаут: 60 мсек

Настройка       
                

CA E0 EB FE EC ED FB 20 

00 00 07 00 F7 D4 47   // передача: 7 байт; 21:48:22:905 28.02.2018
// приём по количеству байт: 39 из 39
// принято с порта: 39 байт

01 00 27 00 F7 CD E0 F1 F2 F0 EE E9 EA E0 20 20 20 20 20 20 20 20 20 20 20 20 20 20 20 20 20 20 20 20 20 20 20 5D 58   // прием: 39 байт; 21:48:22:965 28.02.2018
// таймаут: 60 мсек

Настройка       
                

CA E0 EB FE EC ED FB 20 

00 00 07 00 F7 D4 47   // передача: 7 байт; 21:48:23:475 28.02.2018
// приём по количеству байт: 39 из 39
// принято с порта: 39 байт

01 00 27 00 F7 CD E0 F1 F2 F0 EE E9 EA E0 20 20 20 20 20 20 20 20 20 20 20 20 20 20 20 20 20 20 20 20 20 20 20 5D 58   // прием: 39 байт; 21:48:23:535 28.02.2018
// таймаут: 60 мсек

Настройка       
                

CA E0 EB FE EC ED FB 20 

00 00 07 00 F7 D4 47   // передача: 7 байт; 21:48:24:038 28.02.2018
// приём по количеству байт: 39 из 39
// принято с порта: 39 байт

01 00 27 00 F7 CD E0 F1 F2 F0 EE E9 EA E0 20 20 20 20 20 20 20 20 20 20 20 20 20 20 20 20 20 20 20 20 20 20 20 5D 58   // прием: 39 байт; 21:48:24:098 28.02.2018
// таймаут: 60 мсек

Настройка       
                

CA E0 EB FE EC ED FB 20 

00 00 07 00 F7 D4 47   // передача: 7 байт; 21:48:24:616 28.02.2018
// приём по количеству байт: 39 из 39
// принято с порта: 39 байт

01 00 27 00 F7 CD E0 F1 F2 F0 EE E9 EA E0 20 20 20 20 20 20 20 20 20 20 20 20 20 20 20 20 20 20 20 20 20 20 20 5D 58   // прием: 39 байт; 21:48:24:676 28.02.2018
// таймаут: 60 мсек

Настройка       
                

CA E0 EB FE EC ED FB 20 

00 00 07 00 F7 D4 47   // передача: 7 байт; 21:48:25:198 28.02.2018
// приём по количеству байт: 39 из 39
// принято с порта: 39 байт

01 00 27 00 F7 CD E0 F1 F2 F0 EE E9 EA E0 20 20 20 20 20 20 20 20 20 20 20 20 20 20 20 20 20 20 20 20 20 20 20 5D 58   // прием: 39 байт; 21:48:25:259 28.02.2018
// таймаут: 61 мсек

Настройка       
                

CA E0 EB FE EC ED FB 20 

00 00 07 00 F7 D4 47   // передача: 7 байт; 21:48:25:759 28.02.2018
// приём по количеству байт: 39 из 39
// принято с порта: 39 байт

01 00 27 00 F7 CD E0 F1 F2 F0 EE E9 EA E0 20 20 20 20 20 20 20 20 20 20 20 20 20 20 20 20 20 20 20 20 20 20 20 5D 58   // прием: 39 байт; 21:48:25:819 28.02.2018
// таймаут: 60 мсек

Настройка       
                

CA E0 EB FE EC ED FB 20 

00 00 07 00 F7 D4 47   // передача: 7 байт; 21:48:26:329 28.02.2018
// приём по количеству байт: 39 из 39
// принято с порта: 39 байт

01 00 27 00 F7 CD E0 F1 F2 F0 EE E9 EA E0 20 20 20 20 20 20 20 20 20 20 20 20 20 20 20 20 20 20 20 20 20 20 20 5D 58   // прием: 39 байт; 21:48:26:389 28.02.2018
// таймаут: 60 мсек

Настройка       
                

CA E0 EB FE EC ED FB 20 

00 00 07 00 F7 D4 47   // передача: 7 байт; 21:48:26:891 28.02.2018
// приём по количеству байт: 39 из 39
// принято с порта: 39 байт

01 00 27 00 F7 CD E0 F1 F2 F0 EE E9 EA E0 20 20 20 20 20 20 20 20 20 20 20 20 20 20 20 20 20 20 20 20 20 20 20 5D 58   // прием: 39 байт; 21:48:26:951 28.02.2018
// таймаут: 60 мсек

Настройка       
                

CA E0 EB FE EC ED FB 20 

00 00 07 00 F7 D4 47   // передача: 7 байт; 21:48:27:452 28.02.2018
// приём по количеству байт: 39 из 39
// принято с порта: 39 байт

01 00 27 00 F7 CD E0 F1 F2 F0 EE E9 EA E0 20 20 20 20 20 20 20 20 20 20 20 20 20 20 20 20 20 20 20 20 20 20 20 5D 58   // прием: 39 байт; 21:48:27:513 28.02.2018
// таймаут: 61 мсек

Настройка       
                

CA E0 EB FE EC ED FB 20 

00 00 07 00 F7 D4 47   // передача: 7 байт; 21:48:28:023 28.02.2018
// приём по количеству байт: 39 из 39
// принято с порта: 39 байт

01 00 27 00 F7 CD E0 F1 F2 F0 EE E9 EA E0 20 20 20 20 20 20 20 20 20 20 20 20 20 20 20 20 20 20 20 20 20 20 20 5D 58   // прием: 39 байт; 21:48:28:083 28.02.2018
// таймаут: 60 мсек

Настройка       
                

CA E0 EB FE EC ED FB 20 

00 00 07 00 F7 D4 47   // передача: 7 байт; 21:48:28:595 28.02.2018
// приём по количеству байт: 39 из 39
// принято с порта: 39 байт

01 00 27 00 F7 CD E0 F1 F2 F0 EE E9 EA E0 20 20 20 20 20 20 20 20 20 20 20 20 20 20 20 20 20 20 20 20 20 20 20 5D 58   // прием: 39 байт; 21:48:28:655 28.02.2018
// таймаут: 60 мсек

Настройка       
                

CA E0 EB FE EC ED FB 20 

00 00 07 00 F7 D4 47   // передача: 7 байт; 21:48:29:175 28.02.2018
// приём по количеству байт: 39 из 39
// принято с порта: 39 байт

01 00 27 00 F7 CD E0 F1 F2 F0 EE E9 EA E0 20 20 20 20 20 20 20 20 20 20 20 20 20 20 20 20 20 20 20 20 20 20 20 5D 58   // прием: 39 байт; 21:48:29:235 28.02.2018
// таймаут: 60 мсек

Настройка       
                

CA E0 EB FE EC ED FB 20 

00 00 07 00 F7 D4 47   // передача: 7 байт; 21:48:29:737 28.02.2018
// приём по количеству байт: 39 из 39
// принято с порта: 39 байт

01 00 27 00 F7 CD E0 F1 F2 F0 EE E9 EA E0 20 20 20 20 20 20 20 20 20 20 20 20 20 20 20 20 20 20 20 20 20 20 20 5D 58   // прием: 39 байт; 21:48:29:797 28.02.2018
// таймаут: 60 мсек

Настройка       
                

CA E0 EB FE EC ED FB 20 

00 00 07 00 F7 D4 47   // передача: 7 байт; 21:48:30:309 28.02.2018
// приём по количеству байт: 39 из 39
// принято с порта: 39 байт

01 00 27 00 F7 CD E0 F1 F2 F0 EE E9 EA E0 20 20 20 20 20 20 20 20 20 20 20 20 20 20 20 20 20 20 20 20 20 20 20 5D 58   // прием: 39 байт; 21:48:30:369 28.02.2018
// таймаут: 60 мсек

Настройка       
                

CA E0 EB FE EC ED FB 20 

00 00 07 00 F7 D4 47   // передача: 7 байт; 21:48:30:892 28.02.2018
// приём по количеству байт: 39 из 39
// принято с порта: 39 байт

01 00 27 00 F7 CD E0 F1 F2 F0 EE E9 EA E0 20 20 20 20 20 20 20 20 20 20 20 20 20 20 20 20 20 20 20 20 20 20 20 5D 58   // прием: 39 байт; 21:48:30:952 28.02.2018
// таймаут: 60 мсек

Настройка       
                

CA E0 EB FE EC ED FB 20 

00 00 07 00 F7 D4 47   // передача: 7 байт; 21:48:31:455 28.02.2018
// приём по количеству байт: 39 из 39
// принято с порта: 39 байт

01 00 27 00 F7 CD E0 F1 F2 F0 EE E9 EA E0 20 20 20 20 20 20 20 20 20 20 20 20 20 20 20 20 20 20 20 20 20 20 20 5D 58   // прием: 39 байт; 21:48:31:519 28.02.2018
// таймаут: 64 мсек

Настройка       
                

CA E0 EB FE EC ED FB 20 

00 00 07 00 F7 D4 47   // передача: 7 байт; 21:48:32:029 28.02.2018
// приём по количеству байт: 39 из 39
// принято с порта: 39 байт

01 00 27 00 F7 CD E0 F1 F2 F0 EE E9 EA E0 20 20 20 20 20 20 20 20 20 20 20 20 20 20 20 20 20 20 20 20 20 20 20 5D 58   // прием: 39 байт; 21:48:32:098 28.02.2018
// таймаут: 69 мсек

Настройка       
                

CA E0 EB FE EC ED FB 20 

00 00 07 00 F7 D4 47   // передача: 7 байт; 21:48:32:603 28.02.2018
// приём по количеству байт: 39 из 39
// принято с порта: 39 байт

01 00 27 00 F7 CD E0 F1 F2 F0 EE E9 EA E0 20 20 20 20 20 20 20 20 20 20 20 20 20 20 20 20 20 20 20 20 20 20 20 5D 58   // прием: 39 байт; 21:48:32:663 28.02.2018
// таймаут: 60 мсек

Настройка       
                

CA E0 EB FE EC ED FB 20 

00 00 07 00 F7 D4 47   // передача: 7 байт; 21:48:33:175 28.02.2018
// приём по количеству байт: 39 из 39
// принято с порта: 39 байт

01 00 27 00 F7 CD E0 F1 F2 F0 EE E9 EA E0 20 20 20 20 20 20 20 20 20 20 20 20 20 20 20 20 20 20 20 20 20 20 20 5D 58   // прием: 39 байт; 21:48:33:235 28.02.2018
// таймаут: 60 мсек

Настройка       
                

CA E0 EB FE EC ED FB 20 

00 00 07 00 F7 D4 47   // передача: 7 байт; 21:48:33:739 28.02.2018
// приём по количеству байт: 39 из 39
// принято с порта: 39 байт

01 00 27 00 F7 CD E0 F1 F2 F0 EE E9 EA E0 20 20 20 20 20 20 20 20 20 20 20 20 20 20 20 20 20 20 20 20 20 20 20 5D 58   // прием: 39 байт; 21:48:33:799 28.02.2018
// таймаут: 60 мсек

Настройка       
                

CA E0 EB FE EC ED FB 20 

00 00 07 00 F7 D4 47   // передача: 7 байт; 21:48:34:303 28.02.2018
// приём по количеству байт: 39 из 39
// принято с порта: 39 байт

01 00 27 00 F7 CD E0 F1 F2 F0 EE E9 EA E0 20 20 20 20 20 20 20 20 20 20 20 20 20 20 20 20 20 20 20 20 20 20 20 5D 58   // прием: 39 байт; 21:48:34:370 28.02.2018
// таймаут: 67 мсек

Настройка       
                

CA E0 EB FE EC ED FB 20 

00 00 07 00 F7 D4 47   // передача: 7 байт; 21:48:34:879 28.02.2018
// приём по количеству байт: 39 из 39
// принято с порта: 39 байт

01 00 27 00 F7 CD E0 F1 F2 F0 EE E9 EA E0 20 20 20 20 20 20 20 20 20 20 20 20 20 20 20 20 20 20 20 20 20 20 20 5D 58   // прием: 39 байт; 21:48:34:939 28.02.2018
// таймаут: 60 мсек

Настройка       
                

CA E0 EB FE EC ED FB 20 

00 00 07 00 F7 D4 47   // передача: 7 байт; 21:48:35:427 28.02.2018
// приём по количеству байт: 39 из 39
// принято с порта: 39 байт

01 00 27 00 F7 CD E0 F1 F2 F0 EE E9 EA E0 20 20 20 20 20 20 20 20 20 20 20 20 20 20 20 20 20 20 20 20 20 20 20 5D 58   // прием: 39 байт; 21:48:35:504 28.02.2018
// таймаут: 77 мсек

Настройка       
                

CA E0 EB FE EC ED FB 20 

00 00 07 00 F7 D4 47   // передача: 7 байт; 21:48:36:017 28.02.2018
// приём по количеству байт: 39 из 39
// принято с порта: 39 байт

01 00 27 00 F7 CD E0 F1 F2 F0 EE E9 EA E0 20 20 20 20 20 20 20 20 20 20 20 20 20 20 20 20 20 20 20 20 20 20 20 5D 58   // прием: 39 байт; 21:48:36:079 28.02.2018
// таймаут: 62 мсек

Настройка       
                

CA E0 EB FE EC ED FB 20 

00 00 07 00 F7 D4 47   // передача: 7 байт; 21:48:36:601 28.02.2018
// приём по количеству байт: 39 из 39
// принято с порта: 39 байт

01 00 27 00 F7 CD E0 F1 F2 F0 EE E9 EA E0 20 20 20 20 20 20 20 20 20 20 20 20 20 20 20 20 20 20 20 20 20 20 20 5D 58   // прием: 39 байт; 21:48:36:661 28.02.2018
// таймаут: 60 мсек

Настройка       
                

CA E0 EB FE EC ED FB 20 

00 00 07 00 F7 D4 47   // передача: 7 байт; 21:48:37:171 28.02.2018
// приём по количеству байт: 39 из 39
// принято с порта: 39 байт

01 00 27 00 F7 CD E0 F1 F2 F0 EE E9 EA E0 20 20 20 20 20 20 20 20 20 20 20 20 20 20 20 20 20 20 20 20 20 20 20 5D 58   // прием: 39 байт; 21:48:37:237 28.02.2018
// таймаут: 66 мсек

Настройка       
                

CA E0 EB FE EC ED FB 20 

00 00 07 00 F7 D4 47   // передача: 7 байт; 21:48:37:748 28.02.2018
// приём по количеству байт: 39 из 39
// принято с порта: 39 байт

01 00 27 00 F7 CD E0 F1 F2 F0 EE E9 EA E0 20 20 20 20 20 20 20 20 20 20 20 20 20 20 20 20 20 20 20 20 20 20 20 5D 58   // прием: 39 байт; 21:48:37:814 28.02.2018
// таймаут: 66 мсек

Настройка       
                

CA E0 EB FE EC ED FB 20 

00 00 07 00 F7 D4 47   // передача: 7 байт; 21:48:38:313 28.02.2018
// приём по количеству байт: 39 из 39
// принято с порта: 39 байт

01 00 27 00 F7 CD E0 F1 F2 F0 EE E9 EA E0 20 20 20 20 20 20 20 20 20 20 20 20 20 20 20 20 20 20 20 20 20 20 20 5D 58   // прием: 39 байт; 21:48:38:378 28.02.2018
// таймаут: 65 мсек

Настройка       
                

CA E0 EB FE EC ED FB 20 

00 00 07 00 F7 D4 47   // передача: 7 байт; 21:48:38:887 28.02.2018
// приём по количеству байт: 39 из 39
// принято с порта: 39 байт

01 00 27 00 F7 CD E0 F1 F2 F0 EE E9 EA E0 20 20 20 20 20 20 20 20 20 20 20 20 20 20 20 20 20 20 20 20 20 20 20 5D 58   // прием: 39 байт; 21:48:38:952 28.02.2018
// таймаут: 65 мсек

Настройка       
                

CA E0 EB FE EC ED FB 20 

00 00 07 00 F7 D4 47   // передача: 7 байт; 21:48:39:465 28.02.2018
// приём по количеству байт: 39 из 39
// принято с порта: 39 байт

01 00 27 00 F7 CD E0 F1 F2 F0 EE E9 EA E0 20 20 20 20 20 20 20 20 20 20 20 20 20 20 20 20 20 20 20 20 20 20 20 5D 58   // прием: 39 байт; 21:48:39:525 28.02.2018
// таймаут: 60 мсек

Настройка       
                

CA E0 EB FE EC ED FB 20 

00 00 07 00 F7 D4 47   // передача: 7 байт; 21:48:40:035 28.02.2018
// приём по количеству байт: 39 из 39
// принято с порта: 39 байт

01 00 27 00 F7 CD E0 F1 F2 F0 EE E9 EA E0 20 20 20 20 20 20 20 20 20 20 20 20 20 20 20 20 20 20 20 20 20 20 20 5D 58   // прием: 39 байт; 21:48:40:093 28.02.2018
// таймаут: 58 мсек

Настройка       
                

CA E0 EB FE EC ED FB 20 

00 00 07 00 F7 D4 47   // передача: 7 байт; 21:48:40:612 28.02.2018
// приём по количеству байт: 39 из 39
// принято с порта: 39 байт

01 00 27 00 F7 CD E0 F1 F2 F0 EE E9 EA E0 20 20 20 20 20 20 20 20 20 20 20 20 20 20 20 20 20 20 20 20 20 20 20 5D 58   // прием: 39 байт; 21:48:40:672 28.02.2018
// таймаут: 60 мсек

Настройка       
                

CA E0 EB FE EC ED FB 20 

00 00 07 00 F7 D4 47   // передача: 7 байт; 21:48:41:182 28.02.2018
// приём по количеству байт: 39 из 39
// принято с порта: 39 байт

01 00 27 00 F7 CD E0 F1 F2 F0 EE E9 EA E0 20 20 20 20 20 20 20 20 20 20 20 20 20 20 20 20 20 20 20 20 20 20 20 5D 58   // прием: 39 байт; 21:48:41:242 28.02.2018
// таймаут: 60 мсек

Настройка       
                

// О программе
