
CA E0 EB FE EC ED FB 20 

00 00 07 00 F7 D4 47   // передача: 7 байт; 19:10:28:250 28.02.2018
// приём по таймауту: 1000 мс
// принято с порта: 0 байт
повтор: 1

CA E0 EB FE EC ED FB 20 

00 00 07 00 F7 D4 47   // передача: 7 байт; 19:10:29:260 28.02.2018
// приём по таймауту: 1000 мс
// принято с порта: 0 байт
повтор: 2

CA E0 EB FE EC ED FB 20 

00 00 07 00 F7 D4 47   // передача: 7 байт; 19:10:30:270 28.02.2018
// приём по таймауту: 1000 мс
// принято с порта: 0 байт
повтор: 3

CA E0 EB FE EC ED FB 20 

00 00 07 00 F7 D4 47   // передача: 7 байт; 19:10:31:320 28.02.2018
// приём по таймауту: 1000 мс
// принято с порта: 0 байт
повтор: 4

CA E0 EB FE EC ED FB 20 

00 00 07 00 F7 D4 47   // передача: 7 байт; 19:10:32:340 28.02.2018
// приём по таймауту: 1000 мс
// принято с порта: 0 байт
повтор: 5

CA E0 EB FE EC ED FB 20 

00 00 07 00 F7 D4 47   // передача: 7 байт; 19:10:33:420 28.02.2018
// приём по таймауту: 1000 мс
// принято с порта: 0 байт

CA E0 EB FE EC ED FB 20 

00 00 07 00 F7 D4 47   // передача: 7 байт; 19:10:58:327 28.02.2018
// приём по таймауту: 1000 мс
// принято с порта: 0 байт

CA E0 EB FE EC ED FB 20 

00 00 07 00 F7 D4 47   // передача: 7 байт; 19:11:39:695 28.02.2018
// приём по таймауту: 1000 мс
// принято с порта: 0 байт

CA E0 EB FE EC ED FB 20 

00 00 07 00 F7 D4 47   // передача: 7 байт; 19:11:43:875 28.02.2018
// приём по таймауту: 1000 мс
// принято с порта: 0 байт



1B 41   // передача: 2 байт; 19:11:47:285 28.02.2018
// приём по таймауту: 1000 мс
// принято с порта: 0 байт



1B EE   // передача: 2 байт; 19:13:34:639 28.02.2018
// приём по таймауту: 1000 мс
// принято с порта: 0 байт



1B EE   // передача: 2 байт; 19:13:37:697 28.02.2018
// приём по таймауту: 1000 мс
// принято с порта: 0 байт



1B EE   // передача: 2 байт; 19:13:57:669 28.02.2018
// приём по таймауту: 1000 мс
// принято с порта: 0 байт

CA E0 EB FE EC ED FB 20 

00 00 07 00 F7 D4 47   // передача: 7 байт; 19:14:05:059 28.02.2018
// приём по таймауту: 1000 мс
// принято с порта: 0 байт
// приём по количеству байт: 8 из 0
// принято с порта: 8 байт

96 00 27 00 F7 CD E0 F1   // прием: 8 байт; 19:14:17:049 28.02.2018
// таймаут: 11990 мсек

// приём по количеству байт: 31 из 0
// принято с порта: 31 байт

F2 F0 EE E9 EA E0 20 20 20 20 20 20 20 20 20 20 20 20 20 20 20 20 20 20 20 20 20 20 20 30 67   // прием: 31 байт; 19:14:19:279 28.02.2018
// таймаут: 14220 мсек


CA E0 EB FE EC ED FB 20 

00 00 07 00 F7 D4 47   // передача: 7 байт; 19:14:20:519 28.02.2018
// приём по количеству байт: 39 из 39
// принято с порта: 39 байт

96 00 27 00 F7 CD E0 F1 F2 F0 EE E9 EA E0 20 20 20 20 20 20 20 20 20 20 20 20 20 20 20 20 20 20 20 20 20 20 20 30 67   // прием: 39 байт; 19:14:21:049 28.02.2018
// таймаут: 530 мсек

Настройка       
                

CA E0 EB FE EC ED FB 20 

00 00 08 00 F6 0C 45 DE   // передача: 8 байт; 19:14:22:209 28.02.2018
// приём по количеству байт: 9 из 9
// принято с порта: 9 байт

96 00 09 00 F6 00 00 D1 3A   // прием: 9 байт; 19:14:22:489 28.02.2018
// таймаут: 280 мсек


CA E0 EB FE EC ED FB 20 

00 00 07 00 F7 D4 47   // передача: 7 байт; 19:14:22:489 28.02.2018
// приём по количеству байт: 39 из 39
// принято с порта: 39 байт

96 00 27 00 F7 CF F0 EE E3 F0 E0 EC EC E0 20 3F 20 20 20 20 20 2D 5F 5F 5F 20 20 20 20 20 20 20 20 20 20 20 20 7B ED   // прием: 39 байт; 19:14:23:009 28.02.2018
// таймаут: 520 мсек

Программа ?     
-___            

CA E0 EB FE EC ED FB 20 

00 00 08 00 F6 0C 45 DE   // передача: 8 байт; 19:14:37:353 28.02.2018
// приём по количеству байт: 9 из 9
// принято с порта: 9 байт

96 00 09 00 F6 00 00 D1 3A   // прием: 9 байт; 19:14:37:633 28.02.2018
// таймаут: 280 мсек


CA E0 EB FE EC ED FB 20 

00 00 07 00 F7 D4 47   // передача: 7 байт; 19:14:37:633 28.02.2018
// приём по количеству байт: 39 из 39
// принято с порта: 39 байт

96 00 27 00 F7 CF F0 EE E3 F0 E0 EC EC E0 20 3F 20 20 20 20 20 2D 5F 5F 5F 20 20 20 20 20 20 20 20 20 20 20 20 7B ED   // прием: 39 байт; 19:14:38:153 28.02.2018
// таймаут: 520 мсек

Программа ?     
-___            

CA E0 EB FE EC ED FB 20 

00 00 08 00 F6 01 84 1B   // передача: 8 байт; 19:14:39:957 28.02.2018
// приём по количеству байт: 9 из 9
// принято с порта: 9 байт

96 00 09 00 F6 00 00 D1 3A   // прием: 9 байт; 19:14:40:237 28.02.2018
// таймаут: 280 мсек


CA E0 EB FE EC ED FB 20 

00 00 07 00 F7 D4 47   // передача: 7 байт; 19:14:40:237 28.02.2018
// приём по количеству байт: 39 из 39
// принято с порта: 39 байт

96 00 27 00 F7 CF F0 EE E3 F0 E0 EC EC E0 20 3F 20 20 20 20 20 2D 5F 5F 31 20 20 20 20 20 20 20 20 20 20 20 20 EC C3   // прием: 39 байт; 19:14:40:758 28.02.2018
// таймаут: 521 мсек

Программа ?     
-__1            

CA E0 EB FE EC ED FB 20 

00 00 08 00 F6 0C 45 DE   // передача: 8 байт; 19:14:42:078 28.02.2018
// приём по количеству байт: 9 из 9
// принято с порта: 9 байт

96 00 09 00 F6 00 00 D1 3A   // прием: 9 байт; 19:14:42:358 28.02.2018
// таймаут: 280 мсек


CA E0 EB FE EC ED FB 20 

00 00 07 00 F7 D4 47   // передача: 7 байт; 19:14:42:358 28.02.2018
// приём по количеству байт: 39 из 39
// принято с порта: 39 байт

96 00 27 00 F7 CF F0 EE E3 F0 E0 EC EC E0 20 3F 20 20 20 20 20 2D 5F 5F 5F 20 20 20 20 20 20 20 20 20 20 20 20 7B ED   // прием: 39 байт; 19:14:42:878 28.02.2018
// таймаут: 520 мсек

Программа ?     
-___            

CA E0 EB FE EC ED FB 20 

00 00 08 00 F6 09 85 DD   // передача: 8 байт; 19:14:43:368 28.02.2018
// приём по количеству байт: 9 из 9
// принято с порта: 9 байт

96 00 09 00 F6 00 00 D1 3A   // прием: 9 байт; 19:14:43:638 28.02.2018
// таймаут: 270 мсек


CA E0 EB FE EC ED FB 20 

00 00 07 00 F7 D4 47   // передача: 7 байт; 19:14:43:648 28.02.2018
// приём по количеству байт: 39 из 39
// принято с порта: 39 байт

96 00 27 00 F7 CF F0 EE E3 F0 E0 EC EC E0 20 3F 20 20 20 20 20 2D 5F 5F 39 20 20 20 20 20 20 20 20 20 20 20 20 F3 8B   // прием: 39 байт; 19:14:44:168 28.02.2018
// таймаут: 520 мсек

Программа ?     
-__9            

CA E0 EB FE EC ED FB 20 

00 00 08 00 F6 0D 84 1E   // передача: 8 байт; 19:14:44:528 28.02.2018
// приём по количеству байт: 9 из 9
// принято с порта: 9 байт

96 00 09 00 F6 00 00 D1 3A   // прием: 9 байт; 19:14:44:798 28.02.2018
// таймаут: 270 мсек


CA E0 EB FE EC ED FB 20 

00 00 07 00 F7 D4 47   // передача: 7 байт; 19:14:44:808 28.02.2018
// приём по количеству байт: 39 из 39
// принято с порта: 39 байт

96 00 27 00 F7 D2 E5 EA F3 F9 E5 E5 20 E2 F0 E5 EC FF 20 20 20 20 20 20 20 31 30 3A 31 39 3A 35 32 00 20 20 20 AB 33   // прием: 39 байт; 19:14:45:328 28.02.2018
// таймаут: 520 мсек

Текущее время   
    10:19:52    

CA E0 EB FE EC ED FB 20 

00 00 07 00 F7 D4 47   // передача: 7 байт; 19:17:17:971 28.02.2018
// приём по количеству байт: 39 из 39
// принято с порта: 39 байт

96 00 27 00 F7 D2 E5 EA F3 F9 E5 E5 20 E2 F0 E5 EC FF 20 20 20 20 20 20 20 31 30 3A 32 32 3A 32 36 00 20 20 20 0E 07   // прием: 39 байт; 19:17:18:493 28.02.2018
// таймаут: 522 мсек

Текущее время   
    10:22:26    



1B EE   // передача: 2 байт; 19:17:31:410 28.02.2018
// приём по таймауту: 1000 мс
// принято с порта: 0 байт



1B EE   // передача: 2 байт; 19:19:41:856 28.02.2018



1B EC   // передача: 2 байт; 19:19:42:543 28.02.2018
// приём по таймауту: 1000 мс
// принято с порта: 0 байт

CA E0 EB FE EC ED FB 20 

00 00 07 00 F7 D4 47   // передача: 7 байт; 19:19:46:639 28.02.2018
// приём по количеству байт: 39 из 39
// принято с порта: 39 байт

96 00 27 00 F7 D2 E5 EA F3 F9 E5 E5 20 E2 F0 E5 EC FF 20 20 20 20 20 20 20 31 30 3A 32 34 3A 35 34 00 20 20 20 F6 5A   // прием: 39 байт; 19:19:47:159 28.02.2018
// таймаут: 520 мсек

Текущее время   
    10:24:54    

CA E0 EB FE EC ED FB 20 

00 00 08 00 F6 0C 45 DE   // передача: 8 байт; 19:19:48:751 28.02.2018
// приём по количеству байт: 9 из 9
// принято с порта: 9 байт

96 00 09 00 F6 00 00 D1 3A   // прием: 9 байт; 19:19:49:031 28.02.2018
// таймаут: 280 мсек


CA E0 EB FE EC ED FB 20 

00 00 07 00 F7 D4 47   // передача: 7 байт; 19:19:49:031 28.02.2018
// приём по количеству байт: 39 из 39
// принято с порта: 39 байт

96 00 27 00 F7 CF F0 EE E3 F0 E0 EC EC E0 20 3F 20 20 20 20 20 2D 5F 5F 5F 20 20 20 20 20 20 20 20 20 20 20 20 7B ED   // прием: 39 байт; 19:19:49:551 28.02.2018
// таймаут: 520 мсек

Программа ?     
-___            

CA E0 EB FE EC ED FB 20 

00 00 08 00 F6 08 44 1D   // передача: 8 байт; 19:19:50:032 28.02.2018
// приём по количеству байт: 9 из 9
// принято с порта: 9 байт

96 00 09 00 F6 00 00 D1 3A   // прием: 9 байт; 19:19:50:312 28.02.2018
// таймаут: 280 мсек


CA E0 EB FE EC ED FB 20 

00 00 07 00 F7 D4 47   // передача: 7 байт; 19:19:50:312 28.02.2018
// приём по количеству байт: 39 из 39
// принято с порта: 39 байт

96 00 27 00 F7 CF F0 EE E3 F0 E0 EC EC E0 20 3F 20 20 20 20 20 2D 5F 5F 38 20 20 20 20 20 20 20 20 20 20 20 20 F1 0A   // прием: 39 байт; 19:19:50:832 28.02.2018
// таймаут: 520 мсек

Программа ?     
-__8            

CA E0 EB FE EC ED FB 20 

00 00 08 00 F6 01 84 1B   // передача: 8 байт; 19:19:51:235 28.02.2018
// приём по количеству байт: 9 из 9
// принято с порта: 9 байт

96 00 09 00 F6 00 00 D1 3A   // прием: 9 байт; 19:19:51:506 28.02.2018
// таймаут: 271 мсек


CA E0 EB FE EC ED FB 20 

00 00 07 00 F7 D4 47   // передача: 7 байт; 19:19:51:506 28.02.2018
// приём по количеству байт: 39 из 39
// принято с порта: 39 байт

96 00 27 00 F7 CF F0 EE E3 F0 E0 EC EC E0 20 3F 20 20 20 20 20 2D 5F 38 31 20 20 20 20 20 20 20 20 20 20 20 20 8A 64   // прием: 39 байт; 19:19:52:036 28.02.2018
// таймаут: 530 мсек

Программа ?     
-_81            

CA E0 EB FE EC ED FB 20 

00 00 08 00 F6 0D 84 1E   // передача: 8 байт; 19:19:52:666 28.02.2018
// приём по количеству байт: 9 из 9
// принято с порта: 9 байт

96 00 09 00 F6 00 00 D1 3A   // прием: 9 байт; 19:19:52:938 28.02.2018
// таймаут: 272 мсек


CA E0 EB FE EC ED FB 20 

00 00 07 00 F7 D4 47   // передача: 7 байт; 19:19:52:938 28.02.2018
// приём по количеству байт: 39 из 39
// принято с порта: 39 байт

96 00 27 00 F7 CF EE EB ED FB E9 20 F1 E1 F0 EE F1 20 20 20 20 2E ED E5 F2 00 20 20 20 20 20 20 20 20 20 20 20 EB 5D   // прием: 39 байт; 19:19:53:468 28.02.2018
// таймаут: 530 мсек

Полный сброс    
.нет            

CA E0 EB FE EC ED FB 20 

00 00 08 00 F6 0B 04 1C   // передача: 8 байт; 19:19:53:960 28.02.2018
// приём по количеству байт: 9 из 9
// принято с порта: 9 байт

96 00 09 00 F6 00 00 D1 3A   // прием: 9 байт; 19:19:54:240 28.02.2018
// таймаут: 280 мсек


CA E0 EB FE EC ED FB 20 

00 00 07 00 F7 D4 47   // передача: 7 байт; 19:19:54:240 28.02.2018
// приём по количеству байт: 39 из 39
// принято с порта: 39 байт

96 00 27 00 F7 CF EE EB ED FB E9 20 F1 E1 F0 EE F1 20 20 20 20 2E E4 E0 20 00 20 20 20 20 20 20 20 20 20 20 20 1F 8D   // прием: 39 байт; 19:19:54:761 28.02.2018
// таймаут: 521 мсек

Полный сброс    
.да             

CA E0 EB FE EC ED FB 20 

00 00 08 00 F6 0D 84 1E   // передача: 8 байт; 19:19:55:221 28.02.2018
// приём по количеству байт: 9 из 9
// принято с порта: 9 байт

96 00 09 00 F6 00 00 D1 3A   // прием: 9 байт; 19:19:55:501 28.02.2018
// таймаут: 280 мсек


CA E0 EB FE EC ED FB 20 

00 00 07 00 F7 D4 47   // передача: 7 байт; 19:19:55:501 28.02.2018
// приём по таймауту: 1000 мс
// принято с порта: 0 байт
повтор: 1

CA E0 EB FE EC ED FB 20 

00 00 07 00 F7 D4 47   // передача: 7 байт; 19:19:56:511 28.02.2018
// приём по таймауту: 1000 мс
// принято с порта: 0 байт
повтор: 2

CA E0 EB FE EC ED FB 20 

00 00 07 00 F7 D4 47   // передача: 7 байт; 19:19:57:522 28.02.2018
// приём по таймауту: 1000 мс
// принято с порта: 0 байт
повтор: 3

CA E0 EB FE EC ED FB 20 

00 00 07 00 F7 D4 47   // передача: 7 байт; 19:19:58:534 28.02.2018
// приём по таймауту: 1000 мс
// принято с порта: 0 байт
повтор: 4

CA E0 EB FE EC ED FB 20 

00 00 07 00 F7 D4 47   // передача: 7 байт; 19:19:59:554 28.02.2018
// приём по таймауту: 1000 мс
// принято с порта: 0 байт
повтор: 5

CA E0 EB FE EC ED FB 20 

00 00 07 00 F7 D4 47   // передача: 7 байт; 19:20:00:565 28.02.2018
// приём по таймауту: 1000 мс
// принято с порта: 0 байт

CA E0 EB FE EC ED FB 20 

00 00 07 00 F7 D4 47   // передача: 7 байт; 19:20:03:476 28.02.2018
// приём по таймауту: 1000 мс
// принято с порта: 0 байт

CA E0 EB FE EC ED FB 20 

00 00 07 00 F7 D4 47   // передача: 7 байт; 19:20:06:216 28.02.2018
// приём по таймауту: 1000 мс
// принято с порта: 0 байт

CA E0 EB FE EC ED FB 20 

00 00 07 00 F7 D4 47   // передача: 7 байт; 19:20:33:928 28.02.2018
// приём по таймауту: 1000 мс
// принято с порта: 0 байт

CA E0 EB FE EC ED FB 20 

00 00 07 00 F7 D4 47   // передача: 7 байт; 19:22:27:386 28.02.2018
// приём по таймауту: 1000 мс
// принято с порта: 0 байт

// О программе
