OnTapiStatus event
событие: Dialing... 7128364
OnTapiStatus event
событие: Proceeding... 7128364
OnTapiStatus event
Last event
OnTapiPortOpen event
OnTapiConnect event
установлено соединение на скорости 9600


00 00 07 00 F7 D4 47   // передача: 7 байт; 08:42:18:204 04.07.2020


55 00 00 11 FF F0 00 00 07 00 F7 D4 47 21 B3 8C 7D   // передача: 17 байт; 08:42:18:204 04.07.2020
// приём по количеству байт: 39 из 39
// принято с порта: 39 байт

01 00 27 00 F7 D0 E0 E1 EE F2 E0 20 20 20 20 20 20 20 20 20 20 20 20 20 20 20 20 20 CE CA 20 20 20 20 20 20 20 DE 07   // прием: 39 байт; 08:42:19:633 04.07.2020
// таймаут: 1429 мсек

Работа          
       ОК       


00 00 08 00 F6 0C 45 DE   // передача: 8 байт; 08:42:20:661 04.07.2020


55 00 00 12 FF F0 00 00 08 00 F6 0C 45 DE 21 B3 05 B9   // передача: 18 байт; 08:42:20:661 04.07.2020
// приём по количеству байт: 9 из 9
// принято с порта: 9 байт

01 00 09 00 F6 00 00 37 F3   // прием: 9 байт; 08:42:22:094 04.07.2020
// таймаут: 1433 мсек



00 00 07 00 F7 D4 47   // передача: 7 байт; 08:42:22:094 04.07.2020


55 00 00 11 FF F0 00 00 07 00 F7 D4 47 21 B3 8C 7D   // передача: 17 байт; 08:42:22:094 04.07.2020
// приём по количеству байт: 39 из 39
// принято с порта: 39 байт

01 00 27 00 F7 CF F0 EE E3 F0 E0 EC EC E0 20 3F 20 20 20 20 20 3E 5F 5F 5F 20 20 20 20 20 20 20 20 20 20 20 20 5B EF   // прием: 39 байт; 08:42:23:534 04.07.2020
// таймаут: 1440 мсек

Программа ?     
>___            


00 00 07 00 F7 D4 47   // передача: 7 байт; 08:42:23:780 04.07.2020


55 00 00 11 FF F0 00 00 07 00 F7 D4 47 21 B3 8C 7D   // передача: 17 байт; 08:42:23:781 04.07.2020


00 00 08 00 F6 0C 45 DE   // передача: 8 байт; 08:42:24:604 04.07.2020


55 00 00 12 FF F0 00 00 08 00 F6 0C 45 DE 21 B3 05 B9   // передача: 18 байт; 08:42:24:605 04.07.2020


00 00 08 00 F6 01 84 1B   // передача: 8 байт; 08:42:25:292 04.07.2020


55 00 00 12 FF F0 00 00 08 00 F6 01 84 1B 21 B3 05 B9   // передача: 18 байт; 08:42:25:292 04.07.2020
// приём по количеству байт: 16 из 9
// принято с порта: 16 байт

01 00 27 00 F7 CF F0 EE E3 F0 E0 EC EC E0 20 3F   // прием: 16 байт; 08:42:25:412 04.07.2020
// таймаут: 120 мсек

// приём по количеству байт: 11 из 9
// принято с порта: 11 байт

20 20 20 20 20 3E 5F 5F 5F 20 20   // прием: 11 байт; 08:42:25:435 04.07.2020
// таймаут: 143 мсек

// приём по количеству байт: 12 из 9
// принято с порта: 12 байт

20 20 20 20 20 20 20 20 20 20 5B EF   // прием: 12 байт; 08:42:25:472 04.07.2020
// таймаут: 180 мсек

// приём по количеству байт: 9 из 9
// принято с порта: 9 байт

01 00 09 00 F6 00 00 37 F3   // прием: 9 байт; 08:42:26:035 04.07.2020
// таймаут: 743 мсек



00 00 07 00 F7 D4 47   // передача: 7 байт; 08:42:26:035 04.07.2020


55 00 00 11 FF F0 00 00 07 00 F7 D4 47 21 B3 8C 7D   // передача: 17 байт; 08:42:26:036 04.07.2020


00 00 08 00 F6 01 84 1B   // передача: 8 байт; 08:42:26:220 04.07.2020


55 00 00 12 FF F0 00 00 08 00 F6 01 84 1B 21 B3 05 B9   // передача: 18 байт; 08:42:26:220 04.07.2020
// приём по количеству байт: 9 из 9
// принято с порта: 9 байт

01 00 09 00 F6 00 00 37 F3   // прием: 9 байт; 08:42:26:732 04.07.2020
// таймаут: 512 мсек



00 00 07 00 F7 D4 47   // передача: 7 байт; 08:42:26:732 04.07.2020


55 00 00 11 FF F0 00 00 07 00 F7 D4 47 21 B3 8C 7D   // передача: 17 байт; 08:42:26:733 04.07.2020


00 00 08 00 F6 07 04 19   // передача: 8 байт; 08:42:27:308 04.07.2020


55 00 00 12 FF F0 00 00 08 00 F6 07 04 19 21 B3 05 B9   // передача: 18 байт; 08:42:27:308 04.07.2020
// приём по количеству байт: 16 из 9
// принято с порта: 16 байт

01 00 27 00 F7 CF F0 EE E3 F0 E0 EC EC E0 20 3F   // прием: 16 байт; 08:42:27:452 04.07.2020
// таймаут: 144 мсек

// приём по количеству байт: 11 из 9
// принято с порта: 11 байт

20 20 20 20 20 3E 5F 5F 31 20 20   // прием: 11 байт; 08:42:27:475 04.07.2020
// таймаут: 167 мсек

// приём по количеству байт: 12 из 9
// принято с порта: 12 байт

20 20 20 20 20 20 20 20 20 20 CC C1   // прием: 12 байт; 08:42:27:512 04.07.2020
// таймаут: 204 мсек

// приём по количеству байт: 9 из 9
// принято с порта: 9 байт

01 00 09 00 F6 00 00 37 F3   // прием: 9 байт; 08:42:27:655 04.07.2020
// таймаут: 347 мсек



00 00 07 00 F7 D4 47   // передача: 7 байт; 08:42:27:655 04.07.2020


55 00 00 11 FF F0 00 00 07 00 F7 D4 47 21 B3 8C 7D   // передача: 17 байт; 08:42:27:656 04.07.2020


00 00 07 00 F7 D4 47   // передача: 7 байт; 08:42:28:188 04.07.2020


55 00 00 11 FF F0 00 00 07 00 F7 D4 47 21 B3 8C 7D   // передача: 17 байт; 08:42:28:188 04.07.2020
// приём по количеству байт: 39 из 39
// принято с порта: 39 байт

01 00 27 00 F7 CF F0 EE E3 F0 E0 EC EC E0 20 3F 20 20 20 20 20 3E 5F 31 31 20 20 20 20 20 20 20 20 20 20 20 20 A3 6F   // прием: 39 байт; 08:42:28:214 04.07.2020
// таймаут: 26 мсек

Программа ?     
>_11            
// приём по количеству байт: 8 из 0
// принято с порта: 8 байт

01 00 09 00 F6 00 00 37   // прием: 8 байт; 08:42:28:734 04.07.2020
// таймаут: 546 мсек

// приём по количеству байт: 1 из 0
// принято с порта: 1 байт

F3   // прием: 1 байт; 08:42:28:735 04.07.2020
// таймаут: 547 мсек

// приём по количеству байт: 8 из 0
// принято с порта: 8 байт

01 00 27 00 F7 CF F0 EE   // прием: 8 байт; 08:42:29:071 04.07.2020
// таймаут: 883 мсек

// приём по количеству байт: 8 из 0
// принято с порта: 8 байт

E3 F0 E0 EC EC E0 20 3F   // прием: 8 байт; 08:42:29:072 04.07.2020
// таймаут: 884 мсек

// приём по количеству байт: 7 из 0
// принято с порта: 7 байт

20 20 20 20 20 3E 31   // прием: 7 байт; 08:42:29:073 04.07.2020
// таймаут: 885 мсек

// приём по количеству байт: 4 из 0
// принято с порта: 4 байт

31 37 20 20   // прием: 4 байт; 08:42:29:094 04.07.2020
// таймаут: 906 мсек

// приём по количеству байт: 8 из 0
// принято с порта: 8 байт

20 20 20 20 20 20 20 20   // прием: 8 байт; 08:42:29:131 04.07.2020
// таймаут: 943 мсек

// приём по количеству байт: 4 из 0
// принято с порта: 4 байт

20 20 44 85   // прием: 4 байт; 08:42:29:132 04.07.2020
// таймаут: 944 мсек

// приём по количеству байт: 8 из 0
// принято с порта: 8 байт

01 00 27 00 F7 CF F0 EE   // прием: 8 байт; 08:42:29:593 04.07.2020
// таймаут: 1405 мсек

// приём по количеству байт: 8 из 0
// принято с порта: 8 байт

E3 F0 E0 EC EC E0 20 3F   // прием: 8 байт; 08:42:29:593 04.07.2020
// таймаут: 1405 мсек

// приём по количеству байт: 7 из 0
// принято с порта: 7 байт

20 20 20 20 20 3E 31   // прием: 7 байт; 08:42:29:594 04.07.2020
// таймаут: 1406 мсек

// приём по количеству байт: 5 из 0
// принято с порта: 5 байт

31 37 20 20 20   // прием: 5 байт; 08:42:29:611 04.07.2020
// таймаут: 1423 мсек

// приём по количеству байт: 8 из 0
// принято с порта: 8 байт

20 20 20 20 20 20 20 20   // прием: 8 байт; 08:42:29:653 04.07.2020
// таймаут: 1465 мсек

// приём по количеству байт: 3 из 0
// принято с порта: 3 байт

20 44 85   // прием: 3 байт; 08:42:29:653 04.07.2020
// таймаут: 1465 мсек



00 00 07 00 F7 D4 47   // передача: 7 байт; 08:42:32:020 04.07.2020


55 00 00 11 FF F0 00 00 07 00 F7 D4 47 21 B3 8C 7D   // передача: 17 байт; 08:42:32:020 04.07.2020
// приём по количеству байт: 39 из 39
// принято с порта: 39 байт

01 00 27 00 F7 CF F0 EE E3 F0 E0 EC EC E0 20 3F 20 20 20 20 20 3E 31 31 37 20 20 20 20 20 20 20 20 20 20 20 20 44 85   // прием: 39 байт; 08:42:33:613 04.07.2020
// таймаут: 1593 мсек

Программа ?     
>117            


00 00 08 00 F6 0D 84 1E   // передача: 8 байт; 08:42:34:684 04.07.2020


55 00 00 12 FF F0 00 00 08 00 F6 0D 84 1E 21 B3 05 B9   // передача: 18 байт; 08:42:34:684 04.07.2020
// приём по количеству байт: 9 из 9
// принято с порта: 9 байт

01 00 09 00 F6 00 00 37 F3   // прием: 9 байт; 08:42:36:114 04.07.2020
// таймаут: 1430 мсек



00 00 07 00 F7 D4 47   // передача: 7 байт; 08:42:36:115 04.07.2020


55 00 00 11 FF F0 00 00 07 00 F7 D4 47 21 B3 8C 7D   // передача: 17 байт; 08:42:36:115 04.07.2020
// приём по количеству байт: 39 из 39
// принято с порта: 39 байт

01 00 27 00 F7 CF F0 E0 E7 E4 ED E8 EA E8 20 3F 20 20 20 20 20 20 E4 E0 20 00 20 20 20 20 20 20 20 20 20 20 20 91 70   // прием: 39 байт; 08:42:37:592 04.07.2020
// таймаут: 1477 мсек

Праздники ?     
 да             


00 00 08 00 F6 0C 45 DE   // передача: 8 байт; 08:42:39:108 04.07.2020


55 00 00 12 FF F0 00 00 08 00 F6 0C 45 DE 21 B3 05 B9   // передача: 18 байт; 08:42:39:109 04.07.2020
// приём по количеству байт: 9 из 9
// принято с порта: 9 байт

01 00 09 00 F6 00 00 37 F3   // прием: 9 байт; 08:42:40:532 04.07.2020
// таймаут: 1423 мсек



00 00 07 00 F7 D4 47   // передача: 7 байт; 08:42:40:533 04.07.2020


55 00 00 11 FF F0 00 00 07 00 F7 D4 47 21 B3 8C 7D   // передача: 17 байт; 08:42:40:533 04.07.2020
// приём по количеству байт: 39 из 39
// принято с порта: 39 байт

01 00 27 00 F7 CF F0 EE E3 F0 E0 EC EC E0 20 3F 20 20 20 20 20 3E 5F 5F 5F 20 20 20 20 20 20 20 20 20 20 20 20 5B EF   // прием: 39 байт; 08:42:42:014 04.07.2020
// таймаут: 1481 мсек

Программа ?     
>___            


00 00 08 00 F6 01 84 1B   // передача: 8 байт; 08:42:43:092 04.07.2020


55 00 00 12 FF F0 00 00 08 00 F6 01 84 1B 21 B3 05 B9   // передача: 18 байт; 08:42:43:092 04.07.2020


00 00 08 00 F6 01 84 1B   // передача: 8 байт; 08:42:43:717 04.07.2020


55 00 00 12 FF F0 00 00 08 00 F6 01 84 1B 21 B3 05 B9   // передача: 18 байт; 08:42:43:717 04.07.2020


00 00 08 00 F6 08 44 1D   // передача: 8 байт; 08:42:44:372 04.07.2020


55 00 00 12 FF F0 00 00 08 00 F6 08 44 1D 21 B3 05 B9   // передача: 18 байт; 08:42:44:372 04.07.2020
// приём по количеству байт: 9 из 9
// принято с порта: 9 байт

01 00 09 00 F6 00 00 37 F3   // прием: 9 байт; 08:42:44:533 04.07.2020
// таймаут: 161 мсек



00 00 07 00 F7 D4 47   // передача: 7 байт; 08:42:44:534 04.07.2020


55 00 00 11 FF F0 00 00 07 00 F7 D4 47 21 B3 8C 7D   // передача: 17 байт; 08:42:44:534 04.07.2020


00 00 07 00 F7 D4 47   // передача: 7 байт; 08:42:44:964 04.07.2020


55 00 00 11 FF F0 00 00 07 00 F7 D4 47 21 B3 8C 7D   // передача: 17 байт; 08:42:44:964 04.07.2020
// приём по количеству байт: 41 из 39
// принято с порта: 41 байт

01 00 09 00 F6 00 00 37 F3 01 00 09 00 F6 00 00 37 F3 01 00 27 00 F7 CF F0 EE E3 F0 E0 EC EC E0 20 3F 20 20 20 20 20 3E 31   // прием: 41 байт; 08:42:45:956 04.07.2020
// таймаут: 992 мсек

// приём по количеству байт: 39 из 39
// принято с порта: 39 байт

31 38 20 20 20 20 20 20 20 20 20 20 20 20 50 8A 01 00 27 00 F7 CF F0 EE E3 F0 E0 EC EC E0 20 3F 20 20 20 20 20 3E 31   // прием: 39 байт; 08:42:46:376 04.07.2020
// таймаут: 1412 мсек

// приём по таймауту: 5000 мс
// принято с порта: 16 байт

31 38 20 20 20 20 20 20 20 20 20 20 20 20 50 8A   // прием: 16 байт; 08:42:51:398 04.07.2020
// таймаут: 6434 мсек



00 00 07 00 F7 D4 47   // передача: 7 байт; 08:42:53:420 04.07.2020


55 00 00 11 FF F0 00 00 07 00 F7 D4 47 21 B3 8C 7D   // передача: 17 байт; 08:42:53:420 04.07.2020
// приём по количеству байт: 39 из 39
// принято с порта: 39 байт

01 00 27 00 F7 CF F0 EE E3 F0 E0 EC EC E0 20 3F 20 20 20 20 20 3E 31 31 38 20 20 20 20 20 20 20 20 20 20 20 20 50 8A   // прием: 39 байт; 08:42:54:853 04.07.2020
// таймаут: 1433 мсек

Программа ?     
>118            


00 00 08 00 F6 0D 84 1E   // передача: 8 байт; 08:42:55:972 04.07.2020


55 00 00 12 FF F0 00 00 08 00 F6 0D 84 1E 21 B3 05 B9   // передача: 18 байт; 08:42:55:973 04.07.2020
// приём по количеству байт: 9 из 9
// принято с порта: 9 байт

01 00 09 00 F6 00 00 37 F3   // прием: 9 байт; 08:42:57:392 04.07.2020
// таймаут: 1419 мсек



00 00 07 00 F7 D4 47   // передача: 7 байт; 08:42:57:392 04.07.2020


55 00 00 11 FF F0 00 00 07 00 F7 D4 47 21 B3 8C 7D   // передача: 17 байт; 08:42:57:393 04.07.2020


00 00 07 00 F7 D4 47   // передача: 7 байт; 08:42:58:029 04.07.2020


55 00 00 11 FF F0 00 00 07 00 F7 D4 47 21 B3 8C 7D   // передача: 17 байт; 08:42:58:029 04.07.2020
// приём по количеству байт: 39 из 39
// принято с порта: 39 байт

01 00 27 00 F7 20 20 20 D2 E0 F0 E8 F4 20 E4 EB FF 20 20 20 20 20 20 20 20 20 20 20 20 30 00 20 20 20 20 20 20 6F BD   // прием: 39 байт; 08:42:58:874 04.07.2020
// таймаут: 845 мсек

   Тариф для    
        0       
// приём по количеству байт: 8 из 0
// принято с порта: 8 байт

01 00 27 00 F7 20 20 20   // прием: 8 байт; 08:42:59:431 04.07.2020
// таймаут: 1402 мсек

// приём по количеству байт: 8 из 0
// принято с порта: 8 байт

D2 E0 F0 E8 F4 20 E4 EB   // прием: 8 байт; 08:42:59:432 04.07.2020
// таймаут: 1403 мсек

// приём по количеству байт: 7 из 0
// принято с порта: 7 байт

FF 20 20 20 20 20 20   // прием: 7 байт; 08:42:59:433 04.07.2020
// таймаут: 1404 мсек

// приём по количеству байт: 4 из 0
// принято с порта: 4 байт

20 20 20 20   // прием: 4 байт; 08:42:59:455 04.07.2020
// таймаут: 1426 мсек

// приём по количеству байт: 8 из 0
// принято с порта: 8 байт

20 20 30 00 20 20 20 20   // прием: 8 байт; 08:42:59:492 04.07.2020
// таймаут: 1463 мсек

// приём по количеству байт: 4 из 0
// принято с порта: 4 байт

20 20 6F BD   // прием: 4 байт; 08:42:59:492 04.07.2020
// таймаут: 1463 мсек



00 00 08 00 F6 0C 45 DE   // передача: 8 байт; 08:43:03:828 04.07.2020


55 00 00 12 FF F0 00 00 08 00 F6 0C 45 DE 21 B3 05 B9   // передача: 18 байт; 08:43:03:828 04.07.2020
// приём по количеству байт: 9 из 9
// принято с порта: 9 байт

01 00 09 00 F6 00 00 37 F3   // прием: 9 байт; 08:43:05:432 04.07.2020
// таймаут: 1604 мсек



00 00 07 00 F7 D4 47   // передача: 7 байт; 08:43:05:432 04.07.2020


55 00 00 11 FF F0 00 00 07 00 F7 D4 47 21 B3 8C 7D   // передача: 17 байт; 08:43:05:432 04.07.2020
// приём по количеству байт: 39 из 39
// принято с порта: 39 байт

01 00 27 00 F7 CF F0 EE E3 F0 E0 EC EC E0 20 3F 20 20 20 20 20 3E 5F 5F 5F 20 20 20 20 20 20 20 20 20 20 20 20 5B EF   // прием: 39 байт; 08:43:06:913 04.07.2020
// таймаут: 1481 мсек

Программа ?     
>___            


00 00 08 00 F6 01 84 1B   // передача: 8 байт; 08:43:07:324 04.07.2020


55 00 00 12 FF F0 00 00 08 00 F6 01 84 1B 21 B3 05 B9   // передача: 18 байт; 08:43:07:324 04.07.2020


00 00 08 00 F6 01 84 1B   // передача: 8 байт; 08:43:07:876 04.07.2020


55 00 00 12 FF F0 00 00 08 00 F6 01 84 1B 21 B3 05 B9   // передача: 18 байт; 08:43:07:876 04.07.2020


00 00 08 00 F6 09 85 DD   // передача: 8 байт; 08:43:08:644 04.07.2020


55 00 00 12 FF F0 00 00 08 00 F6 09 85 DD 21 B3 05 B9   // передача: 18 байт; 08:43:08:644 04.07.2020
// приём по количеству байт: 9 из 9
// принято с порта: 9 байт

01 00 09 00 F6 00 00 37 F3   // прием: 9 байт; 08:43:08:754 04.07.2020
// таймаут: 110 мсек



00 00 07 00 F7 D4 47   // передача: 7 байт; 08:43:08:755 04.07.2020


55 00 00 11 FF F0 00 00 07 00 F7 D4 47 21 B3 8C 7D   // передача: 17 байт; 08:43:08:755 04.07.2020


00 00 07 00 F7 D4 47   // передача: 7 байт; 08:43:09:268 04.07.2020


55 00 00 11 FF F0 00 00 07 00 F7 D4 47 21 B3 8C 7D   // передача: 17 байт; 08:43:09:268 04.07.2020
// приём по количеству байт: 41 из 39
// принято с порта: 41 байт

01 00 09 00 F6 00 00 37 F3 01 00 09 00 F6 00 00 37 F3 01 00 27 00 F7 CF F0 EE E3 F0 E0 EC EC E0 20 3F 20 20 20 20 20 3E 31   // прием: 41 байт; 08:43:10:173 04.07.2020
// таймаут: 905 мсек

// приём по количеству байт: 39 из 39
// принято с порта: 39 байт

31 39 20 20 20 20 20 20 20 20 20 20 20 20 52 0B 01 00 27 00 F7 CF F0 EE E3 F0 E0 EC EC E0 20 3F 20 20 20 20 20 3E 31   // прием: 39 байт; 08:43:10:676 04.07.2020
// таймаут: 1408 мсек

// приём по таймауту: 5000 мс
// принято с порта: 16 байт

31 39 20 20 20 20 20 20 20 20 20 20 20 20 52 0B   // прием: 16 байт; 08:43:15:698 04.07.2020
// таймаут: 6430 мсек



00 00 07 00 F7 D4 47   // передача: 7 байт; 08:43:16:813 04.07.2020


55 00 00 11 FF F0 00 00 07 00 F7 D4 47 21 B3 8C 7D   // передача: 17 байт; 08:43:16:813 04.07.2020
// приём по количеству байт: 39 из 39
// принято с порта: 39 байт

01 00 27 00 F7 CF F0 EE E3 F0 E0 EC EC E0 20 3F 20 20 20 20 20 3E 31 31 39 20 20 20 20 20 20 20 20 20 20 20 20 52 0B   // прием: 39 байт; 08:43:18:253 04.07.2020
// таймаут: 1440 мсек

Программа ?     
>119            


00 00 08 00 F6 0D 84 1E   // передача: 8 байт; 08:43:19:316 04.07.2020


55 00 00 12 FF F0 00 00 08 00 F6 0D 84 1E 21 B3 05 B9   // передача: 18 байт; 08:43:19:316 04.07.2020
// приём по таймауту: 5000 мс
// принято с порта: 0 байт
повтор: 1


00 00 08 00 F6 F0 45 9F   // передача: 8 байт; 08:43:24:310 04.07.2020


55 00 00 12 FF F0 00 00 08 00 F6 F0 45 9F 21 B3 05 B9   // передача: 18 байт; 08:43:24:310 04.07.2020


00 00 07 00 F7 D4 47   // передача: 7 байт; 08:43:25:348 04.07.2020


55 00 00 11 FF F0 00 00 07 00 F7 D4 47 21 B3 8C 7D   // передача: 17 байт; 08:43:25:348 04.07.2020
// приём по таймауту: 5000 мс
// принято с порта: 0 байт
повтор: 2


00 00 07 00 F7 D4 47   // передача: 7 байт; 08:43:30:347 04.07.2020


55 00 00 11 FF F0 00 00 07 00 F7 D4 47 21 B3 8C 7D   // передача: 17 байт; 08:43:30:347 04.07.2020


00 00 07 00 F7 D4 47   // передача: 7 байт; 08:43:30:541 04.07.2020


55 00 00 11 FF F0 00 00 07 00 F7 D4 47 21 B3 8C 7D   // передача: 17 байт; 08:43:30:541 04.07.2020


00 00 08 00 F6 0D 84 1E   // передача: 8 байт; 08:43:32:884 04.07.2020


55 00 00 12 FF F0 00 00 08 00 F6 0D 84 1E 21 B3 05 B9   // передача: 18 байт; 08:43:32:885 04.07.2020
// приём по количеству байт: 9 из 9
// принято с порта: 9 байт

01 00 09 00 F6 00 00 37 F3   // прием: 9 байт; 08:43:34:315 04.07.2020
// таймаут: 1430 мсек



00 00 07 00 F7 D4 47   // передача: 7 байт; 08:43:34:315 04.07.2020


55 00 00 11 FF F0 00 00 07 00 F7 D4 47 21 B3 8C 7D   // передача: 17 байт; 08:43:34:316 04.07.2020
// приём по количеству байт: 39 из 39
// принято с порта: 39 байт

C3 01 00 10 FF F0 08 2B 08 04 07 14 00 54 25 D7 01 00 27 00 F7 CF F0 E0 E7 E4 ED E8 EA E8 20 20 20 20 20 20 20 20 ED   // прием: 39 байт; 08:43:35:756 04.07.2020
// таймаут: 1440 мсек

// приём по таймауту: 5000 мс
// принято с порта: 16 байт

E5 F2 20 EF F0 E0 E7 E4 ED E8 EA EE E2 20 E4 19   // прием: 16 байт; 08:43:40:814 04.07.2020
// таймаут: 6498 мсек



00 00 07 00 F7 D4 47   // передача: 7 байт; 08:43:40:996 04.07.2020


55 00 00 11 FF F0 00 00 07 00 F7 D4 47 21 B3 8C 7D   // передача: 17 байт; 08:43:40:996 04.07.2020
// приём по количеству байт: 39 из 39
// принято с порта: 39 байт

01 00 27 00 F7 CF F0 E0 E7 E4 ED E8 EA E8 20 20 20 20 20 20 20 20 ED E5 F2 20 EF F0 E0 E7 E4 ED E8 EA EE E2 20 E4 19   // прием: 39 байт; 08:43:42:433 04.07.2020
// таймаут: 1437 мсек

Праздники       
 нет праздников 
OnTapiStatus event
событие: Call disconnected (Normal Hangup by Remote) 7128364
OnTapiStatus event
событие: Line is idle 7128364
OnTapiPortClose event
OnTapiFail event
ошибка: Call disconnected (Normal Hangup by Remote)

// О программе
