Событие: Connecting to 10.10.195.182.   // 07:53:25:547 30.03.2018
Событие: Connected.   // 07:53:27:687 30.03.2018
Установлено соединение c сокетом: 10.10.195.182:7777   // 07:53:27:687 30.03.2018

CA E0 EB FE EC ED FB 20 

00 00 08 00 F6 0C 45 DE   // передача: 8 байт; 07:53:31:467 30.03.2018
// приём по таймауту: 5000 мс
// принято с сокета: 0 байт


00 00 07 00 F7 D4 47   // передача: 7 байт; 07:53:38:517 30.03.2018


55 00 00 11 FF F0 00 00 07 00 F7 D4 47 21 B3 8C 7D   // передача: 17 байт; 07:53:38:517 30.03.2018
// принято 39 байт (доступно 39 из 39 байт)   // 07:53:40:747 30.03.2018
// принято с сокета: 39 байт

01 00 27 00 F7 D2 E5 EA F3 F9 E5 E5 20 E2 F0 E5 EC FF 20 20 20 20 20 20 20 30 37 3A 35 32 3A 32 31 00 20 20 20 17 7F   // прием: 39 байт; 07:53:40:747 30.03.2018
// таймаут: 2230 мсек

Текущее время   
    07:52:21    


00 00 08 00 F6 0C 45 DE   // передача: 8 байт; 07:53:41:907 30.03.2018


55 00 00 12 FF F0 00 00 08 00 F6 0C 45 DE 21 B3 05 B9   // передача: 18 байт; 07:53:41:907 30.03.2018
// принято 9 байт (доступно 9 из 9 байт)   // 07:53:42:647 30.03.2018
// принято с сокета: 9 байт

01 00 09 00 F6 00 00 37 F3   // прием: 9 байт; 07:53:42:647 30.03.2018
// таймаут: 740 мсек



00 00 07 00 F7 D4 47   // передача: 7 байт; 07:53:42:647 30.03.2018


55 00 00 11 FF F0 00 00 07 00 F7 D4 47 21 B3 8C 7D   // передача: 17 байт; 07:53:42:647 30.03.2018


00 00 08 00 F6 02 C4 1A   // передача: 8 байт; 07:53:42:947 30.03.2018


55 00 00 12 FF F0 00 00 08 00 F6 02 C4 1A 21 B3 05 B9   // передача: 18 байт; 07:53:42:947 30.03.2018
// принято 39 байт (доступно 39 из 9 байт)   // 07:53:43:127 30.03.2018
// принято с сокета: 39 байт

01 00 27 00 F7 CF F0 EE E3 F0 E0 EC EC E0 20 3F 20 20 20 20 20 3E 5F 5F 5F 20 20 20 20 20 20 20 20 20 20 20 20 5B EF   // прием: 39 байт; 07:53:43:137 30.03.2018
// таймаут: 190 мсек

// принято 9 байт (доступно 9 из 9 байт)   // 07:53:43:567 30.03.2018
// принято с сокета: 9 байт

01 00 09 00 F6 00 00 37 F3   // прием: 9 байт; 07:53:43:567 30.03.2018
// таймаут: 620 мсек



00 00 07 00 F7 D4 47   // передача: 7 байт; 07:53:43:567 30.03.2018


55 00 00 11 FF F0 00 00 07 00 F7 D4 47 21 B3 8C 7D   // передача: 17 байт; 07:53:43:567 30.03.2018


00 00 08 00 F6 02 C4 1A   // передача: 8 байт; 07:53:43:837 30.03.2018


55 00 00 12 FF F0 00 00 08 00 F6 02 C4 1A 21 B3 05 B9   // передача: 18 байт; 07:53:43:837 30.03.2018
// принято 39 байт (доступно 39 из 9 байт)   // 07:53:44:027 30.03.2018
// принято с сокета: 39 байт

01 00 27 00 F7 CF F0 EE E3 F0 E0 EC EC E0 20 3F 20 20 20 20 20 3E 5F 5F 32 20 20 20 20 20 20 20 20 20 20 20 20 C9 02   // прием: 39 байт; 07:53:44:037 30.03.2018
// таймаут: 200 мсек

// принято 9 байт (доступно 9 из 9 байт)   // 07:53:44:447 30.03.2018
// принято с сокета: 9 байт

01 00 09 00 F6 00 00 37 F3   // прием: 9 байт; 07:53:44:447 30.03.2018
// таймаут: 610 мсек



00 00 07 00 F7 D4 47   // передача: 7 байт; 07:53:44:447 30.03.2018


55 00 00 11 FF F0 00 00 07 00 F7 D4 47 21 B3 8C 7D   // передача: 17 байт; 07:53:44:447 30.03.2018


00 00 08 00 F6 02 C4 1A   // передача: 8 байт; 07:53:44:637 30.03.2018


55 00 00 12 FF F0 00 00 08 00 F6 02 C4 1A 21 B3 05 B9   // передача: 18 байт; 07:53:44:637 30.03.2018
// принято 39 байт (доступно 39 из 9 байт)   // 07:53:44:907 30.03.2018
// принято с сокета: 39 байт

01 00 27 00 F7 CF F0 EE E3 F0 E0 EC EC E0 20 3F 20 20 20 20 20 3E 5F 32 32 20 20 20 20 20 20 20 20 20 20 20 20 A5 AF   // прием: 39 байт; 07:53:44:907 30.03.2018
// таймаут: 270 мсек

// принято 9 байт (доступно 9 из 9 байт)   // 07:53:45:307 30.03.2018
// принято с сокета: 9 байт

01 00 09 00 F6 00 00 37 F3   // прием: 9 байт; 07:53:45:307 30.03.2018
// таймаут: 670 мсек



00 00 07 00 F7 D4 47   // передача: 7 байт; 07:53:45:307 30.03.2018


55 00 00 11 FF F0 00 00 07 00 F7 D4 47 21 B3 8C 7D   // передача: 17 байт; 07:53:45:307 30.03.2018
// принято 39 байт (доступно 39 из 39 байт)   // 07:53:45:827 30.03.2018
// принято с сокета: 39 байт

01 00 27 00 F7 CF F0 EE E3 F0 E0 EC EC E0 20 3F 20 20 20 20 20 3E 32 32 32 20 20 20 20 20 20 20 20 20 20 20 20 08 82   // прием: 39 байт; 07:53:45:827 30.03.2018
// таймаут: 520 мсек

Программа ?     
>222            


00 00 08 00 F6 00 45 DB   // передача: 8 байт; 07:53:47:207 30.03.2018


55 00 00 12 FF F0 00 00 08 00 F6 00 45 DB 21 B3 05 B9   // передача: 18 байт; 07:53:47:207 30.03.2018
// принято 9 байт (доступно 9 из 9 байт)   // 07:53:47:967 30.03.2018
// принято с сокета: 9 байт

01 00 09 00 F6 00 00 37 F3   // прием: 9 байт; 07:53:47:967 30.03.2018
// таймаут: 760 мсек



00 00 07 00 F7 D4 47   // передача: 7 байт; 07:53:47:967 30.03.2018


55 00 00 11 FF F0 00 00 07 00 F7 D4 47 21 B3 8C 7D   // передача: 17 байт; 07:53:47:967 30.03.2018
// принято 39 байт (доступно 39 из 39 байт)   // 07:53:48:427 30.03.2018
// принято с сокета: 39 байт

01 00 27 00 F7 CF F0 EE E3 F0 E0 EC EC E0 20 3F 20 20 20 20 20 3E 32 32 30 20 20 20 20 20 20 20 20 20 20 20 20 0F C0   // прием: 39 байт; 07:53:48:427 30.03.2018
// таймаут: 460 мсек

Программа ?     
>220            


00 00 08 00 F6 0D 84 1E   // передача: 8 байт; 07:53:49:177 30.03.2018


55 00 00 12 FF F0 00 00 08 00 F6 0D 84 1E 21 B3 05 B9   // передача: 18 байт; 07:53:49:177 30.03.2018
// принято 9 байт (доступно 9 из 9 байт)   // 07:53:49:567 30.03.2018
// принято с сокета: 9 байт

01 00 09 00 F6 00 00 37 F3   // прием: 9 байт; 07:53:49:567 30.03.2018
// таймаут: 390 мсек



00 00 07 00 F7 D4 47   // передача: 7 байт; 07:53:49:567 30.03.2018


55 00 00 11 FF F0 00 00 07 00 F7 D4 47 21 B3 8C 7D   // передача: 17 байт; 07:53:49:567 30.03.2018
// принято 39 байт (доступно 39 из 39 байт)   // 07:53:50:047 30.03.2018
// принято с сокета: 39 байт

01 00 27 00 F7 CF EE F0 F2 20 32 3A 20 43 52 43 32 34 37 20 34 30 33 20 36 31 37 44 20 30 37 20 30 30 20 36 30 0A 80   // прием: 39 байт; 07:53:50:047 30.03.2018
// таймаут: 480 мсек

Порт 2: CRC247 4
03 617D 07 00 60


00 00 08 00 F6 0C 45 DE   // передача: 8 байт; 07:53:52:757 30.03.2018


55 00 00 12 FF F0 00 00 08 00 F6 0C 45 DE 21 B3 05 B9   // передача: 18 байт; 07:53:52:757 30.03.2018
// принято 9 байт (доступно 9 из 9 байт)   // 07:53:53:507 30.03.2018
// принято с сокета: 9 байт

01 00 09 00 F6 00 00 37 F3   // прием: 9 байт; 07:53:53:507 30.03.2018
// таймаут: 750 мсек



00 00 07 00 F7 D4 47   // передача: 7 байт; 07:53:53:507 30.03.2018


55 00 00 11 FF F0 00 00 07 00 F7 D4 47 21 B3 8C 7D   // передача: 17 байт; 07:53:53:507 30.03.2018
// принято 39 байт (доступно 39 из 39 байт)   // 07:53:53:927 30.03.2018
// принято с сокета: 39 байт

01 00 27 00 F7 CF F0 EE E3 F0 E0 EC EC E0 20 3F 20 20 20 20 20 3E 5F 5F 5F 20 20 20 20 20 20 20 20 20 20 20 20 5B EF   // прием: 39 байт; 07:53:53:927 30.03.2018
// таймаут: 420 мсек

Программа ?     
>___            


00 00 08 00 F6 01 84 1B   // передача: 8 байт; 07:53:54:537 30.03.2018


55 00 00 12 FF F0 00 00 08 00 F6 01 84 1B 21 B3 05 B9   // передача: 18 байт; 07:53:54:537 30.03.2018
// принято 9 байт (доступно 9 из 9 байт)   // 07:53:54:907 30.03.2018
// принято с сокета: 9 байт

01 00 09 00 F6 00 00 37 F3   // прием: 9 байт; 07:53:54:907 30.03.2018
// таймаут: 370 мсек



00 00 07 00 F7 D4 47   // передача: 7 байт; 07:53:54:907 30.03.2018


55 00 00 11 FF F0 00 00 07 00 F7 D4 47 21 B3 8C 7D   // передача: 17 байт; 07:53:54:907 30.03.2018
// принято 39 байт (доступно 39 из 39 байт)   // 07:53:55:327 30.03.2018
// принято с сокета: 39 байт

01 00 27 00 F7 CF F0 EE E3 F0 E0 EC EC E0 20 3F 20 20 20 20 20 3E 5F 5F 31 20 20 20 20 20 20 20 20 20 20 20 20 CC C1   // прием: 39 байт; 07:53:55:327 30.03.2018
// таймаут: 420 мсек

Программа ?     
>__1            


00 00 08 00 F6 01 84 1B   // передача: 8 байт; 07:53:55:837 30.03.2018


55 00 00 12 FF F0 00 00 08 00 F6 01 84 1B 21 B3 05 B9   // передача: 18 байт; 07:53:55:837 30.03.2018
// принято 9 байт (доступно 9 из 9 байт)   // 07:53:56:207 30.03.2018
// принято с сокета: 9 байт

01 00 09 00 F6 00 00 37 F3   // прием: 9 байт; 07:53:56:207 30.03.2018
// таймаут: 370 мсек



00 00 07 00 F7 D4 47   // передача: 7 байт; 07:53:56:207 30.03.2018


55 00 00 11 FF F0 00 00 07 00 F7 D4 47 21 B3 8C 7D   // передача: 17 байт; 07:53:56:207 30.03.2018
// принято 39 байт (доступно 39 из 39 байт)   // 07:53:56:627 30.03.2018
// принято с сокета: 39 байт

01 00 27 00 F7 CF F0 EE E3 F0 E0 EC EC E0 20 3F 20 20 20 20 20 3E 5F 31 31 20 20 20 20 20 20 20 20 20 20 20 20 A3 6F   // прием: 39 байт; 07:53:56:627 30.03.2018
// таймаут: 420 мсек

Программа ?     
>_11            


00 00 08 00 F6 0D 84 1E   // передача: 8 байт; 07:53:57:607 30.03.2018


55 00 00 12 FF F0 00 00 08 00 F6 0D 84 1E 21 B3 05 B9   // передача: 18 байт; 07:53:57:607 30.03.2018
// принято 9 байт (доступно 9 из 9 байт)   // 07:53:57:967 30.03.2018
// принято с сокета: 9 байт

01 00 09 00 F6 00 00 37 F3   // прием: 9 байт; 07:53:57:967 30.03.2018
// таймаут: 360 мсек



00 00 07 00 F7 D4 47   // передача: 7 байт; 07:53:57:967 30.03.2018


55 00 00 11 FF F0 00 00 07 00 F7 D4 47 21 B3 8C 7D   // передача: 17 байт; 07:53:57:967 30.03.2018
// принято 39 байт (доступно 39 из 39 байт)   // 07:53:58:387 30.03.2018
// принято с сокета: 39 байт

01 00 27 00 F7 CF E0 F0 EE EB FC 20 20 20 20 20 20 20 20 20 20 20 20 20 2D 2D 2D 2D 2D 2D 2D 2D 2D 2D 20 20 20 3C A2   // прием: 39 байт; 07:53:58:387 30.03.2018
// таймаут: 420 мсек

Пароль          
   ----------   


00 00 08 00 F6 02 C4 1A   // передача: 8 байт; 07:53:59:547 30.03.2018


55 00 00 12 FF F0 00 00 08 00 F6 02 C4 1A 21 B3 05 B9   // передача: 18 байт; 07:53:59:547 30.03.2018
// принято 9 байт (доступно 9 из 9 байт)   // 07:54:00:407 30.03.2018
// принято с сокета: 9 байт

01 00 09 00 F6 00 00 37 F3   // прием: 9 байт; 07:54:00:407 30.03.2018
// таймаут: 860 мсек



00 00 07 00 F7 D4 47   // передача: 7 байт; 07:54:00:407 30.03.2018


55 00 00 11 FF F0 00 00 07 00 F7 D4 47 21 B3 8C 7D   // передача: 17 байт; 07:54:00:407 30.03.2018
// принято 39 байт (доступно 39 из 39 байт)   // 07:54:00:827 30.03.2018
// принято с сокета: 39 байт

01 00 27 00 F7 CF E0 F0 EE EB FC 20 20 20 20 20 20 20 20 20 20 20 20 20 2A 2D 2D 2D 2D 2D 2D 2D 2D 2D 20 20 20 37 E5   // прием: 39 байт; 07:54:00:837 30.03.2018
// таймаут: 430 мсек

Пароль          
   *---------   


00 00 08 00 F6 06 C5 D9   // передача: 8 байт; 07:54:01:557 30.03.2018


55 00 00 12 FF F0 00 00 08 00 F6 06 C5 D9 21 B3 05 B9   // передача: 18 байт; 07:54:01:557 30.03.2018
// принято 9 байт (доступно 9 из 9 байт)   // 07:54:01:927 30.03.2018
// принято с сокета: 9 байт

01 00 09 00 F6 00 00 37 F3   // прием: 9 байт; 07:54:01:927 30.03.2018
// таймаут: 370 мсек



00 00 07 00 F7 D4 47   // передача: 7 байт; 07:54:01:927 30.03.2018


55 00 00 11 FF F0 00 00 07 00 F7 D4 47 21 B3 8C 7D   // передача: 17 байт; 07:54:01:927 30.03.2018
// принято 39 байт (доступно 39 из 39 байт)   // 07:54:02:347 30.03.2018
// принято с сокета: 39 байт

01 00 27 00 F7 CF E0 F0 EE EB FC 20 20 20 20 20 20 20 20 20 20 20 20 20 2A 2A 2D 2D 2D 2D 2D 2D 2D 2D 20 20 20 C2 2E   // прием: 39 байт; 07:54:02:347 30.03.2018
// таймаут: 420 мсек

Пароль          
   **--------   


00 00 08 00 F6 01 84 1B   // передача: 8 байт; 07:54:03:227 30.03.2018


55 00 00 12 FF F0 00 00 08 00 F6 01 84 1B 21 B3 05 B9   // передача: 18 байт; 07:54:03:227 30.03.2018
// принято 9 байт (доступно 9 из 9 байт)   // 07:54:03:587 30.03.2018
// принято с сокета: 9 байт

01 00 09 00 F6 00 00 37 F3   // прием: 9 байт; 07:54:03:587 30.03.2018
// таймаут: 360 мсек



00 00 07 00 F7 D4 47   // передача: 7 байт; 07:54:03:587 30.03.2018


55 00 00 11 FF F0 00 00 07 00 F7 D4 47 21 B3 8C 7D   // передача: 17 байт; 07:54:03:587 30.03.2018
// принято 39 байт (доступно 39 из 39 байт)   // 07:54:04:007 30.03.2018
// принято с сокета: 39 байт

01 00 27 00 F7 CF E0 F0 EE EB FC 20 20 20 20 20 20 20 20 20 20 20 20 20 2A 2A 2A 2D 2D 2D 2D 2D 2D 2D 20 20 20 D8 5A   // прием: 39 байт; 07:54:04:007 30.03.2018
// таймаут: 420 мсек

Пароль          
   ***-------   


00 00 08 00 F6 01 84 1B   // передача: 8 байт; 07:54:04:537 30.03.2018


55 00 00 12 FF F0 00 00 08 00 F6 01 84 1B 21 B3 05 B9   // передача: 18 байт; 07:54:04:537 30.03.2018
// принято 9 байт (доступно 9 из 9 байт)   // 07:54:04:907 30.03.2018
// принято с сокета: 9 байт

01 00 09 00 F6 00 00 37 F3   // прием: 9 байт; 07:54:04:907 30.03.2018
// таймаут: 370 мсек



00 00 07 00 F7 D4 47   // передача: 7 байт; 07:54:04:907 30.03.2018


55 00 00 11 FF F0 00 00 07 00 F7 D4 47 21 B3 8C 7D   // передача: 17 байт; 07:54:04:907 30.03.2018
// принято 39 байт (доступно 39 из 39 байт)   // 07:54:05:327 30.03.2018
// принято с сокета: 39 байт

01 00 27 00 F7 CF E0 F0 EE EB FC 20 20 20 20 20 20 20 20 20 20 20 20 20 2A 2A 2A 2A 2D 2D 2D 2D 2D 2D 20 20 20 69 80   // прием: 39 байт; 07:54:05:327 30.03.2018
// таймаут: 420 мсек

Пароль          
   ****------   


00 00 08 00 F6 03 05 DA   // передача: 8 байт; 07:54:05:837 30.03.2018


55 00 00 12 FF F0 00 00 08 00 F6 03 05 DA 21 B3 05 B9   // передача: 18 байт; 07:54:05:837 30.03.2018
// принято 9 байт (доступно 9 из 9 байт)   // 07:54:06:207 30.03.2018
// принято с сокета: 9 байт

01 00 09 00 F6 00 00 37 F3   // прием: 9 байт; 07:54:06:207 30.03.2018
// таймаут: 370 мсек



00 00 07 00 F7 D4 47   // передача: 7 байт; 07:54:06:207 30.03.2018


55 00 00 11 FF F0 00 00 07 00 F7 D4 47 21 B3 8C 7D   // передача: 17 байт; 07:54:06:207 30.03.2018


00 00 08 00 F6 07 04 19   // передача: 8 байт; 07:54:07:517 30.03.2018


55 00 00 12 FF F0 00 00 08 00 F6 07 04 19 21 B3 05 B9   // передача: 18 байт; 07:54:07:517 30.03.2018
// принято 39 байт (доступно 39 из 9 байт)   // 07:54:07:627 30.03.2018
// принято с сокета: 39 байт

01 00 27 00 F7 CF E0 F0 EE EB FC 20 20 20 20 20 20 20 20 20 20 20 20 20 2A 2A 2A 2A 2A 2D 2D 2D 2D 2D 20 20 20 4F B0   // прием: 39 байт; 07:54:07:627 30.03.2018
// таймаут: 110 мсек

// принято 9 байт (доступно 9 из 9 байт)   // 07:54:08:087 30.03.2018
// принято с сокета: 9 байт

01 00 09 00 F6 00 00 37 F3   // прием: 9 байт; 07:54:08:087 30.03.2018
// таймаут: 570 мсек



00 00 07 00 F7 D4 47   // передача: 7 байт; 07:54:08:087 30.03.2018


55 00 00 11 FF F0 00 00 07 00 F7 D4 47 21 B3 8C 7D   // передача: 17 байт; 07:54:08:087 30.03.2018
// принято 39 байт (доступно 39 из 39 байт)   // 07:54:08:507 30.03.2018
// принято с сокета: 39 байт

01 00 27 00 F7 CF E0 F0 EE EB FC 20 20 20 20 20 20 20 20 20 20 20 20 20 2A 2A 2A 2A 2A 2A 2D 2D 2D 2D 20 20 20 0E 56   // прием: 39 байт; 07:54:08:507 30.03.2018
// таймаут: 420 мсек

Пароль          
   ******----   


00 00 08 00 F6 09 85 DD   // передача: 8 байт; 07:54:09:207 30.03.2018


55 00 00 12 FF F0 00 00 08 00 F6 09 85 DD 21 B3 05 B9   // передача: 18 байт; 07:54:09:207 30.03.2018
// принято 9 байт (доступно 9 из 9 байт)   // 07:54:10:727 30.03.2018
// принято с сокета: 9 байт

01 00 09 00 F6 00 00 37 F3   // прием: 9 байт; 07:54:10:727 30.03.2018
// таймаут: 1520 мсек



00 00 07 00 F7 D4 47   // передача: 7 байт; 07:54:10:727 30.03.2018


55 00 00 11 FF F0 00 00 07 00 F7 D4 47 21 B3 8C 7D   // передача: 17 байт; 07:54:10:727 30.03.2018
// принято 39 байт (доступно 39 из 39 байт)   // 07:54:11:147 30.03.2018
// принято с сокета: 39 байт

01 00 27 00 F7 CF E0 F0 EE EB FC 20 20 20 20 20 20 20 20 20 20 20 20 20 2A 2A 2A 2A 2A 2A 2A 2D 2D 2D 20 20 20 78 96   // прием: 39 байт; 07:54:11:147 30.03.2018
// таймаут: 420 мсек

Пароль          
   *******---   


00 00 08 00 F6 01 84 1B   // передача: 8 байт; 07:54:11:677 30.03.2018


55 00 00 12 FF F0 00 00 08 00 F6 01 84 1B 21 B3 05 B9   // передача: 18 байт; 07:54:11:677 30.03.2018
// принято 9 байт (доступно 9 из 9 байт)   // 07:54:12:007 30.03.2018
// принято с сокета: 9 байт

01 00 09 00 F6 00 00 37 F3   // прием: 9 байт; 07:54:12:007 30.03.2018
// таймаут: 330 мсек



00 00 07 00 F7 D4 47   // передача: 7 байт; 07:54:12:007 30.03.2018


55 00 00 11 FF F0 00 00 07 00 F7 D4 47 21 B3 8C 7D   // передача: 17 байт; 07:54:12:007 30.03.2018
// принято 39 байт (доступно 39 из 39 байт)   // 07:54:12:427 30.03.2018
// принято с сокета: 39 байт

01 00 27 00 F7 CF E0 F0 EE EB FC 20 20 20 20 20 20 20 20 20 20 20 20 20 2A 2A 2A 2A 2A 2A 2A 2A 2D 2D 20 20 20 79 21   // прием: 39 байт; 07:54:12:427 30.03.2018
// таймаут: 420 мсек

Пароль          
   ********--   


00 00 08 00 F6 0D 84 1E   // передача: 8 байт; 07:54:14:277 30.03.2018


55 00 00 12 FF F0 00 00 08 00 F6 0D 84 1E 21 B3 05 B9   // передача: 18 байт; 07:54:14:277 30.03.2018
// принято 9 байт (доступно 9 из 9 байт)   // 07:54:15:367 30.03.2018
// принято с сокета: 9 байт

01 00 09 00 F6 00 00 37 F3   // прием: 9 байт; 07:54:15:367 30.03.2018
// таймаут: 1090 мсек



00 00 07 00 F7 D4 47   // передача: 7 байт; 07:54:15:367 30.03.2018


55 00 00 11 FF F0 00 00 07 00 F7 D4 47 21 B3 8C 7D   // передача: 17 байт; 07:54:15:367 30.03.2018
// принято 39 байт (доступно 39 из 39 байт)   // 07:54:15:787 30.03.2018
// принято с сокета: 39 байт

01 00 27 00 F7 CD E0 F1 F2 F0 EE E9 EA E0 20 20 20 20 20 20 20 20 20 20 20 20 20 20 CE CA 20 20 20 20 20 20 20 56 CB   // прием: 39 байт; 07:54:15:787 30.03.2018
// таймаут: 420 мсек

Настройка       
       ОК       


00 00 08 00 F6 0C 45 DE   // передача: 8 байт; 07:54:16:347 30.03.2018


55 00 00 12 FF F0 00 00 08 00 F6 0C 45 DE 21 B3 05 B9   // передача: 18 байт; 07:54:16:347 30.03.2018
// принято 9 байт (доступно 9 из 9 байт)   // 07:54:16:707 30.03.2018
// принято с сокета: 9 байт

01 00 09 00 F6 00 00 37 F3   // прием: 9 байт; 07:54:16:707 30.03.2018
// таймаут: 360 мсек



00 00 07 00 F7 D4 47   // передача: 7 байт; 07:54:16:707 30.03.2018


55 00 00 11 FF F0 00 00 07 00 F7 D4 47 21 B3 8C 7D   // передача: 17 байт; 07:54:16:707 30.03.2018
// принято 39 байт (доступно 39 из 39 байт)   // 07:54:17:127 30.03.2018
// принято с сокета: 39 байт

01 00 27 00 F7 CF F0 EE E3 F0 E0 EC EC E0 20 3F 20 20 20 20 20 3D 5F 5F 5F 20 20 20 20 20 20 20 20 20 20 20 20 1B 1E   // прием: 39 байт; 07:54:17:127 30.03.2018
// таймаут: 420 мсек

Программа ?     
=___            


00 00 08 00 F6 09 85 DD   // передача: 8 байт; 07:54:17:747 30.03.2018


55 00 00 12 FF F0 00 00 08 00 F6 09 85 DD 21 B3 05 B9   // передача: 18 байт; 07:54:17:747 30.03.2018
// принято 9 байт (доступно 9 из 9 байт)   // 07:54:18:107 30.03.2018
// принято с сокета: 9 байт

01 00 09 00 F6 00 00 37 F3   // прием: 9 байт; 07:54:18:107 30.03.2018
// таймаут: 360 мсек



00 00 07 00 F7 D4 47   // передача: 7 байт; 07:54:18:107 30.03.2018


55 00 00 11 FF F0 00 00 07 00 F7 D4 47 21 B3 8C 7D   // передача: 17 байт; 07:54:18:107 30.03.2018
// принято 39 байт (доступно 39 из 39 байт)   // 07:54:18:527 30.03.2018
// принято с сокета: 39 байт

01 00 27 00 F7 CF F0 EE E3 F0 E0 EC EC E0 20 3F 20 20 20 20 20 3D 5F 5F 39 20 20 20 20 20 20 20 20 20 20 20 20 93 78   // прием: 39 байт; 07:54:18:527 30.03.2018
// таймаут: 420 мсек

Программа ?     
=__9            


00 00 08 00 F6 08 44 1D   // передача: 8 байт; 07:54:19:067 30.03.2018


55 00 00 12 FF F0 00 00 08 00 F6 08 44 1D 21 B3 05 B9   // передача: 18 байт; 07:54:19:067 30.03.2018
// принято 9 байт (доступно 9 из 9 байт)   // 07:54:19:427 30.03.2018
// принято с сокета: 9 байт

01 00 09 00 F6 00 00 37 F3   // прием: 9 байт; 07:54:19:427 30.03.2018
// таймаут: 360 мсек



00 00 07 00 F7 D4 47   // передача: 7 байт; 07:54:19:427 30.03.2018


55 00 00 11 FF F0 00 00 07 00 F7 D4 47 21 B3 8C 7D   // передача: 17 байт; 07:54:19:427 30.03.2018
// принято 39 байт (доступно 39 из 39 байт)   // 07:54:19:847 30.03.2018
// принято с сокета: 39 байт

01 00 27 00 F7 CF F0 EE E3 F0 E0 EC EC E0 20 3F 20 20 20 20 20 3D 5F 39 38 20 20 20 20 20 20 20 20 20 20 20 20 F7 9F   // прием: 39 байт; 07:54:19:847 30.03.2018
// таймаут: 420 мсек

Программа ?     
=_98            


00 00 08 00 F6 0D 84 1E   // передача: 8 байт; 07:54:20:357 30.03.2018


55 00 00 12 FF F0 00 00 08 00 F6 0D 84 1E 21 B3 05 B9   // передача: 18 байт; 07:54:20:357 30.03.2018
// принято 9 байт (доступно 9 из 9 байт)   // 07:54:20:707 30.03.2018
// принято с сокета: 9 байт

01 00 09 00 F6 00 00 37 F3   // прием: 9 байт; 07:54:20:707 30.03.2018
// таймаут: 350 мсек



00 00 07 00 F7 D4 47   // передача: 7 байт; 07:54:20:707 30.03.2018


55 00 00 11 FF F0 00 00 07 00 F7 D4 47 21 B3 8C 7D   // передача: 17 байт; 07:54:20:707 30.03.2018
// принято 39 байт (доступно 39 из 39 байт)   // 07:54:21:387 30.03.2018
// принято с сокета: 39 байт

01 00 27 00 F7 D2 E0 E9 EC E0 F3 F2 FB 20 20 20 20 20 20 20 20 20 20 20 20 20 20 20 20 38 00 EC F1 20 20 20 31 E2 34   // прием: 39 байт; 07:54:21:387 30.03.2018
// таймаут: 680 мсек

Таймауты        
        8 мс   1


00 00 08 00 F6 0D 84 1E   // передача: 8 байт; 07:54:22:037 30.03.2018


55 00 00 12 FF F0 00 00 08 00 F6 0D 84 1E 21 B3 05 B9   // передача: 18 байт; 07:54:22:037 30.03.2018
// принято 9 байт (доступно 9 из 9 байт)   // 07:54:22:387 30.03.2018
// принято с сокета: 9 байт

01 00 09 00 F6 00 00 37 F3   // прием: 9 байт; 07:54:22:387 30.03.2018
// таймаут: 350 мсек



00 00 07 00 F7 D4 47   // передача: 7 байт; 07:54:22:387 30.03.2018


55 00 00 11 FF F0 00 00 07 00 F7 D4 47 21 B3 8C 7D   // передача: 17 байт; 07:54:22:387 30.03.2018
// принято 39 байт (доступно 39 из 39 байт)   // 07:54:22:807 30.03.2018
// принято с сокета: 39 байт

01 00 27 00 F7 D2 E0 E9 EC E0 F3 F2 FB 20 20 20 20 20 20 20 20 20 20 20 20 20 36 30 30 30 00 EC F1 20 20 20 32 25 8E   // прием: 39 байт; 07:54:22:807 30.03.2018
// таймаут: 420 мсек

Таймауты        
     6000 мс   2


00 00 08 00 F6 01 84 1B   // передача: 8 байт; 07:54:26:657 30.03.2018


55 00 00 12 FF F0 00 00 08 00 F6 01 84 1B 21 B3 05 B9   // передача: 18 байт; 07:54:26:657 30.03.2018


00 00 08 00 F6 00 45 DB   // передача: 8 байт; 07:54:27:917 30.03.2018


55 00 00 12 FF F0 00 00 08 00 F6 00 45 DB 21 B3 05 B9   // передача: 18 байт; 07:54:27:917 30.03.2018
// принято 9 байт (доступно 9 из 9 байт)   // 07:54:28:917 30.03.2018
// принято с сокета: 9 байт

01 00 09 00 F6 00 00 37 F3   // прием: 9 байт; 07:54:28:917 30.03.2018
// таймаут: 1000 мсек



00 00 07 00 F7 D4 47   // передача: 7 байт; 07:54:28:917 30.03.2018


55 00 00 11 FF F0 00 00 07 00 F7 D4 47 21 B3 8C 7D   // передача: 17 байт; 07:54:28:917 30.03.2018
// принято 9 байт (доступно 9 из 39 байт)   // 07:54:29:367 30.03.2018


00 00 08 00 F6 00 45 DB   // передача: 8 байт; 07:54:29:397 30.03.2018


55 00 00 12 FF F0 00 00 08 00 F6 00 45 DB 21 B3 05 B9   // передача: 18 байт; 07:54:29:397 30.03.2018
// принято 39 байт (доступно 48 из 9 байт)   // 07:54:29:847 30.03.2018
// принято с сокета: 48 байт

01 00 09 00 F6 00 00 37 F3 01 00 27 00 F7 D2 E0 E9 EC E0 F3 F2 FB 20 20 20 20 20 20 20 20 20 20 20 5F 5F 5F 5F 31 30 20 EC F1 20 20 00 32 0D 5B   // прием: 48 байт; 07:54:29:847 30.03.2018
// таймаут: 450 мсек

// принято 9 байт (доступно 9 из 9 байт)   // 07:54:30:327 30.03.2018
// принято с сокета: 9 байт

01 00 09 00 F6 00 00 37 F3   // прием: 9 байт; 07:54:30:327 30.03.2018
// таймаут: 930 мсек



00 00 07 00 F7 D4 47   // передача: 7 байт; 07:54:30:327 30.03.2018


55 00 00 11 FF F0 00 00 07 00 F7 D4 47 21 B3 8C 7D   // передача: 17 байт; 07:54:30:327 30.03.2018


00 00 08 00 F6 00 45 DB   // передача: 8 байт; 07:54:30:357 30.03.2018


55 00 00 12 FF F0 00 00 08 00 F6 00 45 DB 21 B3 05 B9   // передача: 18 байт; 07:54:30:357 30.03.2018
// принято 39 байт (доступно 39 из 9 байт)   // 07:54:30:787 30.03.2018
// принято с сокета: 39 байт

01 00 27 00 F7 D2 E0 E9 EC E0 F3 F2 FB 20 20 20 20 20 20 20 20 20 20 20 5F 5F 5F 31 30 30 20 EC F1 20 20 00 32 62 80   // прием: 39 байт; 07:54:30:787 30.03.2018
// таймаут: 430 мсек

// принято 9 байт (доступно 9 из 9 байт)   // 07:54:31:227 30.03.2018
// принято с сокета: 9 байт

01 00 09 00 F6 00 00 37 F3   // прием: 9 байт; 07:54:31:227 30.03.2018
// таймаут: 870 мсек



00 00 07 00 F7 D4 47   // передача: 7 байт; 07:54:31:227 30.03.2018


55 00 00 11 FF F0 00 00 07 00 F7 D4 47 21 B3 8C 7D   // передача: 17 байт; 07:54:31:227 30.03.2018
// принято 39 байт (доступно 39 из 39 байт)   // 07:54:31:687 30.03.2018
// принято с сокета: 39 байт

01 00 27 00 F7 D2 E0 E9 EC E0 F3 F2 FB 20 20 20 20 20 20 20 20 20 20 20 5F 5F 31 30 30 30 20 EC F1 20 20 00 32 F9 AC   // прием: 39 байт; 07:54:31:687 30.03.2018
// таймаут: 460 мсек

Таймауты        
   __1000 мс   2


00 00 08 00 F6 0D 84 1E   // передача: 8 байт; 07:54:32:897 30.03.2018


55 00 00 12 FF F0 00 00 08 00 F6 0D 84 1E 21 B3 05 B9   // передача: 18 байт; 07:54:32:897 30.03.2018
// принято 9 байт (доступно 9 из 9 байт)   // 07:54:33:707 30.03.2018
// принято с сокета: 9 байт

01 00 09 00 F6 00 00 37 F3   // прием: 9 байт; 07:54:33:707 30.03.2018
// таймаут: 810 мсек



00 00 07 00 F7 D4 47   // передача: 7 байт; 07:54:33:707 30.03.2018


55 00 00 11 FF F0 00 00 07 00 F7 D4 47 21 B3 8C 7D   // передача: 17 байт; 07:54:33:707 30.03.2018
// принято 39 байт (доступно 39 из 39 байт)   // 07:54:34:187 30.03.2018
// принято с сокета: 39 байт

01 00 27 00 F7 D2 E0 E9 EC E0 F3 F2 FB 20 20 20 20 20 20 20 20 20 20 20 20 20 20 34 30 30 00 EC F1 20 20 20 33 EF D3   // прием: 39 байт; 07:54:34:187 30.03.2018
// таймаут: 480 мсек

Таймауты        
      400 мс   3


00 00 08 00 F6 0D 84 1E   // передача: 8 байт; 07:54:34:877 30.03.2018


55 00 00 12 FF F0 00 00 08 00 F6 0D 84 1E 21 B3 05 B9   // передача: 18 байт; 07:54:34:877 30.03.2018
// принято 9 байт (доступно 9 из 9 байт)   // 07:54:35:307 30.03.2018
// принято с сокета: 9 байт

01 00 09 00 F6 00 00 37 F3   // прием: 9 байт; 07:54:35:307 30.03.2018
// таймаут: 430 мсек



00 00 07 00 F7 D4 47   // передача: 7 байт; 07:54:35:307 30.03.2018


55 00 00 11 FF F0 00 00 07 00 F7 D4 47 21 B3 8C 7D   // передача: 17 байт; 07:54:35:307 30.03.2018
// принято 39 байт (доступно 39 из 39 байт)   // 07:54:35:767 30.03.2018
// принято с сокета: 39 байт

01 00 27 00 F7 D2 E0 E9 EC E0 F3 F2 FB 20 20 20 20 20 20 20 20 20 20 20 20 20 20 34 30 32 00 EC F1 20 20 20 34 2F C8   // прием: 39 байт; 07:54:35:767 30.03.2018
// таймаут: 460 мсек

Таймауты        
      402 мс   4


00 00 08 00 F6 0C 45 DE   // передача: 8 байт; 07:54:36:997 30.03.2018


55 00 00 12 FF F0 00 00 08 00 F6 0C 45 DE 21 B3 05 B9   // передача: 18 байт; 07:54:36:997 30.03.2018
// принято 9 байт (доступно 9 из 9 байт)   // 07:54:37:687 30.03.2018
// принято с сокета: 9 байт

01 00 09 00 F6 00 00 37 F3   // прием: 9 байт; 07:54:37:687 30.03.2018
// таймаут: 690 мсек



00 00 07 00 F7 D4 47   // передача: 7 байт; 07:54:37:687 30.03.2018


55 00 00 11 FF F0 00 00 07 00 F7 D4 47 21 B3 8C 7D   // передача: 17 байт; 07:54:37:687 30.03.2018
// принято 39 байт (доступно 39 из 39 байт)   // 07:54:38:107 30.03.2018
// принято с сокета: 39 байт

01 00 27 00 F7 CF F0 EE E3 F0 E0 EC EC E0 20 3F 20 20 20 20 20 3D 5F 5F 5F 20 20 20 20 20 20 20 20 20 20 20 20 1B 1E   // прием: 39 байт; 07:54:38:107 30.03.2018
// таймаут: 420 мсек

Программа ?     
=___            


00 00 08 00 F6 01 84 1B   // передача: 8 байт; 07:54:39:287 30.03.2018


55 00 00 12 FF F0 00 00 08 00 F6 01 84 1B 21 B3 05 B9   // передача: 18 байт; 07:54:39:287 30.03.2018
// принято 9 байт (доступно 9 из 9 байт)   // 07:54:39:947 30.03.2018
// принято с сокета: 9 байт

01 00 09 00 F6 00 00 37 F3   // прием: 9 байт; 07:54:39:947 30.03.2018
// таймаут: 660 мсек



00 00 07 00 F7 D4 47   // передача: 7 байт; 07:54:39:947 30.03.2018


55 00 00 11 FF F0 00 00 07 00 F7 D4 47 21 B3 8C 7D   // передача: 17 байт; 07:54:39:947 30.03.2018
// принято 39 байт (доступно 39 из 39 байт)   // 07:54:40:367 30.03.2018
// принято с сокета: 39 байт

01 00 27 00 F7 CF F0 EE E3 F0 E0 EC EC E0 20 3F 20 20 20 20 20 3D 5F 5F 31 20 20 20 20 20 20 20 20 20 20 20 20 8C 30   // прием: 39 байт; 07:54:40:367 30.03.2018
// таймаут: 420 мсек

Программа ?     
=__1            


00 00 08 00 F6 05 85 D8   // передача: 8 байт; 07:54:40:877 30.03.2018


55 00 00 12 FF F0 00 00 08 00 F6 05 85 D8 21 B3 05 B9   // передача: 18 байт; 07:54:40:877 30.03.2018
// принято 9 байт (доступно 9 из 9 байт)   // 07:54:41:247 30.03.2018
// принято с сокета: 9 байт

01 00 09 00 F6 00 00 37 F3   // прием: 9 байт; 07:54:41:247 30.03.2018
// таймаут: 370 мсек



00 00 07 00 F7 D4 47   // передача: 7 байт; 07:54:41:247 30.03.2018


55 00 00 11 FF F0 00 00 07 00 F7 D4 47 21 B3 8C 7D   // передача: 17 байт; 07:54:41:247 30.03.2018
// принято 39 байт (доступно 39 из 39 байт)   // 07:54:41:747 30.03.2018
// принято с сокета: 39 байт

01 00 27 00 F7 CF F0 EE E3 F0 E0 EC EC E0 20 3F 20 20 20 20 20 3D 5F 31 35 20 20 20 20 20 20 20 20 20 20 20 20 ED 1A   // прием: 39 байт; 07:54:41:747 30.03.2018
// таймаут: 500 мсек

Программа ?     
=_15            


00 00 08 00 F6 0D 84 1E   // передача: 8 байт; 07:54:42:237 30.03.2018


55 00 00 12 FF F0 00 00 08 00 F6 0D 84 1E 21 B3 05 B9   // передача: 18 байт; 07:54:42:237 30.03.2018
// принято 9 байт (доступно 9 из 9 байт)   // 07:54:42:587 30.03.2018
// принято с сокета: 9 байт

01 00 09 00 F6 00 00 37 F3   // прием: 9 байт; 07:54:42:587 30.03.2018
// таймаут: 350 мсек



00 00 07 00 F7 D4 47   // передача: 7 байт; 07:54:42:587 30.03.2018


55 00 00 11 FF F0 00 00 07 00 F7 D4 47 21 B3 8C 7D   // передача: 17 байт; 07:54:42:587 30.03.2018
// принято 39 байт (доступно 39 из 39 байт)   // 07:54:43:007 30.03.2018
// принято с сокета: 39 байт

01 00 27 00 F7 D0 E0 E1 EE F2 E0 20 20 20 20 20 20 20 20 20 20 20 20 20 20 20 20 20 CE CA 20 20 20 20 20 20 20 DE 07   // прием: 39 байт; 07:54:43:007 30.03.2018
// таймаут: 420 мсек

Работа          
       ОК       
Событие: Disconnecting.   // 07:54:45:767 30.03.2018
Отсоединение   // 07:54:45:767 30.03.2018
Событие: Disconnected.   // 07:54:45:767 30.03.2018
// принято 0 байт (доступно 0 из 0 байт)   // 07:54:45:777 30.03.2018
// принято с сокета: 0 байт
Ошибка при закрытии сокета: Thread Error: Неверный дескриптор (6)   // 07:54:45:777 30.03.2018

// О программе
