

00 00 08 00 F6 0C 45 DE   // передача: 8 байт; 07:59:44:578 30.03.2018


00 00 08 00 F6 0C 45 DE   // передача: 8 байт; 07:59:47:828 30.03.2018
Событие: Connecting to 10.10.195.182.   // 07:59:49:388 30.03.2018
Событие: Connected.   // 07:59:50:758 30.03.2018
Установлено соединение c сокетом: 10.10.195.182:7777   // 07:59:50:758 30.03.2018


00 00 08 00 F6 0C 45 DE   // передача: 8 байт; 07:59:52:678 30.03.2018


55 00 00 12 FF F0 00 00 08 00 F6 0C 45 DE 21 B3 05 B9   // передача: 18 байт; 07:59:52:678 30.03.2018


00 00 08 00 F6 01 84 1B   // передача: 8 байт; 07:59:53:508 30.03.2018


55 00 00 12 FF F0 00 00 08 00 F6 01 84 1B 21 B3 05 B9   // передача: 18 байт; 07:59:53:508 30.03.2018


00 00 08 00 F6 01 84 1B   // передача: 8 байт; 07:59:53:878 30.03.2018


55 00 00 12 FF F0 00 00 08 00 F6 01 84 1B 21 B3 05 B9   // передача: 18 байт; 07:59:53:878 30.03.2018
// принято 9 байт (доступно 9 из 9 байт)   // 07:59:53:998 30.03.2018
// принято с сокета: 9 байт

01 00 09 00 F6 00 00 37 F3   // прием: 9 байт; 07:59:54:008 30.03.2018
// таймаут: 130 мсек



00 00 07 00 F7 D4 47   // передача: 7 байт; 07:59:54:008 30.03.2018


55 00 00 11 FF F0 00 00 07 00 F7 D4 47 21 B3 8C 7D   // передача: 17 байт; 07:59:54:008 30.03.2018
// принято 9 байт (доступно 9 из 39 байт)   // 07:59:54:478 30.03.2018


00 00 08 00 F6 0D 84 1E   // передача: 8 байт; 07:59:54:568 30.03.2018


55 00 00 12 FF F0 00 00 08 00 F6 0D 84 1E 21 B3 05 B9   // передача: 18 байт; 07:59:54:568 30.03.2018
// приём по таймауту: 5000 мс
// принято с сокета: 9 байт

01 00 09 00 F6 00 00 37 F3   // прием: 9 байт; 07:59:59:568 30.03.2018
// таймаут: 5000 мсек



00 00 07 00 F7 D4 47   // передача: 7 байт; 07:59:59:568 30.03.2018


55 00 00 11 FF F0 00 00 07 00 F7 D4 47 21 B3 8C 7D   // передача: 17 байт; 07:59:59:568 30.03.2018


00 00 07 00 F7 D4 47   // передача: 7 байт; 08:00:01:148 30.03.2018


55 00 00 11 FF F0 00 00 07 00 F7 D4 47 21 B3 8C 7D   // передача: 17 байт; 08:00:01:148 30.03.2018
// принято 39 байт (доступно 48 из 39 байт)   // 08:00:01:248 30.03.2018
// принято с сокета: 48 байт

01 00 09 00 F6 00 00 37 F3 01 00 27 00 F7 CF F0 EE E3 F0 E0 EC EC E0 20 3F 20 20 20 20 20 3E 5F 5F 31 20 20 20 20 20 20 20 20 20 20 20 20 CC C1   // прием: 48 байт; 08:00:01:248 30.03.2018
// таймаут: 100 мсек

// принято 39 байт (доступно 39 из 39 байт)   // 08:00:01:768 30.03.2018
// принято с сокета: 39 байт

01 00 27 00 F7 CF F0 EE E3 F0 E0 EC EC E0 20 3F 20 20 20 20 20 3E 5F 5F 31 20 20 20 20 20 20 20 20 20 20 20 20 CC C1   // прием: 39 байт; 08:00:01:768 30.03.2018
// таймаут: 620 мсек

Программа ?     
>__1            


00 00 08 00 F6 01 84 1B   // передача: 8 байт; 08:00:03:538 30.03.2018


55 00 00 12 FF F0 00 00 08 00 F6 01 84 1B 21 B3 05 B9   // передача: 18 байт; 08:00:03:548 30.03.2018
// принято 9 байт (доступно 9 из 9 байт)   // 08:00:04:798 30.03.2018
// принято с сокета: 9 байт

01 00 09 00 F6 00 00 37 F3   // прием: 9 байт; 08:00:04:798 30.03.2018
// таймаут: 1250 мсек



00 00 07 00 F7 D4 47   // передача: 7 байт; 08:00:04:808 30.03.2018


55 00 00 11 FF F0 00 00 07 00 F7 D4 47 21 B3 8C 7D   // передача: 17 байт; 08:00:04:808 30.03.2018
// принято 39 байт (доступно 39 из 39 байт)   // 08:00:05:308 30.03.2018
// принято с сокета: 39 байт

01 00 27 00 F7 CF F0 EE E3 F0 E0 EC EC E0 20 3F 20 20 20 20 20 3E 5F 31 31 20 20 20 20 20 20 20 20 20 20 20 20 A3 6F   // прием: 39 байт; 08:00:05:308 30.03.2018
// таймаут: 500 мсек

Программа ?     
>_11            


00 00 08 00 F6 0D 84 1E   // передача: 8 байт; 08:00:05:938 30.03.2018


55 00 00 12 FF F0 00 00 08 00 F6 0D 84 1E 21 B3 05 B9   // передача: 18 байт; 08:00:05:948 30.03.2018
// принято 9 байт (доступно 9 из 9 байт)   // 08:00:06:348 30.03.2018
// принято с сокета: 9 байт

01 00 09 00 F6 00 00 37 F3   // прием: 9 байт; 08:00:06:348 30.03.2018
// таймаут: 400 мсек



00 00 07 00 F7 D4 47   // передача: 7 байт; 08:00:06:348 30.03.2018


55 00 00 11 FF F0 00 00 07 00 F7 D4 47 21 B3 8C 7D   // передача: 17 байт; 08:00:06:348 30.03.2018
// принято 39 байт (доступно 39 из 39 байт)   // 08:00:06:848 30.03.2018
// принято с сокета: 39 байт

01 00 27 00 F7 CF E0 F0 EE EB FC 20 20 20 20 20 20 20 20 20 20 20 20 20 2D 2D 2D 2D 2D 2D 2D 2D 2D 2D 20 20 20 3C A2   // прием: 39 байт; 08:00:06:848 30.03.2018
// таймаут: 500 мсек

Пароль          
   ----------   


00 00 08 00 F6 02 C4 1A   // передача: 8 байт; 08:00:08:098 30.03.2018


55 00 00 12 FF F0 00 00 08 00 F6 02 C4 1A 21 B3 05 B9   // передача: 18 байт; 08:00:08:108 30.03.2018
// принято 9 байт (доступно 9 из 9 байт)   // 08:00:08:818 30.03.2018
// принято с сокета: 9 байт

01 00 09 00 F6 00 00 37 F3   // прием: 9 байт; 08:00:08:818 30.03.2018
// таймаут: 710 мсек



00 00 07 00 F7 D4 47   // передача: 7 байт; 08:00:08:818 30.03.2018


55 00 00 11 FF F0 00 00 07 00 F7 D4 47 21 B3 8C 7D   // передача: 17 байт; 08:00:08:818 30.03.2018


00 00 08 00 F6 06 C5 D9   // передача: 8 байт; 08:00:09:008 30.03.2018


55 00 00 12 FF F0 00 00 08 00 F6 06 C5 D9 21 B3 05 B9   // передача: 18 байт; 08:00:09:008 30.03.2018
// принято 39 байт (доступно 39 из 9 байт)   // 08:00:09:308 30.03.2018
// принято с сокета: 39 байт

01 00 27 00 F7 CF E0 F0 EE EB FC 20 20 20 20 20 20 20 20 20 20 20 20 20 2A 2D 2D 2D 2D 2D 2D 2D 2D 2D 20 20 20 37 E5   // прием: 39 байт; 08:00:09:308 30.03.2018
// таймаут: 300 мсек

// принято 9 байт (доступно 9 из 9 байт)   // 08:00:09:698 30.03.2018
// принято с сокета: 9 байт

01 00 09 00 F6 00 00 37 F3   // прием: 9 байт; 08:00:09:698 30.03.2018
// таймаут: 690 мсек



00 00 07 00 F7 D4 47   // передача: 7 байт; 08:00:09:698 30.03.2018


55 00 00 11 FF F0 00 00 07 00 F7 D4 47 21 B3 8C 7D   // передача: 17 байт; 08:00:09:708 30.03.2018


00 00 08 00 F6 01 84 1B   // передача: 8 байт; 08:00:09:938 30.03.2018


55 00 00 12 FF F0 00 00 08 00 F6 01 84 1B 21 B3 05 B9   // передача: 18 байт; 08:00:09:948 30.03.2018
// принято 39 байт (доступно 39 из 9 байт)   // 08:00:10:168 30.03.2018
// принято с сокета: 39 байт

01 00 27 00 F7 CF E0 F0 EE EB FC 20 20 20 20 20 20 20 20 20 20 20 20 20 2A 2A 2D 2D 2D 2D 2D 2D 2D 2D 20 20 20 C2 2E   // прием: 39 байт; 08:00:10:168 30.03.2018
// таймаут: 220 мсек

// принято 9 байт (доступно 9 из 9 байт)   // 08:00:10:578 30.03.2018
// принято с сокета: 9 байт

01 00 09 00 F6 00 00 37 F3   // прием: 9 байт; 08:00:10:578 30.03.2018
// таймаут: 630 мсек



00 00 07 00 F7 D4 47   // передача: 7 байт; 08:00:10:578 30.03.2018


55 00 00 11 FF F0 00 00 07 00 F7 D4 47 21 B3 8C 7D   // передача: 17 байт; 08:00:10:578 30.03.2018


00 00 08 00 F6 01 84 1B   // передача: 8 байт; 08:00:10:738 30.03.2018


55 00 00 12 FF F0 00 00 08 00 F6 01 84 1B 21 B3 05 B9   // передача: 18 байт; 08:00:10:738 30.03.2018
// принято 39 байт (доступно 39 из 9 байт)   // 08:00:11:048 30.03.2018
// принято с сокета: 39 байт

01 00 27 00 F7 CF E0 F0 EE EB FC 20 20 20 20 20 20 20 20 20 20 20 20 20 2A 2A 2A 2D 2D 2D 2D 2D 2D 2D 20 20 20 D8 5A   // прием: 39 байт; 08:00:11:048 30.03.2018
// таймаут: 310 мсек

// принято 9 байт (доступно 9 из 9 байт)   // 08:00:11:438 30.03.2018
// принято с сокета: 9 байт

01 00 09 00 F6 00 00 37 F3   // прием: 9 байт; 08:00:11:438 30.03.2018
// таймаут: 700 мсек



00 00 07 00 F7 D4 47   // передача: 7 байт; 08:00:11:438 30.03.2018


55 00 00 11 FF F0 00 00 07 00 F7 D4 47 21 B3 8C 7D   // передача: 17 байт; 08:00:11:448 30.03.2018


00 00 08 00 F6 03 05 DA   // передача: 8 байт; 08:00:11:558 30.03.2018


55 00 00 12 FF F0 00 00 08 00 F6 03 05 DA 21 B3 05 B9   // передача: 18 байт; 08:00:11:558 30.03.2018
// принято 39 байт (доступно 39 из 9 байт)   // 08:00:12:018 30.03.2018
// принято с сокета: 39 байт

01 00 27 00 F7 CF E0 F0 EE EB FC 20 20 20 20 20 20 20 20 20 20 20 20 20 2A 2A 2A 2A 2D 2D 2D 2D 2D 2D 20 20 20 69 80   // прием: 39 байт; 08:00:12:028 30.03.2018
// таймаут: 470 мсек



00 00 08 00 F6 07 04 19   // передача: 8 байт; 08:00:12:438 30.03.2018


55 00 00 12 FF F0 00 00 08 00 F6 07 04 19 21 B3 05 B9   // передача: 18 байт; 08:00:12:438 30.03.2018
// принято 9 байт (доступно 9 из 9 байт)   // 08:00:12:478 30.03.2018
// принято с сокета: 9 байт

01 00 09 00 F6 00 00 37 F3   // прием: 9 байт; 08:00:12:478 30.03.2018
// таймаут: 40 мсек



00 00 07 00 F7 D4 47   // передача: 7 байт; 08:00:12:478 30.03.2018


55 00 00 11 FF F0 00 00 07 00 F7 D4 47 21 B3 8C 7D   // передача: 17 байт; 08:00:12:488 30.03.2018
// принято 9 байт (доступно 9 из 39 байт)   // 08:00:12:938 30.03.2018
// принято 39 байт (доступно 48 из 39 байт)   // 08:00:13:448 30.03.2018
// принято с сокета: 48 байт

01 00 09 00 F6 00 00 37 F3 01 00 27 00 F7 CF E0 F0 EE EB FC 20 20 20 20 20 20 20 20 20 20 20 20 20 2A 2A 2A 2A 2A 2A 2D 2D 2D 2D 20 20 20 0E 56   // прием: 48 байт; 08:00:13:448 30.03.2018
// таймаут: 960 мсек



00 00 08 00 F6 09 85 DD   // передача: 8 байт; 08:00:13:448 30.03.2018


55 00 00 12 FF F0 00 00 08 00 F6 09 85 DD 21 B3 05 B9   // передача: 18 байт; 08:00:13:448 30.03.2018
// принято 9 байт (доступно 9 из 9 байт)   // 08:00:13:818 30.03.2018
// принято с сокета: 9 байт

01 00 09 00 F6 00 00 37 F3   // прием: 9 байт; 08:00:13:818 30.03.2018
// таймаут: 370 мсек



00 00 07 00 F7 D4 47   // передача: 7 байт; 08:00:13:818 30.03.2018


55 00 00 11 FF F0 00 00 07 00 F7 D4 47 21 B3 8C 7D   // передача: 17 байт; 08:00:13:818 30.03.2018
// принято 39 байт (доступно 39 из 39 байт)   // 08:00:14:268 30.03.2018
// принято с сокета: 39 байт

01 00 27 00 F7 CF E0 F0 EE EB FC 20 20 20 20 20 20 20 20 20 20 20 20 20 2A 2A 2A 2A 2A 2A 2A 2D 2D 2D 20 20 20 78 96   // прием: 39 байт; 08:00:14:268 30.03.2018
// таймаут: 450 мсек

Пароль          
   *******---   


00 00 08 00 F6 01 84 1B   // передача: 8 байт; 08:00:14:428 30.03.2018


55 00 00 12 FF F0 00 00 08 00 F6 01 84 1B 21 B3 05 B9   // передача: 18 байт; 08:00:14:428 30.03.2018
// принято 9 байт (доступно 9 из 9 байт)   // 08:00:14:838 30.03.2018
// принято с сокета: 9 байт

01 00 09 00 F6 00 00 37 F3   // прием: 9 байт; 08:00:14:838 30.03.2018
// таймаут: 410 мсек



00 00 07 00 F7 D4 47   // передача: 7 байт; 08:00:14:838 30.03.2018


55 00 00 11 FF F0 00 00 07 00 F7 D4 47 21 B3 8C 7D   // передача: 17 байт; 08:00:14:838 30.03.2018
// принято 39 байт (доступно 39 из 39 байт)   // 08:00:15:268 30.03.2018
// принято с сокета: 39 байт

01 00 27 00 F7 CF E0 F0 EE EB FC 20 20 20 20 20 20 20 20 20 20 20 20 20 2A 2A 2A 2A 2A 2A 2A 2A 2D 2D 20 20 20 79 21   // прием: 39 байт; 08:00:15:268 30.03.2018
// таймаут: 430 мсек

Пароль          
   ********--   


00 00 08 00 F6 0D 84 1E   // передача: 8 байт; 08:00:15:738 30.03.2018


55 00 00 12 FF F0 00 00 08 00 F6 0D 84 1E 21 B3 05 B9   // передача: 18 байт; 08:00:15:738 30.03.2018
// принято 9 байт (доступно 9 из 9 байт)   // 08:00:16:098 30.03.2018
// принято с сокета: 9 байт

01 00 09 00 F6 00 00 37 F3   // прием: 9 байт; 08:00:16:098 30.03.2018
// таймаут: 360 мсек



00 00 07 00 F7 D4 47   // передача: 7 байт; 08:00:16:098 30.03.2018


55 00 00 11 FF F0 00 00 07 00 F7 D4 47 21 B3 8C 7D   // передача: 17 байт; 08:00:16:098 30.03.2018
// принято 39 байт (доступно 39 из 39 байт)   // 08:00:16:528 30.03.2018
// принято с сокета: 39 байт

01 00 27 00 F7 CD E0 F1 F2 F0 EE E9 EA E0 20 20 20 20 20 20 20 20 20 20 20 20 20 20 CE CA 20 20 20 20 20 20 20 56 CB   // прием: 39 байт; 08:00:16:528 30.03.2018
// таймаут: 430 мсек

Настройка       
       ОК       


00 00 08 00 F6 0C 45 DE   // передача: 8 байт; 08:00:17:748 30.03.2018


55 00 00 12 FF F0 00 00 08 00 F6 0C 45 DE 21 B3 05 B9   // передача: 18 байт; 08:00:17:748 30.03.2018
// принято 9 байт (доступно 9 из 9 байт)   // 08:00:18:418 30.03.2018
// принято с сокета: 9 байт

01 00 09 00 F6 00 00 37 F3   // прием: 9 байт; 08:00:18:428 30.03.2018
// таймаут: 680 мсек



00 00 07 00 F7 D4 47   // передача: 7 байт; 08:00:18:428 30.03.2018


55 00 00 11 FF F0 00 00 07 00 F7 D4 47 21 B3 8C 7D   // передача: 17 байт; 08:00:18:428 30.03.2018
// принято 39 байт (доступно 39 из 39 байт)   // 08:00:18:848 30.03.2018
// принято с сокета: 39 байт

01 00 27 00 F7 CF F0 EE E3 F0 E0 EC EC E0 20 3F 20 20 20 20 20 3D 5F 5F 5F 20 20 20 20 20 20 20 20 20 20 20 20 1B 1E   // прием: 39 байт; 08:00:18:848 30.03.2018
// таймаут: 420 мсек

Программа ?     
=___            


00 00 08 00 F6 09 85 DD   // передача: 8 байт; 08:00:19:248 30.03.2018


55 00 00 12 FF F0 00 00 08 00 F6 09 85 DD 21 B3 05 B9   // передача: 18 байт; 08:00:19:248 30.03.2018
// принято 9 байт (доступно 9 из 9 байт)   // 08:00:19:608 30.03.2018
// принято с сокета: 9 байт

01 00 09 00 F6 00 00 37 F3   // прием: 9 байт; 08:00:19:608 30.03.2018
// таймаут: 360 мсек



00 00 07 00 F7 D4 47   // передача: 7 байт; 08:00:19:608 30.03.2018


55 00 00 11 FF F0 00 00 07 00 F7 D4 47 21 B3 8C 7D   // передача: 17 байт; 08:00:19:608 30.03.2018


00 00 08 00 F6 08 44 1D   // передача: 8 байт; 08:00:20:018 30.03.2018


55 00 00 12 FF F0 00 00 08 00 F6 08 44 1D 21 B3 05 B9   // передача: 18 байт; 08:00:20:018 30.03.2018
// принято 39 байт (доступно 39 из 9 байт)   // 08:00:20:028 30.03.2018
// принято с сокета: 39 байт

01 00 27 00 F7 CF F0 EE E3 F0 E0 EC EC E0 20 3F 20 20 20 20 20 3D 5F 5F 39 20 20 20 20 20 20 20 20 20 20 20 20 93 78   // прием: 39 байт; 08:00:20:028 30.03.2018
// таймаут: 10 мсек

// принято 9 байт (доступно 9 из 9 байт)   // 08:00:20:388 30.03.2018
// принято с сокета: 9 байт

01 00 09 00 F6 00 00 37 F3   // прием: 9 байт; 08:00:20:388 30.03.2018
// таймаут: 370 мсек



00 00 07 00 F7 D4 47   // передача: 7 байт; 08:00:20:388 30.03.2018


55 00 00 11 FF F0 00 00 07 00 F7 D4 47 21 B3 8C 7D   // передача: 17 байт; 08:00:20:388 30.03.2018
// принято 39 байт (доступно 39 из 39 байт)   // 08:00:20:808 30.03.2018
// принято с сокета: 39 байт

01 00 27 00 F7 CF F0 EE E3 F0 E0 EC EC E0 20 3F 20 20 20 20 20 3D 5F 39 38 20 20 20 20 20 20 20 20 20 20 20 20 F7 9F   // прием: 39 байт; 08:00:20:808 30.03.2018
// таймаут: 420 мсек

Программа ?     
=_98            


00 00 08 00 F6 0D 84 1E   // передача: 8 байт; 08:00:20:818 30.03.2018


55 00 00 12 FF F0 00 00 08 00 F6 0D 84 1E 21 B3 05 B9   // передача: 18 байт; 08:00:20:828 30.03.2018
// принято 9 байт (доступно 9 из 9 байт)   // 08:00:21:178 30.03.2018
// принято с сокета: 9 байт

01 00 09 00 F6 00 00 37 F3   // прием: 9 байт; 08:00:21:178 30.03.2018
// таймаут: 350 мсек



00 00 07 00 F7 D4 47   // передача: 7 байт; 08:00:21:188 30.03.2018


55 00 00 11 FF F0 00 00 07 00 F7 D4 47 21 B3 8C 7D   // передача: 17 байт; 08:00:21:188 30.03.2018
// принято 39 байт (доступно 39 из 39 байт)   // 08:00:21:868 30.03.2018
// принято с сокета: 39 байт

01 00 27 00 F7 D2 E0 E9 EC E0 F3 F2 FB 20 20 20 20 20 20 20 20 20 20 20 20 20 20 20 20 38 00 EC F1 20 20 20 31 E2 34   // прием: 39 байт; 08:00:21:868 30.03.2018
// таймаут: 680 мсек

Таймауты        
        8 мс   1


00 00 08 00 F6 0D 84 1E   // передача: 8 байт; 08:00:23:738 30.03.2018


55 00 00 12 FF F0 00 00 08 00 F6 0D 84 1E 21 B3 05 B9   // передача: 18 байт; 08:00:23:748 30.03.2018
// принято 9 байт (доступно 9 из 9 байт)   // 08:00:24:798 30.03.2018
// принято с сокета: 9 байт

01 00 09 00 F6 00 00 37 F3   // прием: 9 байт; 08:00:24:798 30.03.2018
// таймаут: 1050 мсек



00 00 07 00 F7 D4 47   // передача: 7 байт; 08:00:24:798 30.03.2018


55 00 00 11 FF F0 00 00 07 00 F7 D4 47 21 B3 8C 7D   // передача: 17 байт; 08:00:24:798 30.03.2018
// принято 39 байт (доступно 39 из 39 байт)   // 08:00:25:228 30.03.2018
// принято с сокета: 39 байт

01 00 27 00 F7 D2 E0 E9 EC E0 F3 F2 FB 20 20 20 20 20 20 20 20 20 20 20 20 20 31 30 30 30 00 EC F1 20 20 20 32 3F FA   // прием: 39 байт; 08:00:25:228 30.03.2018
// таймаут: 430 мсек

Таймауты        
     1000 мс   2


00 00 08 00 F6 06 C5 D9   // передача: 8 байт; 08:00:26:278 30.03.2018


55 00 00 12 FF F0 00 00 08 00 F6 06 C5 D9 21 B3 05 B9   // передача: 18 байт; 08:00:26:278 30.03.2018
// принято 9 байт (доступно 9 из 9 байт)   // 08:00:27:138 30.03.2018
// принято с сокета: 9 байт

01 00 09 00 F6 00 00 37 F3   // прием: 9 байт; 08:00:27:138 30.03.2018
// таймаут: 860 мсек



00 00 07 00 F7 D4 47   // передача: 7 байт; 08:00:27:138 30.03.2018


55 00 00 11 FF F0 00 00 07 00 F7 D4 47 21 B3 8C 7D   // передача: 17 байт; 08:00:27:138 30.03.2018
// принято 39 байт (доступно 39 из 39 байт)   // 08:00:27:568 30.03.2018
// принято с сокета: 39 байт

01 00 27 00 F7 D2 E0 E9 EC E0 F3 F2 FB 20 20 20 20 20 20 20 20 20 20 20 5F 5F 5F 5F 5F 36 20 EC F1 20 20 00 32 69 13   // прием: 39 байт; 08:00:27:568 30.03.2018
// таймаут: 430 мсек

Таймауты        
   _____6 мс   2


00 00 08 00 F6 00 45 DB   // передача: 8 байт; 08:00:28:168 30.03.2018


55 00 00 12 FF F0 00 00 08 00 F6 00 45 DB 21 B3 05 B9   // передача: 18 байт; 08:00:28:168 30.03.2018
// принято 9 байт (доступно 9 из 9 байт)   // 08:00:28:518 30.03.2018
// принято с сокета: 9 байт

01 00 09 00 F6 00 00 37 F3   // прием: 9 байт; 08:00:28:518 30.03.2018
// таймаут: 350 мсек



00 00 07 00 F7 D4 47   // передача: 7 байт; 08:00:28:518 30.03.2018


55 00 00 11 FF F0 00 00 07 00 F7 D4 47 21 B3 8C 7D   // передача: 17 байт; 08:00:28:518 30.03.2018
// принято 39 байт (доступно 39 из 39 байт)   // 08:00:28:948 30.03.2018
// принято с сокета: 39 байт

01 00 27 00 F7 D2 E0 E9 EC E0 F3 F2 FB 20 20 20 20 20 20 20 20 20 20 20 5F 5F 5F 5F 36 30 20 EC F1 20 20 00 32 2B 6B   // прием: 39 байт; 08:00:28:948 30.03.2018
// таймаут: 430 мсек

Таймауты        
   ____60 мс   2


00 00 08 00 F6 00 45 DB   // передача: 8 байт; 08:00:29:388 30.03.2018


55 00 00 12 FF F0 00 00 08 00 F6 00 45 DB 21 B3 05 B9   // передача: 18 байт; 08:00:29:388 30.03.2018
// принято 9 байт (доступно 9 из 9 байт)   // 08:00:29:748 30.03.2018
// принято с сокета: 9 байт

01 00 09 00 F6 00 00 37 F3   // прием: 9 байт; 08:00:29:748 30.03.2018
// таймаут: 360 мсек



00 00 07 00 F7 D4 47   // передача: 7 байт; 08:00:29:748 30.03.2018


55 00 00 11 FF F0 00 00 07 00 F7 D4 47 21 B3 8C 7D   // передача: 17 байт; 08:00:29:748 30.03.2018
// принято 39 байт (доступно 39 из 39 байт)   // 08:00:30:168 30.03.2018
// принято с сокета: 39 байт

01 00 27 00 F7 D2 E0 E9 EC E0 F3 F2 FB 20 20 20 20 20 20 20 20 20 20 20 5F 5F 5F 36 30 30 20 EC F1 20 20 00 32 D3 5A   // прием: 39 байт; 08:00:30:168 30.03.2018
// таймаут: 420 мсек

Таймауты        
   ___600 мс   2


00 00 08 00 F6 00 45 DB   // передача: 8 байт; 08:00:30:658 30.03.2018


55 00 00 12 FF F0 00 00 08 00 F6 00 45 DB 21 B3 05 B9   // передача: 18 байт; 08:00:30:668 30.03.2018
// принято 9 байт (доступно 9 из 9 байт)   // 08:00:31:028 30.03.2018
// принято с сокета: 9 байт

01 00 09 00 F6 00 00 37 F3   // прием: 9 байт; 08:00:31:028 30.03.2018
// таймаут: 360 мсек



00 00 07 00 F7 D4 47   // передача: 7 байт; 08:00:31:028 30.03.2018


55 00 00 11 FF F0 00 00 07 00 F7 D4 47 21 B3 8C 7D   // передача: 17 байт; 08:00:31:028 30.03.2018
// принято 39 байт (доступно 39 из 39 байт)   // 08:00:31:448 30.03.2018
// принято с сокета: 39 байт

01 00 27 00 F7 D2 E0 E9 EC E0 F3 F2 FB 20 20 20 20 20 20 20 20 20 20 20 5F 5F 36 30 30 30 20 EC F1 20 20 00 32 E3 D8   // прием: 39 байт; 08:00:31:448 30.03.2018
// таймаут: 420 мсек

Таймауты        
   __6000 мс   2


00 00 08 00 F6 0D 84 1E   // передача: 8 байт; 08:00:34:098 30.03.2018


55 00 00 12 FF F0 00 00 08 00 F6 0D 84 1E 21 B3 05 B9   // передача: 18 байт; 08:00:34:108 30.03.2018
// принято 9 байт (доступно 9 из 9 байт)   // 08:00:35:478 30.03.2018
// принято с сокета: 9 байт

01 00 09 00 F6 00 00 37 F3   // прием: 9 байт; 08:00:35:478 30.03.2018
// таймаут: 1370 мсек



00 00 07 00 F7 D4 47   // передача: 7 байт; 08:00:35:478 30.03.2018


55 00 00 11 FF F0 00 00 07 00 F7 D4 47 21 B3 8C 7D   // передача: 17 байт; 08:00:35:478 30.03.2018
// принято 39 байт (доступно 39 из 39 байт)   // 08:00:35:948 30.03.2018
// принято с сокета: 39 байт

01 00 27 00 F7 D2 E0 E9 EC E0 F3 F2 FB 20 20 20 20 20 20 20 20 20 20 20 20 20 20 34 30 30 00 EC F1 20 20 20 33 EF D3   // прием: 39 байт; 08:00:35:948 30.03.2018
// таймаут: 470 мсек

Таймауты        
      400 мс   3


00 00 08 00 F6 0D 84 1E   // передача: 8 байт; 08:00:36:768 30.03.2018


55 00 00 12 FF F0 00 00 08 00 F6 0D 84 1E 21 B3 05 B9   // передача: 18 байт; 08:00:36:768 30.03.2018
// принято 9 байт (доступно 9 из 9 байт)   // 08:00:37:138 30.03.2018
// принято с сокета: 9 байт

01 00 09 00 F6 00 00 37 F3   // прием: 9 байт; 08:00:37:138 30.03.2018
// таймаут: 370 мсек



00 00 07 00 F7 D4 47   // передача: 7 байт; 08:00:37:138 30.03.2018


55 00 00 11 FF F0 00 00 07 00 F7 D4 47 21 B3 8C 7D   // передача: 17 байт; 08:00:37:138 30.03.2018
// принято 39 байт (доступно 39 из 39 байт)   // 08:00:37:608 30.03.2018
// принято с сокета: 39 байт

01 00 27 00 F7 D2 E0 E9 EC E0 F3 F2 FB 20 20 20 20 20 20 20 20 20 20 20 20 20 20 34 30 32 00 EC F1 20 20 20 34 2F C8   // прием: 39 байт; 08:00:37:608 30.03.2018
// таймаут: 470 мсек

Таймауты        
      402 мс   4


00 00 08 00 F6 0D 84 1E   // передача: 8 байт; 08:00:38:068 30.03.2018


55 00 00 12 FF F0 00 00 08 00 F6 0D 84 1E 21 B3 05 B9   // передача: 18 байт; 08:00:38:068 30.03.2018
// принято 9 байт (доступно 9 из 9 байт)   // 08:00:38:458 30.03.2018
// принято с сокета: 9 байт

01 00 09 00 F6 00 00 37 F3   // прием: 9 байт; 08:00:38:458 30.03.2018
// таймаут: 390 мсек



00 00 07 00 F7 D4 47   // передача: 7 байт; 08:00:38:458 30.03.2018


55 00 00 11 FF F0 00 00 07 00 F7 D4 47 21 B3 8C 7D   // передача: 17 байт; 08:00:38:458 30.03.2018
// принято 39 байт (доступно 39 из 39 байт)   // 08:00:38:898 30.03.2018
// принято с сокета: 39 байт

01 00 27 00 F7 D2 E0 E9 EC E0 F3 F2 FB 20 20 20 20 20 20 20 20 20 20 20 20 20 20 20 20 38 00 EC F1 20 20 20 31 E2 34   // прием: 39 байт; 08:00:38:898 30.03.2018
// таймаут: 440 мсек

Таймауты        
        8 мс   1


00 00 08 00 F6 0D 84 1E   // передача: 8 байт; 08:00:40:628 30.03.2018


55 00 00 12 FF F0 00 00 08 00 F6 0D 84 1E 21 B3 05 B9   // передача: 18 байт; 08:00:40:628 30.03.2018
// принято 9 байт (доступно 9 из 9 байт)   // 08:00:41:838 30.03.2018
// принято с сокета: 9 байт

01 00 09 00 F6 00 00 37 F3   // прием: 9 байт; 08:00:41:838 30.03.2018
// таймаут: 1210 мсек



00 00 07 00 F7 D4 47   // передача: 7 байт; 08:00:41:838 30.03.2018


55 00 00 11 FF F0 00 00 07 00 F7 D4 47 21 B3 8C 7D   // передача: 17 байт; 08:00:41:838 30.03.2018
// принято 39 байт (доступно 39 из 39 байт)   // 08:00:42:308 30.03.2018
// принято с сокета: 39 байт

01 00 27 00 F7 D2 E0 E9 EC E0 F3 F2 FB 20 20 20 20 20 20 20 20 20 20 20 20 20 36 30 30 30 00 EC F1 20 20 20 32 25 8E   // прием: 39 байт; 08:00:42:308 30.03.2018
// таймаут: 470 мсек

Таймауты        
     6000 мс   2


00 00 08 00 F6 0C 45 DE   // передача: 8 байт; 08:00:43:578 30.03.2018


55 00 00 12 FF F0 00 00 08 00 F6 0C 45 DE 21 B3 05 B9   // передача: 18 байт; 08:00:43:588 30.03.2018
// принято 9 байт (доступно 9 из 9 байт)   // 08:00:44:258 30.03.2018
// принято с сокета: 9 байт

01 00 09 00 F6 00 00 37 F3   // прием: 9 байт; 08:00:44:258 30.03.2018
// таймаут: 670 мсек



00 00 07 00 F7 D4 47   // передача: 7 байт; 08:00:44:258 30.03.2018


55 00 00 11 FF F0 00 00 07 00 F7 D4 47 21 B3 8C 7D   // передача: 17 байт; 08:00:44:258 30.03.2018
// принято 39 байт (доступно 39 из 39 байт)   // 08:00:44:718 30.03.2018
// принято с сокета: 39 байт

01 00 27 00 F7 CF F0 EE E3 F0 E0 EC EC E0 20 3F 20 20 20 20 20 3D 5F 5F 5F 20 20 20 20 20 20 20 20 20 20 20 20 1B 1E   // прием: 39 байт; 08:00:44:718 30.03.2018
// таймаут: 460 мсек

Программа ?     
=___            


00 00 08 00 F6 01 84 1B   // передача: 8 байт; 08:00:45:848 30.03.2018


55 00 00 12 FF F0 00 00 08 00 F6 01 84 1B 21 B3 05 B9   // передача: 18 байт; 08:00:45:848 30.03.2018
// принято 9 байт (доступно 9 из 9 байт)   // 08:00:46:718 30.03.2018
// принято с сокета: 9 байт

01 00 09 00 F6 00 00 37 F3   // прием: 9 байт; 08:00:46:718 30.03.2018
// таймаут: 870 мсек



00 00 07 00 F7 D4 47   // передача: 7 байт; 08:00:46:728 30.03.2018


55 00 00 11 FF F0 00 00 07 00 F7 D4 47 21 B3 8C 7D   // передача: 17 байт; 08:00:46:728 30.03.2018
// принято 39 байт (доступно 39 из 39 байт)   // 08:00:47:178 30.03.2018
// принято с сокета: 39 байт

01 00 27 00 F7 CF F0 EE E3 F0 E0 EC EC E0 20 3F 20 20 20 20 20 3D 5F 5F 31 20 20 20 20 20 20 20 20 20 20 20 20 8C 30   // прием: 39 байт; 08:00:47:178 30.03.2018
// таймаут: 450 мсек

Программа ?     
=__1            


00 00 08 00 F6 05 85 D8   // передача: 8 байт; 08:00:47:668 30.03.2018


55 00 00 12 FF F0 00 00 08 00 F6 05 85 D8 21 B3 05 B9   // передача: 18 байт; 08:00:47:668 30.03.2018
// принято 9 байт (доступно 9 из 9 байт)   // 08:00:48:058 30.03.2018
// принято с сокета: 9 байт

01 00 09 00 F6 00 00 37 F3   // прием: 9 байт; 08:00:48:058 30.03.2018
// таймаут: 390 мсек



00 00 07 00 F7 D4 47   // передача: 7 байт; 08:00:48:058 30.03.2018


55 00 00 11 FF F0 00 00 07 00 F7 D4 47 21 B3 8C 7D   // передача: 17 байт; 08:00:48:058 30.03.2018
// принято 39 байт (доступно 39 из 39 байт)   // 08:00:48:528 30.03.2018
// принято с сокета: 39 байт

01 00 27 00 F7 CF F0 EE E3 F0 E0 EC EC E0 20 3F 20 20 20 20 20 3D 5F 31 35 20 20 20 20 20 20 20 20 20 20 20 20 ED 1A   // прием: 39 байт; 08:00:48:528 30.03.2018
// таймаут: 470 мсек

Программа ?     
=_15            


00 00 08 00 F6 0D 84 1E   // передача: 8 байт; 08:00:49:228 30.03.2018


55 00 00 12 FF F0 00 00 08 00 F6 0D 84 1E 21 B3 05 B9   // передача: 18 байт; 08:00:49:228 30.03.2018
// принято 9 байт (доступно 9 из 9 байт)   // 08:00:49:718 30.03.2018
// принято с сокета: 9 байт

01 00 09 00 F6 00 00 37 F3   // прием: 9 байт; 08:00:49:718 30.03.2018
// таймаут: 490 мсек



00 00 07 00 F7 D4 47   // передача: 7 байт; 08:00:49:728 30.03.2018


55 00 00 11 FF F0 00 00 07 00 F7 D4 47 21 B3 8C 7D   // передача: 17 байт; 08:00:49:728 30.03.2018
// принято 39 байт (доступно 39 из 39 байт)   // 08:00:50:148 30.03.2018
// принято с сокета: 39 байт

01 00 27 00 F7 D0 E0 E1 EE F2 E0 20 20 20 20 20 20 20 20 20 20 20 20 20 20 20 20 20 CE CA 20 20 20 20 20 20 20 DE 07   // прием: 39 байт; 08:00:50:148 30.03.2018
// таймаут: 420 мсек

Работа          
       ОК       
Событие: Disconnecting.   // 08:00:51:538 30.03.2018
Отсоединение   // 08:00:51:548 30.03.2018
Событие: Disconnected.   // 08:00:51:548 30.03.2018
Ошибка при закрытии сокета: Thread Error: Неверный дескриптор (6)   // 08:00:58:838 30.03.2018

// О программе
