Событие: Connecting to 10.10.195.182.   // 19:13:19:087 30.03.2018
Событие: Connected.   // 19:13:20:487 30.03.2018
Установлено соединение c сокетом: 10.10.195.182:7777   // 19:13:20:488 30.03.2018


00 00 08 00 F6 0C 45 DE   // передача: 8 байт; 19:13:24:239 30.03.2018


55 00 00 12 FF F0 00 00 08 00 F6 0C 45 DE 21 B3 05 B9   // передача: 18 байт; 19:13:24:240 30.03.2018
// принято 9 байт (доступно 9 из 9 байт)   // 19:13:25:003 30.03.2018
// принято с сокета: 9 байт

01 00 09 00 F6 00 00 37 F3   // прием: 9 байт; 19:13:25:004 30.03.2018
// таймаут: 764 мсек



00 00 07 00 F7 D4 47   // передача: 7 байт; 19:13:25:004 30.03.2018


55 00 00 11 FF F0 00 00 07 00 F7 D4 47 21 B3 8C 7D   // передача: 17 байт; 19:13:25:004 30.03.2018
// принято 39 байт (доступно 39 из 39 байт)   // 19:13:25:546 30.03.2018
// принято с сокета: 39 байт

01 00 27 00 F7 CF F0 EE E3 F0 E0 EC EC E0 20 3F 20 20 20 20 20 3E 5F 5F 5F 20 20 20 20 20 20 20 20 20 20 20 20 5B EF   // прием: 39 байт; 19:13:25:547 30.03.2018
// таймаут: 543 мсек

Программа ?     
>___            


00 00 08 00 F6 01 84 1B   // передача: 8 байт; 19:13:26:815 30.03.2018


55 00 00 12 FF F0 00 00 08 00 F6 01 84 1B 21 B3 05 B9   // передача: 18 байт; 19:13:26:815 30.03.2018
// принято 9 байт (доступно 9 из 9 байт)   // 19:13:27:663 30.03.2018
// принято с сокета: 9 байт

01 00 09 00 F6 00 00 37 F3   // прием: 9 байт; 19:13:27:663 30.03.2018
// таймаут: 848 мсек



00 00 07 00 F7 D4 47   // передача: 7 байт; 19:13:27:664 30.03.2018


55 00 00 11 FF F0 00 00 07 00 F7 D4 47 21 B3 8C 7D   // передача: 17 байт; 19:13:27:664 30.03.2018
// принято 39 байт (доступно 39 из 39 байт)   // 19:13:28:206 30.03.2018
// принято с сокета: 39 байт

01 00 27 00 F7 CF F0 EE E3 F0 E0 EC EC E0 20 3F 20 20 20 20 20 3E 5F 5F 31 20 20 20 20 20 20 20 20 20 20 20 20 CC C1   // прием: 39 байт; 19:13:28:206 30.03.2018
// таймаут: 542 мсек

Программа ?     
>__1            


00 00 08 00 F6 01 84 1B   // передача: 8 байт; 19:13:28:671 30.03.2018


55 00 00 12 FF F0 00 00 08 00 F6 01 84 1B 21 B3 05 B9   // передача: 18 байт; 19:13:28:671 30.03.2018
// принято 9 байт (доступно 9 из 9 байт)   // 19:13:29:145 30.03.2018
// принято с сокета: 9 байт

01 00 09 00 F6 00 00 37 F3   // прием: 9 байт; 19:13:29:145 30.03.2018
// таймаут: 474 мсек



00 00 07 00 F7 D4 47   // передача: 7 байт; 19:13:29:146 30.03.2018


55 00 00 11 FF F0 00 00 07 00 F7 D4 47 21 B3 8C 7D   // передача: 17 байт; 19:13:29:146 30.03.2018
// принято 39 байт (доступно 39 из 39 байт)   // 19:13:29:668 30.03.2018
// принято с сокета: 39 байт

01 00 27 00 F7 CF F0 EE E3 F0 E0 EC EC E0 20 3F 20 20 20 20 20 3E 5F 31 31 20 20 20 20 20 20 20 20 20 20 20 20 A3 6F   // прием: 39 байт; 19:13:29:669 30.03.2018
// таймаут: 523 мсек

Программа ?     
>_11            


00 00 08 00 F6 0D 84 1E   // передача: 8 байт; 19:13:30:358 30.03.2018


55 00 00 12 FF F0 00 00 08 00 F6 0D 84 1E 21 B3 05 B9   // передача: 18 байт; 19:13:30:359 30.03.2018
// принято 9 байт (доступно 9 из 9 байт)   // 19:13:30:824 30.03.2018
// принято с сокета: 9 байт

01 00 09 00 F6 00 00 37 F3   // прием: 9 байт; 19:13:30:824 30.03.2018
// таймаут: 465 мсек



00 00 07 00 F7 D4 47   // передача: 7 байт; 19:13:30:825 30.03.2018


55 00 00 11 FF F0 00 00 07 00 F7 D4 47 21 B3 8C 7D   // передача: 17 байт; 19:13:30:825 30.03.2018
// принято 39 байт (доступно 39 из 39 байт)   // 19:13:31:386 30.03.2018
// принято с сокета: 39 байт

01 00 27 00 F7 CF E0 F0 EE EB FC 20 20 20 20 20 20 20 20 20 20 20 20 20 2D 2D 2D 2D 2D 2D 2D 2D 2D 2D 20 20 20 3C A2   // прием: 39 байт; 19:13:31:386 30.03.2018
// таймаут: 561 мсек

Пароль          
   ----------   


00 00 08 00 F6 02 C4 1A   // передача: 8 байт; 19:13:32:390 30.03.2018


55 00 00 12 FF F0 00 00 08 00 F6 02 C4 1A 21 B3 05 B9   // передача: 18 байт; 19:13:32:391 30.03.2018
// принято 9 байт (доступно 9 из 9 байт)   // 19:13:33:344 30.03.2018
// принято с сокета: 9 байт

01 00 09 00 F6 00 00 37 F3   // прием: 9 байт; 19:13:33:344 30.03.2018
// таймаут: 953 мсек



00 00 07 00 F7 D4 47   // передача: 7 байт; 19:13:33:345 30.03.2018


55 00 00 11 FF F0 00 00 07 00 F7 D4 47 21 B3 8C 7D   // передача: 17 байт; 19:13:33:345 30.03.2018


00 00 08 00 F6 06 C5 D9   // передача: 8 байт; 19:13:33:502 30.03.2018


55 00 00 12 FF F0 00 00 08 00 F6 06 C5 D9 21 B3 05 B9   // передача: 18 байт; 19:13:33:503 30.03.2018
// принято 39 байт (доступно 39 из 9 байт)   // 19:13:33:887 30.03.2018
// принято с сокета: 39 байт

01 00 27 00 F7 CF E0 F0 EE EB FC 20 20 20 20 20 20 20 20 20 20 20 20 20 2A 2D 2D 2D 2D 2D 2D 2D 2D 2D 20 20 20 37 E5   // прием: 39 байт; 19:13:33:887 30.03.2018
// таймаут: 384 мсек

// принято 9 байт (доступно 9 из 9 байт)   // 19:13:34:346 30.03.2018
// принято с сокета: 9 байт

01 00 09 00 F6 00 00 37 F3   // прием: 9 байт; 19:13:34:346 30.03.2018
// таймаут: 843 мсек



00 00 07 00 F7 D4 47   // передача: 7 байт; 19:13:34:347 30.03.2018


55 00 00 11 FF F0 00 00 07 00 F7 D4 47 21 B3 8C 7D   // передача: 17 байт; 19:13:34:347 30.03.2018


00 00 08 00 F6 01 84 1B   // передача: 8 байт; 19:13:34:582 30.03.2018


55 00 00 12 FF F0 00 00 08 00 F6 01 84 1B 21 B3 05 B9   // передача: 18 байт; 19:13:34:583 30.03.2018


00 00 08 00 F6 01 84 1B   // передача: 8 байт; 19:13:35:894 30.03.2018


55 00 00 12 FF F0 00 00 08 00 F6 01 84 1B 21 B3 05 B9   // передача: 18 байт; 19:13:35:895 30.03.2018


00 00 08 00 F6 03 05 DA   // передача: 8 байт; 19:13:36:926 30.03.2018


55 00 00 12 FF F0 00 00 08 00 F6 03 05 DA 21 B3 05 B9   // передача: 18 байт; 19:13:36:927 30.03.2018
// принято 39 байт (доступно 39 из 9 байт)   // 19:13:38:018 30.03.2018
// принято с сокета: 39 байт

01 00 27 00 F7 CF E0 F0 EE EB FC 20 20 20 20 20 20 20 20 20 20 20 20 20 2A 2A 2D 2D 2D 2D 2D 2D 2D 2D 20 20 20 C2 2E   // прием: 39 байт; 19:13:38:019 30.03.2018
// таймаут: 1092 мсек



00 00 08 00 F6 07 04 19   // передача: 8 байт; 19:13:38:214 30.03.2018


55 00 00 12 FF F0 00 00 08 00 F6 07 04 19 21 B3 05 B9   // передача: 18 байт; 19:13:38:215 30.03.2018


00 00 08 00 F6 09 85 DD   // передача: 8 байт; 19:13:39:262 30.03.2018


55 00 00 12 FF F0 00 00 08 00 F6 09 85 DD 21 B3 05 B9   // передача: 18 байт; 19:13:39:262 30.03.2018
// принято 9 байт (доступно 9 из 9 байт)   // 19:13:40:155 30.03.2018
// принято с сокета: 9 байт

01 00 09 00 F6 00 00 37 F3   // прием: 9 байт; 19:13:40:156 30.03.2018
// таймаут: 894 мсек



00 00 07 00 F7 D4 47   // передача: 7 байт; 19:13:40:156 30.03.2018


55 00 00 11 FF F0 00 00 07 00 F7 D4 47 21 B3 8C 7D   // передача: 17 байт; 19:13:40:157 30.03.2018


00 00 08 00 F6 01 84 1B   // передача: 8 байт; 19:13:40:303 30.03.2018


55 00 00 12 FF F0 00 00 08 00 F6 01 84 1B 21 B3 05 B9   // передача: 18 байт; 19:13:40:303 30.03.2018


00 00 07 00 F7 D4 47   // передача: 7 байт; 19:13:43:367 30.03.2018


55 00 00 11 FF F0 00 00 07 00 F7 D4 47 21 B3 8C 7D   // передача: 17 байт; 19:13:43:367 30.03.2018


00 00 07 00 F7 D4 47   // передача: 7 байт; 19:13:47:983 30.03.2018


55 00 00 11 FF F0 00 00 07 00 F7 D4 47 21 B3 8C 7D   // передача: 17 байт; 19:13:47:983 30.03.2018
// приём по таймауту: 5000 мс
// принято с сокета: 0 байт


00 00 08 00 F6 0C 45 DE   // передача: 8 байт; 19:13:53:522 30.03.2018


55 00 00 12 FF F0 00 00 08 00 F6 0C 45 DE 21 B3 05 B9   // передача: 18 байт; 19:13:53:564 30.03.2018


00 00 08 00 F6 02 C4 1A   // передача: 8 байт; 19:13:55:267 30.03.2018


55 00 00 12 FF F0 00 00 08 00 F6 02 C4 1A 21 B3 05 B9   // передача: 18 байт; 19:13:55:302 30.03.2018
// принято 39 байт (доступно 39 из 9 байт)   // 19:13:56:809 30.03.2018
// принято с сокета: 39 байт

01 00 27 00 F7 CF E0 F0 EE EB FC 20 20 20 20 20 20 20 20 20 20 20 20 20 2A 2A 2A 2D 2D 2D 2D 2D 2D 2D 20 20 20 D8 5A   // прием: 39 байт; 19:13:56:847 30.03.2018
// таймаут: 1545 мсек

// принято 9 байт (доступно 9 из 9 байт)   // 19:13:59:920 30.03.2018
// принято с сокета: 9 байт

01 00 09 00 F6 00 00 37 F3   // прием: 9 байт; 19:13:59:959 30.03.2018
// таймаут: 4657 мсек



00 00 07 00 F7 D4 47   // передача: 7 байт; 19:14:00:015 30.03.2018


55 00 00 11 FF F0 00 00 07 00 F7 D4 47 21 B3 8C 7D   // передача: 17 байт; 19:14:00:051 30.03.2018


00 00 07 00 F7 D4 47   // передача: 7 байт; 19:14:02:800 30.03.2018


55 00 00 11 FF F0 00 00 07 00 F7 D4 47 21 B3 8C 7D   // передача: 17 байт; 19:14:02:835 30.03.2018


00 00 07 00 F7 D4 47   // передача: 7 байт; 19:14:05:688 30.03.2018


55 00 00 11 FF F0 00 00 07 00 F7 D4 47 21 B3 8C 7D   // передача: 17 байт; 19:14:05:724 30.03.2018


00 00 07 00 F7 D4 47   // передача: 7 байт; 19:14:07:304 30.03.2018


55 00 00 11 FF F0 00 00 07 00 F7 D4 47 21 B3 8C 7D   // передача: 17 байт; 19:14:07:341 30.03.2018


00 00 08 00 F6 02 C4 1A   // передача: 8 байт; 19:14:08:719 30.03.2018


55 00 00 12 FF F0 00 00 08 00 F6 02 C4 1A 21 B3 05 B9   // передача: 18 байт; 19:14:08:756 30.03.2018


00 00 08 00 F6 06 C5 D9   // передача: 8 байт; 19:14:11:851 30.03.2018


55 00 00 12 FF F0 00 00 08 00 F6 06 C5 D9 21 B3 05 B9   // передача: 18 байт; 19:14:11:886 30.03.2018


00 00 07 00 F7 D4 47   // передача: 7 байт; 19:14:16:132 30.03.2018


55 00 00 11 FF F0 00 00 07 00 F7 D4 47 21 B3 8C 7D   // передача: 17 байт; 19:14:16:173 30.03.2018
// приём по таймауту: 5000 мс
// принято с сокета: 0 байт


00 00 08 00 F6 0C 45 DE   // передача: 8 байт; 19:14:23:116 30.03.2018


55 00 00 12 FF F0 00 00 08 00 F6 0C 45 DE 21 B3 05 B9   // передача: 18 байт; 19:14:23:154 30.03.2018
// приём по таймауту: 5000 мс
// принято с сокета: 0 байт


00 00 08 00 F6 0C 45 DE   // передача: 8 байт; 19:14:29:905 30.03.2018


55 00 00 12 FF F0 00 00 08 00 F6 0C 45 DE 21 B3 05 B9   // передача: 18 байт; 19:14:29:939 30.03.2018
// принято 9 байт (доступно 9 из 9 байт)   // 19:14:29:952 30.03.2018
// принято с сокета: 9 байт

01 00 09 00 F6 00 00 37 F3   // прием: 9 байт; 19:14:29:989 30.03.2018
// таймаут: 50 мсек



00 00 07 00 F7 D4 47   // передача: 7 байт; 19:14:30:040 30.03.2018


55 00 00 11 FF F0 00 00 07 00 F7 D4 47 21 B3 8C 7D   // передача: 17 байт; 19:14:30:073 30.03.2018


00 00 07 00 F7 D4 47   // передача: 7 байт; 19:14:31:003 30.03.2018


55 00 00 11 FF F0 00 00 07 00 F7 D4 47 21 B3 8C 7D   // передача: 17 байт; 19:14:31:038 30.03.2018
// принято 9 байт (доступно 9 из 39 байт)   // 19:14:32:760 30.03.2018
// принято 39 байт (доступно 48 из 39 байт)   // 19:14:36:142 30.03.2018
// принято с сокета: 48 байт

01 00 09 00 F6 00 00 37 F3 01 00 27 00 F7 CF F0 EE E3 F0 E0 EC EC E0 20 3F 20 20 20 20 20 3E 5F 5F 5F 20 20 20 20 20 20 20 20 20 20 20 20 5B EF   // прием: 48 байт; 19:14:36:157 30.03.2018
// таймаут: 5119 мсек



00 00 07 00 F7 D4 47   // передача: 7 байт; 19:14:39:496 30.03.2018


55 00 00 11 FF F0 00 00 07 00 F7 D4 47 21 B3 8C 7D   // передача: 17 байт; 19:14:39:536 30.03.2018
// принято 39 байт (доступно 39 из 39 байт)   // 19:14:40:606 30.03.2018
// принято с сокета: 39 байт

01 00 27 00 F7 CF F0 EE E3 F0 E0 EC EC E0 20 3F 20 20 20 20 20 3E 5F 5F 5F 20 20 20 20 20 20 20 20 20 20 20 20 5B EF   // прием: 39 байт; 19:14:40:646 30.03.2018
// таймаут: 1110 мсек

Программа ?     
>___            


00 00 08 00 F6 01 84 1B   // передача: 8 байт; 19:14:44:876 30.03.2018


55 00 00 12 FF F0 00 00 08 00 F6 01 84 1B 21 B3 05 B9   // передача: 18 байт; 19:14:44:916 30.03.2018


00 00 08 00 F6 01 84 1B   // передача: 8 байт; 19:14:48:066 30.03.2018


55 00 00 12 FF F0 00 00 08 00 F6 01 84 1B 21 B3 05 B9   // передача: 18 байт; 19:14:48:096 30.03.2018
// принято 9 байт (доступно 9 из 9 байт)   // 19:14:51:376 30.03.2018
// принято с сокета: 9 байт

01 00 09 00 F6 00 00 37 F3   // прием: 9 байт; 19:14:51:416 30.03.2018
// таймаут: 3320 мсек



00 00 07 00 F7 D4 47   // передача: 7 байт; 19:14:51:466 30.03.2018


55 00 00 11 FF F0 00 00 07 00 F7 D4 47 21 B3 8C 7D   // передача: 17 байт; 19:14:51:486 30.03.2018


00 00 08 00 F6 0D 84 1E   // передача: 8 байт; 19:14:52:516 30.03.2018


55 00 00 12 FF F0 00 00 08 00 F6 0D 84 1E 21 B3 05 B9   // передача: 18 байт; 19:14:52:546 30.03.2018
// принято 9 байт (доступно 9 из 9 байт)   // 19:14:54:176 30.03.2018
// принято с сокета: 9 байт

01 00 09 00 F6 00 00 37 F3   // прием: 9 байт; 19:14:54:206 30.03.2018
// таймаут: 1660 мсек



00 00 07 00 F7 D4 47   // передача: 7 байт; 19:14:54:256 30.03.2018


55 00 00 11 FF F0 00 00 07 00 F7 D4 47 21 B3 8C 7D   // передача: 17 байт; 19:14:54:286 30.03.2018
// принято 39 байт (доступно 39 из 39 байт)   // 19:14:56:536 30.03.2018
// принято с сокета: 39 байт

01 00 27 00 F7 CF F0 EE E3 F0 E0 EC EC E0 20 3F 20 20 20 20 20 3E 5F 31 31 20 20 20 20 20 20 20 20 20 20 20 20 A3 6F   // прием: 39 байт; 19:14:56:566 30.03.2018
// таймаут: 2280 мсек

Программа ?     
>_11            


00 00 08 00 F6 0D 84 1E   // передача: 8 байт; 19:14:58:516 30.03.2018


55 00 00 12 FF F0 00 00 08 00 F6 0D 84 1E 21 B3 05 B9   // передача: 18 байт; 19:14:58:546 30.03.2018
// принято 39 байт (доступно 39 из 9 байт)   // 19:14:59:356 30.03.2018
// принято с сокета: 39 байт

01 00 27 00 F7 CF F0 EE E3 F0 E0 EC EC E0 20 3F 20 20 20 20 20 3E 5F 31 31 20 20 20 20 20 20 20 20 20 20 20 20 A3 6F   // прием: 39 байт; 19:14:59:396 30.03.2018
// таймаут: 850 мсек

// принято 9 байт (доступно 9 из 9 байт)   // 19:15:01:776 30.03.2018
// принято с сокета: 9 байт

01 00 09 00 F6 00 00 37 F3   // прием: 9 байт; 19:15:01:806 30.03.2018
// таймаут: 3260 мсек



00 00 07 00 F7 D4 47   // передача: 7 байт; 19:15:01:856 30.03.2018


55 00 00 11 FF F0 00 00 07 00 F7 D4 47 21 B3 8C 7D   // передача: 17 байт; 19:15:01:886 30.03.2018
// принято 39 байт (доступно 39 из 39 байт)   // 19:15:03:166 30.03.2018
// принято с сокета: 39 байт

01 00 27 00 F7 CF E0 F0 EE EB FC 20 20 20 20 20 20 20 20 20 20 20 20 20 2D 2D 2D 2D 2D 2D 2D 2D 2D 2D 20 20 20 3C A2   // прием: 39 байт; 19:15:03:206 30.03.2018
// таймаут: 1320 мсек

Пароль          
   ----------   


00 00 08 00 F6 02 C4 1A   // передача: 8 байт; 19:15:04:716 30.03.2018


55 00 00 12 FF F0 00 00 08 00 F6 02 C4 1A 21 B3 05 B9   // передача: 18 байт; 19:15:04:756 30.03.2018
// принято 9 байт (доступно 9 из 9 байт)   // 19:15:06:226 30.03.2018
// принято с сокета: 9 байт

01 00 09 00 F6 00 00 37 F3   // прием: 9 байт; 19:15:06:256 30.03.2018
// таймаут: 1500 мсек



00 00 07 00 F7 D4 47   // передача: 7 байт; 19:15:06:316 30.03.2018


55 00 00 11 FF F0 00 00 07 00 F7 D4 47 21 B3 8C 7D   // передача: 17 байт; 19:15:06:346 30.03.2018
// принято 39 байт (доступно 39 из 39 байт)   // 19:15:07:576 30.03.2018
// принято с сокета: 39 байт

01 00 27 00 F7 CF E0 F0 EE EB FC 20 20 20 20 20 20 20 20 20 20 20 20 20 2A 2D 2D 2D 2D 2D 2D 2D 2D 2D 20 20 20 37 E5   // прием: 39 байт; 19:15:07:616 30.03.2018
// таймаут: 1270 мсек

Пароль          
   *---------   


00 00 08 00 F6 06 C5 D9   // передача: 8 байт; 19:15:08:146 30.03.2018


55 00 00 12 FF F0 00 00 08 00 F6 06 C5 D9 21 B3 05 B9   // передача: 18 байт; 19:15:08:186 30.03.2018
// принято 9 байт (доступно 9 из 9 байт)   // 19:15:09:066 30.03.2018
// принято с сокета: 9 байт

01 00 09 00 F6 00 00 37 F3   // прием: 9 байт; 19:15:09:106 30.03.2018
// таймаут: 920 мсек



00 00 07 00 F7 D4 47   // передача: 7 байт; 19:15:09:156 30.03.2018


55 00 00 11 FF F0 00 00 07 00 F7 D4 47 21 B3 8C 7D   // передача: 17 байт; 19:15:09:186 30.03.2018


00 00 08 00 F6 01 84 1B   // передача: 8 байт; 19:15:10:566 30.03.2018


55 00 00 12 FF F0 00 00 08 00 F6 01 84 1B 21 B3 05 B9   // передача: 18 байт; 19:15:10:606 30.03.2018
// принято 39 байт (доступно 39 из 9 байт)   // 19:15:10:616 30.03.2018
// принято с сокета: 39 байт

01 00 27 00 F7 CF E0 F0 EE EB FC 20 20 20 20 20 20 20 20 20 20 20 20 20 2A 2A 2D 2D 2D 2D 2D 2D 2D 2D 20 20 20 C2 2E   // прием: 39 байт; 19:15:10:636 30.03.2018
// таймаут: 30 мсек

// принято 9 байт (доступно 9 из 9 байт)   // 19:15:11:956 30.03.2018
// принято с сокета: 9 байт

01 00 09 00 F6 00 00 37 F3   // прием: 9 байт; 19:15:11:986 30.03.2018
// таймаут: 1380 мсек



00 00 07 00 F7 D4 47   // передача: 7 байт; 19:15:12:046 30.03.2018


55 00 00 11 FF F0 00 00 07 00 F7 D4 47 21 B3 8C 7D   // передача: 17 байт; 19:15:12:076 30.03.2018
// принято 39 байт (доступно 39 из 39 байт)   // 19:15:13:026 30.03.2018
// принято с сокета: 39 байт

01 00 27 00 F7 CF E0 F0 EE EB FC 20 20 20 20 20 20 20 20 20 20 20 20 20 2A 2A 2A 2D 2D 2D 2D 2D 2D 2D 20 20 20 D8 5A   // прием: 39 байт; 19:15:13:056 30.03.2018
// таймаут: 980 мсек

Пароль          
   ***-------   


00 00 08 00 F6 01 84 1B   // передача: 8 байт; 19:15:13:856 30.03.2018


55 00 00 12 FF F0 00 00 08 00 F6 01 84 1B 21 B3 05 B9   // передача: 18 байт; 19:15:13:886 30.03.2018
// принято 9 байт (доступно 9 из 9 байт)   // 19:15:14:846 30.03.2018
// принято с сокета: 9 байт

01 00 09 00 F6 00 00 37 F3   // прием: 9 байт; 19:15:14:886 30.03.2018
// таймаут: 1000 мсек



00 00 07 00 F7 D4 47   // передача: 7 байт; 19:15:14:936 30.03.2018


55 00 00 11 FF F0 00 00 07 00 F7 D4 47 21 B3 8C 7D   // передача: 17 байт; 19:15:14:976 30.03.2018
// принято 39 байт (доступно 39 из 39 байт)   // 19:15:15:486 30.03.2018
// принято с сокета: 39 байт

01 00 27 00 F7 CF E0 F0 EE EB FC 20 20 20 20 20 20 20 20 20 20 20 20 20 2A 2A 2A 2A 2D 2D 2D 2D 2D 2D 20 20 20 69 80   // прием: 39 байт; 19:15:15:526 30.03.2018
// таймаут: 550 мсек

Пароль          
   ****------   


00 00 08 00 F6 03 05 DA   // передача: 8 байт; 19:15:15:836 30.03.2018


55 00 00 12 FF F0 00 00 08 00 F6 03 05 DA 21 B3 05 B9   // передача: 18 байт; 19:15:15:876 30.03.2018
// принято 9 байт (доступно 9 из 9 байт)   // 19:15:16:266 30.03.2018
// принято с сокета: 9 байт

01 00 09 00 F6 00 00 37 F3   // прием: 9 байт; 19:15:16:306 30.03.2018
// таймаут: 430 мсек



00 00 07 00 F7 D4 47   // передача: 7 байт; 19:15:16:356 30.03.2018


55 00 00 11 FF F0 00 00 07 00 F7 D4 47 21 B3 8C 7D   // передача: 17 байт; 19:15:16:396 30.03.2018


00 00 08 00 F6 07 04 19   // передача: 8 байт; 19:15:18:966 30.03.2018


55 00 00 12 FF F0 00 00 08 00 F6 07 04 19 21 B3 05 B9   // передача: 18 байт; 19:15:18:986 30.03.2018


00 00 07 00 F7 D4 47   // передача: 7 байт; 19:15:23:466 30.03.2018


55 00 00 11 FF F0 00 00 07 00 F7 D4 47 21 B3 8C 7D   // передача: 17 байт; 19:15:23:496 30.03.2018
// принято 39 байт (доступно 39 из 39 байт)   // 19:15:23:936 30.03.2018
// принято с сокета: 39 байт

01 00 27 00 F7 CF E0 F0 EE EB FC 20 20 20 20 20 20 20 20 20 20 20 20 20 2A 2A 2A 2A 2A 2D 2D 2D 2D 2D 20 20 20 4F B0   // прием: 39 байт; 19:15:23:966 30.03.2018
// таймаут: 470 мсек

Пароль          
   *****-----   


00 00 07 00 F7 D4 47   // передача: 7 байт; 19:15:26:026 30.03.2018


55 00 00 11 FF F0 00 00 07 00 F7 D4 47 21 B3 8C 7D   // передача: 17 байт; 19:15:26:056 30.03.2018


00 00 07 00 F7 D4 47   // передача: 7 байт; 19:15:29:216 30.03.2018


55 00 00 11 FF F0 00 00 07 00 F7 D4 47 21 B3 8C 7D   // передача: 17 байт; 19:15:29:256 30.03.2018


00 00 08 00 F6 07 04 19   // передача: 8 байт; 19:15:32:016 30.03.2018


55 00 00 12 FF F0 00 00 08 00 F6 07 04 19 21 B3 05 B9   // передача: 18 байт; 19:15:32:046 30.03.2018


00 00 07 00 F7 D4 47   // передача: 7 байт; 19:15:35:576 30.03.2018


55 00 00 11 FF F0 00 00 07 00 F7 D4 47 21 B3 8C 7D   // передача: 17 байт; 19:15:35:606 30.03.2018
// приём по таймауту: 5000 мс
// принято с сокета: 0 байт
// принято 39 байт (доступно 39 из 39 байт)   // 19:15:41:786 30.03.2018
// принято с сокета: 39 байт

01 00 27 00 F7 CF E0 F0 EE EB FC 20 20 20 20 20 20 20 20 20 20 20 20 20 2A 2A 2A 2A 2A 2D 2D 2D 2D 2D 20 20 20 4F B0   // прием: 39 байт; 19:15:41:826 30.03.2018
// таймаут: 6220 мсек

Пароль          
   *****-----   


00 00 08 00 F6 07 04 19   // передача: 8 байт; 19:15:47:346 30.03.2018


55 00 00 12 FF F0 00 00 08 00 F6 07 04 19 21 B3 05 B9   // передача: 18 байт; 19:15:47:376 30.03.2018
// принято 9 байт (доступно 9 из 9 байт)   // 19:15:50:036 30.03.2018
// принято с сокета: 9 байт

01 00 09 00 F6 00 00 37 F3   // прием: 9 байт; 19:15:50:076 30.03.2018
// таймаут: 2700 мсек



00 00 07 00 F7 D4 47   // передача: 7 байт; 19:15:50:116 30.03.2018


55 00 00 11 FF F0 00 00 07 00 F7 D4 47 21 B3 8C 7D   // передача: 17 байт; 19:15:50:156 30.03.2018
// принято 39 байт (доступно 39 из 39 байт)   // 19:15:52:396 30.03.2018
// принято с сокета: 39 байт

01 00 27 00 F7 CF E0 F0 EE EB FC 20 20 20 20 20 20 20 20 20 20 20 20 20 2A 2A 2A 2A 2A 2A 2D 2D 2D 2D 20 20 20 0E 56   // прием: 39 байт; 19:15:52:426 30.03.2018
// таймаут: 2270 мсек

Пароль          
   ******----   


00 00 08 00 F6 09 85 DD   // передача: 8 байт; 19:15:55:746 30.03.2018


55 00 00 12 FF F0 00 00 08 00 F6 09 85 DD 21 B3 05 B9   // передача: 18 байт; 19:15:55:776 30.03.2018
// принято 9 байт (доступно 9 из 9 байт)   // 19:15:58:416 30.03.2018
// принято с сокета: 9 байт

01 00 09 00 F6 00 00 37 F3   // прием: 9 байт; 19:15:58:446 30.03.2018
// таймаут: 2670 мсек



00 00 07 00 F7 D4 47   // передача: 7 байт; 19:15:58:496 30.03.2018


55 00 00 11 FF F0 00 00 07 00 F7 D4 47 21 B3 8C 7D   // передача: 17 байт; 19:15:58:526 30.03.2018
// принято 39 байт (доступно 39 из 39 байт)   // 19:15:59:826 30.03.2018
// принято с сокета: 39 байт

01 00 27 00 F7 CF E0 F0 EE EB FC 20 20 20 20 20 20 20 20 20 20 20 20 20 2A 2A 2A 2A 2A 2A 2A 2D 2D 2D 20 20 20 78 96   // прием: 39 байт; 19:15:59:856 30.03.2018
// таймаут: 1330 мсек

Пароль          
   *******---   


00 00 08 00 F6 01 84 1B   // передача: 8 байт; 19:16:01:006 30.03.2018


55 00 00 12 FF F0 00 00 08 00 F6 01 84 1B 21 B3 05 B9   // передача: 18 байт; 19:16:01:036 30.03.2018
// принято 9 байт (доступно 9 из 9 байт)   // 19:16:03:186 30.03.2018
// принято с сокета: 9 байт

01 00 09 00 F6 00 00 37 F3   // прием: 9 байт; 19:16:03:216 30.03.2018
// таймаут: 2180 мсек



00 00 07 00 F7 D4 47   // передача: 7 байт; 19:16:03:266 30.03.2018


55 00 00 11 FF F0 00 00 07 00 F7 D4 47 21 B3 8C 7D   // передача: 17 байт; 19:16:03:306 30.03.2018
// принято 39 байт (доступно 39 из 39 байт)   // 19:16:04:566 30.03.2018
// принято с сокета: 39 байт

01 00 27 00 F7 CF E0 F0 EE EB FC 20 20 20 20 20 20 20 20 20 20 20 20 20 2A 2A 2A 2A 2A 2A 2A 2A 2D 2D 20 20 20 79 21   // прием: 39 байт; 19:16:04:606 30.03.2018
// таймаут: 1300 мсек

Пароль          
   ********--   


00 00 08 00 F6 0D 84 1E   // передача: 8 байт; 19:16:05:356 30.03.2018


55 00 00 12 FF F0 00 00 08 00 F6 0D 84 1E 21 B3 05 B9   // передача: 18 байт; 19:16:05:386 30.03.2018
// принято 9 байт (доступно 9 из 9 байт)   // 19:16:07:866 30.03.2018
// принято с сокета: 9 байт

01 00 09 00 F6 00 00 37 F3   // прием: 9 байт; 19:16:07:896 30.03.2018
// таймаут: 2510 мсек



00 00 07 00 F7 D4 47   // передача: 7 байт; 19:16:07:936 30.03.2018


55 00 00 11 FF F0 00 00 07 00 F7 D4 47 21 B3 8C 7D   // передача: 17 байт; 19:16:07:966 30.03.2018


00 00 07 00 F7 D4 47   // передача: 7 байт; 19:16:11:816 30.03.2018


55 00 00 11 FF F0 00 00 07 00 F7 D4 47 21 B3 8C 7D   // передача: 17 байт; 19:16:11:846 30.03.2018
// принято 39 байт (доступно 39 из 39 байт)   // 19:16:12:666 30.03.2018
// принято с сокета: 39 байт

01 00 27 00 F7 CD E0 F1 F2 F0 EE E9 EA E0 20 20 20 20 20 20 20 20 20 20 20 20 20 20 CE CA 20 20 20 20 20 20 20 56 CB   // прием: 39 байт; 19:16:12:706 30.03.2018
// таймаут: 860 мсек

Настройка       
       ОК       


00 00 08 00 F6 0C 45 DE   // передача: 8 байт; 19:16:14:046 30.03.2018


55 00 00 12 FF F0 00 00 08 00 F6 0C 45 DE 21 B3 05 B9   // передача: 18 байт; 19:16:14:086 30.03.2018
// принято 39 байт (доступно 39 из 9 байт)   // 19:16:16:536 30.03.2018
// принято с сокета: 39 байт

01 00 27 00 F7 CD E0 F1 F2 F0 EE E9 EA E0 20 20 20 20 20 20 20 20 20 20 20 20 20 20 CE CA 20 20 20 20 20 20 20 56 CB   // прием: 39 байт; 19:16:16:576 30.03.2018
// таймаут: 2490 мсек

// принято 9 байт (доступно 9 из 9 байт)   // 19:16:19:856 30.03.2018
// принято с сокета: 9 байт

01 00 09 00 F6 00 00 37 F3   // прием: 9 байт; 19:16:19:886 30.03.2018
// таймаут: 5800 мсек



00 00 07 00 F7 D4 47   // передача: 7 байт; 19:16:19:936 30.03.2018


55 00 00 11 FF F0 00 00 07 00 F7 D4 47 21 B3 8C 7D   // передача: 17 байт; 19:16:19:966 30.03.2018


00 00 08 00 F6 09 85 DD   // передача: 8 байт; 19:16:20:066 30.03.2018


55 00 00 12 FF F0 00 00 08 00 F6 09 85 DD 21 B3 05 B9   // передача: 18 байт; 19:16:20:106 30.03.2018
// принято 39 байт (доступно 39 из 9 байт)   // 19:16:23:756 30.03.2018
// принято с сокета: 39 байт

01 00 27 00 F7 CF F0 EE E3 F0 E0 EC EC E0 20 3F 20 20 20 20 20 3D 5F 5F 5F 20 20 20 20 20 20 20 20 20 20 20 20 1B 1E   // прием: 39 байт; 19:16:23:786 30.03.2018
// таймаут: 3680 мсек



00 00 08 00 F6 08 44 1D   // передача: 8 байт; 19:16:24:656 30.03.2018


55 00 00 12 FF F0 00 00 08 00 F6 08 44 1D 21 B3 05 B9   // передача: 18 байт; 19:16:24:686 30.03.2018
// принято 9 байт (доступно 9 из 9 байт)   // 19:16:24:706 30.03.2018
// принято с сокета: 9 байт

01 00 09 00 F6 00 00 37 F3   // прием: 9 байт; 19:16:24:736 30.03.2018
// таймаут: 50 мсек



00 00 07 00 F7 D4 47   // передача: 7 байт; 19:16:24:786 30.03.2018


55 00 00 11 FF F0 00 00 07 00 F7 D4 47 21 B3 8C 7D   // передача: 17 байт; 19:16:24:826 30.03.2018


00 00 07 00 F7 D4 47   // передача: 7 байт; 19:16:25:236 30.03.2018


55 00 00 11 FF F0 00 00 07 00 F7 D4 47 21 B3 8C 7D   // передача: 17 байт; 19:16:25:266 30.03.2018
// приём по таймауту: 5000 мс
// принято с сокета: 0 байт
// принято 9 байт (доступно 9 из 39 байт)   // 19:16:31:146 30.03.2018
// приём по таймауту: 5000 мс
// принято с сокета: 9 байт

01 00 09 00 F6 00 00 37 F3   // прием: 9 байт; 19:16:36:176 30.03.2018
// таймаут: 10910 мсек



00 00 07 00 F7 D4 47   // передача: 7 байт; 19:16:36:926 30.03.2018


55 00 00 11 FF F0 00 00 07 00 F7 D4 47 21 B3 8C 7D   // передача: 17 байт; 19:16:36:956 30.03.2018
// принято 39 байт (доступно 48 из 39 байт)   // 19:16:37:376 30.03.2018
// принято с сокета: 48 байт

01 00 09 00 F6 00 00 37 F3 01 00 27 00 F7 CF F0 EE E3 F0 E0 EC EC E0 20 3F 20 20 20 20 20 3D 5F 39 38 20 20 20 20 20 20 20 20 20 20 20 20 F7 9F   // прием: 48 байт; 19:16:37:416 30.03.2018
// таймаут: 460 мсек



00 00 08 00 F6 0C 45 DE   // передача: 8 байт; 19:16:38:176 30.03.2018


55 00 00 12 FF F0 00 00 08 00 F6 0C 45 DE 21 B3 05 B9   // передача: 18 байт; 19:16:38:216 30.03.2018
// принято 39 байт (доступно 39 из 9 байт)   // 19:16:41:476 30.03.2018
// принято с сокета: 39 байт

01 00 27 00 F7 CF F0 EE E3 F0 E0 EC EC E0 20 3F 20 20 20 20 20 3D 5F 39 38 20 20 20 20 20 20 20 20 20 20 20 20 F7 9F   // прием: 39 байт; 19:16:41:506 30.03.2018
// таймаут: 3290 мсек

// принято 9 байт (доступно 9 из 9 байт)   // 19:16:42:996 30.03.2018
// принято с сокета: 9 байт

01 00 09 00 F6 00 00 37 F3   // прием: 9 байт; 19:16:43:036 30.03.2018
// таймаут: 4820 мсек



00 00 07 00 F7 D4 47   // передача: 7 байт; 19:16:43:096 30.03.2018


55 00 00 11 FF F0 00 00 07 00 F7 D4 47 21 B3 8C 7D   // передача: 17 байт; 19:16:43:136 30.03.2018


00 00 08 00 F6 0C 45 DE   // передача: 8 байт; 19:16:44:266 30.03.2018


55 00 00 12 FF F0 00 00 08 00 F6 0C 45 DE 21 B3 05 B9   // передача: 18 байт; 19:16:44:306 30.03.2018
// принято 39 байт (доступно 39 из 9 байт)   // 19:16:46:636 30.03.2018
// принято с сокета: 39 байт

01 00 27 00 F7 CF F0 EE E3 F0 E0 EC EC E0 20 3F 20 20 20 20 20 3D 5F 5F 5F 20 20 20 20 20 20 20 20 20 20 20 20 1B 1E   // прием: 39 байт; 19:16:46:666 30.03.2018
// таймаут: 2360 мсек

// принято 9 байт (доступно 9 из 9 байт)   // 19:16:48:016 30.03.2018
// принято с сокета: 9 байт

01 00 09 00 F6 00 00 37 F3   // прием: 9 байт; 19:16:48:046 30.03.2018
// таймаут: 3740 мсек



00 00 07 00 F7 D4 47   // передача: 7 байт; 19:16:48:096 30.03.2018


55 00 00 11 FF F0 00 00 07 00 F7 D4 47 21 B3 8C 7D   // передача: 17 байт; 19:16:48:126 30.03.2018
// принято 39 байт (доступно 39 из 39 байт)   // 19:16:50:176 30.03.2018
// принято с сокета: 39 байт

01 00 27 00 F7 CF F0 EE E3 F0 E0 EC EC E0 20 3F 20 20 20 20 20 3D 5F 5F 5F 20 20 20 20 20 20 20 20 20 20 20 20 1B 1E   // прием: 39 байт; 19:16:50:216 30.03.2018
// таймаут: 2090 мсек

Программа ?     
=___            


00 00 08 00 F6 09 85 DD   // передача: 8 байт; 19:16:52:566 30.03.2018


55 00 00 12 FF F0 00 00 08 00 F6 09 85 DD 21 B3 05 B9   // передача: 18 байт; 19:16:52:596 30.03.2018
// принято 9 байт (доступно 9 из 9 байт)   // 19:16:54:976 30.03.2018
// принято с сокета: 9 байт

01 00 09 00 F6 00 00 37 F3   // прием: 9 байт; 19:16:55:006 30.03.2018
// таймаут: 2410 мсек



00 00 07 00 F7 D4 47   // передача: 7 байт; 19:16:55:066 30.03.2018


55 00 00 11 FF F0 00 00 07 00 F7 D4 47 21 B3 8C 7D   // передача: 17 байт; 19:16:55:096 30.03.2018
// принято 39 байт (доступно 39 из 39 байт)   // 19:16:56:676 30.03.2018
// принято с сокета: 39 байт

01 00 27 00 F7 CF F0 EE E3 F0 E0 EC EC E0 20 3F 20 20 20 20 20 3D 5F 5F 39 20 20 20 20 20 20 20 20 20 20 20 20 93 78   // прием: 39 байт; 19:16:56:716 30.03.2018
// таймаут: 1620 мсек

Программа ?     
=__9            


00 00 08 00 F6 04 44 18   // передача: 8 байт; 19:16:57:346 30.03.2018


55 00 00 12 FF F0 00 00 08 00 F6 04 44 18 21 B3 05 B9   // передача: 18 байт; 19:16:57:386 30.03.2018
// принято 9 байт (доступно 9 из 9 байт)   // 19:16:58:216 30.03.2018
// принято с сокета: 9 байт

01 00 09 00 F6 00 00 37 F3   // прием: 9 байт; 19:16:58:246 30.03.2018
// таймаут: 860 мсек



00 00 07 00 F7 D4 47   // передача: 7 байт; 19:16:58:296 30.03.2018


55 00 00 11 FF F0 00 00 07 00 F7 D4 47 21 B3 8C 7D   // передача: 17 байт; 19:16:58:326 30.03.2018
// принято 39 байт (доступно 39 из 39 байт)   // 19:17:00:016 30.03.2018
// принято с сокета: 39 байт

01 00 27 00 F7 CF F0 EE E3 F0 E0 EC EC E0 20 3F 20 20 20 20 20 3D 5F 39 34 20 20 20 20 20 20 20 20 20 20 20 20 E6 53   // прием: 39 байт; 19:17:00:046 30.03.2018
// таймаут: 1720 мсек

Программа ?     
=_94            


00 00 08 00 F6 0D 84 1E   // передача: 8 байт; 19:17:00:726 30.03.2018


55 00 00 12 FF F0 00 00 08 00 F6 0D 84 1E 21 B3 05 B9   // передача: 18 байт; 19:17:00:766 30.03.2018
// принято 9 байт (доступно 9 из 9 байт)   // 19:17:01:726 30.03.2018
// принято с сокета: 9 байт

01 00 09 00 F6 00 00 37 F3   // прием: 9 байт; 19:17:01:756 30.03.2018
// таймаут: 990 мсек



00 00 07 00 F7 D4 47   // передача: 7 байт; 19:17:01:806 30.03.2018


55 00 00 11 FF F0 00 00 07 00 F7 D4 47 21 B3 8C 7D   // передача: 17 байт; 19:17:01:836 30.03.2018
// приём по таймауту: 5000 мс
// принято с сокета: 0 байт


00 00 07 00 F7 D4 47   // передача: 7 байт; 19:17:11:616 30.03.2018


55 00 00 11 FF F0 00 00 07 00 F7 D4 47 21 B3 8C 7D   // передача: 17 байт; 19:17:11:646 30.03.2018
// приём по таймауту: 5000 мс
// принято с сокета: 0 байт
// принято 39 байт (доступно 39 из 39 байт)   // 19:17:17:766 30.03.2018
// принято с сокета: 39 байт

01 00 27 00 F7 C7 E0 EF EE EB ED E5 ED E8 E5 20 20 20 20 20 20 20 20 20 20 20 F1 F2 EE EF 20 21 20 20 20 20 20 E8 54   // прием: 39 байт; 19:17:17:806 30.03.2018
// таймаут: 6160 мсек

Заполнение      
     стоп !     


00 00 08 00 F6 0C 45 DE   // передача: 8 байт; 19:17:19:456 30.03.2018


55 00 00 12 FF F0 00 00 08 00 F6 0C 45 DE 21 B3 05 B9   // передача: 18 байт; 19:17:19:486 30.03.2018
// принято 9 байт (доступно 9 из 9 байт)   // 19:17:21:256 30.03.2018
// принято с сокета: 9 байт

01 00 09 00 F6 00 00 37 F3   // прием: 9 байт; 19:17:21:286 30.03.2018
// таймаут: 1800 мсек



00 00 07 00 F7 D4 47   // передача: 7 байт; 19:17:21:326 30.03.2018


55 00 00 11 FF F0 00 00 07 00 F7 D4 47 21 B3 8C 7D   // передача: 17 байт; 19:17:21:356 30.03.2018
// принято 39 байт (доступно 39 из 39 байт)   // 19:17:23:596 30.03.2018
// принято с сокета: 39 байт

01 00 27 00 F7 CF F0 EE E3 F0 E0 EC EC E0 20 3F 20 20 20 20 20 3D 5F 5F 5F 20 20 20 20 20 20 20 20 20 20 20 20 1B 1E   // прием: 39 байт; 19:17:23:626 30.03.2018
// таймаут: 2270 мсек

Программа ?     
=___            


00 00 08 00 F6 09 85 DD   // передача: 8 байт; 19:17:24:406 30.03.2018


55 00 00 12 FF F0 00 00 08 00 F6 09 85 DD 21 B3 05 B9   // передача: 18 байт; 19:17:24:436 30.03.2018
// принято 9 байт (доступно 9 из 9 байт)   // 19:17:26:246 30.03.2018
// принято с сокета: 9 байт

01 00 09 00 F6 00 00 37 F3   // прием: 9 байт; 19:17:26:276 30.03.2018
// таймаут: 1840 мсек



00 00 07 00 F7 D4 47   // передача: 7 байт; 19:17:26:316 30.03.2018


55 00 00 11 FF F0 00 00 07 00 F7 D4 47 21 B3 8C 7D   // передача: 17 байт; 19:17:26:346 30.03.2018


00 00 08 00 F6 08 44 1D   // передача: 8 байт; 19:17:27:216 30.03.2018


55 00 00 12 FF F0 00 00 08 00 F6 08 44 1D 21 B3 05 B9   // передача: 18 байт; 19:17:27:246 30.03.2018
// принято 39 байт (доступно 39 из 9 байт)   // 19:17:27:576 30.03.2018
// принято с сокета: 39 байт

01 00 27 00 F7 CF F0 EE E3 F0 E0 EC EC E0 20 3F 20 20 20 20 20 3D 5F 5F 39 20 20 20 20 20 20 20 20 20 20 20 20 93 78   // прием: 39 байт; 19:17:27:606 30.03.2018
// таймаут: 360 мсек

// принято 9 байт (доступно 9 из 9 байт)   // 19:17:28:986 30.03.2018
// принято с сокета: 9 байт

01 00 09 00 F6 00 00 37 F3   // прием: 9 байт; 19:17:29:016 30.03.2018
// таймаут: 1770 мсек



00 00 07 00 F7 D4 47   // передача: 7 байт; 19:17:29:056 30.03.2018


55 00 00 11 FF F0 00 00 07 00 F7 D4 47 21 B3 8C 7D   // передача: 17 байт; 19:17:29:096 30.03.2018
// принято 39 байт (доступно 39 из 39 байт)   // 19:17:30:286 30.03.2018
// принято с сокета: 39 байт

01 00 27 00 F7 CF F0 EE E3 F0 E0 EC EC E0 20 3F 20 20 20 20 20 3D 5F 39 38 20 20 20 20 20 20 20 20 20 20 20 20 F7 9F   // прием: 39 байт; 19:17:30:326 30.03.2018
// таймаут: 1230 мсек

Программа ?     
=_98            


00 00 08 00 F6 0D 84 1E   // передача: 8 байт; 19:17:31:086 30.03.2018


55 00 00 12 FF F0 00 00 08 00 F6 0D 84 1E 21 B3 05 B9   // передача: 18 байт; 19:17:31:116 30.03.2018
// принято 9 байт (доступно 9 из 9 байт)   // 19:17:32:996 30.03.2018
// принято с сокета: 9 байт

01 00 09 00 F6 00 00 37 F3   // прием: 9 байт; 19:17:33:026 30.03.2018
// таймаут: 1910 мсек



00 00 07 00 F7 D4 47   // передача: 7 байт; 19:17:33:086 30.03.2018


55 00 00 11 FF F0 00 00 07 00 F7 D4 47 21 B3 8C 7D   // передача: 17 байт; 19:17:33:126 30.03.2018
// принято 39 байт (доступно 39 из 39 байт)   // 19:17:34:256 30.03.2018
// принято с сокета: 39 байт

01 00 27 00 F7 D2 E0 E9 EC E0 F3 F2 FB 20 20 20 20 20 20 20 20 20 20 20 20 20 20 20 20 38 00 EC F1 20 20 20 31 E2 34   // прием: 39 байт; 19:17:34:286 30.03.2018
// таймаут: 1160 мсек

Таймауты        
        8 мс   1


00 00 08 00 F6 0D 84 1E   // передача: 8 байт; 19:17:35:536 30.03.2018


55 00 00 12 FF F0 00 00 08 00 F6 0D 84 1E 21 B3 05 B9   // передача: 18 байт; 19:17:35:566 30.03.2018
// принято 9 байт (доступно 9 из 9 байт)   // 19:17:36:846 30.03.2018
// принято с сокета: 9 байт

01 00 09 00 F6 00 00 37 F3   // прием: 9 байт; 19:17:36:886 30.03.2018
// таймаут: 1320 мсек



00 00 07 00 F7 D4 47   // передача: 7 байт; 19:17:36:946 30.03.2018


55 00 00 11 FF F0 00 00 07 00 F7 D4 47 21 B3 8C 7D   // передача: 17 байт; 19:17:36:976 30.03.2018
// принято 39 байт (доступно 39 из 39 байт)   // 19:17:37:836 30.03.2018
// принято с сокета: 39 байт

01 00 27 00 F7 D2 E0 E9 EC E0 F3 F2 FB 20 20 20 20 20 20 20 20 20 20 20 20 20 36 30 30 30 00 EC F1 20 20 20 32 25 8E   // прием: 39 байт; 19:17:37:866 30.03.2018
// таймаут: 890 мсек

Таймауты        
     6000 мс   2


00 00 08 00 F6 05 85 D8   // передача: 8 байт; 19:17:39:106 30.03.2018


55 00 00 12 FF F0 00 00 08 00 F6 05 85 D8 21 B3 05 B9   // передача: 18 байт; 19:17:39:136 30.03.2018
// принято 9 байт (доступно 9 из 9 байт)   // 19:17:40:436 30.03.2018
// принято с сокета: 9 байт

01 00 09 00 F6 00 00 37 F3   // прием: 9 байт; 19:17:40:476 30.03.2018
// таймаут: 1340 мсек



00 00 07 00 F7 D4 47   // передача: 7 байт; 19:17:40:526 30.03.2018


55 00 00 11 FF F0 00 00 07 00 F7 D4 47 21 B3 8C 7D   // передача: 17 байт; 19:17:40:556 30.03.2018
// принято 39 байт (доступно 39 из 39 байт)   // 19:17:41:796 30.03.2018
// принято с сокета: 39 байт

01 00 27 00 F7 D2 E0 E9 EC E0 F3 F2 FB 20 20 20 20 20 20 20 20 20 20 20 5F 5F 5F 5F 5F 35 20 EC F1 20 20 00 32 29 06   // прием: 39 байт; 19:17:41:826 30.03.2018
// таймаут: 1270 мсек

Таймауты        
   _____5 мс   2


00 00 08 00 F6 00 45 DB   // передача: 8 байт; 19:17:42:516 30.03.2018


55 00 00 12 FF F0 00 00 08 00 F6 00 45 DB 21 B3 05 B9   // передача: 18 байт; 19:17:42:556 30.03.2018
// принято 9 байт (доступно 9 из 9 байт)   // 19:17:43:866 30.03.2018
// принято с сокета: 9 байт

01 00 09 00 F6 00 00 37 F3   // прием: 9 байт; 19:17:43:906 30.03.2018
// таймаут: 1350 мсек



00 00 07 00 F7 D4 47   // передача: 7 байт; 19:17:43:956 30.03.2018


55 00 00 11 FF F0 00 00 07 00 F7 D4 47 21 B3 8C 7D   // передача: 17 байт; 19:17:43:986 30.03.2018
// принято 39 байт (доступно 39 из 39 байт)   // 19:17:45:196 30.03.2018
// принято с сокета: 39 байт

01 00 27 00 F7 D2 E0 E9 EC E0 F3 F2 FB 20 20 20 20 20 20 20 20 20 20 20 5F 5F 5F 5F 35 30 20 EC F1 20 20 00 32 3F 9B   // прием: 39 байт; 19:17:45:226 30.03.2018
// таймаут: 1240 мсек

Таймауты        
   ____50 мс   2


00 00 08 00 F6 00 45 DB   // передача: 8 байт; 19:17:45:906 30.03.2018


55 00 00 12 FF F0 00 00 08 00 F6 00 45 DB 21 B3 05 B9   // передача: 18 байт; 19:17:45:946 30.03.2018
// принято 9 байт (доступно 9 из 9 байт)   // 19:17:46:716 30.03.2018
// принято с сокета: 9 байт

01 00 09 00 F6 00 00 37 F3   // прием: 9 байт; 19:17:46:746 30.03.2018
// таймаут: 800 мсек



00 00 07 00 F7 D4 47   // передача: 7 байт; 19:17:46:806 30.03.2018


55 00 00 11 FF F0 00 00 07 00 F7 D4 47 21 B3 8C 7D   // передача: 17 байт; 19:17:46:836 30.03.2018
// принято 39 байт (доступно 39 из 39 байт)   // 19:17:48:576 30.03.2018
// принято с сокета: 39 байт

01 00 27 00 F7 D2 E0 E9 EC E0 F3 F2 FB 20 20 20 20 20 20 20 20 20 20 20 5F 5F 5F 35 30 30 20 EC F1 20 20 00 32 23 55   // прием: 39 байт; 19:17:48:606 30.03.2018
// таймаут: 1770 мсек

Таймауты        
   ___500 мс   2


00 00 08 00 F6 0D 84 1E   // передача: 8 байт; 19:17:49:466 30.03.2018


55 00 00 12 FF F0 00 00 08 00 F6 0D 84 1E 21 B3 05 B9   // передача: 18 байт; 19:17:49:496 30.03.2018
// принято 9 байт (доступно 9 из 9 байт)   // 19:17:50:796 30.03.2018
// принято с сокета: 9 байт

01 00 09 00 F6 00 00 37 F3   // прием: 9 байт; 19:17:50:826 30.03.2018
// таймаут: 1330 мсек



00 00 07 00 F7 D4 47   // передача: 7 байт; 19:17:50:886 30.03.2018


55 00 00 11 FF F0 00 00 07 00 F7 D4 47 21 B3 8C 7D   // передача: 17 байт; 19:17:50:916 30.03.2018
// принято 39 байт (доступно 39 из 39 байт)   // 19:17:52:476 30.03.2018
// принято с сокета: 39 байт

01 00 27 00 F7 D2 E0 E9 EC E0 F3 F2 FB 20 20 20 20 20 20 20 20 20 20 20 20 20 20 34 30 30 00 EC F1 20 20 20 33 EF D3   // прием: 39 байт; 19:17:52:506 30.03.2018
// таймаут: 1590 мсек

Таймауты        
      400 мс   3
Событие: Disconnecting.   // 19:17:57:736 30.03.2018
Отсоединение   // 19:17:57:736 30.03.2018
Событие: Disconnected.   // 19:17:57:736 30.03.2018
Ошибка при закрытии сокета: Thread Error: Неверный дескриптор (6)   // 19:17:57:746 30.03.2018

// О программе
