—обытие: Connecting to 10.10.195.182.   // 19:11:18:504 30.03.2018
—обытие: Connected.   // 19:11:21:680 30.03.2018
”становлено соединение c сокетом: 10.10.195.182:7777   // 19:11:21:680 30.03.2018


00 00 08 00 F6 0C 45 DE   // передача: 8 байт; 19:11:26:528 30.03.2018


55 00 00 12 FF F0 00 00 08 00 F6 0C 45 DE 21 B3 05 B9   // передача: 18 байт; 19:11:26:528 30.03.2018


00 00 07 00 F7 D4 47   // передача: 7 байт; 19:11:29:023 30.03.2018


55 00 00 11 FF F0 00 00 07 00 F7 D4 47 21 B3 8C 7D   // передача: 17 байт; 19:11:29:024 30.03.2018


00 00 07 00 F7 D4 47   // передача: 7 байт; 19:11:33:991 30.03.2018


55 00 00 11 FF F0 00 00 07 00 F7 D4 47 21 B3 8C 7D   // передача: 17 байт; 19:11:33:992 30.03.2018


00 00 07 00 F7 D4 47   // передача: 7 байт; 19:11:36:887 30.03.2018


55 00 00 11 FF F0 00 00 07 00 F7 D4 47 21 B3 8C 7D   // передача: 17 байт; 19:11:36:887 30.03.2018
// прин€то 9 байт (доступно 9 из 39 байт)   // 19:11:36:925 30.03.2018
// приЄм по таймауту: 5000 мс
// прин€то с сокета: 9 байт

01 00 09 00 F6 00 00 37 F3   // прием: 9 байт; 19:11:41:933 30.03.2018
// таймаут: 5046 мсек




1A   // передача: 1 байт; 19:11:43:503 30.03.2018


00 00 07 00 F7 D4 47   // передача: 7 байт; 19:11:44:624 30.03.2018


55 00 00 11 FF F0 00 00 07 00 F7 D4 47 21 B3 8C 7D   // передача: 17 байт; 19:11:44:624 30.03.2018
// прин€то 78 байт (доступно 87 из 39 байт)   // 19:11:45:772 30.03.2018
// прин€то с сокета: 87 байт

01 00 09 00 F6 00 00 37 F3 01 00 27 00 F7 CF F0 EE E3 F0 E0 EC EC E0 20 3F 20 20 20 20 20 3E 5F 5F 5F 20 20 20 20 20 20 20 20 20 20 20 20 5B EF 01 00 27 00 F7 CF F0 EE E3 F0 E0 EC EC E0 20 3F 20 20 20 20 20 3E 5F 5F 5F 20 20 20 20 20 20 20 20 20 20 20 20 5B EF   // прием: 87 байт; 19:11:45:772 30.03.2018
// таймаут: 1148 мсек

// прин€то 39 байт (доступно 39 из 39 байт)   // 19:11:50:114 30.03.2018
// прин€то с сокета: 39 байт

01 00 27 00 F7 CF F0 EE E3 F0 E0 EC EC E0 20 3F 20 20 20 20 20 3E 5F 5F 5F 20 20 20 20 20 20 20 20 20 20 20 20 5B EF   // прием: 39 байт; 19:11:50:114 30.03.2018
// таймаут: 5490 мсек

ѕрограмма ?     
>___            


00 00 08 00 F6 0C 45 DE   // передача: 8 байт; 19:11:51:575 30.03.2018


55 00 00 12 FF F0 00 00 08 00 F6 0C 45 DE 21 B3 05 B9   // передача: 18 байт; 19:11:51:576 30.03.2018


00 00 08 00 F6 01 84 1B   // передача: 8 байт; 19:11:54:735 30.03.2018


55 00 00 12 FF F0 00 00 08 00 F6 01 84 1B 21 B3 05 B9   // передача: 18 байт; 19:11:54:736 30.03.2018


00 00 08 00 F6 01 84 1B   // передача: 8 байт; 19:11:56:096 30.03.2018


55 00 00 12 FF F0 00 00 08 00 F6 01 84 1B 21 B3 05 B9   // передача: 18 байт; 19:11:56:096 30.03.2018


00 00 08 00 F6 0D 84 1E   // передача: 8 байт; 19:11:57:128 30.03.2018


55 00 00 12 FF F0 00 00 08 00 F6 0D 84 1E 21 B3 05 B9   // передача: 18 байт; 19:11:57:128 30.03.2018
// прин€то 9 байт (доступно 9 из 9 байт)   // 19:11:59:878 30.03.2018
// прин€то с сокета: 9 байт

01 00 09 00 F6 00 00 37 F3   // прием: 9 байт; 19:11:59:878 30.03.2018
// таймаут: 2750 мсек



00 00 07 00 F7 D4 47   // передача: 7 байт; 19:11:59:878 30.03.2018


55 00 00 11 FF F0 00 00 07 00 F7 D4 47 21 B3 8C 7D   // передача: 17 байт; 19:11:59:879 30.03.2018


00 00 07 00 F7 D4 47   // передача: 7 байт; 19:12:01:384 30.03.2018


55 00 00 11 FF F0 00 00 07 00 F7 D4 47 21 B3 8C 7D   // передача: 17 байт; 19:12:01:384 30.03.2018
// приЄм по таймауту: 5000 мс
// прин€то с сокета: 0 байт
// прин€то 9 байт (доступно 9 из 39 байт)   // 19:12:06:915 30.03.2018


00 00 08 00 F6 0C 45 DE   // передача: 8 байт; 19:12:09:711 30.03.2018


55 00 00 12 FF F0 00 00 08 00 F6 0C 45 DE 21 B3 05 B9   // передача: 18 байт; 19:12:09:712 30.03.2018


00 00 08 00 F6 01 84 1B   // передача: 8 байт; 19:12:11:279 30.03.2018


55 00 00 12 FF F0 00 00 08 00 F6 01 84 1B 21 B3 05 B9   // передача: 18 байт; 19:12:11:279 30.03.2018


00 00 08 00 F6 01 84 1B   // передача: 8 байт; 19:12:11:823 30.03.2018


55 00 00 12 FF F0 00 00 08 00 F6 01 84 1B 21 B3 05 B9   // передача: 18 байт; 19:12:11:823 30.03.2018


00 00 08 00 F6 0D 84 1E   // передача: 8 байт; 19:12:12:568 30.03.2018


55 00 00 12 FF F0 00 00 08 00 F6 0D 84 1E 21 B3 05 B9   // передача: 18 байт; 19:12:12:568 30.03.2018
// прин€то 39 байт (доступно 48 из 9 байт)   // 19:12:16:587 30.03.2018
// прин€то с сокета: 48 байт

01 00 09 00 F6 00 00 37 F3 01 00 27 00 F7 CF F0 EE E3 F0 E0 EC EC E0 20 3F 20 20 20 20 20 3E 5F 31 31 20 20 20 20 20 20 20 20 20 20 20 20 A3 6F   // прием: 48 байт; 19:12:16:588 30.03.2018
// таймаут: 4020 мсек

// приЄм по таймауту: 5000 мс
// прин€то с сокета: 0 байт
// прин€то 9 байт (доступно 9 из 9 байт)   // 19:12:22:287 30.03.2018
// прин€то с сокета: 9 байт

01 00 09 00 F6 00 00 37 F3   // прием: 9 байт; 19:12:22:287 30.03.2018
// таймаут: 9719 мсек



00 00 07 00 F7 D4 47   // передача: 7 байт; 19:12:22:288 30.03.2018


55 00 00 11 FF F0 00 00 07 00 F7 D4 47 21 B3 8C 7D   // передача: 17 байт; 19:12:22:288 30.03.2018
// приЄм по таймауту: 5000 мс
// прин€то с сокета: 0 байт


00 00 07 00 F7 D4 47   // передача: 7 байт; 19:12:28:583 30.03.2018


55 00 00 11 FF F0 00 00 07 00 F7 D4 47 21 B3 8C 7D   // передача: 17 байт; 19:12:28:584 30.03.2018



1A   // передача: 1 байт; 19:12:31:120 30.03.2018


00 00 07 00 F7 D4 47   // передача: 7 байт; 19:12:32:464 30.03.2018


55 00 00 11 FF F0 00 00 07 00 F7 D4 47 21 B3 8C 7D   // передача: 17 байт; 19:12:32:464 30.03.2018


00 00 08 00 F6 0C 45 DE   // передача: 8 байт; 19:12:35:416 30.03.2018


55 00 00 12 FF F0 00 00 08 00 F6 0C 45 DE 21 B3 05 B9   // передача: 18 байт; 19:12:35:416 30.03.2018
// приЄм по таймауту: 5000 мс
// прин€то с сокета: 0 байт
—обытие: Disconnecting.   // 19:12:46:031 30.03.2018
ќтсоединение   // 19:12:46:032 30.03.2018
—обытие: Disconnected.   // 19:12:46:034 30.03.2018
// прин€то 0 байт (доступно 0 из 9 байт)   // 19:12:46:036 30.03.2018
ќшибка при закрытии сокета: Thread Error: Ќеверный дескриптор (6)   // 19:12:46:037 30.03.2018

// ќ программе
