Событие: Connecting to 10.10.195.182.   // 20:00:12:297 30.03.2018
Событие: Connected.   // 20:00:16:107 30.03.2018
Установлено соединение c сокетом: 10.10.195.182:7777   // 20:00:16:107 30.03.2018


00 00 08 00 F6 0C 45 DE   // передача: 8 байт; 20:00:18:797 30.03.2018


55 00 00 12 FF F0 00 00 08 00 F6 0C 45 DE 21 B3 05 B9   // передача: 18 байт; 20:00:18:797 30.03.2018
// принято 9 байт (доступно 9 из 9 байт)   // 20:00:21:807 30.03.2018
// принято с сокета: 9 байт

01 00 09 00 F6 00 00 37 F3   // прием: 9 байт; 20:00:21:807 30.03.2018
// таймаут: 3010 мсек



00 00 07 00 F7 D4 47   // передача: 7 байт; 20:00:21:807 30.03.2018


55 00 00 11 FF F0 00 00 07 00 F7 D4 47 21 B3 8C 7D   // передача: 17 байт; 20:00:21:807 30.03.2018
// принято 39 байт (доступно 39 из 39 байт)   // 20:00:22:897 30.03.2018
// принято с сокета: 39 байт

01 00 27 00 F7 CF F0 EE E3 F0 E0 EC EC E0 20 3F 20 20 20 20 20 3D 5F 5F 5F 20 20 20 20 20 20 20 20 20 20 20 20 1B 1E   // прием: 39 байт; 20:00:22:897 30.03.2018
// таймаут: 1090 мсек

Программа ?     
=___            


00 00 08 00 F6 09 85 DD   // передача: 8 байт; 20:00:24:217 30.03.2018


55 00 00 12 FF F0 00 00 08 00 F6 09 85 DD 21 B3 05 B9   // передача: 18 байт; 20:00:24:217 30.03.2018
// принято 9 байт (доступно 9 из 9 байт)   // 20:00:27:437 30.03.2018
// принято с сокета: 9 байт

01 00 09 00 F6 00 00 37 F3   // прием: 9 байт; 20:00:27:437 30.03.2018
// таймаут: 3220 мсек



00 00 07 00 F7 D4 47   // передача: 7 байт; 20:00:27:447 30.03.2018


55 00 00 11 FF F0 00 00 07 00 F7 D4 47 21 B3 8C 7D   // передача: 17 байт; 20:00:27:447 30.03.2018


00 00 08 00 F6 08 44 1D   // передача: 8 байт; 20:00:27:927 30.03.2018


55 00 00 12 FF F0 00 00 08 00 F6 08 44 1D 21 B3 05 B9   // передача: 18 байт; 20:00:27:927 30.03.2018


00 00 07 00 F7 D4 47   // передача: 7 байт; 20:00:30:167 30.03.2018


55 00 00 11 FF F0 00 00 07 00 F7 D4 47 21 B3 8C 7D   // передача: 17 байт; 20:00:30:167 30.03.2018
// приём по таймауту: 5000 мс
// принято с сокета: 0 байт


00 00 07 00 F7 D4 47   // передача: 7 байт; 20:00:35:397 30.03.2018


55 00 00 11 FF F0 00 00 07 00 F7 D4 47 21 B3 8C 7D   // передача: 17 байт; 20:00:35:397 30.03.2018
// принято 39 байт (доступно 39 из 39 байт)   // 20:00:35:967 30.03.2018
// принято с сокета: 39 байт

01 00 27 00 F7 CF F0 EE E3 F0 E0 EC EC E0 20 3F 20 20 20 20 20 3D 5F 5F 39 20 20 20 20 20 20 20 20 20 20 20 20 93 78   // прием: 39 байт; 20:00:35:967 30.03.2018
// таймаут: 570 мсек

Программа ?     
=__9            


00 00 08 00 F6 08 44 1D   // передача: 8 байт; 20:00:39:147 30.03.2018


55 00 00 12 FF F0 00 00 08 00 F6 08 44 1D 21 B3 05 B9   // передача: 18 байт; 20:00:39:147 30.03.2018
// принято 9 байт (доступно 9 из 9 байт)   // 20:00:40:707 30.03.2018
// принято с сокета: 9 байт

01 00 09 00 F6 00 00 37 F3   // прием: 9 байт; 20:00:40:707 30.03.2018
// таймаут: 1560 мсек



00 00 07 00 F7 D4 47   // передача: 7 байт; 20:00:40:707 30.03.2018


55 00 00 11 FF F0 00 00 07 00 F7 D4 47 21 B3 8C 7D   // передача: 17 байт; 20:00:40:707 30.03.2018
// принято 39 байт (доступно 39 из 39 байт)   // 20:00:42:067 30.03.2018
// принято с сокета: 39 байт

01 00 27 00 F7 CF F0 EE E3 F0 E0 EC EC E0 20 3F 20 20 20 20 20 3D 5F 39 38 20 20 20 20 20 20 20 20 20 20 20 20 F7 9F   // прием: 39 байт; 20:00:42:067 30.03.2018
// таймаут: 1360 мсек

Программа ?     
=_98            
// принято 9 байт (доступно 9 из 0 байт)   // 20:00:42:687 30.03.2018
// принято с сокета: 9 байт

01 00 09 00 F6 00 00 37 F3   // прием: 9 байт; 20:00:42:687 30.03.2018
// таймаут: 1980 мсек



00 00 08 00 F6 0D 84 1E   // передача: 8 байт; 20:00:43:137 30.03.2018


55 00 00 12 FF F0 00 00 08 00 F6 0D 84 1E 21 B3 05 B9   // передача: 18 байт; 20:00:43:137 30.03.2018
// принято 9 байт (доступно 9 из 9 байт)   // 20:00:46:777 30.03.2018
// принято с сокета: 9 байт

01 00 09 00 F6 00 00 37 F3   // прием: 9 байт; 20:00:46:777 30.03.2018
// таймаут: 3640 мсек



00 00 07 00 F7 D4 47   // передача: 7 байт; 20:00:46:777 30.03.2018


55 00 00 11 FF F0 00 00 07 00 F7 D4 47 21 B3 8C 7D   // передача: 17 байт; 20:00:46:777 30.03.2018


00 00 08 00 F6 0D 84 1E   // передача: 8 байт; 20:00:49:947 30.03.2018


55 00 00 12 FF F0 00 00 08 00 F6 0D 84 1E 21 B3 05 B9   // передача: 18 байт; 20:00:49:947 30.03.2018
// принято 39 байт (доступно 39 из 9 байт)   // 20:00:50:517 30.03.2018
// принято с сокета: 39 байт

01 00 27 00 F7 CD E5 F2 3A 20 20 20 20 20 20 20 20 20 20 20 20 20 20 EF F0 EE E3 F0 E0 EC EC FB 20 39 38 38 20 DF 0A   // прием: 39 байт; 20:00:50:517 30.03.2018
// таймаут: 570 мсек

// принято 9 байт (доступно 9 из 9 байт)   // 20:00:55:297 30.03.2018
// принято с сокета: 9 байт

01 00 09 00 F6 00 00 37 F3   // прием: 9 байт; 20:00:55:297 30.03.2018
// таймаут: 5350 мсек



00 00 07 00 F7 D4 47   // передача: 7 байт; 20:00:55:297 30.03.2018


55 00 00 11 FF F0 00 00 07 00 F7 D4 47 21 B3 8C 7D   // передача: 17 байт; 20:00:55:307 30.03.2018


00 00 07 00 F7 D4 47   // передача: 7 байт; 20:00:58:407 30.03.2018


55 00 00 11 FF F0 00 00 07 00 F7 D4 47 21 B3 8C 7D   // передача: 17 байт; 20:00:58:407 30.03.2018
// принято 39 байт (доступно 39 из 39 байт)   // 20:00:59:727 30.03.2018
// принято с сокета: 39 байт

01 00 27 00 F7 CD E5 F2 3A 20 20 20 20 20 20 20 20 20 20 20 20 20 20 EF F0 EE E3 F0 E0 EC EC FB 20 39 38 38 20 DF 0A   // прием: 39 байт; 20:00:59:727 30.03.2018
// таймаут: 1320 мсек

Нет:            
  программы 988 
// принято 39 байт (доступно 39 из 0 байт)   // 20:01:03:517 30.03.2018
// принято с сокета: 39 байт

01 00 27 00 F7 CD E5 F2 3A 20 20 20 20 20 20 20 20 20 20 20 20 20 20 EF F0 EE E3 F0 E0 EC EC FB 20 39 38 38 20 DF 0A   // прием: 39 байт; 20:01:03:517 30.03.2018
// таймаут: 5110 мсек

// приём по таймауту: 5000 мс
// принято с сокета: 0 байт


00 00 08 00 F6 0C 45 DE   // передача: 8 байт; 20:01:18:727 30.03.2018


55 00 00 12 FF F0 00 00 08 00 F6 0C 45 DE 21 B3 05 B9   // передача: 18 байт; 20:01:18:727 30.03.2018


00 00 08 00 F6 09 85 DD   // передача: 8 байт; 20:01:19:987 30.03.2018


55 00 00 12 FF F0 00 00 08 00 F6 09 85 DD 21 B3 05 B9   // передача: 18 байт; 20:01:19:987 30.03.2018
// принято 9 байт (доступно 9 из 9 байт)   // 20:01:20:107 30.03.2018
// принято с сокета: 9 байт

01 00 09 00 F6 00 00 37 F3   // прием: 9 байт; 20:01:20:107 30.03.2018
// таймаут: 120 мсек



00 00 07 00 F7 D4 47   // передача: 7 байт; 20:01:20:107 30.03.2018


55 00 00 11 FF F0 00 00 07 00 F7 D4 47 21 B3 8C 7D   // передача: 17 байт; 20:01:20:107 30.03.2018
// принято 9 байт (доступно 9 из 39 байт)   // 20:01:20:597 30.03.2018


00 00 08 00 F6 08 44 1D   // передача: 8 байт; 20:01:21:087 30.03.2018


55 00 00 12 FF F0 00 00 08 00 F6 08 44 1D 21 B3 05 B9   // передача: 18 байт; 20:01:21:087 30.03.2018
// принято 39 байт (доступно 48 из 9 байт)   // 20:01:21:277 30.03.2018
// принято с сокета: 48 байт

01 00 09 00 F6 00 00 37 F3 01 00 27 00 F7 CF F0 EE E3 F0 E0 EC EC E0 20 3F 20 20 20 20 20 3D 5F 5F 39 20 20 20 20 20 20 20 20 20 20 20 20 93 78   // прием: 48 байт; 20:01:21:277 30.03.2018
// таймаут: 190 мсек

// принято 9 байт (доступно 9 из 9 байт)   // 20:01:21:767 30.03.2018
// принято с сокета: 9 байт

01 00 09 00 F6 00 00 37 F3   // прием: 9 байт; 20:01:21:767 30.03.2018
// таймаут: 680 мсек



00 00 07 00 F7 D4 47   // передача: 7 байт; 20:01:21:767 30.03.2018


55 00 00 11 FF F0 00 00 07 00 F7 D4 47 21 B3 8C 7D   // передача: 17 байт; 20:01:21:767 30.03.2018


00 00 08 00 F6 0D 84 1E   // передача: 8 байт; 20:01:21:877 30.03.2018


55 00 00 12 FF F0 00 00 08 00 F6 0D 84 1E 21 B3 05 B9   // передача: 18 байт; 20:01:21:877 30.03.2018
// принято 39 байт (доступно 39 из 9 байт)   // 20:01:22:297 30.03.2018
// принято с сокета: 39 байт

01 00 27 00 F7 CF F0 EE E3 F0 E0 EC EC E0 20 3F 20 20 20 20 20 3D 5F 39 38 20 20 20 20 20 20 20 20 20 20 20 20 F7 9F   // прием: 39 байт; 20:01:22:297 30.03.2018
// таймаут: 420 мсек

// принято 9 байт (доступно 9 из 9 байт)   // 20:01:22:757 30.03.2018
// принято с сокета: 9 байт

01 00 09 00 F6 00 00 37 F3   // прием: 9 байт; 20:01:22:757 30.03.2018
// таймаут: 880 мсек



00 00 07 00 F7 D4 47   // передача: 7 байт; 20:01:22:757 30.03.2018


55 00 00 11 FF F0 00 00 07 00 F7 D4 47 21 B3 8C 7D   // передача: 17 байт; 20:01:22:757 30.03.2018
// принято 39 байт (доступно 39 из 39 байт)   // 20:01:23:567 30.03.2018
// принято с сокета: 39 байт

01 00 27 00 F7 D2 E0 E9 EC E0 F3 F2 FB 20 20 20 20 20 20 20 20 20 20 20 20 20 20 20 20 38 00 EC F1 20 20 20 31 E2 34   // прием: 39 байт; 20:01:23:567 30.03.2018
// таймаут: 810 мсек

Таймауты        
        8 мс   1


00 00 08 00 F6 0D 84 1E   // передача: 8 байт; 20:01:54:288 30.03.2018


55 00 00 12 FF F0 00 00 08 00 F6 0D 84 1E 21 B3 05 B9   // передача: 18 байт; 20:01:54:288 30.03.2018
// принято 9 байт (доступно 9 из 9 байт)   // 20:01:55:908 30.03.2018
// принято с сокета: 9 байт

01 00 09 00 F6 00 00 37 F3   // прием: 9 байт; 20:01:55:908 30.03.2018
// таймаут: 1620 мсек



00 00 07 00 F7 D4 47   // передача: 7 байт; 20:01:55:908 30.03.2018


55 00 00 11 FF F0 00 00 07 00 F7 D4 47 21 B3 8C 7D   // передача: 17 байт; 20:01:55:908 30.03.2018
// принято 39 байт (доступно 39 из 39 байт)   // 20:01:56:478 30.03.2018
// принято с сокета: 39 байт

01 00 27 00 F7 D2 E0 E9 EC E0 F3 F2 FB 20 20 20 20 20 20 20 20 20 20 20 20 20 20 35 30 30 00 EC F1 20 20 20 32 7F D6   // прием: 39 байт; 20:01:56:478 30.03.2018
// таймаут: 570 мсек

Таймауты        
      500 мс   2


00 00 08 00 F6 06 C5 D9   // передача: 8 байт; 20:01:57:708 30.03.2018


55 00 00 12 FF F0 00 00 08 00 F6 06 C5 D9 21 B3 05 B9   // передача: 18 байт; 20:01:57:708 30.03.2018
// принято 9 байт (доступно 9 из 9 байт)   // 20:01:58:608 30.03.2018
// принято с сокета: 9 байт

01 00 09 00 F6 00 00 37 F3   // прием: 9 байт; 20:01:58:608 30.03.2018
// таймаут: 900 мсек



00 00 07 00 F7 D4 47   // передача: 7 байт; 20:01:58:608 30.03.2018


55 00 00 11 FF F0 00 00 07 00 F7 D4 47 21 B3 8C 7D   // передача: 17 байт; 20:01:58:608 30.03.2018


00 00 08 00 F6 00 45 DB   // передача: 8 байт; 20:01:59:098 30.03.2018


55 00 00 12 FF F0 00 00 08 00 F6 00 45 DB 21 B3 05 B9   // передача: 18 байт; 20:01:59:098 30.03.2018
// принято 39 байт (доступно 39 из 9 байт)   // 20:01:59:178 30.03.2018
// принято с сокета: 39 байт

01 00 27 00 F7 D2 E0 E9 EC E0 F3 F2 FB 20 20 20 20 20 20 20 20 20 20 20 5F 5F 5F 5F 5F 36 20 EC F1 20 20 00 32 69 13   // прием: 39 байт; 20:01:59:178 30.03.2018
// таймаут: 80 мсек

// принято 9 байт (доступно 9 из 9 байт)   // 20:01:59:648 30.03.2018
// принято с сокета: 9 байт

01 00 09 00 F6 00 00 37 F3   // прием: 9 байт; 20:01:59:658 30.03.2018
// таймаут: 560 мсек



00 00 07 00 F7 D4 47   // передача: 7 байт; 20:01:59:658 30.03.2018


55 00 00 11 FF F0 00 00 07 00 F7 D4 47 21 B3 8C 7D   // передача: 17 байт; 20:01:59:658 30.03.2018
// принято 39 байт (доступно 39 из 39 байт)   // 20:02:00:468 30.03.2018
// принято с сокета: 39 байт

01 00 27 00 F7 D2 E0 E9 EC E0 F3 F2 FB 20 20 20 20 20 20 20 20 20 20 20 5F 5F 5F 5F 36 30 20 EC F1 20 20 00 32 2B 6B   // прием: 39 байт; 20:02:00:468 30.03.2018
// таймаут: 810 мсек

Таймауты        
   ____60 мс   2


00 00 08 00 F6 00 45 DB   // передача: 8 байт; 20:02:01:298 30.03.2018


55 00 00 12 FF F0 00 00 08 00 F6 00 45 DB 21 B3 05 B9   // передача: 18 байт; 20:02:01:298 30.03.2018
// принято 9 байт (доступно 9 из 9 байт)   // 20:02:01:788 30.03.2018
// принято с сокета: 9 байт

01 00 09 00 F6 00 00 37 F3   // прием: 9 байт; 20:02:01:788 30.03.2018
// таймаут: 490 мсек



00 00 07 00 F7 D4 47   // передача: 7 байт; 20:02:01:788 30.03.2018


55 00 00 11 FF F0 00 00 07 00 F7 D4 47 21 B3 8C 7D   // передача: 17 байт; 20:02:01:788 30.03.2018
// принято 39 байт (доступно 39 из 39 байт)   // 20:02:02:378 30.03.2018
// принято с сокета: 39 байт

01 00 27 00 F7 D2 E0 E9 EC E0 F3 F2 FB 20 20 20 20 20 20 20 20 20 20 20 5F 5F 5F 36 30 30 20 EC F1 20 20 00 32 D3 5A   // прием: 39 байт; 20:02:02:378 30.03.2018
// таймаут: 590 мсек

Таймауты        
   ___600 мс   2


00 00 08 00 F6 00 45 DB   // передача: 8 байт; 20:02:02:968 30.03.2018


55 00 00 12 FF F0 00 00 08 00 F6 00 45 DB 21 B3 05 B9   // передача: 18 байт; 20:02:02:968 30.03.2018
// принято 9 байт (доступно 9 из 9 байт)   // 20:02:03:488 30.03.2018
// принято с сокета: 9 байт

01 00 09 00 F6 00 00 37 F3   // прием: 9 байт; 20:02:03:488 30.03.2018
// таймаут: 520 мсек



00 00 07 00 F7 D4 47   // передача: 7 байт; 20:02:03:498 30.03.2018


55 00 00 11 FF F0 00 00 07 00 F7 D4 47 21 B3 8C 7D   // передача: 17 байт; 20:02:03:498 30.03.2018
// принято 39 байт (доступно 39 из 39 байт)   // 20:02:04:058 30.03.2018
// принято с сокета: 39 байт

01 00 27 00 F7 D2 E0 E9 EC E0 F3 F2 FB 20 20 20 20 20 20 20 20 20 20 20 5F 5F 36 30 30 30 20 EC F1 20 20 00 32 E3 D8   // прием: 39 байт; 20:02:04:058 30.03.2018
// таймаут: 560 мсек

Таймауты        
   __6000 мс   2


00 00 08 00 F6 0D 84 1E   // передача: 8 байт; 20:02:05:448 30.03.2018


55 00 00 12 FF F0 00 00 08 00 F6 0D 84 1E 21 B3 05 B9   // передача: 18 байт; 20:02:05:448 30.03.2018
// принято 9 байт (доступно 9 из 9 байт)   // 20:02:06:208 30.03.2018
// принято с сокета: 9 байт

01 00 09 00 F6 00 00 37 F3   // прием: 9 байт; 20:02:06:208 30.03.2018
// таймаут: 760 мсек



00 00 07 00 F7 D4 47   // передача: 7 байт; 20:02:06:208 30.03.2018


55 00 00 11 FF F0 00 00 07 00 F7 D4 47 21 B3 8C 7D   // передача: 17 байт; 20:02:06:208 30.03.2018
// принято 39 байт (доступно 39 из 39 байт)   // 20:02:06:798 30.03.2018
// принято с сокета: 39 байт

01 00 27 00 F7 D2 E0 E9 EC E0 F3 F2 FB 20 20 20 20 20 20 20 20 20 20 20 20 20 20 34 30 30 00 EC F1 20 20 20 33 EF D3   // прием: 39 байт; 20:02:06:798 30.03.2018
// таймаут: 590 мсек

Таймауты        
      400 мс   3


00 00 08 00 F6 0D 84 1E   // передача: 8 байт; 20:02:07:368 30.03.2018


55 00 00 12 FF F0 00 00 08 00 F6 0D 84 1E 21 B3 05 B9   // передача: 18 байт; 20:02:07:368 30.03.2018
// принято 9 байт (доступно 9 из 9 байт)   // 20:02:07:808 30.03.2018
// принято с сокета: 9 байт

01 00 09 00 F6 00 00 37 F3   // прием: 9 байт; 20:02:07:808 30.03.2018
// таймаут: 440 мсек



00 00 07 00 F7 D4 47   // передача: 7 байт; 20:02:07:818 30.03.2018


55 00 00 11 FF F0 00 00 07 00 F7 D4 47 21 B3 8C 7D   // передача: 17 байт; 20:02:07:818 30.03.2018
// принято 39 байт (доступно 39 из 39 байт)   // 20:02:08:328 30.03.2018
// принято с сокета: 39 байт

01 00 27 00 F7 D2 E0 E9 EC E0 F3 F2 FB 20 20 20 20 20 20 20 20 20 20 20 20 20 20 34 30 32 00 EC F1 20 20 20 34 2F C8   // прием: 39 байт; 20:02:08:338 30.03.2018
// таймаут: 520 мсек

Таймауты        
      402 мс   4


00 00 08 00 F6 0D 84 1E   // передача: 8 байт; 20:02:08:848 30.03.2018


55 00 00 12 FF F0 00 00 08 00 F6 0D 84 1E 21 B3 05 B9   // передача: 18 байт; 20:02:08:848 30.03.2018
// принято 9 байт (доступно 9 из 9 байт)   // 20:02:09:288 30.03.2018
// принято с сокета: 9 байт

01 00 09 00 F6 00 00 37 F3   // прием: 9 байт; 20:02:09:288 30.03.2018
// таймаут: 440 мсек



00 00 07 00 F7 D4 47   // передача: 7 байт; 20:02:09:288 30.03.2018


55 00 00 11 FF F0 00 00 07 00 F7 D4 47 21 B3 8C 7D   // передача: 17 байт; 20:02:09:288 30.03.2018
// принято 39 байт (доступно 39 из 39 байт)   // 20:02:09:818 30.03.2018
// принято с сокета: 39 байт

01 00 27 00 F7 D2 E0 E9 EC E0 F3 F2 FB 20 20 20 20 20 20 20 20 20 20 20 20 20 20 20 20 38 00 EC F1 20 20 20 31 E2 34   // прием: 39 байт; 20:02:09:818 30.03.2018
// таймаут: 530 мсек

Таймауты        
        8 мс   1


00 00 08 00 F6 0D 84 1E   // передача: 8 байт; 20:02:10:308 30.03.2018


55 00 00 12 FF F0 00 00 08 00 F6 0D 84 1E 21 B3 05 B9   // передача: 18 байт; 20:02:10:308 30.03.2018
// принято 9 байт (доступно 9 из 9 байт)   // 20:02:10:748 30.03.2018
// принято с сокета: 9 байт

01 00 09 00 F6 00 00 37 F3   // прием: 9 байт; 20:02:10:748 30.03.2018
// таймаут: 440 мсек



00 00 07 00 F7 D4 47   // передача: 7 байт; 20:02:10:758 30.03.2018


55 00 00 11 FF F0 00 00 07 00 F7 D4 47 21 B3 8C 7D   // передача: 17 байт; 20:02:10:758 30.03.2018
// принято 39 байт (доступно 39 из 39 байт)   // 20:02:11:268 30.03.2018
// принято с сокета: 39 байт

01 00 27 00 F7 D2 E0 E9 EC E0 F3 F2 FB 20 20 20 20 20 20 20 20 20 20 20 20 20 36 30 30 30 00 EC F1 20 20 20 32 25 8E   // прием: 39 байт; 20:02:11:268 30.03.2018
// таймаут: 510 мсек

Таймауты        
     6000 мс   2


00 00 08 00 F6 0C 45 DE   // передача: 8 байт; 20:02:13:578 30.03.2018


55 00 00 12 FF F0 00 00 08 00 F6 0C 45 DE 21 B3 05 B9   // передача: 18 байт; 20:02:13:578 30.03.2018
// принято 9 байт (доступно 9 из 9 байт)   // 20:02:14:308 30.03.2018
// принято с сокета: 9 байт

01 00 09 00 F6 00 00 37 F3   // прием: 9 байт; 20:02:14:308 30.03.2018
// таймаут: 730 мсек



00 00 07 00 F7 D4 47   // передача: 7 байт; 20:02:14:308 30.03.2018


55 00 00 11 FF F0 00 00 07 00 F7 D4 47 21 B3 8C 7D   // передача: 17 байт; 20:02:14:308 30.03.2018
// принято 39 байт (доступно 39 из 39 байт)   // 20:02:14:838 30.03.2018
// принято с сокета: 39 байт

01 00 27 00 F7 CF F0 EE E3 F0 E0 EC EC E0 20 3F 20 20 20 20 20 3D 5F 5F 5F 20 20 20 20 20 20 20 20 20 20 20 20 1B 1E   // прием: 39 байт; 20:02:14:838 30.03.2018
// таймаут: 530 мсек

Программа ?     
=___            


00 00 08 00 F6 01 84 1B   // передача: 8 байт; 20:02:16:078 30.03.2018


55 00 00 12 FF F0 00 00 08 00 F6 01 84 1B 21 B3 05 B9   // передача: 18 байт; 20:02:16:078 30.03.2018
// принято 9 байт (доступно 9 из 9 байт)   // 20:02:16:808 30.03.2018
// принято с сокета: 9 байт

01 00 09 00 F6 00 00 37 F3   // прием: 9 байт; 20:02:16:808 30.03.2018
// таймаут: 730 мсек



00 00 07 00 F7 D4 47   // передача: 7 байт; 20:02:16:818 30.03.2018


55 00 00 11 FF F0 00 00 07 00 F7 D4 47 21 B3 8C 7D   // передача: 17 байт; 20:02:16:818 30.03.2018
// принято 39 байт (доступно 39 из 39 байт)   // 20:02:17:328 30.03.2018
// принято с сокета: 39 байт

01 00 27 00 F7 CF F0 EE E3 F0 E0 EC EC E0 20 3F 20 20 20 20 20 3D 5F 5F 31 20 20 20 20 20 20 20 20 20 20 20 20 8C 30   // прием: 39 байт; 20:02:17:338 30.03.2018
// таймаут: 520 мсек

Программа ?     
=__1            


00 00 08 00 F6 05 85 D8   // передача: 8 байт; 20:02:17:948 30.03.2018


55 00 00 12 FF F0 00 00 08 00 F6 05 85 D8 21 B3 05 B9   // передача: 18 байт; 20:02:17:948 30.03.2018
// принято 9 байт (доступно 9 из 9 байт)   // 20:02:18:388 30.03.2018
// принято с сокета: 9 байт

01 00 09 00 F6 00 00 37 F3   // прием: 9 байт; 20:02:18:388 30.03.2018
// таймаут: 440 мсек



00 00 07 00 F7 D4 47   // передача: 7 байт; 20:02:18:388 30.03.2018


55 00 00 11 FF F0 00 00 07 00 F7 D4 47 21 B3 8C 7D   // передача: 17 байт; 20:02:18:388 30.03.2018
// принято 39 байт (доступно 39 из 39 байт)   // 20:02:18:918 30.03.2018
// принято с сокета: 39 байт

01 00 27 00 F7 CF F0 EE E3 F0 E0 EC EC E0 20 3F 20 20 20 20 20 3D 5F 31 35 20 20 20 20 20 20 20 20 20 20 20 20 ED 1A   // прием: 39 байт; 20:02:18:918 30.03.2018
// таймаут: 530 мсек

Программа ?     
=_15            


00 00 08 00 F6 0D 84 1E   // передача: 8 байт; 20:02:19:488 30.03.2018


55 00 00 12 FF F0 00 00 08 00 F6 0D 84 1E 21 B3 05 B9   // передача: 18 байт; 20:02:19:488 30.03.2018
// принято 9 байт (доступно 9 из 9 байт)   // 20:02:19:928 30.03.2018
// принято с сокета: 9 байт

01 00 09 00 F6 00 00 37 F3   // прием: 9 байт; 20:02:19:928 30.03.2018
// таймаут: 440 мсек



00 00 07 00 F7 D4 47   // передача: 7 байт; 20:02:19:938 30.03.2018


55 00 00 11 FF F0 00 00 07 00 F7 D4 47 21 B3 8C 7D   // передача: 17 байт; 20:02:19:938 30.03.2018
// принято 39 байт (доступно 39 из 39 байт)   // 20:02:20:758 30.03.2018
// принято с сокета: 39 байт

01 00 27 00 F7 D0 E0 E1 EE F2 E0 20 20 20 20 20 20 20 20 20 20 20 20 20 20 20 20 20 CE CA 20 20 20 20 20 20 20 DE 07   // прием: 39 байт; 20:02:20:758 30.03.2018
// таймаут: 820 мсек

Работа          
       ОК       
Событие: Disconnecting.   // 20:02:22:128 30.03.2018
Отсоединение   // 20:02:22:128 30.03.2018
Событие: Disconnected.   // 20:02:22:138 30.03.2018
Ошибка при закрытии сокета: Thread Error: Неверный дескриптор (6)   // 20:02:22:138 30.03.2018

// О программе
