Событие: Connecting to 128.65.41.5.   // 19:25:32:377 17.01.2022
Событие: Connected.   // 19:25:32:814 17.01.2022
Установлено соединение c сокетом: 128.65.41.5:2305   // 19:25:32:814 17.01.2022
Чтение коэффициентов


00 00 07 00 1E 15 C9   // передача: 7 байт; 19:25:35:617 17.01.2022


55 00 00 11 FF F0 00 00 07 00 1E 15 C9 21 B3 8C 7D   // передача: 17 байт; 19:25:35:617 17.01.2022
// принято 263 байт (доступно 263 из 263 байт)   // 19:25:37:353 17.01.2022
// принято с сокета: 263 байт

01 00 07 01 1E 43 96 00 00 43 96 00 00 43 96 00 00 43 96 00 00 43 96 00 00 43 96 00 00 43 96 00 00 43 96 00 00 3F 80 00 00 3F 80 00 00 3F 80 00 00 3F 80 00 00 3F 80 00 00 3F 80 00 00 3F 80 00 00 3F 80 00 00 3F 80 00 00 3F 80 00 00 3F 80 00 00 3F 80 00 00 3F 80 00 00 3F 80 00 00 3F 80 00 00 3F 80 00 00 3F 80 00 00 3F 80 00 00 3F 80 00 00 3F 80 00 00 3F 80 00 00 3F 80 00 00 3F 80 00 00 3F 80 00 00 3F 80 00 00 3F 80 00 00 3F 80 00 00 3F 80 00 00 3F 80 00 00 3F 80 00 00 3F 80 00 00 3F 80 00 00 3F 80 00 00 3F 80 00 00 3F 80 00 00 3F 80 00 00 3F 80 00 00 3F 80 00 00 3F 80 00 00 3F 80 00 00 3F 80 00 00 3F 80 00 00 3F 80 00 00 3F 80 00 00 3F 80 00 00 3F 80 00 00 3F 80 00 00 3F 80 00 00 3F 80 00 00 3F 80 00 00 3F 80 00 00 3F 80 00 00 3F 80 00 00 3F 80 00 00 3F 80 00 00 3F 80 00 00 2A 1B   // прием: 263 байт; 19:25:37:353 17.01.2022
// таймаут: 1736 мсек

1   : 300,000
2   : 300,000
3   : 300,000
4   : 300,000
5   : 300,000
6   : 300,000
7   : 300,000
8   : 300,000
9   : 1,000
10  : 1,000
11  : 1,000
12  : 1,000
13  : 1,000
14  : 1,000
15  : 1,000
16  : 1,000
17  : 1,000
18  : 1,000
19  : 1,000
20  : 1,000
21  : 1,000
22  : 1,000
23  : 1,000
24  : 1,000
25  : 1,000
26  : 1,000
27  : 1,000
28  : 1,000
29  : 1,000
30  : 1,000
31  : 1,000
32  : 1,000
33  : 1,000
34  : 1,000
35  : 1,000
36  : 1,000
37  : 1,000
38  : 1,000
39  : 1,000
40  : 1,000
41  : 1,000
42  : 1,000
43  : 1,000
44  : 1,000
45  : 1,000
46  : 1,000
47  : 1,000
48  : 1,000
49  : 1,000
50  : 1,000
51  : 1,000
52  : 1,000
53  : 1,000
54  : 1,000
55  : 1,000
56  : 1,000
57  : 1,000
58  : 1,000
59  : 1,000
60  : 1,000
61  : 1,000
62  : 1,000
63  : 1,000
64  : 1,000
Чтение коэффициентов: 20 %


00 00 07 00 22 15 D8   // передача: 7 байт; 19:25:37:368 17.01.2022


55 00 00 11 FF F0 00 00 07 00 22 15 D8 21 B3 8C 7D   // передача: 17 байт; 19:25:37:368 17.01.2022
// принято 263 байт (доступно 263 из 263 байт)   // 19:25:37:852 17.01.2022
// принято с сокета: 263 байт

01 00 07 01 22 45 9C 40 00 45 9C 40 00 45 9C 40 00 45 9C 40 00 45 9C 40 00 45 9C 40 00 45 9C 40 00 45 9C 40 00 45 9C 40 00 45 9C 40 00 45 9C 40 00 45 9C 40 00 46 1C 40 00 46 1C 40 00 46 1C 40 00 46 1C 40 00 3F 80 00 00 3F 80 00 00 3F 80 00 00 3F 80 00 00 3F 80 00 00 3F 80 00 00 3F 80 00 00 3F 80 00 00 3F 80 00 00 3F 80 00 00 3F 80 00 00 3F 80 00 00 3F 80 00 00 3F 80 00 00 3F 80 00 00 3F 80 00 00 3F 80 00 00 3F 80 00 00 3F 80 00 00 3F 80 00 00 3F 80 00 00 3F 80 00 00 3F 80 00 00 3F 80 00 00 3F 80 00 00 3F 80 00 00 3F 80 00 00 3F 80 00 00 3F 80 00 00 3F 80 00 00 3F 80 00 00 3F 80 00 00 3F 80 00 00 3F 80 00 00 3F 80 00 00 3F 80 00 00 3F 80 00 00 3F 80 00 00 3F 80 00 00 3F 80 00 00 3F 80 00 00 3F 80 00 00 3F 80 00 00 3F 80 00 00 3F 80 00 00 3F 80 00 00 3F 80 00 00 3F 80 00 00 9D 99   // прием: 263 байт; 19:25:37:852 17.01.2022
// таймаут: 484 мсек

1   : 5000,000
2   : 5000,000
3   : 5000,000
4   : 5000,000
5   : 5000,000
6   : 5000,000
7   : 5000,000
8   : 5000,000
9   : 5000,000
10  : 5000,000
11  : 5000,000
12  : 5000,000
13  : 10000,000
14  : 10000,000
15  : 10000,000
16  : 10000,000
17  : 1,000
18  : 1,000
19  : 1,000
20  : 1,000
21  : 1,000
22  : 1,000
23  : 1,000
24  : 1,000
25  : 1,000
26  : 1,000
27  : 1,000
28  : 1,000
29  : 1,000
30  : 1,000
31  : 1,000
32  : 1,000
33  : 1,000
34  : 1,000
35  : 1,000
36  : 1,000
37  : 1,000
38  : 1,000
39  : 1,000
40  : 1,000
41  : 1,000
42  : 1,000
43  : 1,000
44  : 1,000
45  : 1,000
46  : 1,000
47  : 1,000
48  : 1,000
49  : 1,000
50  : 1,000
51  : 1,000
52  : 1,000
53  : 1,000
54  : 1,000
55  : 1,000
56  : 1,000
57  : 1,000
58  : 1,000
59  : 1,000
60  : 1,000
61  : 1,000
62  : 1,000
63  : 1,000
64  : 1,000
Чтение коэффициентов: 40 %


00 00 07 00 28 95 DF   // передача: 7 байт; 19:25:37:852 17.01.2022


55 00 00 11 FF F0 00 00 07 00 28 95 DF 21 B3 8C 7D   // передача: 17 байт; 19:25:37:852 17.01.2022
// принято 263 байт (доступно 263 из 263 байт)   // 19:25:38:430 17.01.2022
// принято с сокета: 263 байт

01 00 07 01 28 00 00 00 00 00 00 00 00 00 00 00 00 00 00 00 00 00 00 00 00 00 00 00 00 00 00 00 00 00 00 00 00 00 00 00 00 00 00 00 00 00 00 00 00 00 00 00 00 00 00 00 00 00 00 00 00 00 00 00 00 00 00 00 00 00 00 00 00 00 00 00 00 00 00 00 00 00 00 00 00 00 00 00 00 00 00 00 00 00 00 00 00 00 00 00 00 00 00 00 00 00 00 00 00 00 00 00 00 00 00 00 00 00 00 00 00 00 00 00 00 00 00 00 00 00 00 00 00 00 00 00 00 00 00 00 00 00 00 00 00 00 00 00 00 00 00 00 00 00 00 00 00 00 00 00 00 00 00 00 00 00 00 00 00 00 00 00 00 00 00 00 00 00 00 00 00 00 00 00 00 00 00 00 00 00 00 00 00 00 00 00 00 00 00 00 00 00 00 00 00 00 00 00 00 00 00 00 00 00 00 00 00 00 00 00 00 00 00 00 00 00 00 00 00 00 00 00 00 00 00 00 00 00 00 00 00 00 00 00 00 00 00 00 00 00 00 00 00 00 00 00 00 00 00 00 00 5E C9   // прием: 263 байт; 19:25:38:430 17.01.2022
// таймаут: 578 мсек

1   : 0,000
2   : 0,000
3   : 0,000
4   : 0,000
5   : 0,000
6   : 0,000
7   : 0,000
8   : 0,000
9   : 0,000
10  : 0,000
11  : 0,000
12  : 0,000
13  : 0,000
14  : 0,000
15  : 0,000
16  : 0,000
17  : 0,000
18  : 0,000
19  : 0,000
20  : 0,000
21  : 0,000
22  : 0,000
23  : 0,000
24  : 0,000
25  : 0,000
26  : 0,000
27  : 0,000
28  : 0,000
29  : 0,000
30  : 0,000
31  : 0,000
32  : 0,000
33  : 0,000
34  : 0,000
35  : 0,000
36  : 0,000
37  : 0,000
38  : 0,000
39  : 0,000
40  : 0,000
41  : 0,000
42  : 0,000
43  : 0,000
44  : 0,000
45  : 0,000
46  : 0,000
47  : 0,000
48  : 0,000
49  : 0,000
50  : 0,000
51  : 0,000
52  : 0,000
53  : 0,000
54  : 0,000
55  : 0,000
56  : 0,000
57  : 0,000
58  : 0,000
59  : 0,000
60  : 0,000
61  : 0,000
62  : 0,000
63  : 0,000
64  : 0,000
Чтение коэффициентов: 60 %


00 00 07 00 26 14 1B   // передача: 7 байт; 19:25:38:430 17.01.2022


55 00 00 11 FF F0 00 00 07 00 26 14 1B 21 B3 8C 7D   // передача: 17 байт; 19:25:38:430 17.01.2022
// принято 263 байт (доступно 263 из 263 байт)   // 19:25:38:993 17.01.2022
// принято с сокета: 263 байт

01 00 07 01 26 00 00 00 00 00 00 00 00 00 00 00 00 00 00 00 00 00 00 00 00 00 00 00 00 00 00 00 00 00 00 00 00 00 00 00 00 00 00 00 00 00 00 00 00 00 00 00 00 00 00 00 00 00 00 00 00 00 00 00 00 00 00 00 00 00 00 00 00 00 00 00 00 00 00 00 00 00 00 00 00 00 00 00 00 00 00 00 00 00 00 00 00 00 00 00 00 00 00 00 00 00 00 00 00 00 00 00 00 00 00 00 00 00 00 00 00 00 00 00 00 00 00 00 00 00 00 00 00 00 00 00 00 00 00 00 00 00 00 00 00 00 00 00 00 00 00 00 00 00 00 00 00 00 00 00 00 00 00 00 00 00 00 00 00 00 00 00 00 00 00 00 00 00 00 00 00 00 00 00 00 00 00 00 00 00 00 00 00 00 00 00 00 00 00 00 00 00 00 00 00 00 00 00 00 00 00 00 00 00 00 00 00 00 00 00 00 00 00 00 00 00 00 00 00 00 00 00 00 00 00 00 00 00 00 00 00 00 00 00 00 00 00 00 00 00 00 00 00 00 00 00 00 00 00 00 00 32 A8   // прием: 263 байт; 19:25:38:993 17.01.2022
// таймаут: 563 мсек

1   : 0,000
2   : 0,000
3   : 0,000
4   : 0,000
5   : 0,000
6   : 0,000
7   : 0,000
8   : 0,000
9   : 0,000
10  : 0,000
11  : 0,000
12  : 0,000
13  : 0,000
14  : 0,000
15  : 0,000
16  : 0,000
17  : 0,000
18  : 0,000
19  : 0,000
20  : 0,000
21  : 0,000
22  : 0,000
23  : 0,000
24  : 0,000
25  : 0,000
26  : 0,000
27  : 0,000
28  : 0,000
29  : 0,000
30  : 0,000
31  : 0,000
32  : 0,000
33  : 0,000
34  : 0,000
35  : 0,000
36  : 0,000
37  : 0,000
38  : 0,000
39  : 0,000
40  : 0,000
41  : 0,000
42  : 0,000
43  : 0,000
44  : 0,000
45  : 0,000
46  : 0,000
47  : 0,000
48  : 0,000
49  : 0,000
50  : 0,000
51  : 0,000
52  : 0,000
53  : 0,000
54  : 0,000
55  : 0,000
56  : 0,000
57  : 0,000
58  : 0,000
59  : 0,000
60  : 0,000
61  : 0,000
62  : 0,000
63  : 0,000
64  : 0,000
Чтение коэффициентов: 80 %


00 00 08 00 2A 00 1D 1B   // передача: 8 байт; 19:25:38:993 17.01.2022


55 00 00 12 FF F0 00 00 08 00 2A 00 1D 1B 21 B3 05 B9   // передача: 18 байт; 19:25:38:993 17.01.2022
// принято 12 байт (доступно 12 из 12 байт)   // 19:25:39:336 17.01.2022
// принято с сокета: 12 байт

01 00 0C 00 2A 03 00 1C 04 00 A1 5B   // прием: 12 байт; 19:25:39:336 17.01.2022
// таймаут: 343 мсек

1   : 04.00.028.04.01
Чтение коэффициентов: 80 %


00 00 08 00 2A 01 DC DB   // передача: 8 байт; 19:25:39:336 17.01.2022


55 00 00 12 FF F0 00 00 08 00 2A 01 DC DB 21 B3 05 B9   // передача: 18 байт; 19:25:39:336 17.01.2022
// принято 12 байт (доступно 12 из 12 байт)   // 19:25:39:679 17.01.2022
// принято с сокета: 12 байт

01 00 0C 00 2A 03 00 1C 04 01 60 9B   // прием: 12 байт; 19:25:39:679 17.01.2022
// таймаут: 343 мсек

2   : 04.00.028.04.02
Чтение коэффициентов: 80 %


00 00 08 00 2A 02 9C DA   // передача: 8 байт; 19:25:39:679 17.01.2022


55 00 00 12 FF F0 00 00 08 00 2A 02 9C DA 21 B3 05 B9   // передача: 18 байт; 19:25:39:679 17.01.2022
// принято 12 байт (доступно 12 из 12 байт)   // 19:25:40:024 17.01.2022
// принято с сокета: 12 байт

01 00 0C 00 2A 03 00 1C 04 02 20 9A   // прием: 12 байт; 19:25:40:024 17.01.2022
// таймаут: 345 мсек

3   : 04.00.028.04.03
Чтение коэффициентов: 80 %


00 00 08 00 2A 03 5D 1A   // передача: 8 байт; 19:25:40:024 17.01.2022


55 00 00 12 FF F0 00 00 08 00 2A 03 5D 1A 21 B3 05 B9   // передача: 18 байт; 19:25:40:024 17.01.2022
// принято 12 байт (доступно 12 из 12 байт)   // 19:25:40:383 17.01.2022
// принято с сокета: 12 байт

01 00 0C 00 2A 03 00 1C 04 03 E1 5A   // прием: 12 байт; 19:25:40:383 17.01.2022
// таймаут: 359 мсек

4   : 04.00.028.04.04
Чтение коэффициентов: 81 %


00 00 08 00 2A 04 1C D8   // передача: 8 байт; 19:25:40:383 17.01.2022


55 00 00 12 FF F0 00 00 08 00 2A 04 1C D8 21 B3 05 B9   // передача: 18 байт; 19:25:40:383 17.01.2022
// принято 12 байт (доступно 12 из 12 байт)   // 19:25:40:711 17.01.2022
// принято с сокета: 12 байт

01 00 0C 00 2A 03 00 1C 03 00 A3 6B   // прием: 12 байт; 19:25:40:711 17.01.2022
// таймаут: 328 мсек

5   : 04.00.028.03.01
Чтение коэффициентов: 81 %


00 00 08 00 2A 05 DD 18   // передача: 8 байт; 19:25:40:726 17.01.2022


55 00 00 12 FF F0 00 00 08 00 2A 05 DD 18 21 B3 05 B9   // передача: 18 байт; 19:25:40:726 17.01.2022
// принято 12 байт (доступно 12 из 12 байт)   // 19:25:41:054 17.01.2022
// принято с сокета: 12 байт

01 00 0C 00 2A 03 00 1C 03 01 62 AB   // прием: 12 байт; 19:25:41:054 17.01.2022
// таймаут: 328 мсек

6   : 04.00.028.03.02
Чтение коэффициентов: 81 %


00 00 08 00 2A 06 9D 19   // передача: 8 байт; 19:25:41:054 17.01.2022


55 00 00 12 FF F0 00 00 08 00 2A 06 9D 19 21 B3 05 B9   // передача: 18 байт; 19:25:41:070 17.01.2022
// принято 12 байт (доступно 12 из 12 байт)   // 19:25:41:416 17.01.2022
// принято с сокета: 12 байт

01 00 0C 00 2A 03 00 1C 03 02 22 AA   // прием: 12 байт; 19:25:41:416 17.01.2022
// таймаут: 346 мсек

7   : 04.00.028.03.03
Чтение коэффициентов: 82 %


00 00 08 00 2A 07 5C D9   // передача: 8 байт; 19:25:41:416 17.01.2022


55 00 00 12 FF F0 00 00 08 00 2A 07 5C D9 21 B3 05 B9   // передача: 18 байт; 19:25:41:416 17.01.2022
// принято 12 байт (доступно 12 из 12 байт)   // 19:25:41:775 17.01.2022
// принято с сокета: 12 байт

01 00 0C 00 2A 03 00 1C 03 03 E3 6A   // прием: 12 байт; 19:25:41:775 17.01.2022
// таймаут: 359 мсек

8   : 04.00.028.03.04
Чтение коэффициентов: 82 %


00 00 08 00 2A 08 1C DD   // передача: 8 байт; 19:25:41:775 17.01.2022


55 00 00 12 FF F0 00 00 08 00 2A 08 1C DD 21 B3 05 B9   // передача: 18 байт; 19:25:41:775 17.01.2022
// принято 12 байт (доступно 12 из 12 байт)   // 19:25:42:102 17.01.2022
// принято с сокета: 12 байт

01 00 0C 00 2A 03 00 1C 01 00 A2 0B   // прием: 12 байт; 19:25:42:102 17.01.2022
// таймаут: 327 мсек

9   : 04.00.028.01.01
Чтение коэффициентов: 82 %


00 00 08 00 2A 09 DD 1D   // передача: 8 байт; 19:25:42:102 17.01.2022


55 00 00 12 FF F0 00 00 08 00 2A 09 DD 1D 21 B3 05 B9   // передача: 18 байт; 19:25:42:102 17.01.2022
// принято 12 байт (доступно 12 из 12 байт)   // 19:25:42:462 17.01.2022
// принято с сокета: 12 байт

01 00 0C 00 2A 03 00 1C 01 01 63 CB   // прием: 12 байт; 19:25:42:462 17.01.2022
// таймаут: 360 мсек

10  : 04.00.028.01.02
Чтение коэффициентов: 83 %


00 00 08 00 2A 0A 9D 1C   // передача: 8 байт; 19:25:42:462 17.01.2022


55 00 00 12 FF F0 00 00 08 00 2A 0A 9D 1C 21 B3 05 B9   // передача: 18 байт; 19:25:42:462 17.01.2022
// принято 12 байт (доступно 12 из 12 байт)   // 19:25:42:822 17.01.2022
// принято с сокета: 12 байт

01 00 0C 00 2A 03 00 1C 01 02 23 CA   // прием: 12 байт; 19:25:42:822 17.01.2022
// таймаут: 360 мсек

11  : 04.00.028.01.03
Чтение коэффициентов: 83 %


00 00 08 00 2A 0B 5C DC   // передача: 8 байт; 19:25:42:822 17.01.2022


55 00 00 12 FF F0 00 00 08 00 2A 0B 5C DC 21 B3 05 B9   // передача: 18 байт; 19:25:42:822 17.01.2022
// принято 12 байт (доступно 12 из 12 байт)   // 19:25:43:149 17.01.2022
// принято с сокета: 12 байт

01 00 0C 00 2A 03 00 1C 01 03 E2 0A   // прием: 12 байт; 19:25:43:149 17.01.2022
// таймаут: 327 мсек

12  : 04.00.028.01.04
Чтение коэффициентов: 83 %


00 00 08 00 2A 0C 1D 1E   // передача: 8 байт; 19:25:43:149 17.01.2022


55 00 00 12 FF F0 00 00 08 00 2A 0C 1D 1E 21 B3 05 B9   // передача: 18 байт; 19:25:43:149 17.01.2022
// принято 12 байт (доступно 12 из 12 байт)   // 19:25:43:493 17.01.2022
// принято с сокета: 12 байт

01 00 0C 00 2A 02 00 27 02 00 EE F6   // прием: 12 байт; 19:25:43:493 17.01.2022
// таймаут: 344 мсек

13  : 03.00.039.02.01
Чтение коэффициентов: 84 %


00 00 08 00 2A 0D DC DE   // передача: 8 байт; 19:25:43:493 17.01.2022


55 00 00 12 FF F0 00 00 08 00 2A 0D DC DE 21 B3 05 B9   // передача: 18 байт; 19:25:43:493 17.01.2022
// принято 12 байт (доступно 12 из 12 байт)   // 19:25:43:852 17.01.2022
// принято с сокета: 12 байт

01 00 0C 00 2A 02 00 27 02 01 2F 36   // прием: 12 байт; 19:25:43:852 17.01.2022
// таймаут: 359 мсек

14  : 03.00.039.02.02
Чтение коэффициентов: 84 %


00 00 08 00 2A 0E 9C DF   // передача: 8 байт; 19:25:43:852 17.01.2022


55 00 00 12 FF F0 00 00 08 00 2A 0E 9C DF 21 B3 05 B9   // передача: 18 байт; 19:25:43:852 17.01.2022
// принято 12 байт (доступно 12 из 12 байт)   // 19:25:44:181 17.01.2022
// принято с сокета: 12 байт

01 00 0C 00 2A 02 00 27 02 02 6F 37   // прием: 12 байт; 19:25:44:181 17.01.2022
// таймаут: 329 мсек

15  : 03.00.039.02.03
Чтение коэффициентов: 84 %


00 00 08 00 2A 0F 5D 1F   // передача: 8 байт; 19:25:44:197 17.01.2022


55 00 00 12 FF F0 00 00 08 00 2A 0F 5D 1F 21 B3 05 B9   // передача: 18 байт; 19:25:44:197 17.01.2022
// принято 12 байт (доступно 12 из 12 байт)   // 19:25:44:555 17.01.2022
// принято с сокета: 12 байт

01 00 0C 00 2A 02 00 27 02 03 AE F7   // прием: 12 байт; 19:25:44:555 17.01.2022
// таймаут: 358 мсек

16  : 03.00.039.02.04
Чтение коэффициентов: 84 %


00 00 08 00 2A 10 1C D7   // передача: 8 байт; 19:25:44:555 17.01.2022


55 00 00 12 FF F0 00 00 08 00 2A 10 1C D7 21 B3 05 B9   // передача: 18 байт; 19:25:44:555 17.01.2022
// принято 12 байт (доступно 12 из 12 байт)   // 19:25:44:883 17.01.2022
// принято с сокета: 12 байт

01 00 0C 00 2A 00 00 00 00 00 26 5D   // прием: 12 байт; 19:25:44:883 17.01.2022
// таймаут: 328 мсек

17  : 01.00.000.00.01
Чтение коэффициентов: 85 %


00 00 08 00 2A 11 DD 17   // передача: 8 байт; 19:25:44:883 17.01.2022


55 00 00 12 FF F0 00 00 08 00 2A 11 DD 17 21 B3 05 B9   // передача: 18 байт; 19:25:44:883 17.01.2022
// принято 12 байт (доступно 12 из 12 байт)   // 19:25:45:227 17.01.2022
// принято с сокета: 12 байт

01 00 0C 00 2A 00 00 00 00 00 26 5D   // прием: 12 байт; 19:25:45:227 17.01.2022
// таймаут: 344 мсек

18  : 01.00.000.00.01
Чтение коэффициентов: 85 %


00 00 08 00 2A 12 9D 16   // передача: 8 байт; 19:25:45:227 17.01.2022


55 00 00 12 FF F0 00 00 08 00 2A 12 9D 16 21 B3 05 B9   // передача: 18 байт; 19:25:45:227 17.01.2022
// принято 12 байт (доступно 12 из 12 байт)   // 19:25:45:571 17.01.2022
// принято с сокета: 12 байт

01 00 0C 00 2A 00 00 00 00 00 26 5D   // прием: 12 байт; 19:25:45:571 17.01.2022
// таймаут: 344 мсек

19  : 01.00.000.00.01
Чтение коэффициентов: 85 %


00 00 08 00 2A 13 5C D6   // передача: 8 байт; 19:25:45:571 17.01.2022


55 00 00 12 FF F0 00 00 08 00 2A 13 5C D6 21 B3 05 B9   // передача: 18 байт; 19:25:45:571 17.01.2022
// принято 12 байт (доступно 12 из 12 байт)   // 19:25:45:930 17.01.2022
// принято с сокета: 12 байт

01 00 0C 00 2A 00 00 00 00 00 26 5D   // прием: 12 байт; 19:25:45:930 17.01.2022
// таймаут: 359 мсек

20  : 01.00.000.00.01
Чтение коэффициентов: 86 %


00 00 08 00 2A 14 1D 14   // передача: 8 байт; 19:25:45:930 17.01.2022


55 00 00 12 FF F0 00 00 08 00 2A 14 1D 14 21 B3 05 B9   // передача: 18 байт; 19:25:45:930 17.01.2022
// принято 12 байт (доступно 12 из 12 байт)   // 19:25:46:273 17.01.2022
// принято с сокета: 12 байт

01 00 0C 00 2A 00 00 00 00 00 26 5D   // прием: 12 байт; 19:25:46:273 17.01.2022
// таймаут: 343 мсек

21  : 01.00.000.00.01
Чтение коэффициентов: 86 %


00 00 08 00 2A 15 DC D4   // передача: 8 байт; 19:25:46:273 17.01.2022


55 00 00 12 FF F0 00 00 08 00 2A 15 DC D4 21 B3 05 B9   // передача: 18 байт; 19:25:46:273 17.01.2022
// принято 12 байт (доступно 12 из 12 байт)   // 19:25:46:618 17.01.2022
// принято с сокета: 12 байт

01 00 0C 00 2A 00 00 00 00 00 26 5D   // прием: 12 байт; 19:25:46:618 17.01.2022
// таймаут: 345 мсек

22  : 01.00.000.00.01
Чтение коэффициентов: 86 %


00 00 08 00 2A 16 9C D5   // передача: 8 байт; 19:25:46:618 17.01.2022


55 00 00 12 FF F0 00 00 08 00 2A 16 9C D5 21 B3 05 B9   // передача: 18 байт; 19:25:46:618 17.01.2022
// принято 12 байт (доступно 12 из 12 байт)   // 19:25:46:962 17.01.2022
// принято с сокета: 12 байт

01 00 0C 00 2A 00 00 00 00 00 26 5D   // прием: 12 байт; 19:25:46:962 17.01.2022
// таймаут: 344 мсек

23  : 01.00.000.00.01
Чтение коэффициентов: 87 %


00 00 08 00 2A 17 5D 15   // передача: 8 байт; 19:25:46:962 17.01.2022


55 00 00 12 FF F0 00 00 08 00 2A 17 5D 15 21 B3 05 B9   // передача: 18 байт; 19:25:46:962 17.01.2022
// принято 12 байт (доступно 12 из 12 байт)   // 19:25:47:336 17.01.2022
// принято с сокета: 12 байт

01 00 0C 00 2A 00 00 00 00 00 26 5D   // прием: 12 байт; 19:25:47:336 17.01.2022
// таймаут: 374 мсек

24  : 01.00.000.00.01
Чтение коэффициентов: 87 %


00 00 08 00 2A 18 1D 11   // передача: 8 байт; 19:25:47:336 17.01.2022


55 00 00 12 FF F0 00 00 08 00 2A 18 1D 11 21 B3 05 B9   // передача: 18 байт; 19:25:47:336 17.01.2022
// принято 12 байт (доступно 12 из 12 байт)   // 19:25:47:664 17.01.2022
// принято с сокета: 12 байт

01 00 0C 00 2A 00 00 00 00 00 26 5D   // прием: 12 байт; 19:25:47:664 17.01.2022
// таймаут: 328 мсек

25  : 01.00.000.00.01
Чтение коэффициентов: 87 %


00 00 08 00 2A 19 DC D1   // передача: 8 байт; 19:25:47:664 17.01.2022


55 00 00 12 FF F0 00 00 08 00 2A 19 DC D1 21 B3 05 B9   // передача: 18 байт; 19:25:47:664 17.01.2022
// принято 12 байт (доступно 12 из 12 байт)   // 19:25:48:008 17.01.2022
// принято с сокета: 12 байт

01 00 0C 00 2A 00 00 00 00 00 26 5D   // прием: 12 байт; 19:25:48:008 17.01.2022
// таймаут: 344 мсек

26  : 01.00.000.00.01
Чтение коэффициентов: 88 %


00 00 08 00 2A 1A 9C D0   // передача: 8 байт; 19:25:48:008 17.01.2022


55 00 00 12 FF F0 00 00 08 00 2A 1A 9C D0 21 B3 05 B9   // передача: 18 байт; 19:25:48:008 17.01.2022
// принято 12 байт (доступно 12 из 12 байт)   // 19:25:48:352 17.01.2022
// принято с сокета: 12 байт

01 00 0C 00 2A 00 00 00 00 00 26 5D   // прием: 12 байт; 19:25:48:352 17.01.2022
// таймаут: 344 мсек

27  : 01.00.000.00.01
Чтение коэффициентов: 88 %


00 00 08 00 2A 1B 5D 10   // передача: 8 байт; 19:25:48:368 17.01.2022


55 00 00 12 FF F0 00 00 08 00 2A 1B 5D 10 21 B3 05 B9   // передача: 18 байт; 19:25:48:368 17.01.2022
// принято 12 байт (доступно 12 из 12 байт)   // 19:25:48:711 17.01.2022
// принято с сокета: 12 байт

01 00 0C 00 2A 00 00 00 00 00 26 5D   // прием: 12 байт; 19:25:48:711 17.01.2022
// таймаут: 343 мсек

28  : 01.00.000.00.01
Чтение коэффициентов: 88 %


00 00 08 00 2A 1C 1C D2   // передача: 8 байт; 19:25:48:711 17.01.2022


55 00 00 12 FF F0 00 00 08 00 2A 1C 1C D2 21 B3 05 B9   // передача: 18 байт; 19:25:48:711 17.01.2022
// принято 12 байт (доступно 12 из 12 байт)   // 19:25:49:054 17.01.2022
// принято с сокета: 12 байт

01 00 0C 00 2A 00 00 00 00 00 26 5D   // прием: 12 байт; 19:25:49:054 17.01.2022
// таймаут: 343 мсек

29  : 01.00.000.00.01
Чтение коэффициентов: 89 %


00 00 08 00 2A 1D DD 12   // передача: 8 байт; 19:25:49:054 17.01.2022


55 00 00 12 FF F0 00 00 08 00 2A 1D DD 12 21 B3 05 B9   // передача: 18 байт; 19:25:49:054 17.01.2022
// принято 12 байт (доступно 12 из 12 байт)   // 19:25:49:397 17.01.2022
// принято с сокета: 12 байт

01 00 0C 00 2A 00 00 00 00 00 26 5D   // прием: 12 байт; 19:25:49:397 17.01.2022
// таймаут: 343 мсек

30  : 01.00.000.00.01
Чтение коэффициентов: 89 %


00 00 08 00 2A 1E 9D 13   // передача: 8 байт; 19:25:49:397 17.01.2022


55 00 00 12 FF F0 00 00 08 00 2A 1E 9D 13 21 B3 05 B9   // передача: 18 байт; 19:25:49:397 17.01.2022
// принято 12 байт (доступно 12 из 12 байт)   // 19:25:49:742 17.01.2022
// принято с сокета: 12 байт

01 00 0C 00 2A 00 00 00 00 00 26 5D   // прием: 12 байт; 19:25:49:742 17.01.2022
// таймаут: 345 мсек

31  : 01.00.000.00.01
Чтение коэффициентов: 89 %


00 00 08 00 2A 1F 5C D3   // передача: 8 байт; 19:25:49:757 17.01.2022


55 00 00 12 FF F0 00 00 08 00 2A 1F 5C D3 21 B3 05 B9   // передача: 18 байт; 19:25:49:757 17.01.2022
// принято 12 байт (доступно 12 из 12 байт)   // 19:25:50:086 17.01.2022
// принято с сокета: 12 байт

01 00 0C 00 2A 00 00 00 00 00 26 5D   // прием: 12 байт; 19:25:50:086 17.01.2022
// таймаут: 329 мсек

32  : 01.00.000.00.01
Чтение коэффициентов: 89 %


00 00 08 00 2A 20 1C C3   // передача: 8 байт; 19:25:50:086 17.01.2022


55 00 00 12 FF F0 00 00 08 00 2A 20 1C C3 21 B3 05 B9   // передача: 18 байт; 19:25:50:086 17.01.2022
// принято 12 байт (доступно 12 из 12 байт)   // 19:25:50:445 17.01.2022
// принято с сокета: 12 байт

01 00 0C 00 2A 00 00 00 00 00 26 5D   // прием: 12 байт; 19:25:50:445 17.01.2022
// таймаут: 359 мсек

33  : 01.00.000.00.01
Чтение коэффициентов: 90 %


00 00 08 00 2A 21 DD 03   // передача: 8 байт; 19:25:50:445 17.01.2022


55 00 00 12 FF F0 00 00 08 00 2A 21 DD 03 21 B3 05 B9   // передача: 18 байт; 19:25:50:445 17.01.2022
// принято 12 байт (доступно 12 из 12 байт)   // 19:25:50:788 17.01.2022
// принято с сокета: 12 байт

01 00 0C 00 2A 00 00 00 00 00 26 5D   // прием: 12 байт; 19:25:50:788 17.01.2022
// таймаут: 343 мсек

34  : 01.00.000.00.01
Чтение коэффициентов: 90 %


00 00 08 00 2A 22 9D 02   // передача: 8 байт; 19:25:50:788 17.01.2022


55 00 00 12 FF F0 00 00 08 00 2A 22 9D 02 21 B3 05 B9   // передача: 18 байт; 19:25:50:788 17.01.2022
// принято 12 байт (доступно 12 из 12 байт)   // 19:25:51:131 17.01.2022
// принято с сокета: 12 байт

01 00 0C 00 2A 00 00 00 00 00 26 5D   // прием: 12 байт; 19:25:51:131 17.01.2022
// таймаут: 343 мсек

35  : 01.00.000.00.01
Чтение коэффициентов: 90 %


00 00 08 00 2A 23 5C C2   // передача: 8 байт; 19:25:51:131 17.01.2022


55 00 00 12 FF F0 00 00 08 00 2A 23 5C C2 21 B3 05 B9   // передача: 18 байт; 19:25:51:131 17.01.2022
// принято 12 байт (доступно 12 из 12 байт)   // 19:25:51:474 17.01.2022
// принято с сокета: 12 байт

01 00 0C 00 2A 00 00 00 00 00 26 5D   // прием: 12 байт; 19:25:51:474 17.01.2022
// таймаут: 343 мсек

36  : 01.00.000.00.01
Чтение коэффициентов: 91 %


00 00 08 00 2A 24 1D 00   // передача: 8 байт; 19:25:51:474 17.01.2022


55 00 00 12 FF F0 00 00 08 00 2A 24 1D 00 21 B3 05 B9   // передача: 18 байт; 19:25:51:474 17.01.2022
// принято 12 байт (доступно 12 из 12 байт)   // 19:25:51:834 17.01.2022
// принято с сокета: 12 байт

01 00 0C 00 2A 00 00 00 00 00 26 5D   // прием: 12 байт; 19:25:51:834 17.01.2022
// таймаут: 360 мсек

37  : 01.00.000.00.01
Чтение коэффициентов: 91 %


00 00 08 00 2A 25 DC C0   // передача: 8 байт; 19:25:51:834 17.01.2022


55 00 00 12 FF F0 00 00 08 00 2A 25 DC C0 21 B3 05 B9   // передача: 18 байт; 19:25:51:834 17.01.2022
// принято 12 байт (доступно 12 из 12 байт)   // 19:25:52:178 17.01.2022
// принято с сокета: 12 байт

01 00 0C 00 2A 00 00 00 00 00 26 5D   // прием: 12 байт; 19:25:52:178 17.01.2022
// таймаут: 344 мсек

38  : 01.00.000.00.01
Чтение коэффициентов: 91 %


00 00 08 00 2A 26 9C C1   // передача: 8 байт; 19:25:52:178 17.01.2022


55 00 00 12 FF F0 00 00 08 00 2A 26 9C C1 21 B3 05 B9   // передача: 18 байт; 19:25:52:178 17.01.2022
// принято 12 байт (доступно 12 из 12 байт)   // 19:25:52:523 17.01.2022
// принято с сокета: 12 байт

01 00 0C 00 2A 00 00 00 00 00 26 5D   // прием: 12 байт; 19:25:52:523 17.01.2022
// таймаут: 345 мсек

39  : 01.00.000.00.01
Чтение коэффициентов: 92 %


00 00 08 00 2A 27 5D 01   // передача: 8 байт; 19:25:52:523 17.01.2022


55 00 00 12 FF F0 00 00 08 00 2A 27 5D 01 21 B3 05 B9   // передача: 18 байт; 19:25:52:523 17.01.2022
// принято 12 байт (доступно 12 из 12 байт)   // 19:25:52:882 17.01.2022
// принято с сокета: 12 байт

01 00 0C 00 2A 00 00 00 00 00 26 5D   // прием: 12 байт; 19:25:52:882 17.01.2022
// таймаут: 359 мсек

40  : 01.00.000.00.01
Чтение коэффициентов: 92 %


00 00 08 00 2A 28 1D 05   // передача: 8 байт; 19:25:52:882 17.01.2022


55 00 00 12 FF F0 00 00 08 00 2A 28 1D 05 21 B3 05 B9   // передача: 18 байт; 19:25:52:898 17.01.2022
// принято 12 байт (доступно 12 из 12 байт)   // 19:25:53:225 17.01.2022
// принято с сокета: 12 байт

01 00 0C 00 2A 00 00 00 00 00 26 5D   // прием: 12 байт; 19:25:53:225 17.01.2022
// таймаут: 327 мсек

41  : 01.00.000.00.01
Чтение коэффициентов: 92 %


00 00 08 00 2A 29 DC C5   // передача: 8 байт; 19:25:53:225 17.01.2022


55 00 00 12 FF F0 00 00 08 00 2A 29 DC C5 21 B3 05 B9   // передача: 18 байт; 19:25:53:225 17.01.2022
// принято 12 байт (доступно 12 из 12 байт)   // 19:25:53:569 17.01.2022
// принято с сокета: 12 байт

01 00 0C 00 2A 00 00 00 00 00 26 5D   // прием: 12 байт; 19:25:53:569 17.01.2022
// таймаут: 344 мсек

42  : 01.00.000.00.01
Чтение коэффициентов: 93 %


00 00 08 00 2A 2A 9C C4   // передача: 8 байт; 19:25:53:569 17.01.2022


55 00 00 12 FF F0 00 00 08 00 2A 2A 9C C4 21 B3 05 B9   // передача: 18 байт; 19:25:53:569 17.01.2022
// принято 12 байт (доступно 12 из 12 байт)   // 19:25:53:914 17.01.2022
// принято с сокета: 12 байт

01 00 0C 00 2A 00 00 00 00 00 26 5D   // прием: 12 байт; 19:25:53:914 17.01.2022
// таймаут: 345 мсек

43  : 01.00.000.00.01
Чтение коэффициентов: 93 %


00 00 08 00 2A 2B 5D 04   // передача: 8 байт; 19:25:53:914 17.01.2022


55 00 00 12 FF F0 00 00 08 00 2A 2B 5D 04 21 B3 05 B9   // передача: 18 байт; 19:25:53:914 17.01.2022
// принято 12 байт (доступно 12 из 12 байт)   // 19:25:54:262 17.01.2022
// принято с сокета: 12 байт

01 00 0C 00 2A 00 00 00 00 00 26 5D   // прием: 12 байт; 19:25:54:262 17.01.2022
// таймаут: 348 мсек

44  : 01.00.000.00.01
Чтение коэффициентов: 93 %


00 00 08 00 2A 2C 1C C6   // передача: 8 байт; 19:25:54:262 17.01.2022


55 00 00 12 FF F0 00 00 08 00 2A 2C 1C C6 21 B3 05 B9   // передача: 18 байт; 19:25:54:262 17.01.2022
// принято 12 байт (доступно 12 из 12 байт)   // 19:25:54:606 17.01.2022
// принято с сокета: 12 байт

01 00 0C 00 2A 00 00 00 00 00 26 5D   // прием: 12 байт; 19:25:54:606 17.01.2022
// таймаут: 344 мсек

45  : 01.00.000.00.01
Чтение коэффициентов: 94 %


00 00 08 00 2A 2D DD 06   // передача: 8 байт; 19:25:54:606 17.01.2022


55 00 00 12 FF F0 00 00 08 00 2A 2D DD 06 21 B3 05 B9   // передача: 18 байт; 19:25:54:606 17.01.2022
// принято 12 байт (доступно 12 из 12 байт)   // 19:25:54:966 17.01.2022
// принято с сокета: 12 байт

01 00 0C 00 2A 00 00 00 00 00 26 5D   // прием: 12 байт; 19:25:54:966 17.01.2022
// таймаут: 360 мсек

46  : 01.00.000.00.01
Чтение коэффициентов: 94 %


00 00 08 00 2A 2E 9D 07   // передача: 8 байт; 19:25:54:966 17.01.2022


55 00 00 12 FF F0 00 00 08 00 2A 2E 9D 07 21 B3 05 B9   // передача: 18 байт; 19:25:54:966 17.01.2022
// принято 12 байт (доступно 12 из 12 байт)   // 19:25:55:309 17.01.2022
// принято с сокета: 12 байт

01 00 0C 00 2A 00 00 00 00 00 26 5D   // прием: 12 байт; 19:25:55:309 17.01.2022
// таймаут: 343 мсек

47  : 01.00.000.00.01
Чтение коэффициентов: 94 %


00 00 08 00 2A 2F 5C C7   // передача: 8 байт; 19:25:55:309 17.01.2022


55 00 00 12 FF F0 00 00 08 00 2A 2F 5C C7 21 B3 05 B9   // передача: 18 байт; 19:25:55:309 17.01.2022
// принято 12 байт (доступно 12 из 12 байт)   // 19:25:55:652 17.01.2022
// принято с сокета: 12 байт

01 00 0C 00 2A 00 00 00 00 00 26 5D   // прием: 12 байт; 19:25:55:652 17.01.2022
// таймаут: 343 мсек

48  : 01.00.000.00.01
Чтение коэффициентов: 94 %


00 00 08 00 2A 30 1D 0F   // передача: 8 байт; 19:25:55:652 17.01.2022


55 00 00 12 FF F0 00 00 08 00 2A 30 1D 0F 21 B3 05 B9   // передача: 18 байт; 19:25:55:668 17.01.2022
// принято 12 байт (доступно 12 из 12 байт)   // 19:25:55:996 17.01.2022
// принято с сокета: 12 байт

01 00 0C 00 2A 00 00 00 00 00 26 5D   // прием: 12 байт; 19:25:55:996 17.01.2022
// таймаут: 328 мсек

49  : 01.00.000.00.01
Чтение коэффициентов: 95 %


00 00 08 00 2A 31 DC CF   // передача: 8 байт; 19:25:56:011 17.01.2022


55 00 00 12 FF F0 00 00 08 00 2A 31 DC CF 21 B3 05 B9   // передача: 18 байт; 19:25:56:011 17.01.2022
// принято 12 байт (доступно 12 из 12 байт)   // 19:25:56:354 17.01.2022
// принято с сокета: 12 байт

01 00 0C 00 2A 00 00 00 00 00 26 5D   // прием: 12 байт; 19:25:56:354 17.01.2022
// таймаут: 343 мсек

50  : 01.00.000.00.01
Чтение коэффициентов: 95 %


00 00 08 00 2A 32 9C CE   // передача: 8 байт; 19:25:56:354 17.01.2022


55 00 00 12 FF F0 00 00 08 00 2A 32 9C CE 21 B3 05 B9   // передача: 18 байт; 19:25:56:354 17.01.2022
// принято 12 байт (доступно 12 из 12 байт)   // 19:25:56:698 17.01.2022
// принято с сокета: 12 байт

01 00 0C 00 2A 00 00 00 00 00 26 5D   // прием: 12 байт; 19:25:56:698 17.01.2022
// таймаут: 344 мсек

51  : 01.00.000.00.01
Чтение коэффициентов: 95 %


00 00 08 00 2A 33 5D 0E   // передача: 8 байт; 19:25:56:698 17.01.2022


55 00 00 12 FF F0 00 00 08 00 2A 33 5D 0E 21 B3 05 B9   // передача: 18 байт; 19:25:56:698 17.01.2022
// принято 12 байт (доступно 12 из 12 байт)   // 19:25:57:041 17.01.2022
// принято с сокета: 12 байт

01 00 0C 00 2A 00 00 00 00 00 26 5D   // прием: 12 байт; 19:25:57:041 17.01.2022
// таймаут: 343 мсек

52  : 01.00.000.00.01
Чтение коэффициентов: 96 %


00 00 08 00 2A 34 1C CC   // передача: 8 байт; 19:25:57:041 17.01.2022


55 00 00 12 FF F0 00 00 08 00 2A 34 1C CC 21 B3 05 B9   // передача: 18 байт; 19:25:57:041 17.01.2022
// принято 12 байт (доступно 12 из 12 байт)   // 19:25:57:400 17.01.2022
// принято с сокета: 12 байт

01 00 0C 00 2A 00 00 00 00 00 26 5D   // прием: 12 байт; 19:25:57:400 17.01.2022
// таймаут: 359 мсек

53  : 01.00.000.00.01
Чтение коэффициентов: 96 %


00 00 08 00 2A 35 DD 0C   // передача: 8 байт; 19:25:57:400 17.01.2022


55 00 00 12 FF F0 00 00 08 00 2A 35 DD 0C 21 B3 05 B9   // передача: 18 байт; 19:25:57:400 17.01.2022
// принято 12 байт (доступно 12 из 12 байт)   // 19:25:57:744 17.01.2022
// принято с сокета: 12 байт

01 00 0C 00 2A 00 00 00 00 00 26 5D   // прием: 12 байт; 19:25:57:744 17.01.2022
// таймаут: 344 мсек

54  : 01.00.000.00.01
Чтение коэффициентов: 96 %


00 00 08 00 2A 36 9D 0D   // передача: 8 байт; 19:25:57:744 17.01.2022


55 00 00 12 FF F0 00 00 08 00 2A 36 9D 0D 21 B3 05 B9   // передача: 18 байт; 19:25:57:744 17.01.2022
// принято 12 байт (доступно 12 из 12 байт)   // 19:25:58:088 17.01.2022
// принято с сокета: 12 байт

01 00 0C 00 2A 00 00 00 00 00 26 5D   // прием: 12 байт; 19:25:58:088 17.01.2022
// таймаут: 344 мсек

55  : 01.00.000.00.01
Чтение коэффициентов: 97 %


00 00 08 00 2A 37 5C CD   // передача: 8 байт; 19:25:58:088 17.01.2022


55 00 00 12 FF F0 00 00 08 00 2A 37 5C CD 21 B3 05 B9   // передача: 18 байт; 19:25:58:088 17.01.2022
// принято 12 байт (доступно 12 из 12 байт)   // 19:25:58:447 17.01.2022
// принято с сокета: 12 байт

01 00 0C 00 2A 00 00 00 00 00 26 5D   // прием: 12 байт; 19:25:58:447 17.01.2022
// таймаут: 359 мсек

56  : 01.00.000.00.01
Чтение коэффициентов: 97 %


00 00 08 00 2A 38 1C C9   // передача: 8 байт; 19:25:58:447 17.01.2022


55 00 00 12 FF F0 00 00 08 00 2A 38 1C C9 21 B3 05 B9   // передача: 18 байт; 19:25:58:447 17.01.2022
// принято 12 байт (доступно 12 из 12 байт)   // 19:25:58:790 17.01.2022
// принято с сокета: 12 байт

01 00 0C 00 2A 00 00 00 00 00 26 5D   // прием: 12 байт; 19:25:58:790 17.01.2022
// таймаут: 343 мсек

57  : 01.00.000.00.01
Чтение коэффициентов: 97 %


00 00 08 00 2A 39 DD 09   // передача: 8 байт; 19:25:58:790 17.01.2022


55 00 00 12 FF F0 00 00 08 00 2A 39 DD 09 21 B3 05 B9   // передача: 18 байт; 19:25:58:790 17.01.2022
// принято 12 байт (доступно 12 из 12 байт)   // 19:25:59:133 17.01.2022
// принято с сокета: 12 байт

01 00 0C 00 2A 00 00 00 00 00 26 5D   // прием: 12 байт; 19:25:59:133 17.01.2022
// таймаут: 343 мсек

58  : 01.00.000.00.01
Чтение коэффициентов: 98 %


00 00 08 00 2A 3A 9D 08   // передача: 8 байт; 19:25:59:133 17.01.2022


55 00 00 12 FF F0 00 00 08 00 2A 3A 9D 08 21 B3 05 B9   // передача: 18 байт; 19:25:59:133 17.01.2022
// принято 12 байт (доступно 12 из 12 байт)   // 19:25:59:476 17.01.2022
// принято с сокета: 12 байт

01 00 0C 00 2A 00 00 00 00 00 26 5D   // прием: 12 байт; 19:25:59:476 17.01.2022
// таймаут: 343 мсек

59  : 01.00.000.00.01
Чтение коэффициентов: 98 %


00 00 08 00 2A 3B 5C C8   // передача: 8 байт; 19:25:59:476 17.01.2022


55 00 00 12 FF F0 00 00 08 00 2A 3B 5C C8 21 B3 05 B9   // передача: 18 байт; 19:25:59:476 17.01.2022
// принято 12 байт (доступно 12 из 12 байт)   // 19:25:59:820 17.01.2022
// принято с сокета: 12 байт

01 00 0C 00 2A 00 00 00 00 00 26 5D   // прием: 12 байт; 19:25:59:820 17.01.2022
// таймаут: 344 мсек

60  : 01.00.000.00.01
Чтение коэффициентов: 98 %


00 00 08 00 2A 3C 1D 0A   // передача: 8 байт; 19:25:59:820 17.01.2022


55 00 00 12 FF F0 00 00 08 00 2A 3C 1D 0A 21 B3 05 B9   // передача: 18 байт; 19:25:59:820 17.01.2022
// принято 12 байт (доступно 12 из 12 байт)   // 19:26:00:163 17.01.2022
// принято с сокета: 12 байт

01 00 0C 00 2A 00 00 00 00 00 26 5D   // прием: 12 байт; 19:26:00:163 17.01.2022
// таймаут: 343 мсек

61  : 01.00.000.00.01
Чтение коэффициентов: 99 %


00 00 08 00 2A 3D DC CA   // передача: 8 байт; 19:26:00:163 17.01.2022


55 00 00 12 FF F0 00 00 08 00 2A 3D DC CA 21 B3 05 B9   // передача: 18 байт; 19:26:00:163 17.01.2022
// принято 12 байт (доступно 12 из 12 байт)   // 19:26:00:522 17.01.2022
// принято с сокета: 12 байт

01 00 0C 00 2A 00 00 00 00 00 26 5D   // прием: 12 байт; 19:26:00:522 17.01.2022
// таймаут: 359 мсек

62  : 01.00.000.00.01
Чтение коэффициентов: 99 %


00 00 08 00 2A 3E 9C CB   // передача: 8 байт; 19:26:00:522 17.01.2022


55 00 00 12 FF F0 00 00 08 00 2A 3E 9C CB 21 B3 05 B9   // передача: 18 байт; 19:26:00:537 17.01.2022
// принято 12 байт (доступно 12 из 12 байт)   // 19:26:00:865 17.01.2022
// принято с сокета: 12 байт

01 00 0C 00 2A 00 00 00 00 00 26 5D   // прием: 12 байт; 19:26:00:865 17.01.2022
// таймаут: 328 мсек

63  : 01.00.000.00.01
Чтение коэффициентов: 99 %


00 00 08 00 2A 3F 5D 0B   // передача: 8 байт; 19:26:00:865 17.01.2022


55 00 00 12 FF F0 00 00 08 00 2A 3F 5D 0B 21 B3 05 B9   // передача: 18 байт; 19:26:00:865 17.01.2022
// принято 12 байт (доступно 12 из 12 байт)   // 19:26:01:208 17.01.2022
// принято с сокета: 12 байт

01 00 0C 00 2A 00 00 00 00 00 26 5D   // прием: 12 байт; 19:26:01:208 17.01.2022
// таймаут: 343 мсек

64  : 01.00.000.00.01
Чтение коэффициентов: 100 %
Чтение адресов и паролей


00 00 09 00 FF 1C 00 FF F1   // передача: 9 байт; 19:26:03:382 17.01.2022


55 00 00 13 FF F0 00 00 09 00 FF 1C 00 FF F1 21 B3 05 1D   // передача: 19 байт; 19:26:03:382 17.01.2022
// принято 15 байт (доступно 15 из 15 байт)   // 19:26:03:585 17.01.2022
// принято с сокета: 15 байт

01 00 0F 00 FF 00 00 00 5C 00 01 86 A1 56 9F   // прием: 15 байт; 19:26:03:585 17.01.2022
// таймаут: 203 мсек

Чтение адресов и паролей: 1 %


00 00 09 00 FF 1C 01 3E 31   // передача: 9 байт; 19:26:03:601 17.01.2022


55 00 00 13 FF F0 00 00 09 00 FF 1C 01 3E 31 21 B3 05 1D   // передача: 19 байт; 19:26:03:601 17.01.2022
// принято 15 байт (доступно 15 из 15 байт)   // 19:26:03:928 17.01.2022
// принято с сокета: 15 байт

01 00 0F 00 FF 04 30 40 A0 00 01 86 A1 39 BB   // прием: 15 байт; 19:26:03:928 17.01.2022
// таймаут: 327 мсек

Чтение адресов и паролей: 3 %


00 00 09 00 FF 1C 02 7E 30   // передача: 9 байт; 19:26:03:944 17.01.2022


55 00 00 13 FF F0 00 00 09 00 FF 1C 02 7E 30 21 B3 05 1D   // передача: 19 байт; 19:26:03:944 17.01.2022
// принято 15 байт (доступно 15 из 15 байт)   // 19:26:04:287 17.01.2022
// принято с сокета: 15 байт

01 00 0F 00 FF 00 00 00 26 00 01 86 A1 8F 55   // прием: 15 байт; 19:26:04:287 17.01.2022
// таймаут: 343 мсек

Чтение адресов и паролей: 4 %


00 00 09 00 FF 1C 03 BF F0   // передача: 9 байт; 19:26:04:287 17.01.2022


55 00 00 13 FF F0 00 00 09 00 FF 1C 03 BF F0 21 B3 05 1D   // передача: 19 байт; 19:26:04:287 17.01.2022
// принято 15 байт (доступно 15 из 15 байт)   // 19:26:04:630 17.01.2022
// принято с сокета: 15 байт

01 00 0F 00 FF 00 00 00 3B 00 01 86 A1 63 57   // прием: 15 байт; 19:26:04:630 17.01.2022
// таймаут: 343 мсек

Чтение адресов и паролей: 6 %


00 00 09 00 FF 1C 04 FE 32   // передача: 9 байт; 19:26:04:630 17.01.2022


55 00 00 13 FF F0 00 00 09 00 FF 1C 04 FE 32 21 B3 05 1D   // передача: 19 байт; 19:26:04:630 17.01.2022
// принято 15 байт (доступно 15 из 15 байт)   // 19:26:04:974 17.01.2022
// принято с сокета: 15 байт

01 00 0F 00 FF 00 00 00 00 00 00 00 00 74 8A   // прием: 15 байт; 19:26:04:974 17.01.2022
// таймаут: 344 мсек

Чтение адресов и паролей: 7 %


00 00 09 00 FF 1C 05 3F F2   // передача: 9 байт; 19:26:04:974 17.01.2022


55 00 00 13 FF F0 00 00 09 00 FF 1C 05 3F F2 21 B3 05 1D   // передача: 19 байт; 19:26:04:989 17.01.2022
// принято 15 байт (доступно 15 из 15 байт)   // 19:26:05:332 17.01.2022
// принято с сокета: 15 байт

01 00 0F 00 FF 00 00 00 00 00 00 00 00 74 8A   // прием: 15 байт; 19:26:05:332 17.01.2022
// таймаут: 343 мсек

Чтение адресов и паролей: 9 %


00 00 09 00 FF 1C 06 7F F3   // передача: 9 байт; 19:26:05:332 17.01.2022


55 00 00 13 FF F0 00 00 09 00 FF 1C 06 7F F3 21 B3 05 1D   // передача: 19 байт; 19:26:05:332 17.01.2022
// принято 15 байт (доступно 15 из 15 байт)   // 19:26:05:691 17.01.2022
// принято с сокета: 15 байт

01 00 0F 00 FF 00 00 00 00 00 00 00 00 74 8A   // прием: 15 байт; 19:26:05:691 17.01.2022
// таймаут: 359 мсек

Чтение адресов и паролей: 11 %


00 00 09 00 FF 1C 07 BE 33   // передача: 9 байт; 19:26:05:691 17.01.2022


55 00 00 13 FF F0 00 00 09 00 FF 1C 07 BE 33 21 B3 05 1D   // передача: 19 байт; 19:26:05:691 17.01.2022
// принято 15 байт (доступно 15 из 15 байт)   // 19:26:06:035 17.01.2022
// принято с сокета: 15 байт

01 00 0F 00 FF 00 00 00 00 00 00 00 00 74 8A   // прием: 15 байт; 19:26:06:035 17.01.2022
// таймаут: 344 мсек

Чтение адресов и паролей: 12 %


00 00 09 00 FF 1C 08 FE 37   // передача: 9 байт; 19:26:06:035 17.01.2022


55 00 00 13 FF F0 00 00 09 00 FF 1C 08 FE 37 21 B3 05 1D   // передача: 19 байт; 19:26:06:035 17.01.2022
// принято 15 байт (доступно 15 из 15 байт)   // 19:26:06:380 17.01.2022
// принято с сокета: 15 байт

01 00 0F 00 FF 00 00 00 00 00 00 00 00 74 8A   // прием: 15 байт; 19:26:06:380 17.01.2022
// таймаут: 345 мсек

Чтение адресов и паролей: 14 %


00 00 09 00 FF 1C 09 3F F7   // передача: 9 байт; 19:26:06:380 17.01.2022


55 00 00 13 FF F0 00 00 09 00 FF 1C 09 3F F7 21 B3 05 1D   // передача: 19 байт; 19:26:06:380 17.01.2022
// принято 15 байт (доступно 15 из 15 байт)   // 19:26:06:724 17.01.2022
// принято с сокета: 15 байт

01 00 0F 00 FF 00 00 00 00 00 00 00 00 74 8A   // прием: 15 байт; 19:26:06:724 17.01.2022
// таймаут: 344 мсек

Чтение адресов и паролей: 15 %


00 00 09 00 FF 1C 0A 7F F6   // передача: 9 байт; 19:26:06:724 17.01.2022


55 00 00 13 FF F0 00 00 09 00 FF 1C 0A 7F F6 21 B3 05 1D   // передача: 19 байт; 19:26:06:724 17.01.2022
// принято 15 байт (доступно 15 из 15 байт)   // 19:26:07:067 17.01.2022
// принято с сокета: 15 байт

01 00 0F 00 FF 00 00 00 00 00 00 00 00 74 8A   // прием: 15 байт; 19:26:07:067 17.01.2022
// таймаут: 343 мсек

Чтение адресов и паролей: 17 %


00 00 09 00 FF 1C 0B BE 36   // передача: 9 байт; 19:26:07:067 17.01.2022


55 00 00 13 FF F0 00 00 09 00 FF 1C 0B BE 36 21 B3 05 1D   // передача: 19 байт; 19:26:07:067 17.01.2022
// принято 15 байт (доступно 15 из 15 байт)   // 19:26:07:426 17.01.2022
// принято с сокета: 15 байт

01 00 0F 00 FF 00 00 00 00 00 00 00 00 74 8A   // прием: 15 байт; 19:26:07:426 17.01.2022
// таймаут: 359 мсек

Чтение адресов и паролей: 19 %


00 00 09 00 FF 1C 0C FF F4   // передача: 9 байт; 19:26:07:426 17.01.2022


55 00 00 13 FF F0 00 00 09 00 FF 1C 0C FF F4 21 B3 05 1D   // передача: 19 байт; 19:26:07:426 17.01.2022
// принято 15 байт (доступно 15 из 15 байт)   // 19:26:07:785 17.01.2022
// принято с сокета: 15 байт

01 00 0F 00 FF 00 00 00 00 00 00 00 00 74 8A   // прием: 15 байт; 19:26:07:785 17.01.2022
// таймаут: 359 мсек

Чтение адресов и паролей: 20 %


00 00 09 00 FF 1C 0D 3E 34   // передача: 9 байт; 19:26:07:785 17.01.2022


55 00 00 13 FF F0 00 00 09 00 FF 1C 0D 3E 34 21 B3 05 1D   // передача: 19 байт; 19:26:07:785 17.01.2022
// принято 15 байт (доступно 15 из 15 байт)   // 19:26:08:112 17.01.2022
// принято с сокета: 15 байт

01 00 0F 00 FF 00 00 00 00 00 00 00 00 74 8A   // прием: 15 байт; 19:26:08:112 17.01.2022
// таймаут: 327 мсек

Чтение адресов и паролей: 22 %


00 00 09 00 FF 1C 0E 7E 35   // передача: 9 байт; 19:26:08:112 17.01.2022


55 00 00 13 FF F0 00 00 09 00 FF 1C 0E 7E 35 21 B3 05 1D   // передача: 19 байт; 19:26:08:112 17.01.2022
// принято 15 байт (доступно 15 из 15 байт)   // 19:26:08:471 17.01.2022
// принято с сокета: 15 байт

01 00 0F 00 FF 00 00 00 00 00 00 00 00 74 8A   // прием: 15 байт; 19:26:08:471 17.01.2022
// таймаут: 359 мсек

Чтение адресов и паролей: 23 %


00 00 09 00 FF 1C 0F BF F5   // передача: 9 байт; 19:26:08:471 17.01.2022


55 00 00 13 FF F0 00 00 09 00 FF 1C 0F BF F5 21 B3 05 1D   // передача: 19 байт; 19:26:08:471 17.01.2022
// принято 15 байт (доступно 15 из 15 байт)   // 19:26:08:814 17.01.2022
// принято с сокета: 15 байт

01 00 0F 00 FF 00 00 00 00 00 00 00 00 74 8A   // прием: 15 байт; 19:26:08:814 17.01.2022
// таймаут: 343 мсек

Чтение адресов и паролей: 25 %


00 00 09 00 FF 1C 10 FE 3D   // передача: 9 байт; 19:26:08:814 17.01.2022


55 00 00 13 FF F0 00 00 09 00 FF 1C 10 FE 3D 21 B3 05 1D   // передача: 19 байт; 19:26:08:814 17.01.2022
// принято 15 байт (доступно 15 из 15 байт)   // 19:26:09:174 17.01.2022
// принято с сокета: 15 байт

01 00 0F 00 FF 00 00 00 00 00 00 00 00 74 8A   // прием: 15 байт; 19:26:09:174 17.01.2022
// таймаут: 360 мсек

Чтение адресов и паролей: 26 %


00 00 09 00 FF 1C 11 3F FD   // передача: 9 байт; 19:26:09:174 17.01.2022


55 00 00 13 FF F0 00 00 09 00 FF 1C 11 3F FD 21 B3 05 1D   // передача: 19 байт; 19:26:09:174 17.01.2022
// принято 15 байт (доступно 15 из 15 байт)   // 19:26:09:503 17.01.2022
// принято с сокета: 15 байт

01 00 0F 00 FF 00 00 00 00 00 00 00 00 74 8A   // прием: 15 байт; 19:26:09:503 17.01.2022
// таймаут: 329 мсек

Чтение адресов и паролей: 28 %


00 00 09 00 FF 1C 12 7F FC   // передача: 9 байт; 19:26:09:503 17.01.2022


55 00 00 13 FF F0 00 00 09 00 FF 1C 12 7F FC 21 B3 05 1D   // передача: 19 байт; 19:26:09:503 17.01.2022
// принято 15 байт (доступно 15 из 15 байт)   // 19:26:09:846 17.01.2022
// принято с сокета: 15 байт

01 00 0F 00 FF 00 00 00 00 00 00 00 00 74 8A   // прием: 15 байт; 19:26:09:846 17.01.2022
// таймаут: 343 мсек

Чтение адресов и паролей: 30 %


00 00 09 00 FF 1C 13 BE 3C   // передача: 9 байт; 19:26:09:846 17.01.2022


55 00 00 13 FF F0 00 00 09 00 FF 1C 13 BE 3C 21 B3 05 1D   // передача: 19 байт; 19:26:09:846 17.01.2022
// принято 15 байт (доступно 15 из 15 байт)   // 19:26:10:189 17.01.2022
// принято с сокета: 15 байт

01 00 0F 00 FF 00 00 00 00 00 00 00 00 74 8A   // прием: 15 байт; 19:26:10:189 17.01.2022
// таймаут: 343 мсек

Чтение адресов и паролей: 31 %


00 00 09 00 FF 1C 14 FF FE   // передача: 9 байт; 19:26:10:189 17.01.2022


55 00 00 13 FF F0 00 00 09 00 FF 1C 14 FF FE 21 B3 05 1D   // передача: 19 байт; 19:26:10:189 17.01.2022
// принято 15 байт (доступно 15 из 15 байт)   // 19:26:10:548 17.01.2022
// принято с сокета: 15 байт

01 00 0F 00 FF 00 00 00 00 00 00 00 00 74 8A   // прием: 15 байт; 19:26:10:548 17.01.2022
// таймаут: 359 мсек

Чтение адресов и паролей: 33 %


00 00 09 00 FF 1C 15 3E 3E   // передача: 9 байт; 19:26:10:548 17.01.2022


55 00 00 13 FF F0 00 00 09 00 FF 1C 15 3E 3E 21 B3 05 1D   // передача: 19 байт; 19:26:10:548 17.01.2022
// принято 15 байт (доступно 15 из 15 байт)   // 19:26:10:891 17.01.2022
// принято с сокета: 15 байт

01 00 0F 00 FF 00 00 00 00 00 00 00 00 74 8A   // прием: 15 байт; 19:26:10:891 17.01.2022
// таймаут: 343 мсек

Чтение адресов и паролей: 34 %


00 00 09 00 FF 1C 16 7E 3F   // передача: 9 байт; 19:26:10:891 17.01.2022


55 00 00 13 FF F0 00 00 09 00 FF 1C 16 7E 3F 21 B3 05 1D   // передача: 19 байт; 19:26:10:891 17.01.2022
// принято 15 байт (доступно 15 из 15 байт)   // 19:26:11:234 17.01.2022
// принято с сокета: 15 байт

01 00 0F 00 FF 00 00 00 00 00 00 00 00 74 8A   // прием: 15 байт; 19:26:11:234 17.01.2022
// таймаут: 343 мсек

Чтение адресов и паролей: 36 %


00 00 09 00 FF 1C 17 BF FF   // передача: 9 байт; 19:26:11:234 17.01.2022


55 00 00 13 FF F0 00 00 09 00 FF 1C 17 BF FF 21 B3 05 1D   // передача: 19 байт; 19:26:11:234 17.01.2022
// принято 15 байт (доступно 15 из 15 байт)   // 19:26:11:578 17.01.2022
// принято с сокета: 15 байт

01 00 0F 00 FF 00 00 00 00 00 00 00 00 74 8A   // прием: 15 байт; 19:26:11:578 17.01.2022
// таймаут: 344 мсек

Чтение адресов и паролей: 38 %


00 00 09 00 FF 1C 18 FF FB   // передача: 9 байт; 19:26:11:578 17.01.2022


55 00 00 13 FF F0 00 00 09 00 FF 1C 18 FF FB 21 B3 05 1D   // передача: 19 байт; 19:26:11:578 17.01.2022
// принято 15 байт (доступно 15 из 15 байт)   // 19:26:11:938 17.01.2022
// принято с сокета: 15 байт

01 00 0F 00 FF 00 00 00 00 00 00 00 00 74 8A   // прием: 15 байт; 19:26:11:938 17.01.2022
// таймаут: 360 мсек

Чтение адресов и паролей: 39 %


00 00 09 00 FF 1C 19 3E 3B   // передача: 9 байт; 19:26:11:938 17.01.2022


55 00 00 13 FF F0 00 00 09 00 FF 1C 19 3E 3B 21 B3 05 1D   // передача: 19 байт; 19:26:11:938 17.01.2022
// принято 15 байт (доступно 15 из 15 байт)   // 19:26:12:281 17.01.2022
// принято с сокета: 15 байт

01 00 0F 00 FF 00 00 00 00 00 00 00 00 74 8A   // прием: 15 байт; 19:26:12:281 17.01.2022
// таймаут: 343 мсек

Чтение адресов и паролей: 41 %


00 00 09 00 FF 1C 1A 7E 3A   // передача: 9 байт; 19:26:12:281 17.01.2022


55 00 00 13 FF F0 00 00 09 00 FF 1C 1A 7E 3A 21 B3 05 1D   // передача: 19 байт; 19:26:12:281 17.01.2022
// принято 15 байт (доступно 15 из 15 байт)   // 19:26:12:629 17.01.2022
// принято с сокета: 15 байт

01 00 0F 00 FF 00 00 00 00 00 00 00 00 74 8A   // прием: 15 байт; 19:26:12:629 17.01.2022
// таймаут: 348 мсек

Чтение адресов и паролей: 42 %


00 00 09 00 FF 1C 1B BF FA   // передача: 9 байт; 19:26:12:629 17.01.2022


55 00 00 13 FF F0 00 00 09 00 FF 1C 1B BF FA 21 B3 05 1D   // передача: 19 байт; 19:26:12:629 17.01.2022
// принято 15 байт (доступно 15 из 15 байт)   // 19:26:12:987 17.01.2022
// принято с сокета: 15 байт

01 00 0F 00 FF 00 00 00 00 00 00 00 00 74 8A   // прием: 15 байт; 19:26:12:987 17.01.2022
// таймаут: 358 мсек

Чтение адресов и паролей: 44 %


00 00 09 00 FF 1C 1C FE 38   // передача: 9 байт; 19:26:12:987 17.01.2022


55 00 00 13 FF F0 00 00 09 00 FF 1C 1C FE 38 21 B3 05 1D   // передача: 19 байт; 19:26:12:987 17.01.2022
// принято 15 байт (доступно 15 из 15 байт)   // 19:26:13:331 17.01.2022
// принято с сокета: 15 байт

01 00 0F 00 FF 00 00 00 00 00 00 00 00 74 8A   // прием: 15 байт; 19:26:13:331 17.01.2022
// таймаут: 344 мсек

Чтение адресов и паролей: 46 %


00 00 09 00 FF 1C 1D 3F F8   // передача: 9 байт; 19:26:13:331 17.01.2022


55 00 00 13 FF F0 00 00 09 00 FF 1C 1D 3F F8 21 B3 05 1D   // передача: 19 байт; 19:26:13:331 17.01.2022
// принято 15 байт (доступно 15 из 15 байт)   // 19:26:13:658 17.01.2022
// принято с сокета: 15 байт

01 00 0F 00 FF 00 00 00 00 00 00 00 00 74 8A   // прием: 15 байт; 19:26:13:658 17.01.2022
// таймаут: 327 мсек

Чтение адресов и паролей: 47 %


00 00 09 00 FF 1C 1E 7F F9   // передача: 9 байт; 19:26:13:658 17.01.2022


55 00 00 13 FF F0 00 00 09 00 FF 1C 1E 7F F9 21 B3 05 1D   // передача: 19 байт; 19:26:13:658 17.01.2022
// принято 15 байт (доступно 15 из 15 байт)   // 19:26:14:018 17.01.2022
// принято с сокета: 15 байт

01 00 0F 00 FF 00 00 00 00 00 00 00 00 74 8A   // прием: 15 байт; 19:26:14:018 17.01.2022
// таймаут: 360 мсек

Чтение адресов и паролей: 49 %


00 00 09 00 FF 1C 1F BE 39   // передача: 9 байт; 19:26:14:018 17.01.2022


55 00 00 13 FF F0 00 00 09 00 FF 1C 1F BE 39 21 B3 05 1D   // передача: 19 байт; 19:26:14:018 17.01.2022
// принято 15 байт (доступно 15 из 15 байт)   // 19:26:14:361 17.01.2022
// принято с сокета: 15 байт

01 00 0F 00 FF 00 00 00 00 00 00 00 00 74 8A   // прием: 15 байт; 19:26:14:361 17.01.2022
// таймаут: 343 мсек

Чтение адресов и паролей: 50 %


00 00 09 00 FF 1C 20 FE 29   // передача: 9 байт; 19:26:14:361 17.01.2022


55 00 00 13 FF F0 00 00 09 00 FF 1C 20 FE 29 21 B3 05 1D   // передача: 19 байт; 19:26:14:361 17.01.2022
// принято 15 байт (доступно 15 из 15 байт)   // 19:26:14:704 17.01.2022
// принято с сокета: 15 байт

01 00 0F 00 FF 00 00 00 00 00 00 00 00 74 8A   // прием: 15 байт; 19:26:14:704 17.01.2022
// таймаут: 343 мсек

Чтение адресов и паролей: 52 %


00 00 09 00 FF 1C 21 3F E9   // передача: 9 байт; 19:26:14:720 17.01.2022


55 00 00 13 FF F0 00 00 09 00 FF 1C 21 3F E9 21 B3 05 1D   // передача: 19 байт; 19:26:14:720 17.01.2022
// принято 15 байт (доступно 15 из 15 байт)   // 19:26:15:048 17.01.2022
// принято с сокета: 15 байт

01 00 0F 00 FF 00 00 00 00 00 00 00 00 74 8A   // прием: 15 байт; 19:26:15:048 17.01.2022
// таймаут: 328 мсек

Чтение адресов и паролей: 53 %


00 00 09 00 FF 1C 22 7F E8   // передача: 9 байт; 19:26:15:063 17.01.2022


55 00 00 13 FF F0 00 00 09 00 FF 1C 22 7F E8 21 B3 05 1D   // передача: 19 байт; 19:26:15:063 17.01.2022
// принято 15 байт (доступно 15 из 15 байт)   // 19:26:15:407 17.01.2022
// принято с сокета: 15 байт

01 00 0F 00 FF 00 00 00 00 00 00 00 00 74 8A   // прием: 15 байт; 19:26:15:407 17.01.2022
// таймаут: 344 мсек

Чтение адресов и паролей: 55 %


00 00 09 00 FF 1C 23 BE 28   // передача: 9 байт; 19:26:15:407 17.01.2022


55 00 00 13 FF F0 00 00 09 00 FF 1C 23 BE 28 21 B3 05 1D   // передача: 19 байт; 19:26:15:407 17.01.2022
// принято 15 байт (доступно 15 из 15 байт)   // 19:26:15:752 17.01.2022
// принято с сокета: 15 байт

01 00 0F 00 FF 00 00 00 00 00 00 00 00 74 8A   // прием: 15 байт; 19:26:15:752 17.01.2022
// таймаут: 345 мсек

Чтение адресов и паролей: 57 %


00 00 09 00 FF 1C 24 FF EA   // передача: 9 байт; 19:26:15:752 17.01.2022


55 00 00 13 FF F0 00 00 09 00 FF 1C 24 FF EA 21 B3 05 1D   // передача: 19 байт; 19:26:15:752 17.01.2022
// принято 15 байт (доступно 15 из 15 байт)   // 19:26:16:110 17.01.2022
// принято с сокета: 15 байт

01 00 0F 00 FF 00 00 00 00 00 00 00 00 74 8A   // прием: 15 байт; 19:26:16:110 17.01.2022
// таймаут: 358 мсек

Чтение адресов и паролей: 58 %


00 00 09 00 FF 1C 25 3E 2A   // передача: 9 байт; 19:26:16:110 17.01.2022


55 00 00 13 FF F0 00 00 09 00 FF 1C 25 3E 2A 21 B3 05 1D   // передача: 19 байт; 19:26:16:110 17.01.2022
// принято 15 байт (доступно 15 из 15 байт)   // 19:26:16:454 17.01.2022
// принято с сокета: 15 байт

01 00 0F 00 FF 00 00 00 00 00 00 00 00 74 8A   // прием: 15 байт; 19:26:16:454 17.01.2022
// таймаут: 344 мсек

Чтение адресов и паролей: 60 %


00 00 09 00 FF 1C 26 7E 2B   // передача: 9 байт; 19:26:16:454 17.01.2022


55 00 00 13 FF F0 00 00 09 00 FF 1C 26 7E 2B 21 B3 05 1D   // передача: 19 байт; 19:26:16:454 17.01.2022
// принято 15 байт (доступно 15 из 15 байт)   // 19:26:16:797 17.01.2022
// принято с сокета: 15 байт

01 00 0F 00 FF 00 00 00 00 00 00 00 00 74 8A   // прием: 15 байт; 19:26:16:797 17.01.2022
// таймаут: 343 мсек

Чтение адресов и паролей: 61 %


00 00 09 00 FF 1C 27 BF EB   // передача: 9 байт; 19:26:16:797 17.01.2022


55 00 00 13 FF F0 00 00 09 00 FF 1C 27 BF EB 21 B3 05 1D   // передача: 19 байт; 19:26:16:797 17.01.2022
// принято 15 байт (доступно 15 из 15 байт)   // 19:26:17:156 17.01.2022
// принято с сокета: 15 байт

01 00 0F 00 FF 00 00 00 00 00 00 00 00 74 8A   // прием: 15 байт; 19:26:17:156 17.01.2022
// таймаут: 359 мсек

Чтение адресов и паролей: 63 %


00 00 09 00 FF 1C 28 FF EF   // передача: 9 байт; 19:26:17:156 17.01.2022


55 00 00 13 FF F0 00 00 09 00 FF 1C 28 FF EF 21 B3 05 1D   // передача: 19 байт; 19:26:17:156 17.01.2022
// принято 15 байт (доступно 15 из 15 байт)   // 19:26:17:483 17.01.2022
// принято с сокета: 15 байт

01 00 0F 00 FF 00 00 00 00 00 00 00 00 74 8A   // прием: 15 байт; 19:26:17:483 17.01.2022
// таймаут: 327 мсек

Чтение адресов и паролей: 65 %


00 00 09 00 FF 1C 29 3E 2F   // передача: 9 байт; 19:26:17:483 17.01.2022


55 00 00 13 FF F0 00 00 09 00 FF 1C 29 3E 2F 21 B3 05 1D   // передача: 19 байт; 19:26:17:483 17.01.2022
// принято 15 байт (доступно 15 из 15 байт)   // 19:26:17:846 17.01.2022
// принято с сокета: 15 байт

01 00 0F 00 FF 00 00 00 00 00 00 00 00 74 8A   // прием: 15 байт; 19:26:17:846 17.01.2022
// таймаут: 363 мсек

Чтение адресов и паролей: 66 %


00 00 09 00 FF 1C 2A 7E 2E   // передача: 9 байт; 19:26:17:846 17.01.2022


55 00 00 13 FF F0 00 00 09 00 FF 1C 2A 7E 2E 21 B3 05 1D   // передача: 19 байт; 19:26:17:846 17.01.2022
// принято 15 байт (доступно 15 из 15 байт)   // 19:26:18:189 17.01.2022
// принято с сокета: 15 байт

01 00 0F 00 FF 00 00 00 00 00 00 00 00 74 8A   // прием: 15 байт; 19:26:18:189 17.01.2022
// таймаут: 343 мсек

Чтение адресов и паролей: 68 %


00 00 09 00 FF 1C 2B BF EE   // передача: 9 байт; 19:26:18:189 17.01.2022


55 00 00 13 FF F0 00 00 09 00 FF 1C 2B BF EE 21 B3 05 1D   // передача: 19 байт; 19:26:18:189 17.01.2022
// принято 15 байт (доступно 15 из 15 байт)   // 19:26:18:532 17.01.2022
// принято с сокета: 15 байт

01 00 0F 00 FF 00 00 00 00 00 00 00 00 74 8A   // прием: 15 байт; 19:26:18:532 17.01.2022
// таймаут: 343 мсек

Чтение адресов и паролей: 69 %


00 00 09 00 FF 1C 2C FE 2C   // передача: 9 байт; 19:26:18:532 17.01.2022


55 00 00 13 FF F0 00 00 09 00 FF 1C 2C FE 2C 21 B3 05 1D   // передача: 19 байт; 19:26:18:532 17.01.2022
// принято 15 байт (доступно 15 из 15 байт)   // 19:26:18:876 17.01.2022
// принято с сокета: 15 байт

01 00 0F 00 FF 00 00 00 00 00 00 00 00 74 8A   // прием: 15 байт; 19:26:18:876 17.01.2022
// таймаут: 344 мсек

Чтение адресов и паролей: 71 %


00 00 09 00 FF 1C 2D 3F EC   // передача: 9 байт; 19:26:18:891 17.01.2022


55 00 00 13 FF F0 00 00 09 00 FF 1C 2D 3F EC 21 B3 05 1D   // передача: 19 байт; 19:26:18:891 17.01.2022
// принято 15 байт (доступно 15 из 15 байт)   // 19:26:19:234 17.01.2022
// принято с сокета: 15 байт

01 00 0F 00 FF 00 00 00 00 00 00 00 00 74 8A   // прием: 15 байт; 19:26:19:234 17.01.2022
// таймаут: 343 мсек

Чтение адресов и паролей: 73 %


00 00 09 00 FF 1C 2E 7F ED   // передача: 9 байт; 19:26:19:234 17.01.2022


55 00 00 13 FF F0 00 00 09 00 FF 1C 2E 7F ED 21 B3 05 1D   // передача: 19 байт; 19:26:19:234 17.01.2022
// принято 15 байт (доступно 15 из 15 байт)   // 19:26:19:593 17.01.2022
// принято с сокета: 15 байт

01 00 0F 00 FF 00 00 00 00 00 00 00 00 74 8A   // прием: 15 байт; 19:26:19:593 17.01.2022
// таймаут: 359 мсек

Чтение адресов и паролей: 74 %


00 00 09 00 FF 1C 2F BE 2D   // передача: 9 байт; 19:26:19:593 17.01.2022


55 00 00 13 FF F0 00 00 09 00 FF 1C 2F BE 2D 21 B3 05 1D   // передача: 19 байт; 19:26:19:593 17.01.2022
// принято 15 байт (доступно 15 из 15 байт)   // 19:26:19:921 17.01.2022
// принято с сокета: 15 байт

01 00 0F 00 FF 00 00 00 00 00 00 00 00 74 8A   // прием: 15 байт; 19:26:19:921 17.01.2022
// таймаут: 328 мсек

Чтение адресов и паролей: 76 %


00 00 09 00 FF 1C 30 FF E5   // передача: 9 байт; 19:26:19:921 17.01.2022


55 00 00 13 FF F0 00 00 09 00 FF 1C 30 FF E5 21 B3 05 1D   // передача: 19 байт; 19:26:19:921 17.01.2022
// принято 15 байт (доступно 15 из 15 байт)   // 19:26:20:280 17.01.2022
// принято с сокета: 15 байт

01 00 0F 00 FF 00 00 00 00 00 00 00 00 74 8A   // прием: 15 байт; 19:26:20:280 17.01.2022
// таймаут: 359 мсек

Чтение адресов и паролей: 77 %


00 00 09 00 FF 1C 31 3E 25   // передача: 9 байт; 19:26:20:280 17.01.2022


55 00 00 13 FF F0 00 00 09 00 FF 1C 31 3E 25 21 B3 05 1D   // передача: 19 байт; 19:26:20:280 17.01.2022
// принято 15 байт (доступно 15 из 15 байт)   // 19:26:20:623 17.01.2022
// принято с сокета: 15 байт

01 00 0F 00 FF 00 00 00 00 00 00 00 00 74 8A   // прием: 15 байт; 19:26:20:623 17.01.2022
// таймаут: 343 мсек

Чтение адресов и паролей: 79 %


00 00 09 00 FF 1C 32 7E 24   // передача: 9 байт; 19:26:20:623 17.01.2022


55 00 00 13 FF F0 00 00 09 00 FF 1C 32 7E 24 21 B3 05 1D   // передача: 19 байт; 19:26:20:623 17.01.2022
// принято 15 байт (доступно 15 из 15 байт)   // 19:26:20:966 17.01.2022
// принято с сокета: 15 байт

01 00 0F 00 FF 00 00 00 00 00 00 00 00 74 8A   // прием: 15 байт; 19:26:20:966 17.01.2022
// таймаут: 343 мсек

Чтение адресов и паролей: 80 %


00 00 09 00 FF 1C 33 BF E4   // передача: 9 байт; 19:26:20:966 17.01.2022


55 00 00 13 FF F0 00 00 09 00 FF 1C 33 BF E4 21 B3 05 1D   // передача: 19 байт; 19:26:20:966 17.01.2022
// принято 15 байт (доступно 15 из 15 байт)   // 19:26:21:310 17.01.2022
// принято с сокета: 15 байт

01 00 0F 00 FF 00 00 00 00 00 00 00 00 74 8A   // прием: 15 байт; 19:26:21:310 17.01.2022
// таймаут: 344 мсек

Чтение адресов и паролей: 82 %


00 00 09 00 FF 1C 34 FE 26   // передача: 9 байт; 19:26:21:310 17.01.2022


55 00 00 13 FF F0 00 00 09 00 FF 1C 34 FE 26 21 B3 05 1D   // передача: 19 байт; 19:26:21:310 17.01.2022
// принято 15 байт (доступно 15 из 15 байт)   // 19:26:21:654 17.01.2022
// принято с сокета: 15 байт

01 00 0F 00 FF 00 00 00 00 00 00 00 00 74 8A   // прием: 15 байт; 19:26:21:654 17.01.2022
// таймаут: 344 мсек

Чтение адресов и паролей: 84 %


00 00 09 00 FF 1C 35 3F E6   // передача: 9 байт; 19:26:21:654 17.01.2022


55 00 00 13 FF F0 00 00 09 00 FF 1C 35 3F E6 21 B3 05 1D   // передача: 19 байт; 19:26:21:654 17.01.2022
// принято 15 байт (доступно 15 из 15 байт)   // 19:26:21:998 17.01.2022
// принято с сокета: 15 байт

01 00 0F 00 FF 00 00 00 00 00 00 00 00 74 8A   // прием: 15 байт; 19:26:21:998 17.01.2022
// таймаут: 344 мсек

Чтение адресов и паролей: 85 %


00 00 09 00 FF 1C 36 7F E7   // передача: 9 байт; 19:26:21:998 17.01.2022


55 00 00 13 FF F0 00 00 09 00 FF 1C 36 7F E7 21 B3 05 1D   // передача: 19 байт; 19:26:21:998 17.01.2022
// принято 15 байт (доступно 15 из 15 байт)   // 19:26:22:356 17.01.2022
// принято с сокета: 15 байт

01 00 0F 00 FF 00 00 00 00 00 00 00 00 74 8A   // прием: 15 байт; 19:26:22:356 17.01.2022
// таймаут: 358 мсек

Чтение адресов и паролей: 87 %


00 00 09 00 FF 1C 37 BE 27   // передача: 9 байт; 19:26:22:356 17.01.2022


55 00 00 13 FF F0 00 00 09 00 FF 1C 37 BE 27 21 B3 05 1D   // передача: 19 байт; 19:26:22:356 17.01.2022
// принято 15 байт (доступно 15 из 15 байт)   // 19:26:22:715 17.01.2022
// принято с сокета: 15 байт

01 00 0F 00 FF 00 00 00 00 00 00 00 00 74 8A   // прием: 15 байт; 19:26:22:715 17.01.2022
// таймаут: 359 мсек

Чтение адресов и паролей: 88 %


00 00 09 00 FF 1C 38 FE 23   // передача: 9 байт; 19:26:22:715 17.01.2022


55 00 00 13 FF F0 00 00 09 00 FF 1C 38 FE 23 21 B3 05 1D   // передача: 19 байт; 19:26:22:715 17.01.2022
// принято 15 байт (доступно 15 из 15 байт)   // 19:26:23:058 17.01.2022
// принято с сокета: 15 байт

01 00 0F 00 FF 00 00 00 00 00 00 00 00 74 8A   // прием: 15 байт; 19:26:23:058 17.01.2022
// таймаут: 343 мсек

Чтение адресов и паролей: 90 %


00 00 09 00 FF 1C 39 3F E3   // передача: 9 байт; 19:26:23:058 17.01.2022


55 00 00 13 FF F0 00 00 09 00 FF 1C 39 3F E3 21 B3 05 1D   // передача: 19 байт; 19:26:23:058 17.01.2022
// принято 15 байт (доступно 15 из 15 байт)   // 19:26:23:402 17.01.2022
// принято с сокета: 15 байт

01 00 0F 00 FF 00 00 00 00 00 00 00 00 74 8A   // прием: 15 байт; 19:26:23:402 17.01.2022
// таймаут: 344 мсек

Чтение адресов и паролей: 92 %


00 00 09 00 FF 1C 3A 7F E2   // передача: 9 байт; 19:26:23:402 17.01.2022


55 00 00 13 FF F0 00 00 09 00 FF 1C 3A 7F E2 21 B3 05 1D   // передача: 19 байт; 19:26:23:402 17.01.2022
// принято 15 байт (доступно 15 из 15 байт)   // 19:26:23:746 17.01.2022
// принято с сокета: 15 байт

01 00 0F 00 FF 00 00 00 00 00 00 00 00 74 8A   // прием: 15 байт; 19:26:23:746 17.01.2022
// таймаут: 344 мсек

Чтение адресов и паролей: 93 %


00 00 09 00 FF 1C 3B BE 22   // передача: 9 байт; 19:26:23:746 17.01.2022


55 00 00 13 FF F0 00 00 09 00 FF 1C 3B BE 22 21 B3 05 1D   // передача: 19 байт; 19:26:23:746 17.01.2022
// принято 15 байт (доступно 15 из 15 байт)   // 19:26:24:089 17.01.2022
// принято с сокета: 15 байт

01 00 0F 00 FF 00 00 00 00 00 00 00 00 74 8A   // прием: 15 байт; 19:26:24:089 17.01.2022
// таймаут: 343 мсек

Чтение адресов и паролей: 95 %


00 00 09 00 FF 1C 3C FF E0   // передача: 9 байт; 19:26:24:089 17.01.2022


55 00 00 13 FF F0 00 00 09 00 FF 1C 3C FF E0 21 B3 05 1D   // передача: 19 байт; 19:26:24:089 17.01.2022
// принято 15 байт (доступно 15 из 15 байт)   // 19:26:24:448 17.01.2022
// принято с сокета: 15 байт

01 00 0F 00 FF 00 00 00 00 00 00 00 00 74 8A   // прием: 15 байт; 19:26:24:448 17.01.2022
// таймаут: 359 мсек

Чтение адресов и паролей: 96 %


00 00 09 00 FF 1C 3D 3E 20   // передача: 9 байт; 19:26:24:448 17.01.2022


55 00 00 13 FF F0 00 00 09 00 FF 1C 3D 3E 20 21 B3 05 1D   // передача: 19 байт; 19:26:24:448 17.01.2022
// принято 15 байт (доступно 15 из 15 байт)   // 19:26:24:791 17.01.2022
// принято с сокета: 15 байт

01 00 0F 00 FF 00 00 00 00 00 00 00 00 74 8A   // прием: 15 байт; 19:26:24:791 17.01.2022
// таймаут: 343 мсек

Чтение адресов и паролей: 98 %


00 00 09 00 FF 1C 3E 7E 21   // передача: 9 байт; 19:26:24:791 17.01.2022


55 00 00 13 FF F0 00 00 09 00 FF 1C 3E 7E 21 21 B3 05 1D   // передача: 19 байт; 19:26:24:791 17.01.2022
// принято 15 байт (доступно 15 из 15 байт)   // 19:26:25:134 17.01.2022
// принято с сокета: 15 байт

01 00 0F 00 FF 00 00 00 00 00 00 00 00 74 8A   // прием: 15 байт; 19:26:25:134 17.01.2022
// таймаут: 343 мсек

Чтение адресов и паролей: 100 %


00 00 09 00 FF 1C 3F BF E1   // передача: 9 байт; 19:26:25:134 17.01.2022


55 00 00 13 FF F0 00 00 09 00 FF 1C 3F BF E1 21 B3 05 1D   // передача: 19 байт; 19:26:25:134 17.01.2022
// принято 15 байт (доступно 15 из 15 байт)   // 19:26:25:477 17.01.2022
// принято с сокета: 15 байт

01 00 0F 00 FF 00 00 00 00 00 00 00 00 74 8A   // прием: 15 байт; 19:26:25:477 17.01.2022
// таймаут: 343 мсек

Чтение адресов и паролей: 100 %
Чтение адресов и паролей


00 00 09 00 FD 88 00 30 F1   // передача: 9 байт; 19:26:31:480 17.01.2022


55 00 00 13 FF F0 00 00 09 00 FD 88 00 30 F1 21 B3 05 1D   // передача: 19 байт; 19:26:31:480 17.01.2022
// принято 8 байт (доступно 8 из 25 байт)   // 19:26:31:684 17.01.2022
// приём по таймауту: 5000 мс
// принято с сокета: 8 байт

01 00 08 00 FD 01 82 FA   // прием: 8 байт; 19:26:36:694 17.01.2022
// таймаут: 5214 мсек

Событие: Disconnected.   // 19:27:32:633 17.01.2022
Отсоединение   // 19:27:32:633 17.01.2022
// принято 0 байт (доступно 8 из 0 байт)   // 19:27:32:633 17.01.2022
// принято с сокета: 8 байт

01 00 08 00 FD 01 82 FA   // прием: 8 байт; 19:27:32:633 17.01.2022
// таймаут: 1153 мсек

Ошибка при закрытии сокета: Thread Error: Отказано в доступе (5)   // 19:28:15:251 17.01.2022

// О программе
