OnTapiStatus event
событие: Dialing... 029-190-59-08
OnTapiStatus event
событие: Proceeding... 029-190-59-08
OnTapiStatus event
Last event
OnTapiPortOpen event
OnTapiConnect event
установлено соединение на скорости 9600



1B EE   // передача: 2 байт; 19:57:22:079 21.05.2019
// приём по количеству байт: 39 из 39
// принято с порта: 39 байт

0D 0A D0 E0 E1 EE F2 E0 20 20 20 20 20 20 20 20 20 20 0D 0A 20 20 20 20 20 20 20 CE CA 20 20 20 20 20 20 20 0D 0A 2E   // прием: 39 байт; 19:57:23:318 21.05.2019
// таймаут: 1239 мсек

Работа          
       ОК       



1B EC   // передача: 2 байт; 19:57:24:038 21.05.2019
// приём по количеству байт: 39 из 39
// принято с порта: 39 байт

0D 0A D0 E0 E1 EE F2 E0 20 20 20 20 20 20 20 20 20 20 0D 0A 20 20 20 20 20 20 20 CE CA 20 20 20 20 20 20 20 0D 0A 2E   // прием: 39 байт; 19:57:25:275 21.05.2019
// таймаут: 1237 мсек




1B EE   // передача: 2 байт; 19:57:25:275 21.05.2019



1B EE   // передача: 2 байт; 19:57:25:535 21.05.2019
// приём по количеству байт: 39 из 39
// принято с порта: 39 байт

0D 0A CF F0 EE E3 F0 E0 EC EC E0 20 3F 20 20 20 20 20 0D 0A 3D 5F 5F 5F 20 20 20 20 20 20 20 20 20 20 20 20 0D 0A 36   // прием: 39 байт; 19:57:26:516 21.05.2019
// таймаут: 981 мсек

Программа ?     
=___            
// приём по количеству байт: 8 из 0
// принято с порта: 8 байт

0D 0A CF F0 EE E3 F0 E0   // прием: 8 байт; 19:57:26:696 21.05.2019
// таймаут: 1161 мсек

// приём по количеству байт: 8 из 0
// принято с порта: 8 байт

EC EC E0 20 3F 20 20 20   // прием: 8 байт; 19:57:26:696 21.05.2019
// таймаут: 1161 мсек

// приём по количеству байт: 7 из 0
// принято с порта: 7 байт

20 20 0D 0A 3D 5F 5F   // прием: 7 байт; 19:57:26:697 21.05.2019
// таймаут: 1162 мсек

// приём по количеству байт: 5 из 0
// принято с порта: 5 байт

5F 20 20 20 20   // прием: 5 байт; 19:57:26:714 21.05.2019
// таймаут: 1179 мсек

// приём по количеству байт: 8 из 0
// принято с порта: 8 байт

20 20 20 20 20 20 20 20   // прием: 8 байт; 19:57:26:756 21.05.2019
// таймаут: 1221 мсек

// приём по количеству байт: 3 из 0
// принято с порта: 3 байт

0D 0A 36   // прием: 3 байт; 19:57:26:756 21.05.2019
// таймаут: 1221 мсек




1B E1   // передача: 2 байт; 19:57:27:775 21.05.2019



1B E9   // передача: 2 байт; 19:57:28:474 21.05.2019
// приём по количеству байт: 39 из 39
// принято с порта: 39 байт

0D 0A CF F0 EE E3 F0 E0 EC EC E0 20 3F 20 20 20 20 20 0D 0A 3D 5F 5F 5F 20 20 20 20 20 20 20 20 20 20 20 20 0D 0A 36   // прием: 39 байт; 19:57:29:018 21.05.2019
// таймаут: 544 мсек




1B EE   // передача: 2 байт; 19:57:29:019 21.05.2019



1B E2   // передача: 2 байт; 19:57:29:165 21.05.2019
// приём по количеству байт: 39 из 39
// принято с порта: 39 байт

0D 0A CF F0 EE E3 F0 E0 EC EC E0 20 3F 20 20 20 20 20 0D 0A 3D 5F 5F 31 20 20 20 20 20 20 20 20 20 20 20 20 0D 0A 08   // прием: 39 байт; 19:57:29:713 21.05.2019
// таймаут: 548 мсек




1B EE   // передача: 2 байт; 19:57:29:713 21.05.2019



1B ED   // передача: 2 байт; 19:57:29:919 21.05.2019
// приём по количеству байт: 39 из 39
// принято с порта: 39 байт

0D 0A CF F0 EE E3 F0 E0 EC EC E0 20 3F 20 20 20 20 20 0D 0A 3D 5F 31 39 20 20 20 20 20 20 20 20 20 20 20 20 0D 0A E2   // прием: 39 байт; 19:57:30:255 21.05.2019
// таймаут: 336 мсек




1B EE   // передача: 2 байт; 19:57:30:256 21.05.2019
// приём по количеству байт: 39 из 39
// принято с порта: 39 байт

0D 0A CF F0 EE E3 F0 E0 EC EC E0 20 3F 20 20 20 20 20 0D 0A 3D 5F 31 39 20 20 20 20 20 20 20 20 20 20 20 20 0D 0A E2   // прием: 39 байт; 19:57:30:416 21.05.2019
// таймаут: 160 мсек

Программа ?     
=_19            



1B EE   // передача: 2 байт; 19:57:30:663 21.05.2019
// приём по количеству байт: 39 из 39
// принято с порта: 39 байт

0D 0A CF F0 EE E3 F0 E0 EC EC E0 20 3F 20 20 20 20 20 0D 0A 3D 31 39 32 20 20 20 20 20 20 20 20 20 20 20 20 0D 0A B5   // прием: 39 байт; 19:57:30:956 21.05.2019
// таймаут: 293 мсек

Программа ?     
=192            
// приём по количеству байт: 8 из 0
// принято с порта: 8 байт

0D 0A CF F0 EE E3 F0 E0   // прием: 8 байт; 19:57:31:094 21.05.2019
// таймаут: 431 мсек

// приём по количеству байт: 8 из 0
// принято с порта: 8 байт

EC EC E0 20 3F 20 20 20   // прием: 8 байт; 19:57:31:095 21.05.2019
// таймаут: 432 мсек

// приём по количеству байт: 7 из 0
// принято с порта: 7 байт

20 20 0D 0A 3D 31 39   // прием: 7 байт; 19:57:31:096 21.05.2019
// таймаут: 433 мсек

// приём по количеству байт: 4 из 0
// принято с порта: 4 байт

32 20 20 20   // прием: 4 байт; 19:57:31:117 21.05.2019
// таймаут: 454 мсек

// приём по количеству байт: 8 из 0
// принято с порта: 8 байт

20 20 20 20 20 20 20 20   // прием: 8 байт; 19:57:31:154 21.05.2019
// таймаут: 491 мсек

// приём по количеству байт: 4 из 0
// принято с порта: 4 байт

20 0D 0A B5   // прием: 4 байт; 19:57:31:155 21.05.2019
// таймаут: 492 мсек

// приём по количеству байт: 8 из 0
// принято с порта: 8 байт

0D 0A 20 20 20 C7 E0 E3   // прием: 8 байт; 19:57:31:426 21.05.2019
// таймаут: 763 мсек

// приём по количеству байт: 8 из 0
// принято с порта: 8 байт

F0 F3 E6 E0 F2 FC 20 20   // прием: 8 байт; 19:57:31:426 21.05.2019
// таймаут: 763 мсек

// приём по количеству байт: 7 из 0
// принято с порта: 7 байт

20 20 0D 0A 2E ED E5   // прием: 7 байт; 19:57:31:426 21.05.2019
// таймаут: 763 мсек

// приём по количеству байт: 5 из 0
// принято с порта: 5 байт

F2 00 20 20 20   // прием: 5 байт; 19:57:31:442 21.05.2019
// таймаут: 779 мсек

// приём по количеству байт: 8 из 0
// принято с порта: 8 байт

20 20 20 20 20 20 20 20   // прием: 8 байт; 19:57:31:488 21.05.2019
// таймаут: 825 мсек

// приём по количеству байт: 3 из 0
// принято с порта: 3 байт

0D 0A 98   // прием: 3 байт; 19:57:31:488 21.05.2019
// таймаут: 825 мсек

// приём по количеству байт: 8 из 0
// принято с порта: 8 байт

0D 0A 20 20 20 C7 E0 E3   // прием: 8 байт; 19:57:31:831 21.05.2019
// таймаут: 1168 мсек

// приём по количеству байт: 8 из 0
// принято с порта: 8 байт

F0 F3 E6 E0 F2 FC 20 20   // прием: 8 байт; 19:57:31:831 21.05.2019
// таймаут: 1168 мсек

// приём по количеству байт: 7 из 0
// принято с порта: 7 байт

20 20 0D 0A 2E ED E5   // прием: 7 байт; 19:57:31:831 21.05.2019
// таймаут: 1168 мсек

// приём по количеству байт: 5 из 0
// принято с порта: 5 байт

F2 00 20 20 20   // прием: 5 байт; 19:57:31:847 21.05.2019
// таймаут: 1184 мсек

// приём по количеству байт: 8 из 0
// принято с порта: 8 байт

20 20 20 20 20 20 20 20   // прием: 8 байт; 19:57:31:894 21.05.2019
// таймаут: 1231 мсек

// приём по количеству байт: 3 из 0
// принято с порта: 3 байт

0D 0A 98   // прием: 3 байт; 19:57:31:894 21.05.2019
// таймаут: 1231 мсек




1B EE   // передача: 2 байт; 19:57:33:463 21.05.2019
// приём по количеству байт: 39 из 39
// принято с порта: 39 байт

0D 0A 20 20 20 C7 E0 E3 F0 F3 E6 E0 F2 FC 20 20 20 20 0D 0A 2E ED E5 F2 00 20 20 20 20 20 20 20 20 20 20 20 0D 0A 98   // прием: 39 байт; 19:57:34:687 21.05.2019
// таймаут: 1224 мсек

   Загружать    
.нет            



1B EE   // передача: 2 байт; 19:57:36:479 21.05.2019
// приём по количеству байт: 39 из 39
// принято с порта: 39 байт

0D 0A 20 33 2D EC E8 ED 2E 20 E4 E0 ED ED FB E5 20 3F 0D 0A 2E ED E5 F2 00 20 20 20 20 20 20 20 20 20 20 20 0D 0A 03   // прием: 39 байт; 19:57:37:718 21.05.2019
// таймаут: 1239 мсек

 3-мин. данные ?
.нет            
OnTapiStatus event
событие: Call disconnected (Normal Hangup by Remote) 029-190-59-08
OnTapiStatus event
событие: Line is idle 029-190-59-08
OnTapiPortClose event

// О программе
