OnTapiStatus event
событие: Dialing... 029-190-59-08
OnTapiStatus event
событие: Proceeding... 029-190-59-08
OnTapiStatus event
Last event
OnTapiPortOpen event
OnTapiConnect event
установлено соединение на скорости 9600



1B EC   // передача: 2 байт; 20:03:00:387 21.05.2019



1B EE   // передача: 2 байт; 20:03:03:991 21.05.2019



1B EC   // передача: 2 байт; 20:03:05:972 21.05.2019



1B EE   // передача: 2 байт; 20:03:07:829 21.05.2019
// приём по количеству байт: 39 из 39
// принято с порта: 39 байт

0D 0A CA E0 ED E0 EB 3A 20 31 33 00 20 20 20 20 20 20 0D 0A 20 20 20 20 20 20 20 20 20 20 20 20 20 20 20 20 0D 0A 25   // прием: 39 байт; 20:03:09:779 21.05.2019
// таймаут: 1950 мсек

Канал: 13       
                



1B EE   // передача: 2 байт; 20:03:11:588 21.05.2019
// приём по количеству байт: 39 из 39
// принято с порта: 39 байт

0D 0A D0 E0 E1 EE F2 E0 20 20 20 20 20 20 20 20 20 20 0D 0A 20 20 20 20 20 20 20 CE CA 20 20 20 20 20 20 20 0D 0A 2E   // прием: 39 байт; 20:03:12:836 21.05.2019
// таймаут: 1248 мсек

Работа          
       ОК       



1B EE   // передача: 2 байт; 20:03:13:850 21.05.2019
// приём по количеству байт: 39 из 39
// принято с порта: 39 байт

0D 0A D0 E0 E1 EE F2 E0 20 20 20 20 20 20 20 20 20 20 0D 0A 20 20 20 20 20 20 20 CE CA 20 20 20 20 20 20 20 0D 0A 2E   // прием: 39 байт; 20:03:15:129 21.05.2019
// таймаут: 1279 мсек

Работа          
       ОК       



1B EC   // передача: 2 байт; 20:03:15:831 21.05.2019
// приём по количеству байт: 39 из 39
// принято с порта: 39 байт

0D 0A D0 E0 E1 EE F2 E0 20 20 20 20 20 20 20 20 20 20 0D 0A 20 20 20 20 20 20 20 CE CA 20 20 20 20 20 20 20 0D 0A 2E   // прием: 39 байт; 20:03:17:126 21.05.2019
// таймаут: 1295 мсек




1B EE   // передача: 2 байт; 20:03:17:126 21.05.2019
// приём по количеству байт: 39 из 39
// принято с порта: 39 байт

0D 0A CF F0 EE E3 F0 E0 EC EC E0 20 3F 20 20 20 20 20 0D 0A 3D 5F 5F 5F 20 20 20 20 20 20 20 20 20 20 20 20 0D 0A 36   // прием: 39 байт; 20:03:18:483 21.05.2019
// таймаут: 1357 мсек

Программа ?     
=___            



1B E1   // передача: 2 байт; 20:03:19:170 21.05.2019
// приём по количеству байт: 39 из 39
// принято с порта: 39 байт

0D 0A CF F0 EE E3 F0 E0 EC EC E0 20 3F 20 20 20 20 20 0D 0A 3D 5F 5F 5F 20 20 20 20 20 20 20 20 20 20 20 20 0D 0A 36   // прием: 39 байт; 20:03:20:433 21.05.2019
// таймаут: 1263 мсек




1B EE   // передача: 2 байт; 20:03:20:433 21.05.2019



1B E9   // передача: 2 байт; 20:03:20:511 21.05.2019
// приём по количеству байт: 39 из 39
// принято с порта: 39 байт

0D 0A CF F0 EE E3 F0 E0 EC EC E0 20 3F 20 20 20 20 20 0D 0A 3D 5F 5F 31 20 20 20 20 20 20 20 20 20 20 20 20 0D 0A 08   // прием: 39 байт; 20:03:21:806 21.05.2019
// таймаут: 1295 мсек




1B EE   // передача: 2 байт; 20:03:21:806 21.05.2019



1B E0   // передача: 2 байт; 20:03:22:649 21.05.2019
// приём по количеству байт: 39 из 39
// принято с порта: 39 байт

0D 0A CF F0 EE E3 F0 E0 EC EC E0 20 3F 20 20 20 20 20 0D 0A 3D 5F 5F 31 20 20 20 20 20 20 20 20 20 20 20 20 0D 0A 08   // прием: 39 байт; 20:03:23:117 21.05.2019
// таймаут: 468 мсек




1B EE   // передача: 2 байт; 20:03:23:117 21.05.2019
// приём по количеству байт: 39 из 39
// принято с порта: 39 байт

0D 0A CF F0 EE E3 F0 E0 EC EC E0 20 3F 20 20 20 20 20 0D 0A 3D 5F 5F 31 20 20 20 20 20 20 20 20 20 20 20 20 0D 0A 08   // прием: 39 байт; 20:03:23:943 21.05.2019
// таймаут: 826 мсек

Программа ?     
=__1            
// приём по количеству байт: 8 из 0
// принято с порта: 8 байт

0D 0A CF F0 EE E3 F0 E0   // прием: 8 байт; 20:03:24:365 21.05.2019
// таймаут: 1248 мсек

// приём по количеству байт: 8 из 0
// принято с порта: 8 байт

EC EC E0 20 3F 20 20 20   // прием: 8 байт; 20:03:24:365 21.05.2019
// таймаут: 1248 мсек

// приём по количеству байт: 7 из 0
// принято с порта: 7 байт

20 20 0D 0A 3D 5F 31   // прием: 7 байт; 20:03:24:365 21.05.2019
// таймаут: 1248 мсек

// приём по количеству байт: 5 из 0
// принято с порта: 5 байт

30 20 20 20 20   // прием: 5 байт; 20:03:24:380 21.05.2019
// таймаут: 1263 мсек

// приём по количеству байт: 8 из 0
// принято с порта: 8 байт

20 20 20 20 20 20 20 20   // прием: 8 байт; 20:03:24:427 21.05.2019
// таймаут: 1310 мсек

// приём по количеству байт: 3 из 0
// принято с порта: 3 байт

0D 0A D9   // прием: 3 байт; 20:03:24:427 21.05.2019
// таймаут: 1310 мсек




1B ED   // передача: 2 байт; 20:03:25:441 21.05.2019



1B EE   // передача: 2 байт; 20:03:26:065 21.05.2019
// приём по количеству байт: 39 из 39
// принято с порта: 39 байт

0D 0A CF F0 EE E3 F0 E0 EC EC E0 20 3F 20 20 20 20 20 0D 0A 3D 5F 31 30 20 20 20 20 20 20 20 20 20 20 20 20 0D 0A D9   // прием: 39 байт; 20:03:26:736 21.05.2019
// таймаут: 671 мсек

Программа ?     
=_10            
// приём по количеству байт: 8 из 0
// принято с порта: 8 байт

0D 0A 20 D2 E0 F0 E8 F4   // прием: 8 байт; 20:03:27:282 21.05.2019
// таймаут: 1217 мсек

// приём по количеству байт: 8 из 0
// принято с порта: 8 байт

ED FB E5 20 E7 EE ED FB   // прием: 8 байт; 20:03:27:282 21.05.2019
// таймаут: 1217 мсек

// приём по количеству байт: 7 из 0
// принято с порта: 7 байт

20 20 0D 0A 30 31 5F   // прием: 7 байт; 20:03:27:282 21.05.2019
// таймаут: 1217 мсек

// приём по количеству байт: 8 из 0
// принято с порта: 8 байт

5F 5F 5F 5F 5F 5F 5F 5F   // прием: 8 байт; 20:03:27:297 21.05.2019
// таймаут: 1232 мсек

// приём по количеству байт: 8 из 0
// принято с порта: 8 байт

5F 5F 5F 31 32 0D 0A 05   // прием: 8 байт; 20:03:27:297 21.05.2019
// таймаут: 1232 мсек




1B EE   // передача: 2 байт; 20:03:27:689 21.05.2019
// приём по количеству байт: 39 из 39
// принято с порта: 39 байт

0D 0A 20 D2 E0 F0 E8 F4 ED FB E5 20 E7 EE ED FB 20 20 0D 0A 30 31 5F 5F 5F 5F 5F 5F 5F 5F 5F 5F 5F 5F 31 32 0D 0A 05   // прием: 39 байт; 20:03:28:984 21.05.2019
// таймаут: 1295 мсек

 Тарифные зоны  
01____________12



1B EC   // передача: 2 байт; 20:03:29:811 21.05.2019
// приём по количеству байт: 39 из 39
// принято с порта: 39 байт

0D 0A 20 20 20 EF EE 20 EC E5 F1 FF F6 E0 EC 20 20 20 0D 0A 30 31 5F 5F 5F 5F 5F 5F 5F 5F 5F 5F 5F 5F 31 32 0D 0A BD   // прием: 39 байт; 20:03:31:106 21.05.2019
// таймаут: 1295 мсек




1B EE   // передача: 2 байт; 20:03:31:106 21.05.2019
// приём по количеству байт: 39 из 39
// принято с порта: 39 байт

0D 0A CF F0 EE E3 F0 E0 EC EC E0 20 3F 20 20 20 20 20 0D 0A 3D 5F 5F 5F 20 20 20 20 20 20 20 20 20 20 20 20 0D 0A 36   // прием: 39 байт; 20:03:32:447 21.05.2019
// таймаут: 1341 мсек

Программа ?     
=___            



1B E1   // передача: 2 байт; 20:03:33:415 21.05.2019
// приём по количеству байт: 39 из 39
// принято с порта: 39 байт

0D 0A CF F0 EE E3 F0 E0 EC EC E0 20 3F 20 20 20 20 20 0D 0A 3D 5F 5F 5F 20 20 20 20 20 20 20 20 20 20 20 20 0D 0A 36   // прием: 39 байт; 20:03:34:709 21.05.2019
// таймаут: 1294 мсек




1B EE   // передача: 2 байт; 20:03:34:709 21.05.2019



1B E1   // передача: 2 байт; 20:03:35:692 21.05.2019
// приём по количеству байт: 39 из 39
// принято с порта: 39 байт

0D 0A CF F0 EE E3 F0 E0 EC EC E0 20 3F 20 20 20 20 20 0D 0A 3D 5F 5F 31 20 20 20 20 20 20 20 20 20 20 20 20 0D 0A 08   // прием: 39 байт; 20:03:36:067 21.05.2019
// таймаут: 375 мсек




1B EE   // передача: 2 байт; 20:03:36:067 21.05.2019
// приём по количеству байт: 39 из 39
// принято с порта: 39 байт

0D 0A CF F0 EE E3 F0 E0 EC EC E0 20 3F 20 20 20 20 20 0D 0A 3D 5F 5F 31 20 20 20 20 20 20 20 20 20 20 20 20 0D 0A 08   // прием: 39 байт; 20:03:36:956 21.05.2019
// таймаут: 889 мсек

Программа ?     
=__1            
// приём по количеству байт: 8 из 0
// принято с порта: 8 байт

0D 0A CF F0 EE E3 F0 E0   // прием: 8 байт; 20:03:37:299 21.05.2019
// таймаут: 1232 мсек

// приём по количеству байт: 8 из 0
// принято с порта: 8 байт

EC EC E0 20 3F 20 20 20   // прием: 8 байт; 20:03:37:299 21.05.2019
// таймаут: 1232 мсек

// приём по количеству байт: 7 из 0
// принято с порта: 7 байт

20 20 0D 0A 3D 5F 31   // прием: 7 байт; 20:03:37:299 21.05.2019
// таймаут: 1232 мсек

// приём по количеству байт: 5 из 0
// принято с порта: 5 байт

31 20 20 20 20   // прием: 5 байт; 20:03:37:330 21.05.2019
// таймаут: 1263 мсек

// приём по количеству байт: 8 из 0
// принято с порта: 8 байт

20 20 20 20 20 20 20 20   // прием: 8 байт; 20:03:37:361 21.05.2019
// таймаут: 1294 мсек

// приём по количеству байт: 3 из 0
// принято с порта: 3 байт

0D 0A DA   // прием: 3 байт; 20:03:37:361 21.05.2019
// таймаут: 1294 мсек




1B E2   // передача: 2 байт; 20:03:37:689 21.05.2019
// приём по количеству байт: 39 из 39
// принято с порта: 39 байт

0D 0A CF F0 EE E3 F0 E0 EC EC E0 20 3F 20 20 20 20 20 0D 0A 3D 5F 31 31 20 20 20 20 20 20 20 20 20 20 20 20 0D 0A DA   // прием: 39 байт; 20:03:38:984 21.05.2019
// таймаут: 1295 мсек




1B EE   // передача: 2 байт; 20:03:38:984 21.05.2019
// приём по количеству байт: 39 из 39
// принято с порта: 39 байт

0D 0A CF F0 EE E3 F0 E0 EC EC E0 20 3F 20 20 20 20 20 0D 0A 3D 31 31 32 20 20 20 20 20 20 20 20 20 20 20 20 0D 0A AD   // прием: 39 байт; 20:03:40:279 21.05.2019
// таймаут: 1295 мсек

Программа ?     
=112            



1B ED   // передача: 2 байт; 20:03:40:606 21.05.2019



1B EE   // передача: 2 байт; 20:03:41:480 21.05.2019
// приём по количеству байт: 39 из 39
// принято с порта: 39 байт

0D 0A CF F0 EE E3 F0 E0 EC EC E0 20 3F 20 20 20 20 20 0D 0A 3D 31 31 32 20 20 20 20 20 20 20 20 20 20 20 20 0D 0A AD   // прием: 39 байт; 20:03:41:901 21.05.2019
// таймаут: 421 мсек

Программа ?     
=112            
// приём по количеству байт: 8 из 0
// принято с порта: 8 байт

0D 0A C2 F0 E5 EC FF 20   // прием: 8 байт; 20:03:42:697 21.05.2019
// таймаут: 1217 мсек

// приём по количеству байт: 8 из 0
// принято с порта: 8 байт

E8 20 E4 E0 F2 E0 20 20   // прием: 8 байт; 20:03:42:697 21.05.2019
// таймаут: 1217 мсек

// приём по количеству байт: 7 из 0
// принято с порта: 7 байт

20 20 0D 0A 20 20 20   // прием: 7 байт; 20:03:42:697 21.05.2019
// таймаут: 1217 мсек

// приём по количеству байт: 1 из 0
// принято с порта: 1 байт

EA   // прием: 1 байт; 20:03:42:728 21.05.2019
// таймаут: 1248 мсек

// приём по количеству байт: 8 из 0
// принято с порта: 8 байт

E0 ED E0 EB 20 3F 5F 5F   // прием: 8 байт; 20:03:42:790 21.05.2019
// таймаут: 1310 мсек

// приём по количеству байт: 7 из 0
// принято с порта: 7 байт

20 20 20 20 0D 0A 84   // прием: 7 байт; 20:03:42:790 21.05.2019
// таймаут: 1310 мсек

// приём по таймауту: 5000 мс
// принято с порта: 0 байт



1B EE   // передача: 2 байт; 20:03:48:001 21.05.2019
// приём по количеству байт: 39 из 39
// принято с порта: 39 байт

0D 0A C2 F0 E5 EC FF 20 E8 20 E4 E0 F2 E0 20 20 20 20 0D 0A 20 20 20 EA E0 ED E0 EB 20 3F 5F 5F 20 20 20 20 0D 0A 84   // прием: 39 байт; 20:03:49:233 21.05.2019
// таймаут: 1232 мсек

Время и дата    
   канал ?__    



1B E2   // передача: 2 байт; 20:03:50:512 21.05.2019
// приём по количеству байт: 39 из 39
// принято с порта: 39 байт

0D 0A C2 F0 E5 EC FF 20 E8 20 E4 E0 F2 E0 20 20 20 20 0D 0A 20 20 20 EA E0 ED E0 EB 20 3F 5F 5F 20 20 20 20 0D 0A 84   // прием: 39 байт; 20:03:51:807 21.05.2019
// таймаут: 1295 мсек




1B EE   // передача: 2 байт; 20:03:51:807 21.05.2019



1B E5   // передача: 2 байт; 20:03:52:338 21.05.2019
// приём по количеству байт: 39 из 39
// принято с порта: 39 байт

0D 0A C2 F0 E5 EC FF 20 E8 20 E4 E0 F2 E0 20 20 20 20 0D 0A 20 20 20 EA E0 ED E0 EB 20 3F 5F 32 20 20 20 20 0D 0A 57   // прием: 39 байт; 20:03:53:102 21.05.2019
// таймаут: 764 мсек




1B EE   // передача: 2 байт; 20:03:53:102 21.05.2019
// приём по количеству байт: 39 из 39
// принято с порта: 39 байт

0D 0A C2 F0 E5 EC FF 20 E8 20 E4 E0 F2 E0 20 20 20 20 0D 0A 20 20 20 EA E0 ED E0 EB 20 3F 5F 32 20 20 20 20 0D 0A 57   // прием: 39 байт; 20:03:53:617 21.05.2019
// таймаут: 515 мсек

Время и дата    
   канал ?_2    



1B EE   // передача: 2 байт; 20:03:53:913 21.05.2019
// приём по количеству байт: 39 из 39
// принято с порта: 39 байт

0D 0A C2 F0 E5 EC FF 20 E8 20 E4 E0 F2 E0 20 20 20 20 0D 0A 20 20 20 EA E0 ED E0 EB 20 3F 32 35 20 20 20 20 0D 0A 2D   // прием: 39 байт; 20:03:54:428 21.05.2019
// таймаут: 515 мсек

Время и дата    
   канал ?25    
// приём по количеству байт: 8 из 0
// принято с порта: 8 байт

0D 0A C2 F0 E5 EC FF 20   // прием: 8 байт; 20:03:55:146 21.05.2019
// таймаут: 1233 мсек

// приём по количеству байт: 8 из 0
// принято с порта: 8 байт

E8 20 E4 E0 F2 E0 20 20   // прием: 8 байт; 20:03:55:146 21.05.2019
// таймаут: 1233 мсек

// приём по количеству байт: 7 из 0
// принято с порта: 7 байт

20 20 0D 0A 20 20 20   // прием: 7 байт; 20:03:55:146 21.05.2019
// таймаут: 1233 мсек

// приём по количеству байт: 1 из 0
// принято с порта: 1 байт

EA   // прием: 1 байт; 20:03:55:161 21.05.2019
// таймаут: 1248 мсек




1B ED   // передача: 2 байт; 20:03:55:192 21.05.2019



1B EE   // передача: 2 байт; 20:03:55:832 21.05.2019
// приём по количеству байт: 42 из 39
// принято с порта: 42 байт

E0 ED E0 EB 20 3F 32 35 20 20 20 20 0D 0A 2D 0D 0A C2 F0 E5 EC FF 20 E8 20 E4 E0 F2 E0 20 20 20 20 0D 0A 20 20 20 EA E0 ED E0   // прием: 42 байт; 20:03:56:440 21.05.2019
// таймаут: 608 мсек

// приём по количеству байт: 12 из 0
// принято с порта: 12 байт

EB 20 3F 32 35 20 20 20 20 0D 0A 2D   // прием: 12 байт; 20:03:57:403 21.05.2019
// таймаут: 1571 мсек




1B EE   // передача: 2 байт; 20:03:58:037 21.05.2019
// приём по количеству байт: 39 из 39
// принято с порта: 39 байт

0D 0A C2 F0 E5 EC FF 20 E8 20 E4 E0 F2 E0 20 20 20 20 0D 0A 20 20 20 20 EE F8 E8 E1 EA E0 20 21 20 20 20 20 0D 0A BF   // прием: 39 байт; 20:03:58:754 21.05.2019
// таймаут: 717 мсек

Время и дата    
    ошибка !    
// приём по количеству байт: 8 из 0
// принято с порта: 8 байт

0D 0A C2 F0 E5 EC FF 20   // прием: 8 байт; 20:03:59:285 21.05.2019
// таймаут: 1248 мсек

// приём по количеству байт: 8 из 0
// принято с порта: 8 байт

E8 20 E4 E0 F2 E0 20 20   // прием: 8 байт; 20:03:59:285 21.05.2019
// таймаут: 1248 мсек

// приём по количеству байт: 7 из 0
// принято с порта: 7 байт

20 20 0D 0A 20 20 20   // прием: 7 байт; 20:03:59:285 21.05.2019
// таймаут: 1248 мсек

// приём по количеству байт: 5 из 0
// принято с порта: 5 байт

20 EE F8 E8 E1   // прием: 5 байт; 20:03:59:300 21.05.2019
// таймаут: 1263 мсек

// приём по количеству байт: 8 из 0
// принято с порта: 8 байт

EA E0 20 21 20 20 20 20   // прием: 8 байт; 20:03:59:347 21.05.2019
// таймаут: 1310 мсек

// приём по количеству байт: 3 из 0
// принято с порта: 3 байт

0D 0A BF   // прием: 3 байт; 20:03:59:347 21.05.2019
// таймаут: 1310 мсек




1B ED   // передача: 2 байт; 20:04:00:829 21.05.2019
// приём по количеству байт: 39 из 39
// принято с порта: 39 байт

0D 0A C2 F0 E5 EC FF 20 E8 20 E4 E0 F2 E0 20 20 20 20 0D 0A 20 20 20 20 EE F8 E8 E1 EA E0 20 21 20 20 20 20 0D 0A BF   // прием: 39 байт; 20:04:02:124 21.05.2019
// таймаут: 1295 мсек




1B EE   // передача: 2 байт; 20:04:02:124 21.05.2019



1B EE   // передача: 2 байт; 20:04:03:965 21.05.2019
// приём по количеству байт: 39 из 39
// принято с порта: 39 байт

0D 0A C2 F0 E5 EC FF 20 E8 20 E4 E0 F2 E0 20 20 20 20 0D 0A 20 20 20 20 EE F8 E8 E1 EA E0 20 21 20 20 20 20 0D 0A BF   // прием: 39 байт; 20:04:04:417 21.05.2019
// таймаут: 452 мсек

Время и дата    
    ошибка !    



1B EE   // передача: 2 байт; 20:04:05:213 21.05.2019
// приём по количеству байт: 39 из 39
// принято с порта: 39 байт

0D 0A C2 F0 E5 EC FF 20 E8 20 E4 E0 F2 E0 20 20 20 20 0D 0A 20 20 20 20 EE F8 E8 E1 EA E0 20 21 20 20 20 20 0D 0A BF   // прием: 39 байт; 20:04:05:291 21.05.2019
// таймаут: 78 мсек

Время и дата    
    ошибка !    
// приём по количеству байт: 8 из 0
// принято с порта: 8 байт

0D 0A C2 F0 E5 EC FF 20   // прием: 8 байт; 20:04:06:445 21.05.2019
// таймаут: 1232 мсек

// приём по количеству байт: 8 из 0
// принято с порта: 8 байт

E8 20 E4 E0 F2 E0 20 20   // прием: 8 байт; 20:04:06:445 21.05.2019
// таймаут: 1232 мсек

// приём по количеству байт: 7 из 0
// принято с порта: 7 байт

20 20 0D 0A 20 20 20   // прием: 7 байт; 20:04:06:445 21.05.2019
// таймаут: 1232 мсек

// приём по количеству байт: 5 из 0
// принято с порта: 5 байт

20 EE F8 E8 E1   // прием: 5 байт; 20:04:06:461 21.05.2019
// таймаут: 1248 мсек

// приём по количеству байт: 8 из 0
// принято с порта: 8 байт

EA E0 20 21 20 20 20 20   // прием: 8 байт; 20:04:06:554 21.05.2019
// таймаут: 1341 мсек

// приём по количеству байт: 3 из 0
// принято с порта: 3 байт

0D 0A BF   // прием: 3 байт; 20:04:06:554 21.05.2019
// таймаут: 1341 мсек




1B EE   // передача: 2 байт; 20:04:07:241 21.05.2019
// приём по количеству байт: 39 из 39
// принято с порта: 39 байт

0D 0A C2 F0 E5 EC FF 20 E8 20 E4 E0 F2 E0 20 20 20 20 0D 0A 20 20 20 20 EE F8 E8 E1 EA E0 20 21 20 20 20 20 0D 0A BF   // прием: 39 байт; 20:04:08:520 21.05.2019
// таймаут: 1279 мсек

Время и дата    
    ошибка !    



1B EE   // передача: 2 байт; 20:04:09:128 21.05.2019
// приём по количеству байт: 39 из 39
// принято с порта: 39 байт

0D 0A C2 F0 E5 EC FF 20 E8 20 E4 E0 F2 E0 20 20 20 20 0D 0A 20 20 20 20 EE F8 E8 E1 EA E0 20 21 20 20 20 20 0D 0A BF   // прием: 39 байт; 20:04:10:423 21.05.2019
// таймаут: 1295 мсек

Время и дата    
    ошибка !    



1B EE   // передача: 2 байт; 20:04:11:000 21.05.2019
// приём по количеству байт: 39 из 39
// принято с порта: 39 байт

0D 0A C2 F0 E5 EC FF 20 E8 20 E4 E0 F2 E0 20 20 20 20 0D 0A 20 20 20 20 EE F8 E8 E1 EA E0 20 21 20 20 20 20 0D 0A BF   // прием: 39 байт; 20:04:12:311 21.05.2019
// таймаут: 1311 мсек

Время и дата    
    ошибка !    



1B EE   // передача: 2 байт; 20:04:12:389 21.05.2019
// приём по количеству байт: 39 из 39
// принято с порта: 39 байт

0D 0A C2 F0 E5 EC FF 20 E8 20 E4 E0 F2 E0 20 20 20 20 0D 0A 20 20 20 20 EE F8 E8 E1 EA E0 20 21 20 20 20 20 0D 0A BF   // прием: 39 байт; 20:04:13:715 21.05.2019
// таймаут: 1326 мсек

Время и дата    
    ошибка !    



1B ED   // передача: 2 байт; 20:04:14:604 21.05.2019



1B EE   // передача: 2 байт; 20:04:15:290 21.05.2019
// приём по количеству байт: 39 из 39
// принято с порта: 39 байт

0D 0A C2 F0 E5 EC FF 20 E8 20 E4 E0 F2 E0 20 20 20 20 0D 0A 20 20 20 20 EE F8 E8 E1 EA E0 20 21 20 20 20 20 0D 0A BF   // прием: 39 байт; 20:04:15:914 21.05.2019
// таймаут: 624 мсек

Время и дата    
    ошибка !    



1B EE   // передача: 2 байт; 20:04:17:006 21.05.2019
// приём по количеству байт: 43 из 39
// принято с порта: 43 байт

0D 0A C2 F0 E5 EC FF 20 E8 20 E4 E0 F2 E0 20 20 20 20 0D 0A 20 20 20 20 EE F8 E8 E1 EA E0 20 21 20 20 20 20 0D 0A BF 0D 0A C2 F0   // прием: 43 байт; 20:04:18:223 21.05.2019
// таймаут: 1217 мсек

// приём по количеству байт: 35 из 0
// принято с порта: 35 байт

E5 EC FF 20 E8 20 E4 E0 F2 E0 20 20 20 20 0D 0A 20 20 20 20 EE F8 E8 E1 EA E0 20 21 20 20 20 20 0D 0A BF   // прием: 35 байт; 20:04:19:030 21.05.2019
// таймаут: 2024 мсек




1B EE   // передача: 2 байт; 20:04:19:548 21.05.2019
// приём по количеству байт: 39 из 39
// принято с порта: 39 байт

0D 0A C2 F0 E5 EC FF 20 E8 20 E4 E0 F2 E0 20 20 20 20 0D 0A 20 20 20 20 EE F8 E8 E1 EA E0 20 21 20 20 20 20 0D 0A BF   // прием: 39 байт; 20:04:20:843 21.05.2019
// таймаут: 1295 мсек

Время и дата    
    ошибка !    



1B EC   // передача: 2 байт; 20:04:21:842 21.05.2019
// приём по количеству байт: 39 из 39
// принято с порта: 39 байт

0D 0A C2 F0 E5 EC FF 20 E8 20 E4 E0 F2 E0 20 20 20 20 0D 0A 20 20 20 20 EE F8 E8 E1 EA E0 20 21 20 20 20 20 0D 0A BF   // прием: 39 байт; 20:04:23:168 21.05.2019
// таймаут: 1326 мсек




1B EE   // передача: 2 байт; 20:04:23:168 21.05.2019
// приём по количеству байт: 39 из 39
// принято с порта: 39 байт

0D 0A CF F0 EE E3 F0 E0 EC EC E0 20 3F 20 20 20 20 20 0D 0A 3D 5F 5F 5F 20 20 20 20 20 20 20 20 20 20 20 20 0D 0A 36   // прием: 39 байт; 20:04:24:463 21.05.2019
// таймаут: 1295 мсек

Программа ?     
=___            



1B E9   // передача: 2 байт; 20:04:25:040 21.05.2019



1B E8   // передача: 2 байт; 20:04:26:163 21.05.2019
// приём по количеству байт: 39 из 39
// принято с порта: 39 байт

0D 0A CF F0 EE E3 F0 E0 EC EC E0 20 3F 20 20 20 20 20 0D 0A 3D 5F 5F 5F 20 20 20 20 20 20 20 20 20 20 20 20 0D 0A 36   // прием: 39 байт; 20:04:26:350 21.05.2019
// таймаут: 187 мсек




1B EE   // передача: 2 байт; 20:04:26:350 21.05.2019



1B ED   // передача: 2 байт; 20:04:27:037 21.05.2019
// приём по количеству байт: 39 из 39
// принято с порта: 39 байт

0D 0A CF F0 EE E3 F0 E0 EC EC E0 20 3F 20 20 20 20 20 0D 0A 3D 5F 5F 39 20 20 20 20 20 20 20 20 20 20 20 20 0D 0A 10   // прием: 39 байт; 20:04:27:458 21.05.2019
// таймаут: 421 мсек




1B EE   // передача: 2 байт; 20:04:27:458 21.05.2019
// приём по количеству байт: 39 из 39
// принято с порта: 39 байт

0D 0A CF F0 EE E3 F0 E0 EC EC E0 20 3F 20 20 20 20 20 0D 0A 3D 5F 39 38 20 20 20 20 20 20 20 20 20 20 20 20 0D 0A E9   // прием: 39 байт; 20:04:27:645 21.05.2019
// таймаут: 187 мсек

Программа ?     
=_98            
// приём по количеству байт: 8 из 0
// принято с порта: 8 байт

0D 0A CF F0 EE E3 F0 E0   // прием: 8 байт; 20:04:28:285 21.05.2019
// таймаут: 827 мсек

// приём по количеству байт: 8 из 0
// принято с порта: 8 байт

EC EC E0 20 3F 20 20 20   // прием: 8 байт; 20:04:28:285 21.05.2019
// таймаут: 827 мсек

// приём по количеству байт: 7 из 0
// принято с порта: 7 байт

20 20 0D 0A 3D 5F 39   // прием: 7 байт; 20:04:28:285 21.05.2019
// таймаут: 827 мсек

// приём по количеству байт: 4 из 0
// принято с порта: 4 байт

38 20 20 20   // прием: 4 байт; 20:04:28:300 21.05.2019
// таймаут: 842 мсек

// приём по количеству байт: 8 из 0
// принято с порта: 8 байт

20 20 20 20 20 20 20 20   // прием: 8 байт; 20:04:28:347 21.05.2019
// таймаут: 889 мсек

// приём по количеству байт: 4 из 0
// принято с порта: 4 байт

20 0D 0A E9   // прием: 4 байт; 20:04:28:347 21.05.2019
// таймаут: 889 мсек

// приём по количеству байт: 8 из 0
// принято с порта: 8 байт

0D 0A D2 E0 E9 EC E0 F3   // прием: 8 байт; 20:04:28:987 21.05.2019
// таймаут: 1529 мсек

// приём по количеству байт: 8 из 0
// принято с порта: 8 байт

F2 FB 20 20 20 20 20 20   // прием: 8 байт; 20:04:28:987 21.05.2019
// таймаут: 1529 мсек

// приём по количеству байт: 7 из 0
// принято с порта: 7 байт

20 20 0D 0A 20 20 20   // прием: 7 байт; 20:04:28:987 21.05.2019
// таймаут: 1529 мсек

// приём по количеству байт: 8 из 0
// принято с порта: 8 байт

20 20 20 20 20 38 00 EC   // прием: 8 байт; 20:04:29:002 21.05.2019
// таймаут: 1544 мсек

// приём по количеству байт: 8 из 0
// принято с порта: 8 байт

F1 20 20 20 31 0D 0A 32   // прием: 8 байт; 20:04:29:002 21.05.2019
// таймаут: 1544 мсек

// приём по таймауту: 5000 мс
// принято с порта: 0 байт



1B EE   // передача: 2 байт; 20:05:17:939 21.05.2019
// приём по количеству байт: 39 из 39
// принято с порта: 39 байт

0D 0A D2 E0 E9 EC E0 F3 F2 FB 20 20 20 20 20 20 20 20 0D 0A 20 20 20 20 20 20 20 20 38 00 EC F1 20 20 20 31 0D 0A 32   // прием: 39 байт; 20:05:19:219 21.05.2019
// таймаут: 1280 мсек

Таймауты        
        8 мс   1



1B ED   // передача: 2 байт; 20:05:20:139 21.05.2019
// приём по количеству байт: 39 из 39
// принято с порта: 39 байт

0D 0A D2 E0 E9 EC E0 F3 F2 FB 20 20 20 20 20 20 20 20 0D 0A 20 20 20 20 20 20 20 20 38 00 EC F1 20 20 20 31 0D 0A 32   // прием: 39 байт; 20:05:21:418 21.05.2019
// таймаут: 1279 мсек




1B EE   // передача: 2 байт; 20:05:21:418 21.05.2019
// приём по количеству байт: 39 из 39
// принято с порта: 39 байт

0D 0A D2 E0 E9 EC E0 F3 F2 FB 20 20 20 20 20 20 20 20 0D 0A 20 20 20 20 20 20 20 20 38 00 EC F1 20 20 20 32 0D 0A 33   // прием: 39 байт; 20:05:22:744 21.05.2019
// таймаут: 1326 мсек

Таймауты        
        8 мс   2



1B ED   // передача: 2 байт; 20:05:23:243 21.05.2019
// приём по количеству байт: 39 из 39
// принято с порта: 39 байт

0D 0A D2 E0 E9 EC E0 F3 F2 FB 20 20 20 20 20 20 20 20 0D 0A 20 20 20 20 20 20 20 20 38 00 EC F1 20 20 20 32 0D 0A 33   // прием: 39 байт; 20:05:24:476 21.05.2019
// таймаут: 1233 мсек




1B EE   // передача: 2 байт; 20:05:24:476 21.05.2019
// приём по количеству байт: 39 из 39
// принято с порта: 39 байт

0D 0A D2 E0 E9 EC E0 F3 F2 FB 20 20 20 20 20 20 20 20 0D 0A 20 20 20 20 20 20 38 30 30 00 EC F1 20 20 20 33 0D 0A 54   // прием: 39 байт; 20:05:25:755 21.05.2019
// таймаут: 1279 мсек

Таймауты        
      800 мс   3



1B ED   // передача: 2 байт; 20:05:26:192 21.05.2019
// приём по количеству байт: 39 из 39
// принято с порта: 39 байт

0D 0A D2 E0 E9 EC E0 F3 F2 FB 20 20 20 20 20 20 20 20 0D 0A 20 20 20 20 20 20 38 30 30 00 EC F1 20 20 20 33 0D 0A 54   // прием: 39 байт; 20:05:27:455 21.05.2019
// таймаут: 1263 мсек




1B EE   // передача: 2 байт; 20:05:27:455 21.05.2019
// приём по количеству байт: 39 из 39
// принято с порта: 39 байт

0D 0A D2 E0 E9 EC E0 F3 F2 FB 20 20 20 20 20 20 20 20 0D 0A 20 20 20 20 20 31 30 30 30 00 EC F1 20 20 20 34 0D 0A 5E   // прием: 39 байт; 20:05:28:766 21.05.2019
// таймаут: 1311 мсек

Таймауты        
     1000 мс   4



1B E1   // передача: 2 байт; 20:05:29:639 21.05.2019



1B E0   // передача: 2 байт; 20:05:30:685 21.05.2019
// приём по количеству байт: 39 из 39
// принято с порта: 39 байт

0D 0A D2 E0 E9 EC E0 F3 F2 FB 20 20 20 20 20 20 20 20 0D 0A 20 20 20 20 20 31 30 30 30 00 EC F1 20 20 20 34 0D 0A 5E   // прием: 39 байт; 20:05:30:919 21.05.2019
// таймаут: 234 мсек




1B EE   // передача: 2 байт; 20:05:30:919 21.05.2019



1B E0   // передача: 2 байт; 20:05:31:527 21.05.2019
// приём по количеству байт: 39 из 39
// принято с порта: 39 байт

0D 0A D2 E0 E9 EC E0 F3 F2 FB 20 20 20 20 20 20 20 20 0D 0A 20 20 20 5F 5F 5F 5F 5F 31 20 EC F1 20 20 00 34 0D 0A 69   // прием: 39 байт; 20:05:31:979 21.05.2019
// таймаут: 452 мсек




1B EE   // передача: 2 байт; 20:05:31:979 21.05.2019
// приём по количеству байт: 39 из 39
// принято с порта: 39 байт

0D 0A D2 E0 E9 EC E0 F3 F2 FB 20 20 20 20 20 20 20 20 0D 0A 20 20 20 5F 5F 5F 5F 31 30 20 EC F1 20 20 00 34 0D 0A 3A   // прием: 39 байт; 20:05:32:198 21.05.2019
// таймаут: 219 мсек

Таймауты        
   ____10 мс   4



1B E0   // передача: 2 байт; 20:05:32:385 21.05.2019
// приём по количеству байт: 39 из 39
// принято с порта: 39 байт

0D 0A D2 E0 E9 EC E0 F3 F2 FB 20 20 20 20 20 20 20 20 0D 0A 20 20 20 5F 5F 5F 5F 31 30 20 EC F1 20 20 00 34 0D 0A 3A   // прием: 39 байт; 20:05:32:806 21.05.2019
// таймаут: 421 мсек




1B EE   // передача: 2 байт; 20:05:32:806 21.05.2019



1B E0   // передача: 2 байт; 20:05:33:227 21.05.2019
// приём по количеству байт: 39 из 39
// принято с порта: 39 байт

0D 0A D2 E0 E9 EC E0 F3 F2 FB 20 20 20 20 20 20 20 20 0D 0A 20 20 20 5F 5F 5F 31 30 30 20 EC F1 20 20 00 34 0D 0A 0B   // прием: 39 байт; 20:05:33:274 21.05.2019
// таймаут: 47 мсек




1B EE   // передача: 2 байт; 20:05:33:274 21.05.2019
// приём по количеству байт: 39 из 39
// принято с порта: 39 байт

0D 0A D2 E0 E9 EC E0 F3 F2 FB 20 20 20 20 20 20 20 20 0D 0A 20 20 20 5F 5F 5F 31 30 30 20 EC F1 20 20 00 34 0D 0A 0B   // прием: 39 байт; 20:05:33:664 21.05.2019
// таймаут: 390 мсек

Таймауты        
   ___100 мс   4



1B EE   // передача: 2 байт; 20:05:33:883 21.05.2019
// приём по количеству байт: 39 из 39
// принято с порта: 39 байт

0D 0A D2 E0 E9 EC E0 F3 F2 FB 20 20 20 20 20 20 20 20 0D 0A 20 20 20 5F 5F 31 30 30 30 20 EC F1 20 20 00 34 0D 0A DC   // прием: 39 байт; 20:05:34:101 21.05.2019
// таймаут: 218 мсек

Таймауты        
   __1000 мс   4
// приём по количеству байт: 8 из 0
// принято с порта: 8 байт

0D 0A D2 E0 E9 EC E0 F3   // прием: 8 байт; 20:05:34:444 21.05.2019
// таймаут: 561 мсек

// приём по количеству байт: 8 из 0
// принято с порта: 8 байт

F2 FB 20 20 20 20 20 20   // прием: 8 байт; 20:05:34:444 21.05.2019
// таймаут: 561 мсек

// приём по количеству байт: 7 из 0
// принято с порта: 7 байт

20 20 0D 0A 20 20 20   // прием: 7 байт; 20:05:34:444 21.05.2019
// таймаут: 561 мсек

// приём по количеству байт: 5 из 0
// принято с порта: 5 байт

5F 5F 31 30 30   // прием: 5 байт; 20:05:34:460 21.05.2019
// таймаут: 577 мсек

// приём по количеству байт: 8 из 0
// принято с порта: 8 байт

30 20 EC F1 20 20 00 34   // прием: 8 байт; 20:05:34:507 21.05.2019
// таймаут: 624 мсек

// приём по количеству байт: 8 из 0
// принято с порта: 8 байт

0D 0A DC 0D 0A D2 E0 E9   // прием: 8 байт; 20:05:34:507 21.05.2019
// таймаут: 624 мсек

// приём по количеству байт: 7 из 0
// принято с порта: 7 байт

EC E0 F3 F2 FB 20 20   // прием: 7 байт; 20:05:34:507 21.05.2019
// таймаут: 624 мсек

// приём по количеству байт: 8 из 0
// принято с порта: 8 байт

20 20 20 20 20 20 0D 0A   // прием: 8 байт; 20:05:34:522 21.05.2019
// таймаут: 639 мсек

// приём по количеству байт: 7 из 0
// принято с порта: 7 байт

20 20 20 5F 31 30 30   // прием: 7 байт; 20:05:34:522 21.05.2019
// таймаут: 639 мсек

// приём по количеству байт: 8 из 0
// принято с порта: 8 байт

30 30 20 EC F1 20 20 00   // прием: 8 байт; 20:05:34:585 21.05.2019
// таймаут: 702 мсек

// приём по количеству байт: 4 из 0
// принято с порта: 4 байт

34 0D 0A AD   // прием: 4 байт; 20:05:34:585 21.05.2019
// таймаут: 702 мсек

// приём по количеству байт: 8 из 0
// принято с порта: 8 байт

0D 0A D2 E0 E9 EC E0 F3   // прием: 8 байт; 20:05:35:115 21.05.2019
// таймаут: 1232 мсек

// приём по количеству байт: 8 из 0
// принято с порта: 8 байт

F2 FB 20 20 20 20 20 20   // прием: 8 байт; 20:05:35:115 21.05.2019
// таймаут: 1232 мсек

// приём по количеству байт: 7 из 0
// принято с порта: 7 байт

20 20 0D 0A 20 20 20   // прием: 7 байт; 20:05:35:115 21.05.2019
// таймаут: 1232 мсек

// приём по количеству байт: 4 из 0
// принято с порта: 4 байт

5F 31 30 30   // прием: 4 байт; 20:05:35:146 21.05.2019
// таймаут: 1263 мсек

// приём по количеству байт: 8 из 0
// принято с порта: 8 байт

30 30 20 EC F1 20 20 00   // прием: 8 байт; 20:05:35:177 21.05.2019
// таймаут: 1294 мсек

// приём по количеству байт: 4 из 0
// принято с порта: 4 байт

34 0D 0A AD   // прием: 4 байт; 20:05:35:177 21.05.2019
// таймаут: 1294 мсек




1B EE   // передача: 2 байт; 20:05:38:345 21.05.2019
// приём по количеству байт: 39 из 39
// принято с порта: 39 байт

0D 0A D2 E0 E9 EC E0 F3 F2 FB 20 20 20 20 20 20 20 20 0D 0A 20 20 20 5F 31 30 30 30 30 20 EC F1 20 20 00 34 0D 0A AD   // прием: 39 байт; 20:05:39:640 21.05.2019
// таймаут: 1295 мсек

Таймауты        
   _10000 мс   4



1B ED   // передача: 2 байт; 20:05:40:701 21.05.2019
// приём по количеству байт: 39 из 39
// принято с порта: 39 байт

0D 0A D2 E0 E9 EC E0 F3 F2 FB 20 20 20 20 20 20 20 20 0D 0A 20 20 20 5F 31 30 30 30 30 20 EC F1 20 20 00 34 0D 0A AD   // прием: 39 байт; 20:05:41:980 21.05.2019
// таймаут: 1279 мсек




1B EE   // передача: 2 байт; 20:05:41:980 21.05.2019
// приём по количеству байт: 39 из 39
// принято с порта: 39 байт

0D 0A D2 E0 E9 EC E0 F3 F2 FB 20 20 20 20 20 20 20 20 0D 0A 20 20 20 20 20 20 20 20 38 00 EC F1 20 20 20 31 0D 0A 32   // прием: 39 байт; 20:05:43:322 21.05.2019
// таймаут: 1342 мсек

Таймауты        
        8 мс   1



1B ED   // передача: 2 байт; 20:05:43:899 21.05.2019
// приём по количеству байт: 39 из 39
// принято с порта: 39 байт

0D 0A D2 E0 E9 EC E0 F3 F2 FB 20 20 20 20 20 20 20 20 0D 0A 20 20 20 20 20 20 20 20 38 00 EC F1 20 20 20 31 0D 0A 32   // прием: 39 байт; 20:05:45:194 21.05.2019
// таймаут: 1295 мсек




1B EE   // передача: 2 байт; 20:05:45:209 21.05.2019
// приём по количеству байт: 39 из 39
// принято с порта: 39 байт

0D 0A D2 E0 E9 EC E0 F3 F2 FB 20 20 20 20 20 20 20 20 0D 0A 20 20 20 20 20 20 20 20 38 00 EC F1 20 20 20 32 0D 0A 33   // прием: 39 байт; 20:05:46:535 21.05.2019
// таймаут: 1326 мсек

Таймауты        
        8 мс   2



1B ED   // передача: 2 байт; 20:05:47:128 21.05.2019
// приём по количеству байт: 39 из 39
// принято с порта: 39 байт

0D 0A D2 E0 E9 EC E0 F3 F2 FB 20 20 20 20 20 20 20 20 0D 0A 20 20 20 20 20 20 20 20 38 00 EC F1 20 20 20 32 0D 0A 33   // прием: 39 байт; 20:05:48:423 21.05.2019
// таймаут: 1295 мсек




1B EE   // передача: 2 байт; 20:05:48:423 21.05.2019
// приём по количеству байт: 39 из 39
// принято с порта: 39 байт

0D 0A D2 E0 E9 EC E0 F3 F2 FB 20 20 20 20 20 20 20 20 0D 0A 20 20 20 20 20 20 38 30 30 00 EC F1 20 20 20 33 0D 0A 54   // прием: 39 байт; 20:05:49:749 21.05.2019
// таймаут: 1326 мсек

Таймауты        
      800 мс   3



1B ED   // передача: 2 байт; 20:05:50:217 21.05.2019
// приём по количеству байт: 39 из 39
// принято с порта: 39 байт

0D 0A D2 E0 E9 EC E0 F3 F2 FB 20 20 20 20 20 20 20 20 0D 0A 20 20 20 20 20 20 38 30 30 00 EC F1 20 20 20 33 0D 0A 54   // прием: 39 байт; 20:05:51:481 21.05.2019
// таймаут: 1264 мсек




1B EE   // передача: 2 байт; 20:05:51:481 21.05.2019
// приём по количеству байт: 39 из 39
// принято с порта: 39 байт

0D 0A D2 E0 E9 EC E0 F3 F2 FB 20 20 20 20 20 20 20 20 0D 0A 20 20 20 20 31 30 30 30 30 00 EC F1 20 20 20 34 0D 0A 6E   // прием: 39 байт; 20:05:52:760 21.05.2019
// таймаут: 1279 мсек

Таймауты        
    10000 мс   4



1B EC   // передача: 2 байт; 20:05:53:945 21.05.2019
// приём по количеству байт: 39 из 39
// принято с порта: 39 байт

0D 0A D2 E0 E9 EC E0 F3 F2 FB 20 20 20 20 20 20 20 20 0D 0A 20 20 20 20 31 30 30 30 30 00 EC F1 20 20 20 34 0D 0A 6E   // прием: 39 байт; 20:05:55:225 21.05.2019
// таймаут: 1280 мсек




1B EE   // передача: 2 байт; 20:05:55:225 21.05.2019
// приём по количеству байт: 39 из 39
// принято с порта: 39 байт

0D 0A CF F0 EE E3 F0 E0 EC EC E0 20 3F 20 20 20 20 20 0D 0A 3D 5F 5F 5F 20 20 20 20 20 20 20 20 20 20 20 20 0D 0A 36   // прием: 39 байт; 20:05:56:504 21.05.2019
// таймаут: 1279 мсек

Программа ?     
=___            



1B E1   // передача: 2 байт; 20:05:57:767 21.05.2019



1B E1   // передача: 2 байт; 20:05:58:641 21.05.2019
// приём по количеству байт: 39 из 39
// принято с порта: 39 байт

0D 0A CF F0 EE E3 F0 E0 EC EC E0 20 3F 20 20 20 20 20 0D 0A 3D 5F 5F 5F 20 20 20 20 20 20 20 20 20 20 20 20 0D 0A 36   // прием: 39 байт; 20:05:59:062 21.05.2019
// таймаут: 421 мсек




1B EE   // передача: 2 байт; 20:05:59:062 21.05.2019



1B E2   // передача: 2 байт; 20:05:59:359 21.05.2019
// приём по количеству байт: 39 из 39
// принято с порта: 39 байт

0D 0A CF F0 EE E3 F0 E0 EC EC E0 20 3F 20 20 20 20 20 0D 0A 3D 5F 5F 31 20 20 20 20 20 20 20 20 20 20 20 20 0D 0A 08   // прием: 39 байт; 20:05:59:920 21.05.2019
// таймаут: 561 мсек




1B EE   // передача: 2 байт; 20:05:59:920 21.05.2019
// приём по количеству байт: 39 из 39
// принято с порта: 39 байт

0D 0A CF F0 EE E3 F0 E0 EC EC E0 20 3F 20 20 20 20 20 0D 0A 3D 5F 31 31 20 20 20 20 20 20 20 20 20 20 20 20 0D 0A DA   // прием: 39 байт; 20:06:00:357 21.05.2019
// таймаут: 437 мсек

Программа ?     
=_11            
// приём по количеству байт: 8 из 0
// принято с порта: 8 байт

0D 0A CF F0 EE E3 F0 E0   // прием: 8 байт; 20:06:00:607 21.05.2019
// таймаут: 687 мсек

// приём по количеству байт: 8 из 0
// принято с порта: 8 байт

EC EC E0 20 3F 20 20 20   // прием: 8 байт; 20:06:00:607 21.05.2019
// таймаут: 687 мсек

// приём по количеству байт: 7 из 0
// принято с порта: 7 байт

20 20 0D 0A 3D 5F 31   // прием: 7 байт; 20:06:00:607 21.05.2019
// таймаут: 687 мсек

// приём по количеству байт: 5 из 0
// принято с порта: 5 байт

31 20 20 20 20   // прием: 5 байт; 20:06:00:622 21.05.2019
// таймаут: 702 мсек

// приём по количеству байт: 8 из 0
// принято с порта: 8 байт

20 20 20 20 20 20 20 20   // прием: 8 байт; 20:06:00:669 21.05.2019
// таймаут: 749 мсек

// приём по количеству байт: 3 из 0
// принято с порта: 3 байт

0D 0A DA   // прием: 3 байт; 20:06:00:669 21.05.2019
// таймаут: 749 мсек

// приём по количеству байт: 8 из 0
// принято с порта: 8 байт

0D 0A CF F0 EE E3 F0 E0   // прием: 8 байт; 20:06:01:168 21.05.2019
// таймаут: 1248 мсек

// приём по количеству байт: 8 из 0
// принято с порта: 8 байт

EC EC E0 20 3F 20 20 20   // прием: 8 байт; 20:06:01:168 21.05.2019
// таймаут: 1248 мсек

// приём по количеству байт: 7 из 0
// принято с порта: 7 байт

20 20 0D 0A 3D 31 31   // прием: 7 байт; 20:06:01:168 21.05.2019
// таймаут: 1248 мсек

// приём по количеству байт: 4 из 0
// принято с порта: 4 байт

32 20 20 20   // прием: 4 байт; 20:06:01:184 21.05.2019
// таймаут: 1264 мсек

// приём по количеству байт: 8 из 0
// принято с порта: 8 байт

20 20 20 20 20 20 20 20   // прием: 8 байт; 20:06:01:215 21.05.2019
// таймаут: 1295 мсек

// приём по количеству байт: 4 из 0
// принято с порта: 4 байт

20 0D 0A AD   // прием: 4 байт; 20:06:01:215 21.05.2019
// таймаут: 1295 мсек




1B EE   // передача: 2 байт; 20:06:02:931 21.05.2019
// приём по количеству байт: 39 из 39
// принято с порта: 39 байт

0D 0A CF F0 EE E3 F0 E0 EC EC E0 20 3F 20 20 20 20 20 0D 0A 3D 31 31 32 20 20 20 20 20 20 20 20 20 20 20 20 0D 0A AD   // прием: 39 байт; 20:06:04:226 21.05.2019
// таймаут: 1295 мсек

Программа ?     
=112            



1B EE   // передача: 2 байт; 20:06:06:129 21.05.2019
// приём по количеству байт: 39 из 39
// принято с порта: 39 байт

0D 0A CF F0 EE E3 F0 E0 EC EC E0 20 3F 20 20 20 20 20 0D 0A 3D 31 31 32 20 20 20 20 20 20 20 20 20 20 20 20 0D 0A AD   // прием: 39 байт; 20:06:07:439 21.05.2019
// таймаут: 1310 мсек

Программа ?     
=112            



1B ED   // передача: 2 байт; 20:06:08:126 21.05.2019
// приём по количеству байт: 39 из 39
// принято с порта: 39 байт

0D 0A CF F0 EE E3 F0 E0 EC EC E0 20 3F 20 20 20 20 20 0D 0A 3D 31 31 32 20 20 20 20 20 20 20 20 20 20 20 20 0D 0A AD   // прием: 39 байт; 20:06:09:423 21.05.2019
// таймаут: 1297 мсек




1B EE   // передача: 2 байт; 20:06:09:423 21.05.2019
// приём по количеству байт: 39 из 39
// принято с порта: 39 байт

0D 0A C2 F0 E5 EC FF 20 E8 20 E4 E0 F2 E0 20 20 20 20 0D 0A 20 20 20 EA E0 ED E0 EB 20 3F 5F 5F 20 20 20 20 0D 0A 84   // прием: 39 байт; 20:06:10:749 21.05.2019
// таймаут: 1326 мсек

Время и дата    
   канал ?__    



1B E2   // передача: 2 байт; 20:06:12:246 21.05.2019
// приём по количеству байт: 39 из 39
// принято с порта: 39 байт

0D 0A C2 F0 E5 EC FF 20 E8 20 E4 E0 F2 E0 20 20 20 20 0D 0A 20 20 20 EA E0 ED E0 EB 20 3F 5F 5F 20 20 20 20 0D 0A 84   // прием: 39 байт; 20:06:13:588 21.05.2019
// таймаут: 1342 мсек




1B EE   // передача: 2 байт; 20:06:13:588 21.05.2019
// приём по количеству байт: 39 из 39
// принято с порта: 39 байт

0D 0A C2 F0 E5 EC FF 20 E8 20 E4 E0 F2 E0 20 20 20 20 0D 0A 20 20 20 EA E0 ED E0 EB 20 3F 5F 32 20 20 20 20 0D 0A 57   // прием: 39 байт; 20:06:14:945 21.05.2019
// таймаут: 1357 мсек

Время и дата    
   канал ?_2    



1B E5   // передача: 2 байт; 20:06:15:413 21.05.2019
// приём по количеству байт: 39 из 39
// принято с порта: 39 байт

0D 0A C2 F0 E5 EC FF 20 E8 20 E4 E0 F2 E0 20 20 20 20 0D 0A 20 20 20 EA E0 ED E0 EB 20 3F 5F 32 20 20 20 20 0D 0A 57   // прием: 39 байт; 20:06:16:708 21.05.2019
// таймаут: 1295 мсек




1B EE   // передача: 2 байт; 20:06:16:708 21.05.2019



1B EE   // передача: 2 байт; 20:06:16:989 21.05.2019
// приём по количеству байт: 39 из 39
// принято с порта: 39 байт

0D 0A C2 F0 E5 EC FF 20 E8 20 E4 E0 F2 E0 20 20 20 20 0D 0A 20 20 20 EA E0 ED E0 EB 20 3F 32 35 20 20 20 20 0D 0A 2D   // прием: 39 байт; 20:06:18:003 21.05.2019
// таймаут: 1014 мсек

Время и дата    
   канал ?25    
// приём по количеству байт: 8 из 0
// принято с порта: 8 байт

0D 0A C2 F0 E5 EC FF 20   // прием: 8 байт; 20:06:18:221 21.05.2019
// таймаут: 1232 мсек

// приём по количеству байт: 8 из 0
// принято с порта: 8 байт

E8 20 E4 E0 F2 E0 20 20   // прием: 8 байт; 20:06:18:221 21.05.2019
// таймаут: 1232 мсек

// приём по количеству байт: 7 из 0
// принято с порта: 7 байт

20 20 0D 0A 20 20 20   // прием: 7 байт; 20:06:18:221 21.05.2019
// таймаут: 1232 мсек

// приём по количеству байт: 5 из 0
// принято с порта: 5 байт

EA E0 ED E0 EB   // прием: 5 байт; 20:06:18:237 21.05.2019
// таймаут: 1248 мсек

// приём по количеству байт: 8 из 0
// принято с порта: 8 байт

20 3F 32 35 20 20 20 20   // прием: 8 байт; 20:06:18:283 21.05.2019
// таймаут: 1294 мсек

// приём по количеству байт: 3 из 0
// принято с порта: 3 байт

0D 0A 2D   // прием: 3 байт; 20:06:18:283 21.05.2019
// таймаут: 1294 мсек




1B ED   // передача: 2 байт; 20:06:18:845 21.05.2019
// приём по количеству байт: 39 из 39
// принято с порта: 39 байт

0D 0A C2 F0 E5 EC FF 20 E8 20 E4 E0 F2 E0 20 20 20 20 0D 0A 20 20 20 EA E0 ED E0 EB 20 3F 32 35 20 20 20 20 0D 0A 2D   // прием: 39 байт; 20:06:20:140 21.05.2019
// таймаут: 1295 мсек




1B EE   // передача: 2 байт; 20:06:20:140 21.05.2019
// приём по количеству байт: 39 из 39
// принято с порта: 39 байт

0D 0A C2 F0 E5 EC FF 20 E8 20 E4 E0 F2 E0 20 20 32 35 0D 0A 32 30 3A 30 36 3A 31 38 00 2B 30 00 20 20 20 20 0D 0A AC   // прием: 39 байт; 20:06:22:043 21.05.2019
// таймаут: 1903 мсек

Время и дата  25
20:06:18 +0     
OnTapiStatus event
событие: Call disconnected (Normal Hangup by Remote) 029-190-59-08
OnTapiStatus event
событие: Line is idle 029-190-59-08
OnTapiPortClose event

// О программе
