OnTapiStatus event
событие: Dialing... 029-190-59-08
OnTapiStatus event
событие: Proceeding... 029-190-59-08
OnTapiStatus event
Last event
OnTapiPortOpen event
OnTapiConnect event
установлено соединение на скорости 9600



1B EE   // передача: 2 байт; 19:10:01:009 21.05.2019
// приём по количеству байт: 39 из 39
// принято с порта: 39 байт

0D 0A D0 E0 E1 EE F2 E0 20 20 20 20 20 20 20 20 20 20 0D 0A 20 20 20 20 20 20 20 CE CA 20 20 20 20 20 20 20 0D 0A 2E   // прием: 39 байт; 19:10:02:319 21.05.2019
// таймаут: 1310 мсек

Работа          
       ОК       



1B EC   // передача: 2 байт; 19:10:02:881 21.05.2019
// приём по количеству байт: 39 из 39
// принято с порта: 39 байт

0D 0A D0 E0 E1 EE F2 E0 20 20 20 20 20 20 20 20 20 20 0D 0A 20 20 20 20 20 20 20 CE CA 20 20 20 20 20 20 20 0D 0A 2E   // прием: 39 байт; 19:10:04:177 21.05.2019
// таймаут: 1296 мсек




1B EE   // передача: 2 байт; 19:10:04:177 21.05.2019
// приём по количеству байт: 39 из 39
// принято с порта: 39 байт

0D 0A CF F0 EE E3 F0 E0 EC EC E0 20 3F 20 20 20 20 20 0D 0A 3D 5F 5F 5F 20 20 20 20 20 20 20 20 20 20 20 20 0D 0A 36   // прием: 39 байт; 19:10:05:504 21.05.2019
// таймаут: 1327 мсек

Программа ?     
=___            



1B E2   // передача: 2 байт; 19:10:06:019 21.05.2019



1B E2   // передача: 2 байт; 19:10:06:816 21.05.2019
// приём по количеству байт: 39 из 39
// принято с порта: 39 байт

0D 0A CF F0 EE E3 F0 E0 EC EC E0 20 3F 20 20 20 20 20 0D 0A 3D 5F 5F 5F 20 20 20 20 20 20 20 20 20 20 20 20 0D 0A 36   // прием: 39 байт; 19:10:07:315 21.05.2019
// таймаут: 499 мсек




1B EE   // передача: 2 байт; 19:10:07:315 21.05.2019
// приём по количеству байт: 39 из 39
// принято с порта: 39 байт

0D 0A CF F0 EE E3 F0 E0 EC EC E0 20 3F 20 20 20 20 20 0D 0A 3D 5F 5F 32 20 20 20 20 20 20 20 20 20 20 20 20 0D 0A 09   // прием: 39 байт; 19:10:08:142 21.05.2019
// таймаут: 827 мсек

Программа ?     
=__2            
// приём по количеству байт: 8 из 0
// принято с порта: 8 байт

0D 0A CF F0 EE E3 F0 E0   // прием: 8 байт; 19:10:08:579 21.05.2019
// таймаут: 1264 мсек

// приём по количеству байт: 8 из 0
// принято с порта: 8 байт

EC EC E0 20 3F 20 20 20   // прием: 8 байт; 19:10:08:579 21.05.2019
// таймаут: 1264 мсек

// приём по количеству байт: 7 из 0
// принято с порта: 7 байт

20 20 0D 0A 3D 5F 32   // прием: 7 байт; 19:10:08:579 21.05.2019
// таймаут: 1264 мсек

// приём по количеству байт: 5 из 0
// принято с порта: 5 байт

32 20 20 20 20   // прием: 5 байт; 19:10:08:610 21.05.2019
// таймаут: 1295 мсек

// приём по количеству байт: 8 из 0
// принято с порта: 8 байт

20 20 20 20 20 20 20 20   // прием: 8 байт; 19:10:08:641 21.05.2019
// таймаут: 1326 мсек

// приём по количеству байт: 3 из 0
// принято с порта: 3 байт

0D 0A DC   // прием: 3 байт; 19:10:08:641 21.05.2019
// таймаут: 1326 мсек




1B E0   // передача: 2 байт; 19:10:11:449 21.05.2019



1B EE   // передача: 2 байт; 19:10:11:964 21.05.2019
// приём по количеству байт: 39 из 39
// принято с порта: 39 байт

0D 0A CF F0 EE E3 F0 E0 EC EC E0 20 3F 20 20 20 20 20 0D 0A 3D 5F 32 32 20 20 20 20 20 20 20 20 20 20 20 20 0D 0A DC   // прием: 39 байт; 19:10:12:760 21.05.2019
// таймаут: 796 мсек

Программа ?     
=_22            
// приём по количеству байт: 8 из 0
// принято с порта: 8 байт

0D 0A CF F0 EE E3 F0 E0   // прием: 8 байт; 19:10:13:228 21.05.2019
// таймаут: 1264 мсек

// приём по количеству байт: 8 из 0
// принято с порта: 8 байт

EC EC E0 20 3F 20 20 20   // прием: 8 байт; 19:10:13:228 21.05.2019
// таймаут: 1264 мсек

// приём по количеству байт: 7 из 0
// принято с порта: 7 байт

20 20 0D 0A 3D 32 32   // прием: 7 байт; 19:10:13:228 21.05.2019
// таймаут: 1264 мсек

// приём по количеству байт: 4 из 0
// принято с порта: 4 байт

30 20 20 20   // прием: 4 байт; 19:10:13:243 21.05.2019
// таймаут: 1279 мсек

// приём по количеству байт: 8 из 0
// принято с порта: 8 байт

20 20 20 20 20 20 20 20   // прием: 8 байт; 19:10:13:290 21.05.2019
// таймаут: 1326 мсек

// приём по количеству байт: 4 из 0
// принято с порта: 4 байт

20 0D 0A AD   // прием: 4 байт; 19:10:13:290 21.05.2019
// таймаут: 1326 мсек




1B EE   // передача: 2 байт; 19:10:13:867 21.05.2019
// приём по количеству байт: 39 из 39
// принято с порта: 39 байт

0D 0A CF F0 EE E3 F0 E0 EC EC E0 20 3F 20 20 20 20 20 0D 0A 3D 32 32 30 20 20 20 20 20 20 20 20 20 20 20 20 0D 0A AD   // прием: 39 байт; 19:10:15:178 21.05.2019
// таймаут: 1311 мсек

Программа ?     
=220            



1B ED   // передача: 2 байт; 19:10:16:333 21.05.2019
// приём по количеству байт: 39 из 39
// принято с порта: 39 байт

0D 0A CF F0 EE E3 F0 E0 EC EC E0 20 3F 20 20 20 20 20 0D 0A 3D 32 32 30 20 20 20 20 20 20 20 20 20 20 20 20 0D 0A AD   // прием: 39 байт; 19:10:17:644 21.05.2019
// таймаут: 1311 мсек




1B EE   // передача: 2 байт; 19:10:17:644 21.05.2019
// приём по количеству байт: 39 из 39
// принято с порта: 39 байт

0D 0A CF EE F0 F2 20 31 3A 20 45 73 63 20 EE 00 20 20 0D 0A 30 42 20 33 35 45 45 20 31 31 20 30 30 20 20 20 0D 0A DE   // прием: 39 байт; 19:10:18:970 21.05.2019
// таймаут: 1326 мсек

Порт 1: Esc о   
0B 35EE 11 00   



1B EC   // передача: 2 байт; 19:10:25:693 21.05.2019
// приём по количеству байт: 39 из 39
// принято с порта: 39 байт

0D 0A CF EE F0 F2 20 31 3A 20 45 73 63 20 EC 00 20 20 0D 0A 30 42 20 33 37 45 43 20 31 31 20 30 30 20 20 20 0D 0A DC   // прием: 39 байт; 19:10:27:004 21.05.2019
// таймаут: 1311 мсек




1B EE   // передача: 2 байт; 19:10:27:004 21.05.2019
// приём по количеству байт: 39 из 39
// принято с порта: 39 байт

0D 0A CF F0 EE E3 F0 E0 EC EC E0 20 3F 20 20 20 20 20 0D 0A 3D 5F 5F 5F 20 20 20 20 20 20 20 20 20 20 20 20 0D 0A 36   // прием: 39 байт; 19:10:28:408 21.05.2019
// таймаут: 1404 мсек

Программа ?     
=___            



1B E9   // передача: 2 байт; 19:10:29:078 21.05.2019
// приём по количеству байт: 39 из 39
// принято с порта: 39 байт

0D 0A CF F0 EE E3 F0 E0 EC EC E0 20 3F 20 20 20 20 20 0D 0A 3D 5F 5F 5F 20 20 20 20 20 20 20 20 20 20 20 20 0D 0A 36   // прием: 39 байт; 19:10:30:389 21.05.2019
// таймаут: 1311 мсек




1B EE   // передача: 2 байт; 19:10:30:389 21.05.2019
// приём по количеству байт: 39 из 39
// принято с порта: 39 байт

0D 0A CF F0 EE E3 F0 E0 EC EC E0 20 3F 20 20 20 20 20 0D 0A 3D 5F 5F 39 20 20 20 20 20 20 20 20 20 20 20 20 0D 0A 10   // прием: 39 байт; 19:10:31:699 21.05.2019
// таймаут: 1310 мсек

Программа ?     
=__9            



1B E8   // передача: 2 байт; 19:11:02:959 21.05.2019



1B ED   // передача: 2 байт; 19:11:03:629 21.05.2019
// приём по количеству байт: 39 из 39
// принято с порта: 39 байт

0D 0A CF F0 EE E3 F0 E0 EC EC E0 20 3F 20 20 20 20 20 0D 0A 3D 5F 5F 39 20 20 20 20 20 20 20 20 20 20 20 20 0D 0A 10   // прием: 39 байт; 19:11:04:269 21.05.2019
// таймаут: 640 мсек




1B EE   // передача: 2 байт; 19:11:04:269 21.05.2019
// приём по количеству байт: 39 из 39
// принято с порта: 39 байт

0D 0A CF F0 EE E3 F0 E0 EC EC E0 20 3F 20 20 20 20 20 0D 0A 3D 5F 39 38 20 20 20 20 20 20 20 20 20 20 20 20 0D 0A E9   // прием: 39 байт; 19:11:04:940 21.05.2019
// таймаут: 671 мсек

Программа ?     
=_98            
// приём по количеству байт: 8 из 0
// принято с порта: 8 байт

0D 0A D2 E0 E9 EC E0 F3   // прием: 8 байт; 19:11:05:579 21.05.2019
// таймаут: 1310 мсек

// приём по количеству байт: 8 из 0
// принято с порта: 8 байт

F2 FB 20 20 20 20 20 20   // прием: 8 байт; 19:11:05:579 21.05.2019
// таймаут: 1310 мсек

// приём по количеству байт: 7 из 0
// принято с порта: 7 байт

20 20 0D 0A 20 20 20   // прием: 7 байт; 19:11:05:579 21.05.2019
// таймаут: 1310 мсек

// приём по количеству байт: 8 из 0
// принято с порта: 8 байт

20 20 20 20 20 38 00 EC   // прием: 8 байт; 19:11:05:611 21.05.2019
// таймаут: 1342 мсек

// приём по количеству байт: 8 из 0
// принято с порта: 8 байт

F1 20 20 20 31 0D 0A 32   // прием: 8 байт; 19:11:05:611 21.05.2019
// таймаут: 1342 мсек




1B EE   // передача: 2 байт; 19:11:07:631 21.05.2019
// приём по количеству байт: 39 из 39
// принято с порта: 39 байт

0D 0A D2 E0 E9 EC E0 F3 F2 FB 20 20 20 20 20 20 20 20 0D 0A 20 20 20 20 20 20 20 20 38 00 EC F1 20 20 20 31 0D 0A 32   // прием: 39 байт; 19:11:08:944 21.05.2019
// таймаут: 1313 мсек

Таймауты        
        8 мс   1



1B ED   // передача: 2 байт; 19:11:10:129 21.05.2019
// приём по количеству байт: 39 из 39
// принято с порта: 39 байт

0D 0A D2 E0 E9 EC E0 F3 F2 FB 20 20 20 20 20 20 20 20 0D 0A 20 20 20 20 20 20 20 20 38 00 EC F1 20 20 20 31 0D 0A 32   // прием: 39 байт; 19:11:11:440 21.05.2019
// таймаут: 1311 мсек




1B EE   // передача: 2 байт; 19:11:11:440 21.05.2019
// приём по количеству байт: 39 из 39
// принято с порта: 39 байт

0D 0A D2 E0 E9 EC E0 F3 F2 FB 20 20 20 20 20 20 20 20 0D 0A 20 20 20 20 20 20 20 20 38 00 EC F1 20 20 20 32 0D 0A 33   // прием: 39 байт; 19:11:12:766 21.05.2019
// таймаут: 1326 мсек

Таймауты        
        8 мс   2



1B ED   // передача: 2 байт; 19:11:13:499 21.05.2019
// приём по количеству байт: 39 из 39
// принято с порта: 39 байт

0D 0A D2 E0 E9 EC E0 F3 F2 FB 20 20 20 20 20 20 20 20 0D 0A 20 20 20 20 20 20 20 20 38 00 EC F1 20 20 20 32 0D 0A 33   // прием: 39 байт; 19:11:14:809 21.05.2019
// таймаут: 1310 мсек




1B EE   // передача: 2 байт; 19:11:14:809 21.05.2019
// приём по количеству байт: 39 из 39
// принято с порта: 39 байт

0D 0A D2 E0 E9 EC E0 F3 F2 FB 20 20 20 20 20 20 20 20 0D 0A 20 20 20 20 20 20 38 30 30 00 EC F1 20 20 20 33 0D 0A 54   // прием: 39 байт; 19:11:16:182 21.05.2019
// таймаут: 1373 мсек

Таймауты        
      800 мс   3



1B ED   // передача: 2 байт; 19:11:17:149 21.05.2019
// приём по количеству байт: 39 из 39
// принято с порта: 39 байт

0D 0A D2 E0 E9 EC E0 F3 F2 FB 20 20 20 20 20 20 20 20 0D 0A 20 20 20 20 20 20 38 30 30 00 EC F1 20 20 20 33 0D 0A 54   // прием: 39 байт; 19:11:18:460 21.05.2019
// таймаут: 1311 мсек




1B EE   // передача: 2 байт; 19:11:18:460 21.05.2019
// приём по количеству байт: 39 из 39
// принято с порта: 39 байт

0D 0A D2 E0 E9 EC E0 F3 F2 FB 20 20 20 20 20 20 20 20 0D 0A 20 20 20 20 32 30 30 30 30 00 EC F1 20 20 20 34 0D 0A 6F   // прием: 39 байт; 19:11:19:801 21.05.2019
// таймаут: 1341 мсек

Таймауты        
    20000 мс   4



1B EC   // передача: 2 байт; 19:11:47:401 21.05.2019
// приём по количеству байт: 39 из 39
// принято с порта: 39 байт

0D 0A D2 E0 E9 EC E0 F3 F2 FB 20 20 20 20 20 20 20 20 0D 0A 20 20 20 20 32 30 30 30 30 00 EC F1 20 20 20 34 0D 0A 6F   // прием: 39 байт; 19:11:48:711 21.05.2019
// таймаут: 1310 мсек




1B EE   // передача: 2 байт; 19:11:48:711 21.05.2019
// приём по количеству байт: 39 из 39
// принято с порта: 39 байт

0D 0A CF F0 EE E3 F0 E0 EC EC E0 20 3F 20 20 20 20 20 0D 0A 3D 5F 5F 5F 20 20 20 20 20 20 20 20 20 20 20 20 0D 0A 36   // прием: 39 байт; 19:11:50:022 21.05.2019
// таймаут: 1311 мсек

Программа ?     
=___            



1B E1   // передача: 2 байт; 19:11:50:958 21.05.2019



1B E8   // передача: 2 байт; 19:11:51:800 21.05.2019
// приём по количеству байт: 39 из 39
// принято с порта: 39 байт

0D 0A CF F0 EE E3 F0 E0 EC EC E0 20 3F 20 20 20 20 20 0D 0A 3D 5F 5F 5F 20 20 20 20 20 20 20 20 20 20 20 20 0D 0A 36   // прием: 39 байт; 19:11:52:268 21.05.2019
// таймаут: 468 мсек




1B EE   // передача: 2 байт; 19:11:52:268 21.05.2019



1B E7   // передача: 2 байт; 19:11:52:502 21.05.2019
// приём по количеству байт: 39 из 39
// принято с порта: 39 байт

0D 0A CF F0 EE E3 F0 E0 EC EC E0 20 3F 20 20 20 20 20 0D 0A 3D 5F 5F 31 20 20 20 20 20 20 20 20 20 20 20 20 0D 0A 08   // прием: 39 байт; 19:11:53:095 21.05.2019
// таймаут: 593 мсек




1B EE   // передача: 2 байт; 19:11:53:095 21.05.2019



1B ED   // передача: 2 байт; 19:11:53:251 21.05.2019
// приём по количеству байт: 39 из 39
// принято с порта: 39 байт

0D 0A CF F0 EE E3 F0 E0 EC EC E0 20 3F 20 20 20 20 20 0D 0A 3D 5F 31 38 20 20 20 20 20 20 20 20 20 20 20 20 0D 0A E1   // прием: 39 байт; 19:11:53:579 21.05.2019
// таймаут: 328 мсек




1B EE   // передача: 2 байт; 19:11:53:579 21.05.2019
// приём по количеству байт: 39 из 39
// принято с порта: 39 байт

0D 0A CF F0 EE E3 F0 E0 EC EC E0 20 3F 20 20 20 20 20 0D 0A 3D 5F 31 38 20 20 20 20 20 20 20 20 20 20 20 20 0D 0A E1   // прием: 39 байт; 19:11:53:797 21.05.2019
// таймаут: 218 мсек

Программа ?     
=_18            
// приём по количеству байт: 8 из 0
// принято с порта: 8 байт

0D 0A CF F0 EE E3 F0 E0   // прием: 8 байт; 19:11:54:359 21.05.2019
// таймаут: 780 мсек

// приём по количеству байт: 8 из 0
// принято с порта: 8 байт

EC EC E0 20 3F 20 20 20   // прием: 8 байт; 19:11:54:359 21.05.2019
// таймаут: 780 мсек

// приём по количеству байт: 7 из 0
// принято с порта: 7 байт

20 20 0D 0A 3D 31 38   // прием: 7 байт; 19:11:54:359 21.05.2019
// таймаут: 780 мсек

// приём по количеству байт: 5 из 0
// принято с порта: 5 байт

37 20 20 20 20   // прием: 5 байт; 19:11:54:390 21.05.2019
// таймаут: 811 мсек

// приём по количеству байт: 8 из 0
// принято с порта: 8 байт

20 20 20 20 20 20 20 20   // прием: 8 байт; 19:11:54:421 21.05.2019
// таймаут: 842 мсек

// приём по количеству байт: 3 из 0
// принято с порта: 3 байт

0D 0A B9   // прием: 3 байт; 19:11:54:421 21.05.2019
// таймаут: 842 мсек




1B EE   // передача: 2 байт; 19:11:54:499 21.05.2019
// приём по количеству байт: 39 из 39
// принято с порта: 39 байт

0D 0A CF F0 EE E3 F0 E0 EC EC E0 20 3F 20 20 20 20 20 0D 0A 3D 31 38 37 20 20 20 20 20 20 20 20 20 20 20 20 0D 0A B9   // прием: 39 байт; 19:11:54:577 21.05.2019
// таймаут: 78 мсек

Программа ?     
=187            
// приём по количеству байт: 8 из 0
// принято с порта: 8 байт

0D 0A D2 F0 E0 ED E7 E8   // прием: 8 байт; 19:11:54:842 21.05.2019
// таймаут: 343 мсек

// приём по количеству байт: 8 из 0
// принято с порта: 8 байт

F2 3A 20 EF EE F0 F2 20   // прием: 8 байт; 19:11:54:842 21.05.2019
// таймаут: 343 мсек

// приём по количеству байт: 7 из 0
// принято с порта: 7 байт

20 20 0D 0A 20 20 20   // прием: 7 байт; 19:11:54:842 21.05.2019
// таймаут: 343 мсек

// приём по количеству байт: 5 из 0
// принято с порта: 5 байт

20 20 20 20 20   // прием: 5 байт; 19:11:54:858 21.05.2019
// таймаут: 359 мсек

// приём по количеству байт: 8 из 0
// принято с порта: 8 байт

34 00 20 20 20 20 20 20   // прием: 8 байт; 19:11:54:905 21.05.2019
// таймаут: 406 мсек

// приём по количеству байт: 3 из 0
// принято с порта: 3 байт

0D 0A 02   // прием: 3 байт; 19:11:54:905 21.05.2019
// таймаут: 406 мсек

// приём по количеству байт: 8 из 0
// принято с порта: 8 байт

0D 0A D2 F0 E0 ED E7 E8   // прием: 8 байт; 19:11:55:747 21.05.2019
// таймаут: 1248 мсек

// приём по количеству байт: 8 из 0
// принято с порта: 8 байт

F2 3A 20 EF EE F0 F2 20   // прием: 8 байт; 19:11:55:747 21.05.2019
// таймаут: 1248 мсек

// приём по количеству байт: 7 из 0
// принято с порта: 7 байт

20 20 0D 0A 20 20 20   // прием: 7 байт; 19:11:55:747 21.05.2019
// таймаут: 1248 мсек

// приём по количеству байт: 5 из 0
// принято с порта: 5 байт

20 20 20 20 20   // прием: 5 байт; 19:11:55:763 21.05.2019
// таймаут: 1264 мсек

// приём по количеству байт: 8 из 0
// принято с порта: 8 байт

34 00 20 20 20 20 20 20   // прием: 8 байт; 19:11:55:794 21.05.2019
// таймаут: 1295 мсек

// приём по количеству байт: 3 из 0
// принято с порта: 3 байт

0D 0A 02   // прием: 3 байт; 19:11:55:809 21.05.2019
// таймаут: 1310 мсек




1B EE   // передача: 2 байт; 19:11:59:850 21.05.2019
// приём по количеству байт: 39 из 39
// принято с порта: 39 байт

0D 0A D2 F0 E0 ED E7 E8 F2 3A 20 EF EE F0 F2 20 20 20 0D 0A 20 20 20 20 20 20 20 20 34 00 20 20 20 20 20 20 0D 0A 02   // прием: 39 байт; 19:12:01:160 21.05.2019
// таймаут: 1310 мсек

Транзит: порт   
        4       



1B E3   // передача: 2 байт; 19:12:03:219 21.05.2019



1B ED   // передача: 2 байт; 19:12:03:828 21.05.2019
// приём по количеству байт: 39 из 39
// принято с порта: 39 байт

0D 0A D2 F0 E0 ED E7 E8 F2 3A 20 EF EE F0 F2 20 20 20 0D 0A 20 20 20 20 20 20 20 20 34 00 20 20 20 20 20 20 0D 0A 02   // прием: 39 байт; 19:12:04:545 21.05.2019
// таймаут: 717 мсек




1B EE   // передача: 2 байт; 19:12:04:545 21.05.2019
// приём по количеству байт: 39 из 39
// принято с порта: 39 байт

0D 0A D2 F0 E0 ED E7 E8 F2 3A 20 EF EE F0 F2 20 20 20 0D 0A 20 20 20 20 20 20 5F 5F 33 20 20 20 20 20 20 20 0D 0A 9F   // прием: 39 байт; 19:12:05:107 21.05.2019
// таймаут: 562 мсек

Транзит: порт   
      __3       
// приём по количеству байт: 8 из 0
// принято с порта: 8 байт

0D 0A D2 F0 E0 ED E7 E8   // прием: 8 байт; 19:12:05:809 21.05.2019
// таймаут: 1264 мсек

// приём по количеству байт: 8 из 0
// принято с порта: 8 байт

F2 3A 20 EF EE F0 F2 20   // прием: 8 байт; 19:12:05:809 21.05.2019
// таймаут: 1264 мсек

// приём по количеству байт: 7 из 0
// принято с порта: 7 байт

20 20 0D 0A 20 20 20   // прием: 7 байт; 19:12:05:809 21.05.2019
// таймаут: 1264 мсек

// приём по количеству байт: 8 из 0
// принято с порта: 8 байт

20 20 20 20 20 33 00 20   // прием: 8 байт; 19:12:05:825 21.05.2019
// таймаут: 1280 мсек

// приём по количеству байт: 8 из 0
// принято с порта: 8 байт

20 20 20 20 20 0D 0A 01   // прием: 8 байт; 19:12:05:825 21.05.2019
// таймаут: 1280 мсек

// приём по таймауту: 5000 мс
// принято с порта: 0 байт



1B EE   // передача: 2 байт; 19:12:14:888 21.05.2019
// приём по количеству байт: 39 из 39
// принято с порта: 39 байт

0D 0A D2 F0 E0 ED E7 E8 F2 3A 20 EF EE F0 F2 20 20 20 0D 0A 20 20 20 20 20 20 20 20 33 00 20 20 20 20 20 20 0D 0A 01   // прием: 39 байт; 19:12:16:198 21.05.2019
// таймаут: 1310 мсек

Транзит: порт   
        3       



1B EC   // передача: 2 байт; 19:12:19:053 21.05.2019
// приём по количеству байт: 39 из 39
// принято с порта: 39 байт

0D 0A D2 F0 E0 ED E7 E8 F2 3A 20 EF EE F0 F2 20 20 20 0D 0A 20 20 20 20 20 20 20 20 33 00 20 20 20 20 20 20 0D 0A 01   // прием: 39 байт; 19:12:20:379 21.05.2019
// таймаут: 1326 мсек




1B EE   // передача: 2 байт; 19:12:20:379 21.05.2019
// приём по количеству байт: 39 из 39
// принято с порта: 39 байт

0D 0A CF F0 EE E3 F0 E0 EC EC E0 20 3F 20 20 20 20 20 0D 0A 3D 5F 5F 5F 20 20 20 20 20 20 20 20 20 20 20 20 0D 0A 36   // прием: 39 байт; 19:12:21:721 21.05.2019
// таймаут: 1342 мсек

Программа ?     
=___            



1B E9   // передача: 2 байт; 19:12:22:691 21.05.2019



1B E8   // передача: 2 байт; 19:12:23:923 21.05.2019
// приём по количеству байт: 39 из 39
// принято с порта: 39 байт

0D 0A CF F0 EE E3 F0 E0 EC EC E0 20 3F 20 20 20 20 20 0D 0A 3D 5F 5F 5F 20 20 20 20 20 20 20 20 20 20 20 20 0D 0A 36   // прием: 39 байт; 19:12:24:001 21.05.2019
// таймаут: 78 мсек




1B EE   // передача: 2 байт; 19:12:24:001 21.05.2019
// приём по количеству байт: 44 из 39
// принято с порта: 44 байт

0D 0A CF F0 EE E3 F0 E0 EC EC E0 20 3F 20 20 20 20 20 0D 0A 3D 5F 5F 39 20 20 20 20 20 20 20 20 20 20 20 20 0D 0A 10 0D 0A CF F0 EE   // прием: 44 байт; 19:12:25:249 21.05.2019
// таймаут: 1248 мсек

// приём по количеству байт: 34 из 0
// принято с порта: 34 байт

E3 F0 E0 EC EC E0 20 3F 20 20 20 20 20 0D 0A 3D 5F 39 38 20 20 20 20 20 20 20 20 20 20 20 20 0D 0A E9   // прием: 34 байт; 19:12:26:126 21.05.2019
// таймаут: 2125 мсек




1B EE   // передача: 2 байт; 19:12:26:700 21.05.2019
// приём по количеству байт: 39 из 39
// принято с порта: 39 байт

0D 0A CF F0 EE E3 F0 E0 EC EC E0 20 3F 20 20 20 20 20 0D 0A 3D 5F 39 38 20 20 20 20 20 20 20 20 20 20 20 20 0D 0A E9   // прием: 39 байт; 19:12:28:010 21.05.2019
// таймаут: 1310 мсек

Программа ?     
=_98            



1B EE   // передача: 2 байт; 19:12:28:026 21.05.2019



1B ED   // передача: 2 байт; 19:12:28:915 21.05.2019
// приём по количеству байт: 39 из 39
// принято с порта: 39 байт

0D 0A CF F0 EE E3 F0 E0 EC EC E0 20 3F 20 20 20 20 20 0D 0A 3D 5F 39 38 20 20 20 20 20 20 20 20 20 20 20 20 0D 0A E9   // прием: 39 байт; 19:12:29:398 21.05.2019
// таймаут: 483 мсек




1B EE   // передача: 2 байт; 19:12:29:398 21.05.2019
// приём по количеству байт: 39 из 39
// принято с порта: 39 байт

0D 0A CF F0 EE E3 F0 E0 EC EC E0 20 3F 20 20 20 20 20 0D 0A 3D 5F 39 38 20 20 20 20 20 20 20 20 20 20 20 20 0D 0A E9   // прием: 39 байт; 19:12:30:225 21.05.2019
// таймаут: 827 мсек

Программа ?     
=_98            
// приём по количеству байт: 8 из 0
// принято с порта: 8 байт

0D 0A D2 E0 E9 EC E0 F3   // прием: 8 байт; 19:12:30:865 21.05.2019
// таймаут: 1467 мсек

// приём по количеству байт: 8 из 0
// принято с порта: 8 байт

F2 FB 20 20 20 20 20 20   // прием: 8 байт; 19:12:30:865 21.05.2019
// таймаут: 1467 мсек

// приём по количеству байт: 7 из 0
// принято с порта: 7 байт

20 20 0D 0A 20 20 20   // прием: 7 байт; 19:12:30:865 21.05.2019
// таймаут: 1467 мсек

// приём по количеству байт: 8 из 0
// принято с порта: 8 байт

20 20 20 20 20 38 00 EC   // прием: 8 байт; 19:12:30:880 21.05.2019
// таймаут: 1482 мсек

// приём по количеству байт: 5 из 0
// принято с порта: 5 байт

F1 20 20 20 31   // прием: 5 байт; 19:12:30:880 21.05.2019
// таймаут: 1482 мсек

// приём по количеству байт: 3 из 0
// принято с порта: 3 байт

0D 0A 32   // прием: 3 байт; 19:12:30:990 21.05.2019
// таймаут: 1592 мсек

// приём по таймауту: 5000 мс
// принято с порта: 0 байт



1B EE   // передача: 2 байт; 19:12:37:245 21.05.2019
// приём по количеству байт: 39 из 39
// принято с порта: 39 байт

0D 0A D2 E0 E9 EC E0 F3 F2 FB 20 20 20 20 20 20 20 20 0D 0A 20 20 20 20 20 20 20 20 38 00 EC F1 20 20 20 31 0D 0A 32   // прием: 39 байт; 19:12:38:571 21.05.2019
// таймаут: 1326 мсек

Таймауты        
        8 мс   1



1B ED   // передача: 2 байт; 19:12:41:114 21.05.2019
// приём по количеству байт: 39 из 39
// принято с порта: 39 байт

0D 0A D2 E0 E9 EC E0 F3 F2 FB 20 20 20 20 20 20 20 20 0D 0A 20 20 20 20 20 20 20 20 38 00 EC F1 20 20 20 31 0D 0A 32   // прием: 39 байт; 19:12:42:424 21.05.2019
// таймаут: 1310 мсек




1B EE   // передача: 2 байт; 19:12:42:424 21.05.2019
// приём по количеству байт: 39 из 39
// принято с порта: 39 байт

0D 0A D2 E0 E9 EC E0 F3 F2 FB 20 20 20 20 20 20 20 20 0D 0A 20 20 20 20 20 20 20 20 38 00 EC F1 20 20 20 32 0D 0A 33   // прием: 39 байт; 19:12:43:828 21.05.2019
// таймаут: 1404 мсек

Таймауты        
        8 мс   2



1B ED   // передача: 2 байт; 19:12:44:312 21.05.2019
// приём по количеству байт: 39 из 39
// принято с порта: 39 байт

0D 0A D2 E0 E9 EC E0 F3 F2 FB 20 20 20 20 20 20 20 20 0D 0A 20 20 20 20 20 20 20 20 38 00 EC F1 20 20 20 32 0D 0A 33   // прием: 39 байт; 19:12:45:622 21.05.2019
// таймаут: 1310 мсек




1B EE   // передача: 2 байт; 19:12:45:622 21.05.2019
// приём по количеству байт: 39 из 39
// принято с порта: 39 байт

0D 0A D2 E0 E9 EC E0 F3 F2 FB 20 20 20 20 20 20 20 20 0D 0A 20 20 20 20 20 20 38 30 30 00 EC F1 20 20 20 33 0D 0A 54   // прием: 39 байт; 19:12:46:948 21.05.2019
// таймаут: 1326 мсек

Таймауты        
      800 мс   3



1B ED   // передача: 2 байт; 19:12:47:744 21.05.2019
// приём по количеству байт: 39 из 39
// принято с порта: 39 байт

0D 0A D2 E0 E9 EC E0 F3 F2 FB 20 20 20 20 20 20 20 20 0D 0A 20 20 20 20 20 20 38 30 30 00 EC F1 20 20 20 33 0D 0A 54   // прием: 39 байт; 19:12:49:086 21.05.2019
// таймаут: 1342 мсек




1B EE   // передача: 2 байт; 19:12:49:086 21.05.2019
// приём по количеству байт: 39 из 39
// принято с порта: 39 байт

0D 0A D2 E0 E9 EC E0 F3 F2 FB 20 20 20 20 20 20 20 20 0D 0A 20 20 20 20 32 30 30 30 30 00 EC F1 20 20 20 34 0D 0A 6F   // прием: 39 байт; 19:12:50:443 21.05.2019
// таймаут: 1357 мсек

Таймауты        
    20000 мс   4



1B E1   // передача: 2 байт; 19:12:51:410 21.05.2019



1B E0   // передача: 2 байт; 19:12:52:330 21.05.2019
// приём по количеству байт: 39 из 39
// принято с порта: 39 байт

0D 0A D2 E0 E9 EC E0 F3 F2 FB 20 20 20 20 20 20 20 20 0D 0A 20 20 20 20 32 30 30 30 30 00 EC F1 20 20 20 34 0D 0A 6F   // прием: 39 байт; 19:12:52:720 21.05.2019
// таймаут: 390 мсек




1B EE   // передача: 2 байт; 19:12:52:720 21.05.2019



1B E0   // передача: 2 байт; 19:12:53:313 21.05.2019
// приём по количеству байт: 39 из 39
// принято с порта: 39 байт

0D 0A D2 E0 E9 EC E0 F3 F2 FB 20 20 20 20 20 20 20 20 0D 0A 20 20 20 5F 5F 5F 5F 5F 31 20 EC F1 20 20 00 34 0D 0A 69   // прием: 39 байт; 19:12:53:641 21.05.2019
// таймаут: 328 мсек




1B EE   // передача: 2 байт; 19:12:53:641 21.05.2019
// приём по количеству байт: 39 из 39
// принято с порта: 39 байт

0D 0A D2 E0 E9 EC E0 F3 F2 FB 20 20 20 20 20 20 20 20 0D 0A 20 20 20 5F 5F 5F 5F 31 30 20 EC F1 20 20 00 34 0D 0A 3A   // прием: 39 байт; 19:12:54:046 21.05.2019
// таймаут: 405 мсек

Таймауты        
   ____10 мс   4



1B E0   // передача: 2 байт; 19:12:54:202 21.05.2019
// приём по количеству байт: 39 из 39
// принято с порта: 39 байт

0D 0A D2 E0 E9 EC E0 F3 F2 FB 20 20 20 20 20 20 20 20 0D 0A 20 20 20 5F 5F 5F 5F 31 30 20 EC F1 20 20 00 34 0D 0A 3A   // прием: 39 байт; 19:12:54:624 21.05.2019
// таймаут: 422 мсек




1B EE   // передача: 2 байт; 19:12:54:624 21.05.2019
// приём по количеству байт: 39 из 39
// принято с порта: 39 байт

0D 0A D2 E0 E9 EC E0 F3 F2 FB 20 20 20 20 20 20 20 20 0D 0A 20 20 20 5F 5F 5F 31 30 30 20 EC F1 20 20 00 34 0D 0A 0B   // прием: 39 байт; 19:12:54:967 21.05.2019
// таймаут: 343 мсек

Таймауты        
   ___100 мс   4



1B EE   // передача: 2 байт; 19:12:55:419 21.05.2019
// приём по количеству байт: 39 из 39
// принято с порта: 39 байт

0D 0A D2 E0 E9 EC E0 F3 F2 FB 20 20 20 20 20 20 20 20 0D 0A 20 20 20 5F 5F 5F 31 30 30 20 EC F1 20 20 00 34 0D 0A 0B   // прием: 39 байт; 19:12:55:497 21.05.2019
// таймаут: 78 мсек

Таймауты        
   ___100 мс   4
// приём по количеству байт: 8 из 0
// принято с порта: 8 байт

0D 0A D2 E0 E9 EC E0 F3   // прием: 8 байт; 19:12:55:887 21.05.2019
// таймаут: 468 мсек

// приём по количеству байт: 8 из 0
// принято с порта: 8 байт

F2 FB 20 20 20 20 20 20   // прием: 8 байт; 19:12:55:887 21.05.2019
// таймаут: 468 мсек

// приём по количеству байт: 7 из 0
// принято с порта: 7 байт

20 20 0D 0A 20 20 20   // прием: 7 байт; 19:12:55:887 21.05.2019
// таймаут: 468 мсек

// приём по количеству байт: 4 из 0
// принято с порта: 4 байт

5F 5F 31 30   // прием: 4 байт; 19:12:55:903 21.05.2019
// таймаут: 484 мсек

// приём по количеству байт: 8 из 0
// принято с порта: 8 байт

30 30 20 EC F1 20 20 00   // прием: 8 байт; 19:12:55:950 21.05.2019
// таймаут: 531 мсек

// приём по количеству байт: 4 из 0
// принято с порта: 4 байт

34 0D 0A DC   // прием: 4 байт; 19:12:55:950 21.05.2019
// таймаут: 531 мсек

// приём по количеству байт: 8 из 0
// принято с порта: 8 байт

0D 0A D2 E0 E9 EC E0 F3   // прием: 8 байт; 19:12:56:667 21.05.2019
// таймаут: 1248 мсек

// приём по количеству байт: 8 из 0
// принято с порта: 8 байт

F2 FB 20 20 20 20 20 20   // прием: 8 байт; 19:12:56:667 21.05.2019
// таймаут: 1248 мсек

// приём по количеству байт: 7 из 0
// принято с порта: 7 байт

20 20 0D 0A 20 20 20   // прием: 7 байт; 19:12:56:667 21.05.2019
// таймаут: 1248 мсек

// приём по количеству байт: 4 из 0
// принято с порта: 4 байт

5F 5F 31 30   // прием: 4 байт; 19:12:56:683 21.05.2019
// таймаут: 1264 мсек

// приём по количеству байт: 8 из 0
// принято с порта: 8 байт

30 30 20 EC F1 20 20 00   // прием: 8 байт; 19:12:56:761 21.05.2019
// таймаут: 1342 мсек

// приём по количеству байт: 4 из 0
// принято с порта: 4 байт

34 0D 0A DC   // прием: 4 байт; 19:12:56:761 21.05.2019
// таймаут: 1342 мсек




1B EE   // передача: 2 байт; 19:13:01:363 21.05.2019
// приём по количеству байт: 39 из 39
// принято с порта: 39 байт

0D 0A D2 E0 E9 EC E0 F3 F2 FB 20 20 20 20 20 20 20 20 0D 0A 20 20 20 5F 5F 31 30 30 30 20 EC F1 20 20 00 34 0D 0A DC   // прием: 39 байт; 19:13:02:658 21.05.2019
// таймаут: 1295 мсек

Таймауты        
   __1000 мс   4



1B ED   // передача: 2 байт; 19:13:03:578 21.05.2019
// приём по количеству байт: 39 из 39
// принято с порта: 39 байт

0D 0A D2 E0 E9 EC E0 F3 F2 FB 20 20 20 20 20 20 20 20 0D 0A 20 20 20 5F 5F 31 30 30 30 20 EC F1 20 20 00 34 0D 0A DC   // прием: 39 байт; 19:13:04:904 21.05.2019
// таймаут: 1326 мсек




1B EE   // передача: 2 байт; 19:13:04:904 21.05.2019
// приём по количеству байт: 39 из 39
// принято с порта: 39 байт

0D 0A D2 E0 E9 EC E0 F3 F2 FB 20 20 20 20 20 20 20 20 0D 0A 20 20 20 20 20 20 20 20 38 00 EC F1 20 20 20 31 0D 0A 32   // прием: 39 байт; 19:13:06:230 21.05.2019
// таймаут: 1326 мсек

Таймауты        
        8 мс   1



1B ED   // передача: 2 байт; 19:13:06:854 21.05.2019
// приём по количеству байт: 39 из 39
// принято с порта: 39 байт

0D 0A D2 E0 E9 EC E0 F3 F2 FB 20 20 20 20 20 20 20 20 0D 0A 20 20 20 20 20 20 20 20 38 00 EC F1 20 20 20 31 0D 0A 32   // прием: 39 байт; 19:13:08:164 21.05.2019
// таймаут: 1310 мсек




1B EE   // передача: 2 байт; 19:13:08:164 21.05.2019
// приём по количеству байт: 39 из 39
// принято с порта: 39 байт

0D 0A D2 E0 E9 EC E0 F3 F2 FB 20 20 20 20 20 20 20 20 0D 0A 20 20 20 20 20 20 20 20 38 00 EC F1 20 20 20 32 0D 0A 33   // прием: 39 байт; 19:13:09:524 21.05.2019
// таймаут: 1360 мсек

Таймауты        
        8 мс   2



1B ED   // передача: 2 байт; 19:13:10:054 21.05.2019
// приём по количеству байт: 39 из 39
// принято с порта: 39 байт

0D 0A D2 E0 E9 EC E0 F3 F2 FB 20 20 20 20 20 20 20 20 0D 0A 20 20 20 20 20 20 20 20 38 00 EC F1 20 20 20 32 0D 0A 33   // прием: 39 байт; 19:13:11:364 21.05.2019
// таймаут: 1310 мсек




1B EE   // передача: 2 байт; 19:13:11:364 21.05.2019
// приём по количеству байт: 39 из 39
// принято с порта: 39 байт

0D 0A D2 E0 E9 EC E0 F3 F2 FB 20 20 20 20 20 20 20 20 0D 0A 20 20 20 20 20 20 38 30 30 00 EC F1 20 20 20 33 0D 0A 54   // прием: 39 байт; 19:13:12:737 21.05.2019
// таймаут: 1373 мсек

Таймауты        
      800 мс   3



1B ED   // передача: 2 байт; 19:13:13:455 21.05.2019
// приём по количеству байт: 39 из 39
// принято с порта: 39 байт

0D 0A D2 E0 E9 EC E0 F3 F2 FB 20 20 20 20 20 20 20 20 0D 0A 20 20 20 20 20 20 38 30 30 00 EC F1 20 20 20 33 0D 0A 54   // прием: 39 байт; 19:13:14:765 21.05.2019
// таймаут: 1310 мсек




1B EE   // передача: 2 байт; 19:13:14:765 21.05.2019
// приём по количеству байт: 39 из 39
// принято с порта: 39 байт

0D 0A D2 E0 E9 EC E0 F3 F2 FB 20 20 20 20 20 20 20 20 0D 0A 20 20 20 20 20 31 30 30 30 00 EC F1 20 20 20 34 0D 0A 5E   // прием: 39 байт; 19:13:16:078 21.05.2019
// таймаут: 1313 мсек

Таймауты        
     1000 мс   4
OnTapiStatus event
событие: Call disconnected (Normal Hangup by Remote) 029-190-59-08
OnTapiStatus event
событие: Line is idle 029-190-59-08
OnTapiPortClose event

// О программе
