
CA E0 EB FE EC ED FB 20 

01 00 08 00 F6 0C 44 0F   // передача: 8 байт; 22:07:12:708 08.03.2018
// приём по количеству байт: 9 из 9
// принято с порта: 9 байт

01 00 09 00 F6 00 00 37 F3   // прием: 9 байт; 22:07:12:738 08.03.2018
// таймаут: 30 мсек


CA E0 EB FE EC ED FB 20 

01 00 07 00 F7 E9 87   // передача: 7 байт; 22:07:12:748 08.03.2018
// приём по количеству байт: 39 из 39
// принято с порта: 39 байт

01 00 27 00 F7 CF F0 EE E3 F0 E0 EC EC E0 20 3F 20 20 20 20 20 2D 5F 5F 5F 20 20 20 20 20 20 20 20 20 20 20 20 16 D2   // прием: 39 байт; 22:07:12:808 08.03.2018
// таймаут: 60 мсек

Программа ?     
-___            

CA E0 EB FE EC ED FB 20 

01 00 08 00 F6 09 84 0C   // передача: 8 байт; 22:07:13:690 08.03.2018
// приём по количеству байт: 9 из 9
// принято с порта: 9 байт

01 00 09 00 F6 00 00 37 F3   // прием: 9 байт; 22:07:13:730 08.03.2018
// таймаут: 40 мсек


CA E0 EB FE EC ED FB 20 

01 00 07 00 F7 E9 87   // передача: 7 байт; 22:07:13:730 08.03.2018
// приём по количеству байт: 39 из 39
// принято с порта: 39 байт

01 00 27 00 F7 CF F0 EE E3 F0 E0 EC EC E0 20 3F 20 20 20 20 20 2D 5F 5F 39 20 20 20 20 20 20 20 20 20 20 20 20 9E B4   // прием: 39 байт; 22:07:13:790 08.03.2018
// таймаут: 60 мсек

Программа ?     
-__9            

CA E0 EB FE EC ED FB 20 

01 00 08 00 F6 00 44 0A   // передача: 8 байт; 22:07:14:110 08.03.2018
// приём по количеству байт: 9 из 9
// принято с порта: 9 байт

01 00 09 00 F6 00 00 37 F3   // прием: 9 байт; 22:07:14:140 08.03.2018
// таймаут: 30 мсек


CA E0 EB FE EC ED FB 20 

01 00 07 00 F7 E9 87   // передача: 7 байт; 22:07:14:140 08.03.2018
// приём по количеству байт: 39 из 39
// принято с порта: 39 байт

01 00 27 00 F7 CF F0 EE E3 F0 E0 EC EC E0 20 3F 20 20 20 20 20 2D 5F 39 30 20 20 20 20 20 20 20 20 20 20 20 20 E5 1B   // прием: 39 байт; 22:07:14:210 08.03.2018
// таймаут: 70 мсек

Программа ?     
-_90            

CA E0 EB FE EC ED FB 20 

01 00 08 00 F6 0B 05 CD   // передача: 8 байт; 22:07:14:440 08.03.2018
// приём по количеству байт: 9 из 9
// принято с порта: 9 байт

01 00 09 00 F6 00 00 37 F3   // прием: 9 байт; 22:07:14:480 08.03.2018
// таймаут: 40 мсек


CA E0 EB FE EC ED FB 20 

01 00 07 00 F7 E9 87   // передача: 7 байт; 22:07:14:480 08.03.2018
// приём по таймауту: 1000 мс
// принято с порта: 0 байт
повтор: 1

CA E0 EB FE EC ED FB 20 

01 00 07 00 F7 E9 87   // передача: 7 байт; 22:07:15:486 08.03.2018
// приём по количеству байт: 39 из 39
// принято с порта: 39 байт

01 00 27 00 F7 CF F0 EE E3 F0 E0 EC EC E0 20 3F 20 20 20 20 20 2D 5F 5F 5F 20 20 20 20 20 20 20 20 20 20 20 20 16 D2   // прием: 39 байт; 22:07:16:028 08.03.2018
// таймаут: 542 мсек

Программа ?     
-___            

CA E0 EB FE EC ED FB 20 

01 00 08 00 F6 0C 44 0F   // передача: 8 байт; 22:07:16:198 08.03.2018
// приём по количеству байт: 9 из 9
// принято с порта: 9 байт

01 00 09 00 F6 00 00 37 F3   // прием: 9 байт; 22:07:16:228 08.03.2018
// таймаут: 30 мсек


CA E0 EB FE EC ED FB 20 

01 00 07 00 F7 E9 87   // передача: 7 байт; 22:07:16:228 08.03.2018
// приём по количеству байт: 39 из 39
// принято с порта: 39 байт

01 00 27 00 F7 CF F0 EE E3 F0 E0 EC EC E0 20 3F 20 20 20 20 20 2D 5F 5F 5F 20 20 20 20 20 20 20 20 20 20 20 20 16 D2   // прием: 39 байт; 22:07:16:298 08.03.2018
// таймаут: 70 мсек

Программа ?     
-___            

CA E0 EB FE EC ED FB 20 

01 00 08 00 F6 08 45 CC   // передача: 8 байт; 22:07:16:900 08.03.2018
// приём по количеству байт: 9 из 9
// принято с порта: 9 байт

01 00 09 00 F6 00 00 37 F3   // прием: 9 байт; 22:07:16:930 08.03.2018
// таймаут: 30 мсек


CA E0 EB FE EC ED FB 20 

01 00 07 00 F7 E9 87   // передача: 7 байт; 22:07:16:930 08.03.2018
// приём по количеству байт: 39 из 39
// принято с порта: 39 байт

01 00 27 00 F7 CF F0 EE E3 F0 E0 EC EC E0 20 3F 20 20 20 20 20 2D 5F 5F 38 20 20 20 20 20 20 20 20 20 20 20 20 9C 35   // прием: 39 байт; 22:07:17:000 08.03.2018
// таймаут: 70 мсек

Программа ?     
-__8            

CA E0 EB FE EC ED FB 20 

01 00 08 00 F6 01 85 CA   // передача: 8 байт; 22:07:17:320 08.03.2018
// приём по количеству байт: 9 из 9
// принято с порта: 9 байт

01 00 09 00 F6 00 00 37 F3   // прием: 9 байт; 22:07:17:360 08.03.2018
// таймаут: 40 мсек


CA E0 EB FE EC ED FB 20 

01 00 07 00 F7 E9 87   // передача: 7 байт; 22:07:17:360 08.03.2018
// приём по количеству байт: 39 из 39
// принято с порта: 39 байт

01 00 27 00 F7 CF F0 EE E3 F0 E0 EC EC E0 20 3F 20 20 20 20 20 2D 5F 38 31 20 20 20 20 20 20 20 20 20 20 20 20 E7 5B   // прием: 39 байт; 22:07:17:420 08.03.2018
// таймаут: 60 мсек

Программа ?     
-_81            

CA E0 EB FE EC ED FB 20 

01 00 08 00 F6 0D 85 CF   // передача: 8 байт; 22:07:17:978 08.03.2018
// приём по количеству байт: 9 из 9
// принято с порта: 9 байт

01 00 09 00 F6 00 00 37 F3   // прием: 9 байт; 22:07:18:018 08.03.2018
// таймаут: 40 мсек


CA E0 EB FE EC ED FB 20 

01 00 07 00 F7 E9 87   // передача: 7 байт; 22:07:18:018 08.03.2018
// приём по количеству байт: 39 из 39
// принято с порта: 39 байт

01 00 27 00 F7 CF EE EB ED FB E9 20 F1 E1 F0 EE F1 20 20 20 20 2E ED E5 F2 00 20 20 20 20 20 20 20 20 20 20 20 86 62   // прием: 39 байт; 22:07:18:078 08.03.2018
// таймаут: 60 мсек

Полный сброс    
.нет            

CA E0 EB FE EC ED FB 20 

01 00 08 00 F6 0B 05 CD   // передача: 8 байт; 22:07:18:498 08.03.2018
// приём по количеству байт: 9 из 9
// принято с порта: 9 байт

01 00 09 00 F6 00 00 37 F3   // прием: 9 байт; 22:07:18:538 08.03.2018
// таймаут: 40 мсек


CA E0 EB FE EC ED FB 20 

01 00 07 00 F7 E9 87   // передача: 7 байт; 22:07:18:538 08.03.2018
// приём по количеству байт: 39 из 39
// принято с порта: 39 байт

01 00 27 00 F7 CF EE EB ED FB E9 20 F1 E1 F0 EE F1 20 20 20 20 2E E4 E0 20 00 20 20 20 20 20 20 20 20 20 20 20 72 B2   // прием: 39 байт; 22:07:18:598 08.03.2018
// таймаут: 60 мсек

Полный сброс    
.да             

CA E0 EB FE EC ED FB 20 

01 00 08 00 F6 0D 85 CF   // передача: 8 байт; 22:07:18:800 08.03.2018
// приём по количеству байт: 9 из 9
// принято с порта: 9 байт

01 00 09 00 F6 00 00 37 F3   // прием: 9 байт; 22:07:18:840 08.03.2018
// таймаут: 40 мсек


CA E0 EB FE EC ED FB 20 

01 00 07 00 F7 E9 87   // передача: 7 байт; 22:07:18:840 08.03.2018
// приём по количеству байт: 39 из 39
// принято с порта: 39 байт

01 00 27 00 F7 D2 E5 F1 F2 20 EF E0 EC FF F2 E8 3A 20 31 20 20 20 20 20 20 20 20 20 30 25 00 20 20 20 20 20 20 C2 1C   // прием: 39 байт; 22:07:18:910 08.03.2018
// таймаут: 70 мсек

Тест памяти: 1  
       0%       

CA E0 EB FE EC ED FB 20 

01 00 08 00 F6 0D 85 CF   // передача: 8 байт; 22:07:20:748 08.03.2018
// приём по таймауту: 1000 мс
// принято с порта: 8 байт

01 00 08 00 F6 01 85 CA   // прием: 8 байт; 22:07:21:788 08.03.2018
// таймаут: 1040 мсек


CA E0 EB FE EC ED FB 20 

01 00 07 00 F7 E9 87   // передача: 7 байт; 22:07:24:328 08.03.2018
// приём по количеству байт: 39 из 39
// принято с порта: 39 байт

01 00 27 00 F7 D2 E5 F1 F2 20 EF E0 EC FF F2 E8 3A 20 32 20 20 20 20 20 20 20 20 20 30 25 00 20 20 20 20 20 20 86 58   // прием: 39 байт; 22:07:24:398 08.03.2018
// таймаут: 70 мсек

Тест памяти: 2  
       0%       

CA E0 EB FE EC ED FB 20 

01 00 07 00 F7 E9 87   // передача: 7 байт; 22:07:24:910 08.03.2018
// приём по количеству байт: 39 из 39
// принято с порта: 39 байт

01 00 27 00 F7 D2 E5 F1 F2 20 EF E0 EC FF F2 E8 3A 20 32 20 20 20 20 20 20 20 20 20 31 25 00 20 20 20 20 20 20 8B C8   // прием: 39 байт; 22:07:24:970 08.03.2018
// таймаут: 60 мсек

Тест памяти: 2  
       1%       

CA E0 EB FE EC ED FB 20 

01 00 07 00 F7 E9 87   // передача: 7 байт; 22:07:25:490 08.03.2018
// приём по количеству байт: 39 из 39
// принято с порта: 39 байт

01 00 27 00 F7 D2 E5 F1 F2 20 EF E0 EC FF F2 E8 3A 20 32 20 20 20 20 20 20 20 20 20 32 25 00 20 20 20 20 20 20 9F 38   // прием: 39 байт; 22:07:25:560 08.03.2018
// таймаут: 70 мсек

Тест памяти: 2  
       2%       

CA E0 EB FE EC ED FB 20 

01 00 07 00 F7 E9 87   // передача: 7 байт; 22:07:26:078 08.03.2018
// приём по количеству байт: 39 из 39
// принято с порта: 39 байт

01 00 27 00 F7 D2 E5 F1 F2 20 EF E0 EC FF F2 E8 3A 20 32 20 20 20 20 20 20 20 20 20 33 25 00 20 20 20 20 20 20 92 A8   // прием: 39 байт; 22:07:26:138 08.03.2018
// таймаут: 60 мсек

Тест памяти: 2  
       3%       

CA E0 EB FE EC ED FB 20 

01 00 07 00 F7 E9 87   // передача: 7 байт; 22:07:26:659 08.03.2018
// приём по количеству байт: 39 из 39
// принято с порта: 39 байт

01 00 27 00 F7 D2 E5 F1 F2 20 EF E0 EC FF F2 E8 3A 20 32 20 20 20 20 20 20 20 20 20 34 25 00 20 20 20 20 20 20 B4 98   // прием: 39 байт; 22:07:26:730 08.03.2018
// таймаут: 71 мсек

Тест памяти: 2  
       4%       

CA E0 EB FE EC ED FB 20 

01 00 07 00 F7 E9 87   // передача: 7 байт; 22:07:27:250 08.03.2018
// приём по количеству байт: 39 из 39
// принято с порта: 39 байт

01 00 27 00 F7 D2 E5 F1 F2 20 EF E0 EC FF F2 E8 3A 20 32 20 20 20 20 20 20 20 20 20 34 25 00 20 20 20 20 20 20 B4 98   // прием: 39 байт; 22:07:27:310 08.03.2018
// таймаут: 60 мсек

Тест памяти: 2  
       4%       

CA E0 EB FE EC ED FB 20 

01 00 07 00 F7 E9 87   // передача: 7 байт; 22:07:27:828 08.03.2018
// приём по количеству байт: 39 из 39
// принято с порта: 39 байт

01 00 27 00 F7 D2 E5 F1 F2 20 EF E0 EC FF F2 E8 3A 20 32 20 20 20 20 20 20 20 20 20 35 25 00 20 20 20 20 20 20 B9 08   // прием: 39 байт; 22:07:27:898 08.03.2018
// таймаут: 70 мсек

Тест памяти: 2  
       5%       

CA E0 EB FE EC ED FB 20 

01 00 07 00 F7 E9 87   // передача: 7 байт; 22:07:28:398 08.03.2018
// приём по количеству байт: 39 из 39
// принято с порта: 39 байт

01 00 27 00 F7 D2 E5 F1 F2 20 EF E0 EC FF F2 E8 3A 20 32 20 20 20 20 20 20 20 20 20 36 25 00 20 20 20 20 20 20 AD F8   // прием: 39 байт; 22:07:28:458 08.03.2018
// таймаут: 60 мсек

Тест памяти: 2  
       6%       

CA E0 EB FE EC ED FB 20 

01 00 07 00 F7 E9 87   // передача: 7 байт; 22:07:28:970 08.03.2018
// приём по количеству байт: 39 из 39
// принято с порта: 39 байт

01 00 27 00 F7 D2 E5 F1 F2 20 EF E0 EC FF F2 E8 3A 20 32 20 20 20 20 20 20 20 20 20 37 25 00 20 20 20 20 20 20 A0 68   // прием: 39 байт; 22:07:29:040 08.03.2018
// таймаут: 70 мсек

Тест памяти: 2  
       7%       

CA E0 EB FE EC ED FB 20 

01 00 07 00 F7 E9 87   // передача: 7 байт; 22:07:29:560 08.03.2018
// приём по количеству байт: 39 из 39
// принято с порта: 39 байт

01 00 27 00 F7 D2 E5 F1 F2 20 EF E0 EC FF F2 E8 3A 20 32 20 20 20 20 20 20 20 20 20 38 25 00 20 20 20 20 20 20 E1 98   // прием: 39 байт; 22:07:29:620 08.03.2018
// таймаут: 60 мсек

Тест памяти: 2  
       8%       

CA E0 EB FE EC ED FB 20 

01 00 07 00 F7 E9 87   // передача: 7 байт; 22:07:30:138 08.03.2018
// приём по количеству байт: 39 из 39
// принято с порта: 39 байт

01 00 27 00 F7 D2 E5 F1 F2 20 EF E0 EC FF F2 E8 3A 20 32 20 20 20 20 20 20 20 20 20 39 25 00 20 20 20 20 20 20 EC 08   // прием: 39 байт; 22:07:30:198 08.03.2018
// таймаут: 60 мсек

Тест памяти: 2  
       9%       

CA E0 EB FE EC ED FB 20 

01 00 07 00 F7 E9 87   // передача: 7 байт; 22:07:30:730 08.03.2018
// приём по количеству байт: 39 из 39
// принято с порта: 39 байт

01 00 27 00 F7 D2 E5 F1 F2 20 EF E0 EC FF F2 E8 3A 20 32 20 20 20 20 20 20 20 20 20 39 25 00 20 20 20 20 20 20 EC 08   // прием: 39 байт; 22:07:30:790 08.03.2018
// таймаут: 60 мсек

Тест памяти: 2  
       9%       

CA E0 EB FE EC ED FB 20 

01 00 07 00 F7 E9 87   // передача: 7 байт; 22:07:31:310 08.03.2018
// приём по количеству байт: 39 из 39
// принято с порта: 39 байт

01 00 27 00 F7 D2 E5 F1 F2 20 EF E0 EC FF F2 E8 3A 20 32 20 20 20 20 20 20 20 20 31 30 25 00 20 20 20 20 20 20 D6 08   // прием: 39 байт; 22:07:31:380 08.03.2018
// таймаут: 70 мсек

Тест памяти: 2  
      10%       

CA E0 EB FE EC ED FB 20 

01 00 07 00 F7 E9 87   // передача: 7 байт; 22:07:31:898 08.03.2018
// приём по количеству байт: 39 из 39
// принято с порта: 39 байт

01 00 27 00 F7 D2 E5 F1 F2 20 EF E0 EC FF F2 E8 3A 20 32 20 20 20 20 20 20 20 20 31 31 25 00 20 20 20 20 20 20 DB 98   // прием: 39 байт; 22:07:31:968 08.03.2018
// таймаут: 70 мсек

Тест памяти: 2  
      11%       

CA E0 EB FE EC ED FB 20 

01 00 07 00 F7 E9 87   // передача: 7 байт; 22:07:32:478 08.03.2018
// приём по количеству байт: 39 из 39
// принято с порта: 39 байт

01 00 27 00 F7 D2 E5 F1 F2 20 EF E0 EC FF F2 E8 3A 20 32 20 20 20 20 20 20 20 20 31 32 25 00 20 20 20 20 20 20 CF 68   // прием: 39 байт; 22:07:32:548 08.03.2018
// таймаут: 70 мсек

Тест памяти: 2  
      12%       

CA E0 EB FE EC ED FB 20 

01 00 07 00 F7 E9 87   // передача: 7 байт; 22:07:33:063 08.03.2018
// приём по количеству байт: 39 из 39
// принято с порта: 39 байт

01 00 27 00 F7 D2 E5 F1 F2 20 EF E0 EC FF F2 E8 3A 20 32 20 20 20 20 20 20 20 20 31 33 25 00 20 20 20 20 20 20 C2 F8   // прием: 39 байт; 22:07:33:137 08.03.2018
// таймаут: 74 мсек

Тест памяти: 2  
      13%       

CA E0 EB FE EC ED FB 20 

01 00 07 00 F7 E9 87   // передача: 7 байт; 22:07:33:640 08.03.2018
// приём по количеству байт: 39 из 39
// принято с порта: 39 байт

01 00 27 00 F7 D2 E5 F1 F2 20 EF E0 EC FF F2 E8 3A 20 32 20 20 20 20 20 20 20 20 31 34 25 00 20 20 20 20 20 20 E4 C8   // прием: 39 байт; 22:07:33:712 08.03.2018
// таймаут: 72 мсек

Тест памяти: 2  
      14%       

CA E0 EB FE EC ED FB 20 

01 00 07 00 F7 E9 87   // передача: 7 байт; 22:07:34:218 08.03.2018
// приём по количеству байт: 39 из 39
// принято с порта: 39 байт

01 00 27 00 F7 D2 E5 F1 F2 20 EF E0 EC FF F2 E8 3A 20 32 20 20 20 20 20 20 20 20 31 34 25 00 20 20 20 20 20 20 E4 C8   // прием: 39 байт; 22:07:34:286 08.03.2018
// таймаут: 68 мсек

Тест памяти: 2  
      14%       

CA E0 EB FE EC ED FB 20 

01 00 07 00 F7 E9 87   // передача: 7 байт; 22:07:34:795 08.03.2018
// приём по количеству байт: 39 из 39
// принято с порта: 39 байт

01 00 27 00 F7 D2 E5 F1 F2 20 EF E0 EC FF F2 E8 3A 20 32 20 20 20 20 20 20 20 20 31 35 25 00 20 20 20 20 20 20 E9 58   // прием: 39 байт; 22:07:34:863 08.03.2018
// таймаут: 68 мсек

Тест памяти: 2  
      15%       

CA E0 EB FE EC ED FB 20 

01 00 07 00 F7 E9 87   // передача: 7 байт; 22:07:35:365 08.03.2018
// приём по количеству байт: 39 из 39
// принято с порта: 39 байт

01 00 27 00 F7 D2 E5 F1 F2 20 EF E0 EC FF F2 E8 3A 20 32 20 20 20 20 20 20 20 20 31 36 25 00 20 20 20 20 20 20 FD A8   // прием: 39 байт; 22:07:35:431 08.03.2018
// таймаут: 66 мсек

Тест памяти: 2  
      16%       

CA E0 EB FE EC ED FB 20 

01 00 07 00 F7 E9 87   // передача: 7 байт; 22:07:35:933 08.03.2018
// приём по количеству байт: 39 из 39
// принято с порта: 39 байт

01 00 27 00 F7 D2 E5 F1 F2 20 EF E0 EC FF F2 E8 3A 20 32 20 20 20 20 20 20 20 20 31 37 25 00 20 20 20 20 20 20 F0 38   // прием: 39 байт; 22:07:35:998 08.03.2018
// таймаут: 65 мсек

Тест памяти: 2  
      17%       

CA E0 EB FE EC ED FB 20 

01 00 07 00 F7 E9 87   // передача: 7 байт; 22:07:36:511 08.03.2018
// приём по количеству байт: 39 из 39
// принято с порта: 39 байт

01 00 27 00 F7 D2 E5 F1 F2 20 EF E0 EC FF F2 E8 3A 20 32 20 20 20 20 20 20 20 20 31 38 25 00 20 20 20 20 20 20 B1 C8   // прием: 39 байт; 22:07:36:584 08.03.2018
// таймаут: 73 мсек

Тест памяти: 2  
      18%       

CA E0 EB FE EC ED FB 20 

01 00 07 00 F7 E9 87   // передача: 7 байт; 22:07:37:072 08.03.2018
// приём по количеству байт: 39 из 39
// принято с порта: 39 байт

01 00 27 00 F7 D2 E5 F1 F2 20 EF E0 EC FF F2 E8 3A 20 32 20 20 20 20 20 20 20 20 31 39 25 00 20 20 20 20 20 20 BC 58   // прием: 39 байт; 22:07:37:138 08.03.2018
// таймаут: 66 мсек

Тест памяти: 2  
      19%       

CA E0 EB FE EC ED FB 20 

01 00 07 00 F7 E9 87   // передача: 7 байт; 22:07:37:649 08.03.2018
// приём по количеству байт: 39 из 39
// принято с порта: 39 байт

01 00 27 00 F7 D2 E5 F1 F2 20 EF E0 EC FF F2 E8 3A 20 32 20 20 20 20 20 20 20 20 31 39 25 00 20 20 20 20 20 20 BC 58   // прием: 39 байт; 22:07:37:715 08.03.2018
// таймаут: 66 мсек

Тест памяти: 2  
      19%       

CA E0 EB FE EC ED FB 20 

01 00 07 00 F7 E9 87   // передача: 7 байт; 22:07:38:227 08.03.2018
// приём по количеству байт: 39 из 39
// принято с порта: 39 байт

01 00 27 00 F7 D2 E5 F1 F2 20 EF E0 EC FF F2 E8 3A 20 32 20 20 20 20 20 20 20 20 32 30 25 00 20 20 20 20 20 20 26 07   // прием: 39 байт; 22:07:38:303 08.03.2018
// таймаут: 76 мсек

Тест памяти: 2  
      20%       

CA E0 EB FE EC ED FB 20 

01 00 07 00 F7 E9 87   // передача: 7 байт; 22:07:38:819 08.03.2018
// приём по количеству байт: 39 из 39
// принято с порта: 39 байт

01 00 27 00 F7 D2 E5 F1 F2 20 EF E0 EC FF F2 E8 3A 20 32 20 20 20 20 20 20 20 20 32 31 25 00 20 20 20 20 20 20 2B 97   // прием: 39 байт; 22:07:38:890 08.03.2018
// таймаут: 71 мсек

Тест памяти: 2  
      21%       

CA E0 EB FE EC ED FB 20 

01 00 07 00 F7 E9 87   // передача: 7 байт; 22:07:39:396 08.03.2018
// приём по количеству байт: 39 из 39
// принято с порта: 39 байт

01 00 27 00 F7 D2 E5 F1 F2 20 EF E0 EC FF F2 E8 3A 20 32 20 20 20 20 20 20 20 20 32 32 25 00 20 20 20 20 20 20 3F 67   // прием: 39 байт; 22:07:39:468 08.03.2018
// таймаут: 72 мсек

Тест памяти: 2  
      22%       

CA E0 EB FE EC ED FB 20 

01 00 07 00 F7 E9 87   // передача: 7 байт; 22:07:39:969 08.03.2018
// приём по количеству байт: 39 из 39
// принято с порта: 39 байт

01 00 27 00 F7 D2 E5 F1 F2 20 EF E0 EC FF F2 E8 3A 20 32 20 20 20 20 20 20 20 20 32 33 25 00 20 20 20 20 20 20 32 F7   // прием: 39 байт; 22:07:40:037 08.03.2018
// таймаут: 68 мсек

Тест памяти: 2  
      23%       

CA E0 EB FE EC ED FB 20 

01 00 07 00 F7 E9 87   // передача: 7 байт; 22:07:40:551 08.03.2018
// приём по количеству байт: 39 из 39
// принято с порта: 39 байт

01 00 27 00 F7 D2 E5 F1 F2 20 EF E0 EC FF F2 E8 3A 20 32 20 20 20 20 20 20 20 20 32 34 25 00 20 20 20 20 20 20 14 C7   // прием: 39 байт; 22:07:40:616 08.03.2018
// таймаут: 65 мсек

Тест памяти: 2  
      24%       

CA E0 EB FE EC ED FB 20 

01 00 07 00 F7 E9 87   // передача: 7 байт; 22:07:41:128 08.03.2018
// приём по количеству байт: 39 из 39
// принято с порта: 39 байт

01 00 27 00 F7 D2 E5 F1 F2 20 EF E0 EC FF F2 E8 3A 20 32 20 20 20 20 20 20 20 20 32 34 25 00 20 20 20 20 20 20 14 C7   // прием: 39 байт; 22:07:41:194 08.03.2018
// таймаут: 66 мсек

Тест памяти: 2  
      24%       

CA E0 EB FE EC ED FB 20 

01 00 07 00 F7 E9 87   // передача: 7 байт; 22:07:41:706 08.03.2018
// приём по количеству байт: 39 из 39
// принято с порта: 39 байт

01 00 27 00 F7 D2 E5 F1 F2 20 EF E0 EC FF F2 E8 3A 20 32 20 20 20 20 20 20 20 20 32 35 25 00 20 20 20 20 20 20 19 57   // прием: 39 байт; 22:07:41:773 08.03.2018
// таймаут: 67 мсек

Тест памяти: 2  
      25%       

CA E0 EB FE EC ED FB 20 

01 00 07 00 F7 E9 87   // передача: 7 байт; 22:07:42:283 08.03.2018
// приём по количеству байт: 39 из 39
// принято с порта: 39 байт

01 00 27 00 F7 D2 E5 F1 F2 20 EF E0 EC FF F2 E8 3A 20 32 20 20 20 20 20 20 20 20 32 36 25 00 20 20 20 20 20 20 0D A7   // прием: 39 байт; 22:07:42:354 08.03.2018
// таймаут: 71 мсек

Тест памяти: 2  
      26%       

CA E0 EB FE EC ED FB 20 

01 00 07 00 F7 E9 87   // передача: 7 байт; 22:07:42:848 08.03.2018
// приём по количеству байт: 39 из 39
// принято с порта: 39 байт

01 00 27 00 F7 D2 E5 F1 F2 20 EF E0 EC FF F2 E8 3A 20 32 20 20 20 20 20 20 20 20 32 37 25 00 20 20 20 20 20 20 00 37   // прием: 39 байт; 22:07:42:915 08.03.2018
// таймаут: 67 мсек

Тест памяти: 2  
      27%       

CA E0 EB FE EC ED FB 20 

01 00 07 00 F7 E9 87   // передача: 7 байт; 22:07:43:422 08.03.2018
// приём по количеству байт: 39 из 39
// принято с порта: 39 байт

01 00 27 00 F7 D2 E5 F1 F2 20 EF E0 EC FF F2 E8 3A 20 32 20 20 20 20 20 20 20 20 32 38 25 00 20 20 20 20 20 20 41 C7   // прием: 39 байт; 22:07:43:494 08.03.2018
// таймаут: 72 мсек

Тест памяти: 2  
      28%       

CA E0 EB FE EC ED FB 20 

01 00 07 00 F7 E9 87   // передача: 7 байт; 22:07:43:999 08.03.2018
// приём по количеству байт: 39 из 39
// принято с порта: 39 байт

01 00 27 00 F7 D2 E5 F1 F2 20 EF E0 EC FF F2 E8 3A 20 32 20 20 20 20 20 20 20 20 32 39 25 00 20 20 20 20 20 20 4C 57   // прием: 39 байт; 22:07:44:074 08.03.2018
// таймаут: 75 мсек

Тест памяти: 2  
      29%       

CA E0 EB FE EC ED FB 20 

01 00 07 00 F7 E9 87   // передача: 7 байт; 22:07:44:564 08.03.2018
// приём по количеству байт: 39 из 39
// принято с порта: 39 байт

01 00 27 00 F7 D2 E5 F1 F2 20 EF E0 EC FF F2 E8 3A 20 32 20 20 20 20 20 20 20 20 32 39 25 00 20 20 20 20 20 20 4C 57   // прием: 39 байт; 22:07:44:638 08.03.2018
// таймаут: 74 мсек

Тест памяти: 2  
      29%       

CA E0 EB FE EC ED FB 20 

01 00 07 00 F7 E9 87   // передача: 7 байт; 22:07:45:154 08.03.2018
// приём по количеству байт: 39 из 39
// принято с порта: 39 байт

01 00 27 00 F7 D2 E5 F1 F2 20 EF E0 EC FF F2 E8 3A 20 32 20 20 20 20 20 20 20 20 33 30 25 00 20 20 20 20 20 20 77 C2   // прием: 39 байт; 22:07:45:228 08.03.2018
// таймаут: 74 мсек

Тест памяти: 2  
      30%       

CA E0 EB FE EC ED FB 20 

01 00 07 00 F7 E9 87   // передача: 7 байт; 22:07:45:731 08.03.2018
// приём по количеству байт: 39 из 39
// принято с порта: 39 байт

01 00 27 00 F7 D2 E5 F1 F2 20 EF E0 EC FF F2 E8 3A 20 32 20 20 20 20 20 20 20 20 33 31 25 00 20 20 20 20 20 20 7A 52   // прием: 39 байт; 22:07:45:796 08.03.2018
// таймаут: 65 мсек

Тест памяти: 2  
      31%       

CA E0 EB FE EC ED FB 20 

01 00 07 00 F7 E9 87   // передача: 7 байт; 22:07:46:308 08.03.2018
// приём по количеству байт: 39 из 39
// принято с порта: 39 байт

01 00 27 00 F7 D2 E5 F1 F2 20 EF E0 EC FF F2 E8 3A 20 32 20 20 20 20 20 20 20 20 33 32 25 00 20 20 20 20 20 20 6E A2   // прием: 39 байт; 22:07:46:376 08.03.2018
// таймаут: 68 мсек

Тест памяти: 2  
      32%       

CA E0 EB FE EC ED FB 20 

01 00 07 00 F7 E9 87   // передача: 7 байт; 22:07:46:885 08.03.2018
// приём по количеству байт: 39 из 39
// принято с порта: 39 байт

01 00 27 00 F7 D2 E5 F1 F2 20 EF E0 EC FF F2 E8 3A 20 32 20 20 20 20 20 20 20 20 33 33 25 00 20 20 20 20 20 20 63 32   // прием: 39 байт; 22:07:46:956 08.03.2018
// таймаут: 71 мсек

Тест памяти: 2  
      33%       

CA E0 EB FE EC ED FB 20 

01 00 07 00 F7 E9 87   // передача: 7 байт; 22:07:47:448 08.03.2018
// приём по количеству байт: 39 из 39
// принято с порта: 39 байт

01 00 27 00 F7 D2 E5 F1 F2 20 EF E0 EC FF F2 E8 3A 20 32 20 20 20 20 20 20 20 20 33 34 25 00 20 20 20 20 20 20 45 02   // прием: 39 байт; 22:07:47:524 08.03.2018
// таймаут: 76 мсек

Тест памяти: 2  
      34%       

CA E0 EB FE EC ED FB 20 

01 00 07 00 F7 E9 87   // передача: 7 байт; 22:07:48:039 08.03.2018
// приём по количеству байт: 39 из 39
// принято с порта: 39 байт

01 00 27 00 F7 D2 E5 F1 F2 20 EF E0 EC FF F2 E8 3A 20 32 20 20 20 20 20 20 20 20 33 34 25 00 20 20 20 20 20 20 45 02   // прием: 39 байт; 22:07:48:112 08.03.2018
// таймаут: 73 мсек

Тест памяти: 2  
      34%       

CA E0 EB FE EC ED FB 20 

01 00 07 00 F7 E9 87   // передача: 7 байт; 22:07:48:617 08.03.2018
// приём по количеству байт: 39 из 39
// принято с порта: 39 байт

01 00 27 00 F7 D2 E5 F1 F2 20 EF E0 EC FF F2 E8 3A 20 32 20 20 20 20 20 20 20 20 33 35 25 00 20 20 20 20 20 20 48 92   // прием: 39 байт; 22:07:48:690 08.03.2018
// таймаут: 73 мсек

Тест памяти: 2  
      35%       

CA E0 EB FE EC ED FB 20 

01 00 07 00 F7 E9 87   // передача: 7 байт; 22:07:49:194 08.03.2018
// приём по количеству байт: 39 из 39
// принято с порта: 39 байт

01 00 27 00 F7 D2 E5 F1 F2 20 EF E0 EC FF F2 E8 3A 20 32 20 20 20 20 20 20 20 20 33 36 25 00 20 20 20 20 20 20 5C 62   // прием: 39 байт; 22:07:49:270 08.03.2018
// таймаут: 76 мсек

Тест памяти: 2  
      36%       

CA E0 EB FE EC ED FB 20 

01 00 07 00 F7 E9 87   // передача: 7 байт; 22:07:49:787 08.03.2018
// приём по количеству байт: 39 из 39
// принято с порта: 39 байт

01 00 27 00 F7 D2 E5 F1 F2 20 EF E0 EC FF F2 E8 3A 20 32 20 20 20 20 20 20 20 20 33 37 25 00 20 20 20 20 20 20 51 F2   // прием: 39 байт; 22:07:49:852 08.03.2018
// таймаут: 65 мсек

Тест памяти: 2  
      37%       

CA E0 EB FE EC ED FB 20 

01 00 07 00 F7 E9 87   // передача: 7 байт; 22:07:50:364 08.03.2018
// приём по количеству байт: 39 из 39
// принято с порта: 39 байт

01 00 27 00 F7 D2 E5 F1 F2 20 EF E0 EC FF F2 E8 3A 20 32 20 20 20 20 20 20 20 20 33 38 25 00 20 20 20 20 20 20 10 02   // прием: 39 байт; 22:07:50:433 08.03.2018
// таймаут: 69 мсек

Тест памяти: 2  
      38%       

CA E0 EB FE EC ED FB 20 

01 00 07 00 F7 E9 87   // передача: 7 байт; 22:07:50:941 08.03.2018
// приём по количеству байт: 39 из 39
// принято с порта: 39 байт

01 00 27 00 F7 D2 E5 F1 F2 20 EF E0 EC FF F2 E8 3A 20 32 20 20 20 20 20 20 20 20 33 39 25 00 20 20 20 20 20 20 1D 92   // прием: 39 байт; 22:07:51:011 08.03.2018
// таймаут: 70 мсек

Тест памяти: 2  
      39%       

CA E0 EB FE EC ED FB 20 

01 00 07 00 F7 E9 87   // передача: 7 байт; 22:07:51:508 08.03.2018
// приём по количеству байт: 39 из 39
// принято с порта: 39 байт

01 00 27 00 F7 D2 E5 F1 F2 20 EF E0 EC FF F2 E8 3A 20 32 20 20 20 20 20 20 20 20 33 39 25 00 20 20 20 20 20 20 1D 92   // прием: 39 байт; 22:07:51:584 08.03.2018
// таймаут: 76 мсек

Тест памяти: 2  
      39%       

CA E0 EB FE EC ED FB 20 

01 00 07 00 F7 E9 87   // передача: 7 байт; 22:07:52:095 08.03.2018
// приём по количеству байт: 39 из 39
// принято с порта: 39 байт

01 00 27 00 F7 D2 E5 F1 F2 20 EF E0 EC FF F2 E8 3A 20 32 20 20 20 20 20 20 20 20 34 30 25 00 20 20 20 20 20 20 C6 18   // прием: 39 байт; 22:07:52:168 08.03.2018
// таймаут: 73 мсек

Тест памяти: 2  
      40%       

CA E0 EB FE EC ED FB 20 

01 00 07 00 F7 E9 87   // передача: 7 байт; 22:07:52:672 08.03.2018
// приём по количеству байт: 39 из 39
// принято с порта: 39 байт

01 00 27 00 F7 D2 E5 F1 F2 20 EF E0 EC FF F2 E8 3A 20 32 20 20 20 20 20 20 20 20 34 31 25 00 20 20 20 20 20 20 CB 88   // прием: 39 байт; 22:07:52:745 08.03.2018
// таймаут: 73 мсек

Тест памяти: 2  
      41%       

CA E0 EB FE EC ED FB 20 

01 00 07 00 F7 E9 87   // передача: 7 байт; 22:07:53:250 08.03.2018
// приём по количеству байт: 39 из 39
// принято с порта: 39 байт

01 00 27 00 F7 D2 E5 F1 F2 20 EF E0 EC FF F2 E8 3A 20 32 20 20 20 20 20 20 20 20 34 32 25 00 20 20 20 20 20 20 DF 78   // прием: 39 байт; 22:07:53:327 08.03.2018
// таймаут: 77 мсек

Тест памяти: 2  
      42%       

CA E0 EB FE EC ED FB 20 

01 00 07 00 F7 E9 87   // передача: 7 байт; 22:07:53:842 08.03.2018
// приём по количеству байт: 39 из 39
// принято с порта: 39 байт

01 00 27 00 F7 D2 E5 F1 F2 20 EF E0 EC FF F2 E8 3A 20 32 20 20 20 20 20 20 20 20 34 33 25 00 20 20 20 20 20 20 D2 E8   // прием: 39 байт; 22:07:53:916 08.03.2018
// таймаут: 74 мсек

Тест памяти: 2  
      43%       

CA E0 EB FE EC ED FB 20 

01 00 07 00 F7 E9 87   // передача: 7 байт; 22:07:54:420 08.03.2018
// приём по количеству байт: 39 из 39
// принято с порта: 39 байт

01 00 27 00 F7 D2 E5 F1 F2 20 EF E0 EC FF F2 E8 3A 20 32 20 20 20 20 20 20 20 20 34 33 25 00 20 20 20 20 20 20 D2 E8   // прием: 39 байт; 22:07:54:488 08.03.2018
// таймаут: 68 мсек

Тест памяти: 2  
      43%       

CA E0 EB FE EC ED FB 20 

01 00 07 00 F7 E9 87   // передача: 7 байт; 22:07:54:997 08.03.2018
// приём по количеству байт: 39 из 39
// принято с порта: 39 байт

01 00 27 00 F7 D2 E5 F1 F2 20 EF E0 EC FF F2 E8 3A 20 32 20 20 20 20 20 20 20 20 34 34 25 00 20 20 20 20 20 20 F4 D8   // прием: 39 байт; 22:07:55:070 08.03.2018
// таймаут: 73 мсек

Тест памяти: 2  
      44%       

CA E0 EB FE EC ED FB 20 

01 00 07 00 F7 E9 87   // передача: 7 байт; 22:07:55:567 08.03.2018
// приём по количеству байт: 39 из 39
// принято с порта: 39 байт

01 00 27 00 F7 D2 E5 F1 F2 20 EF E0 EC FF F2 E8 3A 20 32 20 20 20 20 20 20 20 20 34 35 25 00 20 20 20 20 20 20 F9 48   // прием: 39 байт; 22:07:55:639 08.03.2018
// таймаут: 72 мсек

Тест памяти: 2  
      45%       

CA E0 EB FE EC ED FB 20 

01 00 07 00 F7 E9 87   // передача: 7 байт; 22:07:56:151 08.03.2018
// приём по количеству байт: 39 из 39
// принято с порта: 39 байт

01 00 27 00 F7 D2 E5 F1 F2 20 EF E0 EC FF F2 E8 3A 20 32 20 20 20 20 20 20 20 20 34 36 25 00 20 20 20 20 20 20 ED B8   // прием: 39 байт; 22:07:56:221 08.03.2018
// таймаут: 70 мсек

Тест памяти: 2  
      46%       

CA E0 EB FE EC ED FB 20 

01 00 07 00 F7 E9 87   // передача: 7 байт; 22:07:56:728 08.03.2018
// приём по количеству байт: 39 из 39
// принято с порта: 39 байт

01 00 27 00 F7 D2 E5 F1 F2 20 EF E0 EC FF F2 E8 3A 20 32 20 20 20 20 20 20 20 20 34 37 25 00 20 20 20 20 20 20 E0 28   // прием: 39 байт; 22:07:56:804 08.03.2018
// таймаут: 76 мсек

Тест памяти: 2  
      47%       

CA E0 EB FE EC ED FB 20 

01 00 07 00 F7 E9 87   // передача: 7 байт; 22:07:57:321 08.03.2018
// приём по количеству байт: 39 из 39
// принято с порта: 39 байт

01 00 27 00 F7 D2 E5 F1 F2 20 EF E0 EC FF F2 E8 3A 20 32 20 20 20 20 20 20 20 20 34 38 25 00 20 20 20 20 20 20 A1 D8   // прием: 39 байт; 22:07:57:397 08.03.2018
// таймаут: 76 мсек

Тест памяти: 2  
      48%       

CA E0 EB FE EC ED FB 20 

01 00 07 00 F7 E9 87   // передача: 7 байт; 22:07:57:904 08.03.2018
// приём по количеству байт: 39 из 39
// принято с порта: 39 байт

01 00 27 00 F7 D2 E5 F1 F2 20 EF E0 EC FF F2 E8 3A 20 32 20 20 20 20 20 20 20 20 34 38 25 00 20 20 20 20 20 20 A1 D8   // прием: 39 байт; 22:07:57:976 08.03.2018
// таймаут: 72 мсек

Тест памяти: 2  
      48%       

CA E0 EB FE EC ED FB 20 

01 00 07 00 F7 E9 87   // передача: 7 байт; 22:07:58:491 08.03.2018
// приём по количеству байт: 39 из 39
// принято с порта: 39 байт

01 00 27 00 F7 D2 E5 F1 F2 20 EF E0 EC FF F2 E8 3A 20 32 20 20 20 20 20 20 20 20 34 39 25 00 20 20 20 20 20 20 AC 48   // прием: 39 байт; 22:07:58:566 08.03.2018
// таймаут: 75 мсек

Тест памяти: 2  
      49%       

CA E0 EB FE EC ED FB 20 

01 00 07 00 F7 E9 87   // передача: 7 байт; 22:07:59:085 08.03.2018
// приём по количеству байт: 39 из 39
// принято с порта: 39 байт

01 00 27 00 F7 D2 E5 F1 F2 20 EF E0 EC FF F2 E8 3A 20 32 20 20 20 20 20 20 20 20 35 30 25 00 20 20 20 20 20 20 97 DD   // прием: 39 байт; 22:07:59:161 08.03.2018
// таймаут: 76 мсек

Тест памяти: 2  
      50%       

CA E0 EB FE EC ED FB 20 

01 00 07 00 F7 E9 87   // передача: 7 байт; 22:07:59:667 08.03.2018
// приём по количеству байт: 39 из 39
// принято с порта: 39 байт

01 00 27 00 F7 D2 E5 F1 F2 20 EF E0 EC FF F2 E8 3A 20 32 20 20 20 20 20 20 20 20 35 31 25 00 20 20 20 20 20 20 9A 4D   // прием: 39 байт; 22:07:59:755 08.03.2018
// таймаут: 88 мсек

Тест памяти: 2  
      51%       

CA E0 EB FE EC ED FB 20 

01 00 07 00 F7 E9 87   // передача: 7 байт; 22:08:00:270 08.03.2018
// приём по количеству байт: 39 из 39
// принято с порта: 39 байт

01 00 27 00 F7 D2 E5 F1 F2 20 EF E0 EC FF F2 E8 3A 20 32 20 20 20 20 20 20 20 20 35 31 25 00 20 20 20 20 20 20 9A 4D   // прием: 39 байт; 22:08:00:340 08.03.2018
// таймаут: 70 мсек

Тест памяти: 2  
      51%       

CA E0 EB FE EC ED FB 20 

01 00 07 00 F7 E9 87   // передача: 7 байт; 22:08:00:832 08.03.2018
// приём по количеству байт: 39 из 39
// принято с порта: 39 байт

01 00 27 00 F7 D2 E5 F1 F2 20 EF E0 EC FF F2 E8 3A 20 32 20 20 20 20 20 20 20 20 35 31 25 00 20 20 20 20 20 20 9A 4D   // прием: 39 байт; 22:08:00:937 08.03.2018
// таймаут: 105 мсек

Тест памяти: 2  
      51%       

CA E0 EB FE EC ED FB 20 

01 00 07 00 F7 E9 87   // передача: 7 байт; 22:08:01:440 08.03.2018
// приём по количеству байт: 39 из 39
// принято с порта: 39 байт

01 00 27 00 F7 D2 E5 F1 F2 20 EF E0 EC FF F2 E8 3A 20 32 20 20 20 20 20 20 20 20 35 32 25 00 20 20 20 20 20 20 8E BD   // прием: 39 байт; 22:08:01:535 08.03.2018
// таймаут: 95 мсек

Тест памяти: 2  
      52%       

CA E0 EB FE EC ED FB 20 

01 00 07 00 F7 E9 87   // передача: 7 байт; 22:08:02:049 08.03.2018
// приём по количеству байт: 39 из 39
// принято с порта: 39 байт

01 00 27 00 F7 D2 E5 F1 F2 20 EF E0 EC FF F2 E8 3A 20 32 20 20 20 20 20 20 20 20 35 32 25 00 20 20 20 20 20 20 8E BD   // прием: 39 байт; 22:08:02:121 08.03.2018
// таймаут: 72 мсек

Тест памяти: 2  
      52%       

CA E0 EB FE EC ED FB 20 

01 00 07 00 F7 E9 87   // передача: 7 байт; 22:08:02:626 08.03.2018
// приём по количеству байт: 39 из 39
// принято с порта: 39 байт

01 00 27 00 F7 D2 E5 F1 F2 20 EF E0 EC FF F2 E8 3A 20 32 20 20 20 20 20 20 20 20 35 33 25 00 20 20 20 20 20 20 83 2D   // прием: 39 байт; 22:08:02:693 08.03.2018
// таймаут: 67 мсек

Тест памяти: 2  
      53%       

CA E0 EB FE EC ED FB 20 

01 00 07 00 F7 E9 87   // передача: 7 байт; 22:08:03:203 08.03.2018
// приём по количеству байт: 39 из 39
// принято с порта: 39 байт

01 00 27 00 F7 D2 E5 F1 F2 20 EF E0 EC FF F2 E8 3A 20 32 20 20 20 20 20 20 20 20 35 34 25 00 20 20 20 20 20 20 A5 1D   // прием: 39 байт; 22:08:03:276 08.03.2018
// таймаут: 73 мсек

Тест памяти: 2  
      54%       

CA E0 EB FE EC ED FB 20 

01 00 07 00 F7 E9 87   // передача: 7 байт; 22:08:03:780 08.03.2018
// приём по количеству байт: 39 из 39
// принято с порта: 39 байт

01 00 27 00 F7 D2 E5 F1 F2 20 EF E0 EC FF F2 E8 3A 20 32 20 20 20 20 20 20 20 20 35 35 25 00 20 20 20 20 20 20 A8 8D   // прием: 39 байт; 22:08:03:856 08.03.2018
// таймаут: 76 мсек

Тест памяти: 2  
      55%       

CA E0 EB FE EC ED FB 20 

01 00 07 00 F7 E9 87   // передача: 7 байт; 22:08:04:373 08.03.2018
// приём по количеству байт: 39 из 39
// принято с порта: 39 байт

01 00 27 00 F7 D2 E5 F1 F2 20 EF E0 EC FF F2 E8 3A 20 32 20 20 20 20 20 20 20 20 35 36 25 00 20 20 20 20 20 20 BC 7D   // прием: 39 байт; 22:08:04:439 08.03.2018
// таймаут: 66 мсек

Тест памяти: 2  
      56%       

CA E0 EB FE EC ED FB 20 

01 00 07 00 F7 E9 87   // передача: 7 байт; 22:08:04:950 08.03.2018
// приём по количеству байт: 39 из 39
// принято с порта: 39 байт

01 00 27 00 F7 D2 E5 F1 F2 20 EF E0 EC FF F2 E8 3A 20 32 20 20 20 20 20 20 20 20 35 37 25 00 20 20 20 20 20 20 B1 ED   // прием: 39 байт; 22:08:05:021 08.03.2018
// таймаут: 71 мсек

Тест памяти: 2  
      57%       

CA E0 EB FE EC ED FB 20 

01 00 07 00 F7 E9 87   // передача: 7 байт; 22:08:05:513 08.03.2018
// приём по количеству байт: 39 из 39
// принято с порта: 39 байт

01 00 27 00 F7 D2 E5 F1 F2 20 EF E0 EC FF F2 E8 3A 20 32 20 20 20 20 20 20 20 20 35 37 25 00 20 20 20 20 20 20 B1 ED   // прием: 39 байт; 22:08:05:581 08.03.2018
// таймаут: 68 мсек

Тест памяти: 2  
      57%       

CA E0 EB FE EC ED FB 20 

01 00 07 00 F7 E9 87   // передача: 7 байт; 22:08:06:089 08.03.2018
// приём по количеству байт: 39 из 39
// принято с порта: 39 байт

01 00 27 00 F7 D2 E5 F1 F2 20 EF E0 EC FF F2 E8 3A 20 32 20 20 20 20 20 20 20 20 35 38 25 00 20 20 20 20 20 20 F0 1D   // прием: 39 байт; 22:08:06:165 08.03.2018
// таймаут: 76 мсек

Тест памяти: 2  
      58%       

CA E0 EB FE EC ED FB 20 

01 00 07 00 F7 E9 87   // передача: 7 байт; 22:08:06:682 08.03.2018
// приём по количеству байт: 39 из 39
// принято с порта: 39 байт

01 00 27 00 F7 D2 E5 F1 F2 20 EF E0 EC FF F2 E8 3A 20 32 20 20 20 20 20 20 20 20 35 39 25 00 20 20 20 20 20 20 FD 8D   // прием: 39 байт; 22:08:06:747 08.03.2018
// таймаут: 65 мсек

Тест памяти: 2  
      59%       

CA E0 EB FE EC ED FB 20 

01 00 07 00 F7 E9 87   // передача: 7 байт; 22:08:07:259 08.03.2018
// приём по количеству байт: 39 из 39
// принято с порта: 39 байт

01 00 27 00 F7 D2 E5 F1 F2 20 EF E0 EC FF F2 E8 3A 20 32 20 20 20 20 20 20 20 20 36 30 25 00 20 20 20 20 20 20 67 D2   // прием: 39 байт; 22:08:07:333 08.03.2018
// таймаут: 74 мсек

Тест памяти: 2  
      60%       

CA E0 EB FE EC ED FB 20 

01 00 07 00 F7 E9 87   // передача: 7 байт; 22:08:07:836 08.03.2018
// приём по количеству байт: 39 из 39
// принято с порта: 39 байт

01 00 27 00 F7 D2 E5 F1 F2 20 EF E0 EC FF F2 E8 3A 20 32 20 20 20 20 20 20 20 20 36 31 25 00 20 20 20 20 20 20 6A 42   // прием: 39 байт; 22:08:07:905 08.03.2018
// таймаут: 69 мсек

Тест памяти: 2  
      61%       

CA E0 EB FE EC ED FB 20 

01 00 07 00 F7 E9 87   // передача: 7 байт; 22:08:08:400 08.03.2018
// приём по количеству байт: 39 из 39
// принято с порта: 39 байт

01 00 27 00 F7 D2 E5 F1 F2 20 EF E0 EC FF F2 E8 3A 20 32 20 20 20 20 20 20 20 20 36 31 25 00 20 20 20 20 20 20 6A 42   // прием: 39 байт; 22:08:08:469 08.03.2018
// таймаут: 69 мсек

Тест памяти: 2  
      61%       

CA E0 EB FE EC ED FB 20 

01 00 07 00 F7 E9 87   // передача: 7 байт; 22:08:08:975 08.03.2018
// приём по количеству байт: 39 из 39
// принято с порта: 39 байт

01 00 27 00 F7 D2 E5 F1 F2 20 EF E0 EC FF F2 E8 3A 20 32 20 20 20 20 20 20 20 20 36 32 25 00 20 20 20 20 20 20 7E B2   // прием: 39 байт; 22:08:09:040 08.03.2018
// таймаут: 65 мсек

Тест памяти: 2  
      62%       

CA E0 EB FE EC ED FB 20 

01 00 07 00 F7 E9 87   // передача: 7 байт; 22:08:09:552 08.03.2018
// приём по количеству байт: 39 из 39
// принято с порта: 39 байт

01 00 27 00 F7 D2 E5 F1 F2 20 EF E0 EC FF F2 E8 3A 20 32 20 20 20 20 20 20 20 20 36 33 25 00 20 20 20 20 20 20 73 22   // прием: 39 байт; 22:08:09:623 08.03.2018
// таймаут: 71 мсек

Тест памяти: 2  
      63%       

CA E0 EB FE EC ED FB 20 

01 00 07 00 F7 E9 87   // передача: 7 байт; 22:08:10:114 08.03.2018
// приём по количеству байт: 39 из 39
// принято с порта: 39 байт

01 00 27 00 F7 D2 E5 F1 F2 20 EF E0 EC FF F2 E8 3A 20 32 20 20 20 20 20 20 20 20 36 34 25 00 20 20 20 20 20 20 55 12   // прием: 39 байт; 22:08:10:180 08.03.2018
// таймаут: 66 мсек

Тест памяти: 2  
      64%       

CA E0 EB FE EC ED FB 20 

01 00 07 00 F7 E9 87   // передача: 7 байт; 22:08:10:691 08.03.2018
// приём по количеству байт: 39 из 39
// принято с порта: 39 байт

01 00 27 00 F7 D2 E5 F1 F2 20 EF E0 EC FF F2 E8 3A 20 32 20 20 20 20 20 20 20 20 36 35 25 00 20 20 20 20 20 20 58 82   // прием: 39 байт; 22:08:10:765 08.03.2018
// таймаут: 74 мсек

Тест памяти: 2  
      65%       

CA E0 EB FE EC ED FB 20 

01 00 07 00 F7 E9 87   // передача: 7 байт; 22:08:11:268 08.03.2018
// приём по количеству байт: 39 из 39
// принято с порта: 39 байт

01 00 27 00 F7 D2 E5 F1 F2 20 EF E0 EC FF F2 E8 3A 20 32 20 20 20 20 20 20 20 20 36 36 25 00 20 20 20 20 20 20 4C 72   // прием: 39 байт; 22:08:11:335 08.03.2018
// таймаут: 67 мсек

Тест памяти: 2  
      66%       

CA E0 EB FE EC ED FB 20 

01 00 07 00 F7 E9 87   // передача: 7 байт; 22:08:11:835 08.03.2018
// приём по количеству байт: 39 из 39
// принято с порта: 39 байт

01 00 27 00 F7 D2 E5 F1 F2 20 EF E0 EC FF F2 E8 3A 20 32 20 20 20 20 20 20 20 20 36 36 25 00 20 20 20 20 20 20 4C 72   // прием: 39 байт; 22:08:11:905 08.03.2018
// таймаут: 70 мсек

Тест памяти: 2  
      66%       

CA E0 EB FE EC ED FB 20 

01 00 07 00 F7 E9 87   // передача: 7 байт; 22:08:12:422 08.03.2018
// приём по количеству байт: 39 из 39
// принято с порта: 39 байт

01 00 27 00 F7 D2 E5 F1 F2 20 EF E0 EC FF F2 E8 3A 20 32 20 20 20 20 20 20 20 20 36 37 25 00 20 20 20 20 20 20 41 E2   // прием: 39 байт; 22:08:12:489 08.03.2018
// таймаут: 67 мсек

Тест памяти: 2  
      67%       

CA E0 EB FE EC ED FB 20 

01 00 07 00 F7 E9 87   // передача: 7 байт; 22:08:12:999 08.03.2018
// приём по количеству байт: 39 из 39
// принято с порта: 39 байт

01 00 27 00 F7 D2 E5 F1 F2 20 EF E0 EC FF F2 E8 3A 20 32 20 20 20 20 20 20 20 20 36 38 25 00 20 20 20 20 20 20 00 12   // прием: 39 байт; 22:08:13:073 08.03.2018
// таймаут: 74 мсек

Тест памяти: 2  
      68%       

CA E0 EB FE EC ED FB 20 

01 00 07 00 F7 E9 87   // передача: 7 байт; 22:08:13:576 08.03.2018
// приём по количеству байт: 39 из 39
// принято с порта: 39 байт

01 00 27 00 F7 D2 E5 F1 F2 20 EF E0 EC FF F2 E8 3A 20 32 20 20 20 20 20 20 20 20 36 39 25 00 20 20 20 20 20 20 0D 82   // прием: 39 байт; 22:08:13:646 08.03.2018
// таймаут: 70 мсек

Тест памяти: 2  
      69%       

CA E0 EB FE EC ED FB 20 

01 00 07 00 F7 E9 87   // передача: 7 байт; 22:08:14:154 08.03.2018
// приём по количеству байт: 39 из 39
// принято с порта: 39 байт

01 00 27 00 F7 D2 E5 F1 F2 20 EF E0 EC FF F2 E8 3A 20 32 20 20 20 20 20 20 20 20 37 30 25 00 20 20 20 20 20 20 36 17   // прием: 39 байт; 22:08:14:227 08.03.2018
// таймаут: 73 мсек

Тест памяти: 2  
      70%       

CA E0 EB FE EC ED FB 20 

01 00 07 00 F7 E9 87   // передача: 7 байт; 22:08:14:721 08.03.2018
// приём по количеству байт: 39 из 39
// принято с порта: 39 байт

01 00 27 00 F7 D2 E5 F1 F2 20 EF E0 EC FF F2 E8 3A 20 32 20 20 20 20 20 20 20 20 37 30 25 00 20 20 20 20 20 20 36 17   // прием: 39 байт; 22:08:14:786 08.03.2018
// таймаут: 65 мсек

Тест памяти: 2  
      70%       

CA E0 EB FE EC ED FB 20 

01 00 07 00 F7 E9 87   // передача: 7 байт; 22:08:15:292 08.03.2018
// приём по количеству байт: 39 из 39
// принято с порта: 39 байт

01 00 27 00 F7 D2 E5 F1 F2 20 EF E0 EC FF F2 E8 3A 20 32 20 20 20 20 20 20 20 20 37 31 25 00 20 20 20 20 20 20 3B 87   // прием: 39 байт; 22:08:15:359 08.03.2018
// таймаут: 67 мсек

Тест памяти: 2  
      71%       

CA E0 EB FE EC ED FB 20 

01 00 07 00 F7 E9 87   // передача: 7 байт; 22:08:15:869 08.03.2018
// приём по количеству байт: 39 из 39
// принято с порта: 39 байт

01 00 27 00 F7 D2 E5 F1 F2 20 EF E0 EC FF F2 E8 3A 20 32 20 20 20 20 20 20 20 20 37 32 25 00 20 20 20 20 20 20 2F 77   // прием: 39 байт; 22:08:15:945 08.03.2018
// таймаут: 76 мсек

Тест памяти: 2  
      72%       

CA E0 EB FE EC ED FB 20 

01 00 07 00 F7 E9 87   // передача: 7 байт; 22:08:16:463 08.03.2018
// приём по количеству байт: 39 из 39
// принято с порта: 39 байт

01 00 27 00 F7 D2 E5 F1 F2 20 EF E0 EC FF F2 E8 3A 20 32 20 20 20 20 20 20 20 20 37 33 25 00 20 20 20 20 20 20 22 E7   // прием: 39 байт; 22:08:16:528 08.03.2018
// таймаут: 65 мсек

Тест памяти: 2  
      73%       

CA E0 EB FE EC ED FB 20 

01 00 07 00 F7 E9 87   // передача: 7 байт; 22:08:17:040 08.03.2018
// приём по количеству байт: 39 из 39
// принято с порта: 39 байт

01 00 27 00 F7 D2 E5 F1 F2 20 EF E0 EC FF F2 E8 3A 20 32 20 20 20 20 20 20 20 20 37 34 25 00 20 20 20 20 20 20 04 D7   // прием: 39 байт; 22:08:17:110 08.03.2018
// таймаут: 70 мсек

Тест памяти: 2  
      74%       

CA E0 EB FE EC ED FB 20 

01 00 07 00 F7 E9 87   // передача: 7 байт; 22:08:17:605 08.03.2018
// приём по количеству байт: 39 из 39
// принято с порта: 39 байт

01 00 27 00 F7 D2 E5 F1 F2 20 EF E0 EC FF F2 E8 3A 20 32 20 20 20 20 20 20 20 20 37 35 25 00 20 20 20 20 20 20 09 47   // прием: 39 байт; 22:08:17:671 08.03.2018
// таймаут: 66 мсек

Тест памяти: 2  
      75%       

CA E0 EB FE EC ED FB 20 

01 00 07 00 F7 E9 87   // передача: 7 байт; 22:08:18:179 08.03.2018
// приём по количеству байт: 39 из 39
// принято с порта: 39 байт

01 00 27 00 F7 D2 E5 F1 F2 20 EF E0 EC FF F2 E8 3A 20 32 20 20 20 20 20 20 20 20 37 35 25 00 20 20 20 20 20 20 09 47   // прием: 39 байт; 22:08:18:247 08.03.2018
// таймаут: 68 мсек

Тест памяти: 2  
      75%       

CA E0 EB FE EC ED FB 20 

01 00 07 00 F7 E9 87   // передача: 7 байт; 22:08:18:756 08.03.2018
// приём по количеству байт: 39 из 39
// принято с порта: 39 байт

01 00 27 00 F7 D2 E5 F1 F2 20 EF E0 EC FF F2 E8 3A 20 32 20 20 20 20 20 20 20 20 37 36 25 00 20 20 20 20 20 20 1D B7   // прием: 39 байт; 22:08:18:827 08.03.2018
// таймаут: 71 мсек

Тест памяти: 2  
      76%       

CA E0 EB FE EC ED FB 20 

01 00 07 00 F7 E9 87   // передача: 7 байт; 22:08:19:319 08.03.2018
// приём по количеству байт: 39 из 39
// принято с порта: 39 байт

01 00 27 00 F7 D2 E5 F1 F2 20 EF E0 EC FF F2 E8 3A 20 32 20 20 20 20 20 20 20 20 37 37 25 00 20 20 20 20 20 20 10 27   // прием: 39 байт; 22:08:19:388 08.03.2018
// таймаут: 69 мсек

Тест памяти: 2  
      77%       

CA E0 EB FE EC ED FB 20 

01 00 07 00 F7 E9 87   // передача: 7 байт; 22:08:19:895 08.03.2018
// приём по количеству байт: 39 из 39
// принято с порта: 39 байт

01 00 27 00 F7 D2 E5 F1 F2 20 EF E0 EC FF F2 E8 3A 20 32 20 20 20 20 20 20 20 20 37 38 25 00 20 20 20 20 20 20 51 D7   // прием: 39 байт; 22:08:19:962 08.03.2018
// таймаут: 67 мсек

Тест памяти: 2  
      78%       

CA E0 EB FE EC ED FB 20 

01 00 07 00 F7 E9 87   // передача: 7 байт; 22:08:20:472 08.03.2018
// приём по количеству байт: 39 из 39
// принято с порта: 39 байт

01 00 27 00 F7 D2 E5 F1 F2 20 EF E0 EC FF F2 E8 3A 20 32 20 20 20 20 20 20 20 20 37 39 25 00 20 20 20 20 20 20 5C 47   // прием: 39 байт; 22:08:20:546 08.03.2018
// таймаут: 74 мсек

Тест памяти: 2  
      79%       

CA E0 EB FE EC ED FB 20 

01 00 07 00 F7 E9 87   // передача: 7 байт; 22:08:21:035 08.03.2018
// приём по количеству байт: 39 из 39
// принято с порта: 39 байт

01 00 27 00 F7 D2 E5 F1 F2 20 EF E0 EC FF F2 E8 3A 20 32 20 20 20 20 20 20 20 20 37 39 25 00 20 20 20 20 20 20 5C 47   // прием: 39 байт; 22:08:21:106 08.03.2018
// таймаут: 71 мсек

Тест памяти: 2  
      79%       

CA E0 EB FE EC ED FB 20 

01 00 07 00 F7 E9 87   // передача: 7 байт; 22:08:21:611 08.03.2018
// приём по количеству байт: 39 из 39
// принято с порта: 39 байт

01 00 27 00 F7 D2 E5 F1 F2 20 EF E0 EC FF F2 E8 3A 20 32 20 20 20 20 20 20 20 20 38 30 25 00 20 20 20 20 20 20 06 27   // прием: 39 байт; 22:08:21:686 08.03.2018
// таймаут: 75 мсек

Тест памяти: 2  
      80%       

CA E0 EB FE EC ED FB 20 

01 00 07 00 F7 E9 87   // передача: 7 байт; 22:08:22:188 08.03.2018
// приём по количеству байт: 39 из 39
// принято с порта: 39 байт

01 00 27 00 F7 D2 E5 F1 F2 20 EF E0 EC FF F2 E8 3A 20 32 20 20 20 20 20 20 20 20 38 31 25 00 20 20 20 20 20 20 0B B7   // прием: 39 байт; 22:08:22:256 08.03.2018
// таймаут: 68 мсек

Тест памяти: 2  
      81%       

CA E0 EB FE EC ED FB 20 

01 00 07 00 F7 E9 87   // передача: 7 байт; 22:08:22:751 08.03.2018
// приём по количеству байт: 39 из 39
// принято с порта: 39 байт

01 00 27 00 F7 D2 E5 F1 F2 20 EF E0 EC FF F2 E8 3A 20 32 20 20 20 20 20 20 20 20 38 32 25 00 20 20 20 20 20 20 1F 47   // прием: 39 байт; 22:08:22:816 08.03.2018
// таймаут: 65 мсек

Тест памяти: 2  
      82%       

CA E0 EB FE EC ED FB 20 

01 00 07 00 F7 E9 87   // передача: 7 байт; 22:08:23:327 08.03.2018
// приём по количеству байт: 39 из 39
// принято с порта: 39 байт

01 00 27 00 F7 D2 E5 F1 F2 20 EF E0 EC FF F2 E8 3A 20 32 20 20 20 20 20 20 20 20 38 33 25 00 20 20 20 20 20 20 12 D7   // прием: 39 байт; 22:08:23:397 08.03.2018
// таймаут: 70 мсек

Тест памяти: 2  
      83%       

CA E0 EB FE EC ED FB 20 

01 00 07 00 F7 E9 87   // передача: 7 байт; 22:08:23:904 08.03.2018
// приём по количеству байт: 39 из 39
// принято с порта: 39 байт

01 00 27 00 F7 D2 E5 F1 F2 20 EF E0 EC FF F2 E8 3A 20 32 20 20 20 20 20 20 20 20 38 34 25 00 20 20 20 20 20 20 34 E7   // прием: 39 байт; 22:08:23:978 08.03.2018
// таймаут: 74 мсек

Тест памяти: 2  
      84%       

CA E0 EB FE EC ED FB 20 

01 00 07 00 F7 E9 87   // передача: 7 байт; 22:08:24:472 08.03.2018
// приём по количеству байт: 39 из 39
// принято с порта: 39 байт

01 00 27 00 F7 D2 E5 F1 F2 20 EF E0 EC FF F2 E8 3A 20 32 20 20 20 20 20 20 20 20 38 34 25 00 20 20 20 20 20 20 34 E7   // прием: 39 байт; 22:08:24:547 08.03.2018
// таймаут: 75 мсек

Тест памяти: 2  
      84%       

CA E0 EB FE EC ED FB 20 

01 00 07 00 F7 E9 87   // передача: 7 байт; 22:08:25:058 08.03.2018
// приём по количеству байт: 39 из 39
// принято с порта: 39 байт

01 00 27 00 F7 D2 E5 F1 F2 20 EF E0 EC FF F2 E8 3A 20 32 20 20 20 20 20 20 20 20 38 35 25 00 20 20 20 20 20 20 39 77   // прием: 39 байт; 22:08:25:125 08.03.2018
// таймаут: 67 мсек

Тест памяти: 2  
      85%       

CA E0 EB FE EC ED FB 20 

01 00 07 00 F7 E9 87   // передача: 7 байт; 22:08:25:636 08.03.2018
// приём по количеству байт: 39 из 39
// принято с порта: 39 байт

01 00 27 00 F7 D2 E5 F1 F2 20 EF E0 EC FF F2 E8 3A 20 32 20 20 20 20 20 20 20 20 38 36 25 00 20 20 20 20 20 20 2D 87   // прием: 39 байт; 22:08:25:702 08.03.2018
// таймаут: 66 мсек

Тест памяти: 2  
      86%       

CA E0 EB FE EC ED FB 20 

01 00 07 00 F7 E9 87   // передача: 7 байт; 22:08:26:213 08.03.2018
// приём по количеству байт: 39 из 39
// принято с порта: 39 байт

01 00 27 00 F7 D2 E5 F1 F2 20 EF E0 EC FF F2 E8 3A 20 32 20 20 20 20 20 20 20 20 38 37 25 00 20 20 20 20 20 20 20 17   // прием: 39 байт; 22:08:26:281 08.03.2018
// таймаут: 68 мсек

Тест памяти: 2  
      87%       

CA E0 EB FE EC ED FB 20 

01 00 07 00 F7 E9 87   // передача: 7 байт; 22:08:26:790 08.03.2018
// приём по количеству байт: 39 из 39
// принято с порта: 39 байт

01 00 27 00 F7 D2 E5 F1 F2 20 EF E0 EC FF F2 E8 3A 20 32 20 20 20 20 20 20 20 20 38 38 25 00 20 20 20 20 20 20 61 E7   // прием: 39 байт; 22:08:26:863 08.03.2018
// таймаут: 73 мсек

Тест памяти: 2  
      88%       

CA E0 EB FE EC ED FB 20 

01 00 07 00 F7 E9 87   // передача: 7 байт; 22:08:27:353 08.03.2018
// приём по количеству байт: 39 из 39
// принято с порта: 39 байт

01 00 27 00 F7 D2 E5 F1 F2 20 EF E0 EC FF F2 E8 3A 20 32 20 20 20 20 20 20 20 20 38 39 25 00 20 20 20 20 20 20 6C 77   // прием: 39 байт; 22:08:27:427 08.03.2018
// таймаут: 74 мсек

Тест памяти: 2  
      89%       

CA E0 EB FE EC ED FB 20 

01 00 07 00 F7 E9 87   // передача: 7 байт; 22:08:27:944 08.03.2018
// приём по количеству байт: 39 из 39
// принято с порта: 39 байт

01 00 27 00 F7 D2 E5 F1 F2 20 EF E0 EC FF F2 E8 3A 20 32 20 20 20 20 20 20 20 20 38 39 25 00 20 20 20 20 20 20 6C 77   // прием: 39 байт; 22:08:28:020 08.03.2018
// таймаут: 76 мсек

Тест памяти: 2  
      89%       

CA E0 EB FE EC ED FB 20 

01 00 07 00 F7 E9 87   // передача: 7 байт; 22:08:28:525 08.03.2018
// приём по количеству байт: 39 из 39
// принято с порта: 39 байт

01 00 27 00 F7 D2 E5 F1 F2 20 EF E0 EC FF F2 E8 3A 20 32 20 20 20 20 20 20 20 20 39 30 25 00 20 20 20 20 20 20 57 E2   // прием: 39 байт; 22:08:28:596 08.03.2018
// таймаут: 71 мсек

Тест памяти: 2  
      90%       

CA E0 EB FE EC ED FB 20 

01 00 07 00 F7 E9 87   // передача: 7 байт; 22:08:29:099 08.03.2018
// приём по количеству байт: 39 из 39
// принято с порта: 39 байт

01 00 27 00 F7 D2 E5 F1 F2 20 EF E0 EC FF F2 E8 3A 20 32 20 20 20 20 20 20 20 20 39 31 25 00 20 20 20 20 20 20 5A 72   // прием: 39 байт; 22:08:29:166 08.03.2018
// таймаут: 67 мсек

Тест памяти: 2  
      91%       

CA E0 EB FE EC ED FB 20 

01 00 07 00 F7 E9 87   // передача: 7 байт; 22:08:29:662 08.03.2018
// приём по количеству байт: 39 из 39
// принято с порта: 39 байт

01 00 27 00 F7 D2 E5 F1 F2 20 EF E0 EC FF F2 E8 3A 20 32 20 20 20 20 20 20 20 20 39 32 25 00 20 20 20 20 20 20 4E 82   // прием: 39 байт; 22:08:29:736 08.03.2018
// таймаут: 74 мсек

Тест памяти: 2  
      92%       

CA E0 EB FE EC ED FB 20 

01 00 07 00 F7 E9 87   // передача: 7 байт; 22:08:30:254 08.03.2018
// приём по количеству байт: 39 из 39
// принято с порта: 39 байт

01 00 27 00 F7 D2 E5 F1 F2 20 EF E0 EC FF F2 E8 3A 20 32 20 20 20 20 20 20 20 20 39 33 25 00 20 20 20 20 20 20 43 12   // прием: 39 байт; 22:08:30:325 08.03.2018
// таймаут: 71 мсек

Тест памяти: 2  
      93%       

CA E0 EB FE EC ED FB 20 

01 00 07 00 F7 E9 87   // передача: 7 байт; 22:08:30:830 08.03.2018
// приём по количеству байт: 39 из 39
// принято с порта: 39 байт

01 00 27 00 F7 D2 E5 F1 F2 20 EF E0 EC FF F2 E8 3A 20 32 20 20 20 20 20 20 20 20 39 33 25 00 20 20 20 20 20 20 43 12   // прием: 39 байт; 22:08:30:897 08.03.2018
// таймаут: 67 мсек

Тест памяти: 2  
      93%       

CA E0 EB FE EC ED FB 20 

01 00 07 00 F7 E9 87   // передача: 7 байт; 22:08:31:407 08.03.2018
// приём по количеству байт: 39 из 39
// принято с порта: 39 байт

01 00 27 00 F7 D2 E5 F1 F2 20 EF E0 EC FF F2 E8 3A 20 32 20 20 20 20 20 20 20 20 39 34 25 00 20 20 20 20 20 20 65 22   // прием: 39 байт; 22:08:31:479 08.03.2018
// таймаут: 72 мсек

Тест памяти: 2  
      94%       

CA E0 EB FE EC ED FB 20 

01 00 07 00 F7 E9 87   // передача: 7 байт; 22:08:31:984 08.03.2018
// приём по количеству байт: 39 из 39
// принято с порта: 39 байт

01 00 27 00 F7 D2 E5 F1 F2 20 EF E0 EC FF F2 E8 3A 20 32 20 20 20 20 20 20 20 20 39 35 25 00 20 20 20 20 20 20 68 B2   // прием: 39 байт; 22:08:32:049 08.03.2018
// таймаут: 65 мсек

Тест памяти: 2  
      95%       

CA E0 EB FE EC ED FB 20 

01 00 07 00 F7 E9 87   // передача: 7 байт; 22:08:32:551 08.03.2018
// приём по количеству байт: 39 из 39
// принято с порта: 39 байт

01 00 27 00 F7 D2 E5 F1 F2 20 EF E0 EC FF F2 E8 3A 20 32 20 20 20 20 20 20 20 20 39 36 25 00 20 20 20 20 20 20 7C 42   // прием: 39 байт; 22:08:32:620 08.03.2018
// таймаут: 69 мсек

Тест памяти: 2  
      96%       

CA E0 EB FE EC ED FB 20 

01 00 07 00 F7 E9 87   // передача: 7 байт; 22:08:33:123 08.03.2018
// приём по количеству байт: 39 из 39
// принято с порта: 39 байт

01 00 27 00 F7 D2 E5 F1 F2 20 EF E0 EC FF F2 E8 3A 20 32 20 20 20 20 20 20 20 20 39 37 25 00 20 20 20 20 20 20 71 D2   // прием: 39 байт; 22:08:33:192 08.03.2018
// таймаут: 69 мсек

Тест памяти: 2  
      97%       

CA E0 EB FE EC ED FB 20 

01 00 07 00 F7 E9 87   // передача: 7 байт; 22:08:33:700 08.03.2018
// приём по количеству байт: 39 из 39
// принято с порта: 39 байт

01 00 27 00 F7 D2 E5 F1 F2 20 EF E0 EC FF F2 E8 3A 20 32 20 20 20 20 20 20 20 20 39 38 25 00 20 20 20 20 20 20 30 22   // прием: 39 байт; 22:08:33:776 08.03.2018
// таймаут: 76 мсек

Тест памяти: 2  
      98%       

CA E0 EB FE EC ED FB 20 

01 00 07 00 F7 E9 87   // передача: 7 байт; 22:08:34:275 08.03.2018
// приём по количеству байт: 39 из 39
// принято с порта: 39 байт

01 00 27 00 F7 D2 E5 F1 F2 20 EF E0 EC FF F2 E8 3A 20 32 20 20 20 20 20 20 20 20 39 38 25 00 20 20 20 20 20 20 30 22   // прием: 39 байт; 22:08:34:348 08.03.2018
// таймаут: 73 мсек

Тест памяти: 2  
      98%       

CA E0 EB FE EC ED FB 20 

01 00 07 00 F7 E9 87   // передача: 7 байт; 22:08:34:856 08.03.2018
// приём по количеству байт: 39 из 39
// принято с порта: 39 байт

01 00 27 00 F7 D2 E5 F1 F2 20 EF E0 EC FF F2 E8 3A 20 32 20 20 20 20 20 20 20 20 39 39 25 00 20 20 20 20 20 20 3D B2   // прием: 39 байт; 22:08:34:929 08.03.2018
// таймаут: 73 мсек

Тест памяти: 2  
      99%       

CA E0 EB FE EC ED FB 20 

01 00 07 00 F7 E9 87   // передача: 7 байт; 22:08:35:433 08.03.2018
// приём по таймауту: 1000 мс
// принято с порта: 0 байт
повтор: 1

CA E0 EB FE EC ED FB 20 

01 00 07 00 F7 E9 87   // передача: 7 байт; 22:08:36:448 08.03.2018
// приём по таймауту: 1000 мс
// принято с порта: 0 байт
повтор: 2

CA E0 EB FE EC ED FB 20 

01 00 07 00 F7 E9 87   // передача: 7 байт; 22:08:37:462 08.03.2018
// приём по таймауту: 1000 мс
// принято с порта: 0 байт
повтор: 3

CA E0 EB FE EC ED FB 20 

01 00 07 00 F7 E9 87   // передача: 7 байт; 22:08:38:475 08.03.2018
// приём по таймауту: 1000 мс
// принято с порта: 0 байт
повтор: 4

CA E0 EB FE EC ED FB 20 

01 00 07 00 F7 E9 87   // передача: 7 байт; 22:08:39:490 08.03.2018
// приём по таймауту: 1000 мс
// принято с порта: 0 байт
повтор: 5

CA E0 EB FE EC ED FB 20 

01 00 07 00 F7 E9 87   // передача: 7 байт; 22:08:40:503 08.03.2018
// приём по таймауту: 1000 мс
// принято с порта: 0 байт
// приём по количеству байт: 39 из 39
// принято с порта: 39 байт

01 00 27 00 F7 D2 E5 F1 F2 20 EF E0 EC FF F2 E8 3A 20 33 20 20 20 20 20 20 20 20 20 30 25 00 20 20 20 20 20 20 BB A4   // прием: 39 байт; 22:08:47:137 08.03.2018
// таймаут: 6634 мсек

Тест памяти: 3  
       0%       

CA E0 EB FE EC ED FB 20 

01 00 07 00 F7 E9 87   // передача: 7 байт; 22:08:47:647 08.03.2018
// приём по количеству байт: 39 из 39
// принято с порта: 39 байт

01 00 27 00 F7 D2 E5 F1 F2 20 EF E0 EC FF F2 E8 3A 20 33 20 20 20 20 20 20 20 20 20 33 25 00 20 20 20 20 20 20 AF 54   // прием: 39 байт; 22:08:47:713 08.03.2018
// таймаут: 66 мсек

Тест памяти: 3  
       3%       

CA E0 EB FE EC ED FB 20 

01 00 07 00 F7 E9 87   // передача: 7 байт; 22:08:48:224 08.03.2018
// приём по количеству байт: 39 из 39
// принято с порта: 39 байт

01 00 27 00 F7 D2 E5 F1 F2 20 EF E0 EC FF F2 E8 3A 20 33 20 20 20 20 20 20 20 20 20 37 25 00 20 20 20 20 20 20 9D 94   // прием: 39 байт; 22:08:48:291 08.03.2018
// таймаут: 67 мсек

Тест памяти: 3  
       7%       

CA E0 EB FE EC ED FB 20 

01 00 07 00 F7 E9 87   // передача: 7 байт; 22:08:48:801 08.03.2018
// приём по количеству байт: 39 из 39
// принято с порта: 39 байт

01 00 27 00 F7 D2 E5 F1 F2 20 EF E0 EC FF F2 E8 3A 20 33 20 20 20 20 20 20 20 20 31 30 25 00 20 20 20 20 20 20 EB F4   // прием: 39 байт; 22:08:48:867 08.03.2018
// таймаут: 66 мсек

Тест памяти: 3  
      10%       

CA E0 EB FE EC ED FB 20 

01 00 07 00 F7 E9 87   // передача: 7 байт; 22:08:49:379 08.03.2018
// приём по количеству байт: 39 из 39
// принято с порта: 39 байт

01 00 27 00 F7 D2 E5 F1 F2 20 EF E0 EC FF F2 E8 3A 20 33 20 20 20 20 20 20 20 20 31 34 25 00 20 20 20 20 20 20 D9 34   // прием: 39 байт; 22:08:49:444 08.03.2018
// таймаут: 65 мсек

Тест памяти: 3  
      14%       

CA E0 EB FE EC ED FB 20 

01 00 07 00 F7 E9 87   // передача: 7 байт; 22:08:49:940 08.03.2018
// приём по количеству байт: 39 из 39
// принято с порта: 39 байт

01 00 27 00 F7 D2 E5 F1 F2 20 EF E0 EC FF F2 E8 3A 20 33 20 20 20 20 20 20 20 20 31 37 25 00 20 20 20 20 20 20 CD C4   // прием: 39 байт; 22:08:50:005 08.03.2018
// таймаут: 65 мсек

Тест памяти: 3  
      17%       

CA E0 EB FE EC ED FB 20 

01 00 07 00 F7 E9 87   // передача: 7 байт; 22:08:50:517 08.03.2018
// приём по количеству байт: 39 из 39
// принято с порта: 39 байт

01 00 27 00 F7 D2 E5 F1 F2 20 EF E0 EC FF F2 E8 3A 20 33 20 20 20 20 20 20 20 20 32 31 25 00 20 20 20 20 20 20 16 6B   // прием: 39 байт; 22:08:50:583 08.03.2018
// таймаут: 66 мсек

Тест памяти: 3  
      21%       

CA E0 EB FE EC ED FB 20 

01 00 07 00 F7 E9 87   // передача: 7 байт; 22:08:51:094 08.03.2018
// приём по количеству байт: 39 из 39
// принято с порта: 39 байт

01 00 27 00 F7 D2 E5 F1 F2 20 EF E0 EC FF F2 E8 3A 20 33 20 20 20 20 20 20 20 20 32 35 25 00 20 20 20 20 20 20 24 AB   // прием: 39 байт; 22:08:51:160 08.03.2018
// таймаут: 66 мсек

Тест памяти: 3  
      25%       

CA E0 EB FE EC ED FB 20 

01 00 07 00 F7 E9 87   // передача: 7 байт; 22:08:51:664 08.03.2018
// приём по количеству байт: 39 из 39
// принято с порта: 39 байт

01 00 27 00 F7 D2 E5 F1 F2 20 EF E0 EC FF F2 E8 3A 20 33 20 20 20 20 20 20 20 20 32 38 25 00 20 20 20 20 20 20 7C 3B   // прием: 39 байт; 22:08:51:731 08.03.2018
// таймаут: 67 мсек

Тест памяти: 3  
      28%       

CA E0 EB FE EC ED FB 20 

01 00 07 00 F7 E9 87   // передача: 7 байт; 22:08:52:234 08.03.2018
// приём по количеству байт: 39 из 39
// принято с порта: 39 байт

01 00 27 00 F7 D2 E5 F1 F2 20 EF E0 EC FF F2 E8 3A 20 33 20 20 20 20 20 20 20 20 33 32 25 00 20 20 20 20 20 20 53 5E   // прием: 39 байт; 22:08:52:301 08.03.2018
// таймаут: 67 мсек

Тест памяти: 3  
      32%       

CA E0 EB FE EC ED FB 20 

01 00 07 00 F7 E9 87   // передача: 7 байт; 22:08:52:811 08.03.2018
// приём по количеству байт: 39 из 39
// принято с порта: 39 байт

01 00 27 00 F7 D2 E5 F1 F2 20 EF E0 EC FF F2 E8 3A 20 33 20 20 20 20 20 20 20 20 33 35 25 00 20 20 20 20 20 20 75 6E   // прием: 39 байт; 22:08:52:877 08.03.2018
// таймаут: 66 мсек

Тест памяти: 3  
      35%       

CA E0 EB FE EC ED FB 20 

01 00 07 00 F7 E9 87   // передача: 7 байт; 22:08:53:386 08.03.2018
// приём по количеству байт: 39 из 39
// принято с порта: 39 байт

01 00 27 00 F7 D2 E5 F1 F2 20 EF E0 EC FF F2 E8 3A 20 33 20 20 20 20 20 20 20 20 33 39 25 00 20 20 20 20 20 20 20 6E   // прием: 39 байт; 22:08:53:451 08.03.2018
// таймаут: 65 мсек

Тест памяти: 3  
      39%       

CA E0 EB FE EC ED FB 20 

01 00 07 00 F7 E9 87   // передача: 7 байт; 22:08:53:970 08.03.2018
// приём по количеству байт: 39 из 39
// принято с порта: 39 байт

01 00 27 00 F7 D2 E5 F1 F2 20 EF E0 EC FF F2 E8 3A 20 33 20 20 20 20 20 20 20 20 34 33 25 00 20 20 20 20 20 20 EF 14   // прием: 39 байт; 22:08:54:035 08.03.2018
// таймаут: 65 мсек

Тест памяти: 3  
      43%       

CA E0 EB FE EC ED FB 20 

01 00 07 00 F7 E9 87   // передача: 7 байт; 22:08:54:543 08.03.2018
// приём по количеству байт: 39 из 39
// принято с порта: 39 байт

01 00 27 00 F7 D2 E5 F1 F2 20 EF E0 EC FF F2 E8 3A 20 33 20 20 20 20 20 20 20 20 34 36 25 00 20 20 20 20 20 20 D0 44   // прием: 39 байт; 22:08:54:608 08.03.2018
// таймаут: 65 мсек

Тест памяти: 3  
      46%       

CA E0 EB FE EC ED FB 20 

01 00 07 00 F7 E9 87   // передача: 7 байт; 22:08:55:115 08.03.2018

CA E0 EB FE EC ED FB 20 

01 00 07 00 F7 E9 87   // передача: 7 байт; 22:08:55:120 08.03.2018
// приём по количеству байт: 40 из 39
// принято с порта: 40 байт

01 00 27 00 F7 D2 E5 F1 01 00 27 00 F7 D2 E5 F1 F2 20 EF E0 EC FF F2 E8 3A 20 33 20 20 20 20 20 20 20 20 35 30 25 00 20   // прием: 40 байт; 22:08:55:184 08.03.2018
// таймаут: 64 мсек

// приём по таймауту: 1000 мс
// принято с порта: 7 байт

20 20 20 20 20 AA 21   // прием: 7 байт; 22:08:56:195 08.03.2018
// таймаут: 1075 мсек


CA E0 EB FE EC ED FB 20 

01 00 07 00 F7 E9 87   // передача: 7 байт; 22:09:00:026 08.03.2018
// приём по количеству байт: 39 из 39
// принято с порта: 39 байт

01 00 27 00 F7 D2 E5 F1 F2 20 EF E0 EC FF F2 E8 3A 20 33 20 20 20 20 20 20 20 20 38 31 25 00 20 20 20 20 20 20 36 4B   // прием: 39 байт; 22:09:00:092 08.03.2018
// таймаут: 66 мсек

Тест памяти: 3  
      81%       

CA E0 EB FE EC ED FB 20 

01 00 07 00 F7 E9 87   // передача: 7 байт; 22:09:00:595 08.03.2018
// приём по количеству байт: 39 из 39
// принято с порта: 39 байт

01 00 27 00 F7 D2 E5 F1 F2 20 EF E0 EC FF F2 E8 3A 20 33 20 20 20 20 20 20 20 20 38 34 25 00 20 20 20 20 20 20 09 1B   // прием: 39 байт; 22:09:00:660 08.03.2018
// таймаут: 65 мсек

Тест памяти: 3  
      84%       

CA E0 EB FE EC ED FB 20 

01 00 07 00 F7 E9 87   // передача: 7 байт; 22:09:01:173 08.03.2018
// приём по количеству байт: 39 из 39
// принято с порта: 39 байт

01 00 27 00 F7 D2 E5 F1 F2 20 EF E0 EC FF F2 E8 3A 20 33 20 20 20 20 20 20 20 20 38 38 25 00 20 20 20 20 20 20 5C 1B   // прием: 39 байт; 22:09:01:238 08.03.2018
// таймаут: 65 мсек

Тест памяти: 3  
      88%       

CA E0 EB FE EC ED FB 20 

01 00 07 00 F7 E9 87   // передача: 7 байт; 22:09:01:750 08.03.2018
// приём по количеству байт: 39 из 39
// принято с порта: 39 байт

01 00 27 00 F7 D2 E5 F1 F2 20 EF E0 EC FF F2 E8 3A 20 33 20 20 20 20 20 20 20 20 39 31 25 00 20 20 20 20 20 20 67 8E   // прием: 39 байт; 22:09:01:815 08.03.2018
// таймаут: 65 мсек

Тест памяти: 3  
      91%       

CA E0 EB FE EC ED FB 20 

01 00 07 00 F7 E9 87   // передача: 7 байт; 22:09:02:312 08.03.2018
// приём по количеству байт: 39 из 39
// принято с порта: 39 байт

01 00 27 00 F7 D2 E5 F1 F2 20 EF E0 EC FF F2 E8 3A 20 33 20 20 20 20 20 20 20 20 39 35 25 00 20 20 20 20 20 20 55 4E   // прием: 39 байт; 22:09:02:378 08.03.2018
// таймаут: 66 мсек

Тест памяти: 3  
      95%       

CA E0 EB FE EC ED FB 20 

01 00 07 00 F7 E9 87   // передача: 7 байт; 22:09:02:888 08.03.2018
// приём по количеству байт: 39 из 39
// принято с порта: 39 байт

01 00 27 00 F7 D2 E5 F1 F2 20 EF E0 EC FF F2 E8 3A 20 33 20 20 20 20 20 20 20 20 39 39 25 00 20 20 20 20 20 20 00 4E   // прием: 39 байт; 22:09:02:953 08.03.2018
// таймаут: 65 мсек

Тест памяти: 3  
      99%       

CA E0 EB FE EC ED FB 20 

01 00 07 00 F7 E9 87   // передача: 7 байт; 22:09:03:466 08.03.2018
// приём по таймауту: 1000 мс
// принято с порта: 0 байт
повтор: 1

CA E0 EB FE EC ED FB 20 

01 00 07 00 F7 E9 87   // передача: 7 байт; 22:09:04:480 08.03.2018
// приём по таймауту: 1000 мс
// принято с порта: 0 байт
повтор: 2

CA E0 EB FE EC ED FB 20 

01 00 07 00 F7 E9 87   // передача: 7 байт; 22:09:05:495 08.03.2018
// приём по таймауту: 1000 мс
// принято с порта: 0 байт
повтор: 3

CA E0 EB FE EC ED FB 20 

01 00 07 00 F7 E9 87   // передача: 7 байт; 22:09:06:508 08.03.2018
// приём по таймауту: 1000 мс
// принято с порта: 0 байт
повтор: 4

CA E0 EB FE EC ED FB 20 

01 00 07 00 F7 E9 87   // передача: 7 байт; 22:09:07:522 08.03.2018
// приём по таймауту: 1000 мс
// принято с порта: 0 байт
повтор: 5

CA E0 EB FE EC ED FB 20 

01 00 07 00 F7 E9 87   // передача: 7 байт; 22:09:08:536 08.03.2018

CA E0 EB FE EC ED FB 20 

01 00 07 00 F7 E9 87   // передача: 7 байт; 22:09:08:682 08.03.2018
// приём по таймауту: 1000 мс
// принято с порта: 0 байт

// О программе
