
CA E0 EB FE EC ED FB 20 

00 00 07 00 F7 D4 47   // передача: 7 байт; 10:16:45:046 08.03.2018
// приём по количеству байт: 39 из 39
// принято с порта: 39 байт

01 00 27 00 F7 D2 E5 EA F3 F9 E5 E5 20 E2 F0 E5 EC FF 20 20 20 20 20 20 20 31 30 3A 31 36 3A 32 36 00 20 20 20 76 3B   // прием: 39 байт; 10:16:45:116 08.03.2018
// таймаут: 70 мсек

Текущее время   
    10:16:26    

CA E0 EB FE EC ED FB 20 

00 00 07 00 F7 D4 47   // передача: 7 байт; 10:16:46:151 08.03.2018
// приём по количеству байт: 39 из 39
// принято с порта: 39 байт

01 00 27 00 F7 D2 E5 EA F3 F9 E5 E5 20 E2 F0 E5 EC FF 20 20 20 20 20 20 20 31 30 3A 31 36 3A 32 37 00 20 20 20 4B FB   // прием: 39 байт; 10:16:46:221 08.03.2018
// таймаут: 70 мсек

Текущее время   
    10:16:27    

CA E0 EB FE EC ED FB 20 

00 00 07 00 F7 D4 47   // передача: 7 байт; 10:16:46:724 08.03.2018
// приём по количеству байт: 39 из 39
// принято с порта: 39 байт

01 00 27 00 F7 D2 E5 EA F3 F9 E5 E5 20 E2 F0 E5 EC FF 20 20 20 20 20 20 20 31 30 3A 31 36 3A 32 38 00 20 20 20 1F FA   // прием: 39 байт; 10:16:46:794 08.03.2018
// таймаут: 70 мсек

Текущее время   
    10:16:28    

CA E0 EB FE EC ED FB 20 

00 00 07 00 F7 D4 47   // передача: 7 байт; 10:16:47:264 08.03.2018
// приём по количеству байт: 39 из 39
// принято с порта: 39 байт

01 00 27 00 F7 D2 E5 EA F3 F9 E5 E5 20 E2 F0 E5 EC FF 20 20 20 20 20 20 20 31 30 3A 31 36 3A 32 38 00 20 20 20 1F FA   // прием: 39 байт; 10:16:47:324 08.03.2018
// таймаут: 60 мсек

Текущее время   
    10:16:28    

CA E0 EB FE EC ED FB 20 

00 00 07 00 F7 D4 47   // передача: 7 байт; 10:16:47:736 08.03.2018
// приём по количеству байт: 39 из 39
// принято с порта: 39 байт

01 00 27 00 F7 D2 E5 EA F3 F9 E5 E5 20 E2 F0 E5 EC FF 20 20 20 20 20 20 20 31 30 3A 31 36 3A 32 39 00 20 20 20 22 3A   // прием: 39 байт; 10:16:47:796 08.03.2018
// таймаут: 60 мсек

Текущее время   
    10:16:29    

// О программе
