
CA E0 EB FE EC ED FB 20 

00 00 08 00 F6 0C 45 DE   // передача: 8 байт; 12:23:38:146 08.03.2018
// приём по количеству байт: 9 из 9
// принято с порта: 9 байт

01 00 09 00 F6 00 00 37 F3   // прием: 9 байт; 12:23:38:176 08.03.2018
// таймаут: 30 мсек


CA E0 EB FE EC ED FB 20 

00 00 07 00 F7 D4 47   // передача: 7 байт; 12:23:38:176 08.03.2018
// приём по количеству байт: 39 из 39
// принято с порта: 39 байт

01 00 27 00 F7 CF F0 EE E3 F0 E0 EC EC E0 20 3F 20 20 20 20 20 3E 5F 5F 5F 20 20 20 20 20 20 20 20 20 20 20 20 5B EF   // прием: 39 байт; 12:23:38:246 08.03.2018
// таймаут: 70 мсек

Программа ?     
>___            

CA E0 EB FE EC ED FB 20 

00 00 08 00 F6 01 84 1B   // передача: 8 байт; 12:23:39:246 08.03.2018
// приём по количеству байт: 9 из 9
// принято с порта: 9 байт

01 00 09 00 F6 00 00 37 F3   // прием: 9 байт; 12:23:39:286 08.03.2018
// таймаут: 40 мсек


CA E0 EB FE EC ED FB 20 

00 00 07 00 F7 D4 47   // передача: 7 байт; 12:23:39:286 08.03.2018
// приём по количеству байт: 39 из 39
// принято с порта: 39 байт

01 00 27 00 F7 CF F0 EE E3 F0 E0 EC EC E0 20 3F 20 20 20 20 20 3E 5F 5F 31 20 20 20 20 20 20 20 20 20 20 20 20 CC C1   // прием: 39 байт; 12:23:39:346 08.03.2018
// таймаут: 60 мсек

Программа ?     
>__1            

CA E0 EB FE EC ED FB 20 

00 00 08 00 F6 01 84 1B   // передача: 8 байт; 12:23:39:426 08.03.2018
// приём по количеству байт: 9 из 9
// принято с порта: 9 байт

01 00 09 00 F6 00 00 37 F3   // прием: 9 байт; 12:23:39:456 08.03.2018
// таймаут: 30 мсек


CA E0 EB FE EC ED FB 20 

00 00 07 00 F7 D4 47   // передача: 7 байт; 12:23:39:456 08.03.2018
// приём по количеству байт: 39 из 39
// принято с порта: 39 байт

01 00 27 00 F7 CF F0 EE E3 F0 E0 EC EC E0 20 3F 20 20 20 20 20 3E 5F 31 31 20 20 20 20 20 20 20 20 20 20 20 20 A3 6F   // прием: 39 байт; 12:23:39:526 08.03.2018
// таймаут: 70 мсек

Программа ?     
>_11            

CA E0 EB FE EC ED FB 20 

00 00 08 00 F6 0D 84 1E   // передача: 8 байт; 12:23:40:086 08.03.2018
// приём по количеству байт: 9 из 9
// принято с порта: 9 байт

01 00 09 00 F6 00 00 37 F3   // прием: 9 байт; 12:23:40:126 08.03.2018
// таймаут: 40 мсек


CA E0 EB FE EC ED FB 20 

00 00 07 00 F7 D4 47   // передача: 7 байт; 12:23:40:126 08.03.2018
// приём по количеству байт: 39 из 39
// принято с порта: 39 байт

01 00 27 00 F7 CF E0 F0 EE EB FC 20 20 20 20 20 20 20 20 20 20 20 20 20 2D 2D 2D 2D 2D 2D 2D 2D 2D 2D 20 20 20 3C A2   // прием: 39 байт; 12:23:40:186 08.03.2018
// таймаут: 60 мсек

Пароль          
   ----------   

CA E0 EB FE EC ED FB 20 

00 00 08 00 F6 0D 84 1E   // передача: 8 байт; 12:23:40:256 08.03.2018
// приём по количеству байт: 9 из 9
// принято с порта: 9 байт

01 00 09 00 F6 00 00 37 F3   // прием: 9 байт; 12:23:40:286 08.03.2018
// таймаут: 30 мсек


CA E0 EB FE EC ED FB 20 

00 00 07 00 F7 D4 47   // передача: 7 байт; 12:23:40:286 08.03.2018
// приём по количеству байт: 39 из 39
// принято с порта: 39 байт

01 00 27 00 F7 CD E0 F1 F2 F0 EE E9 EA E0 20 20 20 20 20 20 20 20 20 20 20 20 20 20 CE CA 20 20 20 20 20 20 20 56 CB   // прием: 39 байт; 12:23:40:356 08.03.2018
// таймаут: 70 мсек

Настройка       
       ОК       

CA E0 EB FE EC ED FB 20 

00 00 08 00 F6 0C 45 DE   // передача: 8 байт; 12:23:41:556 08.03.2018
// приём по количеству байт: 9 из 9
// принято с порта: 9 байт

01 00 09 00 F6 00 00 37 F3   // прием: 9 байт; 12:23:41:596 08.03.2018
// таймаут: 40 мсек


CA E0 EB FE EC ED FB 20 

00 00 07 00 F7 D4 47   // передача: 7 байт; 12:23:41:596 08.03.2018
// приём по количеству байт: 39 из 39
// принято с порта: 39 байт

01 00 27 00 F7 CF F0 EE E3 F0 E0 EC EC E0 20 3F 20 20 20 20 20 3D 5F 5F 5F 20 20 20 20 20 20 20 20 20 20 20 20 1B 1E   // прием: 39 байт; 12:23:41:656 08.03.2018
// таймаут: 60 мсек

Программа ?     
=___            

CA E0 EB FE EC ED FB 20 

00 00 08 00 F6 01 84 1B   // передача: 8 байт; 12:23:44:176 08.03.2018
// приём по количеству байт: 9 из 9
// принято с порта: 9 байт

01 00 09 00 F6 00 00 37 F3   // прием: 9 байт; 12:23:44:206 08.03.2018
// таймаут: 30 мсек


CA E0 EB FE EC ED FB 20 

00 00 07 00 F7 D4 47   // передача: 7 байт; 12:23:44:206 08.03.2018
// приём по количеству байт: 39 из 39
// принято с порта: 39 байт

01 00 27 00 F7 CF F0 EE E3 F0 E0 EC EC E0 20 3F 20 20 20 20 20 3D 5F 5F 31 20 20 20 20 20 20 20 20 20 20 20 20 8C 30   // прием: 39 байт; 12:23:44:276 08.03.2018
// таймаут: 70 мсек

Программа ?     
=__1            

CA E0 EB FE EC ED FB 20 

00 00 08 00 F6 09 85 DD   // передача: 8 байт; 12:23:44:866 08.03.2018
// приём по количеству байт: 9 из 9
// принято с порта: 9 байт

01 00 09 00 F6 00 00 37 F3   // прием: 9 байт; 12:23:44:896 08.03.2018
// таймаут: 30 мсек


CA E0 EB FE EC ED FB 20 

00 00 07 00 F7 D4 47   // передача: 7 байт; 12:23:44:896 08.03.2018
// приём по количеству байт: 39 из 39
// принято с порта: 39 байт

01 00 27 00 F7 CF F0 EE E3 F0 E0 EC EC E0 20 3F 20 20 20 20 20 3D 5F 31 39 20 20 20 20 20 20 20 20 20 20 20 20 FC D6   // прием: 39 байт; 12:23:44:966 08.03.2018
// таймаут: 70 мсек

Программа ?     
=_19            

CA E0 EB FE EC ED FB 20 

00 00 08 00 F6 03 05 DA   // передача: 8 байт; 12:23:45:336 08.03.2018
// приём по количеству байт: 9 из 9
// принято с порта: 9 байт

01 00 09 00 F6 00 00 37 F3   // прием: 9 байт; 12:23:45:366 08.03.2018
// таймаут: 30 мсек


CA E0 EB FE EC ED FB 20 

00 00 07 00 F7 D4 47   // передача: 7 байт; 12:23:45:366 08.03.2018
// приём по количеству байт: 39 из 39
// принято с порта: 39 байт

01 00 27 00 F7 CF F0 EE E3 F0 E0 EC EC E0 20 3F 20 20 20 20 20 3D 31 39 33 20 20 20 20 20 20 20 20 20 20 20 20 03 38   // прием: 39 байт; 12:23:45:436 08.03.2018
// таймаут: 70 мсек

Программа ?     
=193            

CA E0 EB FE EC ED FB 20 

00 00 08 00 F6 0D 84 1E   // передача: 8 байт; 12:23:46:146 08.03.2018
// приём по количеству байт: 9 из 9
// принято с порта: 9 байт

01 00 09 00 F6 00 00 37 F3   // прием: 9 байт; 12:23:46:176 08.03.2018
// таймаут: 30 мсек


CA E0 EB FE EC ED FB 20 

00 00 07 00 F7 D4 47   // передача: 7 байт; 12:23:46:176 08.03.2018
// приём по количеству байт: 39 из 39
// принято с порта: 39 байт

01 00 27 00 F7 20 20 20 C7 E0 E3 F0 F3 E6 E0 F2 FC 20 20 20 20 2E ED E5 F2 00 20 20 20 20 20 20 20 20 20 20 20 A6 56   // прием: 39 байт; 12:23:46:246 08.03.2018
// таймаут: 70 мсек

   Загружать    
.нет            

CA E0 EB FE EC ED FB 20 

00 00 08 00 F6 0B 04 1C   // передача: 8 байт; 12:23:47:266 08.03.2018
// приём по количеству байт: 9 из 9
// принято с порта: 9 байт

01 00 09 00 F6 00 00 37 F3   // прием: 9 байт; 12:23:47:306 08.03.2018
// таймаут: 40 мсек


CA E0 EB FE EC ED FB 20 

00 00 07 00 F7 D4 47   // передача: 7 байт; 12:23:47:306 08.03.2018
// приём по количеству байт: 39 из 39
// принято с порта: 39 байт

01 00 27 00 F7 20 20 20 C7 E0 E3 F0 F3 E6 E0 F2 FC 20 20 20 20 2E E4 E0 20 00 20 20 20 20 20 20 20 20 20 20 20 52 86   // прием: 39 байт; 12:23:47:376 08.03.2018
// таймаут: 70 мсек

   Загружать    
.да             

CA E0 EB FE EC ED FB 20 

00 00 08 00 F6 0C 45 DE   // передача: 8 байт; 12:23:48:076 08.03.2018
// приём по количеству байт: 9 из 9
// принято с порта: 9 байт

01 00 09 00 F6 00 00 37 F3   // прием: 9 байт; 12:23:48:116 08.03.2018
// таймаут: 40 мсек


CA E0 EB FE EC ED FB 20 

00 00 07 00 F7 D4 47   // передача: 7 байт; 12:23:48:116 08.03.2018
// приём по количеству байт: 39 из 39
// принято с порта: 39 байт

01 00 27 00 F7 CF F0 EE E3 F0 E0 EC EC E0 20 3F 20 20 20 20 20 3D 5F 5F 5F 20 20 20 20 20 20 20 20 20 20 20 20 1B 1E   // прием: 39 байт; 12:23:48:176 08.03.2018
// таймаут: 60 мсек

Программа ?     
=___            

CA E0 EB FE EC ED FB 20 

00 00 08 00 F6 01 84 1B   // передача: 8 байт; 12:23:48:726 08.03.2018
// приём по количеству байт: 9 из 9
// принято с порта: 9 байт

01 00 09 00 F6 00 00 37 F3   // прием: 9 байт; 12:23:48:766 08.03.2018
// таймаут: 40 мсек


CA E0 EB FE EC ED FB 20 

00 00 07 00 F7 D4 47   // передача: 7 байт; 12:23:48:766 08.03.2018
// приём по количеству байт: 39 из 39
// принято с порта: 39 байт

01 00 27 00 F7 CF F0 EE E3 F0 E0 EC EC E0 20 3F 20 20 20 20 20 3D 5F 5F 31 20 20 20 20 20 20 20 20 20 20 20 20 8C 30   // прием: 39 байт; 12:23:48:826 08.03.2018
// таймаут: 60 мсек

Программа ?     
=__1            

CA E0 EB FE EC ED FB 20 

00 00 08 00 F6 05 85 D8   // передача: 8 байт; 12:23:49:216 08.03.2018
// приём по количеству байт: 9 из 9
// принято с порта: 9 байт

01 00 09 00 F6 00 00 37 F3   // прием: 9 байт; 12:23:49:246 08.03.2018
// таймаут: 30 мсек


CA E0 EB FE EC ED FB 20 

00 00 07 00 F7 D4 47   // передача: 7 байт; 12:23:49:246 08.03.2018
// приём по количеству байт: 39 из 39
// принято с порта: 39 байт

01 00 27 00 F7 CF F0 EE E3 F0 E0 EC EC E0 20 3F 20 20 20 20 20 3D 5F 31 35 20 20 20 20 20 20 20 20 20 20 20 20 ED 1A   // прием: 39 байт; 12:23:49:316 08.03.2018
// таймаут: 70 мсек

Программа ?     
=_15            

CA E0 EB FE EC ED FB 20 

00 00 08 00 F6 0D 84 1E   // передача: 8 байт; 12:23:50:006 08.03.2018
// приём по количеству байт: 9 из 9
// принято с порта: 9 байт

01 00 09 00 F6 00 00 37 F3   // прием: 9 байт; 12:23:50:046 08.03.2018
// таймаут: 40 мсек


CA E0 EB FE EC ED FB 20 

00 00 07 00 F7 D4 47   // передача: 7 байт; 12:23:50:046 08.03.2018
// приём по количеству байт: 39 из 39
// принято с порта: 39 байт

01 00 27 00 F7 D0 E0 E1 EE F2 E0 20 20 20 20 20 20 20 20 20 20 20 20 20 20 20 20 20 CE CA 20 20 20 20 20 20 20 DE 07   // прием: 39 байт; 12:23:50:226 08.03.2018
// таймаут: 180 мсек

Работа          
       ОК       

CA E0 EB FE EC ED FB 20 

00 00 08 00 F6 0C 45 DE   // передача: 8 байт; 12:23:50:886 08.03.2018
// приём по количеству байт: 9 из 9
// принято с порта: 9 байт

01 00 09 00 F6 00 00 37 F3   // прием: 9 байт; 12:23:50:926 08.03.2018
// таймаут: 40 мсек


CA E0 EB FE EC ED FB 20 

00 00 07 00 F7 D4 47   // передача: 7 байт; 12:23:50:926 08.03.2018
// приём по количеству байт: 39 из 39
// принято с порта: 39 байт

01 00 27 00 F7 CF F0 EE E3 F0 E0 EC EC E0 20 3F 20 20 20 20 20 3E 5F 5F 5F 20 20 20 20 20 20 20 20 20 20 20 20 5B EF   // прием: 39 байт; 12:23:50:986 08.03.2018
// таймаут: 60 мсек

Программа ?     
>___            

CA E0 EB FE EC ED FB 20 

00 00 08 00 F6 01 84 1B   // передача: 8 байт; 12:23:51:546 08.03.2018
// приём по количеству байт: 9 из 9
// принято с порта: 9 байт

01 00 09 00 F6 00 00 37 F3   // прием: 9 байт; 12:23:51:586 08.03.2018
// таймаут: 40 мсек


CA E0 EB FE EC ED FB 20 

00 00 07 00 F7 D4 47   // передача: 7 байт; 12:23:51:586 08.03.2018
// приём по количеству байт: 39 из 39
// принято с порта: 39 байт

01 00 27 00 F7 CF F0 EE E3 F0 E0 EC EC E0 20 3F 20 20 20 20 20 3E 5F 5F 31 20 20 20 20 20 20 20 20 20 20 20 20 CC C1   // прием: 39 байт; 12:23:51:656 08.03.2018
// таймаут: 70 мсек

Программа ?     
>__1            

CA E0 EB FE EC ED FB 20 

00 00 08 00 F6 09 85 DD   // передача: 8 байт; 12:23:52:116 08.03.2018
// приём по количеству байт: 9 из 9
// принято с порта: 9 байт

01 00 09 00 F6 00 00 37 F3   // прием: 9 байт; 12:23:52:156 08.03.2018
// таймаут: 40 мсек


CA E0 EB FE EC ED FB 20 

00 00 07 00 F7 D4 47   // передача: 7 байт; 12:23:52:156 08.03.2018
// приём по количеству байт: 39 из 39
// принято с порта: 39 байт

01 00 27 00 F7 CF F0 EE E3 F0 E0 EC EC E0 20 3F 20 20 20 20 20 3E 5F 31 39 20 20 20 20 20 20 20 20 20 20 20 20 BC 27   // прием: 39 байт; 12:23:52:216 08.03.2018
// таймаут: 60 мсек

Программа ?     
>_19            

CA E0 EB FE EC ED FB 20 

00 00 08 00 F6 00 45 DB   // передача: 8 байт; 12:23:52:556 08.03.2018
// приём по количеству байт: 9 из 9
// принято с порта: 9 байт

01 00 09 00 F6 00 00 37 F3   // прием: 9 байт; 12:23:52:596 08.03.2018
// таймаут: 40 мсек


CA E0 EB FE EC ED FB 20 

00 00 07 00 F7 D4 47   // передача: 7 байт; 12:23:52:596 08.03.2018
// приём по количеству байт: 39 из 39
// принято с порта: 39 байт

01 00 27 00 F7 CF F0 EE E3 F0 E0 EC EC E0 20 3F 20 20 20 20 20 3E 31 39 30 20 20 20 20 20 20 20 20 20 20 20 20 46 0A   // прием: 39 байт; 12:23:52:656 08.03.2018
// таймаут: 60 мсек

Программа ?     
>190            

CA E0 EB FE EC ED FB 20 

00 00 08 00 F6 0D 84 1E   // передача: 8 байт; 12:23:53:016 08.03.2018
// приём по количеству байт: 9 из 9
// принято с порта: 9 байт

01 00 09 00 F6 00 00 37 F3   // прием: 9 байт; 12:23:53:046 08.03.2018
// таймаут: 30 мсек


CA E0 EB FE EC ED FB 20 

00 00 07 00 F7 D4 47   // передача: 7 байт; 12:23:53:046 08.03.2018
// приём по количеству байт: 39 из 39
// принято с порта: 39 байт

01 00 27 00 F7 CA E0 ED E0 EB 3A 20 31 20 00 20 20 20 20 20 20 20 20 20 20 20 20 20 20 20 20 20 20 20 20 20 20 0D EE   // прием: 39 байт; 12:23:53:776 08.03.2018
// таймаут: 730 мсек

Канал: 1        
                

CA E0 EB FE EC ED FB 20 

00 00 07 00 F7 D4 47   // передача: 7 байт; 12:23:54:236 08.03.2018
// приём по таймауту: 1000 мс
// принято с порта: 0 байт
повтор: 1

CA E0 EB FE EC ED FB 20 

00 00 07 00 F7 D4 47   // передача: 7 байт; 12:23:55:246 08.03.2018
// приём по таймауту: 1000 мс
// принято с порта: 0 байт
повтор: 2

CA E0 EB FE EC ED FB 20 

00 00 07 00 F7 D4 47   // передача: 7 байт; 12:23:56:266 08.03.2018
// приём по таймауту: 1000 мс
// принято с порта: 0 байт
повтор: 3

CA E0 EB FE EC ED FB 20 

00 00 07 00 F7 D4 47   // передача: 7 байт; 12:23:57:276 08.03.2018

CA E0 EB FE EC ED FB 20 

00 00 07 00 F7 D4 47   // передача: 7 байт; 12:23:57:946 08.03.2018
// приём по количеству байт: 39 из 39
// принято с порта: 39 байт

01 00 27 00 F7 CA E0 ED E0 EB 3A 20 31 20 00 20 20 20 20 20 20 20 20 20 20 20 20 20 20 20 20 20 20 20 20 20 20 0D EE   // прием: 39 байт; 12:23:58:086 08.03.2018
// таймаут: 140 мсек

Канал: 1        
                

CA E0 EB FE EC ED FB 20 

00 00 07 00 F7 D4 47   // передача: 7 байт; 12:23:58:866 08.03.2018
// приём по количеству байт: 39 из 39
// принято с порта: 39 байт

01 00 27 00 F7 CA E0 ED E0 EB 3A 20 31 20 00 20 20 20 20 20 20 20 EF EE E2 F2 EE F0 20 31 00 2E 2E 2E 20 20 20 37 C9   // прием: 39 байт; 12:23:58:996 08.03.2018
// таймаут: 130 мсек

Канал: 1        
 повтор 1 ...   

CA E0 EB FE EC ED FB 20 

00 00 07 00 F7 D4 47   // передача: 7 байт; 12:23:59:866 08.03.2018
// приём по таймауту: 1000 мс
// принято с порта: 0 байт
повтор: 1

CA E0 EB FE EC ED FB 20 

00 00 07 00 F7 D4 47   // передача: 7 байт; 12:24:00:876 08.03.2018

CA E0 EB FE EC ED FB 20 

00 00 07 00 F7 D4 47   // передача: 7 байт; 12:24:01:076 08.03.2018
// приём по количеству байт: 39 из 39
// принято с порта: 39 байт

01 00 27 00 F7 CA E0 ED E0 EB 3A 20 31 20 00 20 20 20 20 20 20 20 EA EE F0 F0 E5 EA F6 E8 FF 3A 20 E5 F1 F2 FC 1B E3   // прием: 39 байт; 12:24:01:146 08.03.2018
// таймаут: 70 мсек

Канал: 1        
 коррекция: есть

CA E0 EB FE EC ED FB 20 

00 00 07 00 F7 D4 47   // передача: 7 байт; 12:24:01:776 08.03.2018
// приём по количеству байт: 39 из 39
// принято с порта: 39 байт

01 00 27 00 F7 CA E0 ED E0 EB 3A 20 31 20 00 20 20 20 20 20 20 20 EA EE F0 F0 E5 EA F6 E8 FF 3A 20 E5 F1 F2 FC 1B E3   // прием: 39 байт; 12:24:01:836 08.03.2018
// таймаут: 60 мсек

Канал: 1        
 коррекция: есть

CA E0 EB FE EC ED FB 20 

00 00 07 00 F7 D4 47   // передача: 7 байт; 12:24:02:556 08.03.2018
// приём по количеству байт: 39 из 39
// принято с порта: 39 байт

01 00 27 00 F7 CA E0 ED E0 EB 3A 20 31 20 00 20 20 20 20 20 20 20 EA EE F0 F0 E5 EA F6 E8 FF 3A 20 E5 F1 F2 FC 1B E3   // прием: 39 байт; 12:24:02:626 08.03.2018
// таймаут: 70 мсек

Канал: 1        
 коррекция: есть

CA E0 EB FE EC ED FB 20 

00 00 07 00 F7 D4 47   // передача: 7 байт; 12:24:03:976 08.03.2018
// приём по количеству байт: 39 из 39
// принято с порта: 39 байт

01 00 27 00 F7 CA E0 ED E0 EB 3A 20 31 20 00 20 20 20 20 20 20 20 EA EE F0 F0 E5 EA F6 E8 FF 3A 20 E5 F1 F2 FC 1B E3   // прием: 39 байт; 12:24:04:036 08.03.2018
// таймаут: 60 мсек

Канал: 1        
 коррекция: есть

CA E0 EB FE EC ED FB 20 

00 00 07 00 F7 D4 47   // передача: 7 байт; 12:24:05:686 08.03.2018
// приём по количеству байт: 39 из 39
// принято с порта: 39 байт

01 00 27 00 F7 CA E0 ED E0 EB 3A 20 31 20 00 20 20 20 20 20 20 20 E1 E5 E7 20 EA EE F0 F0 E5 EA F6 E8 E8 20 20 98 5C   // прием: 39 байт; 12:24:06:636 08.03.2018
// таймаут: 950 мсек

Канал: 1        
 без коррекции  

CA E0 EB FE EC ED FB 20 

00 00 07 00 F7 D4 47   // передача: 7 байт; 12:24:07:146 08.03.2018
// приём по количеству байт: 39 из 39
// принято с порта: 39 байт

01 00 27 00 F7 CA E0 ED E0 EB 3A 20 31 20 00 20 20 20 20 20 20 20 E2 E5 F0 F1 E8 FF 20 32 2E 33 2E 31 00 20 20 68 ED   // прием: 39 байт; 12:24:07:436 08.03.2018
// таймаут: 290 мсек

Канал: 1        
 версия 2.3.1   

CA E0 EB FE EC ED FB 20 

00 00 07 00 F7 D4 47   // передача: 7 байт; 12:24:07:946 08.03.2018
// приём по количеству байт: 39 из 39
// принято с порта: 39 байт

01 00 27 00 F7 CA E0 ED E0 EB 3A 20 31 20 00 20 20 20 20 20 20 20 30 35 20 3F 20 20 31 38 2E 30 36 2E 31 37 00 E4 70   // прием: 39 байт; 12:24:08:006 08.03.2018
// таймаут: 60 мсек

Канал: 1        
 05 ?  18.06.17 

CA E0 EB FE EC ED FB 20 

00 00 07 00 F7 D4 47   // передача: 7 байт; 12:24:08:526 08.03.2018
// приём по количеству байт: 39 из 39
// принято с порта: 39 байт

01 00 27 00 F7 CA E0 ED E0 EB 3A 20 31 20 00 20 20 20 20 20 20 20 31 31 20 3F 20 20 31 31 2E 30 39 2E 31 37 00 B4 DF   // прием: 39 байт; 12:24:08:586 08.03.2018
// таймаут: 60 мсек

Канал: 1        
 11 ?  11.09.17 

CA E0 EB FE EC ED FB 20 

00 00 07 00 F7 D4 47   // передача: 7 байт; 12:24:09:096 08.03.2018
// приём по количеству байт: 39 из 39
// принято с порта: 39 байт

01 00 27 00 F7 CA E0 ED E0 EB 3A 20 31 20 00 20 20 20 20 20 20 20 30 31 20 3F 20 20 31 38 2E 30 36 2E 31 37 00 E1 B4   // прием: 39 байт; 12:24:09:156 08.03.2018
// таймаут: 60 мсек

Канал: 1        
 01 ?  18.06.17 

CA E0 EB FE EC ED FB 20 

00 00 07 00 F7 D4 47   // передача: 7 байт; 12:24:09:666 08.03.2018
// приём по количеству байт: 39 из 39
// принято с порта: 39 байт

01 00 27 00 F7 CA E0 ED E0 EB 3A 20 31 20 00 20 20 20 20 20 20 20 30 30 20 3F 20 20 31 38 2E 30 36 2E 31 37 00 E1 75   // прием: 39 байт; 12:24:09:726 08.03.2018
// таймаут: 60 мсек

Канал: 1        
 00 ?  18.06.17 

CA E0 EB FE EC ED FB 20 

00 00 07 00 F7 D4 47   // передача: 7 байт; 12:24:10:236 08.03.2018
// приём по количеству байт: 39 из 39
// принято с порта: 39 байт

01 00 27 00 F7 CA E0 ED E0 EB 3A 20 31 20 00 20 20 20 20 20 20 20 32 32 20 3F 20 20 31 37 2E 30 36 2E 31 37 00 20 F6   // прием: 39 байт; 12:24:10:296 08.03.2018
// таймаут: 60 мсек

Канал: 1        
 22 ?  17.06.17 

CA E0 EB FE EC ED FB 20 

00 00 07 00 F7 D4 47   // передача: 7 байт; 12:24:10:786 08.03.2018
// приём по количеству байт: 39 из 39
// принято с порта: 39 байт

01 00 27 00 F7 CA E0 ED E0 EB 3A 20 31 20 00 20 20 20 20 20 20 20 32 30 20 3F 20 20 31 37 2E 30 36 2E 31 37 00 23 34   // прием: 39 байт; 12:24:10:846 08.03.2018
// таймаут: 60 мсек

Канал: 1        
 20 ?  17.06.17 

CA E0 EB FE EC ED FB 20 

00 00 07 00 F7 D4 47   // передача: 7 байт; 12:24:11:366 08.03.2018
// приём по количеству байт: 39 из 39
// принято с порта: 39 байт

01 00 27 00 F7 CA E0 ED E0 EB 3A 20 31 20 00 20 20 20 20 20 20 20 31 38 20 3F 20 20 31 37 2E 30 36 2E 31 37 00 69 FD   // прием: 39 байт; 12:24:11:426 08.03.2018
// таймаут: 60 мсек

Канал: 1        
 18 ?  17.06.17 

CA E0 EB FE EC ED FB 20 

00 00 07 00 F7 D4 47   // передача: 7 байт; 12:24:11:936 08.03.2018
// приём по количеству байт: 39 из 39
// принято с порта: 39 байт

01 00 27 00 F7 CA E0 ED E0 EB 3A 20 31 20 00 20 20 20 20 20 20 20 31 36 20 3F 20 20 31 37 2E 30 36 2E 31 37 00 66 33   // прием: 39 байт; 12:24:11:996 08.03.2018
// таймаут: 60 мсек

Канал: 1        
 16 ?  17.06.17 

CA E0 EB FE EC ED FB 20 

00 00 07 00 F7 D4 47   // передача: 7 байт; 12:24:12:506 08.03.2018
// приём по количеству байт: 39 из 39
// принято с порта: 39 байт

01 00 27 00 F7 CA E0 ED E0 EB 3A 20 31 20 00 20 20 20 20 20 20 20 31 34 20 3F 20 20 31 37 2E 30 36 2E 31 37 00 65 F1   // прием: 39 байт; 12:24:12:566 08.03.2018
// таймаут: 60 мсек

Канал: 1        
 14 ?  17.06.17 

CA E0 EB FE EC ED FB 20 

00 00 07 00 F7 D4 47   // передача: 7 байт; 12:24:13:076 08.03.2018
// приём по количеству байт: 39 из 39
// принято с порта: 39 байт

01 00 27 00 F7 CA E0 ED E0 EB 3A 20 31 20 00 20 20 20 20 20 20 20 31 32 20 3F 20 20 31 37 2E 30 36 2E 31 37 00 63 F7   // прием: 39 байт; 12:24:13:136 08.03.2018
// таймаут: 60 мсек

Канал: 1        
 12 ?  17.06.17 

CA E0 EB FE EC ED FB 20 

00 00 07 00 F7 D4 47   // передача: 7 байт; 12:24:13:636 08.03.2018
// приём по количеству байт: 39 из 39
// принято с порта: 39 байт

01 00 27 00 F7 CA E0 ED E0 EB 3A 20 31 20 00 20 20 20 20 20 20 20 31 30 20 3F 20 20 31 37 2E 30 36 2E 31 37 00 60 35   // прием: 39 байт; 12:24:13:696 08.03.2018
// таймаут: 60 мсек

Канал: 1        
 10 ?  17.06.17 

CA E0 EB FE EC ED FB 20 

00 00 07 00 F7 D4 47   // передача: 7 байт; 12:24:14:206 08.03.2018
// приём по количеству байт: 39 из 39
// принято с порта: 39 байт

01 00 27 00 F7 CA E0 ED E0 EB 3A 20 31 20 00 20 20 20 20 20 20 20 30 38 20 3F 20 20 31 37 2E 30 36 2E 31 37 00 A8 FD   // прием: 39 байт; 12:24:14:266 08.03.2018
// таймаут: 60 мсек

Канал: 1        
 08 ?  17.06.17 

CA E0 EB FE EC ED FB 20 

00 00 07 00 F7 D4 47   // передача: 7 байт; 12:24:14:776 08.03.2018
// приём по количеству байт: 39 из 39
// принято с порта: 39 байт

01 00 27 00 F7 CA E0 ED E0 EB 3A 20 31 20 00 20 20 20 20 20 20 20 30 36 20 3F 20 20 31 37 2E 30 36 2E 31 37 00 A7 33   // прием: 39 байт; 12:24:14:836 08.03.2018
// таймаут: 60 мсек

Канал: 1        
 06 ?  17.06.17 

CA E0 EB FE EC ED FB 20 

00 00 07 00 F7 D4 47   // передача: 7 байт; 12:24:15:336 08.03.2018
// приём по количеству байт: 39 из 39
// принято с порта: 39 байт

01 00 27 00 F7 CA E0 ED E0 EB 3A 20 31 20 00 20 20 20 20 20 20 20 30 34 20 3F 20 20 31 37 2E 30 36 2E 31 37 00 A4 F1   // прием: 39 байт; 12:24:15:396 08.03.2018
// таймаут: 60 мсек

Канал: 1        
 04 ?  17.06.17 

CA E0 EB FE EC ED FB 20 

00 00 07 00 F7 D4 47   // передача: 7 байт; 12:24:15:906 08.03.2018
// приём по количеству байт: 39 из 39
// принято с порта: 39 байт

01 00 27 00 F7 CA E0 ED E0 EB 3A 20 31 20 00 20 20 20 20 20 20 20 30 32 20 3F 20 20 31 37 2E 30 36 2E 31 37 00 A2 F7   // прием: 39 байт; 12:24:15:966 08.03.2018
// таймаут: 60 мсек

Канал: 1        
 02 ?  17.06.17 

CA E0 EB FE EC ED FB 20 

00 00 07 00 F7 D4 47   // передача: 7 байт; 12:24:16:476 08.03.2018
// приём по количеству байт: 39 из 39
// принято с порта: 39 байт

01 00 27 00 F7 CA E0 ED E0 EB 3A 20 31 20 00 20 20 20 20 20 20 20 30 30 20 3F 20 20 31 37 2E 30 36 2E 31 37 00 A1 35   // прием: 39 байт; 12:24:16:536 08.03.2018
// таймаут: 60 мсек

Канал: 1        
 00 ?  17.06.17 

CA E0 EB FE EC ED FB 20 

00 00 07 00 F7 D4 47   // передача: 7 байт; 12:24:17:026 08.03.2018
// приём по количеству байт: 39 из 39
// принято с порта: 39 байт

01 00 27 00 F7 CA E0 ED E0 EB 3A 20 31 20 00 20 20 20 20 20 20 20 32 32 20 3F 20 20 31 36 2E 30 36 2E 31 37 00 E1 3A   // прием: 39 байт; 12:24:17:086 08.03.2018
// таймаут: 60 мсек

Канал: 1        
 22 ?  16.06.17 

CA E0 EB FE EC ED FB 20 

00 00 07 00 F7 D4 47   // передача: 7 байт; 12:24:17:606 08.03.2018
// приём по количеству байт: 39 из 39
// принято с порта: 39 байт

01 00 27 00 F7 CA E0 ED E0 EB 3A 20 31 20 00 20 20 20 20 20 20 20 32 30 20 3F 20 20 31 36 2E 30 36 2E 31 37 00 E2 F8   // прием: 39 байт; 12:24:17:666 08.03.2018
// таймаут: 60 мсек

Канал: 1        
 20 ?  16.06.17 

CA E0 EB FE EC ED FB 20 

00 00 07 00 F7 D4 47   // передача: 7 байт; 12:24:18:176 08.03.2018
// приём по количеству байт: 39 из 39
// принято с порта: 39 байт

01 00 27 00 F7 CA E0 ED E0 EB 3A 20 31 20 00 20 20 20 20 20 20 20 31 38 20 3F 20 20 31 36 2E 30 36 2E 31 37 00 A8 31   // прием: 39 байт; 12:24:18:236 08.03.2018
// таймаут: 60 мсек

Канал: 1        
 18 ?  16.06.17 

CA E0 EB FE EC ED FB 20 

00 00 07 00 F7 D4 47   // передача: 7 байт; 12:24:18:746 08.03.2018
// приём по количеству байт: 39 из 39
// принято с порта: 39 байт

01 00 27 00 F7 CA E0 ED E0 EB 3A 20 31 20 00 20 20 20 20 20 20 20 31 36 20 3F 20 20 31 36 2E 30 36 2E 31 37 00 A7 FF   // прием: 39 байт; 12:24:18:806 08.03.2018
// таймаут: 60 мсек

Канал: 1        
 16 ?  16.06.17 

CA E0 EB FE EC ED FB 20 

00 00 07 00 F7 D4 47   // передача: 7 байт; 12:24:19:316 08.03.2018
// приём по количеству байт: 39 из 39
// принято с порта: 39 байт

01 00 27 00 F7 CA E0 ED E0 EB 3A 20 31 20 00 20 20 20 20 20 20 20 31 34 20 3F 20 20 31 36 2E 30 36 2E 31 37 00 A4 3D   // прием: 39 байт; 12:24:19:376 08.03.2018
// таймаут: 60 мсек

Канал: 1        
 14 ?  16.06.17 

CA E0 EB FE EC ED FB 20 

00 00 07 00 F7 D4 47   // передача: 7 байт; 12:24:19:876 08.03.2018
// приём по количеству байт: 39 из 39
// принято с порта: 39 байт

01 00 27 00 F7 CA E0 ED E0 EB 3A 20 31 20 00 20 20 20 20 20 20 20 31 32 20 3F 20 20 31 36 2E 30 36 2E 31 37 00 A2 3B   // прием: 39 байт; 12:24:19:936 08.03.2018
// таймаут: 60 мсек

Канал: 1        
 12 ?  16.06.17 

CA E0 EB FE EC ED FB 20 

00 00 07 00 F7 D4 47   // передача: 7 байт; 12:24:20:426 08.03.2018
// приём по количеству байт: 39 из 39
// принято с порта: 39 байт

01 00 27 00 F7 CA E0 ED E0 EB 3A 20 31 20 00 20 20 20 20 20 20 20 31 30 20 3F 20 20 31 36 2E 30 36 2E 31 37 00 A1 F9   // прием: 39 байт; 12:24:20:486 08.03.2018
// таймаут: 60 мсек

Канал: 1        
 10 ?  16.06.17 

CA E0 EB FE EC ED FB 20 

00 00 07 00 F7 D4 47   // передача: 7 байт; 12:24:21:006 08.03.2018
// приём по количеству байт: 39 из 39
// принято с порта: 39 байт

01 00 27 00 F7 CA E0 ED E0 EB 3A 20 31 20 00 20 20 20 20 20 20 20 30 39 20 3F 20 20 31 36 2E 30 36 2E 31 37 00 69 F0   // прием: 39 байт; 12:24:21:066 08.03.2018
// таймаут: 60 мсек

Канал: 1        
 09 ?  16.06.17 

CA E0 EB FE EC ED FB 20 

00 00 07 00 F7 D4 47   // передача: 7 байт; 12:24:21:576 08.03.2018
// приём по количеству байт: 39 из 39
// принято с порта: 39 байт

01 00 27 00 F7 CA E0 ED E0 EB 3A 20 31 20 00 20 20 20 20 20 20 20 30 37 20 3F 20 20 31 36 2E 30 36 2E 31 37 00 66 3E   // прием: 39 байт; 12:24:21:636 08.03.2018
// таймаут: 60 мсек

Канал: 1        
 07 ?  16.06.17 

CA E0 EB FE EC ED FB 20 

00 00 08 00 F6 0C 45 DE   // передача: 8 байт; 12:24:22:066 08.03.2018
// приём по количеству байт: 9 из 9
// принято с порта: 9 байт

01 00 09 00 F6 00 00 37 F3   // прием: 9 байт; 12:24:22:096 08.03.2018
// таймаут: 30 мсек


CA E0 EB FE EC ED FB 20 

00 00 07 00 F7 D4 47   // передача: 7 байт; 12:24:22:096 08.03.2018

CA E0 EB FE EC ED FB 20 

00 00 07 00 F7 D4 47   // передача: 7 байт; 12:24:22:146 08.03.2018
// приём по количеству байт: 40 из 39
// принято с порта: 40 байт

01 00 27 00 F7 CA E0 ED 01 00 27 00 F7 CA E0 ED E0 EB 3A 20 31 20 00 20 20 20 20 20 20 20 20 20 20 20 F1 F2 EE EF 20 21   // прием: 40 байт; 12:24:22:196 08.03.2018
// таймаут: 50 мсек

// приём по количеству байт: 7 из 0
// принято с порта: 7 байт

20 20 20 20 20 55 16   // прием: 7 байт; 12:24:23:016 08.03.2018
// таймаут: 870 мсек


CA E0 EB FE EC ED FB 20 

00 00 07 00 F7 D4 47   // передача: 7 байт; 12:24:24:496 08.03.2018
// приём по количеству байт: 39 из 39
// принято с порта: 39 байт

01 00 27 00 F7 D0 E0 E1 EE F2 E0 20 20 20 20 20 20 20 20 20 20 20 20 20 20 20 20 20 CE CA 20 20 20 20 20 20 20 DE 07   // прием: 39 байт; 12:24:24:556 08.03.2018
// таймаут: 60 мсек

Работа          
       ОК       

CA E0 EB FE EC ED FB 20 

00 00 07 00 F7 D4 47   // передача: 7 байт; 12:24:25:076 08.03.2018
// приём по количеству байт: 39 из 39
// принято с порта: 39 байт

01 00 27 00 F7 D0 E0 E1 EE F2 E0 20 20 20 20 20 20 20 20 20 20 20 20 20 20 20 20 20 CE CA 20 20 20 20 20 20 20 DE 07   // прием: 39 байт; 12:24:25:136 08.03.2018
// таймаут: 60 мсек

Работа          
       ОК       

CA E0 EB FE EC ED FB 20 

00 00 08 00 F6 0C 45 DE   // передача: 8 байт; 12:24:25:156 08.03.2018
// приём по количеству байт: 9 из 9
// принято с порта: 9 байт

01 00 09 00 F6 00 00 37 F3   // прием: 9 байт; 12:24:25:196 08.03.2018
// таймаут: 40 мсек


CA E0 EB FE EC ED FB 20 

00 00 07 00 F7 D4 47   // передача: 7 байт; 12:24:25:196 08.03.2018
// приём по количеству байт: 39 из 39
// принято с порта: 39 байт

01 00 27 00 F7 CF F0 EE E3 F0 E0 EC EC E0 20 3F 20 20 20 20 20 3E 5F 5F 5F 20 20 20 20 20 20 20 20 20 20 20 20 5B EF   // прием: 39 байт; 12:24:25:256 08.03.2018
// таймаут: 60 мсек

Программа ?     
>___            

CA E0 EB FE EC ED FB 20 

00 00 07 00 F7 D4 47   // передача: 7 байт; 12:24:25:776 08.03.2018
// приём по количеству байт: 39 из 39
// принято с порта: 39 байт

01 00 27 00 F7 CF F0 EE E3 F0 E0 EC EC E0 20 3F 20 20 20 20 20 3E 5F 5F 5F 20 20 20 20 20 20 20 20 20 20 20 20 5B EF   // прием: 39 байт; 12:24:25:836 08.03.2018
// таймаут: 60 мсек

Программа ?     
>___            

CA E0 EB FE EC ED FB 20 

00 00 08 00 F6 01 84 1B   // передача: 8 байт; 12:24:26:006 08.03.2018
// приём по количеству байт: 9 из 9
// принято с порта: 9 байт

01 00 09 00 F6 00 00 37 F3   // прием: 9 байт; 12:24:26:046 08.03.2018
// таймаут: 40 мсек


CA E0 EB FE EC ED FB 20 

00 00 07 00 F7 D4 47   // передача: 7 байт; 12:24:26:046 08.03.2018
// приём по количеству байт: 39 из 39
// принято с порта: 39 байт

01 00 27 00 F7 CF F0 EE E3 F0 E0 EC EC E0 20 3F 20 20 20 20 20 3E 5F 5F 31 20 20 20 20 20 20 20 20 20 20 20 20 CC C1   // прием: 39 байт; 12:24:26:106 08.03.2018
// таймаут: 60 мсек

Программа ?     
>__1            

CA E0 EB FE EC ED FB 20 

00 00 08 00 F6 01 84 1B   // передача: 8 байт; 12:24:26:186 08.03.2018
// приём по количеству байт: 9 из 9
// принято с порта: 9 байт

01 00 09 00 F6 00 00 37 F3   // прием: 9 байт; 12:24:26:226 08.03.2018
// таймаут: 40 мсек


CA E0 EB FE EC ED FB 20 

00 00 07 00 F7 D4 47   // передача: 7 байт; 12:24:26:226 08.03.2018
// приём по количеству байт: 39 из 39
// принято с порта: 39 байт

01 00 27 00 F7 CF F0 EE E3 F0 E0 EC EC E0 20 3F 20 20 20 20 20 3E 5F 31 31 20 20 20 20 20 20 20 20 20 20 20 20 A3 6F   // прием: 39 байт; 12:24:26:296 08.03.2018
// таймаут: 70 мсек

Программа ?     
>_11            

CA E0 EB FE EC ED FB 20 

00 00 07 00 F7 D4 47   // передача: 7 байт; 12:24:26:806 08.03.2018
// приём по количеству байт: 39 из 39
// принято с порта: 39 байт

01 00 27 00 F7 CF F0 EE E3 F0 E0 EC EC E0 20 3F 20 20 20 20 20 3E 5F 31 31 20 20 20 20 20 20 20 20 20 20 20 20 A3 6F   // прием: 39 байт; 12:24:26:866 08.03.2018
// таймаут: 60 мсек

Программа ?     
>_11            

CA E0 EB FE EC ED FB 20 

00 00 08 00 F6 0D 84 1E   // передача: 8 байт; 12:24:26:996 08.03.2018
// приём по количеству байт: 9 из 9
// принято с порта: 9 байт

01 00 09 00 F6 00 00 37 F3   // прием: 9 байт; 12:24:27:036 08.03.2018
// таймаут: 40 мсек


CA E0 EB FE EC ED FB 20 

00 00 07 00 F7 D4 47   // передача: 7 байт; 12:24:27:036 08.03.2018
// приём по количеству байт: 39 из 39
// принято с порта: 39 байт

01 00 27 00 F7 CF E0 F0 EE EB FC 20 20 20 20 20 20 20 20 20 20 20 20 20 2D 2D 2D 2D 2D 2D 2D 2D 2D 2D 20 20 20 3C A2   // прием: 39 байт; 12:24:27:096 08.03.2018
// таймаут: 60 мсек

Пароль          
   ----------   

CA E0 EB FE EC ED FB 20 

00 00 08 00 F6 0D 84 1E   // передача: 8 байт; 12:24:27:466 08.03.2018
// приём по количеству байт: 9 из 9
// принято с порта: 9 байт

01 00 09 00 F6 00 00 37 F3   // прием: 9 байт; 12:24:27:506 08.03.2018
// таймаут: 40 мсек


CA E0 EB FE EC ED FB 20 

00 00 07 00 F7 D4 47   // передача: 7 байт; 12:24:27:506 08.03.2018
// приём по количеству байт: 39 из 39
// принято с порта: 39 байт

01 00 27 00 F7 CD E0 F1 F2 F0 EE E9 EA E0 20 20 20 20 20 20 20 20 20 20 20 20 20 20 CE CA 20 20 20 20 20 20 20 56 CB   // прием: 39 байт; 12:24:27:576 08.03.2018
// таймаут: 70 мсек

Настройка       
       ОК       

CA E0 EB FE EC ED FB 20 

00 00 07 00 F7 D4 47   // передача: 7 байт; 12:24:28:066 08.03.2018
// приём по количеству байт: 39 из 39
// принято с порта: 39 байт

01 00 27 00 F7 CD E0 F1 F2 F0 EE E9 EA E0 20 20 20 20 20 20 20 20 20 20 20 20 20 20 CE CA 20 20 20 20 20 20 20 56 CB   // прием: 39 байт; 12:24:28:126 08.03.2018
// таймаут: 60 мсек

Настройка       
       ОК       

CA E0 EB FE EC ED FB 20 

00 00 08 00 F6 0C 45 DE   // передача: 8 байт; 12:24:28:146 08.03.2018
// приём по количеству байт: 9 из 9
// принято с порта: 9 байт

01 00 09 00 F6 00 00 37 F3   // прием: 9 байт; 12:24:28:176 08.03.2018
// таймаут: 30 мсек


CA E0 EB FE EC ED FB 20 

00 00 07 00 F7 D4 47   // передача: 7 байт; 12:24:28:176 08.03.2018
// приём по количеству байт: 39 из 39
// принято с порта: 39 байт

01 00 27 00 F7 CF F0 EE E3 F0 E0 EC EC E0 20 3F 20 20 20 20 20 3D 5F 5F 5F 20 20 20 20 20 20 20 20 20 20 20 20 1B 1E   // прием: 39 байт; 12:24:28:246 08.03.2018
// таймаут: 70 мсек

Программа ?     
=___            

CA E0 EB FE EC ED FB 20 

00 00 07 00 F7 D4 47   // передача: 7 байт; 12:24:28:756 08.03.2018

CA E0 EB FE EC ED FB 20 

00 00 08 00 F6 01 84 1B   // передача: 8 байт; 12:24:28:806 08.03.2018
// приём по количеству байт: 39 из 9
// принято с порта: 39 байт

01 00 27 00 F7 CF F0 EE E3 F0 E0 EC EC E0 20 3F 20 20 20 20 20 3D 5F 5F 5F 20 20 20 20 20 20 20 20 20 20 20 20 1B 1E   // прием: 39 байт; 12:24:28:816 08.03.2018
// таймаут: 10 мсек

// приём по количеству байт: 9 из 0
// принято с порта: 9 байт

01 00 09 00 F6 00 00 37 F3   // прием: 9 байт; 12:24:29:776 08.03.2018
// таймаут: 970 мсек


CA E0 EB FE EC ED FB 20 

00 00 08 00 F6 0C 45 DE   // передача: 8 байт; 12:24:30:956 08.03.2018
// приём по количеству байт: 9 из 9
// принято с порта: 9 байт

01 00 09 00 F6 00 00 37 F3   // прием: 9 байт; 12:24:30:996 08.03.2018
// таймаут: 40 мсек


CA E0 EB FE EC ED FB 20 

00 00 07 00 F7 D4 47   // передача: 7 байт; 12:24:30:996 08.03.2018
// приём по количеству байт: 39 из 39
// принято с порта: 39 байт

01 00 27 00 F7 CF F0 EE E3 F0 E0 EC EC E0 20 3F 20 20 20 20 20 3D 5F 5F 5F 20 20 20 20 20 20 20 20 20 20 20 20 1B 1E   // прием: 39 байт; 12:24:31:056 08.03.2018
// таймаут: 60 мсек

Программа ?     
=___            

CA E0 EB FE EC ED FB 20 

00 00 07 00 F7 D4 47   // передача: 7 байт; 12:24:31:576 08.03.2018
// приём по количеству байт: 39 из 39
// принято с порта: 39 байт

01 00 27 00 F7 CF F0 EE E3 F0 E0 EC EC E0 20 3F 20 20 20 20 20 3D 5F 5F 5F 20 20 20 20 20 20 20 20 20 20 20 20 1B 1E   // прием: 39 байт; 12:24:31:636 08.03.2018
// таймаут: 60 мсек

Программа ?     
=___            

CA E0 EB FE EC ED FB 20 

00 00 08 00 F6 01 84 1B   // передача: 8 байт; 12:24:31:926 08.03.2018
// приём по количеству байт: 9 из 9
// принято с порта: 9 байт

01 00 09 00 F6 00 00 37 F3   // прием: 9 байт; 12:24:31:966 08.03.2018
// таймаут: 40 мсек


CA E0 EB FE EC ED FB 20 

00 00 07 00 F7 D4 47   // передача: 7 байт; 12:24:31:966 08.03.2018
// приём по количеству байт: 39 из 39
// принято с порта: 39 байт

01 00 27 00 F7 CF F0 EE E3 F0 E0 EC EC E0 20 3F 20 20 20 20 20 3D 5F 5F 31 20 20 20 20 20 20 20 20 20 20 20 20 8C 30   // прием: 39 байт; 12:24:32:026 08.03.2018
// таймаут: 60 мсек

Программа ?     
=__1            

CA E0 EB FE EC ED FB 20 

00 00 07 00 F7 D4 47   // передача: 7 байт; 12:24:32:516 08.03.2018

CA E0 EB FE EC ED FB 20 

00 00 08 00 F6 09 85 DD   // передача: 8 байт; 12:24:32:546 08.03.2018
// приём по количеству байт: 24 из 9
// принято с порта: 24 байт

01 00 27 00 F7 CF F0 EE E3 F0 E0 EC EC E0 20 3F 20 20 20 20 20 3D 5F 5F   // прием: 24 байт; 12:24:32:556 08.03.2018
// таймаут: 10 мсек

// приём по количеству байт: 4 из 0
// принято с порта: 4 байт

31 20 20 20   // прием: 4 байт; 12:24:33:436 08.03.2018
// таймаут: 890 мсек

// приём по количеству байт: 9 из 0
// принято с порта: 9 байт

01 00 09 00 F6 00 00 37 F3   // прием: 9 байт; 12:24:33:896 08.03.2018
// таймаут: 1350 мсек


CA E0 EB FE EC ED FB 20 

00 00 07 00 F7 D4 47   // передача: 7 байт; 12:24:35:306 08.03.2018
// приём по количеству байт: 39 из 39
// принято с порта: 39 байт

01 00 27 00 F7 CF F0 EE E3 F0 E0 EC EC E0 20 3F 20 20 20 20 20 3D 5F 31 39 20 20 20 20 20 20 20 20 20 20 20 20 FC D6   // прием: 39 байт; 12:24:35:366 08.03.2018
// таймаут: 60 мсек

Программа ?     
=_19            

CA E0 EB FE EC ED FB 20 

00 00 07 00 F7 D4 47   // передача: 7 байт; 12:24:35:866 08.03.2018
// приём по количеству байт: 39 из 39
// принято с порта: 39 байт

01 00 27 00 F7 CF F0 EE E3 F0 E0 EC EC E0 20 3F 20 20 20 20 20 3D 5F 31 39 20 20 20 20 20 20 20 20 20 20 20 20 FC D6   // прием: 39 байт; 12:24:35:926 08.03.2018
// таймаут: 60 мсек

Программа ?     
=_19            

CA E0 EB FE EC ED FB 20 

00 00 08 00 F6 03 05 DA   // передача: 8 байт; 12:24:36:266 08.03.2018
// приём по количеству байт: 9 из 9
// принято с порта: 9 байт

01 00 09 00 F6 00 00 37 F3   // прием: 9 байт; 12:24:36:296 08.03.2018
// таймаут: 30 мсек


CA E0 EB FE EC ED FB 20 

00 00 07 00 F7 D4 47   // передача: 7 байт; 12:24:36:296 08.03.2018
// приём по количеству байт: 39 из 39
// принято с порта: 39 байт

01 00 27 00 F7 CF F0 EE E3 F0 E0 EC EC E0 20 3F 20 20 20 20 20 3D 31 39 33 20 20 20 20 20 20 20 20 20 20 20 20 03 38   // прием: 39 байт; 12:24:36:366 08.03.2018
// таймаут: 70 мсек

Программа ?     
=193            

CA E0 EB FE EC ED FB 20 

00 00 07 00 F7 D4 47   // передача: 7 байт; 12:24:36:886 08.03.2018
// приём по количеству байт: 39 из 39
// принято с порта: 39 байт

01 00 27 00 F7 CF F0 EE E3 F0 E0 EC EC E0 20 3F 20 20 20 20 20 3D 31 39 33 20 20 20 20 20 20 20 20 20 20 20 20 03 38   // прием: 39 байт; 12:24:36:946 08.03.2018
// таймаут: 60 мсек

Программа ?     
=193            

CA E0 EB FE EC ED FB 20 

00 00 08 00 F6 0D 84 1E   // передача: 8 байт; 12:24:36:966 08.03.2018
// приём по количеству байт: 9 из 9
// принято с порта: 9 байт

01 00 09 00 F6 00 00 37 F3   // прием: 9 байт; 12:24:37:006 08.03.2018
// таймаут: 40 мсек


CA E0 EB FE EC ED FB 20 

00 00 07 00 F7 D4 47   // передача: 7 байт; 12:24:37:006 08.03.2018
// приём по количеству байт: 39 из 39
// принято с порта: 39 байт

01 00 27 00 F7 20 20 20 C7 E0 E3 F0 F3 E6 E0 F2 FC 20 20 20 20 2E E4 E0 20 00 20 20 20 20 20 20 20 20 20 20 20 52 86   // прием: 39 байт; 12:24:37:066 08.03.2018
// таймаут: 60 мсек

   Загружать    
.да             

CA E0 EB FE EC ED FB 20 

00 00 07 00 F7 D4 47   // передача: 7 байт; 12:24:37:576 08.03.2018
// приём по количеству байт: 39 из 39
// принято с порта: 39 байт

01 00 27 00 F7 20 20 20 C7 E0 E3 F0 F3 E6 E0 F2 FC 20 20 20 20 2E E4 E0 20 00 20 20 20 20 20 20 20 20 20 20 20 52 86   // прием: 39 байт; 12:24:37:636 08.03.2018
// таймаут: 60 мсек

   Загружать    
.да             

CA E0 EB FE EC ED FB 20 

00 00 07 00 F7 D4 47   // передача: 7 байт; 12:24:38:136 08.03.2018
// приём по количеству байт: 39 из 39
// принято с порта: 39 байт

01 00 27 00 F7 20 20 20 C7 E0 E3 F0 F3 E6 E0 F2 FC 20 20 20 20 2E E4 E0 20 00 20 20 20 20 20 20 20 20 20 20 20 52 86   // прием: 39 байт; 12:24:38:196 08.03.2018
// таймаут: 60 мсек

   Загружать    
.да             

CA E0 EB FE EC ED FB 20 

00 00 07 00 F7 D4 47   // передача: 7 байт; 12:24:38:706 08.03.2018
// приём по количеству байт: 39 из 39
// принято с порта: 39 байт

01 00 27 00 F7 20 20 20 C7 E0 E3 F0 F3 E6 E0 F2 FC 20 20 20 20 2E E4 E0 20 00 20 20 20 20 20 20 20 20 20 20 20 52 86   // прием: 39 байт; 12:24:38:766 08.03.2018
// таймаут: 60 мсек

   Загружать    
.да             

CA E0 EB FE EC ED FB 20 

00 00 07 00 F7 D4 47   // передача: 7 байт; 12:24:38:836 08.03.2018
// приём по количеству байт: 39 из 39
// принято с порта: 39 байт

01 00 27 00 F7 20 20 20 C7 E0 E3 F0 F3 E6 E0 F2 FC 20 20 20 20 2E E4 E0 20 00 20 20 20 20 20 20 20 20 20 20 20 52 86   // прием: 39 байт; 12:24:38:906 08.03.2018
// таймаут: 70 мсек

   Загружать    
.да             

CA E0 EB FE EC ED FB 20 

00 00 07 00 F7 D4 47   // передача: 7 байт; 12:24:39:416 08.03.2018
// приём по количеству байт: 39 из 39
// принято с порта: 39 байт

01 00 27 00 F7 20 20 20 C7 E0 E3 F0 F3 E6 E0 F2 FC 20 20 20 20 2E E4 E0 20 00 20 20 20 20 20 20 20 20 20 20 20 52 86   // прием: 39 байт; 12:24:39:476 08.03.2018
// таймаут: 60 мсек

   Загружать    
.да             

CA E0 EB FE EC ED FB 20 

00 00 07 00 F7 D4 47   // передача: 7 байт; 12:24:39:986 08.03.2018
// приём по количеству байт: 39 из 39
// принято с порта: 39 байт

01 00 27 00 F7 20 20 20 C7 E0 E3 F0 F3 E6 E0 F2 FC 20 20 20 20 2E E4 E0 20 00 20 20 20 20 20 20 20 20 20 20 20 52 86   // прием: 39 байт; 12:24:40:046 08.03.2018
// таймаут: 60 мсек

   Загружать    
.да             

CA E0 EB FE EC ED FB 20 

00 00 07 00 F7 D4 47   // передача: 7 байт; 12:24:40:546 08.03.2018
// приём по количеству байт: 39 из 39
// принято с порта: 39 байт

01 00 27 00 F7 20 20 20 C7 E0 E3 F0 F3 E6 E0 F2 FC 20 20 20 20 2E E4 E0 20 00 20 20 20 20 20 20 20 20 20 20 20 52 86   // прием: 39 байт; 12:24:40:606 08.03.2018
// таймаут: 60 мсек

   Загружать    
.да             

CA E0 EB FE EC ED FB 20 

00 00 07 00 F7 D4 47   // передача: 7 байт; 12:24:40:626 08.03.2018
// приём по количеству байт: 39 из 39
// принято с порта: 39 байт

01 00 27 00 F7 20 20 20 C7 E0 E3 F0 F3 E6 E0 F2 FC 20 20 20 20 2E E4 E0 20 00 20 20 20 20 20 20 20 20 20 20 20 52 86   // прием: 39 байт; 12:24:40:696 08.03.2018
// таймаут: 70 мсек

   Загружать    
.да             

CA E0 EB FE EC ED FB 20 

00 00 07 00 F7 D4 47   // передача: 7 байт; 12:24:41:206 08.03.2018
// приём по количеству байт: 39 из 39
// принято с порта: 39 байт

01 00 27 00 F7 33 30 2D EC E8 ED 2E 20 E4 E0 ED ED FB E5 20 3F 2E E4 E0 20 00 20 20 20 20 20 20 20 20 20 20 20 B4 51   // прием: 39 байт; 12:24:41:266 08.03.2018
// таймаут: 60 мсек

30-мин. данные ?
.да             

CA E0 EB FE EC ED FB 20 

00 00 07 00 F7 D4 47   // передача: 7 байт; 12:24:41:786 08.03.2018
// приём по количеству байт: 39 из 39
// принято с порта: 39 байт

01 00 27 00 F7 33 30 2D EC E8 ED 2E 20 E4 E0 ED ED FB E5 20 3F 2E E4 E0 20 00 20 20 20 20 20 20 20 20 20 20 20 B4 51   // прием: 39 байт; 12:24:41:846 08.03.2018
// таймаут: 60 мсек

30-мин. данные ?
.да             

CA E0 EB FE EC ED FB 20 

00 00 07 00 F7 D4 47   // передача: 7 байт; 12:24:42:346 08.03.2018

CA E0 EB FE EC ED FB 20 

00 00 08 00 F6 0B 04 1C   // передача: 8 байт; 12:24:42:626 08.03.2018
// приём по количеству байт: 10 из 9
// принято с порта: 10 байт

01 00 27 00 F7 D0 E0 E1 EE F2   // прием: 10 байт; 12:24:42:636 08.03.2018
// таймаут: 10 мсек

// приём по количеству байт: 9 из 0
// принято с порта: 9 байт

01 00 09 00 F6 00 00 37 F3   // прием: 9 байт; 12:24:43:376 08.03.2018
// таймаут: 750 мсек


CA E0 EB FE EC ED FB 20 

00 00 07 00 F7 D4 47   // передача: 7 байт; 12:24:45:016 08.03.2018
// приём по количеству байт: 39 из 39
// принято с порта: 39 байт

01 00 27 00 F7 CD E5 EE E1 F5 EE E4 E8 EC EE 3A 20 20 20 20 20 20 20 20 EA ED EE EF EA E0 20 27 50 27 20 20 20 F9 0E   // прием: 39 байт; 12:24:45:076 08.03.2018
// таймаут: 60 мсек

Необходимо:     
   кнопка 'P'   

CA E0 EB FE EC ED FB 20 

00 00 07 00 F7 D4 47   // передача: 7 байт; 12:24:45:606 08.03.2018
// приём по количеству байт: 39 из 39
// принято с порта: 39 байт

01 00 27 00 F7 CD E5 EE E1 F5 EE E4 E8 EC EE 3A 20 20 20 20 20 20 20 20 EA ED EE EF EA E0 20 27 50 27 20 20 20 F9 0E   // прием: 39 байт; 12:24:45:666 08.03.2018
// таймаут: 60 мсек

Необходимо:     
   кнопка 'P'   

CA E0 EB FE EC ED FB 20 

00 00 07 00 F7 D4 47   // передача: 7 байт; 12:24:46:166 08.03.2018
// приём по количеству байт: 39 из 39
// принято с порта: 39 байт

01 00 27 00 F7 CD E5 EE E1 F5 EE E4 E8 EC EE 3A 20 20 20 20 20 20 20 20 EA ED EE EF EA E0 20 27 50 27 20 20 20 F9 0E   // прием: 39 байт; 12:24:46:226 08.03.2018
// таймаут: 60 мсек

Необходимо:     
   кнопка 'P'   

CA E0 EB FE EC ED FB 20 

00 00 08 00 F6 0C 45 DE   // передача: 8 байт; 12:24:46:386 08.03.2018
// приём по количеству байт: 9 из 9
// принято с порта: 9 байт

01 00 09 00 F6 00 00 37 F3   // прием: 9 байт; 12:24:46:426 08.03.2018
// таймаут: 40 мсек


CA E0 EB FE EC ED FB 20 

00 00 07 00 F7 D4 47   // передача: 7 байт; 12:24:46:426 08.03.2018
// приём по количеству байт: 39 из 39
// принято с порта: 39 байт

01 00 27 00 F7 CF F0 EE E3 F0 E0 EC EC E0 20 3F 20 20 20 20 20 3D 5F 5F 5F 20 20 20 20 20 20 20 20 20 20 20 20 1B 1E   // прием: 39 байт; 12:24:46:496 08.03.2018
// таймаут: 70 мсек

Программа ?     
=___            

CA E0 EB FE EC ED FB 20 

00 00 07 00 F7 D4 47   // передача: 7 байт; 12:24:47:006 08.03.2018
// приём по количеству байт: 39 из 39
// принято с порта: 39 байт

01 00 27 00 F7 CF F0 EE E3 F0 E0 EC EC E0 20 3F 20 20 20 20 20 3D 5F 5F 5F 20 20 20 20 20 20 20 20 20 20 20 20 1B 1E   // прием: 39 байт; 12:24:47:066 08.03.2018
// таймаут: 60 мсек

Программа ?     
=___            

CA E0 EB FE EC ED FB 20 

00 00 08 00 F6 01 84 1B   // передача: 8 байт; 12:24:47:206 08.03.2018
// приём по количеству байт: 9 из 9
// принято с порта: 9 байт

01 00 09 00 F6 00 00 37 F3   // прием: 9 байт; 12:24:47:246 08.03.2018
// таймаут: 40 мсек


CA E0 EB FE EC ED FB 20 

00 00 07 00 F7 D4 47   // передача: 7 байт; 12:24:47:246 08.03.2018
// приём по количеству байт: 39 из 39
// принято с порта: 39 байт

01 00 27 00 F7 CF F0 EE E3 F0 E0 EC EC E0 20 3F 20 20 20 20 20 3D 5F 5F 31 20 20 20 20 20 20 20 20 20 20 20 20 8C 30   // прием: 39 байт; 12:24:47:306 08.03.2018
// таймаут: 60 мсек

Программа ?     
=__1            

CA E0 EB FE EC ED FB 20 

00 00 07 00 F7 D4 47   // передача: 7 байт; 12:24:47:806 08.03.2018

CA E0 EB FE EC ED FB 20 

00 00 08 00 F6 09 85 DD   // передача: 8 байт; 12:24:47:856 08.03.2018
// приём по количеству байт: 32 из 9
// принято с порта: 32 байт

01 00 27 00 F7 CF F0 EE E3 F0 E0 EC EC E0 20 3F 20 20 20 20 20 3D 5F 5F 31 20 20 20 20 20 20 20   // прием: 32 байт; 12:24:47:856 08.03.2018
// таймаут: 0 мсек

// приём по количеству байт: 7 из 0
// принято с порта: 7 байт

20 20 20 20 20 8C 30   // прием: 7 байт; 12:24:48:856 08.03.2018
// таймаут: 1000 мсек

// приём по количеству байт: 9 из 0
// принято с порта: 9 байт

01 00 09 00 F6 00 00 37 F3   // прием: 9 байт; 12:24:49:356 08.03.2018
// таймаут: 1500 мсек


CA E0 EB FE EC ED FB 20 

00 00 07 00 F7 D4 47   // передача: 7 байт; 12:24:51:176 08.03.2018
// приём по количеству байт: 39 из 39
// принято с порта: 39 байт

01 00 27 00 F7 CF F0 EE E3 F0 E0 EC EC E0 20 3F 20 20 20 20 20 3D 5F 31 39 20 20 20 20 20 20 20 20 20 20 20 20 FC D6   // прием: 39 байт; 12:24:51:236 08.03.2018
// таймаут: 60 мсек

Программа ?     
=_19            

CA E0 EB FE EC ED FB 20 

00 00 07 00 F7 D4 47   // передача: 7 байт; 12:24:51:756 08.03.2018
// приём по количеству байт: 39 из 39
// принято с порта: 39 байт

01 00 27 00 F7 CF F0 EE E3 F0 E0 EC EC E0 20 3F 20 20 20 20 20 3D 5F 31 39 20 20 20 20 20 20 20 20 20 20 20 20 FC D6   // прием: 39 байт; 12:24:51:816 08.03.2018
// таймаут: 60 мсек

Программа ?     
=_19            

CA E0 EB FE EC ED FB 20 

00 00 08 00 F6 03 05 DA   // передача: 8 байт; 12:24:52:196 08.03.2018
// приём по количеству байт: 9 из 9
// принято с порта: 9 байт

01 00 09 00 F6 00 00 37 F3   // прием: 9 байт; 12:24:52:236 08.03.2018
// таймаут: 40 мсек


CA E0 EB FE EC ED FB 20 

00 00 07 00 F7 D4 47   // передача: 7 байт; 12:24:52:236 08.03.2018
// приём по количеству байт: 39 из 39
// принято с порта: 39 байт

01 00 27 00 F7 CF F0 EE E3 F0 E0 EC EC E0 20 3F 20 20 20 20 20 3D 31 39 33 20 20 20 20 20 20 20 20 20 20 20 20 03 38   // прием: 39 байт; 12:24:52:296 08.03.2018
// таймаут: 60 мсек

Программа ?     
=193            

CA E0 EB FE EC ED FB 20 

00 00 07 00 F7 D4 47   // передача: 7 байт; 12:24:52:816 08.03.2018
// приём по количеству байт: 39 из 39
// принято с порта: 39 байт

01 00 27 00 F7 CF F0 EE E3 F0 E0 EC EC E0 20 3F 20 20 20 20 20 3D 31 39 33 20 20 20 20 20 20 20 20 20 20 20 20 03 38   // прием: 39 байт; 12:24:52:876 08.03.2018
// таймаут: 60 мсек

Программа ?     
=193            

CA E0 EB FE EC ED FB 20 

00 00 08 00 F6 0D 84 1E   // передача: 8 байт; 12:24:52:936 08.03.2018
// приём по количеству байт: 9 из 9
// принято с порта: 9 байт

01 00 09 00 F6 00 00 37 F3   // прием: 9 байт; 12:24:52:966 08.03.2018
// таймаут: 30 мсек


CA E0 EB FE EC ED FB 20 

00 00 07 00 F7 D4 47   // передача: 7 байт; 12:24:52:966 08.03.2018
// приём по количеству байт: 39 из 39
// принято с порта: 39 байт

01 00 27 00 F7 20 20 20 C7 E0 E3 F0 F3 E6 E0 F2 FC 20 20 20 20 2E E4 E0 20 00 20 20 20 20 20 20 20 20 20 20 20 52 86   // прием: 39 байт; 12:24:53:036 08.03.2018
// таймаут: 70 мсек

   Загружать    
.да             

CA E0 EB FE EC ED FB 20 

00 00 07 00 F7 D4 47   // передача: 7 байт; 12:24:53:546 08.03.2018
// приём по количеству байт: 39 из 39
// принято с порта: 39 байт

01 00 27 00 F7 20 20 20 C7 E0 E3 F0 F3 E6 E0 F2 FC 20 20 20 20 2E E4 E0 20 00 20 20 20 20 20 20 20 20 20 20 20 52 86   // прием: 39 байт; 12:24:53:606 08.03.2018
// таймаут: 60 мсек

   Загружать    
.да             

CA E0 EB FE EC ED FB 20 

00 00 07 00 F7 D4 47   // передача: 7 байт; 12:24:54:126 08.03.2018
// приём по количеству байт: 39 из 39
// принято с порта: 39 байт

01 00 27 00 F7 20 20 20 C7 E0 E3 F0 F3 E6 E0 F2 FC 20 20 20 20 2E E4 E0 20 00 20 20 20 20 20 20 20 20 20 20 20 52 86   // прием: 39 байт; 12:24:54:186 08.03.2018
// таймаут: 60 мсек

   Загружать    
.да             

CA E0 EB FE EC ED FB 20 

00 00 08 00 F6 0B 04 1C   // передача: 8 байт; 12:24:54:246 08.03.2018
// приём по количеству байт: 9 из 9
// принято с порта: 9 байт

01 00 09 00 F6 00 00 37 F3   // прием: 9 байт; 12:24:54:286 08.03.2018
// таймаут: 40 мсек


CA E0 EB FE EC ED FB 20 

00 00 07 00 F7 D4 47   // передача: 7 байт; 12:24:54:286 08.03.2018
// приём по количеству байт: 39 из 39
// принято с порта: 39 байт

01 00 27 00 F7 20 20 20 C7 E0 E3 F0 F3 E6 E0 F2 FC 20 20 20 20 2E ED E5 F2 00 20 20 20 20 20 20 20 20 20 20 20 A6 56   // прием: 39 байт; 12:24:54:346 08.03.2018
// таймаут: 60 мсек

   Загружать    
.нет            

CA E0 EB FE EC ED FB 20 

00 00 07 00 F7 D4 47   // передача: 7 байт; 12:24:54:856 08.03.2018
// приём по количеству байт: 39 из 39
// принято с порта: 39 байт

01 00 27 00 F7 20 20 20 C7 E0 E3 F0 F3 E6 E0 F2 FC 20 20 20 20 2E ED E5 F2 00 20 20 20 20 20 20 20 20 20 20 20 A6 56   // прием: 39 байт; 12:24:54:916 08.03.2018
// таймаут: 60 мсек

   Загружать    
.нет            

CA E0 EB FE EC ED FB 20 

00 00 07 00 F7 D4 47   // передача: 7 байт; 12:24:55:416 08.03.2018
// приём по количеству байт: 39 из 39
// принято с порта: 39 байт

01 00 27 00 F7 20 20 20 C7 E0 E3 F0 F3 E6 E0 F2 FC 20 20 20 20 2E ED E5 F2 00 20 20 20 20 20 20 20 20 20 20 20 A6 56   // прием: 39 байт; 12:24:55:476 08.03.2018
// таймаут: 60 мсек

   Загружать    
.нет            

CA E0 EB FE EC ED FB 20 

00 00 08 00 F6 0C 45 DE   // передача: 8 байт; 12:24:55:516 08.03.2018
// приём по количеству байт: 9 из 9
// принято с порта: 9 байт

01 00 09 00 F6 00 00 37 F3   // прием: 9 байт; 12:24:55:556 08.03.2018
// таймаут: 40 мсек


CA E0 EB FE EC ED FB 20 

00 00 07 00 F7 D4 47   // передача: 7 байт; 12:24:55:556 08.03.2018
// приём по количеству байт: 39 из 39
// принято с порта: 39 байт

01 00 27 00 F7 CF F0 EE E3 F0 E0 EC EC E0 20 3F 20 20 20 20 20 3D 5F 5F 5F 20 20 20 20 20 20 20 20 20 20 20 20 1B 1E   // прием: 39 байт; 12:24:55:616 08.03.2018
// таймаут: 60 мсек

Программа ?     
=___            

CA E0 EB FE EC ED FB 20 

00 00 07 00 F7 D4 47   // передача: 7 байт; 12:24:56:116 08.03.2018
// приём по количеству байт: 39 из 39
// принято с порта: 39 байт

01 00 27 00 F7 CF F0 EE E3 F0 E0 EC EC E0 20 3F 20 20 20 20 20 3D 5F 5F 5F 20 20 20 20 20 20 20 20 20 20 20 20 1B 1E   // прием: 39 байт; 12:24:56:176 08.03.2018
// таймаут: 60 мсек

Программа ?     
=___            

CA E0 EB FE EC ED FB 20 

00 00 08 00 F6 01 84 1B   // передача: 8 байт; 12:24:56:186 08.03.2018
// приём по количеству байт: 9 из 9
// принято с порта: 9 байт

01 00 09 00 F6 00 00 37 F3   // прием: 9 байт; 12:24:56:216 08.03.2018
// таймаут: 30 мсек


CA E0 EB FE EC ED FB 20 

00 00 07 00 F7 D4 47   // передача: 7 байт; 12:24:56:216 08.03.2018
// приём по количеству байт: 39 из 39
// принято с порта: 39 байт

01 00 27 00 F7 CF F0 EE E3 F0 E0 EC EC E0 20 3F 20 20 20 20 20 3D 5F 5F 31 20 20 20 20 20 20 20 20 20 20 20 20 8C 30   // прием: 39 байт; 12:24:56:286 08.03.2018
// таймаут: 70 мсек

Программа ?     
=__1            

CA E0 EB FE EC ED FB 20 

00 00 07 00 F7 D4 47   // передача: 7 байт; 12:24:56:786 08.03.2018
// приём по количеству байт: 39 из 39
// принято с порта: 39 байт

01 00 27 00 F7 CF F0 EE E3 F0 E0 EC EC E0 20 3F 20 20 20 20 20 3D 5F 5F 31 20 20 20 20 20 20 20 20 20 20 20 20 8C 30   // прием: 39 байт; 12:24:56:846 08.03.2018
// таймаут: 60 мсек

Программа ?     
=__1            

CA E0 EB FE EC ED FB 20 

00 00 08 00 F6 05 85 D8   // передача: 8 байт; 12:24:56:856 08.03.2018
// приём по количеству байт: 9 из 9
// принято с порта: 9 байт

01 00 09 00 F6 00 00 37 F3   // прием: 9 байт; 12:24:56:886 08.03.2018
// таймаут: 30 мсек


CA E0 EB FE EC ED FB 20 

00 00 07 00 F7 D4 47   // передача: 7 байт; 12:24:56:886 08.03.2018
// приём по количеству байт: 39 из 39
// принято с порта: 39 байт

01 00 27 00 F7 CF F0 EE E3 F0 E0 EC EC E0 20 3F 20 20 20 20 20 3D 5F 31 35 20 20 20 20 20 20 20 20 20 20 20 20 ED 1A   // прием: 39 байт; 12:24:56:956 08.03.2018
// таймаут: 70 мсек

Программа ?     
=_15            

CA E0 EB FE EC ED FB 20 

00 00 07 00 F7 D4 47   // передача: 7 байт; 12:24:57:446 08.03.2018
// приём по количеству байт: 39 из 39
// принято с порта: 39 байт

01 00 27 00 F7 CF F0 EE E3 F0 E0 EC EC E0 20 3F 20 20 20 20 20 3D 5F 31 35 20 20 20 20 20 20 20 20 20 20 20 20 ED 1A   // прием: 39 байт; 12:24:57:506 08.03.2018
// таймаут: 60 мсек

Программа ?     
=_15            

CA E0 EB FE EC ED FB 20 

00 00 08 00 F6 0D 84 1E   // передача: 8 байт; 12:24:57:626 08.03.2018
// приём по количеству байт: 9 из 9
// принято с порта: 9 байт

01 00 09 00 F6 00 00 37 F3   // прием: 9 байт; 12:24:57:656 08.03.2018
// таймаут: 30 мсек


CA E0 EB FE EC ED FB 20 

00 00 07 00 F7 D4 47   // передача: 7 байт; 12:24:57:656 08.03.2018
// приём по количеству байт: 39 из 39
// принято с порта: 39 байт

01 00 27 00 F7 D0 E0 E1 EE F2 E0 20 20 20 20 20 20 20 20 20 20 20 20 20 20 20 20 20 CE CA 20 20 20 20 20 20 20 DE 07   // прием: 39 байт; 12:24:57:846 08.03.2018
// таймаут: 190 мсек

Работа          
       ОК       

CA E0 EB FE EC ED FB 20 

00 00 07 00 F7 D4 47   // передача: 7 байт; 12:24:58:346 08.03.2018
// приём по количеству байт: 39 из 39
// принято с порта: 39 байт

01 00 27 00 F7 D0 E0 E1 EE F2 E0 20 20 20 20 20 20 20 20 20 20 20 20 20 20 20 20 20 CE CA 20 20 20 20 20 20 20 DE 07   // прием: 39 байт; 12:24:58:406 08.03.2018
// таймаут: 60 мсек

Работа          
       ОК       

CA E0 EB FE EC ED FB 20 

00 00 07 00 F7 D4 47   // передача: 7 байт; 12:24:58:916 08.03.2018
// приём по количеству байт: 39 из 39
// принято с порта: 39 байт

01 00 27 00 F7 D0 E0 E1 EE F2 E0 20 20 20 20 20 20 20 20 20 20 20 20 20 20 20 20 20 CE CA 20 20 20 20 20 20 20 DE 07   // прием: 39 байт; 12:24:58:976 08.03.2018
// таймаут: 60 мсек

Работа          
       ОК       

CA E0 EB FE EC ED FB 20 

00 00 07 00 F7 D4 47   // передача: 7 байт; 12:24:59:476 08.03.2018

// О программе
