
CA E0 EB FE EC ED FB 20 

00 00 08 00 F6 0C 45 DE   // передача: 8 байт; 14:15:40:914 08.03.2018
// приём по количеству байт: 9 из 9
// принято с порта: 9 байт

01 00 09 00 F6 00 00 37 F3   // прием: 9 байт; 14:15:40:944 08.03.2018
// таймаут: 30 мсек


CA E0 EB FE EC ED FB 20 

00 00 07 00 F7 D4 47   // передача: 7 байт; 14:15:40:944 08.03.2018
// приём по количеству байт: 39 из 39
// принято с порта: 39 байт

01 00 27 00 F7 CF F0 EE E3 F0 E0 EC EC E0 20 3F 20 20 20 20 20 3E 5F 5F 5F 20 20 20 20 20 20 20 20 20 20 20 20 5B EF   // прием: 39 байт; 14:15:41:014 08.03.2018
// таймаут: 70 мсек

Программа ?     
>___            

CA E0 EB FE EC ED FB 20 

00 00 08 00 F6 01 84 1B   // передача: 8 байт; 14:15:41:914 08.03.2018
// приём по количеству байт: 9 из 9
// принято с порта: 9 байт

01 00 09 00 F6 00 00 37 F3   // прием: 9 байт; 14:15:41:954 08.03.2018
// таймаут: 40 мсек


CA E0 EB FE EC ED FB 20 

00 00 07 00 F7 D4 47   // передача: 7 байт; 14:15:41:954 08.03.2018
// приём по количеству байт: 39 из 39
// принято с порта: 39 байт

01 00 27 00 F7 CF F0 EE E3 F0 E0 EC EC E0 20 3F 20 20 20 20 20 3E 5F 5F 31 20 20 20 20 20 20 20 20 20 20 20 20 CC C1   // прием: 39 байт; 14:15:42:014 08.03.2018
// таймаут: 60 мсек

Программа ?     
>__1            

CA E0 EB FE EC ED FB 20 

00 00 08 00 F6 01 84 1B   // передача: 8 байт; 14:15:42:104 08.03.2018
// приём по количеству байт: 9 из 9
// принято с порта: 9 байт

01 00 09 00 F6 00 00 37 F3   // прием: 9 байт; 14:15:42:134 08.03.2018
// таймаут: 30 мсек


CA E0 EB FE EC ED FB 20 

00 00 07 00 F7 D4 47   // передача: 7 байт; 14:15:42:134 08.03.2018
// приём по количеству байт: 39 из 39
// принято с порта: 39 байт

01 00 27 00 F7 CF F0 EE E3 F0 E0 EC EC E0 20 3F 20 20 20 20 20 3E 5F 31 31 20 20 20 20 20 20 20 20 20 20 20 20 A3 6F   // прием: 39 байт; 14:15:42:204 08.03.2018
// таймаут: 70 мсек

Программа ?     
>_11            

CA E0 EB FE EC ED FB 20 

00 00 08 00 F6 0D 84 1E   // передача: 8 байт; 14:15:42:844 08.03.2018
// приём по количеству байт: 9 из 9
// принято с порта: 9 байт

01 00 09 00 F6 00 00 37 F3   // прием: 9 байт; 14:15:42:884 08.03.2018
// таймаут: 40 мсек


CA E0 EB FE EC ED FB 20 

00 00 07 00 F7 D4 47   // передача: 7 байт; 14:15:42:884 08.03.2018
// приём по количеству байт: 39 из 39
// принято с порта: 39 байт

01 00 27 00 F7 CF E0 F0 EE EB FC 20 20 20 20 20 20 20 20 20 20 20 20 20 2D 2D 2D 2D 2D 2D 2D 2D 2D 2D 20 20 20 3C A2   // прием: 39 байт; 14:15:42:944 08.03.2018
// таймаут: 60 мсек

Пароль          
   ----------   

CA E0 EB FE EC ED FB 20 

00 00 08 00 F6 0D 84 1E   // передача: 8 байт; 14:15:43:044 08.03.2018
// приём по количеству байт: 9 из 9
// принято с порта: 9 байт

01 00 09 00 F6 00 00 37 F3   // прием: 9 байт; 14:15:43:084 08.03.2018
// таймаут: 40 мсек


CA E0 EB FE EC ED FB 20 

00 00 07 00 F7 D4 47   // передача: 7 байт; 14:15:43:084 08.03.2018
// приём по количеству байт: 39 из 39
// принято с порта: 39 байт

01 00 27 00 F7 CD E0 F1 F2 F0 EE E9 EA E0 20 20 20 20 20 20 20 20 20 20 20 20 20 20 CE CA 20 20 20 20 20 20 20 56 CB   // прием: 39 байт; 14:15:43:144 08.03.2018
// таймаут: 60 мсек

Настройка       
       ОК       

CA E0 EB FE EC ED FB 20 

00 00 08 00 F6 0C 45 DE   // передача: 8 байт; 14:15:43:834 08.03.2018
// приём по количеству байт: 9 из 9
// принято с порта: 9 байт

01 00 09 00 F6 00 00 37 F3   // прием: 9 байт; 14:15:43:864 08.03.2018
// таймаут: 30 мсек


CA E0 EB FE EC ED FB 20 

00 00 07 00 F7 D4 47   // передача: 7 байт; 14:15:43:864 08.03.2018
// приём по количеству байт: 39 из 39
// принято с порта: 39 байт

01 00 27 00 F7 CF F0 EE E3 F0 E0 EC EC E0 20 3F 20 20 20 20 20 3D 5F 5F 5F 20 20 20 20 20 20 20 20 20 20 20 20 1B 1E   // прием: 39 байт; 14:15:43:934 08.03.2018
// таймаут: 70 мсек

Программа ?     
=___            

CA E0 EB FE EC ED FB 20 

00 00 08 00 F6 01 84 1B   // передача: 8 байт; 14:15:44:594 08.03.2018
// приём по количеству байт: 9 из 9
// принято с порта: 9 байт

01 00 09 00 F6 00 00 37 F3   // прием: 9 байт; 14:15:44:624 08.03.2018
// таймаут: 30 мсек


CA E0 EB FE EC ED FB 20 

00 00 07 00 F7 D4 47   // передача: 7 байт; 14:15:44:624 08.03.2018
// приём по количеству байт: 39 из 39
// принято с порта: 39 байт

01 00 27 00 F7 CF F0 EE E3 F0 E0 EC EC E0 20 3F 20 20 20 20 20 3D 5F 5F 31 20 20 20 20 20 20 20 20 20 20 20 20 8C 30   // прием: 39 байт; 14:15:44:694 08.03.2018
// таймаут: 70 мсек

Программа ?     
=__1            

CA E0 EB FE EC ED FB 20 

00 00 08 00 F6 08 44 1D   // передача: 8 байт; 14:15:45:194 08.03.2018
// приём по количеству байт: 9 из 9
// принято с порта: 9 байт

01 00 09 00 F6 00 00 37 F3   // прием: 9 байт; 14:15:45:224 08.03.2018
// таймаут: 30 мсек


CA E0 EB FE EC ED FB 20 

00 00 07 00 F7 D4 47   // передача: 7 байт; 14:15:45:224 08.03.2018
// приём по количеству байт: 39 из 39
// принято с порта: 39 байт

01 00 27 00 F7 CF F0 EE E3 F0 E0 EC EC E0 20 3F 20 20 20 20 20 3D 5F 31 38 20 20 20 20 20 20 20 20 20 20 20 20 FE 57   // прием: 39 байт; 14:15:45:294 08.03.2018
// таймаут: 70 мсек

Программа ?     
=_18            

CA E0 EB FE EC ED FB 20 

00 00 08 00 F6 04 44 18   // передача: 8 байт; 14:15:45:694 08.03.2018
// приём по количеству байт: 9 из 9
// принято с порта: 9 байт

01 00 09 00 F6 00 00 37 F3   // прием: 9 байт; 14:15:45:724 08.03.2018
// таймаут: 30 мсек


CA E0 EB FE EC ED FB 20 

00 00 07 00 F7 D4 47   // передача: 7 байт; 14:15:45:734 08.03.2018
// приём по количеству байт: 39 из 39
// принято с порта: 39 байт

01 00 27 00 F7 CF F0 EE E3 F0 E0 EC EC E0 20 3F 20 20 20 20 20 3D 31 38 34 20 20 20 20 20 20 20 20 20 20 20 20 08 BE   // прием: 39 байт; 14:15:45:794 08.03.2018
// таймаут: 60 мсек

Программа ?     
=184            

CA E0 EB FE EC ED FB 20 

00 00 08 00 F6 0D 84 1E   // передача: 8 байт; 14:15:46:314 08.03.2018
// приём по количеству байт: 9 из 9
// принято с порта: 9 байт

01 00 09 00 F6 00 00 37 F3   // прием: 9 байт; 14:15:46:354 08.03.2018
// таймаут: 40 мсек


CA E0 EB FE EC ED FB 20 

00 00 07 00 F7 D4 47   // передача: 7 байт; 14:15:46:354 08.03.2018
// приём по количеству байт: 39 из 39
// принято с порта: 39 байт

01 00 27 00 F7 C2 E5 F0 F5 ED FF FF 20 E3 F0 E0 ED E8 F6 E0 20 20 20 20 EA E0 ED E0 EB 20 3F 5F 5F 20 20 20 20 83 43   // прием: 39 байт; 14:15:46:414 08.03.2018
// таймаут: 60 мсек

Верхняя граница 
   канал ?__    

CA E0 EB FE EC ED FB 20 

00 00 08 00 F6 0D 84 1E   // передача: 8 байт; 14:15:46:914 08.03.2018
// приём по количеству байт: 9 из 9
// принято с порта: 9 байт

01 00 09 00 F6 00 00 37 F3   // прием: 9 байт; 14:15:46:954 08.03.2018
// таймаут: 40 мсек


CA E0 EB FE EC ED FB 20 

00 00 07 00 F7 D4 47   // передача: 7 байт; 14:15:46:954 08.03.2018
// приём по количеству байт: 39 из 39
// принято с порта: 39 байт

01 00 27 00 F7 C2 E5 F0 F5 ED FF FF 20 E3 F0 E0 ED E8 F6 E0 20 20 20 20 20 30 30 33 35 3A 30 31 00 20 20 20 31 CC 66   // прием: 39 байт; 14:15:47:014 08.03.2018
// таймаут: 60 мсек

Верхняя граница 
    0035:01    1

CA E0 EB FE EC ED FB 20 

00 00 08 00 F6 01 84 1B   // передача: 8 байт; 14:15:47:954 08.03.2018
// приём по количеству байт: 9 из 9
// принято с порта: 9 байт

01 00 09 00 F6 00 00 37 F3   // прием: 9 байт; 14:15:47:984 08.03.2018
// таймаут: 30 мсек


CA E0 EB FE EC ED FB 20 

00 00 07 00 F7 D4 47   // передача: 7 байт; 14:15:47:984 08.03.2018
// приём по количеству байт: 39 из 39
// принято с порта: 39 байт

01 00 27 00 F7 C2 E5 F0 F5 ED FF FF 20 E3 F0 E0 ED E8 F6 E0 20 20 20 20 20 5F 5F 5F 31 20 20 20 20 20 00 20 31 74 58   // прием: 39 байт; 14:15:48:054 08.03.2018
// таймаут: 70 мсек

Верхняя граница 
    ___1       1

CA E0 EB FE EC ED FB 20 

00 00 08 00 F6 0D 84 1E   // передача: 8 байт; 14:15:48:764 08.03.2018
// приём по количеству байт: 9 из 9
// принято с порта: 9 байт

01 00 09 00 F6 00 00 37 F3   // прием: 9 байт; 14:15:48:804 08.03.2018
// таймаут: 40 мсек


CA E0 EB FE EC ED FB 20 

00 00 07 00 F7 D4 47   // передача: 7 байт; 14:15:48:804 08.03.2018
// приём по количеству байт: 39 из 39
// принято с порта: 39 байт

01 00 27 00 F7 C2 E5 F0 F5 ED FF FF 20 E3 F0 E0 ED E8 F6 E0 20 20 20 20 20 30 30 30 31 3A 30 31 00 20 20 20 31 0E A9   // прием: 39 байт; 14:15:48:864 08.03.2018
// таймаут: 60 мсек

Верхняя граница 
    0001:01    1

CA E0 EB FE EC ED FB 20 

00 00 08 00 F6 0C 45 DE   // передача: 8 байт; 14:15:49:974 08.03.2018
// приём по количеству байт: 9 из 9
// принято с порта: 9 байт

01 00 09 00 F6 00 00 37 F3   // прием: 9 байт; 14:15:50:004 08.03.2018
// таймаут: 30 мсек


CA E0 EB FE EC ED FB 20 

00 00 07 00 F7 D4 47   // передача: 7 байт; 14:15:50:014 08.03.2018
// приём по количеству байт: 39 из 39
// принято с порта: 39 байт

01 00 27 00 F7 CF F0 EE E3 F0 E0 EC EC E0 20 3F 20 20 20 20 20 3D 5F 5F 5F 20 20 20 20 20 20 20 20 20 20 20 20 1B 1E   // прием: 39 байт; 14:15:50:074 08.03.2018
// таймаут: 60 мсек

Программа ?     
=___            

CA E0 EB FE EC ED FB 20 

00 00 08 00 F6 01 84 1B   // передача: 8 байт; 14:15:50:544 08.03.2018
// приём по количеству байт: 9 из 9
// принято с порта: 9 байт

01 00 09 00 F6 00 00 37 F3   // прием: 9 байт; 14:15:50:574 08.03.2018
// таймаут: 30 мсек


CA E0 EB FE EC ED FB 20 

00 00 07 00 F7 D4 47   // передача: 7 байт; 14:15:50:574 08.03.2018
// приём по количеству байт: 39 из 39
// принято с порта: 39 байт

01 00 27 00 F7 CF F0 EE E3 F0 E0 EC EC E0 20 3F 20 20 20 20 20 3D 5F 5F 31 20 20 20 20 20 20 20 20 20 20 20 20 8C 30   // прием: 39 байт; 14:15:50:644 08.03.2018
// таймаут: 70 мсек

Программа ?     
=__1            

CA E0 EB FE EC ED FB 20 

00 00 08 00 F6 09 85 DD   // передача: 8 байт; 14:15:51:484 08.03.2018
// приём по количеству байт: 9 из 9
// принято с порта: 9 байт

01 00 09 00 F6 00 00 37 F3   // прием: 9 байт; 14:15:51:524 08.03.2018
// таймаут: 40 мсек


CA E0 EB FE EC ED FB 20 

00 00 07 00 F7 D4 47   // передача: 7 байт; 14:15:51:524 08.03.2018
// приём по количеству байт: 39 из 39
// принято с порта: 39 байт

01 00 27 00 F7 CF F0 EE E3 F0 E0 EC EC E0 20 3F 20 20 20 20 20 3D 5F 31 39 20 20 20 20 20 20 20 20 20 20 20 20 FC D6   // прием: 39 байт; 14:15:51:584 08.03.2018
// таймаут: 60 мсек

Программа ?     
=_19            

CA E0 EB FE EC ED FB 20 

00 00 08 00 F6 03 05 DA   // передача: 8 байт; 14:15:51:954 08.03.2018
// приём по количеству байт: 9 из 9
// принято с порта: 9 байт

01 00 09 00 F6 00 00 37 F3   // прием: 9 байт; 14:15:51:994 08.03.2018
// таймаут: 40 мсек


CA E0 EB FE EC ED FB 20 

00 00 07 00 F7 D4 47   // передача: 7 байт; 14:15:51:994 08.03.2018
// приём по количеству байт: 39 из 39
// принято с порта: 39 байт

01 00 27 00 F7 CF F0 EE E3 F0 E0 EC EC E0 20 3F 20 20 20 20 20 3D 31 39 33 20 20 20 20 20 20 20 20 20 20 20 20 03 38   // прием: 39 байт; 14:15:52:054 08.03.2018
// таймаут: 60 мсек

Программа ?     
=193            

CA E0 EB FE EC ED FB 20 

00 00 08 00 F6 0D 84 1E   // передача: 8 байт; 14:15:52:764 08.03.2018
// приём по количеству байт: 9 из 9
// принято с порта: 9 байт

01 00 09 00 F6 00 00 37 F3   // прием: 9 байт; 14:15:52:804 08.03.2018
// таймаут: 40 мсек


CA E0 EB FE EC ED FB 20 

00 00 07 00 F7 D4 47   // передача: 7 байт; 14:15:52:804 08.03.2018
// приём по количеству байт: 39 из 39
// принято с порта: 39 байт

01 00 27 00 F7 20 20 20 C7 E0 E3 F0 F3 E6 E0 F2 FC 20 20 20 20 2E ED E5 F2 00 20 20 20 20 20 20 20 20 20 20 20 A6 56   // прием: 39 байт; 14:15:52:864 08.03.2018
// таймаут: 60 мсек

   Загружать    
.нет            

CA E0 EB FE EC ED FB 20 

00 00 08 00 F6 0B 04 1C   // передача: 8 байт; 14:15:53:344 08.03.2018
// приём по количеству байт: 9 из 9
// принято с порта: 9 байт

01 00 09 00 F6 00 00 37 F3   // прием: 9 байт; 14:15:53:374 08.03.2018
// таймаут: 30 мсек


CA E0 EB FE EC ED FB 20 

00 00 07 00 F7 D4 47   // передача: 7 байт; 14:15:53:374 08.03.2018
// приём по количеству байт: 39 из 39
// принято с порта: 39 байт

01 00 27 00 F7 20 20 20 C7 E0 E3 F0 F3 E6 E0 F2 FC 20 20 20 20 2E E4 E0 20 00 20 20 20 20 20 20 20 20 20 20 20 52 86   // прием: 39 байт; 14:15:53:444 08.03.2018
// таймаут: 70 мсек

   Загружать    
.да             

CA E0 EB FE EC ED FB 20 

00 00 08 00 F6 0C 45 DE   // передача: 8 байт; 14:15:54:234 08.03.2018
// приём по количеству байт: 9 из 9
// принято с порта: 9 байт

01 00 09 00 F6 00 00 37 F3   // прием: 9 байт; 14:15:54:274 08.03.2018
// таймаут: 40 мсек


CA E0 EB FE EC ED FB 20 

00 00 07 00 F7 D4 47   // передача: 7 байт; 14:15:54:274 08.03.2018
// приём по количеству байт: 39 из 39
// принято с порта: 39 байт

01 00 27 00 F7 CF F0 EE E3 F0 E0 EC EC E0 20 3F 20 20 20 20 20 3D 5F 5F 5F 20 20 20 20 20 20 20 20 20 20 20 20 1B 1E   // прием: 39 байт; 14:15:54:334 08.03.2018
// таймаут: 60 мсек

Программа ?     
=___            

CA E0 EB FE EC ED FB 20 

00 00 08 00 F6 01 84 1B   // передача: 8 байт; 14:15:54:954 08.03.2018
// приём по количеству байт: 9 из 9
// принято с порта: 9 байт

01 00 09 00 F6 00 00 37 F3   // прием: 9 байт; 14:15:54:984 08.03.2018
// таймаут: 30 мсек


CA E0 EB FE EC ED FB 20 

00 00 07 00 F7 D4 47   // передача: 7 байт; 14:15:54:984 08.03.2018
// приём по количеству байт: 39 из 39
// принято с порта: 39 байт

01 00 27 00 F7 CF F0 EE E3 F0 E0 EC EC E0 20 3F 20 20 20 20 20 3D 5F 5F 31 20 20 20 20 20 20 20 20 20 20 20 20 8C 30   // прием: 39 байт; 14:15:55:054 08.03.2018
// таймаут: 70 мсек

Программа ?     
=__1            

CA E0 EB FE EC ED FB 20 

00 00 08 00 F6 09 85 DD   // передача: 8 байт; 14:15:55:574 08.03.2018
// приём по количеству байт: 9 из 9
// принято с порта: 9 байт

01 00 09 00 F6 00 00 37 F3   // прием: 9 байт; 14:15:55:604 08.03.2018
// таймаут: 30 мсек


CA E0 EB FE EC ED FB 20 

00 00 07 00 F7 D4 47   // передача: 7 байт; 14:15:55:614 08.03.2018
// приём по количеству байт: 39 из 39
// принято с порта: 39 байт

01 00 27 00 F7 CF F0 EE E3 F0 E0 EC EC E0 20 3F 20 20 20 20 20 3D 5F 31 39 20 20 20 20 20 20 20 20 20 20 20 20 FC D6   // прием: 39 байт; 14:15:55:674 08.03.2018
// таймаут: 60 мсек

Программа ?     
=_19            

CA E0 EB FE EC ED FB 20 

00 00 08 00 F6 02 C4 1A   // передача: 8 байт; 14:15:56:094 08.03.2018
// приём по количеству байт: 9 из 9
// принято с порта: 9 байт

01 00 09 00 F6 00 00 37 F3   // прием: 9 байт; 14:15:56:124 08.03.2018
// таймаут: 30 мсек


CA E0 EB FE EC ED FB 20 

00 00 07 00 F7 D4 47   // передача: 7 байт; 14:15:56:134 08.03.2018
// приём по количеству байт: 39 из 39
// принято с порта: 39 байт

01 00 27 00 F7 CF F0 EE E3 F0 E0 EC EC E0 20 3F 20 20 20 20 20 3D 31 39 32 20 20 20 20 20 20 20 20 20 20 20 20 01 B9   // прием: 39 байт; 14:15:56:194 08.03.2018
// таймаут: 60 мсек

Программа ?     
=192            

CA E0 EB FE EC ED FB 20 

00 00 08 00 F6 0D 84 1E   // передача: 8 байт; 14:15:56:794 08.03.2018
// приём по количеству байт: 9 из 9
// принято с порта: 9 байт

01 00 09 00 F6 00 00 37 F3   // прием: 9 байт; 14:15:56:824 08.03.2018
// таймаут: 30 мсек


CA E0 EB FE EC ED FB 20 

00 00 07 00 F7 D4 47   // передача: 7 байт; 14:15:56:824 08.03.2018
// приём по количеству байт: 39 из 39
// принято с порта: 39 байт

01 00 27 00 F7 20 20 20 C7 E0 E3 F0 F3 E6 E0 F2 FC 20 20 20 20 2E E4 E0 20 00 20 20 20 20 20 20 20 20 20 20 20 52 86   // прием: 39 байт; 14:15:56:894 08.03.2018
// таймаут: 70 мсек

   Загружать    
.да             

CA E0 EB FE EC ED FB 20 

00 00 08 00 F6 0C 45 DE   // передача: 8 байт; 14:15:57:754 08.03.2018
// приём по количеству байт: 9 из 9
// принято с порта: 9 байт

01 00 09 00 F6 00 00 37 F3   // прием: 9 байт; 14:15:57:794 08.03.2018
// таймаут: 40 мсек


CA E0 EB FE EC ED FB 20 

00 00 07 00 F7 D4 47   // передача: 7 байт; 14:15:57:794 08.03.2018
// приём по количеству байт: 39 из 39
// принято с порта: 39 байт

01 00 27 00 F7 CF F0 EE E3 F0 E0 EC EC E0 20 3F 20 20 20 20 20 3D 5F 5F 5F 20 20 20 20 20 20 20 20 20 20 20 20 1B 1E   // прием: 39 байт; 14:15:57:854 08.03.2018
// таймаут: 60 мсек

Программа ?     
=___            

CA E0 EB FE EC ED FB 20 

00 00 08 00 F6 01 84 1B   // передача: 8 байт; 14:15:58:344 08.03.2018
// приём по количеству байт: 9 из 9
// принято с порта: 9 байт

01 00 09 00 F6 00 00 37 F3   // прием: 9 байт; 14:15:58:374 08.03.2018
// таймаут: 30 мсек


CA E0 EB FE EC ED FB 20 

00 00 07 00 F7 D4 47   // передача: 7 байт; 14:15:58:374 08.03.2018
// приём по количеству байт: 39 из 39
// принято с порта: 39 байт

01 00 27 00 F7 CF F0 EE E3 F0 E0 EC EC E0 20 3F 20 20 20 20 20 3D 5F 5F 31 20 20 20 20 20 20 20 20 20 20 20 20 8C 30   // прием: 39 байт; 14:15:58:444 08.03.2018
// таймаут: 70 мсек

Программа ?     
=__1            

CA E0 EB FE EC ED FB 20 

00 00 08 00 F6 09 85 DD   // передача: 8 байт; 14:15:58:904 08.03.2018
// приём по количеству байт: 9 из 9
// принято с порта: 9 байт

01 00 09 00 F6 00 00 37 F3   // прием: 9 байт; 14:15:58:934 08.03.2018
// таймаут: 30 мсек


CA E0 EB FE EC ED FB 20 

00 00 07 00 F7 D4 47   // передача: 7 байт; 14:15:58:934 08.03.2018
// приём по количеству байт: 39 из 39
// принято с порта: 39 байт

01 00 27 00 F7 CF F0 EE E3 F0 E0 EC EC E0 20 3F 20 20 20 20 20 3D 5F 31 39 20 20 20 20 20 20 20 20 20 20 20 20 FC D6   // прием: 39 байт; 14:15:59:004 08.03.2018
// таймаут: 70 мсек

Программа ?     
=_19            

CA E0 EB FE EC ED FB 20 

00 00 08 00 F6 03 05 DA   // передача: 8 байт; 14:15:59:454 08.03.2018
// приём по количеству байт: 9 из 9
// принято с порта: 9 байт

01 00 09 00 F6 00 00 37 F3   // прием: 9 байт; 14:15:59:484 08.03.2018
// таймаут: 30 мсек


CA E0 EB FE EC ED FB 20 

00 00 07 00 F7 D4 47   // передача: 7 байт; 14:15:59:494 08.03.2018
// приём по количеству байт: 39 из 39
// принято с порта: 39 байт

01 00 27 00 F7 CF F0 EE E3 F0 E0 EC EC E0 20 3F 20 20 20 20 20 3D 31 39 33 20 20 20 20 20 20 20 20 20 20 20 20 03 38   // прием: 39 байт; 14:15:59:554 08.03.2018
// таймаут: 60 мсек

Программа ?     
=193            

CA E0 EB FE EC ED FB 20 

00 00 08 00 F6 0D 84 1E   // передача: 8 байт; 14:16:00:114 08.03.2018
// приём по количеству байт: 9 из 9
// принято с порта: 9 байт

01 00 09 00 F6 00 00 37 F3   // прием: 9 байт; 14:16:00:144 08.03.2018
// таймаут: 30 мсек


CA E0 EB FE EC ED FB 20 

00 00 07 00 F7 D4 47   // передача: 7 байт; 14:16:00:144 08.03.2018
// приём по количеству байт: 39 из 39
// принято с порта: 39 байт

01 00 27 00 F7 20 20 20 C7 E0 E3 F0 F3 E6 E0 F2 FC 20 20 20 20 2E E4 E0 20 00 20 20 20 20 20 20 20 20 20 20 20 52 86   // прием: 39 байт; 14:16:00:214 08.03.2018
// таймаут: 70 мсек

   Загружать    
.да             

CA E0 EB FE EC ED FB 20 

00 00 08 00 F6 0C 45 DE   // передача: 8 байт; 14:16:00:884 08.03.2018
// приём по количеству байт: 9 из 9
// принято с порта: 9 байт

01 00 09 00 F6 00 00 37 F3   // прием: 9 байт; 14:16:00:924 08.03.2018
// таймаут: 40 мсек


CA E0 EB FE EC ED FB 20 

00 00 07 00 F7 D4 47   // передача: 7 байт; 14:16:00:924 08.03.2018
// приём по количеству байт: 39 из 39
// принято с порта: 39 байт

01 00 27 00 F7 CF F0 EE E3 F0 E0 EC EC E0 20 3F 20 20 20 20 20 3D 5F 5F 5F 20 20 20 20 20 20 20 20 20 20 20 20 1B 1E   // прием: 39 байт; 14:16:00:984 08.03.2018
// таймаут: 60 мсек

Программа ?     
=___            

CA E0 EB FE EC ED FB 20 

00 00 08 00 F6 01 84 1B   // передача: 8 байт; 14:16:01:464 08.03.2018
// приём по количеству байт: 9 из 9
// принято с порта: 9 байт

01 00 09 00 F6 00 00 37 F3   // прием: 9 байт; 14:16:01:494 08.03.2018
// таймаут: 30 мсек


CA E0 EB FE EC ED FB 20 

00 00 07 00 F7 D4 47   // передача: 7 байт; 14:16:01:494 08.03.2018
// приём по количеству байт: 39 из 39
// принято с порта: 39 байт

01 00 27 00 F7 CF F0 EE E3 F0 E0 EC EC E0 20 3F 20 20 20 20 20 3D 5F 5F 31 20 20 20 20 20 20 20 20 20 20 20 20 8C 30   // прием: 39 байт; 14:16:01:564 08.03.2018
// таймаут: 70 мсек

Программа ?     
=__1            

CA E0 EB FE EC ED FB 20 

00 00 08 00 F6 05 85 D8   // передача: 8 байт; 14:16:01:884 08.03.2018
// приём по количеству байт: 9 из 9
// принято с порта: 9 байт

01 00 09 00 F6 00 00 37 F3   // прием: 9 байт; 14:16:01:924 08.03.2018
// таймаут: 40 мсек


CA E0 EB FE EC ED FB 20 

00 00 07 00 F7 D4 47   // передача: 7 байт; 14:16:01:924 08.03.2018
// приём по количеству байт: 39 из 39
// принято с порта: 39 байт

01 00 27 00 F7 CF F0 EE E3 F0 E0 EC EC E0 20 3F 20 20 20 20 20 3D 5F 31 35 20 20 20 20 20 20 20 20 20 20 20 20 ED 1A   // прием: 39 байт; 14:16:01:984 08.03.2018
// таймаут: 60 мсек

Программа ?     
=_15            

CA E0 EB FE EC ED FB 20 

00 00 08 00 F6 0D 84 1E   // передача: 8 байт; 14:16:02:484 08.03.2018
// приём по количеству байт: 9 из 9
// принято с порта: 9 байт

01 00 09 00 F6 00 00 37 F3   // прием: 9 байт; 14:16:02:524 08.03.2018
// таймаут: 40 мсек


CA E0 EB FE EC ED FB 20 

00 00 07 00 F7 D4 47   // передача: 7 байт; 14:16:02:524 08.03.2018
// приём по количеству байт: 39 из 39
// принято с порта: 39 байт

01 00 27 00 F7 D0 E0 E1 EE F2 E0 20 20 20 20 20 20 20 20 20 20 20 20 20 20 20 20 20 CE CA 20 20 20 20 20 20 20 DE 07   // прием: 39 байт; 14:16:02:704 08.03.2018
// таймаут: 180 мсек

Работа          
       ОК       

CA E0 EB FE EC ED FB 20 

00 00 08 00 F6 0C 45 DE   // передача: 8 байт; 14:16:03:434 08.03.2018
// приём по количеству байт: 9 из 9
// принято с порта: 9 байт

01 00 09 00 F6 00 00 37 F3   // прием: 9 байт; 14:16:03:474 08.03.2018
// таймаут: 40 мсек


CA E0 EB FE EC ED FB 20 

00 00 07 00 F7 D4 47   // передача: 7 байт; 14:16:03:474 08.03.2018
// приём по количеству байт: 39 из 39
// принято с порта: 39 байт

01 00 27 00 F7 CF F0 EE E3 F0 E0 EC EC E0 20 3F 20 20 20 20 20 3E 5F 5F 5F 20 20 20 20 20 20 20 20 20 20 20 20 5B EF   // прием: 39 байт; 14:16:03:534 08.03.2018
// таймаут: 60 мсек

Программа ?     
>___            

CA E0 EB FE EC ED FB 20 

00 00 08 00 F6 01 84 1B   // передача: 8 байт; 14:16:04:004 08.03.2018
// приём по количеству байт: 9 из 9
// принято с порта: 9 байт

01 00 09 00 F6 00 00 37 F3   // прием: 9 байт; 14:16:04:044 08.03.2018
// таймаут: 40 мсек


CA E0 EB FE EC ED FB 20 

00 00 07 00 F7 D4 47   // передача: 7 байт; 14:16:04:044 08.03.2018
// приём по количеству байт: 39 из 39
// принято с порта: 39 байт

01 00 27 00 F7 CF F0 EE E3 F0 E0 EC EC E0 20 3F 20 20 20 20 20 3E 5F 5F 31 20 20 20 20 20 20 20 20 20 20 20 20 CC C1   // прием: 39 байт; 14:16:04:104 08.03.2018
// таймаут: 60 мсек

Программа ?     
>__1            

CA E0 EB FE EC ED FB 20 

00 00 08 00 F6 09 85 DD   // передача: 8 байт; 14:16:04:594 08.03.2018
// приём по количеству байт: 9 из 9
// принято с порта: 9 байт

01 00 09 00 F6 00 00 37 F3   // прием: 9 байт; 14:16:04:634 08.03.2018
// таймаут: 40 мсек


CA E0 EB FE EC ED FB 20 

00 00 07 00 F7 D4 47   // передача: 7 байт; 14:16:04:634 08.03.2018
// приём по количеству байт: 39 из 39
// принято с порта: 39 байт

01 00 27 00 F7 CF F0 EE E3 F0 E0 EC EC E0 20 3F 20 20 20 20 20 3E 5F 31 39 20 20 20 20 20 20 20 20 20 20 20 20 BC 27   // прием: 39 байт; 14:16:04:694 08.03.2018
// таймаут: 60 мсек

Программа ?     
>_19            

CA E0 EB FE EC ED FB 20 

00 00 08 00 F6 00 45 DB   // передача: 8 байт; 14:16:05:044 08.03.2018
// приём по количеству байт: 9 из 9
// принято с порта: 9 байт

01 00 09 00 F6 00 00 37 F3   // прием: 9 байт; 14:16:05:084 08.03.2018
// таймаут: 40 мсек


CA E0 EB FE EC ED FB 20 

00 00 07 00 F7 D4 47   // передача: 7 байт; 14:16:05:084 08.03.2018
// приём по количеству байт: 39 из 39
// принято с порта: 39 байт

01 00 27 00 F7 CF F0 EE E3 F0 E0 EC EC E0 20 3F 20 20 20 20 20 3E 31 39 30 20 20 20 20 20 20 20 20 20 20 20 20 46 0A   // прием: 39 байт; 14:16:05:144 08.03.2018
// таймаут: 60 мсек

Программа ?     
>190            

CA E0 EB FE EC ED FB 20 

00 00 08 00 F6 0D 84 1E   // передача: 8 байт; 14:16:06:704 08.03.2018
// приём по количеству байт: 9 из 9
// принято с порта: 9 байт

01 00 09 00 F6 00 00 37 F3   // прием: 9 байт; 14:16:06:734 08.03.2018
// таймаут: 30 мсек


CA E0 EB FE EC ED FB 20 

00 00 07 00 F7 D4 47   // передача: 7 байт; 14:16:06:734 08.03.2018

CA E0 EB FE EC ED FB 20 

00 00 07 00 F7 D4 47   // передача: 7 байт; 14:16:07:414 08.03.2018
// приём по количеству байт: 42 из 39
// принято с порта: 42 байт

01 00 27 00 F7 CA E0 ED E0 EB 01 00 27 00 F7 CA E0 ED E0 EB 3A 20 31 20 00 20 20 20 20 20 20 20 20 20 20 20 20 20 20 20 20 20   // прием: 42 байт; 14:16:07:464 08.03.2018
// таймаут: 50 мсек

// приём по количеству байт: 7 из 0
// принято с порта: 7 байт

20 20 20 20 20 0D EE   // прием: 7 байт; 14:16:08:384 08.03.2018
// таймаут: 970 мсек


CA E0 EB FE EC ED FB 20 

00 00 07 00 F7 D4 47   // передача: 7 байт; 14:16:09:824 08.03.2018
// приём по таймауту: 1000 мс
// принято с порта: 0 байт
повтор: 1

CA E0 EB FE EC ED FB 20 

00 00 07 00 F7 D4 47   // передача: 7 байт; 14:16:10:844 08.03.2018
// приём по количеству байт: 39 из 39
// принято с порта: 39 байт

01 00 27 00 F7 CA E0 ED E0 EB 3A 20 31 20 00 20 20 20 20 20 20 20 20 20 20 20 20 20 20 20 20 20 20 20 20 20 20 0D EE   // прием: 39 байт; 14:16:11:584 08.03.2018
// таймаут: 740 мсек

Канал: 1        
                

CA E0 EB FE EC ED FB 20 

00 00 07 00 F7 D4 47   // передача: 7 байт; 14:16:12:094 08.03.2018

CA E0 EB FE EC ED FB 20 

00 00 07 00 F7 D4 47   // передача: 7 байт; 14:16:12:274 08.03.2018
// приём по количеству байт: 39 из 39
// принято с порта: 39 байт

01 00 27 00 F7 CA E0 ED E0 EB 3A 20 31 20 00 20 20 20 20 20 20 20 EF EE E2 F2 EE F0 20 31 00 2E 2E 2E 20 20 20 37 C9   // прием: 39 байт; 14:16:12:484 08.03.2018
// таймаут: 210 мсек

Канал: 1        
 повтор 1 ...   

CA E0 EB FE EC ED FB 20 

00 00 07 00 F7 D4 47   // передача: 7 байт; 14:16:12:994 08.03.2018
// приём по таймауту: 1000 мс
// принято с порта: 0 байт
повтор: 1

CA E0 EB FE EC ED FB 20 

00 00 07 00 F7 D4 47   // передача: 7 байт; 14:16:14:004 08.03.2018
// приём по количеству байт: 39 из 39
// принято с порта: 39 байт

01 00 27 00 F7 CA E0 ED E0 EB 3A 20 31 20 00 20 20 20 20 20 20 20 EA EE F0 F0 E5 EA F6 E8 FF 3A 20 E5 F1 F2 FC 1B E3   // прием: 39 байт; 14:16:14:634 08.03.2018
// таймаут: 630 мсек

Канал: 1        
 коррекция: есть

CA E0 EB FE EC ED FB 20 

00 00 07 00 F7 D4 47   // передача: 7 байт; 14:16:15:164 08.03.2018
// приём по количеству байт: 39 из 39
// принято с порта: 39 байт

01 00 27 00 F7 CA E0 ED E0 EB 3A 20 31 20 00 20 20 20 20 20 20 20 EA EE F0 F0 E5 EA F6 E8 FF 3A 20 E5 F1 F2 FC 1B E3   // прием: 39 байт; 14:16:15:284 08.03.2018
// таймаут: 120 мсек

Канал: 1        
 коррекция: есть

CA E0 EB FE EC ED FB 20 

00 00 07 00 F7 D4 47   // передача: 7 байт; 14:16:15:804 08.03.2018
// приём по количеству байт: 39 из 39
// принято с порта: 39 байт

01 00 27 00 F7 CA E0 ED E0 EB 3A 20 31 20 00 20 20 20 20 20 20 20 EA EE F0 F0 E5 EA F6 E8 FF 3A 20 E5 F1 F2 FC 1B E3   // прием: 39 байт; 14:16:15:864 08.03.2018
// таймаут: 60 мсек

Канал: 1        
 коррекция: есть

CA E0 EB FE EC ED FB 20 

00 00 07 00 F7 D4 47   // передача: 7 байт; 14:16:16:384 08.03.2018
// приём по количеству байт: 39 из 39
// принято с порта: 39 байт

01 00 27 00 F7 CA E0 ED E0 EB 3A 20 31 20 00 20 20 20 20 20 20 20 EA EE F0 F0 E5 EA F6 E8 FF 3A 20 E5 F1 F2 FC 1B E3   // прием: 39 байт; 14:16:16:444 08.03.2018
// таймаут: 60 мсек

Канал: 1        
 коррекция: есть

CA E0 EB FE EC ED FB 20 

00 00 07 00 F7 D4 47   // передача: 7 байт; 14:16:16:954 08.03.2018
// приём по количеству байт: 39 из 39
// принято с порта: 39 байт

01 00 27 00 F7 CA E0 ED E0 EB 3A 20 31 20 00 20 20 20 20 20 20 20 EA EE F0 F0 E5 EA F6 E8 FF 3A 20 E5 F1 F2 FC 1B E3   // прием: 39 байт; 14:16:17:014 08.03.2018
// таймаут: 60 мсек

Канал: 1        
 коррекция: есть

CA E0 EB FE EC ED FB 20 

00 00 07 00 F7 D4 47   // передача: 7 байт; 14:16:17:514 08.03.2018
// приём по количеству байт: 39 из 39
// принято с порта: 39 байт

01 00 27 00 F7 CA E0 ED E0 EB 3A 20 31 20 00 20 20 20 20 20 20 20 EA EE F0 F0 E5 EA F6 E8 FF 3A 20 E5 F1 F2 FC 1B E3   // прием: 39 байт; 14:16:17:574 08.03.2018
// таймаут: 60 мсек

Канал: 1        
 коррекция: есть

CA E0 EB FE EC ED FB 20 

00 00 07 00 F7 D4 47   // передача: 7 байт; 14:16:18:064 08.03.2018
// приём по количеству байт: 39 из 39
// принято с порта: 39 байт

01 00 27 00 F7 CA E0 ED E0 EB 3A 20 31 20 00 20 20 20 20 20 20 20 EF EE E2 F2 EE F0 20 32 00 2E 2E 2E 20 20 20 77 DC   // прием: 39 байт; 14:16:18:654 08.03.2018
// таймаут: 590 мсек

Канал: 1        
 повтор 2 ...   

CA E0 EB FE EC ED FB 20 

00 00 07 00 F7 D4 47   // передача: 7 байт; 14:16:19:154 08.03.2018
// приём по количеству байт: 39 из 39
// принято с порта: 39 байт

01 00 27 00 F7 CA E0 ED E0 EB 3A 20 31 20 00 20 20 20 20 20 20 20 E1 E5 E7 20 EA EE F0 F0 E5 EA F6 E8 E8 20 20 98 5C   // прием: 39 байт; 14:16:20:124 08.03.2018
// таймаут: 970 мсек

Канал: 1        
 без коррекции  

CA E0 EB FE EC ED FB 20 

00 00 07 00 F7 D4 47   // передача: 7 байт; 14:16:20:634 08.03.2018
// приём по количеству байт: 39 из 39
// принято с порта: 39 байт

01 00 27 00 F7 CA E0 ED E0 EB 3A 20 31 20 00 20 20 20 20 20 20 20 E2 E5 F0 F1 E8 FF 20 32 2E 33 2E 31 00 20 20 68 ED   // прием: 39 байт; 14:16:20:924 08.03.2018
// таймаут: 290 мсек

Канал: 1        
 версия 2.3.1   

CA E0 EB FE EC ED FB 20 

00 00 07 00 F7 D4 47   // передача: 7 байт; 14:16:21:414 08.03.2018
// приём по количеству байт: 39 из 39
// принято с порта: 39 байт

01 00 27 00 F7 CA E0 ED E0 EB 3A 20 31 20 00 20 20 20 20 20 20 20 30 35 20 3F 20 20 31 36 2E 30 36 2E 31 37 00 65 FC   // прием: 39 байт; 14:16:21:474 08.03.2018
// таймаут: 60 мсек

Канал: 1        
 05 ?  16.06.17 

CA E0 EB FE EC ED FB 20 

00 00 07 00 F7 D4 47   // передача: 7 байт; 14:16:21:964 08.03.2018
// приём по количеству байт: 39 из 39
// принято с порта: 39 байт

01 00 27 00 F7 CA E0 ED E0 EB 3A 20 31 20 00 20 20 20 20 20 20 20 30 33 20 3F 20 20 31 36 2E 30 36 2E 31 37 00 63 FA   // прием: 39 байт; 14:16:22:024 08.03.2018
// таймаут: 60 мсек

Канал: 1        
 03 ?  16.06.17 

CA E0 EB FE EC ED FB 20 

00 00 07 00 F7 D4 47   // передача: 7 байт; 14:16:22:544 08.03.2018
// приём по количеству байт: 39 из 39
// принято с порта: 39 байт

01 00 27 00 F7 CA E0 ED E0 EB 3A 20 31 20 00 20 20 20 20 20 20 20 30 31 20 3F 20 20 31 36 2E 30 36 2E 31 37 00 60 38   // прием: 39 байт; 14:16:22:604 08.03.2018
// таймаут: 60 мсек

Канал: 1        
 01 ?  16.06.17 

CA E0 EB FE EC ED FB 20 

00 00 07 00 F7 D4 47   // передача: 7 байт; 14:16:23:114 08.03.2018
// приём по количеству байт: 39 из 39
// принято с порта: 39 байт

01 00 27 00 F7 CA E0 ED E0 EB 3A 20 31 20 00 20 20 20 20 20 20 20 32 33 20 3F 20 20 31 35 2E 30 36 2E 31 37 00 A1 EE   // прием: 39 байт; 14:16:23:174 08.03.2018
// таймаут: 60 мсек

Канал: 1        
 23 ?  15.06.17 

CA E0 EB FE EC ED FB 20 

00 00 07 00 F7 D4 47   // передача: 7 байт; 14:16:23:684 08.03.2018
// приём по количеству байт: 39 из 39
// принято с порта: 39 байт

01 00 27 00 F7 CA E0 ED E0 EB 3A 20 31 20 00 20 20 20 20 20 20 20 32 31 20 3F 20 20 31 35 2E 30 36 2E 31 37 00 A2 2C   // прием: 39 байт; 14:16:23:744 08.03.2018
// таймаут: 60 мсек

Канал: 1        
 21 ?  15.06.17 

CA E0 EB FE EC ED FB 20 

00 00 07 00 F7 D4 47   // передача: 7 байт; 14:16:24:254 08.03.2018
// приём по количеству байт: 39 из 39
// принято с порта: 39 байт

01 00 27 00 F7 CA E0 ED E0 EB 3A 20 31 20 00 20 20 20 20 20 20 20 31 39 20 3F 20 20 31 35 2E 30 36 2E 31 37 00 E8 E5   // прием: 39 байт; 14:16:24:314 08.03.2018
// таймаут: 60 мсек

Канал: 1        
 19 ?  15.06.17 

CA E0 EB FE EC ED FB 20 

00 00 07 00 F7 D4 47   // передача: 7 байт; 14:16:24:814 08.03.2018
// приём по количеству байт: 39 из 39
// принято с порта: 39 байт

01 00 27 00 F7 CA E0 ED E0 EB 3A 20 31 20 00 20 20 20 20 20 20 20 31 37 20 3F 20 20 31 35 2E 30 36 2E 31 37 00 E7 2B   // прием: 39 байт; 14:16:24:874 08.03.2018
// таймаут: 60 мсек

Канал: 1        
 17 ?  15.06.17 

CA E0 EB FE EC ED FB 20 

00 00 07 00 F7 D4 47   // передача: 7 байт; 14:16:25:384 08.03.2018
// приём по количеству байт: 39 из 39
// принято с порта: 39 байт

01 00 27 00 F7 CA E0 ED E0 EB 3A 20 31 20 00 20 20 20 20 20 20 20 31 35 20 3F 20 20 31 35 2E 30 36 2E 31 37 00 E4 E9   // прием: 39 байт; 14:16:25:444 08.03.2018
// таймаут: 60 мсек

Канал: 1        
 15 ?  15.06.17 

CA E0 EB FE EC ED FB 20 

00 00 07 00 F7 D4 47   // передача: 7 байт; 14:16:25:944 08.03.2018
// приём по количеству байт: 39 из 39
// принято с порта: 39 байт

01 00 27 00 F7 CA E0 ED E0 EB 3A 20 31 20 00 20 20 20 20 20 20 20 31 33 20 3F 20 20 31 35 2E 30 36 2E 31 37 00 E2 EF   // прием: 39 байт; 14:16:26:004 08.03.2018
// таймаут: 60 мсек

Канал: 1        
 13 ?  15.06.17 

CA E0 EB FE EC ED FB 20 

00 00 07 00 F7 D4 47   // передача: 7 байт; 14:16:26:524 08.03.2018
// приём по количеству байт: 39 из 39
// принято с порта: 39 байт

01 00 27 00 F7 CA E0 ED E0 EB 3A 20 31 20 00 20 20 20 20 20 20 20 31 31 20 3F 20 20 31 35 2E 30 36 2E 31 37 00 E1 2D   // прием: 39 байт; 14:16:26:584 08.03.2018
// таймаут: 60 мсек

Канал: 1        
 11 ?  15.06.17 

CA E0 EB FE EC ED FB 20 

00 00 07 00 F7 D4 47   // передача: 7 байт; 14:16:27:094 08.03.2018
// приём по количеству байт: 39 из 39
// принято с порта: 39 байт

01 00 27 00 F7 CA E0 ED E0 EB 3A 20 31 20 00 20 20 20 20 20 20 20 30 39 20 3F 20 20 31 35 2E 30 36 2E 31 37 00 29 E5   // прием: 39 байт; 14:16:27:154 08.03.2018
// таймаут: 60 мсек

Канал: 1        
 09 ?  15.06.17 

CA E0 EB FE EC ED FB 20 

00 00 07 00 F7 D4 47   // передача: 7 байт; 14:16:27:654 08.03.2018
// приём по количеству байт: 39 из 39
// принято с порта: 39 байт

01 00 27 00 F7 CA E0 ED E0 EB 3A 20 31 20 00 20 20 20 20 20 20 20 30 37 20 3F 20 20 31 35 2E 30 36 2E 31 37 00 26 2B   // прием: 39 байт; 14:16:27:714 08.03.2018
// таймаут: 60 мсек

Канал: 1        
 07 ?  15.06.17 

CA E0 EB FE EC ED FB 20 

00 00 07 00 F7 D4 47   // передача: 7 байт; 14:16:28:204 08.03.2018
// приём по количеству байт: 39 из 39
// принято с порта: 39 байт

01 00 27 00 F7 CA E0 ED E0 EB 3A 20 31 20 00 20 20 20 20 20 20 20 30 35 20 3F 20 20 31 35 2E 30 36 2E 31 37 00 25 E9   // прием: 39 байт; 14:16:28:264 08.03.2018
// таймаут: 60 мсек

Канал: 1        
 05 ?  15.06.17 

CA E0 EB FE EC ED FB 20 

00 00 07 00 F7 D4 47   // передача: 7 байт; 14:16:28:784 08.03.2018
// приём по количеству байт: 39 из 39
// принято с порта: 39 байт

01 00 27 00 F7 CA E0 ED E0 EB 3A 20 31 20 00 20 20 20 20 20 20 20 30 33 20 3F 20 20 31 35 2E 30 36 2E 31 37 00 23 EF   // прием: 39 байт; 14:16:28:844 08.03.2018
// таймаут: 60 мсек

Канал: 1        
 03 ?  15.06.17 

CA E0 EB FE EC ED FB 20 

00 00 07 00 F7 D4 47   // передача: 7 байт; 14:16:29:354 08.03.2018
// приём по количеству байт: 39 из 39
// принято с порта: 39 байт

01 00 27 00 F7 CA E0 ED E0 EB 3A 20 31 20 00 20 20 20 20 20 20 20 30 31 20 3F 20 20 31 35 2E 30 36 2E 31 37 00 20 2D   // прием: 39 байт; 14:16:29:414 08.03.2018
// таймаут: 60 мсек

Канал: 1        
 01 ?  15.06.17 

CA E0 EB FE EC ED FB 20 

00 00 07 00 F7 D4 47   // передача: 7 байт; 14:16:29:924 08.03.2018
// приём по количеству байт: 39 из 39
// принято с порта: 39 байт

01 00 27 00 F7 CA E0 ED E0 EB 3A 20 31 20 00 20 20 20 20 20 20 20 32 33 20 3F 20 20 31 34 2E 30 36 2E 31 37 00 60 22   // прием: 39 байт; 14:16:29:984 08.03.2018
// таймаут: 60 мсек

Канал: 1        
 23 ?  14.06.17 

CA E0 EB FE EC ED FB 20 

00 00 07 00 F7 D4 47   // передача: 7 байт; 14:16:30:494 08.03.2018
// приём по количеству байт: 39 из 39
// принято с порта: 39 байт

01 00 27 00 F7 CA E0 ED E0 EB 3A 20 31 20 00 20 20 20 20 20 20 20 32 31 20 3F 20 20 31 34 2E 30 36 2E 31 37 00 63 E0   // прием: 39 байт; 14:16:30:554 08.03.2018
// таймаут: 60 мсек

Канал: 1        
 21 ?  14.06.17 

CA E0 EB FE EC ED FB 20 

00 00 07 00 F7 D4 47   // передача: 7 байт; 14:16:31:054 08.03.2018
// приём по количеству байт: 39 из 39
// принято с порта: 39 байт

01 00 27 00 F7 CA E0 ED E0 EB 3A 20 31 20 00 20 20 20 20 20 20 20 31 39 20 3F 20 20 31 34 2E 30 36 2E 31 37 00 29 29   // прием: 39 байт; 14:16:31:114 08.03.2018
// таймаут: 60 мсек

Канал: 1        
 19 ?  14.06.17 

CA E0 EB FE EC ED FB 20 

00 00 07 00 F7 D4 47   // передача: 7 байт; 14:16:31:624 08.03.2018
// приём по количеству байт: 39 из 39
// принято с порта: 39 байт

01 00 27 00 F7 CA E0 ED E0 EB 3A 20 31 20 00 20 20 20 20 20 20 20 31 37 20 3F 20 20 31 34 2E 30 36 2E 31 37 00 26 E7   // прием: 39 байт; 14:16:31:684 08.03.2018
// таймаут: 60 мсек

Канал: 1        
 17 ?  14.06.17 

CA E0 EB FE EC ED FB 20 

00 00 07 00 F7 D4 47   // передача: 7 байт; 14:16:32:184 08.03.2018
// приём по количеству байт: 39 из 39
// принято с порта: 39 байт

01 00 27 00 F7 CA E0 ED E0 EB 3A 20 31 20 00 20 20 20 20 20 20 20 31 35 20 3F 20 20 31 34 2E 30 36 2E 31 37 00 25 25   // прием: 39 байт; 14:16:32:244 08.03.2018
// таймаут: 60 мсек

Канал: 1        
 15 ?  14.06.17 

CA E0 EB FE EC ED FB 20 

00 00 07 00 F7 D4 47   // передача: 7 байт; 14:16:32:764 08.03.2018
// приём по количеству байт: 39 из 39
// принято с порта: 39 байт

01 00 27 00 F7 CA E0 ED E0 EB 3A 20 31 20 00 20 20 20 20 20 20 20 31 33 20 3F 20 20 31 34 2E 30 36 2E 31 37 00 23 23   // прием: 39 байт; 14:16:32:824 08.03.2018
// таймаут: 60 мсек

Канал: 1        
 13 ?  14.06.17 

CA E0 EB FE EC ED FB 20 

00 00 07 00 F7 D4 47   // передача: 7 байт; 14:16:33:334 08.03.2018
// приём по количеству байт: 39 из 39
// принято с порта: 39 байт

01 00 27 00 F7 CA E0 ED E0 EB 3A 20 31 20 00 20 20 20 20 20 20 20 31 39 20 3F 20 20 30 37 2E 30 39 2E 31 37 00 30 AD   // прием: 39 байт; 14:16:33:394 08.03.2018
// таймаут: 60 мсек

Канал: 1        
 19 ?  07.09.17 

CA E0 EB FE EC ED FB 20 

00 00 07 00 F7 D4 47   // передача: 7 байт; 14:16:33:894 08.03.2018
// приём по количеству байт: 39 из 39
// принято с порта: 39 байт

01 00 27 00 F7 CA E0 ED E0 EB 3A 20 31 20 00 20 20 20 20 20 20 20 31 38 20 3F 20 20 30 37 2E 30 39 2E 31 37 00 30 6C   // прием: 39 байт; 14:16:33:954 08.03.2018
// таймаут: 60 мсек

Канал: 1        
 18 ?  07.09.17 

CA E0 EB FE EC ED FB 20 

00 00 07 00 F7 D4 47   // передача: 7 байт; 14:16:34:444 08.03.2018
// приём по количеству байт: 39 из 39
// принято с порта: 39 байт

01 00 27 00 F7 CA E0 ED E0 EB 3A 20 31 20 00 20 20 20 20 20 20 20 31 36 20 3F 20 20 30 37 2E 30 39 2E 31 37 00 3F A2   // прием: 39 байт; 14:16:34:504 08.03.2018
// таймаут: 60 мсек

Канал: 1        
 16 ?  07.09.17 

CA E0 EB FE EC ED FB 20 

00 00 07 00 F7 D4 47   // передача: 7 байт; 14:16:35:024 08.03.2018
// приём по количеству байт: 39 из 39
// принято с порта: 39 байт

01 00 27 00 F7 CA E0 ED E0 EB 3A 20 31 20 00 20 20 20 20 20 20 20 31 34 20 3F 20 20 30 37 2E 30 39 2E 31 37 00 3C 60   // прием: 39 байт; 14:16:35:084 08.03.2018
// таймаут: 60 мсек

Канал: 1        
 14 ?  07.09.17 

CA E0 EB FE EC ED FB 20 

00 00 07 00 F7 D4 47   // передача: 7 байт; 14:16:35:594 08.03.2018
// приём по количеству байт: 39 из 39
// принято с порта: 39 байт

01 00 27 00 F7 CA E0 ED E0 EB 3A 20 31 20 00 20 20 20 20 20 20 20 31 32 20 3F 20 20 30 37 2E 30 39 2E 31 37 00 3A 66   // прием: 39 байт; 14:16:35:654 08.03.2018
// таймаут: 60 мсек

Канал: 1        
 12 ?  07.09.17 

CA E0 EB FE EC ED FB 20 

00 00 07 00 F7 D4 47   // передача: 7 байт; 14:16:36:164 08.03.2018
// приём по количеству байт: 39 из 39
// принято с порта: 39 байт

01 00 27 00 F7 CA E0 ED E0 EB 3A 20 31 20 00 20 20 20 20 20 20 20 31 30 20 3F 20 20 30 37 2E 30 39 2E 31 37 00 39 A4   // прием: 39 байт; 14:16:36:224 08.03.2018
// таймаут: 60 мсек

Канал: 1        
 10 ?  07.09.17 

CA E0 EB FE EC ED FB 20 

00 00 07 00 F7 D4 47   // передача: 7 байт; 14:16:36:734 08.03.2018
// приём по количеству байт: 39 из 39
// принято с порта: 39 байт

01 00 27 00 F7 CA E0 ED E0 EB 3A 20 31 20 00 20 20 20 20 20 20 20 30 30 20 3F 20 20 31 34 2E 30 36 2E 31 37 00 E1 20   // прием: 39 байт; 14:16:36:794 08.03.2018
// таймаут: 60 мсек

Канал: 1        
 00 ?  14.06.17 

CA E0 EB FE EC ED FB 20 

00 00 07 00 F7 D4 47   // передача: 7 байт; 14:16:37:294 08.03.2018
// приём по количеству байт: 39 из 39
// принято с порта: 39 байт

01 00 27 00 F7 CA E0 ED E0 EB 3A 20 31 20 00 20 20 20 20 20 20 20 32 32 20 3F 20 20 31 33 2E 30 36 2E 31 37 00 21 05   // прием: 39 байт; 14:16:37:354 08.03.2018
// таймаут: 60 мсек

Канал: 1        
 22 ?  13.06.17 

CA E0 EB FE EC ED FB 20 

00 00 07 00 F7 D4 47   // передача: 7 байт; 14:16:37:864 08.03.2018
// приём по количеству байт: 39 из 39
// принято с порта: 39 байт

01 00 27 00 F7 CA E0 ED E0 EB 3A 20 31 20 00 20 20 20 20 20 20 20 32 30 20 3F 20 20 31 33 2E 30 36 2E 31 37 00 22 C7   // прием: 39 байт; 14:16:37:924 08.03.2018
// таймаут: 60 мсек

Канал: 1        
 20 ?  13.06.17 

CA E0 EB FE EC ED FB 20 

00 00 07 00 F7 D4 47   // передача: 7 байт; 14:16:38:424 08.03.2018
// приём по количеству байт: 39 из 39
// принято с порта: 39 байт

01 00 27 00 F7 CA E0 ED E0 EB 3A 20 31 20 00 20 20 20 20 20 20 20 31 38 20 3F 20 20 31 33 2E 30 36 2E 31 37 00 68 0E   // прием: 39 байт; 14:16:38:484 08.03.2018
// таймаут: 60 мсек

Канал: 1        
 18 ?  13.06.17 

CA E0 EB FE EC ED FB 20 

00 00 07 00 F7 D4 47   // передача: 7 байт; 14:16:39:004 08.03.2018
// приём по количеству байт: 39 из 39
// принято с порта: 39 байт

01 00 27 00 F7 CA E0 ED E0 EB 3A 20 31 20 00 20 20 20 20 20 20 20 31 36 20 3F 20 20 31 33 2E 30 36 2E 31 37 00 67 C0   // прием: 39 байт; 14:16:39:064 08.03.2018
// таймаут: 60 мсек

Канал: 1        
 16 ?  13.06.17 

CA E0 EB FE EC ED FB 20 

00 00 07 00 F7 D4 47   // передача: 7 байт; 14:16:39:574 08.03.2018
// приём по количеству байт: 39 из 39
// принято с порта: 39 байт

01 00 27 00 F7 CA E0 ED E0 EB 3A 20 31 20 00 20 20 20 20 20 20 20 31 34 20 3F 20 20 31 33 2E 30 36 2E 31 37 00 64 02   // прием: 39 байт; 14:16:39:634 08.03.2018
// таймаут: 60 мсек

Канал: 1        
 14 ?  13.06.17 

CA E0 EB FE EC ED FB 20 

00 00 07 00 F7 D4 47   // передача: 7 байт; 14:16:40:134 08.03.2018
// приём по количеству байт: 39 из 39
// принято с порта: 39 байт

01 00 27 00 F7 CA E0 ED E0 EB 3A 20 31 20 00 20 20 20 20 20 20 20 31 32 20 3F 20 20 31 33 2E 30 36 2E 31 37 00 62 04   // прием: 39 байт; 14:16:40:194 08.03.2018
// таймаут: 60 мсек

Канал: 1        
 12 ?  13.06.17 

CA E0 EB FE EC ED FB 20 

00 00 07 00 F7 D4 47   // передача: 7 байт; 14:16:40:684 08.03.2018
// приём по количеству байт: 39 из 39
// принято с порта: 39 байт

01 00 27 00 F7 CA E0 ED E0 EB 3A 20 31 20 00 20 20 20 20 20 20 20 31 30 20 3F 20 20 31 33 2E 30 36 2E 31 37 00 61 C6   // прием: 39 байт; 14:16:40:744 08.03.2018
// таймаут: 60 мсек

Канал: 1        
 10 ?  13.06.17 

CA E0 EB FE EC ED FB 20 

00 00 07 00 F7 D4 47   // передача: 7 байт; 14:16:41:264 08.03.2018
// приём по количеству байт: 39 из 39
// принято с порта: 39 байт

01 00 27 00 F7 CA E0 ED E0 EB 3A 20 31 20 00 20 20 20 20 20 20 20 31 36 20 3F 20 20 30 36 2E 30 39 2E 31 37 00 FE 6E   // прием: 39 байт; 14:16:41:324 08.03.2018
// таймаут: 60 мсек

Канал: 1        
 16 ?  06.09.17 

CA E0 EB FE EC ED FB 20 

00 00 07 00 F7 D4 47   // передача: 7 байт; 14:16:41:824 08.03.2018
// приём по количеству байт: 39 из 39
// принято с порта: 39 байт

01 00 27 00 F7 CA E0 ED E0 EB 3A 20 31 20 00 20 20 20 20 20 20 20 30 36 20 3F 20 20 31 33 2E 30 36 2E 31 37 00 A6 C0   // прием: 39 байт; 14:16:41:884 08.03.2018
// таймаут: 60 мсек

Канал: 1        
 06 ?  13.06.17 

CA E0 EB FE EC ED FB 20 

00 00 07 00 F7 D4 47   // передача: 7 байт; 14:16:42:404 08.03.2018
// приём по количеству байт: 39 из 39
// принято с порта: 39 байт

01 00 27 00 F7 CA E0 ED E0 EB 3A 20 31 20 00 20 20 20 20 20 20 20 30 34 20 3F 20 20 31 33 2E 30 36 2E 31 37 00 A5 02   // прием: 39 байт; 14:16:42:464 08.03.2018
// таймаут: 60 мсек

Канал: 1        
 04 ?  13.06.17 

CA E0 EB FE EC ED FB 20 

00 00 07 00 F7 D4 47   // передача: 7 байт; 14:16:42:974 08.03.2018
// приём по количеству байт: 39 из 39
// принято с порта: 39 байт

01 00 27 00 F7 CA E0 ED E0 EB 3A 20 31 20 00 20 20 20 20 20 20 20 30 32 20 3F 20 20 31 33 2E 30 36 2E 31 37 00 A3 04   // прием: 39 байт; 14:16:43:034 08.03.2018
// таймаут: 60 мсек

Канал: 1        
 02 ?  13.06.17 

CA E0 EB FE EC ED FB 20 

00 00 07 00 F7 D4 47   // передача: 7 байт; 14:16:43:534 08.03.2018
// приём по количеству байт: 39 из 39
// принято с порта: 39 байт

01 00 27 00 F7 CA E0 ED E0 EB 3A 20 31 20 00 20 20 20 20 20 20 20 30 31 20 3F 20 20 31 33 2E 30 36 2E 31 37 00 A0 07   // прием: 39 байт; 14:16:43:594 08.03.2018
// таймаут: 60 мсек

Канал: 1        
 01 ?  13.06.17 

CA E0 EB FE EC ED FB 20 

00 00 07 00 F7 D4 47   // передача: 7 байт; 14:16:44:084 08.03.2018
// приём по количеству байт: 39 из 39
// принято с порта: 39 байт

01 00 27 00 F7 CA E0 ED E0 EB 3A 20 31 20 00 20 20 20 20 20 20 20 32 33 20 3F 20 20 31 32 2E 30 36 2E 31 37 00 E0 08   // прием: 39 байт; 14:16:44:144 08.03.2018
// таймаут: 60 мсек

Канал: 1        
 23 ?  12.06.17 

CA E0 EB FE EC ED FB 20 

00 00 07 00 F7 D4 47   // передача: 7 байт; 14:16:44:664 08.03.2018
// приём по количеству байт: 39 из 39
// принято с порта: 39 байт

01 00 27 00 F7 CA E0 ED E0 EB 3A 20 31 20 00 20 20 20 20 20 20 20 32 31 20 3F 20 20 31 32 2E 30 36 2E 31 37 00 E3 CA   // прием: 39 байт; 14:16:44:724 08.03.2018
// таймаут: 60 мсек

Канал: 1        
 21 ?  12.06.17 

CA E0 EB FE EC ED FB 20 

00 00 07 00 F7 D4 47   // передача: 7 байт; 14:16:45:244 08.03.2018
// приём по количеству байт: 39 из 39
// принято с порта: 39 байт

01 00 27 00 F7 CA E0 ED E0 EB 3A 20 31 20 00 20 20 20 20 20 20 20 31 39 20 3F 20 20 31 32 2E 30 36 2E 31 37 00 A9 03   // прием: 39 байт; 14:16:45:304 08.03.2018
// таймаут: 60 мсек

Канал: 1        
 19 ?  12.06.17 

CA E0 EB FE EC ED FB 20 

00 00 07 00 F7 D4 47   // передача: 7 байт; 14:16:45:804 08.03.2018
// приём по количеству байт: 39 из 39
// принято с порта: 39 байт

01 00 27 00 F7 CA E0 ED E0 EB 3A 20 31 20 00 20 20 20 20 20 20 20 31 37 20 3F 20 20 31 32 2E 30 36 2E 31 37 00 A6 CD   // прием: 39 байт; 14:16:45:864 08.03.2018
// таймаут: 60 мсек

Канал: 1        
 17 ?  12.06.17 

CA E0 EB FE EC ED FB 20 

00 00 07 00 F7 D4 47   // передача: 7 байт; 14:16:46:374 08.03.2018
// приём по количеству байт: 39 из 39
// принято с порта: 39 байт

01 00 27 00 F7 CA E0 ED E0 EB 3A 20 31 20 00 20 20 20 20 20 20 20 31 35 20 3F 20 20 31 32 2E 30 36 2E 31 37 00 A5 0F   // прием: 39 байт; 14:16:46:434 08.03.2018
// таймаут: 60 мсек

Канал: 1        
 15 ?  12.06.17 

CA E0 EB FE EC ED FB 20 

00 00 07 00 F7 D4 47   // передача: 7 байт; 14:16:46:944 08.03.2018
// приём по количеству байт: 39 из 39
// принято с порта: 39 байт

01 00 27 00 F7 CA E0 ED E0 EB 3A 20 31 20 00 20 20 20 20 20 20 20 31 33 20 3F 20 20 31 32 2E 30 36 2E 31 37 00 A3 09   // прием: 39 байт; 14:16:47:004 08.03.2018
// таймаут: 60 мсек

Канал: 1        
 13 ?  12.06.17 

CA E0 EB FE EC ED FB 20 

00 00 07 00 F7 D4 47   // передача: 7 байт; 14:16:47:514 08.03.2018
// приём по количеству байт: 39 из 39
// принято с порта: 39 байт

01 00 27 00 F7 CA E0 ED E0 EB 3A 20 31 20 00 20 20 20 20 20 20 20 31 31 20 3F 20 20 31 32 2E 30 36 2E 31 37 00 A0 CB   // прием: 39 байт; 14:16:47:574 08.03.2018
// таймаут: 60 мсек

Канал: 1        
 11 ?  12.06.17 

CA E0 EB FE EC ED FB 20 

00 00 08 00 F6 0C 45 DE   // передача: 8 байт; 14:16:47:664 08.03.2018
// приём по количеству байт: 9 из 9
// принято с порта: 9 байт

01 00 09 00 F6 00 00 37 F3   // прием: 9 байт; 14:16:47:694 08.03.2018
// таймаут: 30 мсек


CA E0 EB FE EC ED FB 20 

00 00 07 00 F7 D4 47   // передача: 7 байт; 14:16:47:694 08.03.2018
// приём по количеству байт: 39 из 39
// принято с порта: 39 байт

01 00 27 00 F7 CA E0 ED E0 EB 3A 20 31 20 00 20 20 20 20 20 20 20 20 20 20 20 F1 F2 EE EF 20 21 20 20 20 20 20 55 16   // прием: 39 байт; 14:16:47:784 08.03.2018
// таймаут: 90 мсек

Канал: 1        
     стоп !     

CA E0 EB FE EC ED FB 20 

00 00 07 00 F7 D4 47   // передача: 7 байт; 14:16:48:294 08.03.2018
// приём по количеству байт: 39 из 39
// принято с порта: 39 байт

01 00 27 00 F7 D0 E0 E1 EE F2 E0 20 20 20 20 20 20 20 20 20 20 20 20 20 20 20 20 20 CE CA 20 20 20 20 20 20 20 DE 07   // прием: 39 байт; 14:16:48:354 08.03.2018
// таймаут: 60 мсек

Работа          
       ОК       

CA E0 EB FE EC ED FB 20 

00 00 07 00 F7 D4 47   // передача: 7 байт; 14:16:48:844 08.03.2018
// приём по количеству байт: 39 из 39
// принято с порта: 39 байт

01 00 27 00 F7 D0 E0 E1 EE F2 E0 20 20 20 20 20 20 20 20 20 20 20 20 20 20 20 20 20 CE CA 20 20 20 20 20 20 20 DE 07   // прием: 39 байт; 14:16:48:904 08.03.2018
// таймаут: 60 мсек

Работа          
       ОК       

CA E0 EB FE EC ED FB 20 

00 00 08 00 F6 0C 45 DE   // передача: 8 байт; 14:16:49:254 08.03.2018
// приём по количеству байт: 9 из 9
// принято с порта: 9 байт

01 00 09 00 F6 00 00 37 F3   // прием: 9 байт; 14:16:49:284 08.03.2018
// таймаут: 30 мсек


CA E0 EB FE EC ED FB 20 

00 00 07 00 F7 D4 47   // передача: 7 байт; 14:16:49:294 08.03.2018
// приём по количеству байт: 39 из 39
// принято с порта: 39 байт

01 00 27 00 F7 CF F0 EE E3 F0 E0 EC EC E0 20 3F 20 20 20 20 20 3E 5F 5F 5F 20 20 20 20 20 20 20 20 20 20 20 20 5B EF   // прием: 39 байт; 14:16:49:354 08.03.2018
// таймаут: 60 мсек

Программа ?     
>___            

CA E0 EB FE EC ED FB 20 

00 00 07 00 F7 D4 47   // передача: 7 байт; 14:16:49:854 08.03.2018
// приём по количеству байт: 39 из 39
// принято с порта: 39 байт

01 00 27 00 F7 CF F0 EE E3 F0 E0 EC EC E0 20 3F 20 20 20 20 20 3E 5F 5F 5F 20 20 20 20 20 20 20 20 20 20 20 20 5B EF   // прием: 39 байт; 14:16:49:914 08.03.2018
// таймаут: 60 мсек

Программа ?     
>___            

CA E0 EB FE EC ED FB 20 

00 00 08 00 F6 09 85 DD   // передача: 8 байт; 14:16:50:124 08.03.2018
// приём по количеству байт: 9 из 9
// принято с порта: 9 байт

01 00 09 00 F6 00 00 37 F3   // прием: 9 байт; 14:16:50:164 08.03.2018
// таймаут: 40 мсек


CA E0 EB FE EC ED FB 20 

00 00 07 00 F7 D4 47   // передача: 7 байт; 14:16:50:164 08.03.2018
// приём по количеству байт: 39 из 39
// принято с порта: 39 байт

01 00 27 00 F7 CF F0 EE E3 F0 E0 EC EC E0 20 3F 20 20 20 20 20 3E 5F 5F 39 20 20 20 20 20 20 20 20 20 20 20 20 D3 89   // прием: 39 байт; 14:16:50:224 08.03.2018
// таймаут: 60 мсек

Программа ?     
>__9            

CA E0 EB FE EC ED FB 20 

00 00 07 00 F7 D4 47   // передача: 7 байт; 14:16:50:714 08.03.2018
// приём по количеству байт: 39 из 39
// принято с порта: 39 байт

01 00 27 00 F7 CF F0 EE E3 F0 E0 EC EC E0 20 3F 20 20 20 20 20 3E 5F 5F 39 20 20 20 20 20 20 20 20 20 20 20 20 D3 89   // прием: 39 байт; 14:16:50:774 08.03.2018
// таймаут: 60 мсек

Программа ?     
>__9            

CA E0 EB FE EC ED FB 20 

00 00 08 00 F6 00 45 DB   // передача: 8 байт; 14:16:50:944 08.03.2018
// приём по количеству байт: 9 из 9
// принято с порта: 9 байт

01 00 09 00 F6 00 00 37 F3   // прием: 9 байт; 14:16:50:974 08.03.2018
// таймаут: 30 мсек


CA E0 EB FE EC ED FB 20 

00 00 07 00 F7 D4 47   // передача: 7 байт; 14:16:50:974 08.03.2018
// приём по количеству байт: 39 из 39
// принято с порта: 39 байт

01 00 27 00 F7 CF F0 EE E3 F0 E0 EC EC E0 20 3F 20 20 20 20 20 3E 5F 39 30 20 20 20 20 20 20 20 20 20 20 20 20 A8 26   // прием: 39 байт; 14:16:51:044 08.03.2018
// таймаут: 70 мсек

Программа ?     
>_90            

CA E0 EB FE EC ED FB 20 

00 00 08 00 F6 0D 84 1E   // передача: 8 байт; 14:16:51:434 08.03.2018
// приём по количеству байт: 9 из 9
// принято с порта: 9 байт

01 00 09 00 F6 00 00 37 F3   // прием: 9 байт; 14:16:51:464 08.03.2018
// таймаут: 30 мсек


CA E0 EB FE EC ED FB 20 

00 00 07 00 F7 D4 47   // передача: 7 байт; 14:16:51:464 08.03.2018
// приём по количеству байт: 39 из 39
// принято с порта: 39 байт

01 00 27 00 F7 D1 F7 E5 F2 F7 E8 EA E8 20 20 20 20 20 20 20 20 20 20 20 EA E0 ED E0 EB 20 3F 5F 5F 20 20 20 20 4B AF   // прием: 39 байт; 14:16:51:534 08.03.2018
// таймаут: 70 мсек

Счетчики        
   канал ?__    

CA E0 EB FE EC ED FB 20 

00 00 08 00 F6 0D 84 1E   // передача: 8 байт; 14:16:51:934 08.03.2018
// приём по количеству байт: 9 из 9
// принято с порта: 9 байт

01 00 09 00 F6 00 00 37 F3   // прием: 9 байт; 14:16:51:964 08.03.2018
// таймаут: 30 мсек


CA E0 EB FE EC ED FB 20 

00 00 07 00 F7 D4 47   // передача: 7 байт; 14:16:51:974 08.03.2018
// приём по количеству байт: 39 из 39
// принято с порта: 39 байт

01 00 27 00 F7 D1 F7 E5 F2 F7 E8 EA E8 20 20 20 20 20 2B 30 31 33 2E 30 30 2E 30 32 2E 30 30 30 2E 30 31 20 20 2C 3A   // прием: 39 байт; 14:16:52:034 08.03.2018
// таймаут: 60 мсек

Счетчики     +01
3.00.02.000.01  

CA E0 EB FE EC ED FB 20 

00 00 07 00 F7 D4 47   // передача: 7 байт; 14:16:52:544 08.03.2018
// приём по количеству байт: 39 из 39
// принято с порта: 39 байт

01 00 27 00 F7 D1 F7 E5 F2 F7 E8 EA E8 20 20 20 20 20 2B 30 31 33 2E 30 30 2E 30 32 2E 30 30 30 2E 30 31 20 20 2C 3A   // прием: 39 байт; 14:16:52:604 08.03.2018
// таймаут: 60 мсек

Счетчики     +01
3.00.02.000.01  

CA E0 EB FE EC ED FB 20 

00 00 07 00 F7 D4 47   // передача: 7 байт; 14:16:53:114 08.03.2018
// приём по количеству байт: 39 из 39
// принято с порта: 39 байт

01 00 27 00 F7 D1 F7 E5 F2 F7 E8 EA E8 20 20 20 20 20 2B 30 31 33 2E 30 30 2E 30 32 2E 30 30 30 2E 30 31 20 20 2C 3A   // прием: 39 байт; 14:16:53:174 08.03.2018
// таймаут: 60 мсек

Счетчики     +01
3.00.02.000.01  

CA E0 EB FE EC ED FB 20 

00 00 07 00 F7 D4 47   // передача: 7 байт; 14:16:53:674 08.03.2018
// приём по количеству байт: 39 из 39
// принято с порта: 39 байт

01 00 27 00 F7 D1 F7 E5 F2 F7 E8 EA E8 20 20 20 20 20 2B 30 31 33 2E 30 30 2E 30 32 2E 30 30 30 2E 30 31 20 20 2C 3A   // прием: 39 байт; 14:16:53:734 08.03.2018
// таймаут: 60 мсек

Счетчики     +01
3.00.02.000.01  

CA E0 EB FE EC ED FB 20 

00 00 07 00 F7 D4 47   // передача: 7 байт; 14:16:54:224 08.03.2018
// приём по количеству байт: 39 из 39
// принято с порта: 39 байт

01 00 27 00 F7 D1 F7 E5 F2 F7 E8 EA E8 20 20 20 20 20 2B 30 31 33 2E 30 30 2E 30 32 2E 30 30 30 2E 30 31 20 20 2C 3A   // прием: 39 байт; 14:16:54:284 08.03.2018
// таймаут: 60 мсек

Счетчики     +01
3.00.02.000.01  

CA E0 EB FE EC ED FB 20 

00 00 07 00 F7 D4 47   // передача: 7 байт; 14:16:54:804 08.03.2018
// приём по количеству байт: 39 из 39
// принято с порта: 39 байт

01 00 27 00 F7 D1 F7 E5 F2 F7 E8 EA E8 20 20 20 20 20 2B 30 31 33 2E 30 30 2E 30 32 2E 30 30 30 2E 30 31 20 20 2C 3A   // прием: 39 байт; 14:16:54:864 08.03.2018
// таймаут: 60 мсек

Счетчики     +01
3.00.02.000.01  

CA E0 EB FE EC ED FB 20 

00 00 07 00 F7 D4 47   // передача: 7 байт; 14:16:55:384 08.03.2018
// приём по количеству байт: 39 из 39
// принято с порта: 39 байт

01 00 27 00 F7 D1 F7 E5 F2 F7 E8 EA E8 20 20 20 20 20 2B 30 31 33 2E 30 30 2E 30 32 2E 30 30 30 2E 30 31 20 20 2C 3A   // прием: 39 байт; 14:16:55:444 08.03.2018
// таймаут: 60 мсек

Счетчики     +01
3.00.02.000.01  

CA E0 EB FE EC ED FB 20 

00 00 07 00 F7 D4 47   // передача: 7 байт; 14:16:55:944 08.03.2018
// приём по количеству байт: 39 из 39
// принято с порта: 39 байт

01 00 27 00 F7 D1 F7 E5 F2 F7 E8 EA E8 20 20 20 20 20 2B 30 31 33 2E 30 30 2E 30 32 2E 30 30 30 2E 30 31 20 20 2C 3A   // прием: 39 байт; 14:16:56:004 08.03.2018
// таймаут: 60 мсек

Счетчики     +01
3.00.02.000.01  

CA E0 EB FE EC ED FB 20 

00 00 08 00 F6 0C 45 DE   // передача: 8 байт; 14:16:56:224 08.03.2018
// приём по количеству байт: 9 из 9
// принято с порта: 9 байт

01 00 09 00 F6 00 00 37 F3   // прием: 9 байт; 14:16:56:254 08.03.2018
// таймаут: 30 мсек


CA E0 EB FE EC ED FB 20 

00 00 07 00 F7 D4 47   // передача: 7 байт; 14:16:56:254 08.03.2018
// приём по количеству байт: 39 из 39
// принято с порта: 39 байт

01 00 27 00 F7 CF F0 EE E3 F0 E0 EC EC E0 20 3F 20 20 20 20 20 3E 5F 5F 5F 20 20 20 20 20 20 20 20 20 20 20 20 5B EF   // прием: 39 байт; 14:16:56:324 08.03.2018
// таймаут: 70 мсек

Программа ?     
>___            

CA E0 EB FE EC ED FB 20 

00 00 07 00 F7 D4 47   // передача: 7 байт; 14:16:56:834 08.03.2018
// приём по количеству байт: 39 из 39
// принято с порта: 39 байт

01 00 27 00 F7 CF F0 EE E3 F0 E0 EC EC E0 20 3F 20 20 20 20 20 3E 5F 5F 5F 20 20 20 20 20 20 20 20 20 20 20 20 5B EF   // прием: 39 байт; 14:16:56:894 08.03.2018
// таймаут: 60 мсек

Программа ?     
>___            

CA E0 EB FE EC ED FB 20 

00 00 07 00 F7 D4 47   // передача: 7 байт; 14:16:57:404 08.03.2018
// приём по количеству байт: 39 из 39
// принято с порта: 39 байт

01 00 27 00 F7 CF F0 EE E3 F0 E0 EC EC E0 20 3F 20 20 20 20 20 3E 5F 5F 5F 20 20 20 20 20 20 20 20 20 20 20 20 5B EF   // прием: 39 байт; 14:16:57:464 08.03.2018
// таймаут: 60 мсек

Программа ?     
>___            

CA E0 EB FE EC ED FB 20 

00 00 07 00 F7 D4 47   // передача: 7 байт; 14:16:57:964 08.03.2018
// приём по количеству байт: 39 из 39
// принято с порта: 39 байт

01 00 27 00 F7 CF F0 EE E3 F0 E0 EC EC E0 20 3F 20 20 20 20 20 3E 5F 5F 5F 20 20 20 20 20 20 20 20 20 20 20 20 5B EF   // прием: 39 байт; 14:16:58:024 08.03.2018
// таймаут: 60 мсек

Программа ?     
>___            

CA E0 EB FE EC ED FB 20 

00 00 07 00 F7 D4 47   // передача: 7 байт; 14:16:58:514 08.03.2018
// приём по количеству байт: 39 из 39
// принято с порта: 39 байт

01 00 27 00 F7 CF F0 EE E3 F0 E0 EC EC E0 20 3F 20 20 20 20 20 3E 5F 5F 5F 20 20 20 20 20 20 20 20 20 20 20 20 5B EF   // прием: 39 байт; 14:16:58:574 08.03.2018
// таймаут: 60 мсек

Программа ?     
>___            

CA E0 EB FE EC ED FB 20 

00 00 07 00 F7 D4 47   // передача: 7 байт; 14:16:58:594 08.03.2018
// приём по количеству байт: 39 из 39
// принято с порта: 39 байт

01 00 27 00 F7 CF F0 EE E3 F0 E0 EC EC E0 20 3F 20 20 20 20 20 3E 5F 5F 5F 20 20 20 20 20 20 20 20 20 20 20 20 5B EF   // прием: 39 байт; 14:16:58:664 08.03.2018
// таймаут: 70 мсек

Программа ?     
>___            

CA E0 EB FE EC ED FB 20 

00 00 07 00 F7 D4 47   // передача: 7 байт; 14:16:59:174 08.03.2018
// приём по количеству байт: 39 из 39
// принято с порта: 39 байт

01 00 27 00 F7 CF F0 EE E3 F0 E0 EC EC E0 20 3F 20 20 20 20 20 3E 5F 5F 5F 20 20 20 20 20 20 20 20 20 20 20 20 5B EF   // прием: 39 байт; 14:16:59:234 08.03.2018
// таймаут: 60 мсек

Программа ?     
>___            

CA E0 EB FE EC ED FB 20 

00 00 07 00 F7 D4 47   // передача: 7 байт; 14:16:59:744 08.03.2018
// приём по количеству байт: 39 из 39
// принято с порта: 39 байт

01 00 27 00 F7 CF F0 EE E3 F0 E0 EC EC E0 20 3F 20 20 20 20 20 3E 5F 5F 5F 20 20 20 20 20 20 20 20 20 20 20 20 5B EF   // прием: 39 байт; 14:16:59:804 08.03.2018
// таймаут: 60 мсек

Программа ?     
>___            

CA E0 EB FE EC ED FB 20 

00 00 07 00 F7 D4 47   // передача: 7 байт; 14:17:00:304 08.03.2018
// приём по количеству байт: 39 из 39
// принято с порта: 39 байт

01 00 27 00 F7 CF F0 EE E3 F0 E0 EC EC E0 20 3F 20 20 20 20 20 3E 5F 5F 5F 20 20 20 20 20 20 20 20 20 20 20 20 5B EF   // прием: 39 байт; 14:17:00:364 08.03.2018
// таймаут: 60 мсек

Программа ?     
>___            

CA E0 EB FE EC ED FB 20 

00 00 07 00 F7 D4 47   // передача: 7 байт; 14:17:00:854 08.03.2018
// приём по количеству байт: 39 из 39
// принято с порта: 39 байт

01 00 27 00 F7 CF F0 EE E3 F0 E0 EC EC E0 20 3F 20 20 20 20 20 3E 5F 5F 5F 20 20 20 20 20 20 20 20 20 20 20 20 5B EF   // прием: 39 байт; 14:17:00:914 08.03.2018
// таймаут: 60 мсек

Программа ?     
>___            

CA E0 EB FE EC ED FB 20 

00 00 07 00 F7 D4 47   // передача: 7 байт; 14:17:01:434 08.03.2018
// приём по количеству байт: 39 из 39
// принято с порта: 39 байт

01 00 27 00 F7 CF F0 EE E3 F0 E0 EC EC E0 20 3F 20 20 20 20 20 3E 5F 5F 5F 20 20 20 20 20 20 20 20 20 20 20 20 5B EF   // прием: 39 байт; 14:17:01:494 08.03.2018
// таймаут: 60 мсек

Программа ?     
>___            

CA E0 EB FE EC ED FB 20 

00 00 07 00 F7 D4 47   // передача: 7 байт; 14:17:02:014 08.03.2018
// приём по количеству байт: 39 из 39
// принято с порта: 39 байт

01 00 27 00 F7 CF F0 EE E3 F0 E0 EC EC E0 20 3F 20 20 20 20 20 3E 5F 5F 5F 20 20 20 20 20 20 20 20 20 20 20 20 5B EF   // прием: 39 байт; 14:17:02:074 08.03.2018
// таймаут: 60 мсек

Программа ?     
>___            

// О программе
