
CA E0 EB FE EC ED FB 20 

01 00 07 00 F7 E9 87   // передача: 7 байт; 22:10:04:563 08.03.2018
// приём по количеству байт: 39 из 39
// принято с порта: 39 байт

01 00 27 00 F7 CD E0 F1 F2 F0 EE E9 EA E0 20 20 20 20 20 20 20 20 20 20 20 20 20 20 20 20 20 20 20 20 20 20 20 5D 58   // прием: 39 байт; 22:10:04:629 08.03.2018
// таймаут: 66 мсек

Настройка       
                

CA E0 EB FE EC ED FB 20 

01 00 08 00 F6 0C 44 0F   // передача: 8 байт; 22:10:05:647 08.03.2018
// приём по количеству байт: 9 из 9
// принято с порта: 9 байт

01 00 09 00 F6 00 00 37 F3   // прием: 9 байт; 22:10:05:679 08.03.2018
// таймаут: 32 мсек


CA E0 EB FE EC ED FB 20 

01 00 07 00 F7 E9 87   // передача: 7 байт; 22:10:05:685 08.03.2018
// приём по количеству байт: 39 из 39
// принято с порта: 39 байт

01 00 27 00 F7 CF F0 EE E3 F0 E0 EC EC E0 20 3F 20 20 20 20 20 2D 5F 5F 5F 20 20 20 20 20 20 20 20 20 20 20 20 16 D2   // прием: 39 байт; 22:10:05:748 08.03.2018
// таймаут: 63 мсек

Программа ?     
-___            

CA E0 EB FE EC ED FB 20 

01 00 08 00 F6 09 84 0C   // передача: 8 байт; 22:10:06:195 08.03.2018
// приём по количеству байт: 9 из 9
// принято с порта: 9 байт

01 00 09 00 F6 00 00 37 F3   // прием: 9 байт; 22:10:06:229 08.03.2018
// таймаут: 34 мсек


CA E0 EB FE EC ED FB 20 

01 00 07 00 F7 E9 87   // передача: 7 байт; 22:10:06:231 08.03.2018
// приём по количеству байт: 39 из 39
// принято с порта: 39 байт

01 00 27 00 F7 CF F0 EE E3 F0 E0 EC EC E0 20 3F 20 20 20 20 20 2D 5F 5F 39 20 20 20 20 20 20 20 20 20 20 20 20 9E B4   // прием: 39 байт; 22:10:06:296 08.03.2018
// таймаут: 65 мсек

Программа ?     
-__9            

CA E0 EB FE EC ED FB 20 

01 00 08 00 F6 00 44 0A   // передача: 8 байт; 22:10:06:723 08.03.2018
// приём по количеству байт: 9 из 9
// принято с порта: 9 байт

01 00 09 00 F6 00 00 37 F3   // прием: 9 байт; 22:10:06:757 08.03.2018
// таймаут: 34 мсек


CA E0 EB FE EC ED FB 20 

01 00 07 00 F7 E9 87   // передача: 7 байт; 22:10:06:759 08.03.2018
// приём по количеству байт: 39 из 39
// принято с порта: 39 байт

01 00 27 00 F7 CF F0 EE E3 F0 E0 EC EC E0 20 3F 20 20 20 20 20 2D 5F 39 30 20 20 20 20 20 20 20 20 20 20 20 20 E5 1B   // прием: 39 байт; 22:10:06:824 08.03.2018
// таймаут: 65 мсек

Программа ?     
-_90            

CA E0 EB FE EC ED FB 20 

01 00 08 00 F6 0D 85 CF   // передача: 8 байт; 22:10:07:171 08.03.2018
// приём по количеству байт: 9 из 9
// принято с порта: 9 байт

01 00 09 00 F6 00 00 37 F3   // прием: 9 байт; 22:10:07:205 08.03.2018
// таймаут: 34 мсек


CA E0 EB FE EC ED FB 20 

01 00 07 00 F7 E9 87   // передача: 7 байт; 22:10:07:207 08.03.2018
// приём по количеству байт: 39 из 39
// принято с порта: 39 байт

01 00 27 00 F7 D1 F7 E5 F2 F7 E8 EA E8 20 20 20 20 20 20 20 20 20 20 20 EA E0 ED E0 EB 20 3F 5F 5F 20 20 20 20 4B AF   // прием: 39 байт; 22:10:07:272 08.03.2018
// таймаут: 65 мсек

Счетчики        
   канал ?__    

CA E0 EB FE EC ED FB 20 

01 00 08 00 F6 0D 85 CF   // передача: 8 байт; 22:10:07:826 08.03.2018
// приём по количеству байт: 9 из 9
// принято с порта: 9 байт

01 00 09 00 F6 00 00 37 F3   // прием: 9 байт; 22:10:07:861 08.03.2018
// таймаут: 35 мсек


CA E0 EB FE EC ED FB 20 

01 00 07 00 F7 E9 87   // передача: 7 байт; 22:10:07:863 08.03.2018
// приём по количеству байт: 39 из 39
// принято с порта: 39 байт

01 00 27 00 F7 D1 F7 E5 F2 F7 E8 EA E8 20 20 20 20 20 2B 30 31 31 2E 30 30 2E 30 30 2E 30 30 30 2E 30 31 20 20 0C 91   // прием: 39 байт; 22:10:07:927 08.03.2018
// таймаут: 64 мсек

Счетчики     +01
1.00.00.000.01  

CA E0 EB FE EC ED FB 20 

01 00 08 00 F6 03 04 0B   // передача: 8 байт; 22:10:08:707 08.03.2018
// приём по количеству байт: 9 из 9
// принято с порта: 9 байт

01 00 09 00 F6 00 00 37 F3   // прием: 9 байт; 22:10:08:741 08.03.2018
// таймаут: 34 мсек


CA E0 EB FE EC ED FB 20 

01 00 07 00 F7 E9 87   // передача: 7 байт; 22:10:08:743 08.03.2018
// приём по количеству байт: 39 из 39
// принято с порта: 39 байт

01 00 27 00 F7 CF EE F0 F2 2E 2E 2E 20 20 20 20 20 20 20 20 20 33 20 5F 5F 20 5F 5F 20 5F 5F 5F 20 5F 5F 00 20 36 46   // прием: 39 байт; 22:10:08:808 08.03.2018
// таймаут: 65 мсек

Порт...         
3 __ __ ___ __  

CA E0 EB FE EC ED FB 20 

01 00 08 00 F6 0B 05 CD   // передача: 8 байт; 22:10:09:274 08.03.2018
// приём по количеству байт: 9 из 9
// принято с порта: 9 байт

01 00 09 00 F6 00 00 37 F3   // прием: 9 байт; 22:10:09:309 08.03.2018
// таймаут: 35 мсек


CA E0 EB FE EC ED FB 20 

01 00 07 00 F7 E9 87   // передача: 7 байт; 22:10:09:310 08.03.2018
// приём по количеству байт: 39 из 39
// принято с порта: 39 байт

01 00 27 00 F7 D2 E5 EB E5 F4 EE ED 2E 2E 2E 20 20 20 20 20 20 33 2E 5F 5F 20 5F 5F 20 5F 5F 5F 20 5F 5F 00 20 68 F5   // прием: 39 байт; 22:10:09:375 08.03.2018
// таймаут: 65 мсек

Телефон...      
3.__ __ ___ __  

CA E0 EB FE EC ED FB 20 

01 00 08 00 F6 00 44 0A   // передача: 8 байт; 22:10:09:763 08.03.2018
// приём по количеству байт: 9 из 9
// принято с порта: 9 байт

01 00 09 00 F6 00 00 37 F3   // прием: 9 байт; 22:10:09:797 08.03.2018
// таймаут: 34 мсек


CA E0 EB FE EC ED FB 20 

01 00 07 00 F7 E9 87   // передача: 7 байт; 22:10:09:799 08.03.2018
// приём по количеству байт: 39 из 39
// принято с порта: 39 байт

01 00 27 00 F7 D2 E5 EB E5 F4 EE ED 2E 2E 2E 20 20 20 20 20 20 33 2E 5F 30 20 5F 5F 20 5F 5F 5F 20 5F 5F 00 20 FD 5A   // прием: 39 байт; 22:10:09:863 08.03.2018
// таймаут: 64 мсек

Телефон...      
3._0 __ ___ __  

CA E0 EB FE EC ED FB 20 

01 00 08 00 F6 0B 05 CD   // передача: 8 байт; 22:10:10:114 08.03.2018
// приём по количеству байт: 9 из 9
// принято с порта: 9 байт

01 00 09 00 F6 00 00 37 F3   // прием: 9 байт; 22:10:10:149 08.03.2018
// таймаут: 35 мсек


CA E0 EB FE EC ED FB 20 

01 00 07 00 F7 E9 87   // передача: 7 байт; 22:10:10:150 08.03.2018
// приём по количеству байт: 39 из 39
// принято с порта: 39 байт

01 00 27 00 F7 D2 E8 EF 20 F1 F7 E5 F2 F7 E8 EA E0 2E 2E 2E 20 33 2E 5F 30 2E 5F 5F 20 5F 5F 5F 20 5F 5F 00 20 6F 13   // прием: 39 байт; 22:10:10:215 08.03.2018
// таймаут: 65 мсек

Тип счетчика... 
3._0.__ ___ __  

CA E0 EB FE EC ED FB 20 

01 00 08 00 F6 02 C5 CB   // передача: 8 байт; 22:10:10:930 08.03.2018
// приём по количеству байт: 9 из 9
// принято с порта: 9 байт

01 00 09 00 F6 00 00 37 F3   // прием: 9 байт; 22:10:10:965 08.03.2018
// таймаут: 35 мсек


CA E0 EB FE EC ED FB 20 

01 00 07 00 F7 E9 87   // передача: 7 байт; 22:10:10:966 08.03.2018
// приём по количеству байт: 39 из 39
// принято с порта: 39 байт

01 00 27 00 F7 D2 E8 EF 20 F1 F7 E5 F2 F7 E8 EA E0 2E 2E 2E 20 33 2E 5F 30 2E 5F 32 20 5F 5F 5F 20 5F 5F 00 20 FD 57   // прием: 39 байт; 22:10:11:031 08.03.2018
// таймаут: 65 мсек

Тип счетчика... 
3._0._2 ___ __  

CA E0 EB FE EC ED FB 20 

01 00 08 00 F6 0B 05 CD   // передача: 8 байт; 22:10:11:434 08.03.2018
// приём по количеству байт: 9 из 9
// принято с порта: 9 байт

01 00 09 00 F6 00 00 37 F3   // прием: 9 байт; 22:10:11:469 08.03.2018
// таймаут: 35 мсек


CA E0 EB FE EC ED FB 20 

01 00 07 00 F7 E9 87   // передача: 7 байт; 22:10:11:470 08.03.2018
// приём по количеству байт: 39 из 39
// принято с порта: 39 байт

01 00 27 00 F7 C0 E4 F0 E5 F1 2E 2E 2E 20 20 20 20 20 20 20 20 33 2E 5F 30 2E 5F 32 2E 5F 5F 5F 20 5F 5F 00 20 5C 7A   // прием: 39 байт; 22:10:11:535 08.03.2018
// таймаут: 65 мсек

Адрес...        
3._0._2.___ __  

CA E0 EB FE EC ED FB 20 

01 00 08 00 F6 00 44 0A   // передача: 8 байт; 22:10:11:850 08.03.2018
// приём по количеству байт: 9 из 9
// принято с порта: 9 байт

01 00 09 00 F6 00 00 37 F3   // прием: 9 байт; 22:10:11:885 08.03.2018
// таймаут: 35 мсек


CA E0 EB FE EC ED FB 20 

01 00 07 00 F7 E9 87   // передача: 7 байт; 22:10:11:886 08.03.2018
// приём по количеству байт: 39 из 39
// принято с порта: 39 байт

01 00 27 00 F7 C0 E4 F0 E5 F1 2E 2E 2E 20 20 20 20 20 20 20 20 33 2E 5F 30 2E 5F 32 2E 5F 5F 30 20 5F 5F 00 20 55 25   // прием: 39 байт; 22:10:11:951 08.03.2018
// таймаут: 65 мсек

Адрес...        
3._0._2.__0 __  

CA E0 EB FE EC ED FB 20 

01 00 08 00 F6 0D 85 CF   // передача: 8 байт; 22:10:12:474 08.03.2018
// приём по количеству байт: 9 из 9
// принято с порта: 9 байт

01 00 09 00 F6 00 00 37 F3   // прием: 9 байт; 22:10:12:509 08.03.2018
// таймаут: 35 мсек


CA E0 EB FE EC ED FB 20 

01 00 07 00 F7 E9 87   // передача: 7 байт; 22:10:12:510 08.03.2018
// приём по таймауту: 1000 мс
// принято с порта: 0 байт
повтор: 1

CA E0 EB FE EC ED FB 20 

01 00 07 00 F7 E9 87   // передача: 7 байт; 22:10:13:510 08.03.2018
// приём по таймауту: 1000 мс
// принято с порта: 0 байт
повтор: 2

CA E0 EB FE EC ED FB 20 

01 00 07 00 F7 E9 87   // передача: 7 байт; 22:10:14:524 08.03.2018
// приём по количеству байт: 39 из 39
// принято с порта: 39 байт

01 00 27 00 F7 D1 F7 E5 F2 F7 E8 EA E8 20 20 20 20 20 2B 30 35 31 2E 30 30 2E 30 30 2E 30 30 30 2E 30 31 20 20 4E 50   // прием: 39 байт; 22:10:15:046 08.03.2018
// таймаут: 522 мсек

Счетчики     +05
1.00.00.000.01  

CA E0 EB FE EC ED FB 20 

01 00 08 00 F6 0C 44 0F   // передача: 8 байт; 22:10:16:190 08.03.2018
// приём по количеству байт: 9 из 9
// принято с порта: 9 байт

01 00 09 00 F6 00 00 37 F3   // прием: 9 байт; 22:10:16:221 08.03.2018
// таймаут: 31 мсек


CA E0 EB FE EC ED FB 20 

01 00 07 00 F7 E9 87   // передача: 7 байт; 22:10:16:223 08.03.2018
// приём по количеству байт: 39 из 39
// принято с порта: 39 байт

01 00 27 00 F7 CF F0 EE E3 F0 E0 EC EC E0 20 3F 20 20 20 20 20 2D 5F 5F 5F 20 20 20 20 20 20 20 20 20 20 20 20 16 D2   // прием: 39 байт; 22:10:16:288 08.03.2018
// таймаут: 65 мсек

Программа ?     
-___            

CA E0 EB FE EC ED FB 20 

01 00 08 00 F6 01 85 CA   // передача: 8 байт; 22:10:17:146 08.03.2018
// приём по количеству байт: 9 из 9
// принято с порта: 9 байт

01 00 09 00 F6 00 00 37 F3   // прием: 9 байт; 22:10:17:180 08.03.2018
// таймаут: 34 мсек


CA E0 EB FE EC ED FB 20 

01 00 07 00 F7 E9 87   // передача: 7 байт; 22:10:17:182 08.03.2018
// приём по количеству байт: 39 из 39
// принято с порта: 39 байт

01 00 27 00 F7 CF F0 EE E3 F0 E0 EC EC E0 20 3F 20 20 20 20 20 2D 5F 5F 31 20 20 20 20 20 20 20 20 20 20 20 20 81 FC   // прием: 39 байт; 22:10:17:247 08.03.2018
// таймаут: 65 мсек

Программа ?     
-__1            

CA E0 EB FE EC ED FB 20 

01 00 08 00 F6 09 84 0C   // передача: 8 байт; 22:10:18:082 08.03.2018
// приём по количеству байт: 9 из 9
// принято с порта: 9 байт

01 00 09 00 F6 00 00 37 F3   // прием: 9 байт; 22:10:18:116 08.03.2018
// таймаут: 34 мсек


CA E0 EB FE EC ED FB 20 

01 00 07 00 F7 E9 87   // передача: 7 байт; 22:10:18:118 08.03.2018
// приём по количеству байт: 39 из 39
// принято с порта: 39 байт

01 00 27 00 F7 CF F0 EE E3 F0 E0 EC EC E0 20 3F 20 20 20 20 20 2D 5F 31 39 20 20 20 20 20 20 20 20 20 20 20 20 F1 1A   // прием: 39 байт; 22:10:18:183 08.03.2018
// таймаут: 65 мсек

Программа ?     
-_19            

CA E0 EB FE EC ED FB 20 

01 00 08 00 F6 02 C5 CB   // передача: 8 байт; 22:10:18:586 08.03.2018
// приём по количеству байт: 9 из 9
// принято с порта: 9 байт

01 00 09 00 F6 00 00 37 F3   // прием: 9 байт; 22:10:18:620 08.03.2018
// таймаут: 34 мсек


CA E0 EB FE EC ED FB 20 

01 00 07 00 F7 E9 87   // передача: 7 байт; 22:10:18:622 08.03.2018
// приём по количеству байт: 39 из 39
// принято с порта: 39 байт

01 00 27 00 F7 CF F0 EE E3 F0 E0 EC EC E0 20 3F 20 20 20 20 20 2D 31 39 32 20 20 20 20 20 20 20 20 20 20 20 20 0C 75   // прием: 39 байт; 22:10:18:688 08.03.2018
// таймаут: 66 мсек

Программа ?     
-192            

CA E0 EB FE EC ED FB 20 

01 00 08 00 F6 0D 85 CF   // передача: 8 байт; 22:10:19:259 08.03.2018
// приём по количеству байт: 9 из 9
// принято с порта: 9 байт

01 00 09 00 F6 00 00 37 F3   // прием: 9 байт; 22:10:19:293 08.03.2018
// таймаут: 34 мсек


CA E0 EB FE EC ED FB 20 

01 00 07 00 F7 E9 87   // передача: 7 байт; 22:10:19:295 08.03.2018
// приём по количеству байт: 39 из 39
// принято с порта: 39 байт

01 00 27 00 F7 20 20 20 C7 E0 E3 F0 F3 E6 E0 F2 FC 20 20 20 20 2E ED E5 F2 00 20 20 20 20 20 20 20 20 20 20 20 A6 56   // прием: 39 байт; 22:10:19:360 08.03.2018
// таймаут: 65 мсек

   Загружать    
.нет            

CA E0 EB FE EC ED FB 20 

01 00 08 00 F6 0B 05 CD   // передача: 8 байт; 22:10:19:811 08.03.2018
// приём по количеству байт: 9 из 9
// принято с порта: 9 байт

01 00 09 00 F6 00 00 37 F3   // прием: 9 байт; 22:10:19:845 08.03.2018
// таймаут: 34 мсек


CA E0 EB FE EC ED FB 20 

01 00 07 00 F7 E9 87   // передача: 7 байт; 22:10:19:847 08.03.2018
// приём по количеству байт: 39 из 39
// принято с порта: 39 байт

01 00 27 00 F7 20 20 20 C7 E0 E3 F0 F3 E6 E0 F2 FC 20 20 20 20 2E E4 E0 20 00 20 20 20 20 20 20 20 20 20 20 20 52 86   // прием: 39 байт; 22:10:19:912 08.03.2018
// таймаут: 65 мсек

   Загружать    
.да             

CA E0 EB FE EC ED FB 20 

01 00 08 00 F6 0D 85 CF   // передача: 8 байт; 22:10:20:379 08.03.2018
// приём по количеству байт: 9 из 9
// принято с порта: 9 байт

01 00 09 00 F6 00 00 37 F3   // прием: 9 байт; 22:10:20:413 08.03.2018
// таймаут: 34 мсек


CA E0 EB FE EC ED FB 20 

01 00 07 00 F7 E9 87   // передача: 7 байт; 22:10:20:415 08.03.2018
// приём по количеству байт: 39 из 39
// принято с порта: 39 байт

01 00 27 00 F7 20 20 20 C7 E0 E3 F0 F3 E6 E0 F2 FC 20 20 20 20 2E E4 E0 20 00 20 20 20 20 20 20 20 20 20 20 20 52 86   // прием: 39 байт; 22:10:20:562 08.03.2018
// таймаут: 147 мсек

   Загружать    
.да             

CA E0 EB FE EC ED FB 20 

01 00 08 00 F6 0C 44 0F   // передача: 8 байт; 22:10:22:891 08.03.2018
// приём по количеству байт: 9 из 9
// принято с порта: 9 байт

01 00 09 00 F6 00 00 37 F3   // прием: 9 байт; 22:10:22:925 08.03.2018
// таймаут: 34 мсек


CA E0 EB FE EC ED FB 20 

01 00 07 00 F7 E9 87   // передача: 7 байт; 22:10:22:927 08.03.2018
// приём по количеству байт: 39 из 39
// принято с порта: 39 байт

01 00 27 00 F7 CF F0 EE E3 F0 E0 EC EC E0 20 3F 20 20 20 20 20 2D 5F 5F 5F 20 20 20 20 20 20 20 20 20 20 20 20 16 D2   // прием: 39 байт; 22:10:22:991 08.03.2018
// таймаут: 64 мсек

Программа ?     
-___            

CA E0 EB FE EC ED FB 20 

01 00 07 00 F7 E9 87   // передача: 7 байт; 22:10:23:510 08.03.2018
// приём по количеству байт: 39 из 39
// принято с порта: 39 байт

01 00 27 00 F7 CF F0 EE E3 F0 E0 EC EC E0 20 3F 20 20 20 20 20 2D 5F 5F 5F 20 20 20 20 20 20 20 20 20 20 20 20 16 D2   // прием: 39 байт; 22:10:23:575 08.03.2018
// таймаут: 65 мсек

Программа ?     
-___            

CA E0 EB FE EC ED FB 20 

01 00 08 00 F6 01 85 CA   // передача: 8 байт; 22:10:23:675 08.03.2018
// приём по количеству байт: 9 из 9
// принято с порта: 9 байт

01 00 09 00 F6 00 00 37 F3   // прием: 9 байт; 22:10:23:709 08.03.2018
// таймаут: 34 мсек


CA E0 EB FE EC ED FB 20 

01 00 07 00 F7 E9 87   // передача: 7 байт; 22:10:23:711 08.03.2018
// приём по количеству байт: 39 из 39
// принято с порта: 39 байт

01 00 27 00 F7 CF F0 EE E3 F0 E0 EC EC E0 20 3F 20 20 20 20 20 2D 5F 5F 31 20 20 20 20 20 20 20 20 20 20 20 20 81 FC   // прием: 39 байт; 22:10:23:776 08.03.2018
// таймаут: 65 мсек

Программа ?     
-__1            

CA E0 EB FE EC ED FB 20 

01 00 08 00 F6 08 45 CC   // передача: 8 байт; 22:10:24:083 08.03.2018
// приём по количеству байт: 9 из 9
// принято с порта: 9 байт

01 00 09 00 F6 00 00 37 F3   // прием: 9 байт; 22:10:24:117 08.03.2018
// таймаут: 34 мсек


CA E0 EB FE EC ED FB 20 

01 00 07 00 F7 E9 87   // передача: 7 байт; 22:10:24:119 08.03.2018
// приём по количеству байт: 39 из 39
// принято с порта: 39 байт

01 00 27 00 F7 CF F0 EE E3 F0 E0 EC EC E0 20 3F 20 20 20 20 20 2D 5F 31 38 20 20 20 20 20 20 20 20 20 20 20 20 F3 9B   // прием: 39 байт; 22:10:24:183 08.03.2018
// таймаут: 64 мсек

Программа ?     
-_18            

CA E0 EB FE EC ED FB 20 

01 00 08 00 F6 04 45 C9   // передача: 8 байт; 22:10:24:499 08.03.2018
// приём по количеству байт: 9 из 9
// принято с порта: 9 байт

01 00 09 00 F6 00 00 37 F3   // прием: 9 байт; 22:10:24:533 08.03.2018
// таймаут: 34 мсек


CA E0 EB FE EC ED FB 20 

01 00 07 00 F7 E9 87   // передача: 7 байт; 22:10:24:535 08.03.2018
// приём по количеству байт: 39 из 39
// принято с порта: 39 байт

01 00 27 00 F7 CF F0 EE E3 F0 E0 EC EC E0 20 3F 20 20 20 20 20 2D 31 38 34 20 20 20 20 20 20 20 20 20 20 20 20 05 72   // прием: 39 байт; 22:10:24:599 08.03.2018
// таймаут: 64 мсек

Программа ?     
-184            

CA E0 EB FE EC ED FB 20 

01 00 08 00 F6 0D 85 CF   // передача: 8 байт; 22:10:24:979 08.03.2018
// приём по количеству байт: 9 из 9
// принято с порта: 9 байт

01 00 09 00 F6 00 00 37 F3   // прием: 9 байт; 22:10:25:013 08.03.2018
// таймаут: 34 мсек


CA E0 EB FE EC ED FB 20 

01 00 07 00 F7 E9 87   // передача: 7 байт; 22:10:25:015 08.03.2018
// приём по количеству байт: 39 из 39
// принято с порта: 39 байт

01 00 27 00 F7 C2 E5 F0 F5 ED FF FF 20 E3 F0 E0 ED E8 F6 E0 20 20 20 20 EA E0 ED E0 EB 20 3F 5F 5F 20 20 20 20 83 43   // прием: 39 байт; 22:10:25:079 08.03.2018
// таймаут: 64 мсек

Верхняя граница 
   канал ?__    

CA E0 EB FE EC ED FB 20 

01 00 07 00 F7 E9 87   // передача: 7 байт; 22:10:25:585 08.03.2018
// приём по количеству байт: 39 из 39
// принято с порта: 39 байт

01 00 27 00 F7 C2 E5 F0 F5 ED FF FF 20 E3 F0 E0 ED E8 F6 E0 20 20 20 20 EA E0 ED E0 EB 20 3F 5F 5F 20 20 20 20 83 43   // прием: 39 байт; 22:10:25:650 08.03.2018
// таймаут: 65 мсек

Верхняя граница 
   канал ?__    

CA E0 EB FE EC ED FB 20 

01 00 07 00 F7 E9 87   // передача: 7 байт; 22:10:26:162 08.03.2018
// приём по количеству байт: 39 из 39
// принято с порта: 39 байт

01 00 27 00 F7 C2 E5 F0 F5 ED FF FF 20 E3 F0 E0 ED E8 F6 E0 20 20 20 20 EA E0 ED E0 EB 20 3F 5F 5F 20 20 20 20 83 43   // прием: 39 байт; 22:10:26:227 08.03.2018
// таймаут: 65 мсек

Верхняя граница 
   канал ?__    

CA E0 EB FE EC ED FB 20 

01 00 08 00 F6 0D 85 CF   // передача: 8 байт; 22:10:26:498 08.03.2018
// приём по количеству байт: 9 из 9
// принято с порта: 9 байт

01 00 09 00 F6 00 00 37 F3   // прием: 9 байт; 22:10:26:533 08.03.2018
// таймаут: 35 мсек


CA E0 EB FE EC ED FB 20 

01 00 07 00 F7 E9 87   // передача: 7 байт; 22:10:26:534 08.03.2018
// приём по количеству байт: 39 из 39
// принято с порта: 39 байт

01 00 27 00 F7 C2 E5 F0 F5 ED FF FF 20 E3 F0 E0 ED E8 F6 E0 20 20 20 20 20 32 39 37 35 3A 36 32 00 20 20 20 31 3C DB   // прием: 39 байт; 22:10:26:599 08.03.2018
// таймаут: 65 мсек

Верхняя граница 
    2975:62    1

CA E0 EB FE EC ED FB 20 

01 00 07 00 F7 E9 87   // передача: 7 байт; 22:10:27:114 08.03.2018
// приём по количеству байт: 39 из 39
// принято с порта: 39 байт

01 00 27 00 F7 C2 E5 F0 F5 ED FF FF 20 E3 F0 E0 ED E8 F6 E0 20 20 20 20 20 32 39 37 35 3A 36 32 00 20 20 20 31 3C DB   // прием: 39 байт; 22:10:27:179 08.03.2018
// таймаут: 65 мсек

Верхняя граница 
    2975:62    1

CA E0 EB FE EC ED FB 20 

01 00 08 00 F6 01 85 CA   // передача: 8 байт; 22:10:27:354 08.03.2018
// приём по количеству байт: 9 из 9
// принято с порта: 9 байт

01 00 09 00 F6 00 00 37 F3   // прием: 9 байт; 22:10:27:389 08.03.2018
// таймаут: 35 мсек


CA E0 EB FE EC ED FB 20 

01 00 07 00 F7 E9 87   // передача: 7 байт; 22:10:27:390 08.03.2018
// приём по количеству байт: 39 из 39
// принято с порта: 39 байт

01 00 27 00 F7 C2 E5 F0 F5 ED FF FF 20 E3 F0 E0 ED E8 F6 E0 20 20 20 20 20 5F 5F 5F 31 20 20 20 20 20 00 20 31 74 58   // прием: 39 байт; 22:10:27:455 08.03.2018
// таймаут: 65 мсек

Верхняя граница 
    ___1       1

CA E0 EB FE EC ED FB 20 

01 00 07 00 F7 E9 87   // передача: 7 байт; 22:10:27:972 08.03.2018
// приём по количеству байт: 39 из 39
// принято с порта: 39 байт

01 00 27 00 F7 C2 E5 F0 F5 ED FF FF 20 E3 F0 E0 ED E8 F6 E0 20 20 20 20 20 5F 5F 5F 31 20 20 20 20 20 00 20 31 74 58   // прием: 39 байт; 22:10:28:037 08.03.2018
// таймаут: 65 мсек

Верхняя граница 
    ___1       1

CA E0 EB FE EC ED FB 20 

01 00 08 00 F6 0D 85 CF   // передача: 8 байт; 22:10:28:218 08.03.2018
// приём по количеству байт: 9 из 9
// принято с порта: 9 байт

01 00 09 00 F6 00 00 37 F3   // прием: 9 байт; 22:10:28:253 08.03.2018
// таймаут: 35 мсек


CA E0 EB FE EC ED FB 20 

01 00 07 00 F7 E9 87   // передача: 7 байт; 22:10:28:254 08.03.2018
// приём по количеству байт: 39 из 39
// принято с порта: 39 байт

01 00 27 00 F7 C2 E5 F0 F5 ED FF FF 20 E3 F0 E0 ED E8 F6 E0 20 20 20 20 20 30 30 30 31 3A 30 31 00 20 20 20 31 0E A9   // прием: 39 байт; 22:10:28:319 08.03.2018
// таймаут: 65 мсек

Верхняя граница 
    0001:01    1

CA E0 EB FE EC ED FB 20 

01 00 07 00 F7 E9 87   // передача: 7 байт; 22:10:28:829 08.03.2018
// приём по количеству байт: 39 из 39
// принято с порта: 39 байт

01 00 27 00 F7 C2 E5 F0 F5 ED FF FF 20 E3 F0 E0 ED E8 F6 E0 20 20 20 20 20 30 30 30 31 3A 30 31 00 20 20 20 31 0E A9   // прием: 39 байт; 22:10:28:894 08.03.2018
// таймаут: 65 мсек

Верхняя граница 
    0001:01    1

CA E0 EB FE EC ED FB 20 

01 00 08 00 F6 0C 44 0F   // передача: 8 байт; 22:10:29:242 08.03.2018
// приём по количеству байт: 9 из 9
// принято с порта: 9 байт

01 00 09 00 F6 00 00 37 F3   // прием: 9 байт; 22:10:29:277 08.03.2018
// таймаут: 35 мсек


CA E0 EB FE EC ED FB 20 

01 00 07 00 F7 E9 87   // передача: 7 байт; 22:10:29:278 08.03.2018
// приём по количеству байт: 39 из 39
// принято с порта: 39 байт

01 00 27 00 F7 CF F0 EE E3 F0 E0 EC EC E0 20 3F 20 20 20 20 20 2D 5F 5F 5F 20 20 20 20 20 20 20 20 20 20 20 20 16 D2   // прием: 39 байт; 22:10:29:343 08.03.2018
// таймаут: 65 мсек

Программа ?     
-___            

CA E0 EB FE EC ED FB 20 

01 00 07 00 F7 E9 87   // передача: 7 байт; 22:10:29:844 08.03.2018
// приём по количеству байт: 39 из 39
// принято с порта: 39 байт

01 00 27 00 F7 CF F0 EE E3 F0 E0 EC EC E0 20 3F 20 20 20 20 20 2D 5F 5F 5F 20 20 20 20 20 20 20 20 20 20 20 20 16 D2   // прием: 39 байт; 22:10:29:909 08.03.2018
// таймаут: 65 мсек

Программа ?     
-___            

CA E0 EB FE EC ED FB 20 

01 00 08 00 F6 01 85 CA   // передача: 8 байт; 22:10:30:154 08.03.2018
// приём по количеству байт: 9 из 9
// принято с порта: 9 байт

01 00 09 00 F6 00 00 37 F3   // прием: 9 байт; 22:10:30:189 08.03.2018
// таймаут: 35 мсек


CA E0 EB FE EC ED FB 20 

01 00 07 00 F7 E9 87   // передача: 7 байт; 22:10:30:190 08.03.2018
// приём по количеству байт: 39 из 39
// принято с порта: 39 байт

01 00 27 00 F7 CF F0 EE E3 F0 E0 EC EC E0 20 3F 20 20 20 20 20 2D 5F 5F 31 20 20 20 20 20 20 20 20 20 20 20 20 81 FC   // прием: 39 байт; 22:10:30:255 08.03.2018
// таймаут: 65 мсек

Программа ?     
-__1            

CA E0 EB FE EC ED FB 20 

01 00 08 00 F6 08 45 CC   // передача: 8 байт; 22:10:30:570 08.03.2018
// приём по количеству байт: 9 из 9
// принято с порта: 9 байт

01 00 09 00 F6 00 00 37 F3   // прием: 9 байт; 22:10:30:605 08.03.2018
// таймаут: 35 мсек


CA E0 EB FE EC ED FB 20 

01 00 07 00 F7 E9 87   // передача: 7 байт; 22:10:30:606 08.03.2018
// приём по количеству байт: 39 из 39
// принято с порта: 39 байт

01 00 27 00 F7 CF F0 EE E3 F0 E0 EC EC E0 20 3F 20 20 20 20 20 2D 5F 31 38 20 20 20 20 20 20 20 20 20 20 20 20 F3 9B   // прием: 39 байт; 22:10:30:671 08.03.2018
// таймаут: 65 мсек

Программа ?     
-_18            

CA E0 EB FE EC ED FB 20 

01 00 08 00 F6 04 45 C9   // передача: 8 байт; 22:10:30:954 08.03.2018
// приём по количеству байт: 9 из 9
// принято с порта: 9 байт

01 00 09 00 F6 00 00 37 F3   // прием: 9 байт; 22:10:30:989 08.03.2018
// таймаут: 35 мсек


CA E0 EB FE EC ED FB 20 

01 00 07 00 F7 E9 87   // передача: 7 байт; 22:10:30:990 08.03.2018
// приём по количеству байт: 39 из 39
// принято с порта: 39 байт

01 00 27 00 F7 CF F0 EE E3 F0 E0 EC EC E0 20 3F 20 20 20 20 20 2D 31 38 34 20 20 20 20 20 20 20 20 20 20 20 20 05 72   // прием: 39 байт; 22:10:31:055 08.03.2018
// таймаут: 65 мсек

Программа ?     
-184            

CA E0 EB FE EC ED FB 20 

01 00 08 00 F6 0D 85 CF   // передача: 8 байт; 22:10:31:410 08.03.2018
// приём по количеству байт: 9 из 9
// принято с порта: 9 байт

01 00 09 00 F6 00 00 37 F3   // прием: 9 байт; 22:10:31:445 08.03.2018
// таймаут: 35 мсек


CA E0 EB FE EC ED FB 20 

01 00 07 00 F7 E9 87   // передача: 7 байт; 22:10:31:446 08.03.2018
// приём по количеству байт: 39 из 39
// принято с порта: 39 байт

01 00 27 00 F7 C2 E5 F0 F5 ED FF FF 20 E3 F0 E0 ED E8 F6 E0 20 20 20 20 EA E0 ED E0 EB 20 3F 5F 5F 20 20 20 20 83 43   // прием: 39 байт; 22:10:31:511 08.03.2018
// таймаут: 65 мсек

Верхняя граница 
   канал ?__    

CA E0 EB FE EC ED FB 20 

01 00 07 00 F7 E9 87   // передача: 7 байт; 22:10:32:027 08.03.2018
// приём по количеству байт: 39 из 39
// принято с порта: 39 байт

01 00 27 00 F7 C2 E5 F0 F5 ED FF FF 20 E3 F0 E0 ED E8 F6 E0 20 20 20 20 EA E0 ED E0 EB 20 3F 5F 5F 20 20 20 20 83 43   // прием: 39 байт; 22:10:32:092 08.03.2018
// таймаут: 65 мсек

Верхняя граница 
   канал ?__    

CA E0 EB FE EC ED FB 20 

01 00 07 00 F7 E9 87   // передача: 7 байт; 22:10:32:604 08.03.2018
// приём по количеству байт: 39 из 39
// принято с порта: 39 байт

01 00 27 00 F7 C2 E5 F0 F5 ED FF FF 20 E3 F0 E0 ED E8 F6 E0 20 20 20 20 EA E0 ED E0 EB 20 3F 5F 5F 20 20 20 20 83 43   // прием: 39 байт; 22:10:32:669 08.03.2018
// таймаут: 65 мсек

Верхняя граница 
   канал ?__    

CA E0 EB FE EC ED FB 20 

01 00 08 00 F6 0D 85 CF   // передача: 8 байт; 22:10:32:754 08.03.2018
// приём по количеству байт: 9 из 9
// принято с порта: 9 байт

01 00 09 00 F6 00 00 37 F3   // прием: 9 байт; 22:10:32:789 08.03.2018
// таймаут: 35 мсек


CA E0 EB FE EC ED FB 20 

01 00 07 00 F7 E9 87   // передача: 7 байт; 22:10:32:790 08.03.2018
// приём по количеству байт: 39 из 39
// принято с порта: 39 байт

01 00 27 00 F7 C2 E5 F0 F5 ED FF FF 20 E3 F0 E0 ED E8 F6 E0 20 20 20 20 20 30 30 30 31 3A 30 31 00 20 20 20 31 0E A9   // прием: 39 байт; 22:10:32:855 08.03.2018
// таймаут: 65 мсек

Верхняя граница 
    0001:01    1

CA E0 EB FE EC ED FB 20 

01 00 07 00 F7 E9 87   // передача: 7 байт; 22:10:33:354 08.03.2018
// приём по количеству байт: 39 из 39
// принято с порта: 39 байт

01 00 27 00 F7 C2 E5 F0 F5 ED FF FF 20 E3 F0 E0 ED E8 F6 E0 20 20 20 20 20 30 30 30 31 3A 30 31 00 20 20 20 31 0E A9   // прием: 39 байт; 22:10:33:420 08.03.2018
// таймаут: 66 мсек

Верхняя граница 
    0001:01    1

CA E0 EB FE EC ED FB 20 

01 00 07 00 F7 E9 87   // передача: 7 байт; 22:10:33:930 08.03.2018
// приём по количеству байт: 39 из 39
// принято с порта: 39 байт

01 00 27 00 F7 C2 E5 F0 F5 ED FF FF 20 E3 F0 E0 ED E8 F6 E0 20 20 20 20 20 30 30 30 31 3A 30 31 00 20 20 20 31 0E A9   // прием: 39 байт; 22:10:33:995 08.03.2018
// таймаут: 65 мсек

Верхняя граница 
    0001:01    1

CA E0 EB FE EC ED FB 20 

01 00 07 00 F7 E9 87   // передача: 7 байт; 22:10:34:494 08.03.2018
// приём по количеству байт: 39 из 39
// принято с порта: 39 байт

01 00 27 00 F7 C2 E5 F0 F5 ED FF FF 20 E3 F0 E0 ED E8 F6 E0 20 20 20 20 20 30 30 30 31 3A 30 31 00 20 20 20 31 0E A9   // прием: 39 байт; 22:10:34:559 08.03.2018
// таймаут: 65 мсек

Верхняя граница 
    0001:01    1

CA E0 EB FE EC ED FB 20 

01 00 08 00 F6 04 45 C9   // передача: 8 байт; 22:10:34:666 08.03.2018
// приём по количеству байт: 9 из 9
// принято с порта: 9 байт

01 00 09 00 F6 00 00 37 F3   // прием: 9 байт; 22:10:34:701 08.03.2018
// таймаут: 35 мсек


CA E0 EB FE EC ED FB 20 

01 00 07 00 F7 E9 87   // передача: 7 байт; 22:10:34:702 08.03.2018
// приём по количеству байт: 39 из 39
// принято с порта: 39 байт

01 00 27 00 F7 C2 E5 F0 F5 ED FF FF 20 E3 F0 E0 ED E8 F6 E0 20 20 20 20 20 5F 5F 5F 34 20 20 20 20 20 00 20 31 4B 08   // прием: 39 байт; 22:10:34:767 08.03.2018
// таймаут: 65 мсек

Верхняя граница 
    ___4       1

CA E0 EB FE EC ED FB 20 

01 00 07 00 F7 E9 87   // передача: 7 байт; 22:10:35:272 08.03.2018
// приём по количеству байт: 39 из 39
// принято с порта: 39 байт

01 00 27 00 F7 C2 E5 F0 F5 ED FF FF 20 E3 F0 E0 ED E8 F6 E0 20 20 20 20 20 5F 5F 5F 34 20 20 20 20 20 00 20 31 4B 08   // прием: 39 байт; 22:10:35:337 08.03.2018
// таймаут: 65 мсек

Верхняя граница 
    ___4       1

CA E0 EB FE EC ED FB 20 

01 00 08 00 F6 0D 85 CF   // передача: 8 байт; 22:10:35:738 08.03.2018
// приём по количеству байт: 9 из 9
// принято с порта: 9 байт

01 00 09 00 F6 00 00 37 F3   // прием: 9 байт; 22:10:35:772 08.03.2018
// таймаут: 34 мсек


CA E0 EB FE EC ED FB 20 

01 00 07 00 F7 E9 87   // передача: 7 байт; 22:10:35:774 08.03.2018
// приём по количеству байт: 39 из 39
// принято с порта: 39 байт

01 00 27 00 F7 C2 E5 F0 F5 ED FF FF 20 E3 F0 E0 ED E8 F6 E0 20 20 20 20 20 30 30 30 34 3A 30 31 00 20 20 20 31 31 F9   // прием: 39 байт; 22:10:35:839 08.03.2018
// таймаут: 65 мсек

Верхняя граница 
    0004:01    1

CA E0 EB FE EC ED FB 20 

01 00 07 00 F7 E9 87   // передача: 7 байт; 22:10:36:349 08.03.2018
// приём по количеству байт: 39 из 39
// принято с порта: 39 байт

01 00 27 00 F7 C2 E5 F0 F5 ED FF FF 20 E3 F0 E0 ED E8 F6 E0 20 20 20 20 20 30 30 30 34 3A 30 31 00 20 20 20 31 31 F9   // прием: 39 байт; 22:10:36:414 08.03.2018
// таймаут: 65 мсек

Верхняя граница 
    0004:01    1

CA E0 EB FE EC ED FB 20 

01 00 07 00 F7 E9 87   // передача: 7 байт; 22:10:36:916 08.03.2018
// приём по количеству байт: 39 из 39
// принято с порта: 39 байт

01 00 27 00 F7 C2 E5 F0 F5 ED FF FF 20 E3 F0 E0 ED E8 F6 E0 20 20 20 20 20 30 30 30 34 3A 30 31 00 20 20 20 31 31 F9   // прием: 39 байт; 22:10:36:981 08.03.2018
// таймаут: 65 мсек

Верхняя граница 
    0004:01    1

CA E0 EB FE EC ED FB 20 

01 00 07 00 F7 E9 87   // передача: 7 байт; 22:10:37:488 08.03.2018

CA E0 EB FE EC ED FB 20 

01 00 08 00 F6 0C 44 0F   // передача: 8 байт; 22:10:37:523 08.03.2018
// приём по количеству байт: 16 из 9
// принято с порта: 16 байт

01 00 27 00 F7 C2 E5 F0 F5 ED FF FF 20 E3 F0 E0   // прием: 16 байт; 22:10:37:523 08.03.2018
// таймаут: 0 мсек

// приём по количеству байт: 9 из 9
// принято с порта: 9 байт

ED E8 F6 E0 20 20 20 20 20   // прием: 9 байт; 22:10:37:538 08.03.2018
// таймаут: 15 мсек

// приём по количеству байт: 9 из 9
// принято с порта: 9 байт

01 00 09 00 F6 00 00 37 F3   // прием: 9 байт; 22:10:37:557 08.03.2018
// таймаут: 34 мсек


CA E0 EB FE EC ED FB 20 

01 00 07 00 F7 E9 87   // передача: 7 байт; 22:10:37:559 08.03.2018
// приём по количеству байт: 39 из 39
// принято с порта: 39 байт

01 00 27 00 F7 CF F0 EE E3 F0 E0 EC EC E0 20 3F 20 20 20 20 20 2D 5F 5F 5F 20 20 20 20 20 20 20 20 20 20 20 20 16 D2   // прием: 39 байт; 22:10:37:624 08.03.2018
// таймаут: 65 мсек

Программа ?     
-___            

CA E0 EB FE EC ED FB 20 

01 00 08 00 F6 08 45 CC   // передача: 8 байт; 22:10:38:011 08.03.2018
// приём по количеству байт: 9 из 9
// принято с порта: 9 байт

01 00 09 00 F6 00 00 37 F3   // прием: 9 байт; 22:10:38:045 08.03.2018
// таймаут: 34 мсек


CA E0 EB FE EC ED FB 20 

01 00 07 00 F7 E9 87   // передача: 7 байт; 22:10:38:047 08.03.2018
// приём по количеству байт: 39 из 39
// принято с порта: 39 байт

01 00 27 00 F7 CF F0 EE E3 F0 E0 EC EC E0 20 3F 20 20 20 20 20 2D 5F 5F 38 20 20 20 20 20 20 20 20 20 20 20 20 9C 35   // прием: 39 байт; 22:10:38:112 08.03.2018
// таймаут: 65 мсек

Программа ?     
-__8            

CA E0 EB FE EC ED FB 20 

01 00 08 00 F6 03 04 0B   // передача: 8 байт; 22:10:38:467 08.03.2018
// приём по количеству байт: 9 из 9
// принято с порта: 9 байт

01 00 09 00 F6 00 00 37 F3   // прием: 9 байт; 22:10:38:501 08.03.2018
// таймаут: 34 мсек


CA E0 EB FE EC ED FB 20 

01 00 07 00 F7 E9 87   // передача: 7 байт; 22:10:38:503 08.03.2018
// приём по количеству байт: 39 из 39
// принято с порта: 39 байт

01 00 27 00 F7 CF F0 EE E3 F0 E0 EC EC E0 20 3F 20 20 20 20 20 2D 5F 38 33 20 20 20 20 20 20 20 20 20 20 20 20 E0 19   // прием: 39 байт; 22:10:38:568 08.03.2018
// таймаут: 65 мсек

Программа ?     
-_83            

CA E0 EB FE EC ED FB 20 

01 00 07 00 F7 E9 87   // передача: 7 байт; 22:10:39:079 08.03.2018
// приём по количеству байт: 39 из 39
// принято с порта: 39 байт

01 00 27 00 F7 CF F0 EE E3 F0 E0 EC EC E0 20 3F 20 20 20 20 20 2D 5F 38 33 20 20 20 20 20 20 20 20 20 20 20 20 E0 19   // прием: 39 байт; 22:10:39:144 08.03.2018
// таймаут: 65 мсек

Программа ?     
-_83            

CA E0 EB FE EC ED FB 20 

01 00 08 00 F6 0D 85 CF   // передача: 8 байт; 22:10:39:307 08.03.2018
// приём по количеству байт: 9 из 9
// принято с порта: 9 байт

01 00 09 00 F6 00 00 37 F3   // прием: 9 байт; 22:10:39:341 08.03.2018
// таймаут: 34 мсек


CA E0 EB FE EC ED FB 20 

01 00 07 00 F7 E9 87   // передача: 7 байт; 22:10:39:343 08.03.2018
// приём по количеству байт: 39 из 39
// принято с порта: 39 байт

01 00 27 00 F7 CE F2 EB E0 E4 EA E0 20 20 20 20 20 20 20 20 20 20 20 20 20 20 20 20 CE CA 20 20 20 20 20 20 20 A3 3D   // прием: 39 байт; 22:10:39:447 08.03.2018
// таймаут: 104 мсек

Отладка         
       ОК       

CA E0 EB FE EC ED FB 20 

01 00 07 00 F7 E9 87   // передача: 7 байт; 22:10:39:953 08.03.2018
// приём по количеству байт: 39 из 39
// принято с порта: 39 байт

01 00 27 00 F7 CE F2 EB E0 E4 EA E0 20 20 20 20 20 20 20 20 20 20 20 20 20 20 20 20 CE CA 20 20 20 20 20 20 20 A3 3D   // прием: 39 байт; 22:10:40:018 08.03.2018
// таймаут: 65 мсек

Отладка         
       ОК       

CA E0 EB FE EC ED FB 20 

01 00 08 00 F6 0C 44 0F   // передача: 8 байт; 22:10:40:131 08.03.2018
// приём по количеству байт: 9 из 9
// принято с порта: 9 байт

01 00 09 00 F6 00 00 37 F3   // прием: 9 байт; 22:10:40:165 08.03.2018
// таймаут: 34 мсек


CA E0 EB FE EC ED FB 20 

01 00 07 00 F7 E9 87   // передача: 7 байт; 22:10:40:167 08.03.2018
// приём по количеству байт: 39 из 39
// принято с порта: 39 байт

01 00 27 00 F7 CF F0 EE E3 F0 E0 EC EC E0 20 3F 20 20 20 20 20 2D 5F 5F 5F 20 20 20 20 20 20 20 20 20 20 20 20 16 D2   // прием: 39 байт; 22:10:40:231 08.03.2018
// таймаут: 64 мсек

Программа ?     
-___            

CA E0 EB FE EC ED FB 20 

01 00 08 00 F6 01 85 CA   // передача: 8 байт; 22:10:40:627 08.03.2018
// приём по количеству байт: 9 из 9
// принято с порта: 9 байт

01 00 09 00 F6 00 00 37 F3   // прием: 9 байт; 22:10:40:661 08.03.2018
// таймаут: 34 мсек


CA E0 EB FE EC ED FB 20 

01 00 07 00 F7 E9 87   // передача: 7 байт; 22:10:40:663 08.03.2018
// приём по количеству байт: 39 из 39
// принято с порта: 39 байт

01 00 27 00 F7 CF F0 EE E3 F0 E0 EC EC E0 20 3F 20 20 20 20 20 2D 5F 5F 31 20 20 20 20 20 20 20 20 20 20 20 20 81 FC   // прием: 39 байт; 22:10:40:728 08.03.2018
// таймаут: 65 мсек

Программа ?     
-__1            

CA E0 EB FE EC ED FB 20 

01 00 07 00 F7 E9 87   // передача: 7 байт; 22:10:41:232 08.03.2018

CA E0 EB FE EC ED FB 20 

01 00 08 00 F6 05 84 09   // передача: 8 байт; 22:10:41:275 08.03.2018
// приём по количеству байт: 24 из 9
// принято с порта: 24 байт

01 00 27 00 F7 CF F0 EE E3 F0 E0 EC EC E0 20 3F 20 20 20 20 20 2D 5F 5F   // прием: 24 байт; 22:10:41:276 08.03.2018
// таймаут: 1 мсек

// приём по количеству байт: 16 из 9
// принято с порта: 16 байт

31 20 20 20 20 20 20 20 01 00 09 00 F6 00 00 37   // прием: 16 байт; 22:10:41:303 08.03.2018
// таймаут: 28 мсек


CA E0 EB FE EC ED FB 20 

01 00 08 00 F6 05 84 09   // передача: 8 байт; 22:10:42:227 08.03.2018
// приём по количеству байт: 9 из 9
// принято с порта: 9 байт

F3 01 00 09 00 F6 00 00 37   // прием: 9 байт; 22:10:42:255 08.03.2018
// таймаут: 28 мсек

// приём по таймауту: 1000 мс
// принято с порта: 1 байт

F3   // прием: 1 байт; 22:10:43:274 08.03.2018
// таймаут: 1047 мсек


CA E0 EB FE EC ED FB 20 

01 00 07 00 F7 E9 87   // передача: 7 байт; 22:10:43:355 08.03.2018
// приём по количеству байт: 39 из 39
// принято с порта: 39 байт

01 00 27 00 F7 CF F0 EE E3 F0 E0 EC EC E0 20 3F 20 20 20 20 20 2D 31 35 35 20 20 20 20 20 20 20 20 20 20 20 20 0B 3E   // прием: 39 байт; 22:10:43:419 08.03.2018
// таймаут: 64 мсек

Программа ?     
-155            

CA E0 EB FE EC ED FB 20 

01 00 07 00 F7 E9 87   // передача: 7 байт; 22:10:43:931 08.03.2018
// приём по количеству байт: 39 из 39
// принято с порта: 39 байт

01 00 27 00 F7 CF F0 EE E3 F0 E0 EC EC E0 20 3F 20 20 20 20 20 2D 31 35 35 20 20 20 20 20 20 20 20 20 20 20 20 0B 3E   // прием: 39 байт; 22:10:43:996 08.03.2018
// таймаут: 65 мсек

Программа ?     
-155            

CA E0 EB FE EC ED FB 20 

01 00 07 00 F7 E9 87   // передача: 7 байт; 22:10:44:508 08.03.2018
// приём по количеству байт: 39 из 39
// принято с порта: 39 байт

01 00 27 00 F7 CF F0 EE E3 F0 E0 EC EC E0 20 3F 20 20 20 20 20 2D 31 35 35 20 20 20 20 20 20 20 20 20 20 20 20 0B 3E   // прием: 39 байт; 22:10:44:573 08.03.2018
// таймаут: 65 мсек

Программа ?     
-155            

CA E0 EB FE EC ED FB 20 

01 00 08 00 F6 0C 44 0F   // передача: 8 байт; 22:10:44:683 08.03.2018
// приём по количеству байт: 9 из 9
// принято с порта: 9 байт

01 00 09 00 F6 00 00 37 F3   // прием: 9 байт; 22:10:44:717 08.03.2018
// таймаут: 34 мсек


CA E0 EB FE EC ED FB 20 

01 00 07 00 F7 E9 87   // передача: 7 байт; 22:10:44:719 08.03.2018
// приём по количеству байт: 39 из 39
// принято с порта: 39 байт

01 00 27 00 F7 CF F0 EE E3 F0 E0 EC EC E0 20 3F 20 20 20 20 20 2D 5F 5F 5F 20 20 20 20 20 20 20 20 20 20 20 20 16 D2   // прием: 39 байт; 22:10:44:783 08.03.2018
// таймаут: 64 мсек

Программа ?     
-___            

CA E0 EB FE EC ED FB 20 

01 00 08 00 F6 01 85 CA   // передача: 8 байт; 22:10:45:186 08.03.2018
// приём по количеству байт: 9 из 9
// принято с порта: 9 байт

01 00 09 00 F6 00 00 37 F3   // прием: 9 байт; 22:10:45:221 08.03.2018
// таймаут: 35 мсек


CA E0 EB FE EC ED FB 20 

01 00 07 00 F7 E9 87   // передача: 7 байт; 22:10:45:222 08.03.2018

CA E0 EB FE EC ED FB 20 

01 00 07 00 F7 E9 87   // передача: 7 байт; 22:10:45:288 08.03.2018
// приём по количеству байт: 39 из 39
// принято с порта: 39 байт

01 00 27 00 F7 CF F0 EE E3 F0 E0 EC EC E0 20 3F 20 20 20 20 20 2D 5F 5F 31 20 20 20 20 20 20 20 20 20 20 20 20 81 FC   // прием: 39 байт; 22:10:45:288 08.03.2018
// таймаут: 0 мсек

Программа ?     
-__1            
// приём по количеству байт: 8 из 0
// принято с порта: 8 байт

01 00 27 00 F7 CF F0 EE   // прием: 8 байт; 22:10:45:315 08.03.2018
// таймаут: 27 мсек

// приём по количеству байт: 8 из 0
// принято с порта: 8 байт

E3 F0 E0 EC EC E0 20 3F   // прием: 8 байт; 22:10:45:323 08.03.2018
// таймаут: 35 мсек

// приём по количеству байт: 8 из 0
// принято с порта: 8 байт

20 20 20 20 20 2D 5F 5F   // прием: 8 байт; 22:10:45:332 08.03.2018
// таймаут: 44 мсек

// приём по количеству байт: 8 из 0
// принято с порта: 8 байт

31 20 20 20 20 20 20 20   // прием: 8 байт; 22:10:45:340 08.03.2018
// таймаут: 52 мсек

// приём по количеству байт: 7 из 0
// принято с порта: 7 байт

20 20 20 20 20 81 FC   // прием: 7 байт; 22:10:45:352 08.03.2018
// таймаут: 64 мсек


CA E0 EB FE EC ED FB 20 

01 00 08 00 F6 05 84 09   // передача: 8 байт; 22:10:45:786 08.03.2018

CA E0 EB FE EC ED FB 20 

01 00 07 00 F7 E9 87   // передача: 7 байт; 22:10:45:802 08.03.2018
// приём по количеству байт: 41 из 39
// принято с порта: 41 байт

01 00 09 00 F6 00 00 37 F3 01 00 27 00 F7 CF F0 EE E3 F0 E0 EC EC E0 20 3F 20 20 20 20 20 2D 5F 31 35 20 20 20 20 20 20 20   // прием: 41 байт; 22:10:45:856 08.03.2018
// таймаут: 54 мсек


CA E0 EB FE EC ED FB 20 

01 00 07 00 F7 E9 87   // передача: 7 байт; 22:10:46:667 08.03.2018
// приём по количеству байт: 39 из 39
// принято с порта: 39 байт

20 20 20 20 20 E0 D6 01 00 27 00 F7 CF F0 EE E3 F0 E0 EC EC E0 20 3F 20 20 20 20 20 2D 5F 31 35 20 20 20 20 20 20 20   // прием: 39 байт; 22:10:46:719 08.03.2018
// таймаут: 52 мсек

// приём по таймауту: 1000 мс
// принято с порта: 7 байт

20 20 20 20 20 E0 D6   // прием: 7 байт; 22:10:47:737 08.03.2018
// таймаут: 1070 мсек


CA E0 EB FE EC ED FB 20 

01 00 08 00 F6 05 84 09   // передача: 8 байт; 22:10:47:842 08.03.2018
// приём по количеству байт: 9 из 9
// принято с порта: 9 байт

01 00 09 00 F6 00 00 37 F3   // прием: 9 байт; 22:10:47:877 08.03.2018
// таймаут: 35 мсек


CA E0 EB FE EC ED FB 20 

01 00 07 00 F7 E9 87   // передача: 7 байт; 22:10:47:878 08.03.2018
// приём по количеству байт: 39 из 39
// принято с порта: 39 байт

01 00 27 00 F7 CF F0 EE E3 F0 E0 EC EC E0 20 3F 20 20 20 20 20 2D 31 35 35 20 20 20 20 20 20 20 20 20 20 20 20 0B 3E   // прием: 39 байт; 22:10:47:943 08.03.2018
// таймаут: 65 мсек

Программа ?     
-155            

CA E0 EB FE EC ED FB 20 

01 00 07 00 F7 E9 87   // передача: 7 байт; 22:10:48:454 08.03.2018
// приём по количеству байт: 39 из 39
// принято с порта: 39 байт

01 00 27 00 F7 CF F0 EE E3 F0 E0 EC EC E0 20 3F 20 20 20 20 20 2D 31 35 35 20 20 20 20 20 20 20 20 20 20 20 20 0B 3E   // прием: 39 байт; 22:10:48:519 08.03.2018
// таймаут: 65 мсек

Программа ?     
-155            

CA E0 EB FE EC ED FB 20 

01 00 07 00 F7 E9 87   // передача: 7 байт; 22:10:49:031 08.03.2018
// приём по количеству байт: 39 из 39
// принято с порта: 39 байт

01 00 27 00 F7 CF F0 EE E3 F0 E0 EC EC E0 20 3F 20 20 20 20 20 2D 31 35 35 20 20 20 20 20 20 20 20 20 20 20 20 0B 3E   // прием: 39 байт; 22:10:49:096 08.03.2018
// таймаут: 65 мсек

Программа ?     
-155            

CA E0 EB FE EC ED FB 20 

01 00 07 00 F7 E9 87   // передача: 7 байт; 22:10:49:874 08.03.2018
// приём по количеству байт: 39 из 39
// принято с порта: 39 байт

01 00 27 00 F7 CF F0 EE E3 F0 E0 EC EC E0 20 3F 20 20 20 20 20 2D 31 35 35 20 20 20 20 20 20 20 20 20 20 20 20 0B 3E   // прием: 39 байт; 22:10:49:939 08.03.2018
// таймаут: 65 мсек

Программа ?     
-155            

CA E0 EB FE EC ED FB 20 

01 00 08 00 F6 0C 44 0F   // передача: 8 байт; 22:10:50:666 08.03.2018
// приём по количеству байт: 9 из 9
// принято с порта: 9 байт

01 00 09 00 F6 00 00 37 F3   // прием: 9 байт; 22:10:50:701 08.03.2018
// таймаут: 35 мсек


CA E0 EB FE EC ED FB 20 

01 00 07 00 F7 E9 87   // передача: 7 байт; 22:10:50:702 08.03.2018
// приём по количеству байт: 39 из 39
// принято с порта: 39 байт

01 00 27 00 F7 CF F0 EE E3 F0 E0 EC EC E0 20 3F 20 20 20 20 20 2D 5F 5F 5F 20 20 20 20 20 20 20 20 20 20 20 20 16 D2   // прием: 39 байт; 22:10:50:767 08.03.2018
// таймаут: 65 мсек

Программа ?     
-___            

CA E0 EB FE EC ED FB 20 

01 00 08 00 F6 01 85 CA   // передача: 8 байт; 22:10:51:330 08.03.2018
// приём по количеству байт: 9 из 9
// принято с порта: 9 байт

01 00 09 00 F6 00 00 37 F3   // прием: 9 байт; 22:10:51:364 08.03.2018
// таймаут: 34 мсек


CA E0 EB FE EC ED FB 20 

01 00 07 00 F7 E9 87   // передача: 7 байт; 22:10:51:366 08.03.2018
// приём по количеству байт: 39 из 39
// принято с порта: 39 байт

01 00 27 00 F7 CF F0 EE E3 F0 E0 EC EC E0 20 3F 20 20 20 20 20 2D 5F 5F 31 20 20 20 20 20 20 20 20 20 20 20 20 81 FC   // прием: 39 байт; 22:10:51:431 08.03.2018
// таймаут: 65 мсек

Программа ?     
-__1            

CA E0 EB FE EC ED FB 20 

01 00 08 00 F6 05 84 09   // передача: 8 байт; 22:10:51:730 08.03.2018
// приём по количеству байт: 9 из 9
// принято с порта: 9 байт

01 00 09 00 F6 00 00 37 F3   // прием: 9 байт; 22:10:51:764 08.03.2018
// таймаут: 34 мсек


CA E0 EB FE EC ED FB 20 

01 00 07 00 F7 E9 87   // передача: 7 байт; 22:10:51:766 08.03.2018
// приём по количеству байт: 39 из 39
// принято с порта: 39 байт

01 00 27 00 F7 CF F0 EE E3 F0 E0 EC EC E0 20 3F 20 20 20 20 20 2D 5F 31 35 20 20 20 20 20 20 20 20 20 20 20 20 E0 D6   // прием: 39 байт; 22:10:51:831 08.03.2018
// таймаут: 65 мсек

Программа ?     
-_15            

CA E0 EB FE EC ED FB 20 

01 00 08 00 F6 0D 85 CF   // передача: 8 байт; 22:10:52:386 08.03.2018
// приём по количеству байт: 9 из 9
// принято с порта: 9 байт

01 00 09 00 F6 00 00 37 F3   // прием: 9 байт; 22:10:52:420 08.03.2018
// таймаут: 34 мсек


CA E0 EB FE EC ED FB 20 

01 00 07 00 F7 E9 87   // передача: 7 байт; 22:10:52:422 08.03.2018
// приём по количеству байт: 39 из 39
// принято с порта: 39 байт

01 00 27 00 F7 D0 E0 E1 EE F2 E0 20 20 20 20 20 20 20 20 20 20 20 20 20 20 20 20 20 CE CA 20 20 20 20 20 20 20 DE 07   // прием: 39 байт; 22:10:52:592 08.03.2018
// таймаут: 170 мсек

Работа          
       ОК       

CA E0 EB FE EC ED FB 20 

01 00 08 00 F6 0C 44 0F   // передача: 8 байт; 22:10:53:274 08.03.2018
// приём по количеству байт: 9 из 9
// принято с порта: 9 байт

01 00 09 00 F6 00 00 37 F3   // прием: 9 байт; 22:10:53:308 08.03.2018
// таймаут: 34 мсек


CA E0 EB FE EC ED FB 20 

01 00 07 00 F7 E9 87   // передача: 7 байт; 22:10:53:310 08.03.2018
// приём по количеству байт: 39 из 39
// принято с порта: 39 байт

01 00 27 00 F7 CF F0 EE E3 F0 E0 EC EC E0 20 3F 20 20 20 20 20 3E 5F 5F 5F 20 20 20 20 20 20 20 20 20 20 20 20 5B EF   // прием: 39 байт; 22:10:53:375 08.03.2018
// таймаут: 65 мсек

Программа ?     
>___            

CA E0 EB FE EC ED FB 20 

01 00 08 00 F6 01 85 CA   // передача: 8 байт; 22:10:54:651 08.03.2018
// приём по количеству байт: 9 из 9
// принято с порта: 9 байт

01 00 09 00 F6 00 00 37 F3   // прием: 9 байт; 22:10:54:685 08.03.2018
// таймаут: 34 мсек


CA E0 EB FE EC ED FB 20 

01 00 07 00 F7 E9 87   // передача: 7 байт; 22:10:54:687 08.03.2018
// приём по количеству байт: 39 из 39
// принято с порта: 39 байт

01 00 27 00 F7 CF F0 EE E3 F0 E0 EC EC E0 20 3F 20 20 20 20 20 3E 5F 5F 31 20 20 20 20 20 20 20 20 20 20 20 20 CC C1   // прием: 39 байт; 22:10:54:752 08.03.2018
// таймаут: 65 мсек

Программа ?     
>__1            

CA E0 EB FE EC ED FB 20 

01 00 08 00 F6 09 84 0C   // передача: 8 байт; 22:10:55:203 08.03.2018
// приём по количеству байт: 9 из 9
// принято с порта: 9 байт

01 00 09 00 F6 00 00 37 F3   // прием: 9 байт; 22:10:55:237 08.03.2018
// таймаут: 34 мсек


CA E0 EB FE EC ED FB 20 

01 00 07 00 F7 E9 87   // передача: 7 байт; 22:10:55:239 08.03.2018

CA E0 EB FE EC ED FB 20 

01 00 07 00 F7 E9 87   // передача: 7 байт; 22:10:55:253 08.03.2018
// приём по количеству байт: 41 из 39
// принято с порта: 41 байт

01 00 27 00 F7 CF F0 EE E3 01 00 27 00 F7 CF F0 EE E3 F0 E0 EC EC E0 20 3F 20 20 20 20 20 3E 5F 31 39 20 20 20 20 20 20 20   // прием: 41 байт; 22:10:55:307 08.03.2018
// таймаут: 54 мсек


CA E0 EB FE EC ED FB 20 

01 00 08 00 F6 00 44 0A   // передача: 8 байт; 22:10:55:939 08.03.2018
// приём по количеству байт: 15 из 9
// принято с порта: 15 байт

20 20 20 20 20 BC 27 01 00 09 00 F6 00 00 37   // прием: 15 байт; 22:10:55:967 08.03.2018
// таймаут: 28 мсек

// приём по таймауту: 1000 мс
// принято с порта: 1 байт

F3   // прием: 1 байт; 22:10:56:987 08.03.2018
// таймаут: 1048 мсек


CA E0 EB FE EC ED FB 20 

01 00 08 00 F6 0C 44 0F   // передача: 8 байт; 22:10:58:411 08.03.2018
// приём по количеству байт: 9 из 9
// принято с порта: 9 байт

01 00 09 00 F6 00 00 37 F3   // прием: 9 байт; 22:10:58:445 08.03.2018
// таймаут: 34 мсек


CA E0 EB FE EC ED FB 20 

01 00 07 00 F7 E9 87   // передача: 7 байт; 22:10:58:447 08.03.2018
// приём по количеству байт: 39 из 39
// принято с порта: 39 байт

01 00 27 00 F7 CF F0 EE E3 F0 E0 EC EC E0 20 3F 20 20 20 20 20 3E 5F 5F 5F 20 20 20 20 20 20 20 20 20 20 20 20 5B EF   // прием: 39 байт; 22:10:58:511 08.03.2018
// таймаут: 64 мсек

Программа ?     
>___            

CA E0 EB FE EC ED FB 20 

01 00 08 00 F6 01 85 CA   // передача: 8 байт; 22:10:59:163 08.03.2018
// приём по количеству байт: 9 из 9
// принято с порта: 9 байт

01 00 09 00 F6 00 00 37 F3   // прием: 9 байт; 22:10:59:197 08.03.2018
// таймаут: 34 мсек


CA E0 EB FE EC ED FB 20 

01 00 07 00 F7 E9 87   // передача: 7 байт; 22:10:59:199 08.03.2018
// приём по количеству байт: 39 из 39
// принято с порта: 39 байт

01 00 27 00 F7 CF F0 EE E3 F0 E0 EC EC E0 20 3F 20 20 20 20 20 3E 5F 5F 31 20 20 20 20 20 20 20 20 20 20 20 20 CC C1   // прием: 39 байт; 22:10:59:263 08.03.2018
// таймаут: 64 мсек

Программа ?     
>__1            

CA E0 EB FE EC ED FB 20 

01 00 08 00 F6 09 84 0C   // передача: 8 байт; 22:10:59:659 08.03.2018
// приём по количеству байт: 9 из 9
// принято с порта: 9 байт

01 00 09 00 F6 00 00 37 F3   // прием: 9 байт; 22:10:59:693 08.03.2018
// таймаут: 34 мсек


CA E0 EB FE EC ED FB 20 

01 00 07 00 F7 E9 87   // передача: 7 байт; 22:10:59:695 08.03.2018
// приём по количеству байт: 39 из 39
// принято с порта: 39 байт

01 00 27 00 F7 CF F0 EE E3 F0 E0 EC EC E0 20 3F 20 20 20 20 20 3E 5F 31 39 20 20 20 20 20 20 20 20 20 20 20 20 BC 27   // прием: 39 байт; 22:10:59:760 08.03.2018
// таймаут: 65 мсек

Программа ?     
>_19            

CA E0 EB FE EC ED FB 20 

01 00 08 00 F6 00 44 0A   // передача: 8 байт; 22:11:00:203 08.03.2018
// приём по количеству байт: 9 из 9
// принято с порта: 9 байт

01 00 09 00 F6 00 00 37 F3   // прием: 9 байт; 22:11:00:237 08.03.2018
// таймаут: 34 мсек


CA E0 EB FE EC ED FB 20 

01 00 07 00 F7 E9 87   // передача: 7 байт; 22:11:00:239 08.03.2018
// приём по количеству байт: 39 из 39
// принято с порта: 39 байт

01 00 27 00 F7 CF F0 EE E3 F0 E0 EC EC E0 20 3F 20 20 20 20 20 3E 31 39 30 20 20 20 20 20 20 20 20 20 20 20 20 46 0A   // прием: 39 байт; 22:11:00:303 08.03.2018
// таймаут: 64 мсек

Программа ?     
>190            

CA E0 EB FE EC ED FB 20 

01 00 08 00 F6 0D 85 CF   // передача: 8 байт; 22:11:01:035 08.03.2018
// приём по количеству байт: 9 из 9
// принято с порта: 9 байт

01 00 09 00 F6 00 00 37 F3   // прием: 9 байт; 22:11:01:069 08.03.2018
// таймаут: 34 мсек


CA E0 EB FE EC ED FB 20 

01 00 07 00 F7 E9 87   // передача: 7 байт; 22:11:01:070 08.03.2018
// приём по количеству байт: 39 из 39
// принято с порта: 39 байт

01 00 27 00 F7 CA E0 ED E0 EB 3A 20 31 20 00 20 20 20 20 20 20 20 20 20 20 20 20 20 20 20 20 20 20 20 20 20 20 0D EE   // прием: 39 байт; 22:11:01:703 08.03.2018
// таймаут: 633 мсек

Канал: 1        
                

CA E0 EB FE EC ED FB 20 

01 00 07 00 F7 E9 87   // передача: 7 байт; 22:11:02:214 08.03.2018
// приём по таймауту: 1000 мс
// принято с порта: 0 байт
повтор: 1

CA E0 EB FE EC ED FB 20 

01 00 07 00 F7 E9 87   // передача: 7 байт; 22:11:03:228 08.03.2018
// приём по таймауту: 1000 мс
// принято с порта: 0 байт
повтор: 2

CA E0 EB FE EC ED FB 20 

01 00 07 00 F7 E9 87   // передача: 7 байт; 22:11:04:242 08.03.2018
// приём по таймауту: 1000 мс
// принято с порта: 0 байт
повтор: 3

CA E0 EB FE EC ED FB 20 

01 00 07 00 F7 E9 87   // передача: 7 байт; 22:11:05:256 08.03.2018
// приём по таймауту: 1000 мс
// принято с порта: 0 байт
повтор: 4

CA E0 EB FE EC ED FB 20 

01 00 07 00 F7 E9 87   // передача: 7 байт; 22:11:06:271 08.03.2018
// приём по количеству байт: 45 из 39
// принято с порта: 45 байт

01 00 27 00 F7 CA E0 ED E0 EB 3A 20 31 01 00 27 00 F7 CA E0 ED E0 EB 3A 20 31 20 00 20 20 20 20 20 20 20 20 20 20 20 20 20 20 20 20 20   // прием: 45 байт; 22:11:06:324 08.03.2018
// таймаут: 53 мсек

// приём по таймауту: 1000 мс
// принято с порта: 7 байт

20 20 20 20 20 0D EE   // прием: 7 байт; 22:11:07:345 08.03.2018
// таймаут: 1074 мсек


CA E0 EB FE EC ED FB 20 

01 00 07 00 F7 E9 87   // передача: 7 байт; 22:11:07:347 08.03.2018
// приём по таймауту: 1000 мс
// принято с порта: 0 байт
повтор: 5

CA E0 EB FE EC ED FB 20 

01 00 07 00 F7 E9 87   // передача: 7 байт; 22:11:08:360 08.03.2018
// приём по количеству байт: 39 из 39
// принято с порта: 39 байт

01 00 27 00 F7 CA E0 ED E0 EB 3A 20 31 20 00 20 20 20 20 20 20 20 EA EE F0 F0 E5 EA F6 E8 FF 3A 20 E5 F1 F2 FC 1B E3   // прием: 39 байт; 22:11:09:016 08.03.2018
// таймаут: 656 мсек

Канал: 1        
 коррекция: есть

CA E0 EB FE EC ED FB 20 

01 00 07 00 F7 E9 87   // передача: 7 байт; 22:11:09:530 08.03.2018
// приём по количеству байт: 39 из 39
// принято с порта: 39 байт

01 00 27 00 F7 CA E0 ED E0 EB 3A 20 31 20 00 20 20 20 20 20 20 20 EA EE F0 F0 E5 EA F6 E8 FF 3A 20 E5 F1 F2 FC 1B E3   // прием: 39 байт; 22:11:09:644 08.03.2018
// таймаут: 114 мсек

Канал: 1        
 коррекция: есть

CA E0 EB FE EC ED FB 20 

01 00 07 00 F7 E9 87   // передача: 7 байт; 22:11:10:154 08.03.2018
// приём по количеству байт: 39 из 39
// принято с порта: 39 байт

01 00 27 00 F7 CA E0 ED E0 EB 3A 20 31 20 00 20 20 20 20 20 20 20 EA EE F0 F0 E5 EA F6 E8 FF 3A 20 E5 F1 F2 FC 1B E3   // прием: 39 байт; 22:11:10:219 08.03.2018
// таймаут: 65 мсек

Канал: 1        
 коррекция: есть

CA E0 EB FE EC ED FB 20 

01 00 07 00 F7 E9 87   // передача: 7 байт; 22:11:10:731 08.03.2018
// приём по количеству байт: 39 из 39
// принято с порта: 39 байт

01 00 27 00 F7 CA E0 ED E0 EB 3A 20 31 20 00 20 20 20 20 20 20 20 EA EE F0 F0 E5 EA F6 E8 FF 3A 20 E5 F1 F2 FC 1B E3   // прием: 39 байт; 22:11:10:796 08.03.2018
// таймаут: 65 мсек

Канал: 1        
 коррекция: есть

CA E0 EB FE EC ED FB 20 

01 00 07 00 F7 E9 87   // передача: 7 байт; 22:11:11:309 08.03.2018
// приём по количеству байт: 39 из 39
// принято с порта: 39 байт

01 00 27 00 F7 CA E0 ED E0 EB 3A 20 31 20 00 20 20 20 20 20 20 20 EA EE F0 F0 E5 EA F6 E8 FF 3A 20 E5 F1 F2 FC 1B E3   // прием: 39 байт; 22:11:11:374 08.03.2018
// таймаут: 65 мсек

Канал: 1        
 коррекция: есть

CA E0 EB FE EC ED FB 20 

01 00 07 00 F7 E9 87   // передача: 7 байт; 22:11:11:886 08.03.2018
// приём по количеству байт: 39 из 39
// принято с порта: 39 байт

01 00 27 00 F7 CA E0 ED E0 EB 3A 20 31 20 00 20 20 20 20 20 20 20 EA EE F0 F0 E5 EA F6 E8 FF 3A 20 E5 F1 F2 FC 1B E3   // прием: 39 байт; 22:11:11:951 08.03.2018
// таймаут: 65 мсек

Канал: 1        
 коррекция: есть

CA E0 EB FE EC ED FB 20 

01 00 07 00 F7 E9 87   // передача: 7 байт; 22:11:12:451 08.03.2018
// приём по количеству байт: 39 из 39
// принято с порта: 39 байт

01 00 27 00 F7 CA E0 ED E0 EB 3A 20 31 20 00 20 20 20 20 20 20 20 EF EE E2 F2 EE F0 20 32 00 2E 2E 2E 20 20 20 77 DC   // прием: 39 байт; 22:11:12:858 08.03.2018
// таймаут: 407 мсек

Канал: 1        
 повтор 2 ...   

CA E0 EB FE EC ED FB 20 

01 00 07 00 F7 E9 87   // передача: 7 байт; 22:11:13:368 08.03.2018
// приём по количеству байт: 39 из 39
// принято с порта: 39 байт

01 00 27 00 F7 CA E0 ED E0 EB 3A 20 31 20 00 20 20 20 20 20 20 20 F1 E4 E2 E8 E3 3A 20 2D 33 39 20 F1 00 20 20 36 3E   // прием: 39 байт; 22:11:13:572 08.03.2018
// таймаут: 204 мсек

Канал: 1        
 сдвиг: -39 с   

CA E0 EB FE EC ED FB 20 

01 00 07 00 F7 E9 87   // передача: 7 байт; 22:11:14:086 08.03.2018
// приём по количеству байт: 39 из 39
// принято с порта: 39 байт

01 00 27 00 F7 CA E0 ED E0 EB 3A 20 31 20 00 20 20 20 20 20 20 20 EF EE E2 F2 EE F0 20 33 00 2E 2E 2E 20 20 20 B6 10   // прием: 39 байт; 22:11:14:261 08.03.2018
// таймаут: 175 мсек

Канал: 1        
 повтор 3 ...   

CA E0 EB FE EC ED FB 20 

01 00 07 00 F7 E9 87   // передача: 7 байт; 22:11:14:772 08.03.2018
// приём по количеству байт: 39 из 39
// принято с порта: 39 байт

01 00 27 00 F7 CA E0 ED E0 EB 3A 20 31 20 00 20 20 20 20 20 20 20 E1 E5 E7 20 EA EE F0 F0 E5 EA F6 E8 E8 20 20 98 5C   // прием: 39 байт; 22:11:15:561 08.03.2018
// таймаут: 789 мсек

Канал: 1        
 без коррекции  

CA E0 EB FE EC ED FB 20 

01 00 07 00 F7 E9 87   // передача: 7 байт; 22:11:16:067 08.03.2018
// приём по количеству байт: 39 из 39
// принято с порта: 39 байт

01 00 27 00 F7 CA E0 ED E0 EB 3A 20 31 20 00 20 20 20 20 20 20 20 E2 E5 F0 F1 E8 FF 20 32 2E 33 2E 31 00 20 20 68 ED   // прием: 39 байт; 22:11:16:273 08.03.2018
// таймаут: 206 мсек

Канал: 1        
 версия 2.3.1   

CA E0 EB FE EC ED FB 20 

01 00 07 00 F7 E9 87   // передача: 7 байт; 22:11:16:784 08.03.2018
// приём по количеству байт: 39 из 39
// принято с порта: 39 байт

01 00 27 00 F7 CA E0 ED E0 EB 3A 20 31 20 00 20 20 20 35 30 25 20 32 31 3A 30 30 00 30 38 2E 30 33 2E 31 38 00 DF 6A   // прием: 39 байт; 22:11:16:851 08.03.2018
// таймаут: 67 мсек

Канал: 1     50%
 21:00 08.03.18 

CA E0 EB FE EC ED FB 20 

01 00 07 00 F7 E9 87   // передача: 7 байт; 22:11:17:362 08.03.2018
// приём по количеству байт: 39 из 39
// принято с порта: 39 байт

01 00 27 00 F7 CA E0 ED E0 EB 3A 20 31 20 00 20 20 20 20 20 20 20 20 20 20 20 20 20 20 20 20 20 20 20 20 20 20 0D EE   // прием: 39 байт; 22:11:17:427 08.03.2018
// таймаут: 65 мсек

Канал: 1        
                

CA E0 EB FE EC ED FB 20 

01 00 07 00 F7 E9 87   // передача: 7 байт; 22:11:17:939 08.03.2018
// приём по таймауту: 1000 мс
// принято с порта: 0 байт
повтор: 1

CA E0 EB FE EC ED FB 20 

01 00 07 00 F7 E9 87   // передача: 7 байт; 22:11:18:953 08.03.2018
// приём по таймауту: 1000 мс
// принято с порта: 0 байт
повтор: 2

CA E0 EB FE EC ED FB 20 

01 00 07 00 F7 E9 87   // передача: 7 байт; 22:11:19:968 08.03.2018

CA E0 EB FE EC ED FB 20 

01 00 07 00 F7 E9 87   // передача: 7 байт; 22:11:20:882 08.03.2018
// приём по таймауту: 1000 мс
// принято с порта: 0 байт
повтор: 3

CA E0 EB FE EC ED FB 20 

01 00 07 00 F7 E9 87   // передача: 7 байт; 22:11:21:886 08.03.2018
// приём по количеству байт: 39 из 39
// принято с порта: 39 байт

01 00 27 00 F7 D0 E0 E1 EE F2 E0 20 20 20 20 20 20 20 20 20 20 20 20 20 20 20 20 20 CE CA 20 20 20 20 20 20 20 DE 07   // прием: 39 байт; 22:11:21:951 08.03.2018
// таймаут: 65 мсек

Работа          
       ОК       

CA E0 EB FE EC ED FB 20 

01 00 07 00 F7 E9 87   // передача: 7 байт; 22:11:22:463 08.03.2018
// приём по количеству байт: 39 из 39
// принято с порта: 39 байт

01 00 27 00 F7 D0 E0 E1 EE F2 E0 20 20 20 20 20 20 20 20 20 20 20 20 20 20 20 20 20 CE CA 20 20 20 20 20 20 20 DE 07   // прием: 39 байт; 22:11:22:528 08.03.2018
// таймаут: 65 мсек

Работа          
       ОК       

CA E0 EB FE EC ED FB 20 

01 00 07 00 F7 E9 87   // передача: 7 байт; 22:11:22:882 08.03.2018
// приём по количеству байт: 39 из 39
// принято с порта: 39 байт

01 00 27 00 F7 D0 E0 E1 EE F2 E0 20 20 20 20 20 20 20 20 20 20 20 20 20 20 20 20 20 CE CA 20 20 20 20 20 20 20 DE 07   // прием: 39 байт; 22:11:22:947 08.03.2018
// таймаут: 65 мсек

Работа          
       ОК       

CA E0 EB FE EC ED FB 20 

01 00 07 00 F7 E9 87   // передача: 7 байт; 22:11:23:446 08.03.2018
// приём по количеству байт: 39 из 39
// принято с порта: 39 байт

01 00 27 00 F7 D0 E0 E1 EE F2 E0 20 20 20 20 20 20 20 20 20 20 20 20 20 20 20 20 20 CE CA 20 20 20 20 20 20 20 DE 07   // прием: 39 байт; 22:11:23:511 08.03.2018
// таймаут: 65 мсек

Работа          
       ОК       

CA E0 EB FE EC ED FB 20 

01 00 07 00 F7 E9 87   // передача: 7 байт; 22:11:24:022 08.03.2018
// приём по количеству байт: 39 из 39
// принято с порта: 39 байт

01 00 27 00 F7 D0 E0 E1 EE F2 E0 20 20 20 20 20 20 20 20 20 20 20 20 20 20 20 20 20 CE CA 20 20 20 20 20 20 20 DE 07   // прием: 39 байт; 22:11:24:087 08.03.2018
// таймаут: 65 мсек

Работа          
       ОК       

CA E0 EB FE EC ED FB 20 

01 00 07 00 F7 E9 87   // передача: 7 байт; 22:11:24:600 08.03.2018
// приём по количеству байт: 39 из 39
// принято с порта: 39 байт

01 00 27 00 F7 D0 E0 E1 EE F2 E0 20 20 20 20 20 20 20 20 20 20 20 20 20 20 20 20 20 CE CA 20 20 20 20 20 20 20 DE 07   // прием: 39 байт; 22:11:24:665 08.03.2018
// таймаут: 65 мсек

Работа          
       ОК       

// О программе
