
CA E0 EB FE EC ED FB 20 

01 00 07 00 F7 E9 87   // передача: 7 байт; 21:58:45:108 08.03.2018
// приём по количеству байт: 39 из 39
// принято с порта: 39 байт

01 00 27 00 F7 CD E0 F1 F2 F0 EE E9 EA E0 20 20 20 20 20 20 20 20 20 20 20 20 20 20 20 20 20 20 20 20 20 20 20 5D 58   // прием: 39 байт; 21:58:45:178 08.03.2018
// таймаут: 70 мсек

Настройка       
                

CA E0 EB FE EC ED FB 20 

01 00 08 00 F6 0C 44 0F   // передача: 8 байт; 21:58:46:210 08.03.2018
// приём по количеству байт: 9 из 9
// принято с порта: 9 байт

01 00 09 00 F6 00 00 37 F3   // прием: 9 байт; 21:58:46:240 08.03.2018
// таймаут: 30 мсек


CA E0 EB FE EC ED FB 20 

01 00 07 00 F7 E9 87   // передача: 7 байт; 21:58:46:240 08.03.2018
// приём по количеству байт: 39 из 39
// принято с порта: 39 байт

01 00 27 00 F7 CF F0 EE E3 F0 E0 EC EC E0 20 3F 20 20 20 20 20 2D 5F 5F 5F 20 20 20 20 20 20 20 20 20 20 20 20 16 D2   // прием: 39 байт; 21:58:46:310 08.03.2018
// таймаут: 70 мсек

Программа ?     
-___            

CA E0 EB FE EC ED FB 20 

01 00 08 00 F6 01 85 CA   // передача: 8 байт; 21:58:46:788 08.03.2018
// приём по количеству байт: 9 из 9
// принято с порта: 9 байт

01 00 09 00 F6 00 00 37 F3   // прием: 9 байт; 21:58:46:818 08.03.2018
// таймаут: 30 мсек


CA E0 EB FE EC ED FB 20 

01 00 07 00 F7 E9 87   // передача: 7 байт; 21:58:46:818 08.03.2018
// приём по количеству байт: 39 из 39
// принято с порта: 39 байт

01 00 27 00 F7 CF F0 EE E3 F0 E0 EC EC E0 20 3F 20 20 20 20 20 2D 5F 5F 31 20 20 20 20 20 20 20 20 20 20 20 20 81 FC   // прием: 39 байт; 21:58:46:888 08.03.2018
// таймаут: 70 мсек

Программа ?     
-__1            

CA E0 EB FE EC ED FB 20 

01 00 08 00 F6 02 C5 CB   // передача: 8 байт; 21:58:47:168 08.03.2018
// приём по количеству байт: 9 из 9
// принято с порта: 9 байт

01 00 09 00 F6 00 00 37 F3   // прием: 9 байт; 21:58:47:198 08.03.2018
// таймаут: 30 мсек


CA E0 EB FE EC ED FB 20 

01 00 07 00 F7 E9 87   // передача: 7 байт; 21:58:47:198 08.03.2018
// приём по количеству байт: 39 из 39
// принято с порта: 39 байт

01 00 27 00 F7 CF F0 EE E3 F0 E0 EC EC E0 20 3F 20 20 20 20 20 2D 5F 31 32 20 20 20 20 20 20 20 20 20 20 20 20 EB 91   // прием: 39 байт; 21:58:47:268 08.03.2018
// таймаут: 70 мсек

Программа ?     
-_12            

CA E0 EB FE EC ED FB 20 

01 00 08 00 F6 03 04 0B   // передача: 8 байт; 21:58:47:528 08.03.2018
// приём по количеству байт: 9 из 9
// принято с порта: 9 байт

01 00 09 00 F6 00 00 37 F3   // прием: 9 байт; 21:58:47:568 08.03.2018
// таймаут: 40 мсек


CA E0 EB FE EC ED FB 20 

01 00 07 00 F7 E9 87   // передача: 7 байт; 21:58:47:568 08.03.2018
// приём по количеству байт: 39 из 39
// принято с порта: 39 байт

01 00 27 00 F7 CF F0 EE E3 F0 E0 EC EC E0 20 3F 20 20 20 20 20 2D 31 32 33 20 20 20 20 20 20 20 20 20 20 20 20 04 3F   // прием: 39 байт; 21:58:47:628 08.03.2018
// таймаут: 60 мсек

Программа ?     
-123            

CA E0 EB FE EC ED FB 20 

01 00 08 00 F6 05 84 09   // передача: 8 байт; 21:58:47:950 08.03.2018
// приём по количеству байт: 9 из 9
// принято с порта: 9 байт

01 00 09 00 F6 00 00 37 F3   // прием: 9 байт; 21:58:47:990 08.03.2018
// таймаут: 40 мсек


CA E0 EB FE EC ED FB 20 

01 00 07 00 F7 E9 87   // передача: 7 байт; 21:58:47:990 08.03.2018
// приём по количеству байт: 39 из 39
// принято с порта: 39 байт

01 00 27 00 F7 CF F0 EE E3 F0 E0 EC EC E0 20 3F 20 20 20 20 20 2D 32 33 35 20 20 20 20 20 20 20 20 20 20 20 20 4E 39   // прием: 39 байт; 21:58:48:060 08.03.2018
// таймаут: 70 мсек

Программа ?     
-235            

CA E0 EB FE EC ED FB 20 

01 00 08 00 F6 04 45 C9   // передача: 8 байт; 21:58:48:280 08.03.2018
// приём по количеству байт: 9 из 9
// принято с порта: 9 байт

01 00 09 00 F6 00 00 37 F3   // прием: 9 байт; 21:58:48:320 08.03.2018
// таймаут: 40 мсек


CA E0 EB FE EC ED FB 20 

01 00 07 00 F7 E9 87   // передача: 7 байт; 21:58:48:320 08.03.2018
// приём по количеству байт: 39 из 39
// принято с порта: 39 байт

01 00 27 00 F7 CF F0 EE E3 F0 E0 EC EC E0 20 3F 20 20 20 20 20 2D 33 35 34 20 20 20 20 20 20 20 20 20 20 20 20 8B BE   // прием: 39 байт; 21:58:48:380 08.03.2018
// таймаут: 60 мсек

Программа ?     
-354            

CA E0 EB FE EC ED FB 20 

01 00 08 00 F6 06 C4 08   // передача: 8 байт; 21:58:48:676 08.03.2018
// приём по количеству байт: 9 из 9
// принято с порта: 9 байт

01 00 09 00 F6 00 00 37 F3   // прием: 9 байт; 21:58:48:706 08.03.2018
// таймаут: 30 мсек


CA E0 EB FE EC ED FB 20 

01 00 07 00 F7 E9 87   // передача: 7 байт; 21:58:48:716 08.03.2018
// приём по количеству байт: 39 из 39
// принято с порта: 39 байт

01 00 27 00 F7 CF F0 EE E3 F0 E0 EC EC E0 20 3F 20 20 20 20 20 2D 35 34 36 20 20 20 20 20 20 20 20 20 20 20 20 0A 3F   // прием: 39 байт; 21:58:48:776 08.03.2018
// таймаут: 60 мсек

Программа ?     
-546            

CA E0 EB FE EC ED FB 20 

01 00 08 00 F6 09 84 0C   // передача: 8 байт; 21:58:49:436 08.03.2018
// приём по количеству байт: 9 из 9
// принято с порта: 9 байт

01 00 09 00 F6 00 00 37 F3   // прием: 9 байт; 21:58:49:466 08.03.2018
// таймаут: 30 мсек


CA E0 EB FE EC ED FB 20 

01 00 07 00 F7 E9 87   // передача: 7 байт; 21:58:49:466 08.03.2018
// приём по количеству байт: 39 из 39
// принято с порта: 39 байт

01 00 27 00 F7 CF F0 EE E3 F0 E0 EC EC E0 20 3F 20 20 20 20 20 2D 34 36 39 20 20 20 20 20 20 20 20 20 20 20 20 DC F2   // прием: 39 байт; 21:58:49:536 08.03.2018
// таймаут: 70 мсек

Программа ?     
-469            

CA E0 EB FE EC ED FB 20 

01 00 08 00 F6 0C 44 0F   // передача: 8 байт; 21:58:50:168 08.03.2018
// приём по количеству байт: 9 из 9
// принято с порта: 9 байт

01 00 09 00 F6 00 00 37 F3   // прием: 9 байт; 21:58:50:208 08.03.2018
// таймаут: 40 мсек


CA E0 EB FE EC ED FB 20 

01 00 07 00 F7 E9 87   // передача: 7 байт; 21:58:50:208 08.03.2018
// приём по количеству байт: 39 из 39
// принято с порта: 39 байт

01 00 27 00 F7 CF F0 EE E3 F0 E0 EC EC E0 20 3F 20 20 20 20 20 2D 5F 5F 5F 20 20 20 20 20 20 20 20 20 20 20 20 16 D2   // прием: 39 байт; 21:58:50:268 08.03.2018
// таймаут: 60 мсек

Программа ?     
-___            

CA E0 EB FE EC ED FB 20 

01 00 08 00 F6 08 45 CC   // передача: 8 байт; 21:58:50:840 08.03.2018
// приём по количеству байт: 9 из 9
// принято с порта: 9 байт

01 00 09 00 F6 00 00 37 F3   // прием: 9 байт; 21:58:50:880 08.03.2018
// таймаут: 40 мсек


CA E0 EB FE EC ED FB 20 

01 00 07 00 F7 E9 87   // передача: 7 байт; 21:58:50:880 08.03.2018
// приём по количеству байт: 39 из 39
// принято с порта: 39 байт

01 00 27 00 F7 CF F0 EE E3 F0 E0 EC EC E0 20 3F 20 20 20 20 20 2D 5F 5F 38 20 20 20 20 20 20 20 20 20 20 20 20 9C 35   // прием: 39 байт; 21:58:50:940 08.03.2018
// таймаут: 60 мсек

Программа ?     
-__8            

CA E0 EB FE EC ED FB 20 

01 00 08 00 F6 01 85 CA   // передача: 8 байт; 21:58:51:330 08.03.2018
// приём по количеству байт: 9 из 9
// принято с порта: 9 байт

01 00 09 00 F6 00 00 37 F3   // прием: 9 байт; 21:58:51:370 08.03.2018
// таймаут: 40 мсек


CA E0 EB FE EC ED FB 20 

01 00 07 00 F7 E9 87   // передача: 7 байт; 21:58:51:370 08.03.2018
// приём по количеству байт: 39 из 39
// принято с порта: 39 байт

01 00 27 00 F7 CF F0 EE E3 F0 E0 EC EC E0 20 3F 20 20 20 20 20 2D 5F 38 31 20 20 20 20 20 20 20 20 20 20 20 20 E7 5B   // прием: 39 байт; 21:58:51:430 08.03.2018
// таймаут: 60 мсек

Программа ?     
-_81            

CA E0 EB FE EC ED FB 20 

01 00 08 00 F6 0D 85 CF   // передача: 8 байт; 21:58:52:680 08.03.2018
// приём по количеству байт: 9 из 9
// принято с порта: 9 байт

01 00 09 00 F6 00 00 37 F3   // прием: 9 байт; 21:58:52:720 08.03.2018
// таймаут: 40 мсек


CA E0 EB FE EC ED FB 20 

01 00 07 00 F7 E9 87   // передача: 7 байт; 21:58:52:720 08.03.2018
// приём по количеству байт: 39 из 39
// принято с порта: 39 байт

01 00 27 00 F7 CF EE EB ED FB E9 20 F1 E1 F0 EE F1 20 20 20 20 2E ED E5 F2 00 20 20 20 20 20 20 20 20 20 20 20 86 62   // прием: 39 байт; 21:58:52:779 08.03.2018
// таймаут: 59 мсек

Полный сброс    
.нет            

CA E0 EB FE EC ED FB 20 

01 00 07 00 F7 E9 87   // передача: 7 байт; 21:58:53:290 08.03.2018
// приём по количеству байт: 39 из 39
// принято с порта: 39 байт

01 00 27 00 F7 CF EE EB ED FB E9 20 F1 E1 F0 EE F1 20 20 20 20 2E ED E5 F2 00 20 20 20 20 20 20 20 20 20 20 20 86 62   // прием: 39 байт; 21:58:53:350 08.03.2018
// таймаут: 60 мсек

Полный сброс    
.нет            

CA E0 EB FE EC ED FB 20 

01 00 07 00 F7 E9 87   // передача: 7 байт; 21:58:53:868 08.03.2018
// приём по количеству байт: 39 из 39
// принято с порта: 39 байт

01 00 27 00 F7 CF EE EB ED FB E9 20 F1 E1 F0 EE F1 20 20 20 20 2E ED E5 F2 00 20 20 20 20 20 20 20 20 20 20 20 86 62   // прием: 39 байт; 21:58:53:928 08.03.2018
// таймаут: 60 мсек

Полный сброс    
.нет            

CA E0 EB FE EC ED FB 20 

01 00 07 00 F7 E9 87   // передача: 7 байт; 21:58:54:438 08.03.2018
// приём по количеству байт: 39 из 39
// принято с порта: 39 байт

01 00 27 00 F7 CF EE EB ED FB E9 20 F1 E1 F0 EE F1 20 20 20 20 2E ED E5 F2 00 20 20 20 20 20 20 20 20 20 20 20 86 62   // прием: 39 байт; 21:58:54:498 08.03.2018
// таймаут: 60 мсек

Полный сброс    
.нет            

CA E0 EB FE EC ED FB 20 

01 00 07 00 F7 E9 87   // передача: 7 байт; 21:58:55:000 08.03.2018
// приём по количеству байт: 39 из 39
// принято с порта: 39 байт

01 00 27 00 F7 CF EE EB ED FB E9 20 F1 E1 F0 EE F1 20 20 20 20 2E ED E5 F2 00 20 20 20 20 20 20 20 20 20 20 20 86 62   // прием: 39 байт; 21:58:55:060 08.03.2018
// таймаут: 60 мсек

Полный сброс    
.нет            

CA E0 EB FE EC ED FB 20 

01 00 08 00 F6 0B 05 CD   // передача: 8 байт; 21:58:55:440 08.03.2018
// приём по количеству байт: 9 из 9
// принято с порта: 9 байт

01 00 09 00 F6 00 00 37 F3   // прием: 9 байт; 21:58:55:470 08.03.2018
// таймаут: 30 мсек


CA E0 EB FE EC ED FB 20 

01 00 07 00 F7 E9 87   // передача: 7 байт; 21:58:55:480 08.03.2018
// приём по количеству байт: 39 из 39
// принято с порта: 39 байт

01 00 27 00 F7 CF EE EB ED FB E9 20 F1 E1 F0 EE F1 20 20 20 20 2E E4 E0 20 00 20 20 20 20 20 20 20 20 20 20 20 72 B2   // прием: 39 байт; 21:58:55:540 08.03.2018
// таймаут: 60 мсек

Полный сброс    
.да             

CA E0 EB FE EC ED FB 20 

01 00 08 00 F6 0D 85 CF   // передача: 8 байт; 21:58:55:898 08.03.2018
// приём по количеству байт: 9 из 9
// принято с порта: 9 байт

01 00 09 00 F6 00 00 37 F3   // прием: 9 байт; 21:58:55:938 08.03.2018
// таймаут: 40 мсек


CA E0 EB FE EC ED FB 20 

01 00 07 00 F7 E9 87   // передача: 7 байт; 21:58:55:938 08.03.2018
// приём по количеству байт: 39 из 39
// принято с порта: 39 байт

01 00 27 00 F7 D2 E5 F1 F2 20 EF E0 EC FF F2 E8 3A 20 31 20 20 20 20 20 20 20 20 20 30 25 00 20 20 20 20 20 20 C2 1C   // прием: 39 байт; 21:58:56:008 08.03.2018
// таймаут: 70 мсек

Тест памяти: 1  
       0%       

CA E0 EB FE EC ED FB 20 

01 00 07 00 F7 E9 87   // передача: 7 байт; 21:58:56:518 08.03.2018
// приём по количеству байт: 39 из 39
// принято с порта: 39 байт

01 00 27 00 F7 D2 E5 F1 F2 20 EF E0 EC FF F2 E8 3A 20 31 20 20 20 20 20 20 20 20 31 30 25 00 20 20 20 20 20 20 92 4C   // прием: 39 байт; 21:58:56:578 08.03.2018
// таймаут: 60 мсек

Тест памяти: 1  
      10%       

CA E0 EB FE EC ED FB 20 

01 00 07 00 F7 E9 87   // передача: 7 байт; 21:58:57:090 08.03.2018
// приём по количеству байт: 39 из 39
// принято с порта: 39 байт

01 00 27 00 F7 D2 E5 F1 F2 20 EF E0 EC FF F2 E8 3A 20 31 20 20 20 20 20 20 20 20 32 31 25 00 20 20 20 20 20 20 6F D3   // прием: 39 байт; 21:58:57:150 08.03.2018
// таймаут: 60 мсек

Тест памяти: 1  
      21%       

CA E0 EB FE EC ED FB 20 

01 00 07 00 F7 E9 87   // передача: 7 байт; 21:58:57:655 08.03.2018
// приём по количеству байт: 39 из 39
// принято с порта: 39 байт

01 00 27 00 F7 D2 E5 F1 F2 20 EF E0 EC FF F2 E8 3A 20 31 20 20 20 20 20 20 20 20 33 31 25 00 20 20 20 20 20 20 3E 16   // прием: 39 байт; 21:58:57:718 08.03.2018
// таймаут: 63 мсек

Тест памяти: 1  
      31%       

CA E0 EB FE EC ED FB 20 

01 00 07 00 F7 E9 87   // передача: 7 байт; 21:58:58:228 08.03.2018
// приём по количеству байт: 39 из 39
// принято с порта: 39 байт

01 00 27 00 F7 D2 E5 F1 F2 20 EF E0 EC FF F2 E8 3A 20 31 20 20 20 20 20 20 20 20 34 31 25 00 20 20 20 20 20 20 8F CC   // прием: 39 байт; 21:58:58:288 08.03.2018
// таймаут: 60 мсек

Тест памяти: 1  
      41%       

CA E0 EB FE EC ED FB 20 

01 00 07 00 F7 E9 87   // передача: 7 байт; 21:58:58:810 08.03.2018
// приём по количеству байт: 39 из 39
// принято с порта: 39 байт

01 00 27 00 F7 D2 E5 F1 F2 20 EF E0 EC FF F2 E8 3A 20 31 20 20 20 20 20 20 20 20 35 32 25 00 20 20 20 20 20 20 CA F9   // прием: 39 байт; 21:58:58:870 08.03.2018
// таймаут: 60 мсек

Тест памяти: 1  
      52%       

CA E0 EB FE EC ED FB 20 

01 00 07 00 F7 E9 87   // передача: 7 байт; 21:58:59:379 08.03.2018
// приём по количеству байт: 39 из 39
// принято с порта: 39 байт

01 00 27 00 F7 D2 E5 F1 F2 20 EF E0 EC FF F2 E8 3A 20 31 20 20 20 20 20 20 20 20 36 32 25 00 20 20 20 20 20 20 3A F6   // прием: 39 байт; 21:58:59:439 08.03.2018
// таймаут: 60 мсек

Тест памяти: 1  
      62%       

CA E0 EB FE EC ED FB 20 

01 00 07 00 F7 E9 87   // передача: 7 байт; 21:58:59:948 08.03.2018
// приём по количеству байт: 39 из 39
// принято с порта: 39 байт

01 00 27 00 F7 D2 E5 F1 F2 20 EF E0 EC FF F2 E8 3A 20 31 20 20 20 20 20 20 20 20 37 33 25 00 20 20 20 20 20 20 66 A3   // прием: 39 байт; 21:59:00:008 08.03.2018
// таймаут: 60 мсек

Тест памяти: 1  
      73%       

CA E0 EB FE EC ED FB 20 

01 00 07 00 F7 E9 87   // передача: 7 байт; 21:59:00:528 08.03.2018
// приём по количеству байт: 39 из 39
// принято с порта: 39 байт

01 00 27 00 F7 D2 E5 F1 F2 20 EF E0 EC FF F2 E8 3A 20 31 20 20 20 20 20 20 20 20 38 33 25 00 20 20 20 20 20 20 56 93   // прием: 39 байт; 21:59:00:598 08.03.2018
// таймаут: 70 мсек

Тест памяти: 1  
      83%       

CA E0 EB FE EC ED FB 20 

01 00 07 00 F7 E9 87   // передача: 7 байт; 21:59:01:100 08.03.2018
// приём по количеству байт: 39 из 39
// принято с порта: 39 байт

01 00 27 00 F7 D2 E5 F1 F2 20 EF E0 EC FF F2 E8 3A 20 31 20 20 20 20 20 20 20 20 39 34 25 00 20 20 20 20 20 20 21 66   // прием: 39 байт; 21:59:01:160 08.03.2018
// таймаут: 60 мсек

Тест памяти: 1  
      94%       

CA E0 EB FE EC ED FB 20 

01 00 07 00 F7 E9 87   // передача: 7 байт; 21:59:01:676 08.03.2018
// приём по количеству байт: 39 из 39
// принято с порта: 39 байт

01 00 27 00 F7 D2 E5 F1 F2 20 EF E0 EC FF F2 E8 3A 20 32 20 20 20 20 20 20 20 20 20 31 25 00 20 20 20 20 20 20 8B C8   // прием: 39 байт; 21:59:01:743 08.03.2018
// таймаут: 67 мсек

Тест памяти: 2  
       1%       

CA E0 EB FE EC ED FB 20 

01 00 07 00 F7 E9 87   // передача: 7 байт; 21:59:02:253 08.03.2018
// приём по количеству байт: 39 из 39
// принято с порта: 39 байт

01 00 27 00 F7 D2 E5 F1 F2 20 EF E0 EC FF F2 E8 3A 20 32 20 20 20 20 20 20 20 20 20 31 25 00 20 20 20 20 20 20 8B C8   // прием: 39 байт; 21:59:02:313 08.03.2018
// таймаут: 60 мсек

Тест памяти: 2  
       1%       

CA E0 EB FE EC ED FB 20 

01 00 07 00 F7 E9 87   // передача: 7 байт; 21:59:02:803 08.03.2018
// приём по количеству байт: 39 из 39
// принято с порта: 39 байт

01 00 27 00 F7 D2 E5 F1 F2 20 EF E0 EC FF F2 E8 3A 20 32 20 20 20 20 20 20 20 20 20 32 25 00 20 20 20 20 20 20 9F 38   // прием: 39 байт; 21:59:02:863 08.03.2018
// таймаут: 60 мсек

Тест памяти: 2  
       2%       

CA E0 EB FE EC ED FB 20 

01 00 07 00 F7 E9 87   // передача: 7 байт; 21:59:03:383 08.03.2018
// приём по количеству байт: 39 из 39
// принято с порта: 39 байт

01 00 27 00 F7 D2 E5 F1 F2 20 EF E0 EC FF F2 E8 3A 20 32 20 20 20 20 20 20 20 20 20 33 25 00 20 20 20 20 20 20 92 A8   // прием: 39 байт; 21:59:03:453 08.03.2018
// таймаут: 70 мсек

Тест памяти: 2  
       3%       

CA E0 EB FE EC ED FB 20 

01 00 07 00 F7 E9 87   // передача: 7 байт; 21:59:03:953 08.03.2018
// приём по количеству байт: 39 из 39
// принято с порта: 39 байт

01 00 27 00 F7 D2 E5 F1 F2 20 EF E0 EC FF F2 E8 3A 20 32 20 20 20 20 20 20 20 20 20 34 25 00 20 20 20 20 20 20 B4 98   // прием: 39 байт; 21:59:04:023 08.03.2018
// таймаут: 70 мсек

Тест памяти: 2  
       4%       

CA E0 EB FE EC ED FB 20 

01 00 07 00 F7 E9 87   // передача: 7 байт; 21:59:04:523 08.03.2018
// приём по количеству байт: 39 из 39
// принято с порта: 39 байт

01 00 27 00 F7 D2 E5 F1 F2 20 EF E0 EC FF F2 E8 3A 20 32 20 20 20 20 20 20 20 20 20 35 25 00 20 20 20 20 20 20 B9 08   // прием: 39 байт; 21:59:04:583 08.03.2018
// таймаут: 60 мсек

Тест памяти: 2  
       5%       

CA E0 EB FE EC ED FB 20 

01 00 07 00 F7 E9 87   // передача: 7 байт; 21:59:05:113 08.03.2018
// приём по количеству байт: 39 из 39
// принято с порта: 39 байт

01 00 27 00 F7 D2 E5 F1 F2 20 EF E0 EC FF F2 E8 3A 20 32 20 20 20 20 20 20 20 20 20 36 25 00 20 20 20 20 20 20 AD F8   // прием: 39 байт; 21:59:05:183 08.03.2018
// таймаут: 70 мсек

Тест памяти: 2  
       6%       

CA E0 EB FE EC ED FB 20 

01 00 07 00 F7 E9 87   // передача: 7 байт; 21:59:05:693 08.03.2018
// приём по количеству байт: 39 из 39
// принято с порта: 39 байт

01 00 27 00 F7 D2 E5 F1 F2 20 EF E0 EC FF F2 E8 3A 20 32 20 20 20 20 20 20 20 20 20 36 25 00 20 20 20 20 20 20 AD F8   // прием: 39 байт; 21:59:05:753 08.03.2018
// таймаут: 60 мсек

Тест памяти: 2  
       6%       

CA E0 EB FE EC ED FB 20 

01 00 07 00 F7 E9 87   // передача: 7 байт; 21:59:06:263 08.03.2018
// приём по количеству байт: 39 из 39
// принято с порта: 39 байт

01 00 27 00 F7 D2 E5 F1 F2 20 EF E0 EC FF F2 E8 3A 20 32 20 20 20 20 20 20 20 20 20 37 25 00 20 20 20 20 20 20 A0 68   // прием: 39 байт; 21:59:06:333 08.03.2018
// таймаут: 70 мсек

Тест памяти: 2  
       7%       

CA E0 EB FE EC ED FB 20 

01 00 07 00 F7 E9 87   // передача: 7 байт; 21:59:06:843 08.03.2018
// приём по количеству байт: 39 из 39
// принято с порта: 39 байт

01 00 27 00 F7 D2 E5 F1 F2 20 EF E0 EC FF F2 E8 3A 20 32 20 20 20 20 20 20 20 20 20 38 25 00 20 20 20 20 20 20 E1 98   // прием: 39 байт; 21:59:06:918 08.03.2018
// таймаут: 75 мсек

Тест памяти: 2  
       8%       

CA E0 EB FE EC ED FB 20 

01 00 07 00 F7 E9 87   // передача: 7 байт; 21:59:07:438 08.03.2018
// приём по количеству байт: 39 из 39
// принято с порта: 39 байт

01 00 27 00 F7 D2 E5 F1 F2 20 EF E0 EC FF F2 E8 3A 20 32 20 20 20 20 20 20 20 20 20 39 25 00 20 20 20 20 20 20 EC 08   // прием: 39 байт; 21:59:07:508 08.03.2018
// таймаут: 70 мсек

Тест памяти: 2  
       9%       

CA E0 EB FE EC ED FB 20 

01 00 07 00 F7 E9 87   // передача: 7 байт; 21:59:08:011 08.03.2018
// приём по количеству байт: 39 из 39
// принято с порта: 39 байт

01 00 27 00 F7 D2 E5 F1 F2 20 EF E0 EC FF F2 E8 3A 20 32 20 20 20 20 20 20 20 20 31 30 25 00 20 20 20 20 20 20 D6 08   // прием: 39 байт; 21:59:08:081 08.03.2018
// таймаут: 70 мсек

Тест памяти: 2  
      10%       

CA E0 EB FE EC ED FB 20 

01 00 07 00 F7 E9 87   // передача: 7 байт; 21:59:08:611 08.03.2018
// приём по количеству байт: 39 из 39
// принято с порта: 39 байт

01 00 27 00 F7 D2 E5 F1 F2 20 EF E0 EC FF F2 E8 3A 20 32 20 20 20 20 20 20 20 20 31 31 25 00 20 20 20 20 20 20 DB 98   // прием: 39 байт; 21:59:08:683 08.03.2018
// таймаут: 72 мсек

Тест памяти: 2  
      11%       

CA E0 EB FE EC ED FB 20 

01 00 07 00 F7 E9 87   // передача: 7 байт; 21:59:09:203 08.03.2018
// приём по количеству байт: 39 из 39
// принято с порта: 39 байт

01 00 27 00 F7 D2 E5 F1 F2 20 EF E0 EC FF F2 E8 3A 20 32 20 20 20 20 20 20 20 20 31 31 25 00 20 20 20 20 20 20 DB 98   // прием: 39 байт; 21:59:09:263 08.03.2018
// таймаут: 60 мсек

Тест памяти: 2  
      11%       

CA E0 EB FE EC ED FB 20 

01 00 07 00 F7 E9 87   // передача: 7 байт; 21:59:09:793 08.03.2018
// приём по количеству байт: 39 из 39
// принято с порта: 39 байт

01 00 27 00 F7 D2 E5 F1 F2 20 EF E0 EC FF F2 E8 3A 20 32 20 20 20 20 20 20 20 20 31 32 25 00 20 20 20 20 20 20 CF 68   // прием: 39 байт; 21:59:09:863 08.03.2018
// таймаут: 70 мсек

Тест памяти: 2  
      12%       

CA E0 EB FE EC ED FB 20 

01 00 07 00 F7 E9 87   // передача: 7 байт; 21:59:10:383 08.03.2018
// приём по количеству байт: 39 из 39
// принято с порта: 39 байт

01 00 27 00 F7 D2 E5 F1 F2 20 EF E0 EC FF F2 E8 3A 20 32 20 20 20 20 20 20 20 20 31 33 25 00 20 20 20 20 20 20 C2 F8   // прием: 39 байт; 21:59:10:453 08.03.2018
// таймаут: 70 мсек

Тест памяти: 2  
      13%       

CA E0 EB FE EC ED FB 20 

01 00 07 00 F7 E9 87   // передача: 7 байт; 21:59:10:964 08.03.2018
// приём по количеству байт: 39 из 39
// принято с порта: 39 байт

01 00 27 00 F7 D2 E5 F1 F2 20 EF E0 EC FF F2 E8 3A 20 32 20 20 20 20 20 20 20 20 31 34 25 00 20 20 20 20 20 20 E4 C8   // прием: 39 байт; 21:59:11:030 08.03.2018
// таймаут: 66 мсек

Тест памяти: 2  
      14%       

CA E0 EB FE EC ED FB 20 

01 00 07 00 F7 E9 87   // передача: 7 байт; 21:59:11:540 08.03.2018
// приём по количеству байт: 39 из 39
// принято с порта: 39 байт

01 00 27 00 F7 D2 E5 F1 F2 20 EF E0 EC FF F2 E8 3A 20 32 20 20 20 20 20 20 20 20 31 35 25 00 20 20 20 20 20 20 E9 58   // прием: 39 байт; 21:59:11:610 08.03.2018
// таймаут: 70 мсек

Тест памяти: 2  
      15%       

CA E0 EB FE EC ED FB 20 

01 00 07 00 F7 E9 87   // передача: 7 байт; 21:59:12:118 08.03.2018
// приём по количеству байт: 39 из 39
// принято с порта: 39 байт

01 00 27 00 F7 D2 E5 F1 F2 20 EF E0 EC FF F2 E8 3A 20 32 20 20 20 20 20 20 20 20 31 36 25 00 20 20 20 20 20 20 FD A8   // прием: 39 байт; 21:59:12:188 08.03.2018
// таймаут: 70 мсек

Тест памяти: 2  
      16%       

CA E0 EB FE EC ED FB 20 

01 00 07 00 F7 E9 87   // передача: 7 байт; 21:59:12:680 08.03.2018
// приём по количеству байт: 39 из 39
// принято с порта: 39 байт

01 00 27 00 F7 D2 E5 F1 F2 20 EF E0 EC FF F2 E8 3A 20 32 20 20 20 20 20 20 20 20 31 36 25 00 20 20 20 20 20 20 FD A8   // прием: 39 байт; 21:59:12:750 08.03.2018
// таймаут: 70 мсек

Тест памяти: 2  
      16%       

CA E0 EB FE EC ED FB 20 

01 00 07 00 F7 E9 87   // передача: 7 байт; 21:59:13:260 08.03.2018
// приём по количеству байт: 39 из 39
// принято с порта: 39 байт

01 00 27 00 F7 D2 E5 F1 F2 20 EF E0 EC FF F2 E8 3A 20 32 20 20 20 20 20 20 20 20 31 37 25 00 20 20 20 20 20 20 F0 38   // прием: 39 байт; 21:59:13:330 08.03.2018
// таймаут: 70 мсек

Тест памяти: 2  
      17%       

CA E0 EB FE EC ED FB 20 

01 00 07 00 F7 E9 87   // передача: 7 байт; 21:59:13:848 08.03.2018
// приём по количеству байт: 39 из 39
// принято с порта: 39 байт

01 00 27 00 F7 D2 E5 F1 F2 20 EF E0 EC FF F2 E8 3A 20 32 20 20 20 20 20 20 20 20 31 38 25 00 20 20 20 20 20 20 B1 C8   // прием: 39 байт; 21:59:13:918 08.03.2018
// таймаут: 70 мсек

Тест памяти: 2  
      18%       

CA E0 EB FE EC ED FB 20 

01 00 07 00 F7 E9 87   // передача: 7 байт; 21:59:14:428 08.03.2018
// приём по количеству байт: 39 из 39
// принято с порта: 39 байт

01 00 27 00 F7 D2 E5 F1 F2 20 EF E0 EC FF F2 E8 3A 20 32 20 20 20 20 20 20 20 20 31 39 25 00 20 20 20 20 20 20 BC 58   // прием: 39 байт; 21:59:14:498 08.03.2018
// таймаут: 70 мсек

Тест памяти: 2  
      19%       

CA E0 EB FE EC ED FB 20 

01 00 07 00 F7 E9 87   // передача: 7 байт; 21:59:15:000 08.03.2018
// приём по количеству байт: 39 из 39
// принято с порта: 39 байт

01 00 27 00 F7 D2 E5 F1 F2 20 EF E0 EC FF F2 E8 3A 20 32 20 20 20 20 20 20 20 20 32 30 25 00 20 20 20 20 20 20 26 07   // прием: 39 байт; 21:59:15:070 08.03.2018
// таймаут: 70 мсек

Тест памяти: 2  
      20%       

CA E0 EB FE EC ED FB 20 

01 00 07 00 F7 E9 87   // передача: 7 байт; 21:59:15:566 08.03.2018
// приём по количеству байт: 39 из 39
// принято с порта: 39 байт

01 00 27 00 F7 D2 E5 F1 F2 20 EF E0 EC FF F2 E8 3A 20 32 20 20 20 20 20 20 20 20 32 31 25 00 20 20 20 20 20 20 2B 97   // прием: 39 байт; 21:59:15:636 08.03.2018
// таймаут: 70 мсек

Тест памяти: 2  
      21%       

CA E0 EB FE EC ED FB 20 

01 00 07 00 F7 E9 87   // передача: 7 байт; 21:59:16:138 08.03.2018
// приём по количеству байт: 39 из 39
// принято с порта: 39 байт

01 00 27 00 F7 D2 E5 F1 F2 20 EF E0 EC FF F2 E8 3A 20 32 20 20 20 20 20 20 20 20 32 31 25 00 20 20 20 20 20 20 2B 97   // прием: 39 байт; 21:59:16:208 08.03.2018
// таймаут: 70 мсек

Тест памяти: 2  
      21%       

CA E0 EB FE EC ED FB 20 

01 00 07 00 F7 E9 87   // передача: 7 байт; 21:59:16:720 08.03.2018
// приём по количеству байт: 39 из 39
// принято с порта: 39 байт

01 00 27 00 F7 D2 E5 F1 F2 20 EF E0 EC FF F2 E8 3A 20 32 20 20 20 20 20 20 20 20 32 32 25 00 20 20 20 20 20 20 3F 67   // прием: 39 байт; 21:59:16:780 08.03.2018
// таймаут: 60 мсек

Тест памяти: 2  
      22%       

CA E0 EB FE EC ED FB 20 

01 00 07 00 F7 E9 87   // передача: 7 байт; 21:59:17:290 08.03.2018
// приём по количеству байт: 39 из 39
// принято с порта: 39 байт

01 00 27 00 F7 D2 E5 F1 F2 20 EF E0 EC FF F2 E8 3A 20 32 20 20 20 20 20 20 20 20 32 33 25 00 20 20 20 20 20 20 32 F7   // прием: 39 байт; 21:59:17:360 08.03.2018
// таймаут: 70 мсек

Тест памяти: 2  
      23%       

CA E0 EB FE EC ED FB 20 

01 00 07 00 F7 E9 87   // передача: 7 байт; 21:59:17:868 08.03.2018
// приём по количеству байт: 39 из 39
// принято с порта: 39 байт

01 00 27 00 F7 D2 E5 F1 F2 20 EF E0 EC FF F2 E8 3A 20 32 20 20 20 20 20 20 20 20 32 34 25 00 20 20 20 20 20 20 14 C7   // прием: 39 байт; 21:59:17:938 08.03.2018
// таймаут: 70 мсек

Тест памяти: 2  
      24%       

CA E0 EB FE EC ED FB 20 

01 00 07 00 F7 E9 87   // передача: 7 байт; 21:59:18:448 08.03.2018
// приём по количеству байт: 39 из 39
// принято с порта: 39 байт

01 00 27 00 F7 D2 E5 F1 F2 20 EF E0 EC FF F2 E8 3A 20 32 20 20 20 20 20 20 20 20 32 35 25 00 20 20 20 20 20 20 19 57   // прием: 39 байт; 21:59:18:518 08.03.2018
// таймаут: 70 мсек

Тест памяти: 2  
      25%       

CA E0 EB FE EC ED FB 20 

01 00 07 00 F7 E9 87   // передача: 7 байт; 21:59:19:030 08.03.2018
// приём по количеству байт: 39 из 39
// принято с порта: 39 байт

01 00 27 00 F7 D2 E5 F1 F2 20 EF E0 EC FF F2 E8 3A 20 32 20 20 20 20 20 20 20 20 32 36 25 00 20 20 20 20 20 20 0D A7   // прием: 39 байт; 21:59:19:090 08.03.2018
// таймаут: 60 мсек

Тест памяти: 2  
      26%       

CA E0 EB FE EC ED FB 20 

01 00 07 00 F7 E9 87   // передача: 7 байт; 21:59:19:600 08.03.2018
// приём по количеству байт: 39 из 39
// принято с порта: 39 байт

01 00 27 00 F7 D2 E5 F1 F2 20 EF E0 EC FF F2 E8 3A 20 32 20 20 20 20 20 20 20 20 32 36 25 00 20 20 20 20 20 20 0D A7   // прием: 39 байт; 21:59:19:668 08.03.2018
// таймаут: 68 мсек

Тест памяти: 2  
      26%       

CA E0 EB FE EC ED FB 20 

01 00 07 00 F7 E9 87   // передача: 7 байт; 21:59:20:161 08.03.2018
// приём по количеству байт: 39 из 39
// принято с порта: 39 байт

01 00 27 00 F7 D2 E5 F1 F2 20 EF E0 EC FF F2 E8 3A 20 32 20 20 20 20 20 20 20 20 32 37 25 00 20 20 20 20 20 20 00 37   // прием: 39 байт; 21:59:20:231 08.03.2018
// таймаут: 70 мсек

Тест памяти: 2  
      27%       

CA E0 EB FE EC ED FB 20 

01 00 07 00 F7 E9 87   // передача: 7 байт; 21:59:20:743 08.03.2018
// приём по количеству байт: 39 из 39
// принято с порта: 39 байт

01 00 27 00 F7 D2 E5 F1 F2 20 EF E0 EC FF F2 E8 3A 20 32 20 20 20 20 20 20 20 20 32 38 25 00 20 20 20 20 20 20 41 C7   // прием: 39 байт; 21:59:20:813 08.03.2018
// таймаут: 70 мсек

Тест памяти: 2  
      28%       

CA E0 EB FE EC ED FB 20 

01 00 07 00 F7 E9 87   // передача: 7 байт; 21:59:21:323 08.03.2018
// приём по количеству байт: 39 из 39
// принято с порта: 39 байт

01 00 27 00 F7 D2 E5 F1 F2 20 EF E0 EC FF F2 E8 3A 20 32 20 20 20 20 20 20 20 20 32 39 25 00 20 20 20 20 20 20 4C 57   // прием: 39 байт; 21:59:21:393 08.03.2018
// таймаут: 70 мсек

Тест памяти: 2  
      29%       

CA E0 EB FE EC ED FB 20 

01 00 07 00 F7 E9 87   // передача: 7 байт; 21:59:21:883 08.03.2018
// приём по количеству байт: 39 из 39
// принято с порта: 39 байт

01 00 27 00 F7 D2 E5 F1 F2 20 EF E0 EC FF F2 E8 3A 20 32 20 20 20 20 20 20 20 20 33 30 25 00 20 20 20 20 20 20 77 C2   // прием: 39 байт; 21:59:21:943 08.03.2018
// таймаут: 60 мсек

Тест памяти: 2  
      30%       

CA E0 EB FE EC ED FB 20 

01 00 07 00 F7 E9 87   // передача: 7 байт; 21:59:22:463 08.03.2018
// приём по количеству байт: 39 из 39
// принято с порта: 39 байт

01 00 27 00 F7 D2 E5 F1 F2 20 EF E0 EC FF F2 E8 3A 20 32 20 20 20 20 20 20 20 20 33 31 25 00 20 20 20 20 20 20 7A 52   // прием: 39 байт; 21:59:22:523 08.03.2018
// таймаут: 60 мсек

Тест памяти: 2  
      31%       

CA E0 EB FE EC ED FB 20 

01 00 07 00 F7 E9 87   // передача: 7 байт; 21:59:23:033 08.03.2018
// приём по количеству байт: 39 из 39
// принято с порта: 39 байт

01 00 27 00 F7 D2 E5 F1 F2 20 EF E0 EC FF F2 E8 3A 20 32 20 20 20 20 20 20 20 20 33 31 25 00 20 20 20 20 20 20 7A 52   // прием: 39 байт; 21:59:23:103 08.03.2018
// таймаут: 70 мсек

Тест памяти: 2  
      31%       

CA E0 EB FE EC ED FB 20 

01 00 07 00 F7 E9 87   // передача: 7 байт; 21:59:23:603 08.03.2018
// приём по количеству байт: 39 из 39
// принято с порта: 39 байт

01 00 27 00 F7 D2 E5 F1 F2 20 EF E0 EC FF F2 E8 3A 20 32 20 20 20 20 20 20 20 20 33 32 25 00 20 20 20 20 20 20 6E A2   // прием: 39 байт; 21:59:23:663 08.03.2018
// таймаут: 60 мсек

Тест памяти: 2  
      32%       

CA E0 EB FE EC ED FB 20 

01 00 07 00 F7 E9 87   // передача: 7 байт; 21:59:24:193 08.03.2018
// приём по количеству байт: 39 из 39
// принято с порта: 39 байт

01 00 27 00 F7 D2 E5 F1 F2 20 EF E0 EC FF F2 E8 3A 20 32 20 20 20 20 20 20 20 20 33 33 25 00 20 20 20 20 20 20 63 32   // прием: 39 байт; 21:59:24:256 08.03.2018
// таймаут: 63 мсек

Тест памяти: 2  
      33%       

CA E0 EB FE EC ED FB 20 

01 00 07 00 F7 E9 87   // передача: 7 байт; 21:59:24:768 08.03.2018
// приём по количеству байт: 39 из 39
// принято с порта: 39 байт

01 00 27 00 F7 D2 E5 F1 F2 20 EF E0 EC FF F2 E8 3A 20 32 20 20 20 20 20 20 20 20 33 34 25 00 20 20 20 20 20 20 45 02   // прием: 39 байт; 21:59:24:838 08.03.2018
// таймаут: 70 мсек

Тест памяти: 2  
      34%       

CA E0 EB FE EC ED FB 20 

01 00 07 00 F7 E9 87   // передача: 7 байт; 21:59:25:348 08.03.2018
// приём по количеству байт: 39 из 39
// принято с порта: 39 байт

01 00 27 00 F7 D2 E5 F1 F2 20 EF E0 EC FF F2 E8 3A 20 32 20 20 20 20 20 20 20 20 33 35 25 00 20 20 20 20 20 20 48 92   // прием: 39 байт; 21:59:25:408 08.03.2018
// таймаут: 60 мсек

Тест памяти: 2  
      35%       

CA E0 EB FE EC ED FB 20 

01 00 07 00 F7 E9 87   // передача: 7 байт; 21:59:25:920 08.03.2018
// приём по количеству байт: 39 из 39
// принято с порта: 39 байт

01 00 27 00 F7 D2 E5 F1 F2 20 EF E0 EC FF F2 E8 3A 20 32 20 20 20 20 20 20 20 20 33 36 25 00 20 20 20 20 20 20 5C 62   // прием: 39 байт; 21:59:25:990 08.03.2018
// таймаут: 70 мсек

Тест памяти: 2  
      36%       

CA E0 EB FE EC ED FB 20 

01 00 07 00 F7 E9 87   // передача: 7 байт; 21:59:26:490 08.03.2018
// приём по количеству байт: 39 из 39
// принято с порта: 39 байт

01 00 27 00 F7 D2 E5 F1 F2 20 EF E0 EC FF F2 E8 3A 20 32 20 20 20 20 20 20 20 20 33 36 25 00 20 20 20 20 20 20 5C 62   // прием: 39 байт; 21:59:26:560 08.03.2018
// таймаут: 70 мсек

Тест памяти: 2  
      36%       

CA E0 EB FE EC ED FB 20 

01 00 07 00 F7 E9 87   // передача: 7 байт; 21:59:27:078 08.03.2018
// приём по количеству байт: 39 из 39
// принято с порта: 39 байт

01 00 27 00 F7 D2 E5 F1 F2 20 EF E0 EC FF F2 E8 3A 20 32 20 20 20 20 20 20 20 20 33 37 25 00 20 20 20 20 20 20 51 F2   // прием: 39 байт; 21:59:27:148 08.03.2018
// таймаут: 70 мсек

Тест памяти: 2  
      37%       

CA E0 EB FE EC ED FB 20 

01 00 07 00 F7 E9 87   // передача: 7 байт; 21:59:27:659 08.03.2018
// приём по количеству байт: 39 из 39
// принято с порта: 39 байт

01 00 27 00 F7 D2 E5 F1 F2 20 EF E0 EC FF F2 E8 3A 20 32 20 20 20 20 20 20 20 20 33 38 25 00 20 20 20 20 20 20 10 02   // прием: 39 байт; 21:59:27:730 08.03.2018
// таймаут: 71 мсек

Тест памяти: 2  
      38%       

CA E0 EB FE EC ED FB 20 

01 00 07 00 F7 E9 87   // передача: 7 байт; 21:59:28:250 08.03.2018
// приём по количеству байт: 39 из 39
// принято с порта: 39 байт

01 00 27 00 F7 D2 E5 F1 F2 20 EF E0 EC FF F2 E8 3A 20 32 20 20 20 20 20 20 20 20 33 39 25 00 20 20 20 20 20 20 1D 92   // прием: 39 байт; 21:59:28:320 08.03.2018
// таймаут: 70 мсек

Тест памяти: 2  
      39%       

CA E0 EB FE EC ED FB 20 

01 00 07 00 F7 E9 87   // передача: 7 байт; 21:59:28:828 08.03.2018
// приём по количеству байт: 39 из 39
// принято с порта: 39 байт

01 00 27 00 F7 D2 E5 F1 F2 20 EF E0 EC FF F2 E8 3A 20 32 20 20 20 20 20 20 20 20 34 30 25 00 20 20 20 20 20 20 C6 18   // прием: 39 байт; 21:59:28:898 08.03.2018
// таймаут: 70 мсек

Тест памяти: 2  
      40%       

CA E0 EB FE EC ED FB 20 

01 00 07 00 F7 E9 87   // передача: 7 байт; 21:59:29:418 08.03.2018
// приём по количеству байт: 39 из 39
// принято с порта: 39 байт

01 00 27 00 F7 D2 E5 F1 F2 20 EF E0 EC FF F2 E8 3A 20 32 20 20 20 20 20 20 20 20 34 31 25 00 20 20 20 20 20 20 CB 88   // прием: 39 байт; 21:59:29:488 08.03.2018
// таймаут: 70 мсек

Тест памяти: 2  
      41%       

CA E0 EB FE EC ED FB 20 

01 00 07 00 F7 E9 87   // передача: 7 байт; 21:59:29:990 08.03.2018
// приём по количеству байт: 39 из 39
// принято с порта: 39 байт

01 00 27 00 F7 D2 E5 F1 F2 20 EF E0 EC FF F2 E8 3A 20 32 20 20 20 20 20 20 20 20 34 31 25 00 20 20 20 20 20 20 CB 88   // прием: 39 байт; 21:59:30:050 08.03.2018
// таймаут: 60 мсек

Тест памяти: 2  
      41%       

CA E0 EB FE EC ED FB 20 

01 00 07 00 F7 E9 87   // передача: 7 байт; 21:59:30:540 08.03.2018
// приём по количеству байт: 39 из 39
// принято с порта: 39 байт

01 00 27 00 F7 D2 E5 F1 F2 20 EF E0 EC FF F2 E8 3A 20 32 20 20 20 20 20 20 20 20 34 32 25 00 20 20 20 20 20 20 DF 78   // прием: 39 байт; 21:59:30:610 08.03.2018
// таймаут: 70 мсек

Тест памяти: 2  
      42%       

CA E0 EB FE EC ED FB 20 

01 00 07 00 F7 E9 87   // передача: 7 байт; 21:59:31:118 08.03.2018
// приём по количеству байт: 39 из 39
// принято с порта: 39 байт

01 00 27 00 F7 D2 E5 F1 F2 20 EF E0 EC FF F2 E8 3A 20 32 20 20 20 20 20 20 20 20 34 33 25 00 20 20 20 20 20 20 D2 E8   // прием: 39 байт; 21:59:31:178 08.03.2018
// таймаут: 60 мсек

Тест памяти: 2  
      43%       

CA E0 EB FE EC ED FB 20 

01 00 07 00 F7 E9 87   // передача: 7 байт; 21:59:31:690 08.03.2018
// приём по количеству байт: 39 из 39
// принято с порта: 39 байт

01 00 27 00 F7 D2 E5 F1 F2 20 EF E0 EC FF F2 E8 3A 20 32 20 20 20 20 20 20 20 20 34 34 25 00 20 20 20 20 20 20 F4 D8   // прием: 39 байт; 21:59:31:755 08.03.2018
// таймаут: 65 мсек

Тест памяти: 2  
      44%       

CA E0 EB FE EC ED FB 20 

01 00 07 00 F7 E9 87   // передача: 7 байт; 21:59:32:255 08.03.2018
// приём по количеству байт: 39 из 39
// принято с порта: 39 байт

01 00 27 00 F7 D2 E5 F1 F2 20 EF E0 EC FF F2 E8 3A 20 32 20 20 20 20 20 20 20 20 34 35 25 00 20 20 20 20 20 20 F9 48   // прием: 39 байт; 21:59:32:315 08.03.2018
// таймаут: 60 мсек

Тест памяти: 2  
      45%       

CA E0 EB FE EC ED FB 20 

01 00 07 00 F7 E9 87   // передача: 7 байт; 21:59:32:832 08.03.2018
// приём по количеству байт: 39 из 39
// принято с порта: 39 байт

01 00 27 00 F7 D2 E5 F1 F2 20 EF E0 EC FF F2 E8 3A 20 32 20 20 20 20 20 20 20 20 34 35 25 00 20 20 20 20 20 20 F9 48   // прием: 39 байт; 21:59:32:902 08.03.2018
// таймаут: 70 мсек

Тест памяти: 2  
      45%       

CA E0 EB FE EC ED FB 20 

01 00 07 00 F7 E9 87   // передача: 7 байт; 21:59:33:412 08.03.2018
// приём по количеству байт: 39 из 39
// принято с порта: 39 байт

01 00 27 00 F7 D2 E5 F1 F2 20 EF E0 EC FF F2 E8 3A 20 32 20 20 20 20 20 20 20 20 34 36 25 00 20 20 20 20 20 20 ED B8   // прием: 39 байт; 21:59:33:482 08.03.2018
// таймаут: 70 мсек

Тест памяти: 2  
      46%       

CA E0 EB FE EC ED FB 20 

01 00 07 00 F7 E9 87   // передача: 7 байт; 21:59:33:973 08.03.2018
// приём по количеству байт: 39 из 39
// принято с порта: 39 байт

01 00 27 00 F7 D2 E5 F1 F2 20 EF E0 EC FF F2 E8 3A 20 32 20 20 20 20 20 20 20 20 34 37 25 00 20 20 20 20 20 20 E0 28   // прием: 39 байт; 21:59:34:043 08.03.2018
// таймаут: 70 мсек

Тест памяти: 2  
      47%       

CA E0 EB FE EC ED FB 20 

01 00 07 00 F7 E9 87   // передача: 7 байт; 21:59:34:553 08.03.2018
// приём по количеству байт: 39 из 39
// принято с порта: 39 байт

01 00 27 00 F7 D2 E5 F1 F2 20 EF E0 EC FF F2 E8 3A 20 32 20 20 20 20 20 20 20 20 34 38 25 00 20 20 20 20 20 20 A1 D8   // прием: 39 байт; 21:59:34:623 08.03.2018
// таймаут: 70 мсек

Тест памяти: 2  
      48%       

CA E0 EB FE EC ED FB 20 

01 00 07 00 F7 E9 87   // передача: 7 байт; 21:59:35:143 08.03.2018
// приём по количеству байт: 39 из 39
// принято с порта: 39 байт

01 00 27 00 F7 D2 E5 F1 F2 20 EF E0 EC FF F2 E8 3A 20 32 20 20 20 20 20 20 20 20 34 39 25 00 20 20 20 20 20 20 AC 48   // прием: 39 байт; 21:59:35:213 08.03.2018
// таймаут: 70 мсек

Тест памяти: 2  
      49%       

CA E0 EB FE EC ED FB 20 

01 00 07 00 F7 E9 87   // передача: 7 байт; 21:59:35:723 08.03.2018
// приём по количеству байт: 39 из 39
// принято с порта: 39 байт

01 00 27 00 F7 D2 E5 F1 F2 20 EF E0 EC FF F2 E8 3A 20 32 20 20 20 20 20 20 20 20 35 30 25 00 20 20 20 20 20 20 97 DD   // прием: 39 байт; 21:59:35:793 08.03.2018
// таймаут: 70 мсек

Тест памяти: 2  
      50%       

CA E0 EB FE EC ED FB 20 

01 00 07 00 F7 E9 87   // передача: 7 байт; 21:59:36:314 08.03.2018
// приём по количеству байт: 39 из 39
// принято с порта: 39 байт

01 00 27 00 F7 D2 E5 F1 F2 20 EF E0 EC FF F2 E8 3A 20 32 20 20 20 20 20 20 20 20 35 30 25 00 20 20 20 20 20 20 97 DD   // прием: 39 байт; 21:59:36:384 08.03.2018
// таймаут: 70 мсек

Тест памяти: 2  
      50%       

CA E0 EB FE EC ED FB 20 

01 00 07 00 F7 E9 87   // передача: 7 байт; 21:59:36:886 08.03.2018
// приём по количеству байт: 39 из 39
// принято с порта: 39 байт

01 00 27 00 F7 D2 E5 F1 F2 20 EF E0 EC FF F2 E8 3A 20 32 20 20 20 20 20 20 20 20 35 31 25 00 20 20 20 20 20 20 9A 4D   // прием: 39 байт; 21:59:36:966 08.03.2018
// таймаут: 80 мсек

Тест памяти: 2  
      51%       

CA E0 EB FE EC ED FB 20 

01 00 07 00 F7 E9 87   // передача: 7 байт; 21:59:37:486 08.03.2018
// приём по количеству байт: 39 из 39
// принято с порта: 39 байт

01 00 27 00 F7 D2 E5 F1 F2 20 EF E0 EC FF F2 E8 3A 20 32 20 20 20 20 20 20 20 20 35 31 25 00 20 20 20 20 20 20 9A 4D   // прием: 39 байт; 21:59:37:546 08.03.2018
// таймаут: 60 мсек

Тест памяти: 2  
      51%       

CA E0 EB FE EC ED FB 20 

01 00 07 00 F7 E9 87   // передача: 7 байт; 21:59:38:058 08.03.2018
// приём по количеству байт: 39 из 39
// принято с порта: 39 байт

01 00 27 00 F7 D2 E5 F1 F2 20 EF E0 EC FF F2 E8 3A 20 32 20 20 20 20 20 20 20 20 35 31 25 00 20 20 20 20 20 20 9A 4D   // прием: 39 байт; 21:59:38:148 08.03.2018
// таймаут: 90 мсек

Тест памяти: 2  
      51%       

CA E0 EB FE EC ED FB 20 

01 00 07 00 F7 E9 87   // передача: 7 байт; 21:59:38:656 08.03.2018
// приём по количеству байт: 39 из 39
// принято с порта: 39 байт

01 00 27 00 F7 D2 E5 F1 F2 20 EF E0 EC FF F2 E8 3A 20 32 20 20 20 20 20 20 20 20 35 32 25 00 20 20 20 20 20 20 8E BD   // прием: 39 байт; 21:59:38:726 08.03.2018
// таймаут: 70 мсек

Тест памяти: 2  
      52%       

CA E0 EB FE EC ED FB 20 

01 00 07 00 F7 E9 87   // передача: 7 байт; 21:59:39:246 08.03.2018
// приём по количеству байт: 39 из 39
// принято с порта: 39 байт

01 00 27 00 F7 D2 E5 F1 F2 20 EF E0 EC FF F2 E8 3A 20 32 20 20 20 20 20 20 20 20 35 33 25 00 20 20 20 20 20 20 83 2D   // прием: 39 байт; 21:59:39:316 08.03.2018
// таймаут: 70 мсек

Тест памяти: 2  
      53%       

CA E0 EB FE EC ED FB 20 

01 00 07 00 F7 E9 87   // передача: 7 байт; 21:59:39:822 08.03.2018
// приём по количеству байт: 39 из 39
// принято с порта: 39 байт

01 00 27 00 F7 D2 E5 F1 F2 20 EF E0 EC FF F2 E8 3A 20 32 20 20 20 20 20 20 20 20 35 33 25 00 20 20 20 20 20 20 83 2D   // прием: 39 байт; 21:59:39:892 08.03.2018
// таймаут: 70 мсек

Тест памяти: 2  
      53%       

CA E0 EB FE EC ED FB 20 

01 00 07 00 F7 E9 87   // передача: 7 байт; 21:59:40:402 08.03.2018
// приём по количеству байт: 39 из 39
// принято с порта: 39 байт

01 00 27 00 F7 D2 E5 F1 F2 20 EF E0 EC FF F2 E8 3A 20 32 20 20 20 20 20 20 20 20 35 34 25 00 20 20 20 20 20 20 A5 1D   // прием: 39 байт; 21:59:40:472 08.03.2018
// таймаут: 70 мсек

Тест памяти: 2  
      54%       

CA E0 EB FE EC ED FB 20 

01 00 07 00 F7 E9 87   // передача: 7 байт; 21:59:40:963 08.03.2018
// приём по количеству байт: 39 из 39
// принято с порта: 39 байт

01 00 27 00 F7 D2 E5 F1 F2 20 EF E0 EC FF F2 E8 3A 20 32 20 20 20 20 20 20 20 20 35 35 25 00 20 20 20 20 20 20 A8 8D   // прием: 39 байт; 21:59:41:033 08.03.2018
// таймаут: 70 мсек

Тест памяти: 2  
      55%       

CA E0 EB FE EC ED FB 20 

01 00 07 00 F7 E9 87   // передача: 7 байт; 21:59:41:543 08.03.2018
// приём по количеству байт: 39 из 39
// принято с порта: 39 байт

01 00 27 00 F7 D2 E5 F1 F2 20 EF E0 EC FF F2 E8 3A 20 32 20 20 20 20 20 20 20 20 35 36 25 00 20 20 20 20 20 20 BC 7D   // прием: 39 байт; 21:59:41:613 08.03.2018
// таймаут: 70 мсек

Тест памяти: 2  
      56%       

CA E0 EB FE EC ED FB 20 

01 00 07 00 F7 E9 87   // передача: 7 байт; 21:59:42:133 08.03.2018
// приём по количеству байт: 39 из 39
// принято с порта: 39 байт

01 00 27 00 F7 D2 E5 F1 F2 20 EF E0 EC FF F2 E8 3A 20 32 20 20 20 20 20 20 20 20 35 37 25 00 20 20 20 20 20 20 B1 ED   // прием: 39 байт; 21:59:42:203 08.03.2018
// таймаут: 70 мсек

Тест памяти: 2  
      57%       

CA E0 EB FE EC ED FB 20 

01 00 07 00 F7 E9 87   // передача: 7 байт; 21:59:42:713 08.03.2018
// приём по количеству байт: 39 из 39
// принято с порта: 39 байт

01 00 27 00 F7 D2 E5 F1 F2 20 EF E0 EC FF F2 E8 3A 20 32 20 20 20 20 20 20 20 20 35 38 25 00 20 20 20 20 20 20 F0 1D   // прием: 39 байт; 21:59:42:783 08.03.2018
// таймаут: 70 мсек

Тест памяти: 2  
      58%       

CA E0 EB FE EC ED FB 20 

01 00 07 00 F7 E9 87   // передача: 7 байт; 21:59:43:301 08.03.2018
// приём по количеству байт: 39 из 39
// принято с порта: 39 байт

01 00 27 00 F7 D2 E5 F1 F2 20 EF E0 EC FF F2 E8 3A 20 32 20 20 20 20 20 20 20 20 35 38 25 00 20 20 20 20 20 20 F0 1D   // прием: 39 байт; 21:59:43:371 08.03.2018
// таймаут: 70 мсек

Тест памяти: 2  
      58%       

CA E0 EB FE EC ED FB 20 

01 00 07 00 F7 E9 87   // передача: 7 байт; 21:59:43:883 08.03.2018
// приём по количеству байт: 39 из 39
// принято с порта: 39 байт

01 00 27 00 F7 D2 E5 F1 F2 20 EF E0 EC FF F2 E8 3A 20 32 20 20 20 20 20 20 20 20 35 39 25 00 20 20 20 20 20 20 FD 8D   // прием: 39 байт; 21:59:43:953 08.03.2018
// таймаут: 70 мсек

Тест памяти: 2  
      59%       

CA E0 EB FE EC ED FB 20 

01 00 07 00 F7 E9 87   // передача: 7 байт; 21:59:44:473 08.03.2018
// приём по количеству байт: 39 из 39
// принято с порта: 39 байт

01 00 27 00 F7 D2 E5 F1 F2 20 EF E0 EC FF F2 E8 3A 20 32 20 20 20 20 20 20 20 20 36 30 25 00 20 20 20 20 20 20 67 D2   // прием: 39 байт; 21:59:44:533 08.03.2018
// таймаут: 60 мсек

Тест памяти: 2  
      60%       

CA E0 EB FE EC ED FB 20 

01 00 07 00 F7 E9 87   // передача: 7 байт; 21:59:45:053 08.03.2018
// приём по количеству байт: 39 из 39
// принято с порта: 39 байт

01 00 27 00 F7 D2 E5 F1 F2 20 EF E0 EC FF F2 E8 3A 20 32 20 20 20 20 20 20 20 20 36 31 25 00 20 20 20 20 20 20 6A 42   // прием: 39 байт; 21:59:45:123 08.03.2018
// таймаут: 70 мсек

Тест памяти: 2  
      61%       

CA E0 EB FE EC ED FB 20 

01 00 07 00 F7 E9 87   // передача: 7 байт; 21:59:45:643 08.03.2018
// приём по количеству байт: 39 из 39
// принято с порта: 39 байт

01 00 27 00 F7 D2 E5 F1 F2 20 EF E0 EC FF F2 E8 3A 20 32 20 20 20 20 20 20 20 20 36 32 25 00 20 20 20 20 20 20 7E B2   // прием: 39 байт; 21:59:45:703 08.03.2018
// таймаут: 60 мсек

Тест памяти: 2  
      62%       

CA E0 EB FE EC ED FB 20 

01 00 07 00 F7 E9 87   // передача: 7 байт; 21:59:46:223 08.03.2018
// приём по количеству байт: 39 из 39
// принято с порта: 39 байт

01 00 27 00 F7 D2 E5 F1 F2 20 EF E0 EC FF F2 E8 3A 20 32 20 20 20 20 20 20 20 20 36 33 25 00 20 20 20 20 20 20 73 22   // прием: 39 байт; 21:59:46:283 08.03.2018
// таймаут: 60 мсек

Тест памяти: 2  
      63%       

CA E0 EB FE EC ED FB 20 

01 00 07 00 F7 E9 87   // передача: 7 байт; 21:59:46:793 08.03.2018
// приём по количеству байт: 39 из 39
// принято с порта: 39 байт

01 00 27 00 F7 D2 E5 F1 F2 20 EF E0 EC FF F2 E8 3A 20 32 20 20 20 20 20 20 20 20 36 33 25 00 20 20 20 20 20 20 73 22   // прием: 39 байт; 21:59:46:853 08.03.2018
// таймаут: 60 мсек

Тест памяти: 2  
      63%       

CA E0 EB FE EC ED FB 20 

01 00 07 00 F7 E9 87   // передача: 7 байт; 21:59:47:353 08.03.2018
// приём по количеству байт: 39 из 39
// принято с порта: 39 байт

01 00 27 00 F7 D2 E5 F1 F2 20 EF E0 EC FF F2 E8 3A 20 32 20 20 20 20 20 20 20 20 36 34 25 00 20 20 20 20 20 20 55 12   // прием: 39 байт; 21:59:47:417 08.03.2018
// таймаут: 64 мсек

Тест памяти: 2  
      64%       

CA E0 EB FE EC ED FB 20 

01 00 07 00 F7 E9 87   // передача: 7 байт; 21:59:47:939 08.03.2018
// приём по количеству байт: 39 из 39
// принято с порта: 39 байт

01 00 27 00 F7 D2 E5 F1 F2 20 EF E0 EC FF F2 E8 3A 20 32 20 20 20 20 20 20 20 20 36 35 25 00 20 20 20 20 20 20 58 82   // прием: 39 байт; 21:59:48:009 08.03.2018
// таймаут: 70 мсек

Тест памяти: 2  
      65%       

CA E0 EB FE EC ED FB 20 

01 00 07 00 F7 E9 87   // передача: 7 байт; 21:59:48:529 08.03.2018
// приём по количеству байт: 39 из 39
// принято с порта: 39 байт

01 00 27 00 F7 D2 E5 F1 F2 20 EF E0 EC FF F2 E8 3A 20 32 20 20 20 20 20 20 20 20 36 36 25 00 20 20 20 20 20 20 4C 72   // прием: 39 байт; 21:59:48:589 08.03.2018
// таймаут: 60 мсек

Тест памяти: 2  
      66%       

CA E0 EB FE EC ED FB 20 

01 00 07 00 F7 E9 87   // передача: 7 байт; 21:59:49:108 08.03.2018
// приём по количеству байт: 39 из 39
// принято с порта: 39 байт

01 00 27 00 F7 D2 E5 F1 F2 20 EF E0 EC FF F2 E8 3A 20 32 20 20 20 20 20 20 20 20 36 37 25 00 20 20 20 20 20 20 41 E2   // прием: 39 байт; 21:59:49:178 08.03.2018
// таймаут: 70 мсек

Тест памяти: 2  
      67%       

CA E0 EB FE EC ED FB 20 

01 00 07 00 F7 E9 87   // передача: 7 байт; 21:59:49:700 08.03.2018
// приём по количеству байт: 39 из 39
// принято с порта: 39 байт

01 00 27 00 F7 D2 E5 F1 F2 20 EF E0 EC FF F2 E8 3A 20 32 20 20 20 20 20 20 20 20 36 38 25 00 20 20 20 20 20 20 00 12   // прием: 39 байт; 21:59:49:770 08.03.2018
// таймаут: 70 мсек

Тест памяти: 2  
      68%       

CA E0 EB FE EC ED FB 20 

01 00 07 00 F7 E9 87   // передача: 7 байт; 21:59:50:290 08.03.2018
// приём по количеству байт: 39 из 39
// принято с порта: 39 байт

01 00 27 00 F7 D2 E5 F1 F2 20 EF E0 EC FF F2 E8 3A 20 32 20 20 20 20 20 20 20 20 36 38 25 00 20 20 20 20 20 20 00 12   // прием: 39 байт; 21:59:50:350 08.03.2018
// таймаут: 60 мсек

Тест памяти: 2  
      68%       

CA E0 EB FE EC ED FB 20 

01 00 07 00 F7 E9 87   // передача: 7 байт; 21:59:50:868 08.03.2018
// приём по количеству байт: 39 из 39
// принято с порта: 39 байт

01 00 27 00 F7 D2 E5 F1 F2 20 EF E0 EC FF F2 E8 3A 20 32 20 20 20 20 20 20 20 20 36 39 25 00 20 20 20 20 20 20 0D 82   // прием: 39 байт; 21:59:50:938 08.03.2018
// таймаут: 70 мсек

Тест памяти: 2  
      69%       

CA E0 EB FE EC ED FB 20 

01 00 07 00 F7 E9 87   // передача: 7 байт; 21:59:51:447 08.03.2018
// приём по количеству байт: 39 из 39
// принято с порта: 39 байт

01 00 27 00 F7 D2 E5 F1 F2 20 EF E0 EC FF F2 E8 3A 20 32 20 20 20 20 20 20 20 20 37 30 25 00 20 20 20 20 20 20 36 17   // прием: 39 байт; 21:59:51:517 08.03.2018
// таймаут: 70 мсек

Тест памяти: 2  
      70%       

CA E0 EB FE EC ED FB 20 

01 00 07 00 F7 E9 87   // передача: 7 байт; 21:59:52:019 08.03.2018
// приём по количеству байт: 39 из 39
// принято с порта: 39 байт

01 00 27 00 F7 D2 E5 F1 F2 20 EF E0 EC FF F2 E8 3A 20 32 20 20 20 20 20 20 20 20 37 31 25 00 20 20 20 20 20 20 3B 87   // прием: 39 байт; 21:59:52:089 08.03.2018
// таймаут: 70 мсек

Тест памяти: 2  
      71%       

CA E0 EB FE EC ED FB 20 

01 00 07 00 F7 E9 87   // передача: 7 байт; 21:59:52:589 08.03.2018
// приём по количеству байт: 39 из 39
// принято с порта: 39 байт

01 00 27 00 F7 D2 E5 F1 F2 20 EF E0 EC FF F2 E8 3A 20 32 20 20 20 20 20 20 20 20 37 32 25 00 20 20 20 20 20 20 2F 77   // прием: 39 байт; 21:59:52:656 08.03.2018
// таймаут: 67 мсек

Тест памяти: 2  
      72%       

CA E0 EB FE EC ED FB 20 

01 00 07 00 F7 E9 87   // передача: 7 байт; 21:59:53:178 08.03.2018
// приём по количеству байт: 39 из 39
// принято с порта: 39 байт

01 00 27 00 F7 D2 E5 F1 F2 20 EF E0 EC FF F2 E8 3A 20 32 20 20 20 20 20 20 20 20 37 33 25 00 20 20 20 20 20 20 22 E7   // прием: 39 байт; 21:59:53:248 08.03.2018
// таймаут: 70 мсек

Тест памяти: 2  
      73%       

CA E0 EB FE EC ED FB 20 

01 00 07 00 F7 E9 87   // передача: 7 байт; 21:59:53:750 08.03.2018
// приём по количеству байт: 39 из 39
// принято с порта: 39 байт

01 00 27 00 F7 D2 E5 F1 F2 20 EF E0 EC FF F2 E8 3A 20 32 20 20 20 20 20 20 20 20 37 33 25 00 20 20 20 20 20 20 22 E7   // прием: 39 байт; 21:59:53:810 08.03.2018
// таймаут: 60 мсек

Тест памяти: 2  
      73%       

CA E0 EB FE EC ED FB 20 

01 00 07 00 F7 E9 87   // передача: 7 байт; 21:59:54:330 08.03.2018
// приём по количеству байт: 39 из 39
// принято с порта: 39 байт

01 00 27 00 F7 D2 E5 F1 F2 20 EF E0 EC FF F2 E8 3A 20 32 20 20 20 20 20 20 20 20 37 34 25 00 20 20 20 20 20 20 04 D7   // прием: 39 байт; 21:59:54:400 08.03.2018
// таймаут: 70 мсек

Тест памяти: 2  
      74%       

CA E0 EB FE EC ED FB 20 

01 00 07 00 F7 E9 87   // передача: 7 байт; 21:59:54:908 08.03.2018
// приём по количеству байт: 39 из 39
// принято с порта: 39 байт

01 00 27 00 F7 D2 E5 F1 F2 20 EF E0 EC FF F2 E8 3A 20 32 20 20 20 20 20 20 20 20 37 35 25 00 20 20 20 20 20 20 09 47   // прием: 39 байт; 21:59:54:968 08.03.2018
// таймаут: 60 мсек

Тест памяти: 2  
      75%       

CA E0 EB FE EC ED FB 20 

01 00 07 00 F7 E9 87   // передача: 7 байт; 21:59:55:468 08.03.2018
// приём по количеству байт: 39 из 39
// принято с порта: 39 байт

01 00 27 00 F7 D2 E5 F1 F2 20 EF E0 EC FF F2 E8 3A 20 32 20 20 20 20 20 20 20 20 37 36 25 00 20 20 20 20 20 20 1D B7   // прием: 39 байт; 21:59:55:528 08.03.2018
// таймаут: 60 мсек

Тест памяти: 2  
      76%       

CA E0 EB FE EC ED FB 20 

01 00 07 00 F7 E9 87   // передача: 7 байт; 21:59:56:048 08.03.2018
// приём по количеству байт: 39 из 39
// принято с порта: 39 байт

01 00 27 00 F7 D2 E5 F1 F2 20 EF E0 EC FF F2 E8 3A 20 32 20 20 20 20 20 20 20 20 37 37 25 00 20 20 20 20 20 20 10 27   // прием: 39 байт; 21:59:56:108 08.03.2018
// таймаут: 60 мсек

Тест памяти: 2  
      77%       

CA E0 EB FE EC ED FB 20 

01 00 07 00 F7 E9 87   // передача: 7 байт; 21:59:56:628 08.03.2018
// приём по количеству байт: 39 из 39
// принято с порта: 39 байт

01 00 27 00 F7 D2 E5 F1 F2 20 EF E0 EC FF F2 E8 3A 20 32 20 20 20 20 20 20 20 20 37 37 25 00 20 20 20 20 20 20 10 27   // прием: 39 байт; 21:59:56:700 08.03.2018
// таймаут: 72 мсек

Тест памяти: 2  
      77%       

CA E0 EB FE EC ED FB 20 

01 00 07 00 F7 E9 87   // передача: 7 байт; 21:59:57:220 08.03.2018
// приём по количеству байт: 39 из 39
// принято с порта: 39 байт

01 00 27 00 F7 D2 E5 F1 F2 20 EF E0 EC FF F2 E8 3A 20 32 20 20 20 20 20 20 20 20 37 38 25 00 20 20 20 20 20 20 51 D7   // прием: 39 байт; 21:59:57:290 08.03.2018
// таймаут: 70 мсек

Тест памяти: 2  
      78%       

CA E0 EB FE EC ED FB 20 

01 00 07 00 F7 E9 87   // передача: 7 байт; 21:59:57:808 08.03.2018
// приём по количеству байт: 39 из 39
// принято с порта: 39 байт

01 00 27 00 F7 D2 E5 F1 F2 20 EF E0 EC FF F2 E8 3A 20 32 20 20 20 20 20 20 20 20 37 39 25 00 20 20 20 20 20 20 5C 47   // прием: 39 байт; 21:59:57:878 08.03.2018
// таймаут: 70 мсек

Тест памяти: 2  
      79%       

CA E0 EB FE EC ED FB 20 

01 00 07 00 F7 E9 87   // передача: 7 байт; 21:59:58:388 08.03.2018
// приём по количеству байт: 39 из 39
// принято с порта: 39 байт

01 00 27 00 F7 D2 E5 F1 F2 20 EF E0 EC FF F2 E8 3A 20 32 20 20 20 20 20 20 20 20 38 30 25 00 20 20 20 20 20 20 06 27   // прием: 39 байт; 21:59:58:458 08.03.2018
// таймаут: 70 мсек

Тест памяти: 2  
      80%       

CA E0 EB FE EC ED FB 20 

01 00 07 00 F7 E9 87   // передача: 7 байт; 21:59:58:960 08.03.2018
// приём по количеству байт: 39 из 39
// принято с порта: 39 байт

01 00 27 00 F7 D2 E5 F1 F2 20 EF E0 EC FF F2 E8 3A 20 32 20 20 20 20 20 20 20 20 38 31 25 00 20 20 20 20 20 20 0B B7   // прием: 39 байт; 21:59:59:020 08.03.2018
// таймаут: 60 мсек

Тест памяти: 2  
      81%       

CA E0 EB FE EC ED FB 20 

01 00 07 00 F7 E9 87   // передача: 7 байт; 21:59:59:520 08.03.2018
// приём по количеству байт: 39 из 39
// принято с порта: 39 байт

01 00 27 00 F7 D2 E5 F1 F2 20 EF E0 EC FF F2 E8 3A 20 32 20 20 20 20 20 20 20 20 38 32 25 00 20 20 20 20 20 20 1F 47   // прием: 39 байт; 21:59:59:580 08.03.2018
// таймаут: 60 мсек

Тест памяти: 2  
      82%       

CA E0 EB FE EC ED FB 20 

01 00 07 00 F7 E9 87   // передача: 7 байт; 22:00:00:107 08.03.2018
// приём по количеству байт: 39 из 39
// принято с порта: 39 байт

01 00 27 00 F7 D2 E5 F1 F2 20 EF E0 EC FF F2 E8 3A 20 32 20 20 20 20 20 20 20 20 38 32 25 00 20 20 20 20 20 20 1F 47   // прием: 39 байт; 22:00:00:177 08.03.2018
// таймаут: 70 мсек

Тест памяти: 2  
      82%       

CA E0 EB FE EC ED FB 20 

01 00 07 00 F7 E9 87   // передача: 7 байт; 22:00:00:699 08.03.2018
// приём по количеству байт: 39 из 39
// принято с порта: 39 байт

01 00 27 00 F7 D2 E5 F1 F2 20 EF E0 EC FF F2 E8 3A 20 32 20 20 20 20 20 20 20 20 38 33 25 00 20 20 20 20 20 20 12 D7   // прием: 39 байт; 22:00:00:769 08.03.2018
// таймаут: 70 мсек

Тест памяти: 2  
      83%       

CA E0 EB FE EC ED FB 20 

01 00 07 00 F7 E9 87   // передача: 7 байт; 22:00:01:289 08.03.2018
// приём по количеству байт: 39 из 39
// принято с порта: 39 байт

01 00 27 00 F7 D2 E5 F1 F2 20 EF E0 EC FF F2 E8 3A 20 32 20 20 20 20 20 20 20 20 38 34 25 00 20 20 20 20 20 20 34 E7   // прием: 39 байт; 22:00:01:349 08.03.2018
// таймаут: 60 мсек

Тест памяти: 2  
      84%       

CA E0 EB FE EC ED FB 20 

01 00 07 00 F7 E9 87   // передача: 7 байт; 22:00:01:868 08.03.2018
// приём по количеству байт: 39 из 39
// принято с порта: 39 байт

01 00 27 00 F7 D2 E5 F1 F2 20 EF E0 EC FF F2 E8 3A 20 32 20 20 20 20 20 20 20 20 38 35 25 00 20 20 20 20 20 20 39 77   // прием: 39 байт; 22:00:01:928 08.03.2018
// таймаут: 60 мсек

Тест памяти: 2  
      85%       

CA E0 EB FE EC ED FB 20 

01 00 07 00 F7 E9 87   // передача: 7 байт; 22:00:02:438 08.03.2018
// приём по количеству байт: 39 из 39
// принято с порта: 39 байт

01 00 27 00 F7 D2 E5 F1 F2 20 EF E0 EC FF F2 E8 3A 20 32 20 20 20 20 20 20 20 20 38 36 25 00 20 20 20 20 20 20 2D 87   // прием: 39 байт; 22:00:02:508 08.03.2018
// таймаут: 70 мсек

Тест памяти: 2  
      86%       

CA E0 EB FE EC ED FB 20 

01 00 07 00 F7 E9 87   // передача: 7 байт; 22:00:03:020 08.03.2018
// приём по количеству байт: 39 из 39
// принято с порта: 39 байт

01 00 27 00 F7 D2 E5 F1 F2 20 EF E0 EC FF F2 E8 3A 20 32 20 20 20 20 20 20 20 20 38 37 25 00 20 20 20 20 20 20 20 17   // прием: 39 байт; 22:00:03:080 08.03.2018
// таймаут: 60 мсек

Тест памяти: 2  
      87%       

CA E0 EB FE EC ED FB 20 

01 00 07 00 F7 E9 87   // передача: 7 байт; 22:00:03:581 08.03.2018
// приём по количеству байт: 39 из 39
// принято с порта: 39 байт

01 00 27 00 F7 D2 E5 F1 F2 20 EF E0 EC FF F2 E8 3A 20 32 20 20 20 20 20 20 20 20 38 37 25 00 20 20 20 20 20 20 20 17   // прием: 39 байт; 22:00:03:658 08.03.2018
// таймаут: 77 мсек

Тест памяти: 2  
      87%       

CA E0 EB FE EC ED FB 20 

01 00 07 00 F7 E9 87   // передача: 7 байт; 22:00:04:173 08.03.2018
// приём по количеству байт: 39 из 39
// принято с порта: 39 байт

01 00 27 00 F7 D2 E5 F1 F2 20 EF E0 EC FF F2 E8 3A 20 32 20 20 20 20 20 20 20 20 38 38 25 00 20 20 20 20 20 20 61 E7   // прием: 39 байт; 22:00:04:243 08.03.2018
// таймаут: 70 мсек

Тест памяти: 2  
      88%       

CA E0 EB FE EC ED FB 20 

01 00 07 00 F7 E9 87   // передача: 7 байт; 22:00:04:753 08.03.2018
// приём по количеству байт: 39 из 39
// принято с порта: 39 байт

01 00 27 00 F7 D2 E5 F1 F2 20 EF E0 EC FF F2 E8 3A 20 32 20 20 20 20 20 20 20 20 38 39 25 00 20 20 20 20 20 20 6C 77   // прием: 39 байт; 22:00:04:823 08.03.2018
// таймаут: 70 мсек

Тест памяти: 2  
      89%       

CA E0 EB FE EC ED FB 20 

01 00 07 00 F7 E9 87   // передача: 7 байт; 22:00:05:333 08.03.2018
// приём по количеству байт: 39 из 39
// принято с порта: 39 байт

01 00 27 00 F7 D2 E5 F1 F2 20 EF E0 EC FF F2 E8 3A 20 32 20 20 20 20 20 20 20 20 39 30 25 00 20 20 20 20 20 20 57 E2   // прием: 39 байт; 22:00:05:403 08.03.2018
// таймаут: 70 мсек

Тест памяти: 2  
      90%       

CA E0 EB FE EC ED FB 20 

01 00 07 00 F7 E9 87   // передача: 7 байт; 22:00:05:923 08.03.2018
// приём по количеству байт: 39 из 39
// принято с порта: 39 байт

01 00 27 00 F7 D2 E5 F1 F2 20 EF E0 EC FF F2 E8 3A 20 32 20 20 20 20 20 20 20 20 39 31 25 00 20 20 20 20 20 20 5A 72   // прием: 39 байт; 22:00:05:993 08.03.2018
// таймаут: 70 мсек

Тест памяти: 2  
      91%       

CA E0 EB FE EC ED FB 20 

01 00 07 00 F7 E9 87   // передача: 7 байт; 22:00:06:503 08.03.2018
// приём по количеству байт: 39 из 39
// принято с порта: 39 байт

01 00 27 00 F7 D2 E5 F1 F2 20 EF E0 EC FF F2 E8 3A 20 32 20 20 20 20 20 20 20 20 39 32 25 00 20 20 20 20 20 20 4E 82   // прием: 39 байт; 22:00:06:573 08.03.2018
// таймаут: 70 мсек

Тест памяти: 2  
      92%       

CA E0 EB FE EC ED FB 20 

01 00 07 00 F7 E9 87   // передача: 7 байт; 22:00:07:093 08.03.2018
// приём по количеству байт: 39 из 39
// принято с порта: 39 байт

01 00 27 00 F7 D2 E5 F1 F2 20 EF E0 EC FF F2 E8 3A 20 32 20 20 20 20 20 20 20 20 39 32 25 00 20 20 20 20 20 20 4E 82   // прием: 39 байт; 22:00:07:163 08.03.2018
// таймаут: 70 мсек

Тест памяти: 2  
      92%       

CA E0 EB FE EC ED FB 20 

01 00 07 00 F7 E9 87   // передача: 7 байт; 22:00:07:673 08.03.2018
// приём по количеству байт: 39 из 39
// принято с порта: 39 байт

01 00 27 00 F7 D2 E5 F1 F2 20 EF E0 EC FF F2 E8 3A 20 32 20 20 20 20 20 20 20 20 39 33 25 00 20 20 20 20 20 20 43 12   // прием: 39 байт; 22:00:07:733 08.03.2018
// таймаут: 60 мсек

Тест памяти: 2  
      93%       

CA E0 EB FE EC ED FB 20 

01 00 07 00 F7 E9 87   // передача: 7 байт; 22:00:08:245 08.03.2018
// приём по количеству байт: 39 из 39
// принято с порта: 39 байт

01 00 27 00 F7 D2 E5 F1 F2 20 EF E0 EC FF F2 E8 3A 20 32 20 20 20 20 20 20 20 20 39 34 25 00 20 20 20 20 20 20 65 22   // прием: 39 байт; 22:00:08:315 08.03.2018
// таймаут: 70 мсек

Тест памяти: 2  
      94%       

CA E0 EB FE EC ED FB 20 

01 00 07 00 F7 E9 87   // передача: 7 байт; 22:00:08:807 08.03.2018
// приём по количеству байт: 39 из 39
// принято с порта: 39 байт

01 00 27 00 F7 D2 E5 F1 F2 20 EF E0 EC FF F2 E8 3A 20 32 20 20 20 20 20 20 20 20 39 35 25 00 20 20 20 20 20 20 68 B2   // прием: 39 байт; 22:00:08:867 08.03.2018
// таймаут: 60 мсек

Тест памяти: 2  
      95%       

CA E0 EB FE EC ED FB 20 

01 00 07 00 F7 E9 87   // передача: 7 байт; 22:00:09:387 08.03.2018
// приём по количеству байт: 39 из 39
// принято с порта: 39 байт

01 00 27 00 F7 D2 E5 F1 F2 20 EF E0 EC FF F2 E8 3A 20 32 20 20 20 20 20 20 20 20 39 36 25 00 20 20 20 20 20 20 7C 42   // прием: 39 байт; 22:00:09:457 08.03.2018
// таймаут: 70 мсек

Тест памяти: 2  
      96%       

CA E0 EB FE EC ED FB 20 

01 00 07 00 F7 E9 87   // передача: 7 байт; 22:00:09:949 08.03.2018
// приём по количеству байт: 39 из 39
// принято с порта: 39 байт

01 00 27 00 F7 D2 E5 F1 F2 20 EF E0 EC FF F2 E8 3A 20 32 20 20 20 20 20 20 20 20 39 37 25 00 20 20 20 20 20 20 71 D2   // прием: 39 байт; 22:00:10:009 08.03.2018
// таймаут: 60 мсек

Тест памяти: 2  
      97%       

CA E0 EB FE EC ED FB 20 

01 00 07 00 F7 E9 87   // передача: 7 байт; 22:00:10:519 08.03.2018
// приём по количеству байт: 39 из 39
// принято с порта: 39 байт

01 00 27 00 F7 D2 E5 F1 F2 20 EF E0 EC FF F2 E8 3A 20 32 20 20 20 20 20 20 20 20 39 37 25 00 20 20 20 20 20 20 71 D2   // прием: 39 байт; 22:00:10:579 08.03.2018
// таймаут: 60 мсек

Тест памяти: 2  
      97%       

CA E0 EB FE EC ED FB 20 

01 00 07 00 F7 E9 87   // передача: 7 байт; 22:00:11:088 08.03.2018
// приём по количеству байт: 39 из 39
// принято с порта: 39 байт

01 00 27 00 F7 D2 E5 F1 F2 20 EF E0 EC FF F2 E8 3A 20 32 20 20 20 20 20 20 20 20 39 38 25 00 20 20 20 20 20 20 30 22   // прием: 39 байт; 22:00:11:158 08.03.2018
// таймаут: 70 мсек

Тест памяти: 2  
      98%       

CA E0 EB FE EC ED FB 20 

01 00 07 00 F7 E9 87   // передача: 7 байт; 22:00:11:662 08.03.2018
// приём по количеству байт: 39 из 39
// принято с порта: 39 байт

01 00 27 00 F7 D2 E5 F1 F2 20 EF E0 EC FF F2 E8 3A 20 32 20 20 20 20 20 20 20 20 39 39 25 00 20 20 20 20 20 20 3D B2   // прием: 39 байт; 22:00:11:724 08.03.2018
// таймаут: 62 мсек

Тест памяти: 2  
      99%       

CA E0 EB FE EC ED FB 20 

01 00 07 00 F7 E9 87   // передача: 7 байт; 22:00:12:234 08.03.2018
// приём по таймауту: 1000 мс
// принято с порта: 0 байт
повтор: 1

CA E0 EB FE EC ED FB 20 

01 00 07 00 F7 E9 87   // передача: 7 байт; 22:00:13:256 08.03.2018
// приём по таймауту: 1000 мс
// принято с порта: 0 байт
повтор: 2

CA E0 EB FE EC ED FB 20 

01 00 07 00 F7 E9 87   // передача: 7 байт; 22:00:14:268 08.03.2018
// приём по таймауту: 1000 мс
// принято с порта: 0 байт
повтор: 3

CA E0 EB FE EC ED FB 20 

01 00 07 00 F7 E9 87   // передача: 7 байт; 22:00:15:281 08.03.2018
// приём по таймауту: 1000 мс
// принято с порта: 0 байт
повтор: 4

CA E0 EB FE EC ED FB 20 

01 00 07 00 F7 E9 87   // передача: 7 байт; 22:00:16:293 08.03.2018
// приём по таймауту: 1000 мс
// принято с порта: 0 байт
повтор: 5

CA E0 EB FE EC ED FB 20 

01 00 07 00 F7 E9 87   // передача: 7 байт; 22:00:17:313 08.03.2018
// приём по таймауту: 1000 мс
// принято с порта: 0 байт
// приём по количеству байт: 39 из 39
// принято с порта: 39 байт

01 00 27 00 F7 D2 E5 F1 F2 20 EF E0 EC FF F2 E8 3A 20 33 20 20 20 20 20 20 20 20 20 30 25 00 20 20 20 20 20 20 BB A4   // прием: 39 байт; 22:00:24:122 08.03.2018
// таймаут: 6809 мсек

Тест памяти: 3  
       0%       

CA E0 EB FE EC ED FB 20 

01 00 07 00 F7 E9 87   // передача: 7 байт; 22:00:24:642 08.03.2018
// приём по количеству байт: 39 из 39
// принято с порта: 39 байт

01 00 27 00 F7 D2 E5 F1 F2 20 EF E0 EC FF F2 E8 3A 20 33 20 20 20 20 20 20 20 20 20 33 25 00 20 20 20 20 20 20 AF 54   // прием: 39 байт; 22:00:24:702 08.03.2018
// таймаут: 60 мсек

Тест памяти: 3  
       3%       

CA E0 EB FE EC ED FB 20 

01 00 07 00 F7 E9 87   // передача: 7 байт; 22:00:25:222 08.03.2018
// приём по количеству байт: 39 из 39
// принято с порта: 39 байт

01 00 27 00 F7 D2 E5 F1 F2 20 EF E0 EC FF F2 E8 3A 20 33 20 20 20 20 20 20 20 20 20 37 25 00 20 20 20 20 20 20 9D 94   // прием: 39 байт; 22:00:25:312 08.03.2018
// таймаут: 90 мсек

Тест памяти: 3  
       7%       

CA E0 EB FE EC ED FB 20 

01 00 07 00 F7 E9 87   // передача: 7 байт; 22:00:25:912 08.03.2018
// приём по количеству байт: 39 из 39
// принято с порта: 39 байт

01 00 27 00 F7 D2 E5 F1 F2 20 EF E0 EC FF F2 E8 3A 20 33 20 20 20 20 20 20 20 20 31 31 25 00 20 20 20 20 20 20 E6 64   // прием: 39 байт; 22:00:25:982 08.03.2018
// таймаут: 70 мсек

Тест памяти: 3  
      11%       

CA E0 EB FE EC ED FB 20 

01 00 07 00 F7 E9 87   // передача: 7 байт; 22:00:26:592 08.03.2018
// приём по количеству байт: 39 из 39
// принято с порта: 39 байт

01 00 27 00 F7 D2 E5 F1 F2 20 EF E0 EC FF F2 E8 3A 20 33 20 20 20 20 20 20 20 20 31 35 25 00 20 20 20 20 20 20 D4 A4   // прием: 39 байт; 22:00:26:657 08.03.2018
// таймаут: 65 мсек

Тест памяти: 3  
      15%       

CA E0 EB FE EC ED FB 20 

01 00 07 00 F7 E9 87   // передача: 7 байт; 22:00:27:266 08.03.2018
// приём по количеству байт: 39 из 39
// принято с порта: 39 байт

01 00 27 00 F7 D2 E5 F1 F2 20 EF E0 EC FF F2 E8 3A 20 33 20 20 20 20 20 20 20 20 31 39 25 00 20 20 20 20 20 20 81 A4   // прием: 39 байт; 22:00:27:330 08.03.2018
// таймаут: 64 мсек

Тест памяти: 3  
      19%       

CA E0 EB FE EC ED FB 20 

01 00 07 00 F7 E9 87   // передача: 7 байт; 22:00:27:942 08.03.2018
// приём по количеству байт: 39 из 39
// принято с порта: 39 байт

01 00 27 00 F7 D2 E5 F1 F2 20 EF E0 EC FF F2 E8 3A 20 33 20 20 20 20 20 20 20 20 32 34 25 00 20 20 20 20 20 20 29 3B   // прием: 39 байт; 22:00:28:002 08.03.2018
// таймаут: 60 мсек

Тест памяти: 3  
      24%       

CA E0 EB FE EC ED FB 20 

01 00 07 00 F7 E9 87   // передача: 7 байт; 22:00:28:602 08.03.2018
// приём по количеству байт: 39 из 39
// принято с порта: 39 байт

01 00 27 00 F7 D2 E5 F1 F2 20 EF E0 EC FF F2 E8 3A 20 33 20 20 20 20 20 20 20 20 32 38 25 00 20 20 20 20 20 20 7C 3B   // прием: 39 байт; 22:00:28:672 08.03.2018
// таймаут: 70 мсек

Тест памяти: 3  
      28%       

CA E0 EB FE EC ED FB 20 

01 00 07 00 F7 E9 87   // передача: 7 байт; 22:00:29:272 08.03.2018
// приём по количеству байт: 39 из 39
// принято с порта: 39 байт

01 00 27 00 F7 D2 E5 F1 F2 20 EF E0 EC FF F2 E8 3A 20 33 20 20 20 20 20 20 20 20 33 32 25 00 20 20 20 20 20 20 53 5E   // прием: 39 байт; 22:00:29:332 08.03.2018
// таймаут: 60 мсек

Тест памяти: 3  
      32%       

CA E0 EB FE EC ED FB 20 

01 00 07 00 F7 E9 87   // передача: 7 байт; 22:00:29:962 08.03.2018
// приём по количеству байт: 39 из 39
// принято с порта: 39 байт

01 00 27 00 F7 D2 E5 F1 F2 20 EF E0 EC FF F2 E8 3A 20 33 20 20 20 20 20 20 20 20 33 36 25 00 20 20 20 20 20 20 61 9E   // прием: 39 байт; 22:00:30:022 08.03.2018
// таймаут: 60 мсек

Тест памяти: 3  
      36%       

CA E0 EB FE EC ED FB 20 

01 00 07 00 F7 E9 87   // передача: 7 байт; 22:00:30:656 08.03.2018
// приём по количеству байт: 39 из 39
// принято с порта: 39 байт

01 00 27 00 F7 D2 E5 F1 F2 20 EF E0 EC FF F2 E8 3A 20 33 20 20 20 20 20 20 20 20 34 31 25 00 20 20 20 20 20 20 F6 74   // прием: 39 байт; 22:00:30:719 08.03.2018
// таймаут: 63 мсек

Тест памяти: 3  
      41%       

CA E0 EB FE EC ED FB 20 

01 00 07 00 F7 E9 87   // передача: 7 байт; 22:00:31:339 08.03.2018
// приём по количеству байт: 39 из 39
// принято с порта: 39 байт

01 00 27 00 F7 D2 E5 F1 F2 20 EF E0 EC FF F2 E8 3A 20 33 20 20 20 20 20 20 20 20 34 35 25 00 20 20 20 20 20 20 C4 B4   // прием: 39 байт; 22:00:31:409 08.03.2018
// таймаут: 70 мсек

Тест памяти: 3  
      45%       

CA E0 EB FE EC ED FB 20 

01 00 07 00 F7 E9 87   // передача: 7 байт; 22:00:32:012 08.03.2018
// приём по количеству байт: 39 из 39
// принято с порта: 39 байт

01 00 27 00 F7 D2 E5 F1 F2 20 EF E0 EC FF F2 E8 3A 20 33 20 20 20 20 20 20 20 20 34 39 25 00 20 20 20 20 20 20 91 B4   // прием: 39 байт; 22:00:32:082 08.03.2018
// таймаут: 70 мсек

Тест памяти: 3  
      49%       

CA E0 EB FE EC ED FB 20 

01 00 07 00 F7 E9 87   // передача: 7 байт; 22:00:32:682 08.03.2018
// приём по количеству байт: 39 из 39
// принято с порта: 39 байт

01 00 27 00 F7 D2 E5 F1 F2 20 EF E0 EC FF F2 E8 3A 20 33 20 20 20 20 20 20 20 20 35 33 25 00 20 20 20 20 20 20 BE D1   // прием: 39 байт; 22:00:32:752 08.03.2018
// таймаут: 70 мсек

Тест памяти: 3  
      53%       

CA E0 EB FE EC ED FB 20 

01 00 07 00 F7 E9 87   // передача: 7 байт; 22:00:33:352 08.03.2018
// приём по количеству байт: 39 из 39
// принято с порта: 39 байт

01 00 27 00 F7 D2 E5 F1 F2 20 EF E0 EC FF F2 E8 3A 20 33 20 20 20 20 20 20 20 20 35 38 25 00 20 20 20 20 20 20 CD E1   // прием: 39 байт; 22:00:33:422 08.03.2018
// таймаут: 70 мсек

Тест памяти: 3  
      58%       

CA E0 EB FE EC ED FB 20 

01 00 07 00 F7 E9 87   // передача: 7 байт; 22:00:34:022 08.03.2018
// приём по количеству байт: 39 из 39
// принято с порта: 39 байт

01 00 27 00 F7 D2 E5 F1 F2 20 EF E0 EC FF F2 E8 3A 20 33 20 20 20 20 20 20 20 20 36 32 25 00 20 20 20 20 20 20 43 4E   // прием: 39 байт; 22:00:34:092 08.03.2018
// таймаут: 70 мсек

Тест памяти: 3  
      62%       

CA E0 EB FE EC ED FB 20 

01 00 07 00 F7 E9 87   // передача: 7 байт; 22:00:34:692 08.03.2018
// приём по количеству байт: 39 из 39
// принято с порта: 39 байт

01 00 27 00 F7 D2 E5 F1 F2 20 EF E0 EC FF F2 E8 3A 20 33 20 20 20 20 20 20 20 20 36 36 25 00 20 20 20 20 20 20 71 8E   // прием: 39 байт; 22:00:34:772 08.03.2018
// таймаут: 80 мсек

Тест памяти: 3  
      66%       

CA E0 EB FE EC ED FB 20 

01 00 07 00 F7 E9 87   // передача: 7 байт; 22:00:35:382 08.03.2018
// приём по количеству байт: 39 из 39
// принято с порта: 39 байт

01 00 27 00 F7 D2 E5 F1 F2 20 EF E0 EC FF F2 E8 3A 20 33 20 20 20 20 20 20 20 20 37 30 25 00 20 20 20 20 20 20 0B EB   // прием: 39 байт; 22:00:35:442 08.03.2018
// таймаут: 60 мсек

Тест памяти: 3  
      70%       

CA E0 EB FE EC ED FB 20 

01 00 07 00 F7 E9 87   // передача: 7 байт; 22:00:36:052 08.03.2018
// приём по количеству байт: 39 из 39
// принято с порта: 39 байт

01 00 27 00 F7 D2 E5 F1 F2 20 EF E0 EC FF F2 E8 3A 20 33 20 20 20 20 20 20 20 20 37 34 25 00 20 20 20 20 20 20 39 2B   // прием: 39 байт; 22:00:36:122 08.03.2018
// таймаут: 70 мсек

Тест памяти: 3  
      74%       

CA E0 EB FE EC ED FB 20 

01 00 07 00 F7 E9 87   // передача: 7 байт; 22:00:36:722 08.03.2018
// приём по количеству байт: 39 из 39
// принято с порта: 39 байт

01 00 27 00 F7 D2 E5 F1 F2 20 EF E0 EC FF F2 E8 3A 20 33 20 20 20 20 20 20 20 20 37 39 25 00 20 20 20 20 20 20 61 BB   // прием: 39 байт; 22:00:36:792 08.03.2018
// таймаут: 70 мсек

Тест памяти: 3  
      79%       

CA E0 EB FE EC ED FB 20 

01 00 07 00 F7 E9 87   // передача: 7 байт; 22:00:37:382 08.03.2018
// приём по количеству байт: 39 из 39
// принято с порта: 39 байт

01 00 27 00 F7 D2 E5 F1 F2 20 EF E0 EC FF F2 E8 3A 20 33 20 20 20 20 20 20 20 20 38 33 25 00 20 20 20 20 20 20 2F 2B   // прием: 39 байт; 22:00:37:452 08.03.2018
// таймаут: 70 мсек

Тест памяти: 3  
      83%       

CA E0 EB FE EC ED FB 20 

01 00 07 00 F7 E9 87   // передача: 7 байт; 22:00:38:062 08.03.2018
// приём по количеству байт: 39 из 39
// принято с порта: 39 байт

01 00 27 00 F7 D2 E5 F1 F2 20 EF E0 EC FF F2 E8 3A 20 33 20 20 20 20 20 20 20 20 38 37 25 00 20 20 20 20 20 20 1D EB   // прием: 39 байт; 22:00:38:132 08.03.2018
// таймаут: 70 мсек

Тест памяти: 3  
      87%       

CA E0 EB FE EC ED FB 20 

01 00 07 00 F7 E9 87   // передача: 7 байт; 22:00:38:752 08.03.2018
// приём по количеству байт: 39 из 39
// принято с порта: 39 байт

01 00 27 00 F7 D2 E5 F1 F2 20 EF E0 EC FF F2 E8 3A 20 33 20 20 20 20 20 20 20 20 39 31 25 00 20 20 20 20 20 20 67 8E   // прием: 39 байт; 22:00:38:802 08.03.2018
// таймаут: 50 мсек

Тест памяти: 3  
      91%       

CA E0 EB FE EC ED FB 20 

01 00 07 00 F7 E9 87   // передача: 7 байт; 22:00:39:412 08.03.2018
// приём по количеству байт: 39 из 39
// принято с порта: 39 байт

01 00 27 00 F7 D2 E5 F1 F2 20 EF E0 EC FF F2 E8 3A 20 33 20 20 20 20 20 20 20 20 39 35 25 00 20 20 20 20 20 20 55 4E   // прием: 39 байт; 22:00:39:472 08.03.2018
// таймаут: 60 мсек

Тест памяти: 3  
      95%       

CA E0 EB FE EC ED FB 20 

01 00 07 00 F7 E9 87   // передача: 7 байт; 22:00:40:093 08.03.2018
// приём по таймауту: 1000 мс
// принято с порта: 0 байт
повтор: 1

CA E0 EB FE EC ED FB 20 

01 00 07 00 F7 E9 87   // передача: 7 байт; 22:00:41:135 08.03.2018
// приём по таймауту: 1000 мс
// принято с порта: 0 байт
повтор: 2

CA E0 EB FE EC ED FB 20 

01 00 07 00 F7 E9 87   // передача: 7 байт; 22:00:42:165 08.03.2018
// приём по таймауту: 1000 мс
// принято с порта: 0 байт
повтор: 3

CA E0 EB FE EC ED FB 20 

01 00 07 00 F7 E9 87   // передача: 7 байт; 22:00:43:207 08.03.2018
// приём по таймауту: 1000 мс
// принято с порта: 0 байт
повтор: 4

CA E0 EB FE EC ED FB 20 

01 00 07 00 F7 E9 87   // передача: 7 байт; 22:00:44:252 08.03.2018
// приём по таймауту: 1000 мс
// принято с порта: 0 байт
повтор: 5

CA E0 EB FE EC ED FB 20 

01 00 07 00 F7 E9 87   // передача: 7 байт; 22:00:45:282 08.03.2018
// приём по таймауту: 1000 мс
// принято с порта: 0 байт

CA E0 EB FE EC ED FB 20 

01 00 07 00 F7 E9 87   // передача: 7 байт; 22:00:52:948 08.03.2018
// приём по количеству байт: 39 из 39
// принято с порта: 39 байт

01 00 27 00 F7 CD E0 F1 F2 F0 EE E9 EA E0 20 20 20 20 20 20 20 20 20 20 20 20 20 20 20 20 20 20 20 20 20 20 20 5D 58   // прием: 39 байт; 22:00:53:008 08.03.2018
// таймаут: 60 мсек

Настройка       
                

CA E0 EB FE EC ED FB 20 

01 00 07 00 F7 E9 87   // передача: 7 байт; 22:00:53:618 08.03.2018
// приём по количеству байт: 39 из 39
// принято с порта: 39 байт

01 00 27 00 F7 CD E0 F1 F2 F0 EE E9 EA E0 20 20 20 20 20 20 20 20 20 20 20 20 20 20 20 20 20 20 20 20 20 20 20 5D 58   // прием: 39 байт; 22:00:53:690 08.03.2018
// таймаут: 72 мсек

Настройка       
                

CA E0 EB FE EC ED FB 20 

01 00 07 00 F7 E9 87   // передача: 7 байт; 22:00:54:300 08.03.2018
// приём по количеству байт: 39 из 39
// принято с порта: 39 байт

01 00 27 00 F7 CD E0 F1 F2 F0 EE E9 EA E0 20 20 20 20 20 20 20 20 20 20 20 20 20 20 20 20 20 20 20 20 20 20 20 5D 58   // прием: 39 байт; 22:00:54:366 08.03.2018
// таймаут: 66 мсек

Настройка       
                

CA E0 EB FE EC ED FB 20 

01 00 07 00 F7 E9 87   // передача: 7 байт; 22:00:54:968 08.03.2018
// приём по количеству байт: 39 из 39
// принято с порта: 39 байт

01 00 27 00 F7 CD E0 F1 F2 F0 EE E9 EA E0 20 20 20 20 20 20 20 20 20 20 20 20 20 20 20 20 20 20 20 20 20 20 20 5D 58   // прием: 39 байт; 22:00:55:028 08.03.2018
// таймаут: 60 мсек

Настройка       
                

CA E0 EB FE EC ED FB 20 

01 00 07 00 F7 E9 87   // передача: 7 байт; 22:00:55:648 08.03.2018
// приём по количеству байт: 39 из 39
// принято с порта: 39 байт

01 00 27 00 F7 CD E0 F1 F2 F0 EE E9 EA E0 20 20 20 20 20 20 20 20 20 20 20 20 20 20 20 20 20 20 20 20 20 20 20 5D 58   // прием: 39 байт; 22:00:55:710 08.03.2018
// таймаут: 62 мсек

Настройка       
                

// О программе
