
CA E0 EB FE EC ED FB 20 

00 00 08 00 F6 0C 45 DE   // передача: 8 байт; 14:22:38:418 08.03.2018
// приём по количеству байт: 9 из 9
// принято с порта: 9 байт

01 00 09 00 F6 00 00 37 F3   // прием: 9 байт; 14:22:38:448 08.03.2018
// таймаут: 30 мсек


CA E0 EB FE EC ED FB 20 

00 00 07 00 F7 D4 47   // передача: 7 байт; 14:22:38:448 08.03.2018
// приём по количеству байт: 39 из 39
// принято с порта: 39 байт

01 00 27 00 F7 CF F0 EE E3 F0 E0 EC EC E0 20 3F 20 20 20 20 20 3E 5F 5F 5F 20 20 20 20 20 20 20 20 20 20 20 20 5B EF   // прием: 39 байт; 14:22:38:518 08.03.2018
// таймаут: 70 мсек

Программа ?     
>___            

CA E0 EB FE EC ED FB 20 

00 00 08 00 F6 01 84 1B   // передача: 8 байт; 14:22:39:348 08.03.2018
// приём по количеству байт: 9 из 9
// принято с порта: 9 байт

01 00 09 00 F6 00 00 37 F3   // прием: 9 байт; 14:22:39:388 08.03.2018
// таймаут: 40 мсек


CA E0 EB FE EC ED FB 20 

00 00 07 00 F7 D4 47   // передача: 7 байт; 14:22:39:388 08.03.2018
// приём по количеству байт: 39 из 39
// принято с порта: 39 байт

01 00 27 00 F7 CF F0 EE E3 F0 E0 EC EC E0 20 3F 20 20 20 20 20 3E 5F 5F 31 20 20 20 20 20 20 20 20 20 20 20 20 CC C1   // прием: 39 байт; 14:22:39:448 08.03.2018
// таймаут: 60 мсек

Программа ?     
>__1            

CA E0 EB FE EC ED FB 20 

00 00 08 00 F6 09 85 DD   // передача: 8 байт; 14:22:39:968 08.03.2018
// приём по количеству байт: 9 из 9
// принято с порта: 9 байт

01 00 09 00 F6 00 00 37 F3   // прием: 9 байт; 14:22:39:998 08.03.2018
// таймаут: 30 мсек


CA E0 EB FE EC ED FB 20 

00 00 07 00 F7 D4 47   // передача: 7 байт; 14:22:39:998 08.03.2018
// приём по количеству байт: 39 из 39
// принято с порта: 39 байт

01 00 27 00 F7 CF F0 EE E3 F0 E0 EC EC E0 20 3F 20 20 20 20 20 3E 5F 31 39 20 20 20 20 20 20 20 20 20 20 20 20 BC 27   // прием: 39 байт; 14:22:40:068 08.03.2018
// таймаут: 70 мсек

Программа ?     
>_19            

CA E0 EB FE EC ED FB 20 

00 00 08 00 F6 00 45 DB   // передача: 8 байт; 14:22:40:428 08.03.2018
// приём по количеству байт: 9 из 9
// принято с порта: 9 байт

01 00 09 00 F6 00 00 37 F3   // прием: 9 байт; 14:22:40:468 08.03.2018
// таймаут: 40 мсек


CA E0 EB FE EC ED FB 20 

00 00 07 00 F7 D4 47   // передача: 7 байт; 14:22:40:468 08.03.2018
// приём по количеству байт: 39 из 39
// принято с порта: 39 байт

01 00 27 00 F7 CF F0 EE E3 F0 E0 EC EC E0 20 3F 20 20 20 20 20 3E 31 39 30 20 20 20 20 20 20 20 20 20 20 20 20 46 0A   // прием: 39 байт; 14:22:40:528 08.03.2018
// таймаут: 60 мсек

Программа ?     
>190            

CA E0 EB FE EC ED FB 20 

00 00 08 00 F6 0D 84 1E   // передача: 8 байт; 14:22:40:888 08.03.2018
// приём по количеству байт: 9 из 9
// принято с порта: 9 байт

01 00 09 00 F6 00 00 37 F3   // прием: 9 байт; 14:22:40:918 08.03.2018
// таймаут: 30 мсек


CA E0 EB FE EC ED FB 20 

00 00 07 00 F7 D4 47   // передача: 7 байт; 14:22:40:918 08.03.2018
// приём по количеству байт: 39 из 39
// принято с порта: 39 байт

01 00 27 00 F7 CA E0 ED E0 EB 3A 20 31 20 00 20 20 20 20 20 20 20 20 20 20 20 20 20 20 20 20 20 20 20 20 20 20 0D EE   // прием: 39 байт; 14:22:41:638 08.03.2018
// таймаут: 720 мсек

Канал: 1        
                

CA E0 EB FE EC ED FB 20 

00 00 07 00 F7 D4 47   // передача: 7 байт; 14:22:49:418 08.03.2018
// приём по количеству байт: 39 из 39
// принято с порта: 39 байт

01 00 27 00 F7 CA E0 ED E0 EB 3A 20 31 20 00 20 20 20 20 20 20 20 EA EE F0 F0 E5 EA F6 E8 FF 3A 20 E5 F1 F2 FC 1B E3   // прием: 39 байт; 14:22:49:488 08.03.2018
// таймаут: 70 мсек

Канал: 1        
 коррекция: есть

CA E0 EB FE EC ED FB 20 

00 00 07 00 F7 D4 47   // передача: 7 байт; 14:22:50:138 08.03.2018
// приём по количеству байт: 39 из 39
// принято с порта: 39 байт

01 00 27 00 F7 CA E0 ED E0 EB 3A 20 31 20 00 20 20 20 20 20 20 20 EA EE F0 F0 E5 EA F6 E8 FF 3A 20 E5 F1 F2 FC 1B E3   // прием: 39 байт; 14:22:50:208 08.03.2018
// таймаут: 70 мсек

Канал: 1        
 коррекция: есть

CA E0 EB FE EC ED FB 20 

00 00 07 00 F7 D4 47   // передача: 7 байт; 14:22:51:058 08.03.2018
// приём по количеству байт: 39 из 39
// принято с порта: 39 байт

01 00 27 00 F7 CA E0 ED E0 EB 3A 20 31 20 00 20 20 20 20 20 20 20 EA EE F0 F0 E5 EA F6 E8 FF 3A 20 E5 F1 F2 FC 1B E3   // прием: 39 байт; 14:22:51:118 08.03.2018
// таймаут: 60 мсек

Канал: 1        
 коррекция: есть

CA E0 EB FE EC ED FB 20 

00 00 07 00 F7 D4 47   // передача: 7 байт; 14:22:51:758 08.03.2018
// приём по количеству байт: 39 из 39
// принято с порта: 39 байт

01 00 27 00 F7 CA E0 ED E0 EB 3A 20 31 20 00 20 20 20 20 20 20 20 EA EE F0 F0 E5 EA F6 E8 FF 3A 20 E5 F1 F2 FC 1B E3   // прием: 39 байт; 14:22:51:818 08.03.2018
// таймаут: 60 мсек

Канал: 1        
 коррекция: есть

CA E0 EB FE EC ED FB 20 

00 00 07 00 F7 D4 47   // передача: 7 байт; 14:22:53:768 08.03.2018
// приём по количеству байт: 39 из 39
// принято с порта: 39 байт

01 00 27 00 F7 CA E0 ED E0 EB 3A 20 31 20 00 20 20 20 20 20 20 20 E1 E5 E7 20 EA EE F0 F0 E5 EA F6 E8 E8 20 20 98 5C   // прием: 39 байт; 14:22:54:298 08.03.2018
// таймаут: 530 мсек

Канал: 1        
 без коррекции  

CA E0 EB FE EC ED FB 20 

00 00 07 00 F7 D4 47   // передача: 7 байт; 14:22:54:928 08.03.2018
// приём по количеству байт: 39 из 39
// принято с порта: 39 байт

01 00 27 00 F7 CA E0 ED E0 EB 3A 20 31 20 00 20 20 20 20 20 20 20 E2 E5 F0 F1 E8 FF 20 32 2E 33 2E 31 00 20 20 68 ED   // прием: 39 байт; 14:22:55:098 08.03.2018
// таймаут: 170 мсек

Канал: 1        
 версия 2.3.1   

CA E0 EB FE EC ED FB 20 

00 00 07 00 F7 D4 47   // передача: 7 байт; 14:23:01:778 08.03.2018
// приём по количеству байт: 39 из 39
// принято с порта: 39 байт

01 00 27 00 F7 CA E0 ED E0 EB 3A 20 31 20 00 20 20 20 20 20 20 20 32 30 20 3F 20 20 30 33 2E 30 39 2E 31 37 00 7B 56   // прием: 39 байт; 14:23:01:848 08.03.2018
// таймаут: 70 мсек

Канал: 1        
 20 ?  03.09.17 

CA E0 EB FE EC ED FB 20 

00 00 07 00 F7 D4 47   // передача: 7 байт; 14:23:02:758 08.03.2018
// приём по количеству байт: 39 из 39
// принято с порта: 39 байт

01 00 27 00 F7 CA E0 ED E0 EB 3A 20 31 20 00 20 20 20 20 20 20 20 30 38 20 3F 20 20 31 30 2E 30 36 2E 31 37 00 E9 1B   // прием: 39 байт; 14:23:02:818 08.03.2018
// таймаут: 60 мсек

Канал: 1        
 08 ?  10.06.17 

CA E0 EB FE EC ED FB 20 

00 00 07 00 F7 D4 47   // передача: 7 байт; 14:23:03:618 08.03.2018
// приём по количеству байт: 39 из 39
// принято с порта: 39 байт

01 00 27 00 F7 CA E0 ED E0 EB 3A 20 31 20 00 20 20 20 20 20 20 20 30 35 20 3F 20 20 31 30 2E 30 36 2E 31 37 00 E5 D6   // прием: 39 байт; 14:23:03:678 08.03.2018
// таймаут: 60 мсек

Канал: 1        
 05 ?  10.06.17 

CA E0 EB FE EC ED FB 20 

00 00 07 00 F7 D4 47   // передача: 7 байт; 14:23:04:398 08.03.2018
// приём по количеству байт: 39 из 39
// принято с порта: 39 байт

01 00 27 00 F7 CA E0 ED E0 EB 3A 20 31 20 00 20 20 20 20 20 20 20 31 30 20 3F 20 20 30 33 2E 30 39 2E 31 37 00 38 57   // прием: 39 байт; 14:23:04:458 08.03.2018
// таймаут: 60 мсек

Канал: 1        
 10 ?  03.09.17 

CA E0 EB FE EC ED FB 20 

00 00 07 00 F7 D4 47   // передача: 7 байт; 14:23:05:308 08.03.2018
// приём по количеству байт: 39 из 39
// принято с порта: 39 байт

01 00 27 00 F7 CA E0 ED E0 EB 3A 20 31 20 00 20 20 20 20 20 20 20 30 30 20 3F 20 20 31 30 2E 30 36 2E 31 37 00 E0 D3   // прием: 39 байт; 14:23:05:378 08.03.2018
// таймаут: 70 мсек

Канал: 1        
 00 ?  10.06.17 

CA E0 EB FE EC ED FB 20 

00 00 07 00 F7 D4 47   // передача: 7 байт; 14:23:06:018 08.03.2018
// приём по количеству байт: 39 из 39
// принято с порта: 39 байт

01 00 27 00 F7 CA E0 ED E0 EB 3A 20 31 20 00 20 20 20 20 20 20 20 32 31 20 3F 20 20 30 39 2E 30 36 2E 31 37 00 AF E9   // прием: 39 байт; 14:23:06:088 08.03.2018
// таймаут: 70 мсек

Канал: 1        
 21 ?  09.06.17 

CA E0 EB FE EC ED FB 20 

00 00 07 00 F7 D4 47   // передача: 7 байт; 14:23:07:378 08.03.2018
// приём по количеству байт: 39 из 39
// принято с порта: 39 байт

01 00 27 00 F7 CA E0 ED E0 EB 3A 20 31 20 00 20 20 20 20 20 20 20 31 36 20 3F 20 20 30 39 2E 30 36 2E 31 37 00 EA 2F   // прием: 39 байт; 14:23:07:448 08.03.2018
// таймаут: 70 мсек

Канал: 1        
 16 ?  09.06.17 

CA E0 EB FE EC ED FB 20 

00 00 07 00 F7 D4 47   // передача: 7 байт; 14:23:08:618 08.03.2018
// приём по количеству байт: 39 из 39
// принято с порта: 39 байт

01 00 27 00 F7 CA E0 ED E0 EB 3A 20 31 20 00 20 20 20 20 20 20 20 31 32 20 3F 20 20 30 39 2E 30 36 2E 31 37 00 EF EB   // прием: 39 байт; 14:23:08:688 08.03.2018
// таймаут: 70 мсек

Канал: 1        
 12 ?  09.06.17 

CA E0 EB FE EC ED FB 20 

00 00 08 00 F6 0C 45 DE   // передача: 8 байт; 14:23:11:818 08.03.2018
// приём по количеству байт: 9 из 9
// принято с порта: 9 байт

01 00 09 00 F6 00 00 37 F3   // прием: 9 байт; 14:23:11:858 08.03.2018
// таймаут: 40 мсек


CA E0 EB FE EC ED FB 20 

00 00 07 00 F7 D4 47   // передача: 7 байт; 14:23:11:858 08.03.2018
// приём по количеству байт: 39 из 39
// принято с порта: 39 байт

01 00 27 00 F7 CA E0 ED E0 EB 3A 20 31 20 00 20 20 20 20 20 20 20 20 20 20 20 F1 F2 EE EF 20 21 20 20 20 20 20 55 16   // прием: 39 байт; 14:23:11:948 08.03.2018
// таймаут: 90 мсек

Канал: 1        
     стоп !     

CA E0 EB FE EC ED FB 20 

00 00 08 00 F6 0C 45 DE   // передача: 8 байт; 14:23:13:118 08.03.2018
// приём по количеству байт: 9 из 9
// принято с порта: 9 байт

01 00 09 00 F6 00 00 37 F3   // прием: 9 байт; 14:23:13:148 08.03.2018
// таймаут: 30 мсек


CA E0 EB FE EC ED FB 20 

00 00 07 00 F7 D4 47   // передача: 7 байт; 14:23:13:158 08.03.2018
// приём по количеству байт: 39 из 39
// принято с порта: 39 байт

01 00 27 00 F7 CF F0 EE E3 F0 E0 EC EC E0 20 3F 20 20 20 20 20 3E 5F 5F 5F 20 20 20 20 20 20 20 20 20 20 20 20 5B EF   // прием: 39 байт; 14:23:13:218 08.03.2018
// таймаут: 60 мсек

Программа ?     
>___            

CA E0 EB FE EC ED FB 20 

00 00 08 00 F6 01 84 1B   // передача: 8 байт; 14:23:13:888 08.03.2018
// приём по количеству байт: 9 из 9
// принято с порта: 9 байт

01 00 09 00 F6 00 00 37 F3   // прием: 9 байт; 14:23:13:918 08.03.2018
// таймаут: 30 мсек


CA E0 EB FE EC ED FB 20 

00 00 07 00 F7 D4 47   // передача: 7 байт; 14:23:13:918 08.03.2018
// приём по количеству байт: 39 из 39
// принято с порта: 39 байт

01 00 27 00 F7 CF F0 EE E3 F0 E0 EC EC E0 20 3F 20 20 20 20 20 3E 5F 5F 31 20 20 20 20 20 20 20 20 20 20 20 20 CC C1   // прием: 39 байт; 14:23:13:988 08.03.2018
// таймаут: 70 мсек

Программа ?     
>__1            

CA E0 EB FE EC ED FB 20 

00 00 08 00 F6 01 84 1B   // передача: 8 байт; 14:23:14:088 08.03.2018
// приём по количеству байт: 9 из 9
// принято с порта: 9 байт

01 00 09 00 F6 00 00 37 F3   // прием: 9 байт; 14:23:14:118 08.03.2018
// таймаут: 30 мсек


CA E0 EB FE EC ED FB 20 

00 00 07 00 F7 D4 47   // передача: 7 байт; 14:23:14:118 08.03.2018
// приём по количеству байт: 39 из 39
// принято с порта: 39 байт

01 00 27 00 F7 CF F0 EE E3 F0 E0 EC EC E0 20 3F 20 20 20 20 20 3E 5F 31 31 20 20 20 20 20 20 20 20 20 20 20 20 A3 6F   // прием: 39 байт; 14:23:14:188 08.03.2018
// таймаут: 70 мсек

Программа ?     
>_11            

CA E0 EB FE EC ED FB 20 

00 00 08 00 F6 0D 84 1E   // передача: 8 байт; 14:23:14:728 08.03.2018
// приём по количеству байт: 9 из 9
// принято с порта: 9 байт

01 00 09 00 F6 00 00 37 F3   // прием: 9 байт; 14:23:14:758 08.03.2018
// таймаут: 30 мсек


CA E0 EB FE EC ED FB 20 

00 00 07 00 F7 D4 47   // передача: 7 байт; 14:23:14:758 08.03.2018
// приём по количеству байт: 39 из 39
// принято с порта: 39 байт

01 00 27 00 F7 CF E0 F0 EE EB FC 20 20 20 20 20 20 20 20 20 20 20 20 20 2D 2D 2D 2D 2D 2D 2D 2D 2D 2D 20 20 20 3C A2   // прием: 39 байт; 14:23:14:828 08.03.2018
// таймаут: 70 мсек

Пароль          
   ----------   

CA E0 EB FE EC ED FB 20 

00 00 08 00 F6 0D 84 1E   // передача: 8 байт; 14:23:14:918 08.03.2018
// приём по количеству байт: 9 из 9
// принято с порта: 9 байт

01 00 09 00 F6 00 00 37 F3   // прием: 9 байт; 14:23:14:948 08.03.2018
// таймаут: 30 мсек


CA E0 EB FE EC ED FB 20 

00 00 07 00 F7 D4 47   // передача: 7 байт; 14:23:14:958 08.03.2018
// приём по количеству байт: 39 из 39
// принято с порта: 39 байт

01 00 27 00 F7 CD E0 F1 F2 F0 EE E9 EA E0 20 20 20 20 20 20 20 20 20 20 20 20 20 20 CE CA 20 20 20 20 20 20 20 56 CB   // прием: 39 байт; 14:23:15:018 08.03.2018
// таймаут: 60 мсек

Настройка       
       ОК       

CA E0 EB FE EC ED FB 20 

00 00 08 00 F6 0C 45 DE   // передача: 8 байт; 14:23:15:468 08.03.2018
// приём по количеству байт: 9 из 9
// принято с порта: 9 байт

01 00 09 00 F6 00 00 37 F3   // прием: 9 байт; 14:23:15:508 08.03.2018
// таймаут: 40 мсек


CA E0 EB FE EC ED FB 20 

00 00 07 00 F7 D4 47   // передача: 7 байт; 14:23:15:508 08.03.2018
// приём по количеству байт: 39 из 39
// принято с порта: 39 байт

01 00 27 00 F7 CF F0 EE E3 F0 E0 EC EC E0 20 3F 20 20 20 20 20 3D 5F 5F 5F 20 20 20 20 20 20 20 20 20 20 20 20 1B 1E   // прием: 39 байт; 14:23:15:568 08.03.2018
// таймаут: 60 мсек

Программа ?     
=___            

CA E0 EB FE EC ED FB 20 

00 00 08 00 F6 08 44 1D   // передача: 8 байт; 14:23:16:058 08.03.2018
// приём по количеству байт: 9 из 9
// принято с порта: 9 байт

01 00 09 00 F6 00 00 37 F3   // прием: 9 байт; 14:23:16:098 08.03.2018
// таймаут: 40 мсек


CA E0 EB FE EC ED FB 20 

00 00 07 00 F7 D4 47   // передача: 7 байт; 14:23:16:098 08.03.2018
// приём по количеству байт: 39 из 39
// принято с порта: 39 байт

01 00 27 00 F7 CF F0 EE E3 F0 E0 EC EC E0 20 3F 20 20 20 20 20 3D 5F 5F 38 20 20 20 20 20 20 20 20 20 20 20 20 91 F9   // прием: 39 байт; 14:23:16:158 08.03.2018
// таймаут: 60 мсек

Программа ?     
=__8            

CA E0 EB FE EC ED FB 20 

00 00 08 00 F6 00 45 DB   // передача: 8 байт; 14:23:16:418 08.03.2018
// приём по количеству байт: 9 из 9
// принято с порта: 9 байт

01 00 09 00 F6 00 00 37 F3   // прием: 9 байт; 14:23:16:448 08.03.2018
// таймаут: 30 мсек


CA E0 EB FE EC ED FB 20 

00 00 07 00 F7 D4 47   // передача: 7 байт; 14:23:16:448 08.03.2018
// приём по количеству байт: 39 из 39
// принято с порта: 39 байт

01 00 27 00 F7 CF F0 EE E3 F0 E0 EC EC E0 20 3F 20 20 20 20 20 3D 5F 38 30 20 20 20 20 20 20 20 20 20 20 20 20 E8 16   // прием: 39 байт; 14:23:16:518 08.03.2018
// таймаут: 70 мсек

Программа ?     
=_80            

CA E0 EB FE EC ED FB 20 

00 00 08 00 F6 0D 84 1E   // передача: 8 байт; 14:23:17:018 08.03.2018
// приём по количеству байт: 9 из 9
// принято с порта: 9 байт

01 00 09 00 F6 00 00 37 F3   // прием: 9 байт; 14:23:17:058 08.03.2018
// таймаут: 40 мсек


CA E0 EB FE EC ED FB 20 

00 00 07 00 F7 D4 47   // передача: 7 байт; 14:23:17:058 08.03.2018
// приём по количеству байт: 39 из 39
// принято с порта: 39 байт

01 00 27 00 F7 D7 E0 F1 F2 E8 F7 ED FB E9 20 F1 E1 F0 EE F1 20 2E ED E5 F2 00 20 20 20 20 20 20 20 20 20 20 20 1C D1   // прием: 39 байт; 14:23:17:118 08.03.2018
// таймаут: 60 мсек

Частичный сброс 
.нет            

CA E0 EB FE EC ED FB 20 

00 00 08 00 F6 0B 04 1C   // передача: 8 байт; 14:23:17:498 08.03.2018
// приём по количеству байт: 9 из 9
// принято с порта: 9 байт

01 00 09 00 F6 00 00 37 F3   // прием: 9 байт; 14:23:17:538 08.03.2018
// таймаут: 40 мсек


CA E0 EB FE EC ED FB 20 

00 00 07 00 F7 D4 47   // передача: 7 байт; 14:23:17:538 08.03.2018
// приём по количеству байт: 39 из 39
// принято с порта: 39 байт

01 00 27 00 F7 D7 E0 F1 F2 E8 F7 ED FB E9 20 F1 E1 F0 EE F1 20 2E E4 E0 20 00 20 20 20 20 20 20 20 20 20 20 20 E8 01   // прием: 39 байт; 14:23:17:598 08.03.2018
// таймаут: 60 мсек

Частичный сброс 
.да             

CA E0 EB FE EC ED FB 20 

00 00 08 00 F6 0D 84 1E   // передача: 8 байт; 14:23:17:828 08.03.2018
// приём по количеству байт: 9 из 9
// принято с порта: 9 байт

01 00 09 00 F6 00 00 37 F3   // прием: 9 байт; 14:23:17:868 08.03.2018
// таймаут: 40 мсек


CA E0 EB FE EC ED FB 20 

00 00 07 00 F7 D4 47   // передача: 7 байт; 14:23:17:868 08.03.2018
// приём по количеству байт: 39 из 39
// принято с порта: 39 байт

01 00 27 00 F7 D2 E5 F1 F2 20 EF E0 EC FF F2 E8 3A 20 32 20 20 20 20 20 20 20 20 20 30 25 00 20 20 20 20 20 20 86 58   // прием: 39 байт; 14:23:17:928 08.03.2018
// таймаут: 60 мсек

Тест памяти: 2  
       0%       

CA E0 EB FE EC ED FB 20 

00 00 07 00 F7 D4 47   // передача: 7 байт; 14:25:43:841 08.03.2018
// приём по количеству байт: 39 из 39
// принято с порта: 39 байт

01 00 27 00 F7 CD E0 F1 F2 F0 EE E9 EA E0 20 20 20 20 20 20 20 20 20 20 20 20 20 20 20 20 20 20 20 20 20 20 20 5D 58   // прием: 39 байт; 14:25:43:906 08.03.2018
// таймаут: 65 мсек

Настройка       
                

CA E0 EB FE EC ED FB 20 

00 00 08 00 F6 0C 45 DE   // передача: 8 байт; 14:25:45:185 08.03.2018
// приём по количеству байт: 9 из 9
// принято с порта: 9 байт

01 00 09 00 F6 00 00 37 F3   // прием: 9 байт; 14:25:45:219 08.03.2018
// таймаут: 34 мсек


CA E0 EB FE EC ED FB 20 

00 00 07 00 F7 D4 47   // передача: 7 байт; 14:25:45:221 08.03.2018
// приём по количеству байт: 39 из 39
// принято с порта: 39 байт

01 00 27 00 F7 CF F0 EE E3 F0 E0 EC EC E0 20 3F 20 20 20 20 20 2D 5F 5F 5F 20 20 20 20 20 20 20 20 20 20 20 20 16 D2   // прием: 39 байт; 14:25:45:286 08.03.2018
// таймаут: 65 мсек

Программа ?     
-___            

CA E0 EB FE EC ED FB 20 

00 00 08 00 F6 01 84 1B   // передача: 8 байт; 14:25:46:065 08.03.2018
// приём по количеству байт: 9 из 9
// принято с порта: 9 байт

01 00 09 00 F6 00 00 37 F3   // прием: 9 байт; 14:25:46:099 08.03.2018
// таймаут: 34 мсек


CA E0 EB FE EC ED FB 20 

00 00 07 00 F7 D4 47   // передача: 7 байт; 14:25:46:101 08.03.2018
// приём по количеству байт: 39 из 39
// принято с порта: 39 байт

01 00 27 00 F7 CF F0 EE E3 F0 E0 EC EC E0 20 3F 20 20 20 20 20 2D 5F 5F 31 20 20 20 20 20 20 20 20 20 20 20 20 81 FC   // прием: 39 байт; 14:25:46:166 08.03.2018
// таймаут: 65 мсек

Программа ?     
-__1            

CA E0 EB FE EC ED FB 20 

00 00 08 00 F6 09 85 DD   // передача: 8 байт; 14:25:46:705 08.03.2018
// приём по количеству байт: 9 из 9
// принято с порта: 9 байт

01 00 09 00 F6 00 00 37 F3   // прием: 9 байт; 14:25:46:739 08.03.2018
// таймаут: 34 мсек


CA E0 EB FE EC ED FB 20 

00 00 07 00 F7 D4 47   // передача: 7 байт; 14:25:46:741 08.03.2018
// приём по количеству байт: 39 из 39
// принято с порта: 39 байт

01 00 27 00 F7 CF F0 EE E3 F0 E0 EC EC E0 20 3F 20 20 20 20 20 2D 5F 31 39 20 20 20 20 20 20 20 20 20 20 20 20 F1 1A   // прием: 39 байт; 14:25:46:806 08.03.2018
// таймаут: 65 мсек

Программа ?     
-_19            

CA E0 EB FE EC ED FB 20 

00 00 08 00 F6 02 C4 1A   // передача: 8 байт; 14:25:47:241 08.03.2018
// приём по количеству байт: 9 из 9
// принято с порта: 9 байт

01 00 09 00 F6 00 00 37 F3   // прием: 9 байт; 14:25:47:275 08.03.2018
// таймаут: 34 мсек


CA E0 EB FE EC ED FB 20 

00 00 07 00 F7 D4 47   // передача: 7 байт; 14:25:47:277 08.03.2018
// приём по количеству байт: 39 из 39
// принято с порта: 39 байт

01 00 27 00 F7 CF F0 EE E3 F0 E0 EC EC E0 20 3F 20 20 20 20 20 2D 31 39 32 20 20 20 20 20 20 20 20 20 20 20 20 0C 75   // прием: 39 байт; 14:25:47:342 08.03.2018
// таймаут: 65 мсек

Программа ?     
-192            

CA E0 EB FE EC ED FB 20 

00 00 08 00 F6 0D 84 1E   // передача: 8 байт; 14:25:47:961 08.03.2018
// приём по количеству байт: 9 из 9
// принято с порта: 9 байт

01 00 09 00 F6 00 00 37 F3   // прием: 9 байт; 14:25:47:995 08.03.2018
// таймаут: 34 мсек


CA E0 EB FE EC ED FB 20 

00 00 07 00 F7 D4 47   // передача: 7 байт; 14:25:47:997 08.03.2018
// приём по количеству байт: 39 из 39
// принято с порта: 39 байт

01 00 27 00 F7 20 20 20 C7 E0 E3 F0 F3 E6 E0 F2 FC 20 20 20 20 2E E4 E0 20 00 20 20 20 20 20 20 20 20 20 20 20 52 86   // прием: 39 байт; 14:25:48:062 08.03.2018
// таймаут: 65 мсек

   Загружать    
.да             

CA E0 EB FE EC ED FB 20 

00 00 08 00 F6 0C 45 DE   // передача: 8 байт; 14:25:49:232 08.03.2018
// приём по количеству байт: 9 из 9
// принято с порта: 9 байт

01 00 09 00 F6 00 00 37 F3   // прием: 9 байт; 14:25:49:267 08.03.2018
// таймаут: 35 мсек


CA E0 EB FE EC ED FB 20 

00 00 07 00 F7 D4 47   // передача: 7 байт; 14:25:49:268 08.03.2018
// приём по количеству байт: 39 из 39
// принято с порта: 39 байт

01 00 27 00 F7 CF F0 EE E3 F0 E0 EC EC E0 20 3F 20 20 20 20 20 2D 5F 5F 5F 20 20 20 20 20 20 20 20 20 20 20 20 16 D2   // прием: 39 байт; 14:25:49:333 08.03.2018
// таймаут: 65 мсек

Программа ?     
-___            

CA E0 EB FE EC ED FB 20 

00 00 08 00 F6 01 84 1B   // передача: 8 байт; 14:25:49:769 08.03.2018
// приём по количеству байт: 9 из 9
// принято с порта: 9 байт

01 00 09 00 F6 00 00 37 F3   // прием: 9 байт; 14:25:49:803 08.03.2018
// таймаут: 34 мсек


CA E0 EB FE EC ED FB 20 

00 00 07 00 F7 D4 47   // передача: 7 байт; 14:25:49:805 08.03.2018
// приём по количеству байт: 39 из 39
// принято с порта: 39 байт

01 00 27 00 F7 CF F0 EE E3 F0 E0 EC EC E0 20 3F 20 20 20 20 20 2D 5F 5F 31 20 20 20 20 20 20 20 20 20 20 20 20 81 FC   // прием: 39 байт; 14:25:49:870 08.03.2018
// таймаут: 65 мсек

Программа ?     
-__1            

CA E0 EB FE EC ED FB 20 

00 00 08 00 F6 09 85 DD   // передача: 8 байт; 14:25:50:289 08.03.2018
// приём по количеству байт: 9 из 9
// принято с порта: 9 байт

01 00 09 00 F6 00 00 37 F3   // прием: 9 байт; 14:25:50:323 08.03.2018
// таймаут: 34 мсек


CA E0 EB FE EC ED FB 20 

00 00 07 00 F7 D4 47   // передача: 7 байт; 14:25:50:324 08.03.2018
// приём по количеству байт: 39 из 39
// принято с порта: 39 байт

01 00 27 00 F7 CF F0 EE E3 F0 E0 EC EC E0 20 3F 20 20 20 20 20 2D 5F 31 39 20 20 20 20 20 20 20 20 20 20 20 20 F1 1A   // прием: 39 байт; 14:25:50:389 08.03.2018
// таймаут: 65 мсек

Программа ?     
-_19            

CA E0 EB FE EC ED FB 20 

00 00 08 00 F6 03 05 DA   // передача: 8 байт; 14:25:50:784 08.03.2018
// приём по количеству байт: 9 из 9
// принято с порта: 9 байт

01 00 09 00 F6 00 00 37 F3   // прием: 9 байт; 14:25:50:819 08.03.2018
// таймаут: 35 мсек


CA E0 EB FE EC ED FB 20 

00 00 07 00 F7 D4 47   // передача: 7 байт; 14:25:50:820 08.03.2018
// приём по количеству байт: 39 из 39
// принято с порта: 39 байт

01 00 27 00 F7 CF F0 EE E3 F0 E0 EC EC E0 20 3F 20 20 20 20 20 2D 31 39 33 20 20 20 20 20 20 20 20 20 20 20 20 0E F4   // прием: 39 байт; 14:25:50:886 08.03.2018
// таймаут: 66 мсек

Программа ?     
-193            

CA E0 EB FE EC ED FB 20 

00 00 08 00 F6 0D 84 1E   // передача: 8 байт; 14:25:51:448 08.03.2018
// приём по количеству байт: 9 из 9
// принято с порта: 9 байт

01 00 09 00 F6 00 00 37 F3   // прием: 9 байт; 14:25:51:483 08.03.2018
// таймаут: 35 мсек


CA E0 EB FE EC ED FB 20 

00 00 07 00 F7 D4 47   // передача: 7 байт; 14:25:51:484 08.03.2018
// приём по количеству байт: 39 из 39
// принято с порта: 39 байт

01 00 27 00 F7 20 20 20 C7 E0 E3 F0 F3 E6 E0 F2 FC 20 20 20 20 2E E4 E0 20 00 20 20 20 20 20 20 20 20 20 20 20 52 86   // прием: 39 байт; 14:25:51:549 08.03.2018
// таймаут: 65 мсек

   Загружать    
.да             

CA E0 EB FE EC ED FB 20 

00 00 08 00 F6 0C 45 DE   // передача: 8 байт; 14:25:52:984 08.03.2018
// приём по количеству байт: 9 из 9
// принято с порта: 9 байт

01 00 09 00 F6 00 00 37 F3   // прием: 9 байт; 14:25:53:019 08.03.2018
// таймаут: 35 мсек


CA E0 EB FE EC ED FB 20 

00 00 07 00 F7 D4 47   // передача: 7 байт; 14:25:53:020 08.03.2018
// приём по количеству байт: 39 из 39
// принято с порта: 39 байт

01 00 27 00 F7 CF F0 EE E3 F0 E0 EC EC E0 20 3F 20 20 20 20 20 2D 5F 5F 5F 20 20 20 20 20 20 20 20 20 20 20 20 16 D2   // прием: 39 байт; 14:25:53:085 08.03.2018
// таймаут: 65 мсек

Программа ?     
-___            

CA E0 EB FE EC ED FB 20 

00 00 08 00 F6 08 44 1D   // передача: 8 байт; 14:25:53:808 08.03.2018
// приём по количеству байт: 9 из 9
// принято с порта: 9 байт

01 00 09 00 F6 00 00 37 F3   // прием: 9 байт; 14:25:53:843 08.03.2018
// таймаут: 35 мсек


CA E0 EB FE EC ED FB 20 

00 00 07 00 F7 D4 47   // передача: 7 байт; 14:25:53:844 08.03.2018
// приём по количеству байт: 39 из 39
// принято с порта: 39 байт

01 00 27 00 F7 CF F0 EE E3 F0 E0 EC EC E0 20 3F 20 20 20 20 20 2D 5F 5F 38 20 20 20 20 20 20 20 20 20 20 20 20 9C 35   // прием: 39 байт; 14:25:53:909 08.03.2018
// таймаут: 65 мсек

Программа ?     
-__8            

CA E0 EB FE EC ED FB 20 

00 00 08 00 F6 03 05 DA   // передача: 8 байт; 14:25:54:480 08.03.2018
// приём по количеству байт: 9 из 9
// принято с порта: 9 байт

01 00 09 00 F6 00 00 37 F3   // прием: 9 байт; 14:25:54:515 08.03.2018
// таймаут: 35 мсек


CA E0 EB FE EC ED FB 20 

00 00 07 00 F7 D4 47   // передача: 7 байт; 14:25:54:516 08.03.2018
// приём по количеству байт: 39 из 39
// принято с порта: 39 байт

01 00 27 00 F7 CF F0 EE E3 F0 E0 EC EC E0 20 3F 20 20 20 20 20 2D 5F 38 33 20 20 20 20 20 20 20 20 20 20 20 20 E0 19   // прием: 39 байт; 14:25:54:581 08.03.2018
// таймаут: 65 мсек

Программа ?     
-_83            

CA E0 EB FE EC ED FB 20 

00 00 08 00 F6 0C 45 DE   // передача: 8 байт; 14:25:55:224 08.03.2018
// приём по количеству байт: 9 из 9
// принято с порта: 9 байт

01 00 09 00 F6 00 00 37 F3   // прием: 9 байт; 14:25:55:259 08.03.2018
// таймаут: 35 мсек


CA E0 EB FE EC ED FB 20 

00 00 07 00 F7 D4 47   // передача: 7 байт; 14:25:55:260 08.03.2018
// приём по количеству байт: 39 из 39
// принято с порта: 39 байт

01 00 27 00 F7 CF F0 EE E3 F0 E0 EC EC E0 20 3F 20 20 20 20 20 2D 5F 5F 5F 20 20 20 20 20 20 20 20 20 20 20 20 16 D2   // прием: 39 байт; 14:25:55:325 08.03.2018
// таймаут: 65 мсек

Программа ?     
-___            

CA E0 EB FE EC ED FB 20 

00 00 08 00 F6 01 84 1B   // передача: 8 байт; 14:25:55:968 08.03.2018
// приём по количеству байт: 9 из 9
// принято с порта: 9 байт

01 00 09 00 F6 00 00 37 F3   // прием: 9 байт; 14:25:56:003 08.03.2018
// таймаут: 35 мсек


CA E0 EB FE EC ED FB 20 

00 00 07 00 F7 D4 47   // передача: 7 байт; 14:25:56:004 08.03.2018
// приём по количеству байт: 39 из 39
// принято с порта: 39 байт

01 00 27 00 F7 CF F0 EE E3 F0 E0 EC EC E0 20 3F 20 20 20 20 20 2D 5F 5F 31 20 20 20 20 20 20 20 20 20 20 20 20 81 FC   // прием: 39 байт; 14:25:56:069 08.03.2018
// таймаут: 65 мсек

Программа ?     
-__1            

CA E0 EB FE EC ED FB 20 

00 00 08 00 F6 08 44 1D   // передача: 8 байт; 14:25:56:408 08.03.2018
// приём по количеству байт: 9 из 9
// принято с порта: 9 байт

01 00 09 00 F6 00 00 37 F3   // прием: 9 байт; 14:25:56:443 08.03.2018
// таймаут: 35 мсек


CA E0 EB FE EC ED FB 20 

00 00 07 00 F7 D4 47   // передача: 7 байт; 14:25:56:444 08.03.2018
// приём по количеству байт: 39 из 39
// принято с порта: 39 байт

01 00 27 00 F7 CF F0 EE E3 F0 E0 EC EC E0 20 3F 20 20 20 20 20 2D 5F 31 38 20 20 20 20 20 20 20 20 20 20 20 20 F3 9B   // прием: 39 байт; 14:25:56:509 08.03.2018
// таймаут: 65 мсек

Программа ?     
-_18            

CA E0 EB FE EC ED FB 20 

00 00 08 00 F6 04 44 18   // передача: 8 байт; 14:25:56:936 08.03.2018
// приём по количеству байт: 9 из 9
// принято с порта: 9 байт

01 00 09 00 F6 00 00 37 F3   // прием: 9 байт; 14:25:56:971 08.03.2018
// таймаут: 35 мсек


CA E0 EB FE EC ED FB 20 

00 00 07 00 F7 D4 47   // передача: 7 байт; 14:25:56:972 08.03.2018
// приём по количеству байт: 39 из 39
// принято с порта: 39 байт

01 00 27 00 F7 CF F0 EE E3 F0 E0 EC EC E0 20 3F 20 20 20 20 20 2D 31 38 34 20 20 20 20 20 20 20 20 20 20 20 20 05 72   // прием: 39 байт; 14:25:57:037 08.03.2018
// таймаут: 65 мсек

Программа ?     
-184            

CA E0 EB FE EC ED FB 20 

00 00 08 00 F6 0D 84 1E   // передача: 8 байт; 14:25:57:632 08.03.2018
// приём по количеству байт: 9 из 9
// принято с порта: 9 байт

01 00 09 00 F6 00 00 37 F3   // прием: 9 байт; 14:25:57:667 08.03.2018
// таймаут: 35 мсек


CA E0 EB FE EC ED FB 20 

00 00 07 00 F7 D4 47   // передача: 7 байт; 14:25:57:668 08.03.2018
// приём по количеству байт: 39 из 39
// принято с порта: 39 байт

01 00 27 00 F7 C2 E5 F0 F5 ED FF FF 20 E3 F0 E0 ED E8 F6 E0 20 20 20 20 EA E0 ED E0 EB 20 3F 5F 5F 20 20 20 20 83 43   // прием: 39 байт; 14:25:57:733 08.03.2018
// таймаут: 65 мсек

Верхняя граница 
   канал ?__    

CA E0 EB FE EC ED FB 20 

00 00 08 00 F6 0D 84 1E   // передача: 8 байт; 14:25:58:248 08.03.2018
// приём по количеству байт: 9 из 9
// принято с порта: 9 байт

01 00 09 00 F6 00 00 37 F3   // прием: 9 байт; 14:25:58:283 08.03.2018
// таймаут: 35 мсек


CA E0 EB FE EC ED FB 20 

00 00 07 00 F7 D4 47   // передача: 7 байт; 14:25:58:284 08.03.2018
// приём по количеству байт: 39 из 39
// принято с порта: 39 байт

01 00 27 00 F7 C2 E5 F0 F5 ED FF FF 20 E3 F0 E0 ED E8 F6 E0 20 20 20 20 20 32 39 37 35 3A 36 32 00 20 20 20 31 3C DB   // прием: 39 байт; 14:25:58:349 08.03.2018
// таймаут: 65 мсек

Верхняя граница 
    2975:62    1

CA E0 EB FE EC ED FB 20 

00 00 08 00 F6 01 84 1B   // передача: 8 байт; 14:25:59:376 08.03.2018
// приём по количеству байт: 9 из 9
// принято с порта: 9 байт

01 00 09 00 F6 00 00 37 F3   // прием: 9 байт; 14:25:59:410 08.03.2018
// таймаут: 34 мсек


CA E0 EB FE EC ED FB 20 

00 00 07 00 F7 D4 47   // передача: 7 байт; 14:25:59:412 08.03.2018
// приём по количеству байт: 39 из 39
// принято с порта: 39 байт

01 00 27 00 F7 C2 E5 F0 F5 ED FF FF 20 E3 F0 E0 ED E8 F6 E0 20 20 20 20 20 5F 5F 5F 31 20 20 20 20 20 00 20 31 74 58   // прием: 39 байт; 14:25:59:477 08.03.2018
// таймаут: 65 мсек

Верхняя граница 
    ___1       1

CA E0 EB FE EC ED FB 20 

00 00 08 00 F6 0D 84 1E   // передача: 8 байт; 14:26:00:264 08.03.2018
// приём по количеству байт: 9 из 9
// принято с порта: 9 байт

01 00 09 00 F6 00 00 37 F3   // прием: 9 байт; 14:26:00:299 08.03.2018
// таймаут: 35 мсек


CA E0 EB FE EC ED FB 20 

00 00 07 00 F7 D4 47   // передача: 7 байт; 14:26:00:300 08.03.2018
// приём по количеству байт: 39 из 39
// принято с порта: 39 байт

01 00 27 00 F7 C2 E5 F0 F5 ED FF FF 20 E3 F0 E0 ED E8 F6 E0 20 20 20 20 20 30 30 30 31 3A 30 31 00 20 20 20 31 0E A9   // прием: 39 байт; 14:26:00:365 08.03.2018
// таймаут: 65 мсек

Верхняя граница 
    0001:01    1

CA E0 EB FE EC ED FB 20 

00 00 08 00 F6 0C 45 DE   // передача: 8 байт; 14:26:01:233 08.03.2018
// приём по количеству байт: 9 из 9
// принято с порта: 9 байт

01 00 09 00 F6 00 00 37 F3   // прием: 9 байт; 14:26:01:267 08.03.2018
// таймаут: 34 мсек


CA E0 EB FE EC ED FB 20 

00 00 07 00 F7 D4 47   // передача: 7 байт; 14:26:01:269 08.03.2018
// приём по количеству байт: 39 из 39
// принято с порта: 39 байт

01 00 27 00 F7 CF F0 EE E3 F0 E0 EC EC E0 20 3F 20 20 20 20 20 2D 5F 5F 5F 20 20 20 20 20 20 20 20 20 20 20 20 16 D2   // прием: 39 байт; 14:26:01:334 08.03.2018
// таймаут: 65 мсек

Программа ?     
-___            

CA E0 EB FE EC ED FB 20 

00 00 08 00 F6 08 44 1D   // передача: 8 байт; 14:26:01:793 08.03.2018
// приём по количеству байт: 9 из 9
// принято с порта: 9 байт

01 00 09 00 F6 00 00 37 F3   // прием: 9 байт; 14:26:01:827 08.03.2018
// таймаут: 34 мсек


CA E0 EB FE EC ED FB 20 

00 00 07 00 F7 D4 47   // передача: 7 байт; 14:26:01:829 08.03.2018
// приём по количеству байт: 39 из 39
// принято с порта: 39 байт

01 00 27 00 F7 CF F0 EE E3 F0 E0 EC EC E0 20 3F 20 20 20 20 20 2D 5F 5F 38 20 20 20 20 20 20 20 20 20 20 20 20 9C 35   // прием: 39 байт; 14:26:01:894 08.03.2018
// таймаут: 65 мсек

Программа ?     
-__8            

CA E0 EB FE EC ED FB 20 

00 00 08 00 F6 03 05 DA   // передача: 8 байт; 14:26:02:409 08.03.2018
// приём по количеству байт: 9 из 9
// принято с порта: 9 байт

01 00 09 00 F6 00 00 37 F3   // прием: 9 байт; 14:26:02:443 08.03.2018
// таймаут: 34 мсек


CA E0 EB FE EC ED FB 20 

00 00 07 00 F7 D4 47   // передача: 7 байт; 14:26:02:445 08.03.2018
// приём по количеству байт: 39 из 39
// принято с порта: 39 байт

01 00 27 00 F7 CF F0 EE E3 F0 E0 EC EC E0 20 3F 20 20 20 20 20 2D 5F 38 33 20 20 20 20 20 20 20 20 20 20 20 20 E0 19   // прием: 39 байт; 14:26:02:510 08.03.2018
// таймаут: 65 мсек

Программа ?     
-_83            

CA E0 EB FE EC ED FB 20 

00 00 08 00 F6 0D 84 1E   // передача: 8 байт; 14:26:03:169 08.03.2018
// приём по количеству байт: 9 из 9
// принято с порта: 9 байт

01 00 09 00 F6 00 00 37 F3   // прием: 9 байт; 14:26:03:203 08.03.2018
// таймаут: 34 мсек


CA E0 EB FE EC ED FB 20 

00 00 07 00 F7 D4 47   // передача: 7 байт; 14:26:03:205 08.03.2018
// приём по количеству байт: 39 из 39
// принято с порта: 39 байт

01 00 27 00 F7 CE F2 EB E0 E4 EA E0 20 20 20 20 20 20 20 20 20 20 20 20 20 20 20 20 CE CA 20 20 20 20 20 20 20 A3 3D   // прием: 39 байт; 14:26:03:310 08.03.2018
// таймаут: 105 мсек

Отладка         
       ОК       

CA E0 EB FE EC ED FB 20 

00 00 08 00 F6 0C 45 DE   // передача: 8 байт; 14:26:03:793 08.03.2018
// приём по количеству байт: 9 из 9
// принято с порта: 9 байт

01 00 09 00 F6 00 00 37 F3   // прием: 9 байт; 14:26:03:827 08.03.2018
// таймаут: 34 мсек


CA E0 EB FE EC ED FB 20 

00 00 07 00 F7 D4 47   // передача: 7 байт; 14:26:03:829 08.03.2018
// приём по количеству байт: 39 из 39
// принято с порта: 39 байт

01 00 27 00 F7 CF F0 EE E3 F0 E0 EC EC E0 20 3F 20 20 20 20 20 2D 5F 5F 5F 20 20 20 20 20 20 20 20 20 20 20 20 16 D2   // прием: 39 байт; 14:26:03:894 08.03.2018
// таймаут: 65 мсек

Программа ?     
-___            

CA E0 EB FE EC ED FB 20 

00 00 08 00 F6 01 84 1B   // передача: 8 байт; 14:26:04:457 08.03.2018
// приём по количеству байт: 9 из 9
// принято с порта: 9 байт

01 00 09 00 F6 00 00 37 F3   // прием: 9 байт; 14:26:04:491 08.03.2018
// таймаут: 34 мсек


CA E0 EB FE EC ED FB 20 

00 00 07 00 F7 D4 47   // передача: 7 байт; 14:26:04:493 08.03.2018
// приём по количеству байт: 39 из 39
// принято с порта: 39 байт

01 00 27 00 F7 CF F0 EE E3 F0 E0 EC EC E0 20 3F 20 20 20 20 20 2D 5F 5F 31 20 20 20 20 20 20 20 20 20 20 20 20 81 FC   // прием: 39 байт; 14:26:04:558 08.03.2018
// таймаут: 65 мсек

Программа ?     
-__1            

CA E0 EB FE EC ED FB 20 

00 00 08 00 F6 05 85 D8   // передача: 8 байт; 14:26:05:081 08.03.2018
// приём по количеству байт: 9 из 9
// принято с порта: 9 байт

01 00 09 00 F6 00 00 37 F3   // прием: 9 байт; 14:26:05:115 08.03.2018
// таймаут: 34 мсек


CA E0 EB FE EC ED FB 20 

00 00 07 00 F7 D4 47   // передача: 7 байт; 14:26:05:117 08.03.2018
// приём по количеству байт: 39 из 39
// принято с порта: 39 байт

01 00 27 00 F7 CF F0 EE E3 F0 E0 EC EC E0 20 3F 20 20 20 20 20 2D 5F 31 35 20 20 20 20 20 20 20 20 20 20 20 20 E0 D6   // прием: 39 байт; 14:26:05:182 08.03.2018
// таймаут: 65 мсек

Программа ?     
-_15            

CA E0 EB FE EC ED FB 20 

00 00 08 00 F6 0D 84 1E   // передача: 8 байт; 14:26:05:713 08.03.2018
// приём по количеству байт: 9 из 9
// принято с порта: 9 байт

01 00 09 00 F6 00 00 37 F3   // прием: 9 байт; 14:26:05:747 08.03.2018
// таймаут: 34 мсек


CA E0 EB FE EC ED FB 20 

00 00 07 00 F7 D4 47   // передача: 7 байт; 14:26:05:749 08.03.2018
// приём по количеству байт: 39 из 39
// принято с порта: 39 байт

01 00 27 00 F7 D0 E0 E1 EE F2 E0 20 20 20 20 20 20 20 20 20 20 20 20 20 20 20 20 20 CE CA 20 20 20 20 20 20 20 DE 07   // прием: 39 байт; 14:26:05:936 08.03.2018
// таймаут: 187 мсек

Работа          
       ОК       

CA E0 EB FE EC ED FB 20 

00 00 08 00 F6 0C 45 DE   // передача: 8 байт; 14:26:06:744 08.03.2018
// приём по количеству байт: 9 из 9
// принято с порта: 9 байт

01 00 09 00 F6 00 00 37 F3   // прием: 9 байт; 14:26:06:779 08.03.2018
// таймаут: 35 мсек


CA E0 EB FE EC ED FB 20 

00 00 07 00 F7 D4 47   // передача: 7 байт; 14:26:06:780 08.03.2018
// приём по количеству байт: 39 из 39
// принято с порта: 39 байт

01 00 27 00 F7 CF F0 EE E3 F0 E0 EC EC E0 20 3F 20 20 20 20 20 3E 5F 5F 5F 20 20 20 20 20 20 20 20 20 20 20 20 5B EF   // прием: 39 байт; 14:26:06:845 08.03.2018
// таймаут: 65 мсек

Программа ?     
>___            

CA E0 EB FE EC ED FB 20 

00 00 08 00 F6 01 84 1B   // передача: 8 байт; 14:26:07:888 08.03.2018
// приём по количеству байт: 9 из 9
// принято с порта: 9 байт

01 00 09 00 F6 00 00 37 F3   // прием: 9 байт; 14:26:07:923 08.03.2018
// таймаут: 35 мсек


CA E0 EB FE EC ED FB 20 

00 00 07 00 F7 D4 47   // передача: 7 байт; 14:26:07:924 08.03.2018
// приём по количеству байт: 39 из 39
// принято с порта: 39 байт

01 00 27 00 F7 CF F0 EE E3 F0 E0 EC EC E0 20 3F 20 20 20 20 20 3E 5F 5F 31 20 20 20 20 20 20 20 20 20 20 20 20 CC C1   // прием: 39 байт; 14:26:07:989 08.03.2018
// таймаут: 65 мсек

Программа ?     
>__1            

CA E0 EB FE EC ED FB 20 

00 00 08 00 F6 09 85 DD   // передача: 8 байт; 14:26:08:520 08.03.2018
// приём по количеству байт: 9 из 9
// принято с порта: 9 байт

01 00 09 00 F6 00 00 37 F3   // прием: 9 байт; 14:26:08:555 08.03.2018
// таймаут: 35 мсек


CA E0 EB FE EC ED FB 20 

00 00 07 00 F7 D4 47   // передача: 7 байт; 14:26:08:557 08.03.2018
// приём по количеству байт: 39 из 39
// принято с порта: 39 байт

01 00 27 00 F7 CF F0 EE E3 F0 E0 EC EC E0 20 3F 20 20 20 20 20 3E 5F 31 39 20 20 20 20 20 20 20 20 20 20 20 20 BC 27   // прием: 39 байт; 14:26:08:622 08.03.2018
// таймаут: 65 мсек

Программа ?     
>_19            

CA E0 EB FE EC ED FB 20 

00 00 08 00 F6 00 45 DB   // передача: 8 байт; 14:26:09:096 08.03.2018
// приём по количеству байт: 9 из 9
// принято с порта: 9 байт

01 00 09 00 F6 00 00 37 F3   // прием: 9 байт; 14:26:09:131 08.03.2018
// таймаут: 35 мсек


CA E0 EB FE EC ED FB 20 

00 00 07 00 F7 D4 47   // передача: 7 байт; 14:26:09:133 08.03.2018
// приём по количеству байт: 39 из 39
// принято с порта: 39 байт

01 00 27 00 F7 CF F0 EE E3 F0 E0 EC EC E0 20 3F 20 20 20 20 20 3E 31 39 30 20 20 20 20 20 20 20 20 20 20 20 20 46 0A   // прием: 39 байт; 14:26:09:198 08.03.2018
// таймаут: 65 мсек

Программа ?     
>190            

CA E0 EB FE EC ED FB 20 

00 00 08 00 F6 0D 84 1E   // передача: 8 байт; 14:26:09:728 08.03.2018
// приём по количеству байт: 9 из 9
// принято с порта: 9 байт

01 00 09 00 F6 00 00 37 F3   // прием: 9 байт; 14:26:09:763 08.03.2018
// таймаут: 35 мсек


CA E0 EB FE EC ED FB 20 

00 00 07 00 F7 D4 47   // передача: 7 байт; 14:26:09:764 08.03.2018
// приём по количеству байт: 39 из 39
// принято с порта: 39 байт

01 00 27 00 F7 CA E0 ED E0 EB 3A 20 31 20 00 20 20 20 20 20 20 20 20 20 20 20 20 20 20 20 20 20 20 20 20 20 20 0D EE   // прием: 39 байт; 14:26:10:485 08.03.2018
// таймаут: 721 мсек

Канал: 1        
                

CA E0 EB FE EC ED FB 20 

00 00 07 00 F7 D4 47   // передача: 7 байт; 14:26:12:304 08.03.2018
// приём по таймауту: 1000 мс
// принято с порта: 0 байт
повтор: 1

CA E0 EB FE EC ED FB 20 

00 00 07 00 F7 D4 47   // передача: 7 байт; 14:26:13:313 08.03.2018
// приём по таймауту: 1000 мс
// принято с порта: 0 байт
повтор: 2

CA E0 EB FE EC ED FB 20 

00 00 07 00 F7 D4 47   // передача: 7 байт; 14:26:14:328 08.03.2018
// приём по количеству байт: 39 из 39
// принято с порта: 39 байт

01 00 27 00 F7 CA E0 ED E0 EB 3A 20 31 20 00 20 20 20 20 20 20 20 20 20 20 20 20 20 20 20 20 20 20 20 20 20 20 0D EE   // прием: 39 байт; 14:26:14:795 08.03.2018
// таймаут: 467 мсек

Канал: 1        
                

CA E0 EB FE EC ED FB 20 

00 00 07 00 F7 D4 47   // передача: 7 байт; 14:26:18:409 08.03.2018
// приём по количеству байт: 39 из 39
// принято с порта: 39 байт

01 00 27 00 F7 CA E0 ED E0 EB 3A 20 31 20 00 20 20 20 20 20 20 20 EA EE F0 F0 E5 EA F6 E8 FF 3A 20 E5 F1 F2 FC 1B E3   // прием: 39 байт; 14:26:18:495 08.03.2018
// таймаут: 86 мсек

Канал: 1        
 коррекция: есть

CA E0 EB FE EC ED FB 20 

00 00 07 00 F7 D4 47   // передача: 7 байт; 14:26:19:161 08.03.2018
// приём по количеству байт: 39 из 39
// принято с порта: 39 байт

01 00 27 00 F7 CA E0 ED E0 EB 3A 20 31 20 00 20 20 20 20 20 20 20 EA EE F0 F0 E5 EA F6 E8 FF 3A 20 E5 F1 F2 FC 1B E3   // прием: 39 байт; 14:26:19:226 08.03.2018
// таймаут: 65 мсек

Канал: 1        
 коррекция: есть

CA E0 EB FE EC ED FB 20 

00 00 07 00 F7 D4 47   // передача: 7 байт; 14:26:20:817 08.03.2018
// приём по количеству байт: 39 из 39
// принято с порта: 39 байт

01 00 27 00 F7 CA E0 ED E0 EB 3A 20 31 20 00 20 20 20 20 20 20 20 EA EE F0 F0 E5 EA F6 E8 FF 3A 20 E5 F1 F2 FC 1B E3   // прием: 39 байт; 14:26:20:882 08.03.2018
// таймаут: 65 мсек

Канал: 1        
 коррекция: есть

CA E0 EB FE EC ED FB 20 

00 00 07 00 F7 D4 47   // передача: 7 байт; 14:26:22:129 08.03.2018
// приём по таймауту: 1000 мс
// принято с порта: 0 байт
повтор: 1

CA E0 EB FE EC ED FB 20 

00 00 07 00 F7 D4 47   // передача: 7 байт; 14:26:23:142 08.03.2018
// приём по количеству байт: 39 из 39
// принято с порта: 39 байт

01 00 27 00 F7 CA E0 ED E0 EB 3A 20 31 20 00 20 20 20 20 20 20 20 E1 E5 E7 20 EA EE F0 F0 E5 EA F6 E8 E8 20 20 98 5C   // прием: 39 байт; 14:26:23:340 08.03.2018
// таймаут: 198 мсек

Канал: 1        
 без коррекции  

CA E0 EB FE EC ED FB 20 

00 00 07 00 F7 D4 47   // передача: 7 байт; 14:26:24:033 08.03.2018
// приём по количеству байт: 39 из 39
// принято с порта: 39 байт

01 00 27 00 F7 CA E0 ED E0 EB 3A 20 31 20 00 20 20 20 20 20 20 20 E2 E5 F0 F1 E8 FF 20 32 2E 33 2E 31 00 20 20 68 ED   // прием: 39 байт; 14:26:24:138 08.03.2018
// таймаут: 105 мсек

Канал: 1        
 версия 2.3.1   

CA E0 EB FE EC ED FB 20 

00 00 07 00 F7 D4 47   // передача: 7 байт; 14:26:24:832 08.03.2018
// приём по таймауту: 1000 мс
// принято с порта: 0 байт
повтор: 1

CA E0 EB FE EC ED FB 20 

00 00 07 00 F7 D4 47   // передача: 7 байт; 14:26:25:840 08.03.2018
// приём по таймауту: 1000 мс
// принято с порта: 0 байт
повтор: 2

CA E0 EB FE EC ED FB 20 

00 00 07 00 F7 D4 47   // передача: 7 байт; 14:26:26:854 08.03.2018
// приём по таймауту: 1000 мс
// принято с порта: 0 байт
повтор: 3

CA E0 EB FE EC ED FB 20 

00 00 07 00 F7 D4 47   // передача: 7 байт; 14:26:27:868 08.03.2018
// приём по таймауту: 1000 мс
// принято с порта: 0 байт
повтор: 4

CA E0 EB FE EC ED FB 20 

00 00 07 00 F7 D4 47   // передача: 7 байт; 14:26:28:882 08.03.2018
// приём по таймауту: 1000 мс
// принято с порта: 0 байт
повтор: 5

CA E0 EB FE EC ED FB 20 

00 00 07 00 F7 D4 47   // передача: 7 байт; 14:26:29:896 08.03.2018
// приём по таймауту: 1000 мс
// принято с порта: 0 байт
// приём по количеству байт: 8 из 0
// принято с порта: 8 байт

01 00 27 00 F7 CA E0 ED   // прием: 8 байт; 14:26:35:705 08.03.2018
// таймаут: 5809 мсек

// приём по количеству байт: 31 из 0
// принято с порта: 31 байт

E0 EB 3A 20 31 20 00 20 20 20 20 20 20 20 20 20 20 20 20 20 20 20 20 20 20 20 20 20 20 0D EE   // прием: 31 байт; 14:26:38:705 08.03.2018
// таймаут: 8809 мсек


CA E0 EB FE EC ED FB 20 

00 00 07 00 F7 D4 47   // передача: 7 байт; 14:26:40:961 08.03.2018
// приём по таймауту: 1000 мс
// принято с порта: 0 байт

CA E0 EB FE EC ED FB 20 

00 00 07 00 F7 D4 47   // передача: 7 байт; 14:26:43:393 08.03.2018
// приём по количеству байт: 39 из 39
// принято с порта: 39 байт

01 00 27 00 F7 D0 E0 E1 EE F2 E0 20 20 20 20 20 20 20 20 20 20 20 20 20 20 20 20 20 CE CA 20 20 20 20 20 20 20 DE 07   // прием: 39 байт; 14:26:43:458 08.03.2018
// таймаут: 65 мсек

Работа          
       ОК       

CA E0 EB FE EC ED FB 20 

00 00 07 00 F7 D4 47   // передача: 7 байт; 14:26:44:313 08.03.2018
// приём по количеству байт: 39 из 39
// принято с порта: 39 байт

01 00 27 00 F7 D0 E0 E1 EE F2 E0 20 20 20 20 20 20 20 20 20 20 20 20 20 20 20 20 20 CE CA 20 20 20 20 20 20 20 DE 07   // прием: 39 байт; 14:26:44:378 08.03.2018
// таймаут: 65 мсек

Работа          
       ОК       

// О программе
