


1A   // передача: 1 байт; 19:46:21:604 30.11.2021



1B 41   // передача: 2 байт; 19:46:22:172 30.11.2021



1B 41   // передача: 2 байт; 19:46:22:532 30.11.2021



1B 41   // передача: 2 байт; 19:46:22:788 30.11.2021
// приём по таймауту: 1000 мс
// принято с порта: 0 байт



1B 41   // передача: 2 байт; 19:46:25:660 30.11.2021



1B 41   // передача: 2 байт; 19:46:25:947 30.11.2021



1B 41   // передача: 2 байт; 19:46:26:123 30.11.2021



1A   // передача: 1 байт; 19:46:26:507 30.11.2021



1A   // передача: 1 байт; 19:46:26:675 30.11.2021



1B 41   // передача: 2 байт; 19:46:27:043 30.11.2021



1B 41   // передача: 2 байт; 19:46:27:235 30.11.2021



1B 41   // передача: 2 байт; 19:46:27:467 30.11.2021
// приём по таймауту: 1000 мс
// принято с порта: 0 байт



1B 41   // передача: 2 байт; 19:46:35:075 30.11.2021



1B 41   // передача: 2 байт; 19:46:35:307 30.11.2021



1B 41   // передача: 2 байт; 19:46:35:555 30.11.2021



1B 41   // передача: 2 байт; 19:46:35:747 30.11.2021



1B 41   // передача: 2 байт; 19:46:35:963 30.11.2021



1B 41   // передача: 2 байт; 19:46:36:180 30.11.2021



1B 41   // передача: 2 байт; 19:46:36:388 30.11.2021



1B 41   // передача: 2 байт; 19:46:36:596 30.11.2021



1B 41   // передача: 2 байт; 19:46:36:852 30.11.2021



1B 41   // передача: 2 байт; 19:46:37:060 30.11.2021



1B 41   // передача: 2 байт; 19:46:37:548 30.11.2021



1B 41   // передача: 2 байт; 19:46:37:748 30.11.2021



1A   // передача: 1 байт; 19:46:38:268 30.11.2021



1B 41   // передача: 2 байт; 19:46:38:868 30.11.2021



1B 41   // передача: 2 байт; 19:46:39:084 30.11.2021



1B 41   // передача: 2 байт; 19:46:39:308 30.11.2021



1B 41   // передача: 2 байт; 19:46:39:516 30.11.2021



1B 41   // передача: 2 байт; 19:46:39:732 30.11.2021



1B 41   // передача: 2 байт; 19:46:39:940 30.11.2021



1B 41   // передача: 2 байт; 19:46:40:156 30.11.2021



1B 41   // передача: 2 байт; 19:46:40:444 30.11.2021



1B 41   // передача: 2 байт; 19:46:40:676 30.11.2021



1B 41   // передача: 2 байт; 19:46:40:876 30.11.2021



1B 41   // передача: 2 байт; 19:46:41:092 30.11.2021



1B 41   // передача: 2 байт; 19:46:41:284 30.11.2021



1B 41   // передача: 2 байт; 19:46:41:500 30.11.2021



1B 41   // передача: 2 байт; 19:46:41:748 30.11.2021



1B 41   // передача: 2 байт; 19:46:41:964 30.11.2021



1B 41   // передача: 2 байт; 19:46:42:180 30.11.2021



1B 41   // передача: 2 байт; 19:46:42:380 30.11.2021
// приём по таймауту: 1000 мс
// принято с порта: 0 байт

// О программе
