Событие: Connecting to 192.168.1.98.   // 11:35:18:629 07.01.2018
Событие: Connected.   // 11:35:18:639 07.01.2018
Установлено соединение c сокетом: 192.168.1.98:1001   // 11:35:18:639 07.01.2018



1A   // передача: 1 байт; 11:35:20:467 07.01.2018



1A   // передача: 1 байт; 11:35:21:651 07.01.2018



1B 41   // передача: 2 байт; 11:35:23:011 07.01.2018



1B 41   // передача: 2 байт; 11:35:24:101 07.01.2018



1B 41   // передача: 2 байт; 11:35:24:959 07.01.2018
// приём по таймауту: 5000 мс
// принято с сокета: 0 байт

CA E0 EB FE EC ED FB 20 

01 00 07 00 01 69 C1   // передача: 7 байт; 11:35:31:963 07.01.2018

CA E0 EB FE EC ED FB 20 

01 00 07 00 01 69 C1   // передача: 7 байт; 11:35:32:951 07.01.2018

CA E0 EB FE EC ED FB 20 

01 00 07 00 01 69 C1   // передача: 7 байт; 11:35:33:766 07.01.2018

CA E0 EB FE EC ED FB 20 

01 00 07 00 01 69 C1   // передача: 7 байт; 11:35:34:456 07.01.2018

CA E0 EB FE EC ED FB 20 

01 00 07 00 01 69 C1   // передача: 7 байт; 11:35:35:268 07.01.2018

CA E0 EB FE EC ED FB 20 

01 00 07 00 01 69 C1   // передача: 7 байт; 11:35:36:020 07.01.2018

CA E0 EB FE EC ED FB 20 

01 00 07 00 01 69 C1   // передача: 7 байт; 11:35:36:700 07.01.2018
Событие: Disconnecting.   // 11:35:39:592 07.01.2018
Отсоединение   // 11:35:39:592 07.01.2018
Событие: Disconnected.   // 11:35:39:592 07.01.2018
Ошибка при закрытии сокета: Thread Error: Неверный дескриптор (6)   // 11:35:39:592 07.01.2018

// О программе
