Событие: Connecting to 192.168.1.98.   // 11:21:21:964 07.01.2018
Событие: Connected.   // 11:21:21:968 07.01.2018
Установлено соединение c сокетом: 192.168.1.98:1001   // 11:21:21:969 07.01.2018



1B 41   // передача: 2 байт; 11:21:27:020 07.01.2018
// приём по таймауту: 5000 мс
// принято с сокета: 0 байт



1A   // передача: 1 байт; 11:22:00:220 07.01.2018



1A   // передача: 1 байт; 11:22:00:860 07.01.2018



1A   // передача: 1 байт; 11:22:01:692 07.01.2018



1A   // передача: 1 байт; 11:22:02:708 07.01.2018



1A   // передача: 1 байт; 11:22:03:636 07.01.2018



1A   // передача: 1 байт; 11:22:04:444 07.01.2018



1A   // передача: 1 байт; 11:22:05:244 07.01.2018



1A   // передача: 1 байт; 11:22:06:084 07.01.2018



1A   // передача: 1 байт; 11:22:06:924 07.01.2018



1A   // передача: 1 байт; 11:22:07:836 07.01.2018



1A   // передача: 1 байт; 11:22:08:484 07.01.2018



1A   // передача: 1 байт; 11:22:12:115 07.01.2018



1A   // передача: 1 байт; 11:22:12:956 07.01.2018



1A   // передача: 1 байт; 11:22:13:595 07.01.2018



1A   // передача: 1 байт; 11:22:14:403 07.01.2018



1A   // передача: 1 байт; 11:22:16:108 07.01.2018



1A   // передача: 1 байт; 11:22:16:916 07.01.2018



1A   // передача: 1 байт; 11:22:25:781 07.01.2018



1A   // передача: 1 байт; 11:22:26:351 07.01.2018



1A   // передача: 1 байт; 11:22:26:805 07.01.2018



1A   // передача: 1 байт; 11:22:27:134 07.01.2018



1A   // передача: 1 байт; 11:22:27:382 07.01.2018



1A   // передача: 1 байт; 11:22:27:662 07.01.2018



1A   // передача: 1 байт; 11:22:27:961 07.01.2018



1A   // передача: 1 байт; 11:22:28:214 07.01.2018



1A   // передача: 1 байт; 11:22:28:478 07.01.2018



1A   // передача: 1 байт; 11:22:28:726 07.01.2018



1A   // передача: 1 байт; 11:22:28:945 07.01.2018



1A   // передача: 1 байт; 11:22:29:158 07.01.2018



1A   // передача: 1 байт; 11:22:29:382 07.01.2018



1A   // передача: 1 байт; 11:22:29:669 07.01.2018



1A   // передача: 1 байт; 11:22:29:972 07.01.2018



1A   // передача: 1 байт; 11:22:30:276 07.01.2018



1A   // передача: 1 байт; 11:22:30:780 07.01.2018



1A   // передача: 1 байт; 11:22:31:078 07.01.2018



1A   // передача: 1 байт; 11:22:31:292 07.01.2018



1A   // передача: 1 байт; 11:22:31:518 07.01.2018



1A   // передача: 1 байт; 11:22:31:733 07.01.2018



1A   // передача: 1 байт; 11:22:31:957 07.01.2018



1A   // передача: 1 байт; 11:22:32:167 07.01.2018



1B 41   // передача: 2 байт; 11:22:32:974 07.01.2018



1B 41   // передача: 2 байт; 11:22:33:583 07.01.2018



1B 41   // передача: 2 байт; 11:22:34:111 07.01.2018



1B 41   // передача: 2 байт; 11:22:34:583 07.01.2018



1B 41   // передача: 2 байт; 11:22:35:198 07.01.2018



1B 41   // передача: 2 байт; 11:22:36:360 07.01.2018



1B 41   // передача: 2 байт; 11:22:37:174 07.01.2018



1B 41   // передача: 2 байт; 11:22:37:640 07.01.2018



1B 41   // передача: 2 байт; 11:22:37:920 07.01.2018



1B 41   // передача: 2 байт; 11:22:38:167 07.01.2018



1B 41   // передача: 2 байт; 11:22:38:647 07.01.2018



1B 41   // передача: 2 байт; 11:22:38:880 07.01.2018



1B 41   // передача: 2 байт; 11:22:39:092 07.01.2018



1B 41   // передача: 2 байт; 11:22:39:313 07.01.2018



1B 41   // передача: 2 байт; 11:22:39:694 07.01.2018



1B 41   // передача: 2 байт; 11:22:40:175 07.01.2018



1B 41   // передача: 2 байт; 11:22:40:422 07.01.2018



1B 41   // передача: 2 байт; 11:22:40:646 07.01.2018



1B 41   // передача: 2 байт; 11:22:40:902 07.01.2018



1B 41   // передача: 2 байт; 11:22:41:142 07.01.2018



1B 41   // передача: 2 байт; 11:22:41:463 07.01.2018
// приём по таймауту: 5000 мс
// принято с сокета: 0 байт
Событие: Disconnecting.   // 11:22:46:859 07.01.2018
Отсоединение   // 11:22:46:861 07.01.2018
Событие: Disconnected.   // 11:22:46:862 07.01.2018
// принято 0 байт (доступно 0 из 0 байт)   // 11:22:46:863 07.01.2018
// принято с сокета: 0 байт
Ошибка при закрытии сокета: Thread Error: Неверный дескриптор (6)   // 11:22:46:864 07.01.2018
// приём по таймауту: 5000 мс
// принято с сокета: 0 байт
Событие: Connecting to 192.168.1.98.   // 11:23:33:068 07.01.2018
Событие: Connected.   // 11:23:33:071 07.01.2018
Установлено соединение c сокетом: 192.168.1.98:1001   // 11:23:33:073 07.01.2018



1A   // передача: 1 байт; 11:23:34:988 07.01.2018



1A   // передача: 1 байт; 11:23:35:788 07.01.2018



1A   // передача: 1 байт; 11:23:36:388 07.01.2018



1A   // передача: 1 байт; 11:23:36:892 07.01.2018



1A   // передача: 1 байт; 11:23:37:435 07.01.2018



1B 41   // передача: 2 байт; 11:23:39:795 07.01.2018



1A   // передача: 1 байт; 11:23:40:811 07.01.2018



1A   // передача: 1 байт; 11:23:41:531 07.01.2018



1A   // передача: 1 байт; 11:23:42:011 07.01.2018
Событие: Disconnecting.   // 11:26:11:004 07.01.2018
Отсоединение   // 11:26:11:005 07.01.2018
Событие: Disconnected.   // 11:26:11:007 07.01.2018
Ошибка при закрытии сокета: Thread Error: Неверный дескриптор (6)   // 11:26:11:009 07.01.2018
Событие: Connecting to 192.168.1.98.   // 11:26:11:700 07.01.2018
Событие: Connected.   // 11:26:11:702 07.01.2018
Установлено соединение c сокетом: 192.168.1.98:1001   // 11:26:11:703 07.01.2018



1A   // передача: 1 байт; 11:26:13:556 07.01.2018



1A   // передача: 1 байт; 11:26:14:844 07.01.2018



1B 41   // передача: 2 байт; 11:26:16:131 07.01.2018



1B 41   // передача: 2 байт; 11:26:17:483 07.01.2018



1A   // передача: 1 байт; 11:26:18:723 07.01.2018



1B 41   // передача: 2 байт; 11:26:19:828 07.01.2018



1A   // передача: 1 байт; 11:26:21:428 07.01.2018



1B 41   // передача: 2 байт; 11:26:22:740 07.01.2018
// приём по таймауту: 5000 мс
// принято с сокета: 0 байт

CA E0 EB FE EC ED FB 20 

01 00 07 00 01 69 C1   // передача: 7 байт; 11:26:32:492 07.01.2018

CA E0 EB FE EC ED FB 20 

01 00 07 00 01 69 C1   // передача: 7 байт; 11:26:34:445 07.01.2018

CA E0 EB FE EC ED FB 20 

01 00 07 00 01 69 C1   // передача: 7 байт; 11:26:35:540 07.01.2018

CA E0 EB FE EC ED FB 20 

01 00 07 00 01 69 C1   // передача: 7 байт; 11:26:36:756 07.01.2018

CA E0 EB FE EC ED FB 20 

01 00 07 00 01 69 C1   // передача: 7 байт; 11:26:37:645 07.01.2018

CA E0 EB FE EC ED FB 20 

01 00 07 00 01 69 C1   // передача: 7 байт; 11:26:38:509 07.01.2018

CA E0 EB FE EC ED FB 20 

01 00 07 00 01 69 C1   // передача: 7 байт; 11:26:39:349 07.01.2018

CA E0 EB FE EC ED FB 20 

01 00 08 00 FF 6F 02 76   // передача: 8 байт; 11:26:42:933 07.01.2018

CA E0 EB FE EC ED FB 20 

01 00 08 00 FF 6F 02 76   // передача: 8 байт; 11:26:43:845 07.01.2018

CA E0 EB FE EC ED FB 20 

01 00 08 00 FF 6F 02 76   // передача: 8 байт; 11:26:44:661 07.01.2018

CA E0 EB FE EC ED FB 20 

01 00 08 00 FF 6F 02 76   // передача: 8 байт; 11:26:45:453 07.01.2018

CA E0 EB FE EC ED FB 20 

01 00 08 00 FF 6F 02 76   // передача: 8 байт; 11:26:46:157 07.01.2018
Событие: Disconnecting.   // 11:26:47:275 07.01.2018
Отсоединение   // 11:26:47:276 07.01.2018
Событие: Disconnected.   // 11:26:47:276 07.01.2018
// принято 0 байт (доступно 0 из 39 байт)   // 11:26:47:276 07.01.2018
Ошибка при закрытии сокета: Thread Error: Неверный дескриптор (6)   // 11:26:47:277 07.01.2018

// О программе
