Событие: Connecting to 192.168.1.98.   // 11:44:21:439 07.01.2018
Событие: Connected.   // 11:44:21:449 07.01.2018
Установлено соединение c сокетом: 192.168.1.98:1001   // 11:44:21:449 07.01.2018



1A   // передача: 1 байт; 11:44:26:042 07.01.2018



1B 41   // передача: 2 байт; 11:44:28:092 07.01.2018

CA E0 EB FE EC ED FB 20 

01 00 07 00 01 69 C1   // передача: 7 байт; 11:44:31:848 07.01.2018

CA E0 EB FE EC ED FB 20 

01 00 07 00 01 69 C1   // передача: 7 байт; 11:44:33:199 07.01.2018

CA E0 EB FE EC ED FB 20 

01 00 07 00 01 69 C1   // передача: 7 байт; 11:44:34:428 07.01.2018
Событие: Disconnecting.   // 11:44:37:001 07.01.2018
Отсоединение   // 11:44:37:001 07.01.2018
Событие: Disconnected.   // 11:44:37:001 07.01.2018
Ошибка при закрытии сокета: Thread Error: Неверный дескриптор (6)   // 11:44:37:001 07.01.2018
// приём по таймауту: 5000 мс
// принято с сокета: 0 байт
Событие: Connecting to 192.168.1.98.   // 11:45:34:777 07.01.2018
Событие: Connected.   // 11:45:34:777 07.01.2018
Установлено соединение c сокетом: 192.168.1.98:1001   // 11:45:34:777 07.01.2018



1A   // передача: 1 байт; 11:45:36:846 07.01.2018



1A   // передача: 1 байт; 11:45:37:670 07.01.2018



1B 41   // передача: 2 байт; 11:45:38:689 07.01.2018



1B 41   // передача: 2 байт; 11:45:39:467 07.01.2018

CA E0 EB FE EC ED FB 20 

01 00 07 00 01 69 C1   // передача: 7 байт; 11:45:42:589 07.01.2018

CA E0 EB FE EC ED FB 20 

01 00 07 00 01 69 C1   // передача: 7 байт; 11:45:43:447 07.01.2018
// приём по таймауту: 5000 мс
// принято с сокета: 0 байт
Событие: Disconnecting.   // 11:47:27:047 07.01.2018
Отсоединение   // 11:47:27:047 07.01.2018
Событие: Disconnected.   // 11:47:27:047 07.01.2018
// принято 0 байт (доступно 0 из 13 байт)   // 11:47:27:047 07.01.2018
Ошибка при закрытии сокета: Thread Error: Неверный дескриптор (6)   // 11:47:27:047 07.01.2018

// О программе
