OnTapiStatus event
סמבעטו: Dialing... 7128364
OnTapiStatus event
סמבעטו: Proceeding... 7128364
OnTapiStatus event
סמבעטו: Call disconnected (No Answer by Remote) 7128364
OnTapiStatus event
סמבעטו: Line is idle 7128364
OnTapiStatus event
סמבעטו: Waiting for retry in 59 seconds 7128364
OnTapiStatus event
סמבעטו: Waiting for retry in 58 seconds 7128364
OnTapiStatus event
סמבעטו: Waiting for retry in 57 seconds 7128364
OnTapiStatus event
סמבעטו: Waiting for retry in 56 seconds 7128364
OnTapiStatus event
סמבעטו: Waiting for retry in 55 seconds 7128364
OnTapiStatus event
סמבעטו: Waiting for retry in 54 seconds 7128364
OnTapiFail event
מרטבךא: Call disconnected (No Answer by Remote)
OnTapiStatus event
סמבעטו: Dialing... 7128364
OnTapiStatus event
סמבעטו: Proceeding... 7128364
OnTapiStatus event
סמבעטו: Call disconnected (No Answer by Remote) 7128364
OnTapiStatus event
סמבעטו: Line is idle 7128364
OnTapiStatus event
סמבעטו: Waiting for retry in 59 seconds 7128364
OnTapiStatus event
סמבעטו: Waiting for retry in 58 seconds 7128364
OnTapiStatus event
סמבעטו: Waiting for retry in 57 seconds 7128364
OnTapiStatus event
סמבעטו: Waiting for retry in 56 seconds 7128364
OnTapiStatus event
סמבעטו: Waiting for retry in 55 seconds 7128364
OnTapiStatus event
סמבעטו: Waiting for retry in 54 seconds 7128364
OnTapiStatus event
סמבעטו: Waiting for retry in 53 seconds 7128364
OnTapiStatus event
סמבעטו: Waiting for retry in 52 seconds 7128364
OnTapiStatus event
סמבעטו: Waiting for retry in 51 seconds 7128364
OnTapiStatus event
סמבעטו: Waiting for retry in 50 seconds 7128364
OnTapiStatus event
סמבעטו: Waiting for retry in 49 seconds 7128364
OnTapiStatus event
סמבעטו: Waiting for retry in 48 seconds 7128364
OnTapiStatus event
סמבעטו: Waiting for retry in 47 seconds 7128364
OnTapiStatus event
סמבעטו: Waiting for retry in 46 seconds 7128364
OnTapiStatus event
סמבעטו: Waiting for retry in 45 seconds 7128364
OnTapiStatus event
סמבעטו: Waiting for retry in 44 seconds 7128364
OnTapiStatus event
סמבעטו: Waiting for retry in 43 seconds 7128364
OnTapiStatus event
סמבעטו: Waiting for retry in 42 seconds 7128364
OnTapiStatus event
סמבעטו: Waiting for retry in 41 seconds 7128364
OnTapiStatus event
סמבעטו: Waiting for retry in 40 seconds 7128364

//  ןנמדנאללו
