OnTapiStatus event
событие: Dialing... 7128364
OnTapiStatus event
событие: Proceeding... 7128364
OnTapiStatus event
событие: Call disconnected (No Answer by Remote) 7128364
OnTapiStatus event
событие: Line is idle 7128364
OnTapiStatus event
событие: Waiting for retry in 59 seconds 7128364
OnTapiStatus event
событие: Waiting for retry in 58 seconds 7128364
OnTapiStatus event
событие: Waiting for retry in 57 seconds 7128364
OnTapiStatus event
событие: Waiting for retry in 56 seconds 7128364
OnTapiStatus event
событие: Waiting for retry in 55 seconds 7128364
OnTapiStatus event
событие: Waiting for retry in 54 seconds 7128364
OnTapiStatus event
событие: Waiting for retry in 53 seconds 7128364
OnTapiStatus event
событие: Waiting for retry in 52 seconds 7128364
OnTapiStatus event
событие: Waiting for retry in 51 seconds 7128364
OnTapiStatus event
событие: Waiting for retry in 50 seconds 7128364
OnTapiStatus event
событие: Waiting for retry in 49 seconds 7128364
OnTapiStatus event
событие: Waiting for retry in 48 seconds 7128364
OnTapiStatus event
событие: Waiting for retry in 47 seconds 7128364
OnTapiStatus event
событие: Waiting for retry in 46 seconds 7128364
OnTapiStatus event
событие: Waiting for retry in 45 seconds 7128364
OnTapiStatus event
событие: Waiting for retry in 44 seconds 7128364
OnTapiStatus event
событие: Waiting for retry in 43 seconds 7128364
OnTapiStatus event
событие: Waiting for retry in 42 seconds 7128364
OnTapiStatus event
событие: Waiting for retry in 41 seconds 7128364
OnTapiStatus event
событие: Waiting for retry in 40 seconds 7128364
OnTapiStatus event
событие: Waiting for retry in 39 seconds 7128364
OnTapiStatus event
событие: Waiting for retry in 38 seconds 7128364
OnTapiStatus event
событие: Waiting for retry in 37 seconds 7128364
OnTapiStatus event
событие: Waiting for retry in 36 seconds 7128364
OnTapiStatus event
событие: Waiting for retry in 35 seconds 7128364
OnTapiStatus event
событие: Waiting for retry in 34 seconds 7128364
OnTapiStatus event
событие: Waiting for retry in 33 seconds 7128364
OnTapiStatus event
событие: Waiting for retry in 32 seconds 7128364
OnTapiStatus event
событие: Waiting for retry in 31 seconds 7128364
OnTapiStatus event
событие: Waiting for retry in 30 seconds 7128364
OnTapiStatus event
событие: Waiting for retry in 29 seconds 7128364
OnTapiStatus event
событие: Waiting for retry in 28 seconds 7128364
OnTapiStatus event
событие: Waiting for retry in 27 seconds 7128364
OnTapiStatus event
событие: Waiting for retry in 26 seconds 7128364
OnTapiStatus event
событие: Waiting for retry in 25 seconds 7128364
OnTapiStatus event
событие: Waiting for retry in 24 seconds 7128364
OnTapiStatus event
событие: Waiting for retry in 23 seconds 7128364
OnTapiStatus event
событие: Waiting for retry in 22 seconds 7128364
OnTapiStatus event
событие: Waiting for retry in 21 seconds 7128364
OnTapiStatus event
событие: Waiting for retry in 20 seconds 7128364
OnTapiStatus event
событие: Waiting for retry in 19 seconds 7128364
OnTapiStatus event
событие: Waiting for retry in 18 seconds 7128364
OnTapiStatus event
событие: Waiting for retry in 17 seconds 7128364
OnTapiStatus event
событие: Waiting for retry in 16 seconds 7128364
OnTapiStatus event
событие: Waiting for retry in 15 seconds 7128364
OnTapiStatus event
событие: Waiting for retry in 14 seconds 7128364
OnTapiStatus event
событие: Waiting for retry in 13 seconds 7128364
OnTapiStatus event
событие: Waiting for retry in 12 seconds 7128364
OnTapiStatus event
событие: Waiting for retry in 11 seconds 7128364
OnTapiStatus event
событие: Waiting for retry in 10 seconds 7128364
OnTapiStatus event
событие: Waiting for retry in 9 seconds 7128364
OnTapiStatus event
событие: Waiting for retry in 8 seconds 7128364
OnTapiStatus event
событие: Waiting for retry in 7 seconds 7128364
OnTapiStatus event
событие: Waiting for retry in 6 seconds 7128364
OnTapiStatus event
событие: Waiting for retry in 5 seconds 7128364
OnTapiStatus event
событие: Waiting for retry in 4 seconds 7128364
OnTapiStatus event
событие: Waiting for retry in 3 seconds 7128364
OnTapiStatus event
событие: Waiting for retry in 2 seconds 7128364
OnTapiStatus event
событие: Waiting for retry in 1 seconds 7128364
OnTapiStatus event
событие: Dialing... 7128364
OnTapiStatus event
событие: Proceeding... 7128364
OnTapiStatus event
событие: Call disconnected (No Answer by Remote) 7128364
OnTapiStatus event
событие: Line is idle 7128364
OnTapiStatus event
событие: Waiting for retry in 59 seconds 7128364
OnTapiStatus event
событие: Waiting for retry in 58 seconds 7128364
OnTapiStatus event
событие: Waiting for retry in 57 seconds 7128364
OnTapiStatus event
событие: Waiting for retry in 56 seconds 7128364
OnTapiStatus event
событие: Waiting for retry in 55 seconds 7128364
OnTapiStatus event
событие: Waiting for retry in 54 seconds 7128364
OnTapiStatus event
событие: Waiting for retry in 53 seconds 7128364
OnTapiStatus event
событие: Waiting for retry in 52 seconds 7128364

// О программе
