OnTapiStatus event
событие: Dialing... 7128364
OnTapiStatus event
событие: Proceeding... 7128364
OnTapiStatus event
Last event
OnTapiPortOpen event
OnTapiConnect event
установлено соединение на скорости 9600


00 00 08 00 F6 0C 45 DE   // передача: 8 байт; 10:17:40:149 03.07.2020


55 00 00 12 FF F0 00 00 08 00 F6 0C 45 DE 21 B3 05 B9   // передача: 18 байт; 10:17:40:149 03.07.2020


00 00 08 00 F6 03 05 DA   // передача: 8 байт; 10:17:42:365 03.07.2020


55 00 00 12 FF F0 00 00 08 00 F6 03 05 DA 21 B3 05 B9   // передача: 18 байт; 10:17:42:365 03.07.2020


00 00 08 00 F6 00 45 DB   // передача: 8 байт; 10:17:42:940 03.07.2020


55 00 00 12 FF F0 00 00 08 00 F6 00 45 DB 21 B3 05 B9   // передача: 18 байт; 10:17:42:941 03.07.2020


00 00 08 00 F6 00 45 DB   // передача: 8 байт; 10:17:43:188 03.07.2020


55 00 00 12 FF F0 00 00 08 00 F6 00 45 DB 21 B3 05 B9   // передача: 18 байт; 10:17:43:189 03.07.2020


00 00 08 00 F6 0D 84 1E   // передача: 8 байт; 10:17:43:605 03.07.2020


55 00 00 12 FF F0 00 00 08 00 F6 0D 84 1E 21 B3 05 B9   // передача: 18 байт; 10:17:43:605 03.07.2020


00 00 07 00 F7 D4 47   // передача: 7 байт; 10:17:46:293 03.07.2020


55 00 00 11 FF F0 00 00 07 00 F7 D4 47 21 B3 8C 7D   // передача: 17 байт; 10:17:46:294 03.07.2020


00 00 07 00 F7 D4 47   // передача: 7 байт; 10:17:49:621 03.07.2020


55 00 00 11 FF F0 00 00 07 00 F7 D4 47 21 B3 8C 7D   // передача: 17 байт; 10:17:49:622 03.07.2020


00 00 07 00 F7 D4 47   // передача: 7 байт; 10:17:52:944 03.07.2020


55 00 00 11 FF F0 00 00 07 00 F7 D4 47 21 B3 8C 7D   // передача: 17 байт; 10:17:52:971 03.07.2020
// приём по количеству байт: 39 из 39
// принято с порта: 39 байт

01 00 27 00 F7 D2 E5 EA F3 F9 E5 E5 20 E2 F0 E5 EC FF 20 20 20 20 20 20 20 31 30 3A 31 37 3A 34 36 00 20 20 20 B7 91   // прием: 39 байт; 10:17:54:634 03.07.2020
// таймаут: 1663 мсек

Текущее время   
    10:17:46    


00 00 08 00 F6 0C 45 DE   // передача: 8 байт; 10:17:56:317 03.07.2020


55 00 00 12 FF F0 00 00 08 00 F6 0C 45 DE 21 B3 05 B9   // передача: 18 байт; 10:17:56:317 03.07.2020
// приём по количеству байт: 9 из 9
// принято с порта: 9 байт

01 00 09 00 F6 00 00 37 F3   // прием: 9 байт; 10:17:59:073 03.07.2020
// таймаут: 2756 мсек



00 00 07 00 F7 D4 47   // передача: 7 байт; 10:17:59:074 03.07.2020


55 00 00 11 FF F0 00 00 07 00 F7 D4 47 21 B3 8C 7D   // передача: 17 байт; 10:17:59:074 03.07.2020
// приём по количеству байт: 39 из 39
// принято с порта: 39 байт

01 00 27 00 F7 CF F0 EE E3 F0 E0 EC EC E0 20 3F 20 20 20 20 20 3E 5F 5F 5F 20 20 20 20 20 20 20 20 20 20 20 20 5B EF   // прием: 39 байт; 10:18:00:610 03.07.2020
// таймаут: 1536 мсек

Программа ?     
>___            


00 00 08 00 F6 03 05 DA   // передача: 8 байт; 10:18:01:228 03.07.2020


55 00 00 12 FF F0 00 00 08 00 F6 03 05 DA 21 B3 05 B9   // передача: 18 байт; 10:18:01:229 03.07.2020
// приём по количеству байт: 9 из 9
// принято с порта: 9 байт

01 00 09 00 F6 00 00 37 F3   // прием: 9 байт; 10:18:02:711 03.07.2020
// таймаут: 1482 мсек



00 00 07 00 F7 D4 47   // передача: 7 байт; 10:18:02:711 03.07.2020


55 00 00 11 FF F0 00 00 07 00 F7 D4 47 21 B3 8C 7D   // передача: 17 байт; 10:18:02:712 03.07.2020
// приём по количеству байт: 39 из 39
// принято с порта: 39 байт

01 00 27 00 F7 CF F0 EE E3 F0 E0 EC EC E0 20 3F 20 20 20 20 20 3E 5F 5F 33 20 20 20 20 20 20 20 20 20 20 20 20 CB 83   // прием: 39 байт; 10:18:04:211 03.07.2020
// таймаут: 1499 мсек

Программа ?     
>__3            


00 00 08 00 F6 00 45 DB   // передача: 8 байт; 10:18:04:757 03.07.2020


55 00 00 12 FF F0 00 00 08 00 F6 00 45 DB 21 B3 05 B9   // передача: 18 байт; 10:18:04:757 03.07.2020
// приём по количеству байт: 9 из 9
// принято с порта: 9 байт

01 00 09 00 F6 00 00 37 F3   // прием: 9 байт; 10:18:06:251 03.07.2020
// таймаут: 1494 мсек



00 00 07 00 F7 D4 47   // передача: 7 байт; 10:18:06:251 03.07.2020


55 00 00 11 FF F0 00 00 07 00 F7 D4 47 21 B3 8C 7D   // передача: 17 байт; 10:18:06:251 03.07.2020
// приём по количеству байт: 39 из 39
// принято с порта: 39 байт

01 00 27 00 F7 CF F0 EE E3 F0 E0 EC EC E0 20 3F 20 20 20 20 20 3E 5F 33 30 20 20 20 20 20 20 20 20 20 20 20 20 A2 2C   // прием: 39 байт; 10:18:07:751 03.07.2020
// таймаут: 1500 мсек

Программа ?     
>_30            


00 00 08 00 F6 00 45 DB   // передача: 8 байт; 10:18:08:301 03.07.2020


55 00 00 12 FF F0 00 00 08 00 F6 00 45 DB 21 B3 05 B9   // передача: 18 байт; 10:18:08:301 03.07.2020
// приём по количеству байт: 9 из 9
// принято с порта: 9 байт

01 00 09 00 F6 00 00 37 F3   // прием: 9 байт; 10:18:09:814 03.07.2020
// таймаут: 1513 мсек



00 00 07 00 F7 D4 47   // передача: 7 байт; 10:18:09:814 03.07.2020


55 00 00 11 FF F0 00 00 07 00 F7 D4 47 21 B3 8C 7D   // передача: 17 байт; 10:18:09:814 03.07.2020
// приём по количеству байт: 39 из 39
// принято с порта: 39 байт

01 00 27 00 F7 CF F0 EE E3 F0 E0 EC EC E0 20 3F 20 20 20 20 20 3E 33 30 30 20 20 20 20 20 20 20 20 20 20 20 20 CD 02   // прием: 39 байт; 10:18:11:614 03.07.2020
// таймаут: 1800 мсек

Программа ?     
>300            


00 00 08 00 F6 0D 84 1E   // передача: 8 байт; 10:18:12:709 03.07.2020


55 00 00 12 FF F0 00 00 08 00 F6 0D 84 1E 21 B3 05 B9   // передача: 18 байт; 10:18:12:709 03.07.2020
// приём по количеству байт: 9 из 9
// принято с порта: 9 байт

01 00 09 00 F6 00 00 37 F3   // прием: 9 байт; 10:18:14:193 03.07.2020
// таймаут: 1484 мсек



00 00 07 00 F7 D4 47   // передача: 7 байт; 10:18:14:194 03.07.2020


55 00 00 11 FF F0 00 00 07 00 F7 D4 47 21 B3 8C 7D   // передача: 17 байт; 10:18:14:194 03.07.2020


00 00 07 00 F7 D4 47   // передача: 7 байт; 10:18:15:517 03.07.2020


55 00 00 11 FF F0 00 00 07 00 F7 D4 47 21 B3 8C 7D   // передача: 17 байт; 10:18:15:517 03.07.2020
// приём по количеству байт: 39 из 39
// принято с порта: 39 байт

01 00 27 00 F7 D2 E0 F0 E8 F4 ED FB E5 20 EF E5 F0 E8 EE E4 FB 20 ED E5 F2 00 20 20 20 20 20 20 20 20 20 20 20 AC A6   // прием: 39 байт; 10:18:15:731 03.07.2020
// таймаут: 214 мсек

Тарифные периоды
 нет            
// приём по количеству байт: 8 из 0
// принято с порта: 8 байт

01 00 27 00 F7 D2 E0 F0   // прием: 8 байт; 10:18:16:990 03.07.2020
// таймаут: 1473 мсек

// приём по количеству байт: 8 из 0
// принято с порта: 8 байт

E8 F4 ED FB E5 20 EF E5   // прием: 8 байт; 10:18:16:990 03.07.2020
// таймаут: 1473 мсек

// приём по количеству байт: 7 из 0
// принято с порта: 7 байт

F0 E8 EE E4 FB 20 ED   // прием: 7 байт; 10:18:16:991 03.07.2020
// таймаут: 1474 мсек

// приём по количеству байт: 5 из 0
// принято с порта: 5 байт

E5 F2 00 20 20   // прием: 5 байт; 10:18:17:013 03.07.2020
// таймаут: 1496 мсек

// приём по количеству байт: 8 из 0
// принято с порта: 8 байт

20 20 20 20 20 20 20 20   // прием: 8 байт; 10:18:17:050 03.07.2020
// таймаут: 1533 мсек

// приём по количеству байт: 3 из 0
// принято с порта: 3 байт

20 AC A6   // прием: 3 байт; 10:18:17:050 03.07.2020
// таймаут: 1533 мсек

OnTapiStatus event
событие: Call disconnected (Normal Hangup by Remote) 7128364
OnTapiStatus event
событие: Line is idle 7128364
OnTapiPortClose event
// приём по таймауту: 5000 мс
// принято с порта: 0 байт

// О программе
