OnTapiStatus event
событие: Dialing... 7128364
OnTapiStatus event
событие: Proceeding... 7128364
OnTapiStatus event
Last event
OnTapiPortOpen event
OnTapiConnect event
установлено соединение на скорости 9600


00 00 08 00 F6 0C 45 DE   // передача: 8 байт; 10:30:29:211 03.07.2020


55 00 00 12 FF F0 00 00 08 00 F6 0C 45 DE 21 B3 05 B9   // передача: 18 байт; 10:30:29:211 03.07.2020
// приём по количеству байт: 9 из 9
// принято с порта: 9 байт

01 00 09 00 F6 00 00 37 F3   // прием: 9 байт; 10:30:30:797 03.07.2020
// таймаут: 1586 мсек



00 00 07 00 F7 D4 47   // передача: 7 байт; 10:30:30:798 03.07.2020


55 00 00 11 FF F0 00 00 07 00 F7 D4 47 21 B3 8C 7D   // передача: 17 байт; 10:30:30:798 03.07.2020
// приём по количеству байт: 39 из 39
// принято с порта: 39 байт

01 00 27 00 F7 CF F0 EE E3 F0 E0 EC EC E0 20 3F 20 20 20 20 20 3E 5F 5F 5F 20 20 20 20 20 20 20 20 20 20 20 20 5B EF   // прием: 39 байт; 10:30:32:417 03.07.2020
// таймаут: 1619 мсек

Программа ?     
>___            


00 00 08 00 F6 03 05 DA   // передача: 8 байт; 10:30:33:363 03.07.2020


55 00 00 12 FF F0 00 00 08 00 F6 03 05 DA 21 B3 05 B9   // передача: 18 байт; 10:30:33:364 03.07.2020
// приём по количеству байт: 9 из 9
// принято с порта: 9 байт

01 00 09 00 F6 00 00 37 F3   // прием: 9 байт; 10:30:34:938 03.07.2020
// таймаут: 1574 мсек



00 00 07 00 F7 D4 47   // передача: 7 байт; 10:30:34:939 03.07.2020


55 00 00 11 FF F0 00 00 07 00 F7 D4 47 21 B3 8C 7D   // передача: 17 байт; 10:30:34:939 03.07.2020
// приём по количеству байт: 39 из 39
// принято с порта: 39 байт

01 00 27 00 F7 CF F0 EE E3 F0 E0 EC EC E0 20 3F 20 20 20 20 20 3E 5F 5F 33 20 20 20 20 20 20 20 20 20 20 20 20 CB 83   // прием: 39 байт; 10:30:36:558 03.07.2020
// таймаут: 1619 мсек

Программа ?     
>__3            


00 00 08 00 F6 08 44 1D   // передача: 8 байт; 10:30:37:251 03.07.2020


55 00 00 12 FF F0 00 00 08 00 F6 08 44 1D 21 B3 05 B9   // передача: 18 байт; 10:30:37:251 03.07.2020
// приём по количеству байт: 9 из 9
// принято с порта: 9 байт

01 00 09 00 F6 00 00 37 F3   // прием: 9 байт; 10:30:39:138 03.07.2020
// таймаут: 1887 мсек



00 00 07 00 F7 D4 47   // передача: 7 байт; 10:30:39:138 03.07.2020


55 00 00 11 FF F0 00 00 07 00 F7 D4 47 21 B3 8C 7D   // передача: 17 байт; 10:30:39:138 03.07.2020
// приём по количеству байт: 39 из 39
// принято с порта: 39 байт

01 00 27 00 F7 CF F0 EE E3 F0 E0 EC EC E0 20 3F 20 20 20 20 20 3E 5F 33 38 20 20 20 20 20 20 20 20 20 20 20 20 BD 64   // прием: 39 байт; 10:30:40:758 03.07.2020
// таймаут: 1620 мсек

Программа ?     
>_38            


00 00 08 00 F6 0D 84 1E   // передача: 8 байт; 10:30:41:571 03.07.2020


55 00 00 12 FF F0 00 00 08 00 F6 0D 84 1E 21 B3 05 B9   // передача: 18 байт; 10:30:41:571 03.07.2020
// приём по количеству байт: 9 из 9
// принято с порта: 9 байт

01 00 09 00 F6 00 00 37 F3   // прием: 9 байт; 10:30:43:146 03.07.2020
// таймаут: 1575 мсек



00 00 07 00 F7 D4 47   // передача: 7 байт; 10:30:43:195 03.07.2020


55 00 00 11 FF F0 00 00 07 00 F7 D4 47 21 B3 8C 7D   // передача: 17 байт; 10:30:43:227 03.07.2020
// приём по количеству байт: 39 из 39
// принято с порта: 39 байт

01 00 27 00 F7 20 20 D0 E5 E6 E8 EC 20 F0 E0 E1 EE F2 FB 20 20 20 20 20 20 20 20 20 20 30 00 20 20 20 20 20 20 FE E3   // прием: 39 байт; 10:30:44:812 03.07.2020
// таймаут: 1585 мсек

  Режим работы  
        0       


00 00 07 00 F7 D4 47   // передача: 7 байт; 10:30:57:556 03.07.2020


55 00 00 11 FF F0 00 00 07 00 F7 D4 47 21 B3 8C 7D   // передача: 17 байт; 10:30:57:586 03.07.2020
// приём по количеству байт: 39 из 39
// принято с порта: 39 байт

01 00 27 00 F7 20 EF EE 20 EF F0 E0 E7 E4 ED E8 EA E0 EC 20 20 20 20 20 20 20 20 20 20 30 00 20 20 20 20 20 20 F9 36   // прием: 39 байт; 10:30:59:187 03.07.2020
// таймаут: 1601 мсек

 по праздникам  
        0       

// О программе
