Чтение графика опроса счетчиков

CA E0 EB FE EC ED FB 20 


00 00 09 00 FF 0F 00 F2 C1   // передача: 9 байт; 19:02:26:321 09.06.2023
// приём по количеству байт: 55 из 55
// принято с порта: 55 байт

01 00 37 00 FF FF FF FF FF FF FF FF FF FF FF FF FF FF FF FF FF FF FF FF FF FF FF FF FF FF FF FF FF FF FF FF FF FF FF FF FF FF FF FF FF FF FF FF FF FF FF FF FF CD A1   // прием: 55 байт; 19:02:26:404 09.06.2023
// таймаут: 83 мсек

Чтение графика опроса счетчиков: 25 %

CA E0 EB FE EC ED FB 20 


00 00 09 00 FF 0F 01 33 01   // передача: 9 байт; 19:02:26:406 09.06.2023
// приём по количеству байт: 55 из 55
// принято с порта: 55 байт

01 00 37 00 FF FF FF FF FF FF FF FF FF FF FF FF FF FF FF FF FF FF FF FF FF FF FF FF FF FF FF FF FF FF FF FF FF FF FF FF FF FF FF FF FF FF FF FF FF FF FF FF FF CD A1   // прием: 55 байт; 19:02:26:489 09.06.2023
// таймаут: 83 мсек

Чтение графика опроса счетчиков: 50 %

CA E0 EB FE EC ED FB 20 


00 00 09 00 FF 0F 02 73 00   // передача: 9 байт; 19:02:26:490 09.06.2023
// приём по количеству байт: 55 из 55
// принято с порта: 55 байт

01 00 37 00 FF FF FF FF FF FF FF FF FF FF FF FF FF FF FF FF FF FF FF FF FF FF FF FF FF FF FF FF FF FF FF FF FF FF FF FF FF FF FF FF FF FF FF FF FF FF FF FF FF CD A1   // прием: 55 байт; 19:02:26:573 09.06.2023
// таймаут: 83 мсек

Чтение графика опроса счетчиков: 75 %

CA E0 EB FE EC ED FB 20 


00 00 09 00 FF 0F 03 B2 C0   // передача: 9 байт; 19:02:26:576 09.06.2023
// приём по количеству байт: 55 из 55
// принято с порта: 55 байт

01 00 37 00 FF FF FF FF FF FF FF FF FF FF FF FF FF FF FF FF FF FF FF FF FF FF FF FF FF FF FF FF FF FF FF FF FF FF FF FF FF FF FF FF FF FF FF FF FF FF FF FF FF CD A1   // прием: 55 байт; 19:02:26:659 09.06.2023
// таймаут: 83 мсек

Чтение графика опроса счетчиков: 100 %
Запись графика опроса счетчиков

CA E0 EB FE EC ED FB 20 


00 00 39 00 FF 49 00 FF FF FF FF FF FF FF FF FF FF FF FF FF FF FF FF FF FF FF FF FF FF FF FF FF FF FF FF FF FF FF FF FF FF FF FF FF FF FF FF FF FF FF FF FF FF FF FF 17 CB   // передача: 57 байт; 19:02:44:334 09.06.2023
// приём по количеству байт: 9 из 9
// принято с порта: 9 байт

01 00 09 00 FF 00 00 E7 F1   // прием: 9 байт; 19:02:44:420 09.06.2023
// таймаут: 86 мсек

Запись графика опроса счетчиков: 25 %

CA E0 EB FE EC ED FB 20 


00 00 39 00 FF 49 01 FF FF FF FF FF FF FF FF FF FF FF FF FF FF FF FF FF FF FF FF FF FF FF FF FF FF FF FF FF FF FF FF FF FF FF FF FF FF 00 00 00 00 00 00 00 00 00 00 0A A5   // передача: 57 байт; 19:02:44:422 09.06.2023
// приём по количеству байт: 9 из 9
// принято с порта: 9 байт

01 00 09 00 FF 00 00 E7 F1   // прием: 9 байт; 19:02:44:508 09.06.2023
// таймаут: 86 мсек

Запись графика опроса счетчиков: 50 %

CA E0 EB FE EC ED FB 20 


00 00 39 00 FF 49 02 FF FF FF FF FF FF FF FF FF FF FF FF FF FF FF FF FF FF FF FF FF FF FF FF FF FF FF FF FF FF FF FF FF FF FF FF FF FF FF FF FF FF FF FF FF FF FF FF 4C 51   // передача: 57 байт; 19:02:44:510 09.06.2023
// приём по количеству байт: 9 из 9
// принято с порта: 9 байт

01 00 09 00 FF 00 00 E7 F1   // прием: 9 байт; 19:02:44:596 09.06.2023
// таймаут: 86 мсек

Запись графика опроса счетчиков: 75 %

CA E0 EB FE EC ED FB 20 


00 00 39 00 FF 49 03 FF FF FF FF FF FF FF FF FF FF FF FF FF FF FF FF FF FF FF FF FF FF FF FF FF FF FF FF FF FF FF FF FF FF FF FF FF FF FF FF FF FF FF FF FF FF FF FF 60 BC   // передача: 57 байт; 19:02:44:598 09.06.2023
// приём по количеству байт: 9 из 9
// принято с порта: 9 байт

01 00 09 00 FF 00 00 E7 F1   // прием: 9 байт; 19:02:44:684 09.06.2023
// таймаут: 86 мсек

Запись графика опроса счетчиков: 100 %
Чтение графика опроса счетчиков

CA E0 EB FE EC ED FB 20 


00 00 09 00 FF 0F 00 F2 C1   // передача: 9 байт; 19:02:47:736 09.06.2023
// приём по количеству байт: 55 из 55
// принято с порта: 55 байт

01 00 37 00 FF FF FF FF FF FF FF FF FF FF FF FF FF FF FF FF FF FF FF FF FF FF FF FF FF FF FF FF FF FF FF FF FF FF FF FF FF FF FF FF FF FF FF FF FF FF FF FF FF CD A1   // прием: 55 байт; 19:02:47:819 09.06.2023
// таймаут: 83 мсек

Чтение графика опроса счетчиков: 25 %

CA E0 EB FE EC ED FB 20 


00 00 09 00 FF 0F 01 33 01   // передача: 9 байт; 19:02:47:821 09.06.2023
// приём по количеству байт: 55 из 55
// принято с порта: 55 байт

01 00 37 00 FF FF FF FF FF FF FF FF FF FF FF FF FF FF FF FF FF FF FF FF FF FF FF FF FF FF FF FF FF FF FF FF FF FF FF FF FF FF FF 00 00 00 00 00 00 00 00 00 00 FC 22   // прием: 55 байт; 19:02:47:904 09.06.2023
// таймаут: 83 мсек

Чтение графика опроса счетчиков: 50 %

CA E0 EB FE EC ED FB 20 


00 00 09 00 FF 0F 02 73 00   // передача: 9 байт; 19:02:47:906 09.06.2023
// приём по количеству байт: 55 из 55
// принято с порта: 55 байт

01 00 37 00 FF FF FF FF FF FF FF FF FF FF FF FF FF FF FF FF FF FF FF FF FF FF FF FF FF FF FF FF FF FF FF FF FF FF FF FF FF FF FF FF FF FF FF FF FF FF FF FF FF CD A1   // прием: 55 байт; 19:02:47:989 09.06.2023
// таймаут: 83 мсек

Чтение графика опроса счетчиков: 75 %

CA E0 EB FE EC ED FB 20 


00 00 09 00 FF 0F 03 B2 C0   // передача: 9 байт; 19:02:47:991 09.06.2023
// приём по количеству байт: 55 из 55
// принято с порта: 55 байт

01 00 37 00 FF FF FF FF FF FF FF FF FF FF FF FF FF FF FF FF FF FF FF FF FF FF FF FF FF FF FF FF FF FF FF FF FF FF FF FF FF FF FF FF FF FF FF FF FF FF FF FF FF CD A1   // прием: 55 байт; 19:02:48:074 09.06.2023
// таймаут: 83 мсек

Чтение графика опроса счетчиков: 100 %

// О программе
