Чтение графика опроса счетчиков

CA E0 EB FE EC ED FB 20 


00 00 09 00 FF 0F 00 F2 C1   // передача: 9 байт; 18:52:37:440 09.06.2023
// приём по таймауту: 1000 мс
// принято с порта: 0 байт
повтор: 1

CA E0 EB FE EC ED FB 20 


00 00 09 00 FF 0F 00 F2 C1   // передача: 9 байт; 18:52:38:452 09.06.2023
// приём по таймауту: 1000 мс
// принято с порта: 0 байт
повтор: 2

CA E0 EB FE EC ED FB 20 


00 00 09 00 FF 0F 00 F2 C1   // передача: 9 байт; 18:52:39:466 09.06.2023
// приём по таймауту: 1000 мс
// принято с порта: 0 байт
повтор: 3

CA E0 EB FE EC ED FB 20 


00 00 09 00 FF 0F 00 F2 C1   // передача: 9 байт; 18:52:40:480 09.06.2023
// приём по таймауту: 1000 мс
// принято с порта: 0 байт
повтор: 4

CA E0 EB FE EC ED FB 20 


00 00 09 00 FF 0F 00 F2 C1   // передача: 9 байт; 18:52:41:494 09.06.2023
// приём по таймауту: 1000 мс
// принято с порта: 0 байт
повтор: 5

CA E0 EB FE EC ED FB 20 


00 00 09 00 FF 0F 00 F2 C1   // передача: 9 байт; 18:52:42:508 09.06.2023
// приём по таймауту: 1000 мс
// принято с порта: 0 байт

// О программе
