Чтение графика опроса счетчиков

CA E0 EB FE EC ED FB 20 


00 00 09 00 FF 0F 00 F2 C1   // передача: 9 байт; 18:47:53:272 09.06.2023
// приём по количеству байт: 55 из 55
// принято с порта: 55 байт

01 00 37 00 FF FF FF FF FF FF FF FF FF FF FF FF FF FF FF FF FF FF FF FF FF FF FF FF FF FF FF FF FF FF FF FF FF FF FF FF FF FF FF FF FF FF FF FF FF FF FF FF FF CD A1   // прием: 55 байт; 18:47:53:355 09.06.2023
// таймаут: 82 мсек

Чтение графика опроса счетчиков: 25 %

CA E0 EB FE EC ED FB 20 


00 00 09 00 FF 0F 01 33 01   // передача: 9 байт; 18:47:53:357 09.06.2023
// приём по количеству байт: 55 из 55
// принято с порта: 55 байт

01 00 37 00 FF FF FF FF FF FF FF FF FF FF FF FF FF FF FF FF FF FF FF FF FF FF FF FF FF FF FF FF FF FF FF FF FF FF FF FF FF FF FF FF FF FF FF FF FF FF FF FF FF CD A1   // прием: 55 байт; 18:47:53:440 09.06.2023
// таймаут: 83 мсек

Чтение графика опроса счетчиков: 50 %

CA E0 EB FE EC ED FB 20 


00 00 09 00 FF 0F 02 73 00   // передача: 9 байт; 18:47:53:442 09.06.2023
// приём по количеству байт: 55 из 55
// принято с порта: 55 байт

01 00 37 00 FF FF FF FF FF FF FF FF FF FF FF FF FF FF FF FF FF FF FF FF FF FF FF FF FF FF FF FF FF FF FF FF FF FF FF FF FF FF FF FF FF FF FF FF FF FF FF FF FF CD A1   // прием: 55 байт; 18:47:53:524 09.06.2023
// таймаут: 82 мсек

Чтение графика опроса счетчиков: 75 %

CA E0 EB FE EC ED FB 20 


00 00 09 00 FF 0F 03 B2 C0   // передача: 9 байт; 18:47:53:527 09.06.2023
// приём по количеству байт: 55 из 55
// принято с порта: 55 байт

01 00 37 00 FF FF FF FF FF FF FF FF FF FF FF FF FF FF FF FF FF FF FF FF FF FF FF FF FF FF FF FF FF FF FF FF FF FF FF FF FF FF FF FF FF FF FF FF FF FF FF FF FF CD A1   // прием: 55 байт; 18:47:53:609 09.06.2023
// таймаут: 82 мсек

Чтение графика опроса счетчиков: 100 %
Запись графика опроса счетчиков

CA E0 EB FE EC ED FB 20 


00 00 39 00 FF 49 00 FF FF FF FF FF FF FF FF FF FF FF FF FF FF FF FF FF FF FF FF FF FF FF FF FF FF FF FF FF FF FF FF FF FF FF FF FF FF FF FF FF FF FF FF FF FF FF FF 17 CB   // передача: 57 байт; 18:48:22:622 09.06.2023
// приём по количеству байт: 9 из 9
// принято с порта: 9 байт

01 00 09 00 FF 00 00 E7 F1   // прием: 9 байт; 18:48:22:708 09.06.2023
// таймаут: 86 мсек

Запись графика опроса счетчиков: 25 %

CA E0 EB FE EC ED FB 20 


00 00 39 00 FF 49 01 FF FF FF FF FF FF FF FF FF FF FF FF FF FF FF FF FF FF FF FF FF FF FF FF FF FF FF FF FF FF FF FF FF FF FF FF FF FF 00 00 00 00 00 00 00 00 00 00 0A A5   // передача: 57 байт; 18:48:22:710 09.06.2023
// приём по количеству байт: 9 из 9
// принято с порта: 9 байт

01 00 09 00 FF 00 00 E7 F1   // прием: 9 байт; 18:48:22:796 09.06.2023
// таймаут: 86 мсек

Запись графика опроса счетчиков: 50 %

CA E0 EB FE EC ED FB 20 


00 00 39 00 FF 49 02 FF FF FF FF FF FF FF FF FF FF FF FF FF FF FF FF FF FF FF FF FF FF FF FF FF FF FF FF FF FF FF FF FF FF FF FF FF FF FF FF FF FF FF FF FF FF FF FF 4C 51   // передача: 57 байт; 18:48:22:798 09.06.2023
// приём по количеству байт: 9 из 9
// принято с порта: 9 байт

01 00 09 00 FF 00 00 E7 F1   // прием: 9 байт; 18:48:22:885 09.06.2023
// таймаут: 87 мсек

Запись графика опроса счетчиков: 75 %

CA E0 EB FE EC ED FB 20 


00 00 39 00 FF 49 03 FF FF FF FF FF FF FF FF FF FF FF FF FF FF FF FF FF FF FF FF FF FF FF FF FF FF FF FF FF FF FF FF FF FF FF FF FF FF FF FF FF FF FF FF FF FF FF FF 60 BC   // передача: 57 байт; 18:48:22:887 09.06.2023
// приём по количеству байт: 9 из 9
// принято с порта: 9 байт

01 00 09 00 FF 00 00 E7 F1   // прием: 9 байт; 18:48:22:973 09.06.2023
// таймаут: 86 мсек

Запись графика опроса счетчиков: 100 %

// О программе
