OnTapiStatus event
событие: Dialing... 5997499
OnTapiStatus event
событие: Proceeding... 5997499
OnTapiStatus event
Last event
OnTapiPortOpen event
OnTapiConnect event
установлено соединение на скорости 9600

CA E0 EB FE EC ED FB 20 

00 00 07 00 F7 D4 47   // передача: 7 байт; 11:20:14:560 22.04.2018
// приём по таймауту: 5000 мс
// принято с порта: 0 байт
повтор: 1

CA E0 EB FE EC ED FB 20 

00 00 07 00 F7 D4 47   // передача: 7 байт; 11:20:19:570 22.04.2018



1A   // передача: 1 байт; 11:20:22:863 22.04.2018



1A   // передача: 1 байт; 11:20:23:223 22.04.2018

CA E0 EB FE EC ED FB 20 

00 00 07 00 F7 D4 47   // передача: 7 байт; 11:20:24:073 22.04.2018
// приём по таймауту: 5000 мс
// принято с порта: 0 байт
повтор: 2

CA E0 EB FE EC ED FB 20 

00 00 07 00 F7 D4 47   // передача: 7 байт; 11:20:29:090 22.04.2018

CA E0 EB FE EC ED FB 20 

00 00 07 00 F7 D4 47   // передача: 7 байт; 11:20:29:150 22.04.2018

CA E0 EB FE EC ED FB 20 

00 00 07 00 F7 D4 47   // передача: 7 байт; 11:20:30:120 22.04.2018

CA E0 EB FE EC ED FB 20 

00 00 07 00 F7 D4 47   // передача: 7 байт; 11:20:30:820 22.04.2018

CA E0 EB FE EC ED FB 20 

00 00 07 00 F7 D4 47   // передача: 7 байт; 11:20:31:280 22.04.2018

CA E0 EB FE EC ED FB 20 

00 00 07 00 F7 D4 47   // передача: 7 байт; 11:20:31:620 22.04.2018

CA E0 EB FE EC ED FB 20 

00 00 07 00 F7 D4 47   // передача: 7 байт; 11:20:31:910 22.04.2018

CA E0 EB FE EC ED FB 20 

00 00 07 00 F7 D4 47   // передача: 7 байт; 11:20:32:480 22.04.2018

CA E0 EB FE EC ED FB 20 

00 00 07 00 F7 D4 47   // передача: 7 байт; 11:20:32:760 22.04.2018

CA E0 EB FE EC ED FB 20 

00 00 07 00 F7 D4 47   // передача: 7 байт; 11:20:32:990 22.04.2018

CA E0 EB FE EC ED FB 20 

00 00 07 00 F7 D4 47   // передача: 7 байт; 11:20:33:200 22.04.2018

CA E0 EB FE EC ED FB 20 

00 00 07 00 F7 D4 47   // передача: 7 байт; 11:20:33:720 22.04.2018

CA E0 EB FE EC ED FB 20 

00 00 07 00 F7 D4 47   // передача: 7 байт; 11:20:33:960 22.04.2018

CA E0 EB FE EC ED FB 20 

00 00 07 00 F7 D4 47   // передача: 7 байт; 11:20:34:180 22.04.2018

CA E0 EB FE EC ED FB 20 

00 00 07 00 F7 D4 47   // передача: 7 байт; 11:20:34:420 22.04.2018

CA E0 EB FE EC ED FB 20 

00 00 07 00 F7 D4 47   // передача: 7 байт; 11:20:34:670 22.04.2018

CA E0 EB FE EC ED FB 20 

00 00 07 00 F7 D4 47   // передача: 7 байт; 11:20:34:990 22.04.2018

CA E0 EB FE EC ED FB 20 

00 00 07 00 F7 D4 47   // передача: 7 байт; 11:20:35:270 22.04.2018

CA E0 EB FE EC ED FB 20 

00 00 07 00 F7 D4 47   // передача: 7 байт; 11:20:35:490 22.04.2018

CA E0 EB FE EC ED FB 20 

00 00 07 00 F7 D4 47   // передача: 7 байт; 11:20:35:730 22.04.2018

CA E0 EB FE EC ED FB 20 

00 00 07 00 F7 D4 47   // передача: 7 байт; 11:20:35:960 22.04.2018

CA E0 EB FE EC ED FB 20 

00 00 07 00 F7 D4 47   // передача: 7 байт; 11:20:36:560 22.04.2018

CA E0 EB FE EC ED FB 20 

00 00 07 00 F7 D4 47   // передача: 7 байт; 11:20:36:850 22.04.2018

CA E0 EB FE EC ED FB 20 

00 00 07 00 F7 D4 47   // передача: 7 байт; 11:20:37:110 22.04.2018

CA E0 EB FE EC ED FB 20 

00 00 07 00 F7 D4 47   // передача: 7 байт; 11:20:37:440 22.04.2018

CA E0 EB FE EC ED FB 20 

00 00 07 00 F7 D4 47   // передача: 7 байт; 11:20:37:730 22.04.2018

CA E0 EB FE EC ED FB 20 

00 00 07 00 F7 D4 47   // передача: 7 байт; 11:20:38:200 22.04.2018

CA E0 EB FE EC ED FB 20 

00 00 07 00 F7 D4 47   // передача: 7 байт; 11:20:38:400 22.04.2018


00 00 07 00 F7 D4 47   // передача: 7 байт; 11:20:40:534 22.04.2018


55 00 00 11 FF F0 00 00 07 00 F7 D4 47 21 B3 8C 7D   // передача: 17 байт; 11:20:40:534 22.04.2018


00 00 07 00 F7 D4 47   // передача: 7 байт; 11:20:42:024 22.04.2018


55 00 00 11 FF F0 00 00 07 00 F7 D4 47 21 B3 8C 7D   // передача: 17 байт; 11:20:42:024 22.04.2018



1B 41   // передача: 2 байт; 11:20:44:766 22.04.2018



1A   // передача: 1 байт; 11:20:45:946 22.04.2018


00 00 07 00 F7 D4 47   // передача: 7 байт; 11:20:47:398 22.04.2018


55 00 00 11 FF F0 00 00 07 00 F7 D4 47 21 B3 8C 7D   // передача: 17 байт; 11:20:47:398 22.04.2018
// приём по таймауту: 5000 мс
// принято с порта: 0 байт
OnTapiStatus event
событие: Call disconnected (Normal Hangup by Remote) 5997499
OnTapiStatus event
событие: Line is idle 5997499
OnTapiPortClose event

// О программе
