
CA E0 EB FE EC ED FB 20 

00 00 07 00 F7 D4 47   // передача: 7 байт; 20:58:33:537 07.03.2018
// приём по таймауту: 1000 мс
// принято с порта: 0 байт
повтор: 1

CA E0 EB FE EC ED FB 20 

00 00 07 00 F7 D4 47   // передача: 7 байт; 20:58:34:537 07.03.2018

CA E0 EB FE EC ED FB 20 

00 00 07 00 F7 D4 47   // передача: 7 байт; 20:58:34:767 07.03.2018
// приём по таймауту: 1000 мс
// принято с порта: 0 байт
повтор: 2

CA E0 EB FE EC ED FB 20 

00 00 07 00 F7 D4 47   // передача: 7 байт; 20:58:35:787 07.03.2018

CA E0 EB FE EC ED FB 20 

00 00 07 00 F7 D4 47   // передача: 7 байт; 20:58:36:357 07.03.2018
// приём по таймауту: 1000 мс
// принято с порта: 0 байт
повтор: 3

CA E0 EB FE EC ED FB 20 

00 00 07 00 F7 D4 47   // передача: 7 байт; 20:58:37:377 07.03.2018
// приём по таймауту: 1000 мс
// принято с порта: 0 байт
повтор: 4

CA E0 EB FE EC ED FB 20 

00 00 07 00 F7 D4 47   // передача: 7 байт; 20:58:38:387 07.03.2018
// приём по таймауту: 1000 мс
// принято с порта: 0 байт
повтор: 5

CA E0 EB FE EC ED FB 20 

00 00 07 00 F7 D4 47   // передача: 7 байт; 20:58:39:397 07.03.2018
// приём по таймауту: 1000 мс
// принято с порта: 0 байт



1A   // передача: 1 байт; 20:58:42:767 07.03.2018
// приём по количеству байт: 4 из 0
// принято с порта: 4 байт

4F 4B 0D 0A   // прием: 4 байт; 20:58:42:807 07.03.2018
// таймаут: 40 мсек




1A   // передача: 1 байт; 20:58:43:427 07.03.2018



1A   // передача: 1 байт; 20:58:43:887 07.03.2018



1B 41   // передача: 2 байт; 20:58:45:217 07.03.2018



1B 41   // передача: 2 байт; 20:58:46:017 07.03.2018



1B 41   // передача: 2 байт; 20:58:46:567 07.03.2018



1B 41   // передача: 2 байт; 20:58:47:057 07.03.2018



1B 41   // передача: 2 байт; 20:58:47:697 07.03.2018



1B 41   // передача: 2 байт; 20:58:48:267 07.03.2018

CA E0 EB FE EC ED FB 20 

00 00 07 00 F7 D4 47   // передача: 7 байт; 20:58:49:197 07.03.2018
// приём по количеству байт: 39 из 39
// принято с порта: 39 байт

01 00 27 00 F7 D2 E5 EA F3 F9 E5 E5 20 E2 F0 E5 EC FF 20 20 20 20 20 20 20 32 30 3A 35 38 3A 33 31 00 20 20 20 75 62   // прием: 39 байт; 20:58:49:277 07.03.2018
// таймаут: 80 мсек

Текущее время   
    20:58:31    

CA E0 EB FE EC ED FB 20 

00 00 08 00 F6 0C 45 DE   // передача: 8 байт; 20:58:50:347 07.03.2018
// приём по количеству байт: 9 из 9
// принято с порта: 9 байт

01 00 09 00 F6 00 00 37 F3   // прием: 9 байт; 20:58:50:397 07.03.2018
// таймаут: 50 мсек


CA E0 EB FE EC ED FB 20 

00 00 07 00 F7 D4 47   // передача: 7 байт; 20:58:50:397 07.03.2018
// приём по количеству байт: 39 из 39
// принято с порта: 39 байт

01 00 27 00 F7 CF F0 EE E3 F0 E0 EC EC E0 20 3F 20 20 20 20 20 3E 5F 5F 5F 20 20 20 20 20 20 20 20 20 20 20 20 5B EF   // прием: 39 байт; 20:58:50:487 07.03.2018
// таймаут: 90 мсек

Программа ?     
>___            

// О программе
