Событие: Connecting to 128.65.41.5.   // 18:50:54:320 09.12.2021
Событие: Connected.   // 18:50:56:537 09.12.2021
Установлено соединение c сокетом: 128.65.41.5:2305   // 18:50:56:538 09.12.2021
Чтение коэффициентов


00 00 07 00 1E 15 C9   // передача: 7 байт; 18:51:00:252 09.12.2021


55 00 00 11 FF F0 00 00 07 00 1E 15 C9 21 B3 8C 7D   // передача: 17 байт; 18:51:00:252 09.12.2021
// принято 263 байт (доступно 263 из 263 байт)   // 18:51:04:239 09.12.2021
// принято с сокета: 263 байт

01 00 07 01 1E 43 96 00 00 43 96 00 00 43 96 00 00 43 96 00 00 43 96 00 00 43 96 00 00 43 96 00 00 43 96 00 00 3F 80 00 00 3F 80 00 00 3F 80 00 00 3F 80 00 00 3F 80 00 00 3F 80 00 00 3F 80 00 00 3F 80 00 00 3F 80 00 00 3F 80 00 00 3F 80 00 00 3F 80 00 00 3F 80 00 00 3F 80 00 00 3F 80 00 00 3F 80 00 00 3F 80 00 00 3F 80 00 00 3F 80 00 00 3F 80 00 00 3F 80 00 00 3F 80 00 00 3F 80 00 00 3F 80 00 00 3F 80 00 00 3F 80 00 00 3F 80 00 00 3F 80 00 00 3F 80 00 00 3F 80 00 00 3F 80 00 00 3F 80 00 00 3F 80 00 00 3F 80 00 00 3F 80 00 00 3F 80 00 00 3F 80 00 00 3F 80 00 00 3F 80 00 00 3F 80 00 00 3F 80 00 00 3F 80 00 00 3F 80 00 00 3F 80 00 00 3F 80 00 00 3F 80 00 00 3F 80 00 00 3F 80 00 00 3F 80 00 00 3F 80 00 00 3F 80 00 00 3F 80 00 00 3F 80 00 00 3F 80 00 00 3F 80 00 00 3F 80 00 00 2A 1B   // прием: 263 байт; 18:51:04:248 09.12.2021
// таймаут: 3996 мсек

1   : 300,000
2   : 300,000
3   : 300,000
4   : 300,000
5   : 300,000
6   : 300,000
7   : 300,000
8   : 300,000
9   : 1,000
10  : 1,000
11  : 1,000
12  : 1,000
13  : 1,000
14  : 1,000
15  : 1,000
16  : 1,000
17  : 1,000
18  : 1,000
19  : 1,000
20  : 1,000
21  : 1,000
22  : 1,000
23  : 1,000
24  : 1,000
25  : 1,000
26  : 1,000
27  : 1,000
28  : 1,000
29  : 1,000
30  : 1,000
31  : 1,000
32  : 1,000
33  : 1,000
34  : 1,000
35  : 1,000
36  : 1,000
37  : 1,000
38  : 1,000
39  : 1,000
40  : 1,000
41  : 1,000
42  : 1,000
43  : 1,000
44  : 1,000
45  : 1,000
46  : 1,000
47  : 1,000
48  : 1,000
49  : 1,000
50  : 1,000
51  : 1,000
52  : 1,000
53  : 1,000
54  : 1,000
55  : 1,000
56  : 1,000
57  : 1,000
58  : 1,000
59  : 1,000
60  : 1,000
61  : 1,000
62  : 1,000
63  : 1,000
64  : 1,000
Чтение коэффициентов: 20 %


00 00 07 00 22 15 D8   // передача: 7 байт; 18:51:04:876 09.12.2021


55 00 00 11 FF F0 00 00 07 00 22 15 D8 21 B3 8C 7D   // передача: 17 байт; 18:51:04:906 09.12.2021
// принято 263 байт (доступно 263 из 263 байт)   // 18:51:07:608 09.12.2021
// принято с сокета: 263 байт

01 00 07 01 22 45 9C 40 00 45 9C 40 00 45 9C 40 00 45 9C 40 00 45 9C 40 00 45 9C 40 00 45 9C 40 00 45 9C 40 00 45 9C 40 00 45 9C 40 00 45 9C 40 00 45 9C 40 00 46 1C 40 00 46 1C 40 00 44 7A 00 00 44 7A 00 00 3F 80 00 00 3F 80 00 00 3F 80 00 00 3F 80 00 00 3F 80 00 00 3F 80 00 00 3F 80 00 00 3F 80 00 00 3F 80 00 00 3F 80 00 00 3F 80 00 00 3F 80 00 00 3F 80 00 00 3F 80 00 00 3F 80 00 00 3F 80 00 00 3F 80 00 00 3F 80 00 00 3F 80 00 00 3F 80 00 00 3F 80 00 00 3F 80 00 00 3F 80 00 00 3F 80 00 00 3F 80 00 00 3F 80 00 00 3F 80 00 00 3F 80 00 00 3F 80 00 00 3F 80 00 00 3F 80 00 00 3F 80 00 00 3F 80 00 00 3F 80 00 00 3F 80 00 00 3F 80 00 00 3F 80 00 00 3F 80 00 00 3F 80 00 00 3F 80 00 00 3F 80 00 00 3F 80 00 00 3F 80 00 00 3F 80 00 00 3F 80 00 00 3F 80 00 00 3F 80 00 00 3F 80 00 00 AA 7F   // прием: 263 байт; 18:51:07:636 09.12.2021
// таймаут: 2730 мсек

1   : 5000,000
2   : 5000,000
3   : 5000,000
4   : 5000,000
5   : 5000,000
6   : 5000,000
7   : 5000,000
8   : 5000,000
9   : 5000,000
10  : 5000,000
11  : 5000,000
12  : 5000,000
13  : 10000,000
14  : 10000,000
15  : 1000,000
16  : 1000,000
17  : 1,000
18  : 1,000
19  : 1,000
20  : 1,000
21  : 1,000
22  : 1,000
23  : 1,000
24  : 1,000
25  : 1,000
26  : 1,000
27  : 1,000
28  : 1,000
29  : 1,000
30  : 1,000
31  : 1,000
32  : 1,000
33  : 1,000
34  : 1,000
35  : 1,000
36  : 1,000
37  : 1,000
38  : 1,000
39  : 1,000
40  : 1,000
41  : 1,000
42  : 1,000
43  : 1,000
44  : 1,000
45  : 1,000
46  : 1,000
47  : 1,000
48  : 1,000
49  : 1,000
50  : 1,000
51  : 1,000
52  : 1,000
53  : 1,000
54  : 1,000
55  : 1,000
56  : 1,000
57  : 1,000
58  : 1,000
59  : 1,000
60  : 1,000
61  : 1,000
62  : 1,000
63  : 1,000
64  : 1,000
Чтение коэффициентов: 40 %


00 00 07 00 28 95 DF   // передача: 7 байт; 18:51:08:325 09.12.2021


55 00 00 11 FF F0 00 00 07 00 28 95 DF 21 B3 8C 7D   // передача: 17 байт; 18:51:08:350 09.12.2021
// принято 263 байт (доступно 263 из 263 байт)   // 18:51:08:774 09.12.2021
// принято с сокета: 263 байт

01 00 07 01 28 00 00 00 00 00 00 00 00 00 00 00 00 00 00 00 00 00 00 00 00 00 00 00 00 00 00 00 00 00 00 00 00 00 00 00 00 00 00 00 00 00 00 00 00 00 00 00 00 00 00 00 00 00 00 00 00 00 00 00 00 00 00 00 00 00 00 00 00 00 00 00 00 00 00 00 00 00 00 00 00 00 00 00 00 00 00 00 00 00 00 00 00 00 00 00 00 00 00 00 00 00 00 00 00 00 00 00 00 00 00 00 00 00 00 00 00 00 00 00 00 00 00 00 00 00 00 00 00 00 00 00 00 00 00 00 00 00 00 00 00 00 00 00 00 00 00 00 00 00 00 00 00 00 00 00 00 00 00 00 00 00 00 00 00 00 00 00 00 00 00 00 00 00 00 00 00 00 00 00 00 00 00 00 00 00 00 00 00 00 00 00 00 00 00 00 00 00 00 00 00 00 00 00 00 00 00 00 00 00 00 00 00 00 00 00 00 00 00 00 00 00 00 00 00 00 00 00 00 00 00 00 00 00 00 00 00 00 00 00 00 00 00 00 00 00 00 00 00 00 00 00 00 00 00 00 00 5E C9   // прием: 263 байт; 18:51:08:798 09.12.2021
// таймаут: 448 мсек

1   : 0,000
2   : 0,000
3   : 0,000
4   : 0,000
5   : 0,000
6   : 0,000
7   : 0,000
8   : 0,000
9   : 0,000
10  : 0,000
11  : 0,000
12  : 0,000
13  : 0,000
14  : 0,000
15  : 0,000
16  : 0,000
17  : 0,000
18  : 0,000
19  : 0,000
20  : 0,000
21  : 0,000
22  : 0,000
23  : 0,000
24  : 0,000
25  : 0,000
26  : 0,000
27  : 0,000
28  : 0,000
29  : 0,000
30  : 0,000
31  : 0,000
32  : 0,000
33  : 0,000
34  : 0,000
35  : 0,000
36  : 0,000
37  : 0,000
38  : 0,000
39  : 0,000
40  : 0,000
41  : 0,000
42  : 0,000
43  : 0,000
44  : 0,000
45  : 0,000
46  : 0,000
47  : 0,000
48  : 0,000
49  : 0,000
50  : 0,000
51  : 0,000
52  : 0,000
53  : 0,000
54  : 0,000
55  : 0,000
56  : 0,000
57  : 0,000
58  : 0,000
59  : 0,000
60  : 0,000
61  : 0,000
62  : 0,000
63  : 0,000
64  : 0,000
Чтение коэффициентов: 60 %


00 00 07 00 26 14 1B   // передача: 7 байт; 18:51:09:432 09.12.2021


55 00 00 11 FF F0 00 00 07 00 26 14 1B 21 B3 8C 7D   // передача: 17 байт; 18:51:09:461 09.12.2021
// принято 263 байт (доступно 263 из 263 байт)   // 18:51:09:947 09.12.2021
// принято с сокета: 263 байт

01 00 07 01 26 00 00 00 00 00 00 00 00 00 00 00 00 00 00 00 00 00 00 00 00 00 00 00 00 00 00 00 00 00 00 00 00 00 00 00 00 00 00 00 00 00 00 00 00 00 00 00 00 00 00 00 00 00 00 00 00 00 00 00 00 00 00 00 00 00 00 00 00 00 00 00 00 00 00 00 00 00 00 00 00 00 00 00 00 00 00 00 00 00 00 00 00 00 00 00 00 00 00 00 00 00 00 00 00 00 00 00 00 00 00 00 00 00 00 00 00 00 00 00 00 00 00 00 00 00 00 00 00 00 00 00 00 00 00 00 00 00 00 00 00 00 00 00 00 00 00 00 00 00 00 00 00 00 00 00 00 00 00 00 00 00 00 00 00 00 00 00 00 00 00 00 00 00 00 00 00 00 00 00 00 00 00 00 00 00 00 00 00 00 00 00 00 00 00 00 00 00 00 00 00 00 00 00 00 00 00 00 00 00 00 00 00 00 00 00 00 00 00 00 00 00 00 00 00 00 00 00 00 00 00 00 00 00 00 00 00 00 00 00 00 00 00 00 00 00 00 00 00 00 00 00 00 00 00 00 00 32 A8   // прием: 263 байт; 18:51:09:972 09.12.2021
// таймаут: 511 мсек

1   : 0,000
2   : 0,000
3   : 0,000
4   : 0,000
5   : 0,000
6   : 0,000
7   : 0,000
8   : 0,000
9   : 0,000
10  : 0,000
11  : 0,000
12  : 0,000
13  : 0,000
14  : 0,000
15  : 0,000
16  : 0,000
17  : 0,000
18  : 0,000
19  : 0,000
20  : 0,000
21  : 0,000
22  : 0,000
23  : 0,000
24  : 0,000
25  : 0,000
26  : 0,000
27  : 0,000
28  : 0,000
29  : 0,000
30  : 0,000
31  : 0,000
32  : 0,000
33  : 0,000
34  : 0,000
35  : 0,000
36  : 0,000
37  : 0,000
38  : 0,000
39  : 0,000
40  : 0,000
41  : 0,000
42  : 0,000
43  : 0,000
44  : 0,000
45  : 0,000
46  : 0,000
47  : 0,000
48  : 0,000
49  : 0,000
50  : 0,000
51  : 0,000
52  : 0,000
53  : 0,000
54  : 0,000
55  : 0,000
56  : 0,000
57  : 0,000
58  : 0,000
59  : 0,000
60  : 0,000
61  : 0,000
62  : 0,000
63  : 0,000
64  : 0,000
Чтение коэффициентов: 80 %


00 00 08 00 2A 00 1D 1B   // передача: 8 байт; 18:51:10:587 09.12.2021


55 00 00 12 FF F0 00 00 08 00 2A 00 1D 1B 21 B3 05 B9   // передача: 18 байт; 18:51:10:610 09.12.2021
// принято 12 байт (доступно 12 из 12 байт)   // 18:51:10:790 09.12.2021
// принято с сокета: 12 байт

01 00 0C 00 2A 03 00 1C 04 00 A1 5B   // прием: 12 байт; 18:51:10:813 09.12.2021
// таймаут: 203 мсек

1   : 04.00.028.04.01
Чтение коэффициентов: 80 %


00 00 08 00 2A 01 DC DB   // передача: 8 байт; 18:51:10:878 09.12.2021


55 00 00 12 FF F0 00 00 08 00 2A 01 DC DB 21 B3 05 B9   // передача: 18 байт; 18:51:10:904 09.12.2021
// принято 12 байт (доступно 12 из 12 байт)   // 18:51:11:130 09.12.2021
// принято с сокета: 12 байт

01 00 0C 00 2A 03 00 1C 04 01 60 9B   // прием: 12 байт; 18:51:11:158 09.12.2021
// таймаут: 254 мсек

2   : 04.00.028.04.02
Чтение коэффициентов: 80 %


00 00 08 00 2A 02 9C DA   // передача: 8 байт; 18:51:11:231 09.12.2021


55 00 00 12 FF F0 00 00 08 00 2A 02 9C DA 21 B3 05 B9   // передача: 18 байт; 18:51:11:261 09.12.2021



1A   // передача: 1 байт; 18:51:11:309 09.12.2021
// принято 12 байт (доступно 12 из 0 байт)   // 18:51:11:469 09.12.2021
// принято с сокета: 12 байт

01 00 0C 00 2A 03 00 1C 04 02 20 9A   // прием: 12 байт; 18:51:11:499 09.12.2021
// таймаут: 190 мсек

// приём по таймауту: 5000 мс
// принято с сокета: 0 байт
Чтение коэффициентов


00 00 07 00 1E 15 C9   // передача: 7 байт; 18:51:19:295 09.12.2021


55 00 00 11 FF F0 00 00 07 00 1E 15 C9 21 B3 8C 7D   // передача: 17 байт; 18:51:19:295 09.12.2021
// принято 263 байт (доступно 263 из 263 байт)   // 18:51:19:779 09.12.2021
// принято с сокета: 263 байт

01 00 07 01 1E 43 96 00 00 43 96 00 00 43 96 00 00 43 96 00 00 43 96 00 00 43 96 00 00 43 96 00 00 43 96 00 00 3F 80 00 00 3F 80 00 00 3F 80 00 00 3F 80 00 00 3F 80 00 00 3F 80 00 00 3F 80 00 00 3F 80 00 00 3F 80 00 00 3F 80 00 00 3F 80 00 00 3F 80 00 00 3F 80 00 00 3F 80 00 00 3F 80 00 00 3F 80 00 00 3F 80 00 00 3F 80 00 00 3F 80 00 00 3F 80 00 00 3F 80 00 00 3F 80 00 00 3F 80 00 00 3F 80 00 00 3F 80 00 00 3F 80 00 00 3F 80 00 00 3F 80 00 00 3F 80 00 00 3F 80 00 00 3F 80 00 00 3F 80 00 00 3F 80 00 00 3F 80 00 00 3F 80 00 00 3F 80 00 00 3F 80 00 00 3F 80 00 00 3F 80 00 00 3F 80 00 00 3F 80 00 00 3F 80 00 00 3F 80 00 00 3F 80 00 00 3F 80 00 00 3F 80 00 00 3F 80 00 00 3F 80 00 00 3F 80 00 00 3F 80 00 00 3F 80 00 00 3F 80 00 00 3F 80 00 00 3F 80 00 00 3F 80 00 00 3F 80 00 00 2A 1B   // прием: 263 байт; 18:51:19:779 09.12.2021
// таймаут: 484 мсек

1   : 300,000
2   : 300,000
3   : 300,000
4   : 300,000
5   : 300,000
6   : 300,000
7   : 300,000
8   : 300,000
9   : 1,000
10  : 1,000
11  : 1,000
12  : 1,000
13  : 1,000
14  : 1,000
15  : 1,000
16  : 1,000
17  : 1,000
18  : 1,000
19  : 1,000
20  : 1,000
21  : 1,000
22  : 1,000
23  : 1,000
24  : 1,000
25  : 1,000
26  : 1,000
27  : 1,000
28  : 1,000
29  : 1,000
30  : 1,000
31  : 1,000
32  : 1,000
33  : 1,000
34  : 1,000
35  : 1,000
36  : 1,000
37  : 1,000
38  : 1,000
39  : 1,000
40  : 1,000
41  : 1,000
42  : 1,000
43  : 1,000
44  : 1,000
45  : 1,000
46  : 1,000
47  : 1,000
48  : 1,000
49  : 1,000
50  : 1,000
51  : 1,000
52  : 1,000
53  : 1,000
54  : 1,000
55  : 1,000
56  : 1,000
57  : 1,000
58  : 1,000
59  : 1,000
60  : 1,000
61  : 1,000
62  : 1,000
63  : 1,000
64  : 1,000
Чтение коэффициентов: 20 %


00 00 07 00 22 15 D8   // передача: 7 байт; 18:51:19:786 09.12.2021


55 00 00 11 FF F0 00 00 07 00 22 15 D8 21 B3 8C 7D   // передача: 17 байт; 18:51:19:787 09.12.2021
// принято 263 байт (доступно 263 из 263 байт)   // 18:51:20:358 09.12.2021
// принято с сокета: 263 байт

01 00 07 01 22 45 9C 40 00 45 9C 40 00 45 9C 40 00 45 9C 40 00 45 9C 40 00 45 9C 40 00 45 9C 40 00 45 9C 40 00 45 9C 40 00 45 9C 40 00 45 9C 40 00 45 9C 40 00 46 1C 40 00 46 1C 40 00 44 7A 00 00 44 7A 00 00 3F 80 00 00 3F 80 00 00 3F 80 00 00 3F 80 00 00 3F 80 00 00 3F 80 00 00 3F 80 00 00 3F 80 00 00 3F 80 00 00 3F 80 00 00 3F 80 00 00 3F 80 00 00 3F 80 00 00 3F 80 00 00 3F 80 00 00 3F 80 00 00 3F 80 00 00 3F 80 00 00 3F 80 00 00 3F 80 00 00 3F 80 00 00 3F 80 00 00 3F 80 00 00 3F 80 00 00 3F 80 00 00 3F 80 00 00 3F 80 00 00 3F 80 00 00 3F 80 00 00 3F 80 00 00 3F 80 00 00 3F 80 00 00 3F 80 00 00 3F 80 00 00 3F 80 00 00 3F 80 00 00 3F 80 00 00 3F 80 00 00 3F 80 00 00 3F 80 00 00 3F 80 00 00 3F 80 00 00 3F 80 00 00 3F 80 00 00 3F 80 00 00 3F 80 00 00 3F 80 00 00 3F 80 00 00 AA 7F   // прием: 263 байт; 18:51:20:358 09.12.2021
// таймаут: 571 мсек

1   : 5000,000
2   : 5000,000
3   : 5000,000
4   : 5000,000
5   : 5000,000
6   : 5000,000
7   : 5000,000
8   : 5000,000
9   : 5000,000
10  : 5000,000
11  : 5000,000
12  : 5000,000
13  : 10000,000
14  : 10000,000
15  : 1000,000
16  : 1000,000
17  : 1,000
18  : 1,000
19  : 1,000
20  : 1,000
21  : 1,000
22  : 1,000
23  : 1,000
24  : 1,000
25  : 1,000
26  : 1,000
27  : 1,000
28  : 1,000
29  : 1,000
30  : 1,000
31  : 1,000
32  : 1,000
33  : 1,000
34  : 1,000
35  : 1,000
36  : 1,000
37  : 1,000
38  : 1,000
39  : 1,000
40  : 1,000
41  : 1,000
42  : 1,000
43  : 1,000
44  : 1,000
45  : 1,000
46  : 1,000
47  : 1,000
48  : 1,000
49  : 1,000
50  : 1,000
51  : 1,000
52  : 1,000
53  : 1,000
54  : 1,000
55  : 1,000
56  : 1,000
57  : 1,000
58  : 1,000
59  : 1,000
60  : 1,000
61  : 1,000
62  : 1,000
63  : 1,000
64  : 1,000
Чтение коэффициентов: 40 %


00 00 07 00 28 95 DF   // передача: 7 байт; 18:51:20:365 09.12.2021


55 00 00 11 FF F0 00 00 07 00 28 95 DF 21 B3 8C 7D   // передача: 17 байт; 18:51:20:365 09.12.2021
// принято 263 байт (доступно 263 из 263 байт)   // 18:51:20:914 09.12.2021
// принято с сокета: 263 байт

01 00 07 01 28 00 00 00 00 00 00 00 00 00 00 00 00 00 00 00 00 00 00 00 00 00 00 00 00 00 00 00 00 00 00 00 00 00 00 00 00 00 00 00 00 00 00 00 00 00 00 00 00 00 00 00 00 00 00 00 00 00 00 00 00 00 00 00 00 00 00 00 00 00 00 00 00 00 00 00 00 00 00 00 00 00 00 00 00 00 00 00 00 00 00 00 00 00 00 00 00 00 00 00 00 00 00 00 00 00 00 00 00 00 00 00 00 00 00 00 00 00 00 00 00 00 00 00 00 00 00 00 00 00 00 00 00 00 00 00 00 00 00 00 00 00 00 00 00 00 00 00 00 00 00 00 00 00 00 00 00 00 00 00 00 00 00 00 00 00 00 00 00 00 00 00 00 00 00 00 00 00 00 00 00 00 00 00 00 00 00 00 00 00 00 00 00 00 00 00 00 00 00 00 00 00 00 00 00 00 00 00 00 00 00 00 00 00 00 00 00 00 00 00 00 00 00 00 00 00 00 00 00 00 00 00 00 00 00 00 00 00 00 00 00 00 00 00 00 00 00 00 00 00 00 00 00 00 00 00 00 5E C9   // прием: 263 байт; 18:51:20:915 09.12.2021
// таймаут: 550 мсек

1   : 0,000
2   : 0,000
3   : 0,000
4   : 0,000
5   : 0,000
6   : 0,000
7   : 0,000
8   : 0,000
9   : 0,000
10  : 0,000
11  : 0,000
12  : 0,000
13  : 0,000
14  : 0,000
15  : 0,000
16  : 0,000
17  : 0,000
18  : 0,000
19  : 0,000
20  : 0,000
21  : 0,000
22  : 0,000
23  : 0,000
24  : 0,000
25  : 0,000
26  : 0,000
27  : 0,000
28  : 0,000
29  : 0,000
30  : 0,000
31  : 0,000
32  : 0,000
33  : 0,000
34  : 0,000
35  : 0,000
36  : 0,000
37  : 0,000
38  : 0,000
39  : 0,000
40  : 0,000
41  : 0,000
42  : 0,000
43  : 0,000
44  : 0,000
45  : 0,000
46  : 0,000
47  : 0,000
48  : 0,000
49  : 0,000
50  : 0,000
51  : 0,000
52  : 0,000
53  : 0,000
54  : 0,000
55  : 0,000
56  : 0,000
57  : 0,000
58  : 0,000
59  : 0,000
60  : 0,000
61  : 0,000
62  : 0,000
63  : 0,000
64  : 0,000
Чтение коэффициентов: 60 %


00 00 07 00 26 14 1B   // передача: 7 байт; 18:51:20:922 09.12.2021


55 00 00 11 FF F0 00 00 07 00 26 14 1B 21 B3 8C 7D   // передача: 17 байт; 18:51:20:922 09.12.2021
// принято 263 байт (доступно 263 из 263 байт)   // 18:51:21:503 09.12.2021
// принято с сокета: 263 байт

01 00 07 01 26 00 00 00 00 00 00 00 00 00 00 00 00 00 00 00 00 00 00 00 00 00 00 00 00 00 00 00 00 00 00 00 00 00 00 00 00 00 00 00 00 00 00 00 00 00 00 00 00 00 00 00 00 00 00 00 00 00 00 00 00 00 00 00 00 00 00 00 00 00 00 00 00 00 00 00 00 00 00 00 00 00 00 00 00 00 00 00 00 00 00 00 00 00 00 00 00 00 00 00 00 00 00 00 00 00 00 00 00 00 00 00 00 00 00 00 00 00 00 00 00 00 00 00 00 00 00 00 00 00 00 00 00 00 00 00 00 00 00 00 00 00 00 00 00 00 00 00 00 00 00 00 00 00 00 00 00 00 00 00 00 00 00 00 00 00 00 00 00 00 00 00 00 00 00 00 00 00 00 00 00 00 00 00 00 00 00 00 00 00 00 00 00 00 00 00 00 00 00 00 00 00 00 00 00 00 00 00 00 00 00 00 00 00 00 00 00 00 00 00 00 00 00 00 00 00 00 00 00 00 00 00 00 00 00 00 00 00 00 00 00 00 00 00 00 00 00 00 00 00 00 00 00 00 00 00 00 32 A8   // прием: 263 байт; 18:51:21:503 09.12.2021
// таймаут: 581 мсек

1   : 0,000
2   : 0,000
3   : 0,000
4   : 0,000
5   : 0,000
6   : 0,000
7   : 0,000
8   : 0,000
9   : 0,000
10  : 0,000
11  : 0,000
12  : 0,000
13  : 0,000
14  : 0,000
15  : 0,000
16  : 0,000
17  : 0,000
18  : 0,000
19  : 0,000
20  : 0,000
21  : 0,000
22  : 0,000
23  : 0,000
24  : 0,000
25  : 0,000
26  : 0,000
27  : 0,000
28  : 0,000
29  : 0,000
30  : 0,000
31  : 0,000
32  : 0,000
33  : 0,000
34  : 0,000
35  : 0,000
36  : 0,000
37  : 0,000
38  : 0,000
39  : 0,000
40  : 0,000
41  : 0,000
42  : 0,000
43  : 0,000
44  : 0,000
45  : 0,000
46  : 0,000
47  : 0,000
48  : 0,000
49  : 0,000
50  : 0,000
51  : 0,000
52  : 0,000
53  : 0,000
54  : 0,000
55  : 0,000
56  : 0,000
57  : 0,000
58  : 0,000
59  : 0,000
60  : 0,000
61  : 0,000
62  : 0,000
63  : 0,000
64  : 0,000
Чтение коэффициентов: 80 %


00 00 08 00 2A 00 1D 1B   // передача: 8 байт; 18:51:21:510 09.12.2021


55 00 00 12 FF F0 00 00 08 00 2A 00 1D 1B 21 B3 05 B9   // передача: 18 байт; 18:51:21:510 09.12.2021
// принято 12 байт (доступно 12 из 12 байт)   // 18:51:21:833 09.12.2021
// принято с сокета: 12 байт

01 00 0C 00 2A 03 00 1C 04 00 A1 5B   // прием: 12 байт; 18:51:21:833 09.12.2021
// таймаут: 323 мсек

1   : 04.00.028.04.01
Чтение коэффициентов: 80 %


00 00 08 00 2A 01 DC DB   // передача: 8 байт; 18:51:21:834 09.12.2021


55 00 00 12 FF F0 00 00 08 00 2A 01 DC DB 21 B3 05 B9   // передача: 18 байт; 18:51:21:834 09.12.2021
// принято 12 байт (доступно 12 из 12 байт)   // 18:51:22:178 09.12.2021
// принято с сокета: 12 байт

01 00 0C 00 2A 03 00 1C 04 01 60 9B   // прием: 12 байт; 18:51:22:178 09.12.2021
// таймаут: 344 мсек

2   : 04.00.028.04.02
Чтение коэффициентов: 80 %


00 00 08 00 2A 02 9C DA   // передача: 8 байт; 18:51:22:179 09.12.2021


55 00 00 12 FF F0 00 00 08 00 2A 02 9C DA 21 B3 05 B9   // передача: 18 байт; 18:51:22:179 09.12.2021
// принято 12 байт (доступно 12 из 12 байт)   // 18:51:22:533 09.12.2021
// принято с сокета: 12 байт

01 00 0C 00 2A 03 00 1C 04 02 20 9A   // прием: 12 байт; 18:51:22:533 09.12.2021
// таймаут: 354 мсек

3   : 04.00.028.04.03
Чтение коэффициентов: 80 %


00 00 08 00 2A 03 5D 1A   // передача: 8 байт; 18:51:22:534 09.12.2021


55 00 00 12 FF F0 00 00 08 00 2A 03 5D 1A 21 B3 05 B9   // передача: 18 байт; 18:51:22:534 09.12.2021
// принято 12 байт (доступно 12 из 12 байт)   // 18:51:22:877 09.12.2021
// принято с сокета: 12 байт

01 00 0C 00 2A 03 00 1C 04 03 E1 5A   // прием: 12 байт; 18:51:22:878 09.12.2021
// таймаут: 344 мсек

4   : 04.00.028.04.04
Чтение коэффициентов: 81 %


00 00 08 00 2A 04 1C D8   // передача: 8 байт; 18:51:22:879 09.12.2021


55 00 00 12 FF F0 00 00 08 00 2A 04 1C D8 21 B3 05 B9   // передача: 18 байт; 18:51:22:879 09.12.2021
// принято 12 байт (доступно 12 из 12 байт)   // 18:51:23:220 09.12.2021
// принято с сокета: 12 байт

01 00 0C 00 2A 03 00 1C 03 00 A3 6B   // прием: 12 байт; 18:51:23:220 09.12.2021
// таймаут: 341 мсек

5   : 04.00.028.03.01
Чтение коэффициентов: 81 %


00 00 08 00 2A 05 DD 18   // передача: 8 байт; 18:51:23:221 09.12.2021


55 00 00 12 FF F0 00 00 08 00 2A 05 DD 18 21 B3 05 B9   // передача: 18 байт; 18:51:23:221 09.12.2021
// принято 12 байт (доступно 12 из 12 байт)   // 18:51:23:579 09.12.2021
// принято с сокета: 12 байт

01 00 0C 00 2A 03 00 1C 03 01 62 AB   // прием: 12 байт; 18:51:23:580 09.12.2021
// таймаут: 359 мсек

6   : 04.00.028.03.02
Чтение коэффициентов: 81 %


00 00 08 00 2A 06 9D 19   // передача: 8 байт; 18:51:23:580 09.12.2021


55 00 00 12 FF F0 00 00 08 00 2A 06 9D 19 21 B3 05 B9   // передача: 18 байт; 18:51:23:581 09.12.2021
// принято 12 байт (доступно 12 из 12 байт)   // 18:51:25:385 09.12.2021
// принято с сокета: 12 байт

01 00 0C 00 2A 03 00 1C 03 02 22 AA   // прием: 12 байт; 18:51:25:385 09.12.2021
// таймаут: 1804 мсек

7   : 04.00.028.03.03
Чтение коэффициентов: 82 %


00 00 08 00 2A 07 5C D9   // передача: 8 байт; 18:51:25:386 09.12.2021


55 00 00 12 FF F0 00 00 08 00 2A 07 5C D9 21 B3 05 B9   // передача: 18 байт; 18:51:25:386 09.12.2021
// принято 12 байт (доступно 12 из 12 байт)   // 18:51:26:874 09.12.2021
// принято с сокета: 12 байт

01 00 0C 00 2A 03 00 1C 03 03 E3 6A   // прием: 12 байт; 18:51:26:874 09.12.2021
// таймаут: 1488 мсек

8   : 04.00.028.03.04
Чтение коэффициентов: 82 %


00 00 08 00 2A 08 1C DD   // передача: 8 байт; 18:51:26:875 09.12.2021


55 00 00 12 FF F0 00 00 08 00 2A 08 1C DD 21 B3 05 B9   // передача: 18 байт; 18:51:26:875 09.12.2021
// принято 12 байт (доступно 12 из 12 байт)   // 18:51:27:086 09.12.2021
// принято с сокета: 12 байт

01 00 0C 00 2A 03 00 1C 01 00 A2 0B   // прием: 12 байт; 18:51:27:086 09.12.2021
// таймаут: 211 мсек

9   : 04.00.028.01.01
Чтение коэффициентов: 82 %


00 00 08 00 2A 09 DD 1D   // передача: 8 байт; 18:51:27:087 09.12.2021


55 00 00 12 FF F0 00 00 08 00 2A 09 DD 1D 21 B3 05 B9   // передача: 18 байт; 18:51:27:087 09.12.2021
// принято 12 байт (доступно 12 из 12 байт)   // 18:51:27:430 09.12.2021
// принято с сокета: 12 байт

01 00 0C 00 2A 03 00 1C 01 01 63 CB   // прием: 12 байт; 18:51:27:430 09.12.2021
// таймаут: 343 мсек

10  : 04.00.028.01.02
Чтение коэффициентов: 83 %


00 00 08 00 2A 0A 9D 1C   // передача: 8 байт; 18:51:27:431 09.12.2021


55 00 00 12 FF F0 00 00 08 00 2A 0A 9D 1C 21 B3 05 B9   // передача: 18 байт; 18:51:27:431 09.12.2021
// принято 12 байт (доступно 12 из 12 байт)   // 18:51:28:862 09.12.2021
// принято с сокета: 12 байт

01 00 0C 00 2A 03 00 1C 01 02 23 CA   // прием: 12 байт; 18:51:28:862 09.12.2021
// таймаут: 1431 мсек

11  : 04.00.028.01.03
Чтение коэффициентов: 83 %


00 00 08 00 2A 0B 5C DC   // передача: 8 байт; 18:51:28:863 09.12.2021


55 00 00 12 FF F0 00 00 08 00 2A 0B 5C DC 21 B3 05 B9   // передача: 18 байт; 18:51:28:863 09.12.2021
// принято 12 байт (доступно 12 из 12 байт)   // 18:51:29:090 09.12.2021
// принято с сокета: 12 байт

01 00 0C 00 2A 03 00 1C 01 03 E2 0A   // прием: 12 байт; 18:51:29:090 09.12.2021
// таймаут: 227 мсек

12  : 04.00.028.01.04
Чтение коэффициентов: 83 %


00 00 08 00 2A 0C 1D 1E   // передача: 8 байт; 18:51:29:091 09.12.2021


55 00 00 12 FF F0 00 00 08 00 2A 0C 1D 1E 21 B3 05 B9   // передача: 18 байт; 18:51:29:091 09.12.2021
// принято 12 байт (доступно 12 из 12 байт)   // 18:51:29:443 09.12.2021
// принято с сокета: 12 байт

01 00 0C 00 2A 02 00 27 02 00 EE F6   // прием: 12 байт; 18:51:29:443 09.12.2021
// таймаут: 352 мсек

13  : 03.00.039.02.01
Чтение коэффициентов: 84 %


00 00 08 00 2A 0D DC DE   // передача: 8 байт; 18:51:29:444 09.12.2021


55 00 00 12 FF F0 00 00 08 00 2A 0D DC DE 21 B3 05 B9   // передача: 18 байт; 18:51:29:444 09.12.2021
// принято 12 байт (доступно 12 из 12 байт)   // 18:51:29:783 09.12.2021
// принято с сокета: 12 байт

01 00 0C 00 2A 02 00 27 02 01 2F 36   // прием: 12 байт; 18:51:29:783 09.12.2021
// таймаут: 339 мсек

14  : 03.00.039.02.02
Чтение коэффициентов: 84 %


00 00 08 00 2A 0E 9C DF   // передача: 8 байт; 18:51:29:784 09.12.2021


55 00 00 12 FF F0 00 00 08 00 2A 0E 9C DF 21 B3 05 B9   // передача: 18 байт; 18:51:29:784 09.12.2021
// принято 12 байт (доступно 12 из 12 байт)   // 18:51:30:134 09.12.2021
// принято с сокета: 12 байт

01 00 0C 00 2A 02 00 27 02 02 6F 37   // прием: 12 байт; 18:51:30:134 09.12.2021
// таймаут: 350 мсек

15  : 03.00.039.02.03
Чтение коэффициентов: 84 %


00 00 08 00 2A 0F 5D 1F   // передача: 8 байт; 18:51:30:135 09.12.2021


55 00 00 12 FF F0 00 00 08 00 2A 0F 5D 1F 21 B3 05 B9   // передача: 18 байт; 18:51:30:136 09.12.2021
// принято 12 байт (доступно 12 из 12 байт)   // 18:51:30:476 09.12.2021
// принято с сокета: 12 байт

01 00 0C 00 2A 02 00 27 02 03 AE F7   // прием: 12 байт; 18:51:30:476 09.12.2021
// таймаут: 340 мсек

16  : 03.00.039.02.04
Чтение коэффициентов: 84 %


00 00 08 00 2A 10 1C D7   // передача: 8 байт; 18:51:30:477 09.12.2021


55 00 00 12 FF F0 00 00 08 00 2A 10 1C D7 21 B3 05 B9   // передача: 18 байт; 18:51:30:477 09.12.2021
// принято 12 байт (доступно 12 из 12 байт)   // 18:51:31:984 09.12.2021
// принято с сокета: 12 байт

01 00 0C 00 2A 00 00 00 00 00 26 5D   // прием: 12 байт; 18:51:31:984 09.12.2021
// таймаут: 1507 мсек

17  : 01.00.000.00.01
Чтение коэффициентов: 85 %


00 00 08 00 2A 11 DD 17   // передача: 8 байт; 18:51:31:985 09.12.2021


55 00 00 12 FF F0 00 00 08 00 2A 11 DD 17 21 B3 05 B9   // передача: 18 байт; 18:51:31:985 09.12.2021
// принято 12 байт (доступно 12 из 12 байт)   // 18:51:32:235 09.12.2021
// принято с сокета: 12 байт

01 00 0C 00 2A 00 00 00 00 00 26 5D   // прием: 12 байт; 18:51:32:235 09.12.2021
// таймаут: 250 мсек

18  : 01.00.000.00.01
Чтение коэффициентов: 85 %


00 00 08 00 2A 12 9D 16   // передача: 8 байт; 18:51:32:236 09.12.2021


55 00 00 12 FF F0 00 00 08 00 2A 12 9D 16 21 B3 05 B9   // передача: 18 байт; 18:51:32:236 09.12.2021
// принято 12 байт (доступно 12 из 12 байт)   // 18:51:32:602 09.12.2021
// принято с сокета: 12 байт

01 00 0C 00 2A 00 00 00 00 00 26 5D   // прием: 12 байт; 18:51:32:602 09.12.2021
// таймаут: 366 мсек

19  : 01.00.000.00.01
Чтение коэффициентов: 85 %


00 00 08 00 2A 13 5C D6   // передача: 8 байт; 18:51:32:603 09.12.2021


55 00 00 12 FF F0 00 00 08 00 2A 13 5C D6 21 B3 05 B9   // передача: 18 байт; 18:51:32:603 09.12.2021
// принято 12 байт (доступно 12 из 12 байт)   // 18:51:32:959 09.12.2021
// принято с сокета: 12 байт

01 00 0C 00 2A 00 00 00 00 00 26 5D   // прием: 12 байт; 18:51:32:959 09.12.2021
// таймаут: 356 мсек

20  : 01.00.000.00.01
Чтение коэффициентов: 86 %


00 00 08 00 2A 14 1D 14   // передача: 8 байт; 18:51:32:960 09.12.2021


55 00 00 12 FF F0 00 00 08 00 2A 14 1D 14 21 B3 05 B9   // передача: 18 байт; 18:51:32:960 09.12.2021
// принято 12 байт (доступно 12 из 12 байт)   // 18:51:33:280 09.12.2021
// принято с сокета: 12 байт

01 00 0C 00 2A 00 00 00 00 00 26 5D   // прием: 12 байт; 18:51:33:280 09.12.2021
// таймаут: 320 мсек

21  : 01.00.000.00.01
Чтение коэффициентов: 86 %


00 00 08 00 2A 15 DC D4   // передача: 8 байт; 18:51:33:281 09.12.2021


55 00 00 12 FF F0 00 00 08 00 2A 15 DC D4 21 B3 05 B9   // передача: 18 байт; 18:51:33:281 09.12.2021
// принято 12 байт (доступно 12 из 12 байт)   // 18:51:33:631 09.12.2021
// принято с сокета: 12 байт

01 00 0C 00 2A 00 00 00 00 00 26 5D   // прием: 12 байт; 18:51:33:631 09.12.2021
// таймаут: 350 мсек

22  : 01.00.000.00.01
Чтение коэффициентов: 86 %


00 00 08 00 2A 16 9C D5   // передача: 8 байт; 18:51:33:632 09.12.2021


55 00 00 12 FF F0 00 00 08 00 2A 16 9C D5 21 B3 05 B9   // передача: 18 байт; 18:51:33:632 09.12.2021
// принято 12 байт (доступно 12 из 12 байт)   // 18:51:33:972 09.12.2021
// принято с сокета: 12 байт

01 00 0C 00 2A 00 00 00 00 00 26 5D   // прием: 12 байт; 18:51:33:972 09.12.2021
// таймаут: 340 мсек

23  : 01.00.000.00.01
Чтение коэффициентов: 87 %


00 00 08 00 2A 17 5D 15   // передача: 8 байт; 18:51:33:973 09.12.2021


55 00 00 12 FF F0 00 00 08 00 2A 17 5D 15 21 B3 05 B9   // передача: 18 байт; 18:51:33:973 09.12.2021
// принято 12 байт (доступно 12 из 12 байт)   // 18:51:34:330 09.12.2021
// принято с сокета: 12 байт

01 00 0C 00 2A 00 00 00 00 00 26 5D   // прием: 12 байт; 18:51:34:330 09.12.2021
// таймаут: 357 мсек

24  : 01.00.000.00.01
Чтение коэффициентов: 87 %


00 00 08 00 2A 18 1D 11   // передача: 8 байт; 18:51:34:331 09.12.2021


55 00 00 12 FF F0 00 00 08 00 2A 18 1D 11 21 B3 05 B9   // передача: 18 байт; 18:51:34:331 09.12.2021
// принято 12 байт (доступно 12 из 12 байт)   // 18:51:34:672 09.12.2021
// принято с сокета: 12 байт

01 00 0C 00 2A 00 00 00 00 00 26 5D   // прием: 12 байт; 18:51:34:672 09.12.2021
// таймаут: 341 мсек

25  : 01.00.000.00.01
Чтение коэффициентов: 87 %


00 00 08 00 2A 19 DC D1   // передача: 8 байт; 18:51:34:673 09.12.2021


55 00 00 12 FF F0 00 00 08 00 2A 19 DC D1 21 B3 05 B9   // передача: 18 байт; 18:51:34:673 09.12.2021
// принято 12 байт (доступно 12 из 12 байт)   // 18:51:35:043 09.12.2021
// принято с сокета: 12 байт

01 00 0C 00 2A 00 00 00 00 00 26 5D   // прием: 12 байт; 18:51:35:043 09.12.2021
// таймаут: 370 мсек

26  : 01.00.000.00.01
Чтение коэффициентов: 88 %


00 00 08 00 2A 1A 9C D0   // передача: 8 байт; 18:51:35:044 09.12.2021


55 00 00 12 FF F0 00 00 08 00 2A 1A 9C D0 21 B3 05 B9   // передача: 18 байт; 18:51:35:045 09.12.2021
// принято 12 байт (доступно 12 из 12 байт)   // 18:51:35:370 09.12.2021
// принято с сокета: 12 байт

01 00 0C 00 2A 00 00 00 00 00 26 5D   // прием: 12 байт; 18:51:35:370 09.12.2021
// таймаут: 325 мсек

27  : 01.00.000.00.01
Чтение коэффициентов: 88 %


00 00 08 00 2A 1B 5D 10   // передача: 8 байт; 18:51:35:371 09.12.2021


55 00 00 12 FF F0 00 00 08 00 2A 1B 5D 10 21 B3 05 B9   // передача: 18 байт; 18:51:35:371 09.12.2021
// принято 12 байт (доступно 12 из 12 байт)   // 18:51:35:715 09.12.2021
// принято с сокета: 12 байт

01 00 0C 00 2A 00 00 00 00 00 26 5D   // прием: 12 байт; 18:51:35:715 09.12.2021
// таймаут: 344 мсек

28  : 01.00.000.00.01
Чтение коэффициентов: 88 %


00 00 08 00 2A 1C 1C D2   // передача: 8 байт; 18:51:35:716 09.12.2021


55 00 00 12 FF F0 00 00 08 00 2A 1C 1C D2 21 B3 05 B9   // передача: 18 байт; 18:51:35:716 09.12.2021
// принято 12 байт (доступно 12 из 12 байт)   // 18:51:36:072 09.12.2021
// принято с сокета: 12 байт

01 00 0C 00 2A 00 00 00 00 00 26 5D   // прием: 12 байт; 18:51:36:072 09.12.2021
// таймаут: 356 мсек

29  : 01.00.000.00.01
Чтение коэффициентов: 89 %


00 00 08 00 2A 1D DD 12   // передача: 8 байт; 18:51:36:073 09.12.2021


55 00 00 12 FF F0 00 00 08 00 2A 1D DD 12 21 B3 05 B9   // передача: 18 байт; 18:51:36:073 09.12.2021
// принято 12 байт (доступно 12 из 12 байт)   // 18:51:36:411 09.12.2021
// принято с сокета: 12 байт

01 00 0C 00 2A 00 00 00 00 00 26 5D   // прием: 12 байт; 18:51:36:411 09.12.2021
// таймаут: 338 мсек

30  : 01.00.000.00.01
Чтение коэффициентов: 89 %


00 00 08 00 2A 1E 9D 13   // передача: 8 байт; 18:51:36:412 09.12.2021


55 00 00 12 FF F0 00 00 08 00 2A 1E 9D 13 21 B3 05 B9   // передача: 18 байт; 18:51:36:412 09.12.2021
// принято 12 байт (доступно 12 из 12 байт)   // 18:51:36:759 09.12.2021
// принято с сокета: 12 байт

01 00 0C 00 2A 00 00 00 00 00 26 5D   // прием: 12 байт; 18:51:36:759 09.12.2021
// таймаут: 347 мсек

31  : 01.00.000.00.01
Чтение коэффициентов: 89 %


00 00 08 00 2A 1F 5C D3   // передача: 8 байт; 18:51:36:760 09.12.2021


55 00 00 12 FF F0 00 00 08 00 2A 1F 5C D3 21 B3 05 B9   // передача: 18 байт; 18:51:36:760 09.12.2021
// принято 12 байт (доступно 12 из 12 байт)   // 18:51:37:113 09.12.2021
// принято с сокета: 12 байт

01 00 0C 00 2A 00 00 00 00 00 26 5D   // прием: 12 байт; 18:51:37:113 09.12.2021
// таймаут: 353 мсек

32  : 01.00.000.00.01
Чтение коэффициентов: 89 %


00 00 08 00 2A 20 1C C3   // передача: 8 байт; 18:51:37:114 09.12.2021


55 00 00 12 FF F0 00 00 08 00 2A 20 1C C3 21 B3 05 B9   // передача: 18 байт; 18:51:37:114 09.12.2021
// принято 12 байт (доступно 12 из 12 байт)   // 18:51:37:479 09.12.2021
// принято с сокета: 12 байт

01 00 0C 00 2A 00 00 00 00 00 26 5D   // прием: 12 байт; 18:51:37:480 09.12.2021
// таймаут: 366 мсек

33  : 01.00.000.00.01
Чтение коэффициентов: 90 %


00 00 08 00 2A 21 DD 03   // передача: 8 байт; 18:51:37:481 09.12.2021


55 00 00 12 FF F0 00 00 08 00 2A 21 DD 03 21 B3 05 B9   // передача: 18 байт; 18:51:37:481 09.12.2021
// принято 12 байт (доступно 12 из 12 байт)   // 18:51:37:804 09.12.2021
// принято с сокета: 12 байт

01 00 0C 00 2A 00 00 00 00 00 26 5D   // прием: 12 байт; 18:51:37:804 09.12.2021
// таймаут: 323 мсек

34  : 01.00.000.00.01
Чтение коэффициентов: 90 %


00 00 08 00 2A 22 9D 02   // передача: 8 байт; 18:51:37:805 09.12.2021


55 00 00 12 FF F0 00 00 08 00 2A 22 9D 02 21 B3 05 B9   // передача: 18 байт; 18:51:37:805 09.12.2021
// принято 12 байт (доступно 12 из 12 байт)   // 18:51:38:147 09.12.2021
// принято с сокета: 12 байт

01 00 0C 00 2A 00 00 00 00 00 26 5D   // прием: 12 байт; 18:51:38:147 09.12.2021
// таймаут: 342 мсек

35  : 01.00.000.00.01
Чтение коэффициентов: 90 %


00 00 08 00 2A 23 5C C2   // передача: 8 байт; 18:51:38:148 09.12.2021


55 00 00 12 FF F0 00 00 08 00 2A 23 5C C2 21 B3 05 B9   // передача: 18 байт; 18:51:38:148 09.12.2021
// принято 12 байт (доступно 12 из 12 байт)   // 18:51:38:502 09.12.2021
// принято с сокета: 12 байт

01 00 0C 00 2A 00 00 00 00 00 26 5D   // прием: 12 байт; 18:51:38:502 09.12.2021
// таймаут: 354 мсек

36  : 01.00.000.00.01
Чтение коэффициентов: 91 %


00 00 08 00 2A 24 1D 00   // передача: 8 байт; 18:51:38:503 09.12.2021


55 00 00 12 FF F0 00 00 08 00 2A 24 1D 00 21 B3 05 B9   // передача: 18 байт; 18:51:38:503 09.12.2021
// принято 12 байт (доступно 12 из 12 байт)   // 18:51:38:843 09.12.2021
// принято с сокета: 12 байт

01 00 0C 00 2A 00 00 00 00 00 26 5D   // прием: 12 байт; 18:51:38:843 09.12.2021
// таймаут: 340 мсек

37  : 01.00.000.00.01
Чтение коэффициентов: 91 %


00 00 08 00 2A 25 DC C0   // передача: 8 байт; 18:51:38:844 09.12.2021


55 00 00 12 FF F0 00 00 08 00 2A 25 DC C0 21 B3 05 B9   // передача: 18 байт; 18:51:38:844 09.12.2021
// принято 12 байт (доступно 12 из 12 байт)   // 18:51:39:184 09.12.2021
// принято с сокета: 12 байт

01 00 0C 00 2A 00 00 00 00 00 26 5D   // прием: 12 байт; 18:51:39:184 09.12.2021
// таймаут: 340 мсек

38  : 01.00.000.00.01
Чтение коэффициентов: 91 %


00 00 08 00 2A 26 9C C1   // передача: 8 байт; 18:51:39:185 09.12.2021


55 00 00 12 FF F0 00 00 08 00 2A 26 9C C1 21 B3 05 B9   // передача: 18 байт; 18:51:39:186 09.12.2021
// принято 12 байт (доступно 12 из 12 байт)   // 18:51:39:540 09.12.2021
// принято с сокета: 12 байт

01 00 0C 00 2A 00 00 00 00 00 26 5D   // прием: 12 байт; 18:51:39:540 09.12.2021
// таймаут: 354 мсек

39  : 01.00.000.00.01
Чтение коэффициентов: 92 %


00 00 08 00 2A 27 5D 01   // передача: 8 байт; 18:51:39:541 09.12.2021


55 00 00 12 FF F0 00 00 08 00 2A 27 5D 01 21 B3 05 B9   // передача: 18 байт; 18:51:39:542 09.12.2021
// принято 12 байт (доступно 12 из 12 байт)   // 18:51:39:885 09.12.2021
// принято с сокета: 12 байт

01 00 0C 00 2A 00 00 00 00 00 26 5D   // прием: 12 байт; 18:51:39:886 09.12.2021
// таймаут: 344 мсек

40  : 01.00.000.00.01
Чтение коэффициентов: 92 %


00 00 08 00 2A 28 1D 05   // передача: 8 байт; 18:51:39:887 09.12.2021


55 00 00 12 FF F0 00 00 08 00 2A 28 1D 05 21 B3 05 B9   // передача: 18 байт; 18:51:39:887 09.12.2021
// принято 12 байт (доступно 12 из 12 байт)   // 18:51:40:230 09.12.2021
// принято с сокета: 12 байт

01 00 0C 00 2A 00 00 00 00 00 26 5D   // прием: 12 байт; 18:51:40:230 09.12.2021
// таймаут: 343 мсек

41  : 01.00.000.00.01
Чтение коэффициентов: 92 %


00 00 08 00 2A 29 DC C5   // передача: 8 байт; 18:51:40:231 09.12.2021


55 00 00 12 FF F0 00 00 08 00 2A 29 DC C5 21 B3 05 B9   // передача: 18 байт; 18:51:40:231 09.12.2021
// принято 12 байт (доступно 12 из 12 байт)   // 18:51:40:583 09.12.2021
// принято с сокета: 12 байт

01 00 0C 00 2A 00 00 00 00 00 26 5D   // прием: 12 байт; 18:51:40:583 09.12.2021
// таймаут: 352 мсек

42  : 01.00.000.00.01
Чтение коэффициентов: 93 %


00 00 08 00 2A 2A 9C C4   // передача: 8 байт; 18:51:40:584 09.12.2021


55 00 00 12 FF F0 00 00 08 00 2A 2A 9C C4 21 B3 05 B9   // передача: 18 байт; 18:51:40:585 09.12.2021
// принято 12 байт (доступно 12 из 12 байт)   // 18:51:40:929 09.12.2021
// принято с сокета: 12 байт

01 00 0C 00 2A 00 00 00 00 00 26 5D   // прием: 12 байт; 18:51:40:929 09.12.2021
// таймаут: 344 мсек

43  : 01.00.000.00.01
Чтение коэффициентов: 93 %


00 00 08 00 2A 2B 5D 04   // передача: 8 байт; 18:51:40:930 09.12.2021


55 00 00 12 FF F0 00 00 08 00 2A 2B 5D 04 21 B3 05 B9   // передача: 18 байт; 18:51:40:930 09.12.2021
// принято 12 байт (доступно 12 из 12 байт)   // 18:51:41:269 09.12.2021
// принято с сокета: 12 байт

01 00 0C 00 2A 00 00 00 00 00 26 5D   // прием: 12 байт; 18:51:41:269 09.12.2021
// таймаут: 339 мсек

44  : 01.00.000.00.01
Чтение коэффициентов: 93 %


00 00 08 00 2A 2C 1C C6   // передача: 8 байт; 18:51:41:270 09.12.2021


55 00 00 12 FF F0 00 00 08 00 2A 2C 1C C6 21 B3 05 B9   // передача: 18 байт; 18:51:41:271 09.12.2021
// принято 12 байт (доступно 12 из 12 байт)   // 18:51:43:014 09.12.2021
// принято с сокета: 12 байт

01 00 0C 00 2A 00 00 00 00 00 26 5D   // прием: 12 байт; 18:51:43:014 09.12.2021
// таймаут: 1743 мсек

45  : 01.00.000.00.01
Чтение коэффициентов: 94 %


00 00 08 00 2A 2D DD 06   // передача: 8 байт; 18:51:43:015 09.12.2021


55 00 00 12 FF F0 00 00 08 00 2A 2D DD 06 21 B3 05 B9   // передача: 18 байт; 18:51:43:015 09.12.2021
// принято 12 байт (доступно 12 из 12 байт)   // 18:51:43:290 09.12.2021
// принято с сокета: 12 байт

01 00 0C 00 2A 00 00 00 00 00 26 5D   // прием: 12 байт; 18:51:43:290 09.12.2021
// таймаут: 275 мсек

46  : 01.00.000.00.01
Чтение коэффициентов: 94 %


00 00 08 00 2A 2E 9D 07   // передача: 8 байт; 18:51:43:291 09.12.2021


55 00 00 12 FF F0 00 00 08 00 2A 2E 9D 07 21 B3 05 B9   // передача: 18 байт; 18:51:43:291 09.12.2021
// принято 12 байт (доступно 12 из 12 байт)   // 18:51:43:635 09.12.2021
// принято с сокета: 12 байт

01 00 0C 00 2A 00 00 00 00 00 26 5D   // прием: 12 байт; 18:51:43:635 09.12.2021
// таймаут: 344 мсек

47  : 01.00.000.00.01
Чтение коэффициентов: 94 %


00 00 08 00 2A 2F 5C C7   // передача: 8 байт; 18:51:43:636 09.12.2021


55 00 00 12 FF F0 00 00 08 00 2A 2F 5C C7 21 B3 05 B9   // передача: 18 байт; 18:51:43:636 09.12.2021
// принято 12 байт (доступно 12 из 12 байт)   // 18:51:43:966 09.12.2021
// принято с сокета: 12 байт

01 00 0C 00 2A 00 00 00 00 00 26 5D   // прием: 12 байт; 18:51:43:966 09.12.2021
// таймаут: 330 мсек

48  : 01.00.000.00.01
Чтение коэффициентов: 94 %


00 00 08 00 2A 30 1D 0F   // передача: 8 байт; 18:51:43:967 09.12.2021


55 00 00 12 FF F0 00 00 08 00 2A 30 1D 0F 21 B3 05 B9   // передача: 18 байт; 18:51:43:967 09.12.2021
// принято 12 байт (доступно 12 из 12 байт)   // 18:51:44:329 09.12.2021
// принято с сокета: 12 байт

01 00 0C 00 2A 00 00 00 00 00 26 5D   // прием: 12 байт; 18:51:44:329 09.12.2021
// таймаут: 362 мсек

49  : 01.00.000.00.01
Чтение коэффициентов: 95 %


00 00 08 00 2A 31 DC CF   // передача: 8 байт; 18:51:44:330 09.12.2021


55 00 00 12 FF F0 00 00 08 00 2A 31 DC CF 21 B3 05 B9   // передача: 18 байт; 18:51:44:330 09.12.2021
// принято 12 байт (доступно 12 из 12 байт)   // 18:51:44:674 09.12.2021
// принято с сокета: 12 байт

01 00 0C 00 2A 00 00 00 00 00 26 5D   // прием: 12 байт; 18:51:44:674 09.12.2021
// таймаут: 344 мсек

50  : 01.00.000.00.01
Чтение коэффициентов: 95 %


00 00 08 00 2A 32 9C CE   // передача: 8 байт; 18:51:44:675 09.12.2021


55 00 00 12 FF F0 00 00 08 00 2A 32 9C CE 21 B3 05 B9   // передача: 18 байт; 18:51:44:675 09.12.2021
// принято 12 байт (доступно 12 из 12 байт)   // 18:51:45:034 09.12.2021
// принято с сокета: 12 байт

01 00 0C 00 2A 00 00 00 00 00 26 5D   // прием: 12 байт; 18:51:45:034 09.12.2021
// таймаут: 359 мсек

51  : 01.00.000.00.01
Чтение коэффициентов: 95 %


00 00 08 00 2A 33 5D 0E   // передача: 8 байт; 18:51:45:035 09.12.2021


55 00 00 12 FF F0 00 00 08 00 2A 33 5D 0E 21 B3 05 B9   // передача: 18 байт; 18:51:45:035 09.12.2021
// принято 12 байт (доступно 12 из 12 байт)   // 18:51:45:373 09.12.2021
// принято с сокета: 12 байт

01 00 0C 00 2A 00 00 00 00 00 26 5D   // прием: 12 байт; 18:51:45:373 09.12.2021
// таймаут: 338 мсек

52  : 01.00.000.00.01
Чтение коэффициентов: 96 %


00 00 08 00 2A 34 1C CC   // передача: 8 байт; 18:51:45:374 09.12.2021


55 00 00 12 FF F0 00 00 08 00 2A 34 1C CC 21 B3 05 B9   // передача: 18 байт; 18:51:45:374 09.12.2021
// принято 12 байт (доступно 12 из 12 байт)   // 18:51:45:718 09.12.2021
// принято с сокета: 12 байт

01 00 0C 00 2A 00 00 00 00 00 26 5D   // прием: 12 байт; 18:51:45:718 09.12.2021
// таймаут: 344 мсек

53  : 01.00.000.00.01
Чтение коэффициентов: 96 %


00 00 08 00 2A 35 DD 0C   // передача: 8 байт; 18:51:45:719 09.12.2021


55 00 00 12 FF F0 00 00 08 00 2A 35 DD 0C 21 B3 05 B9   // передача: 18 байт; 18:51:45:719 09.12.2021
// принято 12 байт (доступно 12 из 12 байт)   // 18:51:46:071 09.12.2021
// принято с сокета: 12 байт

01 00 0C 00 2A 00 00 00 00 00 26 5D   // прием: 12 байт; 18:51:46:071 09.12.2021
// таймаут: 352 мсек

54  : 01.00.000.00.01
Чтение коэффициентов: 96 %


00 00 08 00 2A 36 9D 0D   // передача: 8 байт; 18:51:46:072 09.12.2021


55 00 00 12 FF F0 00 00 08 00 2A 36 9D 0D 21 B3 05 B9   // передача: 18 байт; 18:51:46:073 09.12.2021
// принято 12 байт (доступно 12 из 12 байт)   // 18:51:46:410 09.12.2021
// принято с сокета: 12 байт

01 00 0C 00 2A 00 00 00 00 00 26 5D   // прием: 12 байт; 18:51:46:410 09.12.2021
// таймаут: 337 мсек

55  : 01.00.000.00.01
Чтение коэффициентов: 97 %


00 00 08 00 2A 37 5C CD   // передача: 8 байт; 18:51:46:411 09.12.2021


55 00 00 12 FF F0 00 00 08 00 2A 37 5C CD 21 B3 05 B9   // передача: 18 байт; 18:51:46:411 09.12.2021
// принято 12 байт (доступно 12 из 12 байт)   // 18:51:46:775 09.12.2021
// принято с сокета: 12 байт

01 00 0C 00 2A 00 00 00 00 00 26 5D   // прием: 12 байт; 18:51:46:776 09.12.2021
// таймаут: 365 мсек

56  : 01.00.000.00.01
Чтение коэффициентов: 97 %


00 00 08 00 2A 38 1C C9   // передача: 8 байт; 18:51:46:777 09.12.2021


55 00 00 12 FF F0 00 00 08 00 2A 38 1C C9 21 B3 05 B9   // передача: 18 байт; 18:51:46:777 09.12.2021
// принято 12 байт (доступно 12 из 12 байт)   // 18:51:47:099 09.12.2021
// принято с сокета: 12 байт

01 00 0C 00 2A 00 00 00 00 00 26 5D   // прием: 12 байт; 18:51:47:099 09.12.2021
// таймаут: 322 мсек

57  : 01.00.000.00.01
Чтение коэффициентов: 97 %


00 00 08 00 2A 39 DD 09   // передача: 8 байт; 18:51:47:100 09.12.2021


55 00 00 12 FF F0 00 00 08 00 2A 39 DD 09 21 B3 05 B9   // передача: 18 байт; 18:51:47:100 09.12.2021
// принято 12 байт (доступно 12 из 12 байт)   // 18:51:47:454 09.12.2021
// принято с сокета: 12 байт

01 00 0C 00 2A 00 00 00 00 00 26 5D   // прием: 12 байт; 18:51:47:454 09.12.2021
// таймаут: 354 мсек

58  : 01.00.000.00.01
Чтение коэффициентов: 98 %


00 00 08 00 2A 3A 9D 08   // передача: 8 байт; 18:51:47:455 09.12.2021


55 00 00 12 FF F0 00 00 08 00 2A 3A 9D 08 21 B3 05 B9   // передача: 18 байт; 18:51:47:455 09.12.2021
// принято 12 байт (доступно 12 из 12 байт)   // 18:51:47:799 09.12.2021
// принято с сокета: 12 байт

01 00 0C 00 2A 00 00 00 00 00 26 5D   // прием: 12 байт; 18:51:47:799 09.12.2021
// таймаут: 344 мсек

59  : 01.00.000.00.01
Чтение коэффициентов: 98 %


00 00 08 00 2A 3B 5C C8   // передача: 8 байт; 18:51:47:800 09.12.2021


55 00 00 12 FF F0 00 00 08 00 2A 3B 5C C8 21 B3 05 B9   // передача: 18 байт; 18:51:47:800 09.12.2021
// принято 12 байт (доступно 12 из 12 байт)   // 18:51:48:143 09.12.2021
// принято с сокета: 12 байт

01 00 0C 00 2A 00 00 00 00 00 26 5D   // прием: 12 байт; 18:51:48:143 09.12.2021
// таймаут: 343 мсек

60  : 01.00.000.00.01
Чтение коэффициентов: 98 %


00 00 08 00 2A 3C 1D 0A   // передача: 8 байт; 18:51:48:144 09.12.2021


55 00 00 12 FF F0 00 00 08 00 2A 3C 1D 0A 21 B3 05 B9   // передача: 18 байт; 18:51:48:144 09.12.2021
// принято 12 байт (доступно 12 из 12 байт)   // 18:51:48:495 09.12.2021
// принято с сокета: 12 байт

01 00 0C 00 2A 00 00 00 00 00 26 5D   // прием: 12 байт; 18:51:48:495 09.12.2021
// таймаут: 351 мсек

61  : 01.00.000.00.01
Чтение коэффициентов: 99 %


00 00 08 00 2A 3D DC CA   // передача: 8 байт; 18:51:48:496 09.12.2021


55 00 00 12 FF F0 00 00 08 00 2A 3D DC CA 21 B3 05 B9   // передача: 18 байт; 18:51:48:496 09.12.2021
// принято 12 байт (доступно 12 из 12 байт)   // 18:51:48:840 09.12.2021
// принято с сокета: 12 байт

01 00 0C 00 2A 00 00 00 00 00 26 5D   // прием: 12 байт; 18:51:48:840 09.12.2021
// таймаут: 344 мсек

62  : 01.00.000.00.01
Чтение коэффициентов: 99 %


00 00 08 00 2A 3E 9C CB   // передача: 8 байт; 18:51:48:841 09.12.2021


55 00 00 12 FF F0 00 00 08 00 2A 3E 9C CB 21 B3 05 B9   // передача: 18 байт; 18:51:48:841 09.12.2021
// принято 12 байт (доступно 12 из 12 байт)   // 18:51:50:687 09.12.2021
// принято с сокета: 12 байт

01 00 0C 00 2A 00 00 00 00 00 26 5D   // прием: 12 байт; 18:51:50:687 09.12.2021
// таймаут: 1846 мсек

63  : 01.00.000.00.01
Чтение коэффициентов: 99 %


00 00 08 00 2A 3F 5D 0B   // передача: 8 байт; 18:51:50:688 09.12.2021


55 00 00 12 FF F0 00 00 08 00 2A 3F 5D 0B 21 B3 05 B9   // передача: 18 байт; 18:51:50:688 09.12.2021
// принято 12 байт (доступно 12 из 12 байт)   // 18:51:50:951 09.12.2021
// принято с сокета: 12 байт

01 00 0C 00 2A 00 00 00 00 00 26 5D   // прием: 12 байт; 18:51:50:951 09.12.2021
// таймаут: 263 мсек

64  : 01.00.000.00.01
Чтение коэффициентов: 100 %
Чтение параметров


00 00 09 00 2E 00 00 A7 08   // передача: 9 байт; 18:52:01:031 09.12.2021


55 00 00 13 FF F0 00 00 09 00 2E 00 00 A7 08 21 B3 05 1D   // передача: 19 байт; 18:52:01:031 09.12.2021
// принято 11 байт (доступно 11 из 11 байт)   // 18:52:03:608 09.12.2021
// принято с сокета: 11 байт

01 00 0B 00 2E 3F 80 00 00 58 5A   // прием: 11 байт; 18:52:03:608 09.12.2021
// таймаут: 2577 мсек

1   : 1,000
Чтение параметров: 0 %


00 00 09 00 2E 00 01 66 C8   // передача: 9 байт; 18:52:03:609 09.12.2021


55 00 00 13 FF F0 00 00 09 00 2E 00 01 66 C8 21 B3 05 1D   // передача: 19 байт; 18:52:03:609 09.12.2021
// принято 11 байт (доступно 11 из 11 байт)   // 18:52:04:299 09.12.2021
// принято с сокета: 11 байт

01 00 0B 00 2E 3F 80 00 00 58 5A   // прием: 11 байт; 18:52:04:299 09.12.2021
// таймаут: 690 мсек

2   : 1,000
Чтение параметров: 0 %


00 00 09 00 2E 00 02 26 C9   // передача: 9 байт; 18:52:04:300 09.12.2021


55 00 00 13 FF F0 00 00 09 00 2E 00 02 26 C9 21 B3 05 1D   // передача: 19 байт; 18:52:04:300 09.12.2021
// принято 11 байт (доступно 11 из 11 байт)   // 18:52:05:012 09.12.2021
// принято с сокета: 11 байт

01 00 0B 00 2E 3F 80 00 00 58 5A   // прием: 11 байт; 18:52:05:012 09.12.2021
// таймаут: 712 мсек

3   : 1,000
Чтение параметров: 0 %


00 00 09 00 2E 00 03 E7 09   // передача: 9 байт; 18:52:05:013 09.12.2021


55 00 00 13 FF F0 00 00 09 00 2E 00 03 E7 09 21 B3 05 1D   // передача: 19 байт; 18:52:05:013 09.12.2021
// принято 11 байт (доступно 11 из 11 байт)   // 18:52:05:795 09.12.2021
// принято с сокета: 11 байт

01 00 0B 00 2E 3F 80 00 00 58 5A   // прием: 11 байт; 18:52:05:795 09.12.2021
// таймаут: 782 мсек

4   : 1,000
Чтение параметров: 0 %


00 00 09 00 2E 00 04 A6 CB   // передача: 9 байт; 18:52:05:796 09.12.2021


55 00 00 13 FF F0 00 00 09 00 2E 00 04 A6 CB 21 B3 05 1D   // передача: 19 байт; 18:52:05:796 09.12.2021
// принято 11 байт (доступно 11 из 11 байт)   // 18:52:06:453 09.12.2021
// принято с сокета: 11 байт

01 00 0B 00 2E 3F 80 00 00 58 5A   // прием: 11 байт; 18:52:06:453 09.12.2021
// таймаут: 657 мсек

5   : 1,000
Чтение параметров: 0 %


00 00 09 00 2E 00 05 67 0B   // передача: 9 байт; 18:52:06:454 09.12.2021


55 00 00 13 FF F0 00 00 09 00 2E 00 05 67 0B 21 B3 05 1D   // передача: 19 байт; 18:52:06:454 09.12.2021
// принято 11 байт (доступно 11 из 11 байт)   // 18:52:07:076 09.12.2021
// принято с сокета: 11 байт

01 00 0B 00 2E 3F 80 00 00 58 5A   // прием: 11 байт; 18:52:07:076 09.12.2021
// таймаут: 622 мсек

6   : 1,000
Чтение параметров: 0 %


00 00 09 00 2E 00 06 27 0A   // передача: 9 байт; 18:52:07:077 09.12.2021


55 00 00 13 FF F0 00 00 09 00 2E 00 06 27 0A 21 B3 05 1D   // передача: 19 байт; 18:52:07:077 09.12.2021
// принято 11 байт (доступно 11 из 11 байт)   // 18:52:07:598 09.12.2021
// принято с сокета: 11 байт

01 00 0B 00 2E 3F 80 00 00 58 5A   // прием: 11 байт; 18:52:07:598 09.12.2021
// таймаут: 521 мсек

7   : 1,000
Чтение параметров: 0 %


00 00 09 00 2E 00 07 E6 CA   // передача: 9 байт; 18:52:07:599 09.12.2021


55 00 00 13 FF F0 00 00 09 00 2E 00 07 E6 CA 21 B3 05 1D   // передача: 19 байт; 18:52:07:600 09.12.2021
// принято 11 байт (доступно 11 из 11 байт)   // 18:52:08:313 09.12.2021
// принято с сокета: 11 байт

01 00 0B 00 2E 3F 80 00 00 58 5A   // прием: 11 байт; 18:52:08:313 09.12.2021
// таймаут: 713 мсек

8   : 1,000
Чтение параметров: 0 %


00 00 09 00 2E 00 08 A6 CE   // передача: 9 байт; 18:52:08:314 09.12.2021


55 00 00 13 FF F0 00 00 09 00 2E 00 08 A6 CE 21 B3 05 1D   // передача: 19 байт; 18:52:08:314 09.12.2021
// принято 11 байт (доступно 11 из 11 байт)   // 18:52:08:976 09.12.2021
// принято с сокета: 11 байт

01 00 0B 00 2E 3F 80 00 00 58 5A   // прием: 11 байт; 18:52:08:976 09.12.2021
// таймаут: 662 мсек

9   : 1,000
Чтение параметров: 0 %


00 00 09 00 2E 00 09 67 0E   // передача: 9 байт; 18:52:08:977 09.12.2021


55 00 00 13 FF F0 00 00 09 00 2E 00 09 67 0E 21 B3 05 1D   // передача: 19 байт; 18:52:08:977 09.12.2021
// принято 11 байт (доступно 11 из 11 байт)   // 18:52:09:797 09.12.2021
// принято с сокета: 11 байт

01 00 0B 00 2E 3F 80 00 00 58 5A   // прием: 11 байт; 18:52:09:797 09.12.2021
// таймаут: 820 мсек

10  : 1,000
Чтение параметров: 0 %


00 00 09 00 2E 00 0A 27 0F   // передача: 9 байт; 18:52:09:798 09.12.2021


55 00 00 13 FF F0 00 00 09 00 2E 00 0A 27 0F 21 B3 05 1D   // передача: 19 байт; 18:52:09:799 09.12.2021
// принято 11 байт (доступно 11 из 11 байт)   // 18:52:10:454 09.12.2021
// принято с сокета: 11 байт

01 00 0B 00 2E 3F 80 00 00 58 5A   // прием: 11 байт; 18:52:10:455 09.12.2021
// таймаут: 656 мсек

11  : 1,000
Чтение параметров: 1 %


00 00 09 00 2E 00 0B E6 CF   // передача: 9 байт; 18:52:10:455 09.12.2021


55 00 00 13 FF F0 00 00 09 00 2E 00 0B E6 CF 21 B3 05 1D   // передача: 19 байт; 18:52:10:456 09.12.2021
// принято 11 байт (доступно 11 из 11 байт)   // 18:52:11:055 09.12.2021
// принято с сокета: 11 байт

01 00 0B 00 2E 3F 80 00 00 58 5A   // прием: 11 байт; 18:52:11:055 09.12.2021
// таймаут: 599 мсек

12  : 1,000
Чтение параметров: 1 %


00 00 09 00 2E 00 0C A7 0D   // передача: 9 байт; 18:52:11:056 09.12.2021


55 00 00 13 FF F0 00 00 09 00 2E 00 0C A7 0D 21 B3 05 1D   // передача: 19 байт; 18:52:11:056 09.12.2021
// принято 11 байт (доступно 11 из 11 байт)   // 18:52:11:780 09.12.2021
// принято с сокета: 11 байт

01 00 0B 00 2E 3F 80 00 00 58 5A   // прием: 11 байт; 18:52:11:780 09.12.2021
// таймаут: 724 мсек

13  : 1,000
Чтение параметров: 1 %


00 00 09 00 2E 00 0D 66 CD   // передача: 9 байт; 18:52:11:781 09.12.2021


55 00 00 13 FF F0 00 00 09 00 2E 00 0D 66 CD 21 B3 05 1D   // передача: 19 байт; 18:52:11:781 09.12.2021
// принято 11 байт (доступно 11 из 11 байт)   // 18:52:12:539 09.12.2021
// принято с сокета: 11 байт

01 00 0B 00 2E 3F 80 00 00 58 5A   // прием: 11 байт; 18:52:12:539 09.12.2021
// таймаут: 758 мсек

14  : 1,000
Чтение параметров: 1 %


00 00 09 00 2E 00 0E 26 CC   // передача: 9 байт; 18:52:12:540 09.12.2021


55 00 00 13 FF F0 00 00 09 00 2E 00 0E 26 CC 21 B3 05 1D   // передача: 19 байт; 18:52:12:540 09.12.2021
// принято 11 байт (доступно 11 из 11 байт)   // 18:52:14:595 09.12.2021
// принято с сокета: 11 байт

01 00 0B 00 2E 3F 80 00 00 58 5A   // прием: 11 байт; 18:52:14:595 09.12.2021
// таймаут: 2055 мсек

15  : 1,000
Чтение параметров: 1 %


00 00 09 00 2E 00 0F E7 0C   // передача: 9 байт; 18:52:14:596 09.12.2021


55 00 00 13 FF F0 00 00 09 00 2E 00 0F E7 0C 21 B3 05 1D   // передача: 19 байт; 18:52:14:596 09.12.2021
// принято 11 байт (доступно 11 из 11 байт)   // 18:52:15:259 09.12.2021
// принято с сокета: 11 байт

01 00 0B 00 2E 3F 80 00 00 58 5A   // прием: 11 байт; 18:52:15:259 09.12.2021
// таймаут: 663 мсек

16  : 1,000
Чтение параметров: 1 %


00 00 09 00 2E 00 10 A6 C4   // передача: 9 байт; 18:52:15:260 09.12.2021


55 00 00 13 FF F0 00 00 09 00 2E 00 10 A6 C4 21 B3 05 1D   // передача: 19 байт; 18:52:15:260 09.12.2021
// принято 11 байт (доступно 11 из 11 байт)   // 18:52:15:957 09.12.2021
// принято с сокета: 11 байт

01 00 0B 00 2E 3F 80 00 00 58 5A   // прием: 11 байт; 18:52:15:986 09.12.2021
// таймаут: 726 мсек

17  : 1,000
Чтение параметров: 1 %


00 00 09 00 2E 00 11 67 04   // передача: 9 байт; 18:52:16:053 09.12.2021


55 00 00 13 FF F0 00 00 09 00 2E 00 11 67 04 21 B3 05 1D   // передача: 19 байт; 18:52:16:085 09.12.2021
// принято 11 байт (доступно 11 из 11 байт)   // 18:52:16:755 09.12.2021
// принято с сокета: 11 байт

01 00 0B 00 2E 3F 80 00 00 58 5A   // прием: 11 байт; 18:52:16:786 09.12.2021
// таймаут: 701 мсек

18  : 1,000
Чтение параметров: 1 %


00 00 09 00 2E 00 12 27 05   // передача: 9 байт; 18:52:16:857 09.12.2021


55 00 00 13 FF F0 00 00 09 00 2E 00 12 27 05 21 B3 05 1D   // передача: 19 байт; 18:52:16:883 09.12.2021
// принято 11 байт (доступно 11 из 11 байт)   // 18:52:17:537 09.12.2021
// принято с сокета: 11 байт

01 00 0B 00 2E 3F 80 00 00 58 5A   // прием: 11 байт; 18:52:17:564 09.12.2021
// таймаут: 681 мсек

19  : 1,000
Чтение параметров: 1 %


00 00 09 00 2E 00 13 E6 C5   // передача: 9 байт; 18:52:17:630 09.12.2021


55 00 00 13 FF F0 00 00 09 00 2E 00 13 E6 C5 21 B3 05 1D   // передача: 19 байт; 18:52:17:662 09.12.2021
// принято 11 байт (доступно 11 из 11 байт)   // 18:52:18:333 09.12.2021
// принято с сокета: 11 байт

01 00 0B 00 2E 3F 80 00 00 58 5A   // прием: 11 байт; 18:52:18:361 09.12.2021
// таймаут: 699 мсек

20  : 1,000
Чтение параметров: 1 %


00 00 09 00 2E 00 14 A7 07   // передача: 9 байт; 18:52:18:426 09.12.2021


55 00 00 13 FF F0 00 00 09 00 2E 00 14 A7 07 21 B3 05 1D   // передача: 19 байт; 18:52:18:455 09.12.2021
// принято 11 байт (доступно 11 из 11 байт)   // 18:52:19:075 09.12.2021
// принято с сокета: 11 байт

01 00 0B 00 2E 3F 80 00 00 58 5A   // прием: 11 байт; 18:52:19:075 09.12.2021
// таймаут: 620 мсек

21  : 1,000
Чтение параметров: 2 %


00 00 09 00 2E 00 15 66 C7   // передача: 9 байт; 18:52:19:076 09.12.2021


55 00 00 13 FF F0 00 00 09 00 2E 00 15 66 C7 21 B3 05 1D   // передача: 19 байт; 18:52:19:076 09.12.2021
// принято 11 байт (доступно 11 из 11 байт)   // 18:52:19:672 09.12.2021
// принято с сокета: 11 байт

01 00 0B 00 2E 3F 80 00 00 58 5A   // прием: 11 байт; 18:52:19:672 09.12.2021
// таймаут: 596 мсек

22  : 1,000
Чтение параметров: 2 %


00 00 09 00 2E 00 16 26 C6   // передача: 9 байт; 18:52:19:673 09.12.2021


55 00 00 13 FF F0 00 00 09 00 2E 00 16 26 C6 21 B3 05 1D   // передача: 19 байт; 18:52:19:673 09.12.2021
// принято 11 байт (доступно 11 из 11 байт)   // 18:52:20:251 09.12.2021
// принято с сокета: 11 байт

01 00 0B 00 2E 3F 80 00 00 58 5A   // прием: 11 байт; 18:52:20:251 09.12.2021
// таймаут: 578 мсек

23  : 1,000
Чтение параметров: 2 %


00 00 09 00 2E 00 17 E7 06   // передача: 9 байт; 18:52:20:252 09.12.2021


55 00 00 13 FF F0 00 00 09 00 2E 00 17 E7 06 21 B3 05 1D   // передача: 19 байт; 18:52:20:252 09.12.2021
// принято 11 байт (доступно 11 из 11 байт)   // 18:52:20:826 09.12.2021
// принято с сокета: 11 байт

01 00 0B 00 2E 3F 80 00 00 58 5A   // прием: 11 байт; 18:52:20:826 09.12.2021
// таймаут: 574 мсек

24  : 1,000
Чтение параметров: 2 %


00 00 09 00 2E 00 18 A7 02   // передача: 9 байт; 18:52:20:827 09.12.2021


55 00 00 13 FF F0 00 00 09 00 2E 00 18 A7 02 21 B3 05 1D   // передача: 19 байт; 18:52:20:827 09.12.2021
// принято 11 байт (доступно 11 из 11 байт)   // 18:52:21:511 09.12.2021
// принято с сокета: 11 байт

01 00 0B 00 2E 3F 80 00 00 58 5A   // прием: 11 байт; 18:52:21:511 09.12.2021
// таймаут: 684 мсек

25  : 1,000
Чтение параметров: 2 %


00 00 09 00 2E 00 19 66 C2   // передача: 9 байт; 18:52:21:512 09.12.2021


55 00 00 13 FF F0 00 00 09 00 2E 00 19 66 C2 21 B3 05 1D   // передача: 19 байт; 18:52:21:512 09.12.2021
// принято 11 байт (доступно 11 из 11 байт)   // 18:52:22:254 09.12.2021
// принято с сокета: 11 байт

01 00 0B 00 2E 3F 80 00 00 58 5A   // прием: 11 байт; 18:52:22:254 09.12.2021
// таймаут: 742 мсек

26  : 1,000
Чтение параметров: 2 %


00 00 09 00 2E 00 1A 26 C3   // передача: 9 байт; 18:52:22:255 09.12.2021


55 00 00 13 FF F0 00 00 09 00 2E 00 1A 26 C3 21 B3 05 1D   // передача: 19 байт; 18:52:22:255 09.12.2021



1A   // передача: 1 байт; 18:52:23:816 09.12.2021
// принято 11 байт (доступно 11 из 0 байт)   // 18:52:24:634 09.12.2021
// принято с сокета: 11 байт

01 00 0B 00 2E 3F 80 00 00 58 5A   // прием: 11 байт; 18:52:24:634 09.12.2021
// таймаут: 818 мсек

Чтение адресов и паролей


00 00 09 00 FF 1C 00 FF F1   // передача: 9 байт; 18:52:25:336 09.12.2021


55 00 00 13 FF F0 00 00 09 00 FF 1C 00 FF F1 21 B3 05 1D   // передача: 19 байт; 18:52:25:336 09.12.2021
// принято 15 байт (доступно 15 из 15 байт)   // 18:52:25:986 09.12.2021
// принято с сокета: 15 байт

01 00 0F 00 FF 00 00 00 5C 00 01 86 A1 56 9F   // прием: 15 байт; 18:52:25:986 09.12.2021
// таймаут: 650 мсек

Чтение адресов и паролей: 1 %


00 00 09 00 FF 1C 01 3E 31   // передача: 9 байт; 18:52:25:987 09.12.2021


55 00 00 13 FF F0 00 00 09 00 FF 1C 01 3E 31 21 B3 05 1D   // передача: 19 байт; 18:52:25:987 09.12.2021
// принято 15 байт (доступно 15 из 15 байт)   // 18:52:26:551 09.12.2021
// принято с сокета: 15 байт

01 00 0F 00 FF 04 30 40 A0 00 01 86 A1 39 BB   // прием: 15 байт; 18:52:26:551 09.12.2021
// таймаут: 564 мсек

Чтение адресов и паролей: 3 %


00 00 09 00 FF 1C 02 7E 30   // передача: 9 байт; 18:52:26:552 09.12.2021


55 00 00 13 FF F0 00 00 09 00 FF 1C 02 7E 30 21 B3 05 1D   // передача: 19 байт; 18:52:26:552 09.12.2021
// принято 15 байт (доступно 15 из 15 байт)   // 18:52:27:291 09.12.2021
// принято с сокета: 15 байт

01 00 0F 00 FF 00 00 00 26 00 01 86 A1 8F 55   // прием: 15 байт; 18:52:27:291 09.12.2021
// таймаут: 739 мсек

Чтение адресов и паролей: 4 %


00 00 09 00 FF 1C 03 BF F0   // передача: 9 байт; 18:52:27:292 09.12.2021


55 00 00 13 FF F0 00 00 09 00 FF 1C 03 BF F0 21 B3 05 1D   // передача: 19 байт; 18:52:27:292 09.12.2021
// принято 15 байт (доступно 15 из 15 байт)   // 18:52:27:883 09.12.2021
// принято с сокета: 15 байт

01 00 0F 00 FF 00 00 00 3B 00 01 86 A1 63 57   // прием: 15 байт; 18:52:27:883 09.12.2021
// таймаут: 591 мсек

Чтение адресов и паролей: 6 %


00 00 09 00 FF 1C 04 FE 32   // передача: 9 байт; 18:52:27:884 09.12.2021


55 00 00 13 FF F0 00 00 09 00 FF 1C 04 FE 32 21 B3 05 1D   // передача: 19 байт; 18:52:27:884 09.12.2021
// принято 15 байт (доступно 15 из 15 байт)   // 18:52:28:547 09.12.2021
// принято с сокета: 15 байт

01 00 0F 00 FF 00 00 00 00 00 00 00 00 74 8A   // прием: 15 байт; 18:52:28:548 09.12.2021
// таймаут: 664 мсек

Чтение адресов и паролей: 7 %


00 00 09 00 FF 1C 05 3F F2   // передача: 9 байт; 18:52:28:548 09.12.2021


55 00 00 13 FF F0 00 00 09 00 FF 1C 05 3F F2 21 B3 05 1D   // передача: 19 байт; 18:52:28:548 09.12.2021
// принято 15 байт (доступно 15 из 15 байт)   // 18:52:29:091 09.12.2021
// принято с сокета: 15 байт

01 00 0F 00 FF 00 00 00 00 00 00 00 00 74 8A   // прием: 15 байт; 18:52:29:092 09.12.2021
// таймаут: 544 мсек

Чтение адресов и паролей: 9 %


00 00 09 00 FF 1C 06 7F F3   // передача: 9 байт; 18:52:29:092 09.12.2021


55 00 00 13 FF F0 00 00 09 00 FF 1C 06 7F F3 21 B3 05 1D   // передача: 19 байт; 18:52:29:093 09.12.2021
// принято 15 байт (доступно 15 из 15 байт)   // 18:52:31:113 09.12.2021
// принято с сокета: 15 байт

01 00 0F 00 FF 00 00 00 00 00 00 00 00 74 8A   // прием: 15 байт; 18:52:31:113 09.12.2021
// таймаут: 2020 мсек

Чтение адресов и паролей: 11 %


00 00 09 00 FF 1C 07 BE 33   // передача: 9 байт; 18:52:31:114 09.12.2021


55 00 00 13 FF F0 00 00 09 00 FF 1C 07 BE 33 21 B3 05 1D   // передача: 19 байт; 18:52:31:114 09.12.2021
// принято 15 байт (доступно 15 из 15 байт)   // 18:52:31:713 09.12.2021
// принято с сокета: 15 байт

01 00 0F 00 FF 00 00 00 00 00 00 00 00 74 8A   // прием: 15 байт; 18:52:31:713 09.12.2021
// таймаут: 599 мсек

Чтение адресов и паролей: 12 %


00 00 09 00 FF 1C 08 FE 37   // передача: 9 байт; 18:52:31:714 09.12.2021


55 00 00 13 FF F0 00 00 09 00 FF 1C 08 FE 37 21 B3 05 1D   // передача: 19 байт; 18:52:31:714 09.12.2021
// принято 15 байт (доступно 15 из 15 байт)   // 18:52:32:351 09.12.2021
// принято с сокета: 15 байт

01 00 0F 00 FF 00 00 00 00 00 00 00 00 74 8A   // прием: 15 байт; 18:52:32:351 09.12.2021
// таймаут: 637 мсек

Чтение адресов и паролей: 14 %


00 00 09 00 FF 1C 09 3F F7   // передача: 9 байт; 18:52:32:352 09.12.2021


55 00 00 13 FF F0 00 00 09 00 FF 1C 09 3F F7 21 B3 05 1D   // передача: 19 байт; 18:52:32:352 09.12.2021
// принято 15 байт (доступно 15 из 15 байт)   // 18:52:32:909 09.12.2021
// принято с сокета: 15 байт

01 00 0F 00 FF 00 00 00 00 00 00 00 00 74 8A   // прием: 15 байт; 18:52:32:910 09.12.2021
// таймаут: 558 мсек

Чтение адресов и паролей: 15 %


00 00 09 00 FF 1C 0A 7F F6   // передача: 9 байт; 18:52:32:910 09.12.2021


55 00 00 13 FF F0 00 00 09 00 FF 1C 0A 7F F6 21 B3 05 1D   // передача: 19 байт; 18:52:32:911 09.12.2021
// принято 15 байт (доступно 15 из 15 байт)   // 18:52:33:583 09.12.2021
// принято с сокета: 15 байт

01 00 0F 00 FF 00 00 00 00 00 00 00 00 74 8A   // прием: 15 байт; 18:52:33:583 09.12.2021
// таймаут: 672 мсек

Чтение адресов и паролей: 17 %


00 00 09 00 FF 1C 0B BE 36   // передача: 9 байт; 18:52:33:584 09.12.2021


55 00 00 13 FF F0 00 00 09 00 FF 1C 0B BE 36 21 B3 05 1D   // передача: 19 байт; 18:52:33:584 09.12.2021
// принято 15 байт (доступно 15 из 15 байт)   // 18:52:34:352 09.12.2021
// принято с сокета: 15 байт

01 00 0F 00 FF 00 00 00 00 00 00 00 00 74 8A   // прием: 15 байт; 18:52:34:352 09.12.2021
// таймаут: 768 мсек

Чтение адресов и паролей: 19 %


00 00 09 00 FF 1C 0C FF F4   // передача: 9 байт; 18:52:34:353 09.12.2021


55 00 00 13 FF F0 00 00 09 00 FF 1C 0C FF F4 21 B3 05 1D   // передача: 19 байт; 18:52:34:353 09.12.2021
// принято 15 байт (доступно 15 из 15 байт)   // 18:52:35:092 09.12.2021
// принято с сокета: 15 байт

01 00 0F 00 FF 00 00 00 00 00 00 00 00 74 8A   // прием: 15 байт; 18:52:35:092 09.12.2021
// таймаут: 739 мсек

Чтение адресов и паролей: 20 %


00 00 09 00 FF 1C 0D 3E 34   // передача: 9 байт; 18:52:35:093 09.12.2021


55 00 00 13 FF F0 00 00 09 00 FF 1C 0D 3E 34 21 B3 05 1D   // передача: 19 байт; 18:52:35:093 09.12.2021
// принято 15 байт (доступно 15 из 15 байт)   // 18:52:35:649 09.12.2021
// принято с сокета: 15 байт

01 00 0F 00 FF 00 00 00 00 00 00 00 00 74 8A   // прием: 15 байт; 18:52:35:649 09.12.2021
// таймаут: 556 мсек

Чтение адресов и паролей: 22 %


00 00 09 00 FF 1C 0E 7E 35   // передача: 9 байт; 18:52:35:650 09.12.2021


55 00 00 13 FF F0 00 00 09 00 FF 1C 0E 7E 35 21 B3 05 1D   // передача: 19 байт; 18:52:35:650 09.12.2021
// принято 15 байт (доступно 15 из 15 байт)   // 18:52:36:251 09.12.2021
// принято с сокета: 15 байт

01 00 0F 00 FF 00 00 00 00 00 00 00 00 74 8A   // прием: 15 байт; 18:52:36:251 09.12.2021
// таймаут: 601 мсек

Чтение адресов и паролей: 23 %


00 00 09 00 FF 1C 0F BF F5   // передача: 9 байт; 18:52:36:252 09.12.2021


55 00 00 13 FF F0 00 00 09 00 FF 1C 0F BF F5 21 B3 05 1D   // передача: 19 байт; 18:52:36:252 09.12.2021
// принято 15 байт (доступно 15 из 15 байт)   // 18:52:36:831 09.12.2021
// принято с сокета: 15 байт

01 00 0F 00 FF 00 00 00 00 00 00 00 00 74 8A   // прием: 15 байт; 18:52:36:831 09.12.2021
// таймаут: 579 мсек

Чтение адресов и паролей: 25 %


00 00 09 00 FF 1C 10 FE 3D   // передача: 9 байт; 18:52:36:832 09.12.2021


55 00 00 13 FF F0 00 00 09 00 FF 1C 10 FE 3D 21 B3 05 1D   // передача: 19 байт; 18:52:36:832 09.12.2021
// принято 15 байт (доступно 15 из 15 байт)   // 18:52:37:492 09.12.2021
// принято с сокета: 15 байт

01 00 0F 00 FF 00 00 00 00 00 00 00 00 74 8A   // прием: 15 байт; 18:52:37:492 09.12.2021
// таймаут: 660 мсек

Чтение адресов и паролей: 26 %


00 00 09 00 FF 1C 11 3F FD   // передача: 9 байт; 18:52:37:493 09.12.2021


55 00 00 13 FF F0 00 00 09 00 FF 1C 11 3F FD 21 B3 05 1D   // передача: 19 байт; 18:52:37:493 09.12.2021
// принято 15 байт (доступно 15 из 15 байт)   // 18:52:38:229 09.12.2021
// принято с сокета: 15 байт

01 00 0F 00 FF 00 00 00 00 00 00 00 00 74 8A   // прием: 15 байт; 18:52:38:229 09.12.2021
// таймаут: 736 мсек

Чтение адресов и паролей: 28 %


00 00 09 00 FF 1C 12 7F FC   // передача: 9 байт; 18:52:38:230 09.12.2021


55 00 00 13 FF F0 00 00 09 00 FF 1C 12 7F FC 21 B3 05 1D   // передача: 19 байт; 18:52:38:230 09.12.2021
// принято 15 байт (доступно 15 из 15 байт)   // 18:52:38:811 09.12.2021
// принято с сокета: 15 байт

01 00 0F 00 FF 00 00 00 00 00 00 00 00 74 8A   // прием: 15 байт; 18:52:38:812 09.12.2021
// таймаут: 582 мсек

Чтение адресов и паролей: 30 %


00 00 09 00 FF 1C 13 BE 3C   // передача: 9 байт; 18:52:38:812 09.12.2021


55 00 00 13 FF F0 00 00 09 00 FF 1C 13 BE 3C 21 B3 05 1D   // передача: 19 байт; 18:52:38:813 09.12.2021
// принято 15 байт (доступно 15 из 15 байт)   // 18:52:39:393 09.12.2021
// принято с сокета: 15 байт

01 00 0F 00 FF 00 00 00 00 00 00 00 00 74 8A   // прием: 15 байт; 18:52:39:393 09.12.2021
// таймаут: 580 мсек

Чтение адресов и паролей: 31 %


00 00 09 00 FF 1C 14 FF FE   // передача: 9 байт; 18:52:39:394 09.12.2021


55 00 00 13 FF F0 00 00 09 00 FF 1C 14 FF FE 21 B3 05 1D   // передача: 19 байт; 18:52:39:394 09.12.2021
// принято 15 байт (доступно 15 из 15 байт)   // 18:52:39:933 09.12.2021
// принято с сокета: 15 байт

01 00 0F 00 FF 00 00 00 00 00 00 00 00 74 8A   // прием: 15 байт; 18:52:39:933 09.12.2021
// таймаут: 539 мсек

Чтение адресов и паролей: 33 %


00 00 09 00 FF 1C 15 3E 3E   // передача: 9 байт; 18:52:39:934 09.12.2021


55 00 00 13 FF F0 00 00 09 00 FF 1C 15 3E 3E 21 B3 05 1D   // передача: 19 байт; 18:52:39:934 09.12.2021
// принято 15 байт (доступно 15 из 15 байт)   // 18:52:40:568 09.12.2021
// принято с сокета: 15 байт

01 00 0F 00 FF 00 00 00 00 00 00 00 00 74 8A   // прием: 15 байт; 18:52:40:568 09.12.2021
// таймаут: 634 мсек

Чтение адресов и паролей: 34 %


00 00 09 00 FF 1C 16 7E 3F   // передача: 9 байт; 18:52:40:569 09.12.2021


55 00 00 13 FF F0 00 00 09 00 FF 1C 16 7E 3F 21 B3 05 1D   // передача: 19 байт; 18:52:40:569 09.12.2021
// принято 15 байт (доступно 15 из 15 байт)   // 18:52:41:128 09.12.2021
// принято с сокета: 15 байт

01 00 0F 00 FF 00 00 00 00 00 00 00 00 74 8A   // прием: 15 байт; 18:52:41:128 09.12.2021
// таймаут: 559 мсек

Чтение адресов и паролей: 36 %


00 00 09 00 FF 1C 17 BF FF   // передача: 9 байт; 18:52:41:129 09.12.2021


55 00 00 13 FF F0 00 00 09 00 FF 1C 17 BF FF 21 B3 05 1D   // передача: 19 байт; 18:52:41:129 09.12.2021
// принято 15 байт (доступно 15 из 15 байт)   // 18:52:41:814 09.12.2021
// принято с сокета: 15 байт

01 00 0F 00 FF 00 00 00 00 00 00 00 00 74 8A   // прием: 15 байт; 18:52:41:814 09.12.2021
// таймаут: 685 мсек

Чтение адресов и паролей: 38 %


00 00 09 00 FF 1C 18 FF FB   // передача: 9 байт; 18:52:41:815 09.12.2021


55 00 00 13 FF F0 00 00 09 00 FF 1C 18 FF FB 21 B3 05 1D   // передача: 19 байт; 18:52:41:815 09.12.2021
// принято 15 байт (доступно 15 из 15 байт)   // 18:52:42:451 09.12.2021
// принято с сокета: 15 байт

01 00 0F 00 FF 00 00 00 00 00 00 00 00 74 8A   // прием: 15 байт; 18:52:42:452 09.12.2021
// таймаут: 637 мсек

Чтение адресов и паролей: 39 %


00 00 09 00 FF 1C 19 3E 3B   // передача: 9 байт; 18:52:42:453 09.12.2021


55 00 00 13 FF F0 00 00 09 00 FF 1C 19 3E 3B 21 B3 05 1D   // передача: 19 байт; 18:52:42:453 09.12.2021
// принято 15 байт (доступно 15 из 15 байт)   // 18:52:43:064 09.12.2021
// принято с сокета: 15 байт

01 00 0F 00 FF 00 00 00 00 00 00 00 00 74 8A   // прием: 15 байт; 18:52:43:064 09.12.2021
// таймаут: 611 мсек

Чтение адресов и паролей: 41 %


00 00 09 00 FF 1C 1A 7E 3A   // передача: 9 байт; 18:52:43:065 09.12.2021


55 00 00 13 FF F0 00 00 09 00 FF 1C 1A 7E 3A 21 B3 05 1D   // передача: 19 байт; 18:52:43:065 09.12.2021
// принято 15 байт (доступно 15 из 15 байт)   // 18:52:43:669 09.12.2021
// принято с сокета: 15 байт

01 00 0F 00 FF 00 00 00 00 00 00 00 00 74 8A   // прием: 15 байт; 18:52:43:669 09.12.2021
// таймаут: 604 мсек

Чтение адресов и паролей: 42 %


00 00 09 00 FF 1C 1B BF FA   // передача: 9 байт; 18:52:43:670 09.12.2021


55 00 00 13 FF F0 00 00 09 00 FF 1C 1B BF FA 21 B3 05 1D   // передача: 19 байт; 18:52:43:670 09.12.2021
// принято 15 байт (доступно 15 из 15 байт)   // 18:52:44:188 09.12.2021
// принято с сокета: 15 байт

01 00 0F 00 FF 00 00 00 00 00 00 00 00 74 8A   // прием: 15 байт; 18:52:44:189 09.12.2021
// таймаут: 519 мсек

Чтение адресов и паролей: 44 %


00 00 09 00 FF 1C 1C FE 38   // передача: 9 байт; 18:52:44:190 09.12.2021


55 00 00 13 FF F0 00 00 09 00 FF 1C 1C FE 38 21 B3 05 1D   // передача: 19 байт; 18:52:44:190 09.12.2021
// принято 15 байт (доступно 15 из 15 байт)   // 18:52:44:772 09.12.2021
// принято с сокета: 15 байт

01 00 0F 00 FF 00 00 00 00 00 00 00 00 74 8A   // прием: 15 байт; 18:52:44:773 09.12.2021
// таймаут: 583 мсек

Чтение адресов и паролей: 46 %


00 00 09 00 FF 1C 1D 3F F8   // передача: 9 байт; 18:52:44:773 09.12.2021


55 00 00 13 FF F0 00 00 09 00 FF 1C 1D 3F F8 21 B3 05 1D   // передача: 19 байт; 18:52:44:774 09.12.2021
// принято 15 байт (доступно 15 из 15 байт)   // 18:52:45:408 09.12.2021
// принято с сокета: 15 байт

01 00 0F 00 FF 00 00 00 00 00 00 00 00 74 8A   // прием: 15 байт; 18:52:45:408 09.12.2021
// таймаут: 634 мсек

Чтение адресов и паролей: 47 %


00 00 09 00 FF 1C 1E 7F F9   // передача: 9 байт; 18:52:45:409 09.12.2021


55 00 00 13 FF F0 00 00 09 00 FF 1C 1E 7F F9 21 B3 05 1D   // передача: 19 байт; 18:52:45:409 09.12.2021
// принято 15 байт (доступно 15 из 15 байт)   // 18:52:45:953 09.12.2021
// принято с сокета: 15 байт

01 00 0F 00 FF 00 00 00 00 00 00 00 00 74 8A   // прием: 15 байт; 18:52:45:953 09.12.2021
// таймаут: 544 мсек

Чтение адресов и паролей: 49 %


00 00 09 00 FF 1C 1F BE 39   // передача: 9 байт; 18:52:45:954 09.12.2021


55 00 00 13 FF F0 00 00 09 00 FF 1C 1F BE 39 21 B3 05 1D   // передача: 19 байт; 18:52:45:955 09.12.2021
// принято 15 байт (доступно 15 из 15 байт)   // 18:52:46:554 09.12.2021
// принято с сокета: 15 байт

01 00 0F 00 FF 00 00 00 00 00 00 00 00 74 8A   // прием: 15 байт; 18:52:46:555 09.12.2021
// таймаут: 600 мсек

Чтение адресов и паролей: 50 %


00 00 09 00 FF 1C 20 FE 29   // передача: 9 байт; 18:52:46:555 09.12.2021


55 00 00 13 FF F0 00 00 09 00 FF 1C 20 FE 29 21 B3 05 1D   // передача: 19 байт; 18:52:46:556 09.12.2021
// принято 15 байт (доступно 15 из 15 байт)   // 18:52:47:172 09.12.2021
// принято с сокета: 15 байт

01 00 0F 00 FF 00 00 00 00 00 00 00 00 74 8A   // прием: 15 байт; 18:52:47:172 09.12.2021
// таймаут: 616 мсек

Чтение адресов и паролей: 52 %


00 00 09 00 FF 1C 21 3F E9   // передача: 9 байт; 18:52:47:173 09.12.2021


55 00 00 13 FF F0 00 00 09 00 FF 1C 21 3F E9 21 B3 05 1D   // передача: 19 байт; 18:52:47:173 09.12.2021
// принято 15 байт (доступно 15 из 15 байт)   // 18:52:47:710 09.12.2021
// принято с сокета: 15 байт

01 00 0F 00 FF 00 00 00 00 00 00 00 00 74 8A   // прием: 15 байт; 18:52:47:710 09.12.2021
// таймаут: 537 мсек

Чтение адресов и паролей: 53 %


00 00 09 00 FF 1C 22 7F E8   // передача: 9 байт; 18:52:47:711 09.12.2021


55 00 00 13 FF F0 00 00 09 00 FF 1C 22 7F E8 21 B3 05 1D   // передача: 19 байт; 18:52:47:711 09.12.2021
// принято 15 байт (доступно 15 из 15 байт)   // 18:52:48:350 09.12.2021
// принято с сокета: 15 байт

01 00 0F 00 FF 00 00 00 00 00 00 00 00 74 8A   // прием: 15 байт; 18:52:48:350 09.12.2021
// таймаут: 639 мсек

Чтение адресов и паролей: 55 %


00 00 09 00 FF 1C 23 BE 28   // передача: 9 байт; 18:52:48:351 09.12.2021


55 00 00 13 FF F0 00 00 09 00 FF 1C 23 BE 28 21 B3 05 1D   // передача: 19 байт; 18:52:48:351 09.12.2021
// принято 15 байт (доступно 15 из 15 байт)   // 18:52:48:910 09.12.2021
// принято с сокета: 15 байт

01 00 0F 00 FF 00 00 00 00 00 00 00 00 74 8A   // прием: 15 байт; 18:52:48:910 09.12.2021
// таймаут: 559 мсек

Чтение адресов и паролей: 57 %


00 00 09 00 FF 1C 24 FF EA   // передача: 9 байт; 18:52:48:911 09.12.2021


55 00 00 13 FF F0 00 00 09 00 FF 1C 24 FF EA 21 B3 05 1D   // передача: 19 байт; 18:52:48:911 09.12.2021
// принято 15 байт (доступно 15 из 15 байт)   // 18:52:49:510 09.12.2021
// принято с сокета: 15 байт

01 00 0F 00 FF 00 00 00 00 00 00 00 00 74 8A   // прием: 15 байт; 18:52:49:510 09.12.2021
// таймаут: 599 мсек

Чтение адресов и паролей: 58 %


00 00 09 00 FF 1C 25 3E 2A   // передача: 9 байт; 18:52:49:511 09.12.2021


55 00 00 13 FF F0 00 00 09 00 FF 1C 25 3E 2A 21 B3 05 1D   // передача: 19 байт; 18:52:49:511 09.12.2021
// принято 15 байт (доступно 15 из 15 байт)   // 18:52:50:370 09.12.2021
// принято с сокета: 15 байт

01 00 0F 00 FF 00 00 00 00 00 00 00 00 74 8A   // прием: 15 байт; 18:52:50:371 09.12.2021
// таймаут: 860 мсек

Чтение адресов и паролей: 60 %


00 00 09 00 FF 1C 26 7E 2B   // передача: 9 байт; 18:52:50:371 09.12.2021


55 00 00 13 FF F0 00 00 09 00 FF 1C 26 7E 2B 21 B3 05 1D   // передача: 19 байт; 18:52:50:372 09.12.2021
// принято 15 байт (доступно 15 из 15 байт)   // 18:52:50:947 09.12.2021
// принято с сокета: 15 байт

01 00 0F 00 FF 00 00 00 00 00 00 00 00 74 8A   // прием: 15 байт; 18:52:50:947 09.12.2021
// таймаут: 575 мсек

Чтение адресов и паролей: 61 %


00 00 09 00 FF 1C 27 BF EB   // передача: 9 байт; 18:52:50:948 09.12.2021


55 00 00 13 FF F0 00 00 09 00 FF 1C 27 BF EB 21 B3 05 1D   // передача: 19 байт; 18:52:50:948 09.12.2021
// принято 15 байт (доступно 15 из 15 байт)   // 18:52:51:528 09.12.2021
// принято с сокета: 15 байт

01 00 0F 00 FF 00 00 00 00 00 00 00 00 74 8A   // прием: 15 байт; 18:52:51:528 09.12.2021
// таймаут: 580 мсек

Чтение адресов и паролей: 63 %


00 00 09 00 FF 1C 28 FF EF   // передача: 9 байт; 18:52:51:529 09.12.2021


55 00 00 13 FF F0 00 00 09 00 FF 1C 28 FF EF 21 B3 05 1D   // передача: 19 байт; 18:52:51:529 09.12.2021
// принято 15 байт (доступно 15 из 15 байт)   // 18:52:52:107 09.12.2021
// принято с сокета: 15 байт

01 00 0F 00 FF 00 00 00 00 00 00 00 00 74 8A   // прием: 15 байт; 18:52:52:107 09.12.2021
// таймаут: 578 мсек

Чтение адресов и паролей: 65 %


00 00 09 00 FF 1C 29 3E 2F   // передача: 9 байт; 18:52:52:108 09.12.2021


55 00 00 13 FF F0 00 00 09 00 FF 1C 29 3E 2F 21 B3 05 1D   // передача: 19 байт; 18:52:52:108 09.12.2021
// принято 15 байт (доступно 15 из 15 байт)   // 18:52:52:687 09.12.2021
// принято с сокета: 15 байт

01 00 0F 00 FF 00 00 00 00 00 00 00 00 74 8A   // прием: 15 байт; 18:52:52:687 09.12.2021
// таймаут: 579 мсек

Чтение адресов и паролей: 66 %


00 00 09 00 FF 1C 2A 7E 2E   // передача: 9 байт; 18:52:52:688 09.12.2021


55 00 00 13 FF F0 00 00 09 00 FF 1C 2A 7E 2E 21 B3 05 1D   // передача: 19 байт; 18:52:52:689 09.12.2021
// принято 15 байт (доступно 15 из 15 байт)   // 18:52:53:343 09.12.2021
// принято с сокета: 15 байт

01 00 0F 00 FF 00 00 00 00 00 00 00 00 74 8A   // прием: 15 байт; 18:52:53:343 09.12.2021
// таймаут: 654 мсек

Чтение адресов и паролей: 68 %


00 00 09 00 FF 1C 2B BF EE   // передача: 9 байт; 18:52:53:344 09.12.2021


55 00 00 13 FF F0 00 00 09 00 FF 1C 2B BF EE 21 B3 05 1D   // передача: 19 байт; 18:52:53:344 09.12.2021
// принято 15 байт (доступно 15 из 15 байт)   // 18:52:54:130 09.12.2021
// принято с сокета: 15 байт

01 00 0F 00 FF 00 00 00 00 00 00 00 00 74 8A   // прием: 15 байт; 18:52:54:130 09.12.2021
// таймаут: 786 мсек

Чтение адресов и паролей: 69 %


00 00 09 00 FF 1C 2C FE 2C   // передача: 9 байт; 18:52:54:131 09.12.2021


55 00 00 13 FF F0 00 00 09 00 FF 1C 2C FE 2C 21 B3 05 1D   // передача: 19 байт; 18:52:54:131 09.12.2021
// принято 15 байт (доступно 15 из 15 байт)   // 18:52:54:868 09.12.2021
// принято с сокета: 15 байт

01 00 0F 00 FF 00 00 00 00 00 00 00 00 74 8A   // прием: 15 байт; 18:52:54:868 09.12.2021
// таймаут: 737 мсек

Чтение адресов и паролей: 71 %


00 00 09 00 FF 1C 2D 3F EC   // передача: 9 байт; 18:52:54:869 09.12.2021


55 00 00 13 FF F0 00 00 09 00 FF 1C 2D 3F EC 21 B3 05 1D   // передача: 19 байт; 18:52:54:869 09.12.2021
// принято 15 байт (доступно 15 из 15 байт)   // 18:52:55:832 09.12.2021
// принято с сокета: 15 байт

01 00 0F 00 FF 00 00 00 00 00 00 00 00 74 8A   // прием: 15 байт; 18:52:55:832 09.12.2021
// таймаут: 963 мсек

Чтение адресов и паролей: 73 %


00 00 09 00 FF 1C 2E 7F ED   // передача: 9 байт; 18:52:55:833 09.12.2021


55 00 00 13 FF F0 00 00 09 00 FF 1C 2E 7F ED 21 B3 05 1D   // передача: 19 байт; 18:52:55:833 09.12.2021
// принято 15 байт (доступно 15 из 15 байт)   // 18:52:56:524 09.12.2021
// принято с сокета: 15 байт

01 00 0F 00 FF 00 00 00 00 00 00 00 00 74 8A   // прием: 15 байт; 18:52:56:525 09.12.2021
// таймаут: 692 мсек

Чтение адресов и паролей: 74 %


00 00 09 00 FF 1C 2F BE 2D   // передача: 9 байт; 18:52:56:526 09.12.2021


55 00 00 13 FF F0 00 00 09 00 FF 1C 2F BE 2D 21 B3 05 1D   // передача: 19 байт; 18:52:56:526 09.12.2021
// принято 15 байт (доступно 15 из 15 байт)   // 18:52:57:249 09.12.2021
// принято с сокета: 15 байт

01 00 0F 00 FF 00 00 00 00 00 00 00 00 74 8A   // прием: 15 байт; 18:52:57:250 09.12.2021
// таймаут: 724 мсек

Чтение адресов и паролей: 76 %


00 00 09 00 FF 1C 30 FF E5   // передача: 9 байт; 18:52:57:250 09.12.2021


55 00 00 13 FF F0 00 00 09 00 FF 1C 30 FF E5 21 B3 05 1D   // передача: 19 байт; 18:52:57:251 09.12.2021
// принято 15 байт (доступно 15 из 15 байт)   // 18:52:57:869 09.12.2021
// принято с сокета: 15 байт

01 00 0F 00 FF 00 00 00 00 00 00 00 00 74 8A   // прием: 15 байт; 18:52:57:869 09.12.2021
// таймаут: 618 мсек

Чтение адресов и паролей: 77 %


00 00 09 00 FF 1C 31 3E 25   // передача: 9 байт; 18:52:57:870 09.12.2021


55 00 00 13 FF F0 00 00 09 00 FF 1C 31 3E 25 21 B3 05 1D   // передача: 19 байт; 18:52:57:870 09.12.2021
// принято 15 байт (доступно 15 из 15 байт)   // 18:52:58:610 09.12.2021
// принято с сокета: 15 байт

01 00 0F 00 FF 00 00 00 00 00 00 00 00 74 8A   // прием: 15 байт; 18:52:58:610 09.12.2021
// таймаут: 740 мсек

Чтение адресов и паролей: 79 %


00 00 09 00 FF 1C 32 7E 24   // передача: 9 байт; 18:52:58:611 09.12.2021


55 00 00 13 FF F0 00 00 09 00 FF 1C 32 7E 24 21 B3 05 1D   // передача: 19 байт; 18:52:58:611 09.12.2021
// принято 15 байт (доступно 15 из 15 байт)   // 18:52:59:270 09.12.2021
// принято с сокета: 15 байт

01 00 0F 00 FF 00 00 00 00 00 00 00 00 74 8A   // прием: 15 байт; 18:52:59:270 09.12.2021
// таймаут: 659 мсек

Чтение адресов и паролей: 80 %


00 00 09 00 FF 1C 33 BF E4   // передача: 9 байт; 18:52:59:271 09.12.2021


55 00 00 13 FF F0 00 00 09 00 FF 1C 33 BF E4 21 B3 05 1D   // передача: 19 байт; 18:52:59:271 09.12.2021
// принято 15 байт (доступно 15 из 15 байт)   // 18:52:59:868 09.12.2021
// принято с сокета: 15 байт

01 00 0F 00 FF 00 00 00 00 00 00 00 00 74 8A   // прием: 15 байт; 18:52:59:868 09.12.2021
// таймаут: 597 мсек

Чтение адресов и паролей: 82 %


00 00 09 00 FF 1C 34 FE 26   // передача: 9 байт; 18:52:59:869 09.12.2021


55 00 00 13 FF F0 00 00 09 00 FF 1C 34 FE 26 21 B3 05 1D   // передача: 19 байт; 18:52:59:870 09.12.2021
// принято 15 байт (доступно 15 из 15 байт)   // 18:53:00:408 09.12.2021
// принято с сокета: 15 байт

01 00 0F 00 FF 00 00 00 00 00 00 00 00 74 8A   // прием: 15 байт; 18:53:00:408 09.12.2021
// таймаут: 538 мсек

Чтение адресов и паролей: 84 %


00 00 09 00 FF 1C 35 3F E6   // передача: 9 байт; 18:53:00:410 09.12.2021


55 00 00 13 FF F0 00 00 09 00 FF 1C 35 3F E6 21 B3 05 1D   // передача: 19 байт; 18:53:00:410 09.12.2021
// принято 15 байт (доступно 15 из 15 байт)   // 18:53:01:010 09.12.2021
// принято с сокета: 15 байт

01 00 0F 00 FF 00 00 00 00 00 00 00 00 74 8A   // прием: 15 байт; 18:53:01:010 09.12.2021
// таймаут: 600 мсек

Чтение адресов и паролей: 85 %


00 00 09 00 FF 1C 36 7F E7   // передача: 9 байт; 18:53:01:011 09.12.2021


55 00 00 13 FF F0 00 00 09 00 FF 1C 36 7F E7 21 B3 05 1D   // передача: 19 байт; 18:53:01:011 09.12.2021
// принято 15 байт (доступно 15 из 15 байт)   // 18:53:01:551 09.12.2021
// принято с сокета: 15 байт

01 00 0F 00 FF 00 00 00 00 00 00 00 00 74 8A   // прием: 15 байт; 18:53:01:551 09.12.2021
// таймаут: 540 мсек

Чтение адресов и паролей: 87 %


00 00 09 00 FF 1C 37 BE 27   // передача: 9 байт; 18:53:01:552 09.12.2021


55 00 00 13 FF F0 00 00 09 00 FF 1C 37 BE 27 21 B3 05 1D   // передача: 19 байт; 18:53:01:552 09.12.2021
// принято 15 байт (доступно 15 из 15 байт)   // 18:53:02:169 09.12.2021
// принято с сокета: 15 байт

01 00 0F 00 FF 00 00 00 00 00 00 00 00 74 8A   // прием: 15 байт; 18:53:02:169 09.12.2021
// таймаут: 617 мсек

Чтение адресов и паролей: 88 %


00 00 09 00 FF 1C 38 FE 23   // передача: 9 байт; 18:53:02:170 09.12.2021


55 00 00 13 FF F0 00 00 09 00 FF 1C 38 FE 23 21 B3 05 1D   // передача: 19 байт; 18:53:02:170 09.12.2021
// принято 15 байт (доступно 15 из 15 байт)   // 18:53:02:829 09.12.2021
// принято с сокета: 15 байт

01 00 0F 00 FF 00 00 00 00 00 00 00 00 74 8A   // прием: 15 байт; 18:53:02:829 09.12.2021
// таймаут: 659 мсек

Чтение адресов и паролей: 90 %


00 00 09 00 FF 1C 39 3F E3   // передача: 9 байт; 18:53:02:830 09.12.2021


55 00 00 13 FF F0 00 00 09 00 FF 1C 39 3F E3 21 B3 05 1D   // передача: 19 байт; 18:53:02:830 09.12.2021
// принято 15 байт (доступно 15 из 15 байт)   // 18:53:03:410 09.12.2021
// принято с сокета: 15 байт

01 00 0F 00 FF 00 00 00 00 00 00 00 00 74 8A   // прием: 15 байт; 18:53:03:410 09.12.2021
// таймаут: 580 мсек

Чтение адресов и паролей: 92 %


00 00 09 00 FF 1C 3A 7F E2   // передача: 9 байт; 18:53:03:411 09.12.2021


55 00 00 13 FF F0 00 00 09 00 FF 1C 3A 7F E2 21 B3 05 1D   // передача: 19 байт; 18:53:03:411 09.12.2021
// принято 15 байт (доступно 15 из 15 байт)   // 18:53:04:010 09.12.2021
// принято с сокета: 15 байт

01 00 0F 00 FF 00 00 00 00 00 00 00 00 74 8A   // прием: 15 байт; 18:53:04:010 09.12.2021
// таймаут: 599 мсек

Чтение адресов и паролей: 93 %


00 00 09 00 FF 1C 3B BE 22   // передача: 9 байт; 18:53:04:011 09.12.2021


55 00 00 13 FF F0 00 00 09 00 FF 1C 3B BE 22 21 B3 05 1D   // передача: 19 байт; 18:53:04:011 09.12.2021
// принято 15 байт (доступно 15 из 15 байт)   // 18:53:04:610 09.12.2021
// принято с сокета: 15 байт

01 00 0F 00 FF 00 00 00 00 00 00 00 00 74 8A   // прием: 15 байт; 18:53:04:610 09.12.2021
// таймаут: 599 мсек

Чтение адресов и паролей: 95 %


00 00 09 00 FF 1C 3C FF E0   // передача: 9 байт; 18:53:04:611 09.12.2021


55 00 00 13 FF F0 00 00 09 00 FF 1C 3C FF E0 21 B3 05 1D   // передача: 19 байт; 18:53:04:611 09.12.2021
// принято 15 байт (доступно 15 из 15 байт)   // 18:53:05:130 09.12.2021
// принято с сокета: 15 байт

01 00 0F 00 FF 00 00 00 00 00 00 00 00 74 8A   // прием: 15 байт; 18:53:05:130 09.12.2021
// таймаут: 519 мсек

Чтение адресов и паролей: 96 %


00 00 09 00 FF 1C 3D 3E 20   // передача: 9 байт; 18:53:05:131 09.12.2021


55 00 00 13 FF F0 00 00 09 00 FF 1C 3D 3E 20 21 B3 05 1D   // передача: 19 байт; 18:53:05:131 09.12.2021
// принято 15 байт (доступно 15 из 15 байт)   // 18:53:05:750 09.12.2021
// принято с сокета: 15 байт

01 00 0F 00 FF 00 00 00 00 00 00 00 00 74 8A   // прием: 15 байт; 18:53:05:750 09.12.2021
// таймаут: 619 мсек

Чтение адресов и паролей: 98 %


00 00 09 00 FF 1C 3E 7E 21   // передача: 9 байт; 18:53:05:751 09.12.2021


55 00 00 13 FF F0 00 00 09 00 FF 1C 3E 7E 21 21 B3 05 1D   // передача: 19 байт; 18:53:05:751 09.12.2021
// принято 15 байт (доступно 15 из 15 байт)   // 18:53:06:410 09.12.2021
// принято с сокета: 15 байт

01 00 0F 00 FF 00 00 00 00 00 00 00 00 74 8A   // прием: 15 байт; 18:53:06:410 09.12.2021
// таймаут: 659 мсек

Чтение адресов и паролей: 100 %


00 00 09 00 FF 1C 3F BF E1   // передача: 9 байт; 18:53:06:411 09.12.2021


55 00 00 13 FF F0 00 00 09 00 FF 1C 3F BF E1 21 B3 05 1D   // передача: 19 байт; 18:53:06:411 09.12.2021
// принято 15 байт (доступно 15 из 15 байт)   // 18:53:06:970 09.12.2021
// принято с сокета: 15 байт

01 00 0F 00 FF 00 00 00 00 00 00 00 00 74 8A   // прием: 15 байт; 18:53:06:970 09.12.2021
// таймаут: 559 мсек

Чтение адресов и паролей: 100 %
Событие: Disconnecting.   // 18:53:14:870 09.12.2021
Отсоединение   // 18:53:14:871 09.12.2021
Событие: Disconnected.   // 18:53:14:872 09.12.2021
// принято 0 байт (доступно 0 из 0 байт)   // 18:53:14:875 09.12.2021
// принято с сокета: 0 байт
Ошибка при закрытии сокета: Thread Error: Неверный дескриптор (6)   // 18:53:14:876 09.12.2021
// приём по таймауту: 5000 мс

// О программе
