Событие: Connecting to 128.65.41.5.   // 18:34:26:945 09.12.2021
Событие: Connected.   // 18:34:28:726 09.12.2021
Установлено соединение c сокетом: 128.65.41.5:2305   // 18:34:28:727 09.12.2021
Чтение коэффициентов


00 00 07 00 1E 15 C9   // передача: 7 байт; 18:34:31:492 09.12.2021


55 00 00 11 FF F0 00 00 07 00 1E 15 C9 21 B3 8C 7D   // передача: 17 байт; 18:34:31:493 09.12.2021
// приём по таймауту: 5000 мс
// принято с сокета: 0 байт
Чтение коэффициентов


00 00 07 00 1E 15 C9   // передача: 7 байт; 18:34:39:925 09.12.2021


55 00 00 11 FF F0 00 00 07 00 1E 15 C9 21 B3 8C 7D   // передача: 17 байт; 18:34:39:925 09.12.2021
Чтение параметров


00 00 09 00 2E 00 00 A7 08   // передача: 9 байт; 18:34:44:077 09.12.2021


55 00 00 13 FF F0 00 00 09 00 2E 00 00 A7 08 21 B3 05 1D   // передача: 19 байт; 18:34:44:077 09.12.2021
// приём по таймауту: 5000 мс
// принято с сокета: 0 байт
Событие: Disconnected.   // 18:35:45:411 09.12.2021
Отсоединение   // 18:35:45:412 09.12.2021
// принято 0 байт (доступно 0 из 11 байт)   // 18:35:45:414 09.12.2021
// приём по таймауту: 5000 мс
Событие: Connecting to 128.65.41.5.   // 18:36:23:591 09.12.2021
Событие: Connected.   // 18:36:25:705 09.12.2021
Установлено соединение c сокетом: 128.65.41.5:2305   // 18:36:25:707 09.12.2021



1A   // передача: 1 байт; 18:36:30:376 09.12.2021
Чтение коэффициентов


00 00 07 00 1E 15 C9   // передача: 7 байт; 18:36:30:431 09.12.2021


55 00 00 11 FF F0 00 00 07 00 1E 15 C9 21 B3 8C 7D   // передача: 17 байт; 18:36:30:431 09.12.2021
// приём по таймауту: 5000 мс
// принято с сокета: 0 байт

// О программе
