OnTapiStatus event
событие: Dialing... 7128364
OnTapiStatus event
событие: Proceeding... 7128364
OnTapiStatus event
Last event
OnTapiPortOpen event
OnTapiConnect event
установлено соединение на скорости 9600


00 00 08 00 F6 0C 45 DE   // передача: 8 байт; 20:41:10:057 02.07.2020


55 00 00 12 FF F0 00 00 08 00 F6 0C 45 DE 21 B3 05 B9   // передача: 18 байт; 20:41:10:058 02.07.2020
// приём по количеству байт: 9 из 9
// принято с порта: 9 байт

01 00 09 00 F6 00 00 37 F3   // прием: 9 байт; 20:41:11:585 02.07.2020
// таймаут: 1527 мсек



00 00 07 00 F7 D4 47   // передача: 7 байт; 20:41:11:586 02.07.2020


55 00 00 11 FF F0 00 00 07 00 F7 D4 47 21 B3 8C 7D   // передача: 17 байт; 20:41:11:586 02.07.2020
// приём по количеству байт: 39 из 39
// принято с порта: 39 байт

01 00 27 00 F7 CF F0 EE E3 F0 E0 EC EC E0 20 3F 20 20 20 20 20 3E 5F 5F 5F 20 20 20 20 20 20 20 20 20 20 20 20 5B EF   // прием: 39 байт; 20:41:13:085 02.07.2020
// таймаут: 1499 мсек

Программа ?     
>___            


00 00 08 00 F6 01 84 1B   // передача: 8 байт; 20:41:14:223 02.07.2020


55 00 00 12 FF F0 00 00 08 00 F6 01 84 1B 21 B3 05 B9   // передача: 18 байт; 20:41:14:223 02.07.2020


00 00 08 00 F6 01 84 1B   // передача: 8 байт; 20:41:14:967 02.07.2020


55 00 00 12 FF F0 00 00 08 00 F6 01 84 1B 21 B3 05 B9   // передача: 18 байт; 20:41:14:968 02.07.2020
// приём по количеству байт: 9 из 9
// принято с порта: 9 байт

01 00 09 00 F6 00 00 37 F3   // прием: 9 байт; 20:41:15:683 02.07.2020
// таймаут: 715 мсек



00 00 07 00 F7 D4 47   // передача: 7 байт; 20:41:15:684 02.07.2020


55 00 00 11 FF F0 00 00 07 00 F7 D4 47 21 B3 8C 7D   // передача: 17 байт; 20:41:15:684 02.07.2020


00 00 08 00 F6 05 85 D8   // передача: 8 байт; 20:41:16:367 02.07.2020


55 00 00 12 FF F0 00 00 08 00 F6 05 85 D8 21 B3 05 B9   // передача: 18 байт; 20:41:16:367 02.07.2020
// приём по количеству байт: 9 из 9
// принято с порта: 9 байт

01 00 09 00 F6 00 00 37 F3   // прием: 9 байт; 20:41:16:426 02.07.2020
// таймаут: 59 мсек



00 00 07 00 F7 D4 47   // передача: 7 байт; 20:41:16:427 02.07.2020


55 00 00 11 FF F0 00 00 07 00 F7 D4 47 21 B3 8C 7D   // передача: 17 байт; 20:41:16:427 02.07.2020
// приём по количеству байт: 39 из 39
// принято с порта: 39 байт

01 00 27 00 F7 CF F0 EE E3 F0 E0 EC EC E0 20 3F 20 20 20 20 20 3E 5F 31 31 20 20 20 20 20 20 20 20 20 20 20 20 A3 6F   // прием: 39 байт; 20:41:17:183 02.07.2020
// таймаут: 756 мсек

Программа ?     
>_11            
// приём по количеству байт: 8 из 0
// принято с порта: 8 байт

01 00 09 00 F6 00 00 37   // прием: 8 байт; 20:41:17:824 02.07.2020
// таймаут: 1396 мсек

// приём по количеству байт: 8 из 0
// принято с порта: 8 байт

F3 01 00 27 00 F7 CF F0   // прием: 8 байт; 20:41:17:825 02.07.2020
// таймаут: 1398 мсек

// приём по количеству байт: 7 из 0
// принято с порта: 7 байт

EE E3 F0 E0 EC EC E0   // прием: 7 байт; 20:41:17:825 02.07.2020
// таймаут: 1398 мсек

// приём по количеству байт: 8 из 0
// принято с порта: 8 байт

20 3F 20 20 20 20 20 3E   // прием: 8 байт; 20:41:17:842 02.07.2020
// таймаут: 1415 мсек

// приём по количеству байт: 2 из 0
// принято с порта: 2 байт

31 31   // прием: 2 байт; 20:41:17:842 02.07.2020
// таймаут: 1415 мсек

// приём по количеству байт: 8 из 0
// принято с порта: 8 байт

35 20 20 20 20 20 20 20   // прием: 8 байт; 20:41:17:883 02.07.2020
// таймаут: 1456 мсек

// приём по количеству байт: 7 из 0
// принято с порта: 7 байт

20 20 20 20 20 43 C7   // прием: 7 байт; 20:41:17:884 02.07.2020
// таймаут: 1457 мсек



00 00 07 00 F7 D4 47   // передача: 7 байт; 20:41:21:567 02.07.2020


55 00 00 11 FF F0 00 00 07 00 F7 D4 47 21 B3 8C 7D   // передача: 17 байт; 20:41:21:567 02.07.2020
// приём по количеству байт: 39 из 39
// принято с порта: 39 байт

01 00 27 00 F7 CF F0 EE E3 F0 E0 EC EC E0 20 3F 20 20 20 20 20 3E 31 31 35 20 20 20 20 20 20 20 20 20 20 20 20 43 C7   // прием: 39 байт; 20:41:23:062 02.07.2020
// таймаут: 1495 мсек

Программа ?     
>115            


00 00 08 00 F6 0D 84 1E   // передача: 8 байт; 20:41:23:998 02.07.2020


55 00 00 12 FF F0 00 00 08 00 F6 0D 84 1E 21 B3 05 B9   // передача: 18 байт; 20:41:23:998 02.07.2020
// приём по количеству байт: 9 из 9
// принято с порта: 9 байт

01 00 09 00 F6 00 00 37 F3   // прием: 9 байт; 20:41:25:443 02.07.2020
// таймаут: 1445 мсек



00 00 07 00 F7 D4 47   // передача: 7 байт; 20:41:25:444 02.07.2020


55 00 00 11 FF F0 00 00 07 00 F7 D4 47 21 B3 8C 7D   // передача: 17 байт; 20:41:25:444 02.07.2020
// приём по количеству байт: 39 из 39
// принято с порта: 39 байт

01 00 27 00 F7 C2 E5 F0 F1 E8 FF 20 20 20 20 20 20 20 20 20 20 30 32 2E 31 38 2E 34 32 37 33 2E 43 42 34 30 00 4B A2   // прием: 39 байт; 20:41:26:943 02.07.2020
// таймаут: 1499 мсек

Версия          
02.18.4273.CB40 


00 00 07 00 F7 D4 47   // передача: 7 байт; 20:41:26:973 02.07.2020


55 00 00 11 FF F0 00 00 07 00 F7 D4 47 21 B3 8C 7D   // передача: 17 байт; 20:41:26:974 02.07.2020
// приём по количеству байт: 39 из 39
// принято с порта: 39 байт

01 00 27 00 F7 C2 E5 F0 F1 E8 FF 20 20 20 20 20 20 20 20 20 20 30 32 2E 31 38 2E 34 32 37 33 2E 43 42 34 30 00 4B A2   // прием: 39 байт; 20:41:28:443 02.07.2020
// таймаут: 1469 мсек

Версия          
02.18.4273.CB40 
OnTapiStatus event
событие: Call disconnected (Normal Hangup by Remote) 7128364
OnTapiStatus event
событие: Line is idle 7128364
OnTapiPortClose event

// О программе
