
CA E0 EB FE EC ED FB 20 

00 00 07 00 F7 D4 47   // передача: 7 байт; 08:49:05:829 04.03.2018
// приём по количеству байт: 39 из 39
// принято с порта: 39 байт

01 00 27 00 F7 20 31 31 3A 30 30 20 30 34 2E 30 33 2E 31 38 20 20 30 38 3A 34 38 20 30 34 2E 30 34 2E 31 38 20 AF 6A   // прием: 39 байт; 08:49:06:369 04.03.2018
// таймаут: 540 мсек

 11:00 04.03.18 
 08:48 04.04.18 

CA E0 EB FE EC ED FB 20 

00 00 07 00 F7 D4 47   // передача: 7 байт; 08:49:07:159 04.03.2018
// приём по количеству байт: 39 из 39
// принято с порта: 39 байт

01 00 27 00 F7 20 31 33 3A 30 30 20 30 34 2E 30 33 2E 31 38 20 20 30 38 3A 34 38 20 30 34 2E 30 34 2E 31 38 20 AD CA   // прием: 39 байт; 08:49:07:929 04.03.2018
// таймаут: 770 мсек

 13:00 04.03.18 
 08:48 04.04.18 

CA E0 EB FE EC ED FB 20 

00 00 07 00 F7 D4 47   // передача: 7 байт; 08:49:08:389 04.03.2018
// приём по количеству байт: 39 из 39
// принято с порта: 39 байт

01 00 27 00 F7 20 31 34 3A 30 30 20 30 34 2E 30 33 2E 31 38 20 20 30 38 3A 34 38 20 30 34 2E 30 34 2E 31 38 20 A9 3A   // прием: 39 байт; 08:49:08:709 04.03.2018
// таймаут: 320 мсек

 14:00 04.03.18 
 08:48 04.04.18 

CA E0 EB FE EC ED FB 20 

00 00 07 00 F7 D4 47   // передача: 7 байт; 08:49:09:799 04.03.2018
// приём по количеству байт: 39 из 39
// принято с порта: 39 байт

01 00 27 00 F7 20 31 36 3A 30 30 20 30 34 2E 30 33 2E 31 38 20 20 30 38 3A 34 38 20 30 34 2E 30 34 2E 31 38 20 AB 9A   // прием: 39 байт; 08:49:10:279 04.03.2018
// таймаут: 480 мсек

 16:00 04.03.18 
 08:48 04.04.18 

CA E0 EB FE EC ED FB 20 

00 00 07 00 F7 D4 47   // передача: 7 байт; 08:49:10:799 04.03.2018
// приём по количеству байт: 39 из 39
// принято с порта: 39 байт

01 00 27 00 F7 20 31 37 3A 30 30 20 30 34 2E 30 33 2E 31 38 20 20 30 38 3A 34 38 20 30 34 2E 30 34 2E 31 38 20 AA CA   // прием: 39 байт; 08:49:11:059 04.03.2018
// таймаут: 260 мсек

 17:00 04.03.18 
 08:48 04.04.18 

CA E0 EB FE EC ED FB 20 

00 00 07 00 F7 D4 47   // передача: 7 байт; 08:49:11:579 04.03.2018
// приём по количеству байт: 39 из 39
// принято с порта: 39 байт

01 00 27 00 F7 20 31 38 3A 30 30 20 30 34 2E 30 33 2E 31 38 20 20 30 38 3A 34 39 20 30 34 2E 30 34 2E 31 38 20 A4 C6   // прием: 39 байт; 08:49:11:839 04.03.2018
// таймаут: 260 мсек

 18:00 04.03.18 
 08:49 04.04.18 

CA E0 EB FE EC ED FB 20 

00 00 07 00 F7 D4 47   // передача: 7 байт; 08:49:12:359 04.03.2018
// приём по количеству байт: 39 из 39
// принято с порта: 39 байт

01 00 27 00 F7 20 31 39 3A 30 30 20 30 34 2E 30 33 2E 31 38 20 20 30 38 3A 34 39 20 30 34 2E 30 34 2E 31 38 20 A5 96   // прием: 39 байт; 08:49:12:619 04.03.2018
// таймаут: 260 мсек

 19:00 04.03.18 
 08:49 04.04.18 

CA E0 EB FE EC ED FB 20 

00 00 07 00 F7 D4 47   // передача: 7 байт; 08:49:13:139 04.03.2018
// приём по количеству байт: 39 из 39
// принято с порта: 39 байт

01 00 27 00 F7 20 32 30 3A 30 30 20 30 34 2E 30 33 2E 31 38 20 20 30 38 3A 34 39 20 30 34 2E 30 34 2E 31 38 20 1A C7   // прием: 39 байт; 08:49:13:399 04.03.2018
// таймаут: 260 мсек

 20:00 04.03.18 
 08:49 04.04.18 

CA E0 EB FE EC ED FB 20 

00 00 07 00 F7 D4 47   // передача: 7 байт; 08:49:13:919 04.03.2018
// приём по количеству байт: 39 из 39
// принято с порта: 39 байт

01 00 27 00 F7 20 32 31 3A 30 30 20 30 34 2E 30 33 2E 31 38 20 20 30 38 3A 34 39 20 30 34 2E 30 34 2E 31 38 20 1B 97   // прием: 39 байт; 08:49:14:189 04.03.2018
// таймаут: 270 мсек

 21:00 04.03.18 
 08:49 04.04.18 

CA E0 EB FE EC ED FB 20 

00 00 07 00 F7 D4 47   // передача: 7 байт; 08:49:14:699 04.03.2018
// приём по количеству байт: 39 из 39
// принято с порта: 39 байт

01 00 27 00 F7 20 32 32 3A 30 30 20 30 34 2E 30 33 2E 31 38 20 20 30 38 3A 34 39 20 30 34 2E 30 34 2E 31 38 20 18 67   // прием: 39 байт; 08:49:14:969 04.03.2018
// таймаут: 270 мсек

 22:00 04.03.18 
 08:49 04.04.18 

CA E0 EB FE EC ED FB 20 

00 00 07 00 F7 D4 47   // передача: 7 байт; 08:49:15:479 04.03.2018
// приём по количеству байт: 39 из 39
// принято с порта: 39 байт

01 00 27 00 F7 20 32 33 3A 30 30 20 30 34 2E 30 33 2E 31 38 20 20 30 38 3A 34 39 20 30 34 2E 30 34 2E 31 38 20 19 37   // прием: 39 байт; 08:49:15:749 04.03.2018
// таймаут: 270 мсек

 23:00 04.03.18 
 08:49 04.04.18 

CA E0 EB FE EC ED FB 20 

00 00 07 00 F7 D4 47   // передача: 7 байт; 08:49:16:259 04.03.2018
// приём по количеству байт: 39 из 39
// принято с порта: 39 байт

01 00 27 00 F7 20 30 30 3A 30 30 20 30 35 2E 30 33 2E 31 38 20 20 30 38 3A 34 39 20 30 34 2E 30 34 2E 31 38 20 66 93   // прием: 39 байт; 08:49:16:839 04.03.2018
// таймаут: 580 мсек

 00:00 05.03.18 
 08:49 04.04.18 

CA E0 EB FE EC ED FB 20 

00 00 07 00 F7 D4 47   // передача: 7 байт; 08:49:17:349 04.03.2018
// приём по количеству байт: 39 из 39
// принято с порта: 39 байт

01 00 27 00 F7 20 30 31 3A 30 30 20 30 35 2E 30 33 2E 31 38 20 20 30 38 3A 34 39 20 30 34 2E 30 34 2E 31 38 20 67 C3   // прием: 39 байт; 08:49:17:629 04.03.2018
// таймаут: 280 мсек

 01:00 05.03.18 
 08:49 04.04.18 

CA E0 EB FE EC ED FB 20 

00 00 07 00 F7 D4 47   // передача: 7 байт; 08:49:18:149 04.03.2018
// приём по количеству байт: 39 из 39
// принято с порта: 39 байт

01 00 27 00 F7 20 30 32 3A 30 30 20 30 35 2E 30 33 2E 31 38 20 20 30 38 3A 34 39 20 30 34 2E 30 34 2E 31 38 20 64 33   // прием: 39 байт; 08:49:18:409 04.03.2018
// таймаут: 260 мсек

 02:00 05.03.18 
 08:49 04.04.18 

CA E0 EB FE EC ED FB 20 

00 00 07 00 F7 D4 47   // передача: 7 байт; 08:49:18:929 04.03.2018
// приём по количеству байт: 39 из 39
// принято с порта: 39 байт

01 00 27 00 F7 20 30 33 3A 30 30 20 30 35 2E 30 33 2E 31 38 20 20 30 38 3A 34 39 20 30 34 2E 30 34 2E 31 38 20 65 63   // прием: 39 байт; 08:49:19:189 04.03.2018
// таймаут: 260 мсек

 03:00 05.03.18 
 08:49 04.04.18 

CA E0 EB FE EC ED FB 20 

00 00 07 00 F7 D4 47   // передача: 7 байт; 08:49:19:709 04.03.2018
// приём по количеству байт: 39 из 39
// принято с порта: 39 байт

01 00 27 00 F7 20 30 34 3A 30 30 20 30 35 2E 30 33 2E 31 38 20 20 30 38 3A 34 39 20 30 34 2E 30 34 2E 31 38 20 61 93   // прием: 39 байт; 08:49:19:969 04.03.2018
// таймаут: 260 мсек

 04:00 05.03.18 
 08:49 04.04.18 

CA E0 EB FE EC ED FB 20 

00 00 07 00 F7 D4 47   // передача: 7 байт; 08:49:20:489 04.03.2018
// приём по количеству байт: 39 из 39
// принято с порта: 39 байт

01 00 27 00 F7 20 30 35 3A 30 30 20 30 35 2E 30 33 2E 31 38 20 20 30 38 3A 34 39 20 30 34 2E 30 34 2E 31 38 20 60 C3   // прием: 39 байт; 08:49:20:749 04.03.2018
// таймаут: 260 мсек

 05:00 05.03.18 
 08:49 04.04.18 

CA E0 EB FE EC ED FB 20 

00 00 07 00 F7 D4 47   // передача: 7 байт; 08:49:21:269 04.03.2018
// приём по количеству байт: 39 из 39
// принято с порта: 39 байт

01 00 27 00 F7 20 30 36 3A 30 30 20 30 35 2E 30 33 2E 31 38 20 20 30 38 3A 34 39 20 30 34 2E 30 34 2E 31 38 20 63 33   // прием: 39 байт; 08:49:21:539 04.03.2018
// таймаут: 270 мсек

 06:00 05.03.18 
 08:49 04.04.18 

CA E0 EB FE EC ED FB 20 

00 00 07 00 F7 D4 47   // передача: 7 байт; 08:49:22:049 04.03.2018
// приём по количеству байт: 39 из 39
// принято с порта: 39 байт

01 00 27 00 F7 20 30 37 3A 30 30 20 30 35 2E 30 33 2E 31 38 20 20 30 38 3A 34 39 20 30 34 2E 30 34 2E 31 38 20 62 63   // прием: 39 байт; 08:49:22:319 04.03.2018
// таймаут: 270 мсек

 07:00 05.03.18 
 08:49 04.04.18 

CA E0 EB FE EC ED FB 20 

00 00 07 00 F7 D4 47   // передача: 7 байт; 08:49:22:829 04.03.2018
// приём по количеству байт: 39 из 39
// принято с порта: 39 байт

01 00 27 00 F7 20 30 38 3A 30 30 20 30 35 2E 30 33 2E 31 38 20 20 30 38 3A 34 39 20 30 34 2E 30 34 2E 31 38 20 68 93   // прием: 39 байт; 08:49:23:099 04.03.2018
// таймаут: 270 мсек

 08:00 05.03.18 
 08:49 04.04.18 

CA E0 EB FE EC ED FB 20 

00 00 07 00 F7 D4 47   // передача: 7 байт; 08:49:23:609 04.03.2018
// приём по количеству байт: 39 из 39
// принято с порта: 39 байт

01 00 27 00 F7 20 30 39 3A 30 30 20 30 35 2E 30 33 2E 31 38 20 20 30 38 3A 34 39 20 30 34 2E 30 34 2E 31 38 20 69 C3   // прием: 39 байт; 08:49:23:879 04.03.2018
// таймаут: 270 мсек

 09:00 05.03.18 
 08:49 04.04.18 

CA E0 EB FE EC ED FB 20 

00 00 07 00 F7 D4 47   // передача: 7 байт; 08:49:24:389 04.03.2018
// приём по количеству байт: 39 из 39
// принято с порта: 39 байт

01 00 27 00 F7 20 31 30 3A 30 30 20 30 35 2E 30 33 2E 31 38 20 20 30 38 3A 34 39 20 30 34 2E 30 34 2E 31 38 20 F7 53   // прием: 39 байт; 08:49:24:669 04.03.2018
// таймаут: 280 мсек

 10:00 05.03.18 
 08:49 04.04.18 

CA E0 EB FE EC ED FB 20 

00 00 07 00 F7 D4 47   // передача: 7 байт; 08:49:25:169 04.03.2018
// приём по количеству байт: 39 из 39
// принято с порта: 39 байт

01 00 27 00 F7 20 31 31 3A 30 30 20 30 35 2E 30 33 2E 31 38 20 20 30 38 3A 34 39 20 30 34 2E 30 34 2E 31 38 20 F6 03   // прием: 39 байт; 08:49:25:449 04.03.2018
// таймаут: 280 мсек

 11:00 05.03.18 
 08:49 04.04.18 

CA E0 EB FE EC ED FB 20 

00 00 07 00 F7 D4 47   // передача: 7 байт; 08:49:25:949 04.03.2018
// приём по количеству байт: 39 из 39
// принято с порта: 39 байт

01 00 27 00 F7 20 31 32 3A 30 30 20 30 35 2E 30 33 2E 31 38 20 20 30 38 3A 34 39 20 30 34 2E 30 34 2E 31 38 20 F5 F3   // прием: 39 байт; 08:49:26:229 04.03.2018
// таймаут: 280 мсек

 12:00 05.03.18 
 08:49 04.04.18 

CA E0 EB FE EC ED FB 20 

00 00 07 00 F7 D4 47   // передача: 7 байт; 08:49:26:729 04.03.2018
// приём по количеству байт: 39 из 39
// принято с порта: 39 байт

01 00 27 00 F7 20 31 33 3A 30 30 20 30 35 2E 30 33 2E 31 38 20 20 30 38 3A 34 39 20 30 34 2E 30 34 2E 31 38 20 F4 A3   // прием: 39 байт; 08:49:27:009 04.03.2018
// таймаут: 280 мсек

 13:00 05.03.18 
 08:49 04.04.18 

CA E0 EB FE EC ED FB 20 

00 00 07 00 F7 D4 47   // передача: 7 байт; 08:49:27:509 04.03.2018
// приём по количеству байт: 39 из 39
// принято с порта: 39 байт

01 00 27 00 F7 20 31 34 3A 30 30 20 30 35 2E 30 33 2E 31 38 20 20 30 38 3A 34 39 20 30 34 2E 30 34 2E 31 38 20 F0 53   // прием: 39 байт; 08:49:27:789 04.03.2018
// таймаут: 280 мсек

 14:00 05.03.18 
 08:49 04.04.18 

CA E0 EB FE EC ED FB 20 

00 00 07 00 F7 D4 47   // передача: 7 байт; 08:49:28:319 04.03.2018
// приём по количеству байт: 39 из 39
// принято с порта: 39 байт

01 00 27 00 F7 20 31 35 3A 30 30 20 30 35 2E 30 33 2E 31 38 20 20 30 38 3A 34 39 20 30 34 2E 30 34 2E 31 38 20 F1 03   // прием: 39 байт; 08:49:28:579 04.03.2018
// таймаут: 260 мсек

 15:00 05.03.18 
 08:49 04.04.18 

CA E0 EB FE EC ED FB 20 

00 00 07 00 F7 D4 47   // передача: 7 байт; 08:49:29:099 04.03.2018
// приём по количеству байт: 39 из 39
// принято с порта: 39 байт

01 00 27 00 F7 20 31 36 3A 30 30 20 30 35 2E 30 33 2E 31 38 20 20 30 38 3A 34 39 20 30 34 2E 30 34 2E 31 38 20 F2 F3   // прием: 39 байт; 08:49:29:359 04.03.2018
// таймаут: 260 мсек

 16:00 05.03.18 
 08:49 04.04.18 

CA E0 EB FE EC ED FB 20 

00 00 07 00 F7 D4 47   // передача: 7 байт; 08:49:29:879 04.03.2018
// приём по количеству байт: 39 из 39
// принято с порта: 39 байт

01 00 27 00 F7 20 31 37 3A 30 30 20 30 35 2E 30 33 2E 31 38 20 20 30 38 3A 34 39 20 30 34 2E 30 34 2E 31 38 20 F3 A3   // прием: 39 байт; 08:49:30:139 04.03.2018
// таймаут: 260 мсек

 17:00 05.03.18 
 08:49 04.04.18 

CA E0 EB FE EC ED FB 20 

00 00 07 00 F7 D4 47   // передача: 7 байт; 08:49:30:659 04.03.2018
// приём по количеству байт: 39 из 39
// принято с порта: 39 байт

01 00 27 00 F7 20 31 38 3A 30 30 20 30 35 2E 30 33 2E 31 38 20 20 30 38 3A 34 39 20 30 34 2E 30 34 2E 31 38 20 F9 53   // прием: 39 байт; 08:49:30:919 04.03.2018
// таймаут: 260 мсек

 18:00 05.03.18 
 08:49 04.04.18 

CA E0 EB FE EC ED FB 20 

00 00 07 00 F7 D4 47   // передача: 7 байт; 08:49:31:439 04.03.2018
// приём по количеству байт: 39 из 39
// принято с порта: 39 байт

01 00 27 00 F7 20 31 39 3A 30 30 20 30 35 2E 30 33 2E 31 38 20 20 30 38 3A 34 39 20 30 34 2E 30 34 2E 31 38 20 F8 03   // прием: 39 байт; 08:49:31:709 04.03.2018
// таймаут: 270 мсек

 19:00 05.03.18 
 08:49 04.04.18 

CA E0 EB FE EC ED FB 20 

00 00 07 00 F7 D4 47   // передача: 7 байт; 08:49:32:219 04.03.2018
// приём по количеству байт: 39 из 39
// принято с порта: 39 байт

01 00 27 00 F7 20 32 30 3A 30 30 20 30 35 2E 30 33 2E 31 38 20 20 30 38 3A 34 39 20 30 34 2E 30 34 2E 31 38 20 47 52   // прием: 39 байт; 08:49:32:489 04.03.2018
// таймаут: 270 мсек

 20:00 05.03.18 
 08:49 04.04.18 

CA E0 EB FE EC ED FB 20 

00 00 07 00 F7 D4 47   // передача: 7 байт; 08:49:32:999 04.03.2018
// приём по количеству байт: 39 из 39
// принято с порта: 39 байт

01 00 27 00 F7 20 32 31 3A 30 30 20 30 35 2E 30 33 2E 31 38 20 20 30 38 3A 34 39 20 30 34 2E 30 34 2E 31 38 20 46 02   // прием: 39 байт; 08:49:33:269 04.03.2018
// таймаут: 270 мсек

 21:00 05.03.18 
 08:49 04.04.18 

CA E0 EB FE EC ED FB 20 

00 00 07 00 F7 D4 47   // передача: 7 байт; 08:49:33:779 04.03.2018
// приём по количеству байт: 39 из 39
// принято с порта: 39 байт

01 00 27 00 F7 20 32 32 3A 30 30 20 30 35 2E 30 33 2E 31 38 20 20 30 38 3A 34 39 20 30 34 2E 30 34 2E 31 38 20 45 F2   // прием: 39 байт; 08:49:34:049 04.03.2018
// таймаут: 270 мсек

 22:00 05.03.18 
 08:49 04.04.18 

CA E0 EB FE EC ED FB 20 

00 00 07 00 F7 D4 47   // передача: 7 байт; 08:49:34:569 04.03.2018
// приём по количеству байт: 39 из 39
// принято с порта: 39 байт

01 00 27 00 F7 20 32 33 3A 30 30 20 30 35 2E 30 33 2E 31 38 20 20 30 38 3A 34 39 20 30 34 2E 30 34 2E 31 38 20 44 A2   // прием: 39 байт; 08:49:34:839 04.03.2018
// таймаут: 270 мсек

 23:00 05.03.18 
 08:49 04.04.18 

CA E0 EB FE EC ED FB 20 

00 00 07 00 F7 D4 47   // передача: 7 байт; 08:49:35:349 04.03.2018
// приём по количеству байт: 39 из 39
// принято с порта: 39 байт

01 00 27 00 F7 20 30 30 3A 30 30 20 30 36 2E 30 33 2E 31 38 20 20 30 38 3A 34 39 20 30 34 2E 30 34 2E 31 38 20 82 6C   // прием: 39 байт; 08:49:35:929 04.03.2018
// таймаут: 580 мсек

 00:00 06.03.18 
 08:49 04.04.18 

CA E0 EB FE EC ED FB 20 

00 00 07 00 F7 D4 47   // передача: 7 байт; 08:49:36:449 04.03.2018
// приём по количеству байт: 39 из 39
// принято с порта: 39 байт

01 00 27 00 F7 20 30 31 3A 30 30 20 30 36 2E 30 33 2E 31 38 20 20 30 38 3A 34 39 20 30 34 2E 30 34 2E 31 38 20 83 3C   // прием: 39 байт; 08:49:36:709 04.03.2018
// таймаут: 260 мсек

 01:00 06.03.18 
 08:49 04.04.18 

CA E0 EB FE EC ED FB 20 

00 00 07 00 F7 D4 47   // передача: 7 байт; 08:49:37:229 04.03.2018
// приём по количеству байт: 39 из 39
// принято с порта: 39 байт

01 00 27 00 F7 20 30 32 3A 30 30 20 30 36 2E 30 33 2E 31 38 20 20 30 38 3A 34 39 20 30 34 2E 30 34 2E 31 38 20 80 CC   // прием: 39 байт; 08:49:37:489 04.03.2018
// таймаут: 260 мсек

 02:00 06.03.18 
 08:49 04.04.18 

CA E0 EB FE EC ED FB 20 

00 00 07 00 F7 D4 47   // передача: 7 байт; 08:49:38:009 04.03.2018
// приём по количеству байт: 39 из 39
// принято с порта: 39 байт

01 00 27 00 F7 20 30 33 3A 30 30 20 30 36 2E 30 33 2E 31 38 20 20 30 38 3A 34 39 20 30 34 2E 30 34 2E 31 38 20 81 9C   // прием: 39 байт; 08:49:38:269 04.03.2018
// таймаут: 260 мсек

 03:00 06.03.18 
 08:49 04.04.18 

CA E0 EB FE EC ED FB 20 

00 00 07 00 F7 D4 47   // передача: 7 байт; 08:49:38:789 04.03.2018
// приём по количеству байт: 39 из 39
// принято с порта: 39 байт

01 00 27 00 F7 20 30 34 3A 30 30 20 30 36 2E 30 33 2E 31 38 20 20 30 38 3A 34 39 20 30 34 2E 30 34 2E 31 38 20 85 6C   // прием: 39 байт; 08:49:39:059 04.03.2018
// таймаут: 270 мсек

 04:00 06.03.18 
 08:49 04.04.18 

CA E0 EB FE EC ED FB 20 

00 00 07 00 F7 D4 47   // передача: 7 байт; 08:49:39:569 04.03.2018
// приём по количеству байт: 39 из 39
// принято с порта: 39 байт

01 00 27 00 F7 20 30 35 3A 30 30 20 30 36 2E 30 33 2E 31 38 20 20 30 38 3A 34 39 20 30 34 2E 30 34 2E 31 38 20 84 3C   // прием: 39 байт; 08:49:39:839 04.03.2018
// таймаут: 270 мсек

 05:00 06.03.18 
 08:49 04.04.18 

CA E0 EB FE EC ED FB 20 

00 00 07 00 F7 D4 47   // передача: 7 байт; 08:49:40:349 04.03.2018
// приём по количеству байт: 39 из 39
// принято с порта: 39 байт

01 00 27 00 F7 20 30 36 3A 30 30 20 30 36 2E 30 33 2E 31 38 20 20 30 38 3A 34 39 20 30 34 2E 30 34 2E 31 38 20 87 CC   // прием: 39 байт; 08:49:40:619 04.03.2018
// таймаут: 270 мсек

 06:00 06.03.18 
 08:49 04.04.18 

CA E0 EB FE EC ED FB 20 

00 00 07 00 F7 D4 47   // передача: 7 байт; 08:49:41:129 04.03.2018
// приём по количеству байт: 39 из 39
// принято с порта: 39 байт

01 00 27 00 F7 20 30 37 3A 30 30 20 30 36 2E 30 33 2E 31 38 20 20 30 38 3A 34 39 20 30 34 2E 30 34 2E 31 38 20 86 9C   // прием: 39 байт; 08:49:41:399 04.03.2018
// таймаут: 270 мсек

 07:00 06.03.18 
 08:49 04.04.18 

CA E0 EB FE EC ED FB 20 

00 00 07 00 F7 D4 47   // передача: 7 байт; 08:49:41:909 04.03.2018
// приём по количеству байт: 39 из 39
// принято с порта: 39 байт

01 00 27 00 F7 20 30 38 3A 30 30 20 30 36 2E 30 33 2E 31 38 20 20 30 38 3A 34 39 20 30 34 2E 30 34 2E 31 38 20 8C 6C   // прием: 39 байт; 08:49:42:189 04.03.2018
// таймаут: 280 мсек

 08:00 06.03.18 
 08:49 04.04.18 

CA E0 EB FE EC ED FB 20 

00 00 07 00 F7 D4 47   // передача: 7 байт; 08:49:42:689 04.03.2018
// приём по количеству байт: 39 из 39
// принято с порта: 39 байт

01 00 27 00 F7 20 30 39 3A 30 30 20 30 36 2E 30 33 2E 31 38 20 20 30 38 3A 34 39 20 30 34 2E 30 34 2E 31 38 20 8D 3C   // прием: 39 байт; 08:49:42:969 04.03.2018
// таймаут: 280 мсек

 09:00 06.03.18 
 08:49 04.04.18 

CA E0 EB FE EC ED FB 20 

00 00 07 00 F7 D4 47   // передача: 7 байт; 08:49:43:469 04.03.2018
// приём по количеству байт: 39 из 39
// принято с порта: 39 байт

01 00 27 00 F7 20 31 30 3A 30 30 20 30 36 2E 30 33 2E 31 38 20 20 30 38 3A 34 39 20 30 34 2E 30 34 2E 31 38 20 13 AC   // прием: 39 байт; 08:49:43:749 04.03.2018
// таймаут: 280 мсек

 10:00 06.03.18 
 08:49 04.04.18 

CA E0 EB FE EC ED FB 20 

00 00 07 00 F7 D4 47   // передача: 7 байт; 08:49:44:249 04.03.2018
// приём по количеству байт: 39 из 39
// принято с порта: 39 байт

01 00 27 00 F7 20 31 31 3A 30 30 20 30 36 2E 30 33 2E 31 38 20 20 30 38 3A 34 39 20 30 34 2E 30 34 2E 31 38 20 12 FC   // прием: 39 байт; 08:49:44:529 04.03.2018
// таймаут: 280 мсек

 11:00 06.03.18 
 08:49 04.04.18 

CA E0 EB FE EC ED FB 20 

00 00 07 00 F7 D4 47   // передача: 7 байт; 08:49:45:059 04.03.2018
// приём по количеству байт: 39 из 39
// принято с порта: 39 байт

01 00 27 00 F7 20 31 32 3A 30 30 20 30 36 2E 30 33 2E 31 38 20 20 30 38 3A 34 39 20 30 34 2E 30 34 2E 31 38 20 11 0C   // прием: 39 байт; 08:49:45:309 04.03.2018
// таймаут: 250 мсек

 12:00 06.03.18 
 08:49 04.04.18 

CA E0 EB FE EC ED FB 20 

00 00 07 00 F7 D4 47   // передача: 7 байт; 08:49:45:839 04.03.2018
// приём по количеству байт: 39 из 39
// принято с порта: 39 байт

01 00 27 00 F7 20 31 33 3A 30 30 20 30 36 2E 30 33 2E 31 38 20 20 30 38 3A 34 39 20 30 34 2E 30 34 2E 31 38 20 10 5C   // прием: 39 байт; 08:49:46:089 04.03.2018
// таймаут: 250 мсек

 13:00 06.03.18 
 08:49 04.04.18 

CA E0 EB FE EC ED FB 20 

00 00 07 00 F7 D4 47   // передача: 7 байт; 08:49:46:619 04.03.2018
// приём по количеству байт: 39 из 39
// принято с порта: 39 байт

01 00 27 00 F7 20 31 34 3A 30 30 20 30 36 2E 30 33 2E 31 38 20 20 30 38 3A 34 39 20 30 34 2E 30 34 2E 31 38 20 14 AC   // прием: 39 байт; 08:49:46:879 04.03.2018
// таймаут: 260 мсек

 14:00 06.03.18 
 08:49 04.04.18 

CA E0 EB FE EC ED FB 20 

00 00 07 00 F7 D4 47   // передача: 7 байт; 08:49:47:399 04.03.2018
// приём по количеству байт: 39 из 39
// принято с порта: 39 байт

01 00 27 00 F7 20 31 35 3A 30 30 20 30 36 2E 30 33 2E 31 38 20 20 30 38 3A 34 39 20 30 34 2E 30 34 2E 31 38 20 15 FC   // прием: 39 байт; 08:49:47:659 04.03.2018
// таймаут: 260 мсек

 15:00 06.03.18 
 08:49 04.04.18 

CA E0 EB FE EC ED FB 20 

00 00 07 00 F7 D4 47   // передача: 7 байт; 08:49:48:179 04.03.2018
// приём по количеству байт: 39 из 39
// принято с порта: 39 байт

01 00 27 00 F7 20 31 36 3A 30 30 20 30 36 2E 30 33 2E 31 38 20 20 30 38 3A 34 39 20 30 34 2E 30 34 2E 31 38 20 16 0C   // прием: 39 байт; 08:49:48:439 04.03.2018
// таймаут: 260 мсек

 16:00 06.03.18 
 08:49 04.04.18 



1A   // передача: 1 байт; 08:49:49:779 04.03.2018

CA E0 EB FE EC ED FB 20 

00 00 07 00 F7 D4 47   // передача: 7 байт; 08:59:55:681 04.03.2018
// приём по количеству байт: 39 из 39
// принято с порта: 39 байт

01 00 27 00 F7 D0 E0 E1 EE F2 E0 20 20 20 20 20 20 20 20 20 20 20 20 20 20 20 20 20 20 20 20 20 20 20 20 20 20 D5 94   // прием: 39 байт; 08:59:55:741 04.03.2018
// таймаут: 60 мсек

Работа          
                

CA E0 EB FE EC ED FB 20 

00 00 07 00 F7 D4 47   // передача: 7 байт; 08:59:56:271 04.03.2018
// приём по количеству байт: 39 из 39
// принято с порта: 39 байт

01 00 27 00 F7 D0 E0 E1 EE F2 E0 20 20 20 20 20 20 20 20 20 20 20 20 20 20 20 20 20 20 20 20 20 20 20 20 20 20 D5 94   // прием: 39 байт; 08:59:56:331 04.03.2018
// таймаут: 60 мсек

Работа          
                

CA E0 EB FE EC ED FB 20 

00 00 07 00 F7 D4 47   // передача: 7 байт; 08:59:56:841 04.03.2018
// приём по количеству байт: 39 из 39
// принято с порта: 39 байт

01 00 27 00 F7 D0 E0 E1 EE F2 E0 20 20 20 20 20 20 20 20 20 20 20 20 20 20 20 20 20 20 20 20 20 20 20 20 20 20 D5 94   // прием: 39 байт; 08:59:56:901 04.03.2018
// таймаут: 60 мсек

Работа          
                

CA E0 EB FE EC ED FB 20 

00 00 07 00 F7 D4 47   // передача: 7 байт; 08:59:57:411 04.03.2018
// приём по количеству байт: 39 из 39
// принято с порта: 39 байт

01 00 27 00 F7 D0 E0 E1 EE F2 E0 20 20 20 20 20 20 20 20 20 20 20 20 20 20 20 20 20 20 20 20 20 20 20 20 20 20 D5 94   // прием: 39 байт; 08:59:57:471 04.03.2018
// таймаут: 60 мсек

Работа          
                

CA E0 EB FE EC ED FB 20 

00 00 07 00 F7 D4 47   // передача: 7 байт; 08:59:57:981 04.03.2018
// приём по количеству байт: 39 из 39
// принято с порта: 39 байт

01 00 27 00 F7 D0 E0 E1 EE F2 E0 20 20 20 20 20 20 20 20 20 20 20 20 20 20 20 20 20 20 20 20 20 20 20 20 20 20 D5 94   // прием: 39 байт; 08:59:58:041 04.03.2018
// таймаут: 60 мсек

Работа          
                

CA E0 EB FE EC ED FB 20 

00 00 07 00 F7 D4 47   // передача: 7 байт; 08:59:58:531 04.03.2018
// приём по количеству байт: 39 из 39
// принято с порта: 39 байт

01 00 27 00 F7 D0 E0 E1 EE F2 E0 20 20 20 20 20 20 20 20 20 20 20 20 20 20 20 20 20 20 20 20 20 20 20 20 20 20 D5 94   // прием: 39 байт; 08:59:58:591 04.03.2018
// таймаут: 60 мсек

Работа          
                

CA E0 EB FE EC ED FB 20 

00 00 07 00 F7 D4 47   // передача: 7 байт; 08:59:59:111 04.03.2018
// приём по количеству байт: 39 из 39
// принято с порта: 39 байт

01 00 27 00 F7 D0 E0 E1 EE F2 E0 20 20 20 20 20 20 20 20 20 20 20 20 20 20 20 20 20 20 20 20 20 20 20 20 20 20 D5 94   // прием: 39 байт; 08:59:59:171 04.03.2018
// таймаут: 60 мсек

Работа          
                

CA E0 EB FE EC ED FB 20 

00 00 07 00 F7 D4 47   // передача: 7 байт; 08:59:59:681 04.03.2018
// приём по количеству байт: 39 из 39
// принято с порта: 39 байт

01 00 27 00 F7 D0 E0 E1 EE F2 E0 20 20 20 20 20 20 20 20 20 20 20 20 20 20 20 20 20 20 20 20 20 20 20 20 20 20 D5 94   // прием: 39 байт; 08:59:59:741 04.03.2018
// таймаут: 60 мсек

Работа          
                

CA E0 EB FE EC ED FB 20 

00 00 07 00 F7 D4 47   // передача: 7 байт; 09:00:00:251 04.03.2018
// приём по количеству байт: 39 из 39
// принято с порта: 39 байт

01 00 27 00 F7 D0 E0 E1 EE F2 E0 20 20 20 20 20 20 20 20 20 20 20 20 20 20 20 20 20 20 20 20 20 20 20 20 20 20 D5 94   // прием: 39 байт; 09:00:00:311 04.03.2018
// таймаут: 60 мсек

Работа          
                

CA E0 EB FE EC ED FB 20 

00 00 07 00 F7 D4 47   // передача: 7 байт; 09:00:00:821 04.03.2018
// приём по количеству байт: 39 из 39
// принято с порта: 39 байт

01 00 27 00 F7 D0 E0 E1 EE F2 E0 20 20 20 20 20 20 20 20 20 20 20 20 20 20 20 20 20 20 20 20 20 20 20 20 20 20 D5 94   // прием: 39 байт; 09:00:00:881 04.03.2018
// таймаут: 60 мсек

Работа          
                

CA E0 EB FE EC ED FB 20 

00 00 07 00 F7 D4 47   // передача: 7 байт; 09:00:01:381 04.03.2018
// приём по количеству байт: 39 из 39
// принято с порта: 39 байт

01 00 27 00 F7 D0 E0 E1 EE F2 E0 20 20 20 20 20 20 20 20 20 20 20 20 20 20 20 20 20 20 20 20 20 20 20 20 20 20 D5 94   // прием: 39 байт; 09:00:01:441 04.03.2018
// таймаут: 60 мсек

Работа          
                

CA E0 EB FE EC ED FB 20 

00 00 07 00 F7 D4 47   // передача: 7 байт; 09:00:01:931 04.03.2018
// приём по количеству байт: 39 из 39
// принято с порта: 39 байт

01 00 27 00 F7 D0 E0 E1 EE F2 E0 20 20 20 20 20 20 20 20 20 20 20 20 20 20 20 20 20 20 20 20 20 20 20 20 20 20 D5 94   // прием: 39 байт; 09:00:01:991 04.03.2018
// таймаут: 60 мсек

Работа          
                

CA E0 EB FE EC ED FB 20 

00 00 07 00 F7 D4 47   // передача: 7 байт; 09:00:02:511 04.03.2018
// приём по количеству байт: 39 из 39
// принято с порта: 39 байт

01 00 27 00 F7 D0 E0 E1 EE F2 E0 20 20 20 20 20 20 20 20 20 20 20 20 20 20 20 20 20 20 20 20 20 20 20 20 20 20 D5 94   // прием: 39 байт; 09:00:02:571 04.03.2018
// таймаут: 60 мсек

Работа          
                

CA E0 EB FE EC ED FB 20 

00 00 07 00 F7 D4 47   // передача: 7 байт; 09:00:03:081 04.03.2018
// приём по количеству байт: 39 из 39
// принято с порта: 39 байт

01 00 27 00 F7 D0 E0 E1 EE F2 E0 20 20 20 20 20 20 20 20 20 20 20 20 20 20 20 20 20 20 20 20 20 20 20 20 20 20 D5 94   // прием: 39 байт; 09:00:03:141 04.03.2018
// таймаут: 60 мсек

Работа          
                

CA E0 EB FE EC ED FB 20 

00 00 07 00 F7 D4 47   // передача: 7 байт; 09:00:03:651 04.03.2018
// приём по количеству байт: 39 из 39
// принято с порта: 39 байт

01 00 27 00 F7 D0 E0 E1 EE F2 E0 20 20 20 20 20 20 20 20 20 20 20 20 20 20 20 20 20 20 20 20 20 20 20 20 20 20 D5 94   // прием: 39 байт; 09:00:03:711 04.03.2018
// таймаут: 60 мсек

Работа          
                

CA E0 EB FE EC ED FB 20 

00 00 07 00 F7 D4 47   // передача: 7 байт; 09:00:04:221 04.03.2018
// приём по количеству байт: 39 из 39
// принято с порта: 39 байт

01 00 27 00 F7 D0 E0 E1 EE F2 E0 20 20 20 20 20 20 20 20 20 20 20 20 20 20 20 20 20 20 20 20 20 20 20 20 20 20 D5 94   // прием: 39 байт; 09:00:04:281 04.03.2018
// таймаут: 60 мсек

Работа          
                

CA E0 EB FE EC ED FB 20 

00 00 07 00 F7 D4 47   // передача: 7 байт; 09:00:04:791 04.03.2018
// приём по количеству байт: 39 из 39
// принято с порта: 39 байт

01 00 27 00 F7 D0 E0 E1 EE F2 E0 20 20 20 20 20 20 20 20 20 20 20 20 20 20 20 20 20 20 20 20 20 20 20 20 20 20 D5 94   // прием: 39 байт; 09:00:04:851 04.03.2018
// таймаут: 60 мсек

Работа          
                

CA E0 EB FE EC ED FB 20 

00 00 07 00 F7 D4 47   // передача: 7 байт; 09:00:05:361 04.03.2018
// приём по количеству байт: 39 из 39
// принято с порта: 39 байт

01 00 27 00 F7 D0 E0 E1 EE F2 E0 20 20 20 20 20 20 20 20 20 20 20 20 20 20 20 20 20 20 20 20 20 20 20 20 20 20 D5 94   // прием: 39 байт; 09:00:05:421 04.03.2018
// таймаут: 60 мсек

Работа          
                

CA E0 EB FE EC ED FB 20 

00 00 07 00 F7 D4 47   // передача: 7 байт; 09:00:05:941 04.03.2018
// приём по количеству байт: 39 из 39
// принято с порта: 39 байт

01 00 27 00 F7 D0 E0 E1 EE F2 E0 20 20 20 20 20 20 20 20 20 20 20 20 20 20 20 20 20 20 20 20 20 20 20 20 20 20 D5 94   // прием: 39 байт; 09:00:06:001 04.03.2018
// таймаут: 60 мсек

Работа          
                

CA E0 EB FE EC ED FB 20 

00 00 07 00 F7 D4 47   // передача: 7 байт; 09:00:06:521 04.03.2018
// приём по количеству байт: 39 из 39
// принято с порта: 39 байт

01 00 27 00 F7 D0 E0 E1 EE F2 E0 20 20 20 20 20 20 20 20 20 20 20 20 20 20 20 20 20 20 20 20 20 20 20 20 20 20 D5 94   // прием: 39 байт; 09:00:06:581 04.03.2018
// таймаут: 60 мсек

Работа          
                

CA E0 EB FE EC ED FB 20 

00 00 07 00 F7 D4 47   // передача: 7 байт; 09:00:07:081 04.03.2018
// приём по количеству байт: 39 из 39
// принято с порта: 39 байт

01 00 27 00 F7 D0 E0 E1 EE F2 E0 20 20 20 20 20 20 20 20 20 20 20 20 20 20 20 20 20 20 20 20 20 20 20 20 20 20 D5 94   // прием: 39 байт; 09:00:07:141 04.03.2018
// таймаут: 60 мсек

Работа          
                

CA E0 EB FE EC ED FB 20 

00 00 07 00 F7 D4 47   // передача: 7 байт; 09:00:07:661 04.03.2018
// приём по количеству байт: 39 из 39
// принято с порта: 39 байт

01 00 27 00 F7 D0 E0 E1 EE F2 E0 20 20 20 20 20 20 20 20 20 20 20 20 20 20 20 20 20 20 20 20 20 20 20 20 20 20 D5 94   // прием: 39 байт; 09:00:07:721 04.03.2018
// таймаут: 60 мсек

Работа          
                

CA E0 EB FE EC ED FB 20 

00 00 07 00 F7 D4 47   // передача: 7 байт; 09:00:08:231 04.03.2018
// приём по количеству байт: 39 из 39
// принято с порта: 39 байт

01 00 27 00 F7 D0 E0 E1 EE F2 E0 20 20 20 20 20 20 20 20 20 20 20 20 20 20 20 20 20 20 20 20 20 20 20 20 20 20 D5 94   // прием: 39 байт; 09:00:08:291 04.03.2018
// таймаут: 60 мсек

Работа          
                

CA E0 EB FE EC ED FB 20 

00 00 07 00 F7 D4 47   // передача: 7 байт; 09:00:08:791 04.03.2018
// приём по количеству байт: 39 из 39
// принято с порта: 39 байт

01 00 27 00 F7 D0 E0 E1 EE F2 E0 20 20 20 20 20 20 20 20 20 20 20 20 20 20 20 20 20 20 20 20 20 20 20 20 20 20 D5 94   // прием: 39 байт; 09:00:08:851 04.03.2018
// таймаут: 60 мсек

Работа          
                

CA E0 EB FE EC ED FB 20 

00 00 07 00 F7 D4 47   // передача: 7 байт; 09:00:09:341 04.03.2018
// приём по количеству байт: 39 из 39
// принято с порта: 39 байт

01 00 27 00 F7 D0 E0 E1 EE F2 E0 20 20 20 20 20 20 20 20 20 20 20 20 20 20 20 20 20 20 20 20 20 20 20 20 20 20 D5 94   // прием: 39 байт; 09:00:09:401 04.03.2018
// таймаут: 60 мсек

Работа          
                

CA E0 EB FE EC ED FB 20 

00 00 07 00 F7 D4 47   // передача: 7 байт; 09:00:09:921 04.03.2018
// приём по количеству байт: 39 из 39
// принято с порта: 39 байт

01 00 27 00 F7 D0 E0 E1 EE F2 E0 20 20 20 20 20 20 20 20 20 20 20 20 20 20 20 20 20 20 20 20 20 20 20 20 20 20 D5 94   // прием: 39 байт; 09:00:09:981 04.03.2018
// таймаут: 60 мсек

Работа          
                

CA E0 EB FE EC ED FB 20 

00 00 07 00 F7 D4 47   // передача: 7 байт; 09:00:10:491 04.03.2018
// приём по количеству байт: 39 из 39
// принято с порта: 39 байт

01 00 27 00 F7 D0 E0 E1 EE F2 E0 20 20 20 20 20 20 20 20 20 20 20 20 20 20 20 20 20 20 20 20 20 20 20 20 20 20 D5 94   // прием: 39 байт; 09:00:10:551 04.03.2018
// таймаут: 60 мсек

Работа          
                

CA E0 EB FE EC ED FB 20 

00 00 07 00 F7 D4 47   // передача: 7 байт; 09:00:11:061 04.03.2018
// приём по количеству байт: 39 из 39
// принято с порта: 39 байт

01 00 27 00 F7 D0 E0 E1 EE F2 E0 20 20 20 20 20 20 20 20 20 20 20 20 20 20 20 20 20 20 20 20 20 20 20 20 20 20 D5 94   // прием: 39 байт; 09:00:11:251 04.03.2018
// таймаут: 190 мсек

Работа          
                

CA E0 EB FE EC ED FB 20 

00 00 07 00 F7 D4 47   // передача: 7 байт; 09:00:11:761 04.03.2018
// приём по количеству байт: 39 из 39
// принято с порта: 39 байт

01 00 27 00 F7 D0 E0 E1 EE F2 E0 20 20 20 20 20 20 20 20 20 20 20 20 20 20 20 20 20 20 20 20 20 20 20 20 20 20 D5 94   // прием: 39 байт; 09:00:11:821 04.03.2018
// таймаут: 60 мсек

Работа          
                

CA E0 EB FE EC ED FB 20 

00 00 07 00 F7 D4 47   // передача: 7 байт; 09:00:12:341 04.03.2018
// приём по количеству байт: 39 из 39
// принято с порта: 39 байт

01 00 27 00 F7 D0 E0 E1 EE F2 E0 20 20 20 20 20 20 20 20 20 20 20 20 20 20 20 20 20 20 20 20 20 20 20 20 20 20 D5 94   // прием: 39 байт; 09:00:12:401 04.03.2018
// таймаут: 60 мсек

Работа          
                

CA E0 EB FE EC ED FB 20 

00 00 07 00 F7 D4 47   // передача: 7 байт; 09:00:12:911 04.03.2018
// приём по количеству байт: 39 из 39
// принято с порта: 39 байт

01 00 27 00 F7 D0 E0 E1 EE F2 E0 20 20 20 20 20 20 20 20 20 20 20 20 20 20 20 20 20 20 20 20 20 20 20 20 20 20 D5 94   // прием: 39 байт; 09:00:12:971 04.03.2018
// таймаут: 60 мсек

Работа          
                

CA E0 EB FE EC ED FB 20 

00 00 07 00 F7 D4 47   // передача: 7 байт; 09:00:18:501 04.03.2018
// приём по количеству байт: 39 из 39
// принято с порта: 39 байт

01 00 27 00 F7 D0 E0 E1 EE F2 E0 20 20 20 20 20 20 20 20 20 20 20 20 20 20 20 20 20 20 20 20 20 20 20 20 20 20 D5 94   // прием: 39 байт; 09:00:18:571 04.03.2018
// таймаут: 70 мсек

Работа          
                

CA E0 EB FE EC ED FB 20 

00 00 07 00 F7 D4 47   // передача: 7 байт; 09:00:19:341 04.03.2018
// приём по количеству байт: 39 из 39
// принято с порта: 39 байт

01 00 27 00 F7 D0 E0 E1 EE F2 E0 20 20 20 20 20 20 20 20 20 20 20 20 20 20 20 20 20 20 20 20 20 20 20 20 20 20 D5 94   // прием: 39 байт; 09:00:19:411 04.03.2018
// таймаут: 70 мсек

Работа          
                

CA E0 EB FE EC ED FB 20 

00 00 07 00 F7 D4 47   // передача: 7 байт; 09:00:20:121 04.03.2018
// приём по количеству байт: 39 из 39
// принято с порта: 39 байт

01 00 27 00 F7 D0 E0 E1 EE F2 E0 20 20 20 20 20 20 20 20 20 20 20 20 20 20 20 20 20 20 20 20 20 20 20 20 20 20 D5 94   // прием: 39 байт; 09:00:20:181 04.03.2018
// таймаут: 60 мсек

Работа          
                

CA E0 EB FE EC ED FB 20 

00 00 07 00 F7 D4 47   // передача: 7 байт; 09:00:20:681 04.03.2018
// приём по количеству байт: 39 из 39
// принято с порта: 39 байт

01 00 27 00 F7 D0 E0 E1 EE F2 E0 20 20 20 20 20 20 20 20 20 20 20 20 20 20 20 20 20 20 20 20 20 20 20 20 20 20 D5 94   // прием: 39 байт; 09:00:20:741 04.03.2018
// таймаут: 60 мсек

Работа          
                

CA E0 EB FE EC ED FB 20 

00 00 07 00 F7 D4 47   // передача: 7 байт; 09:00:21:431 04.03.2018
// приём по количеству байт: 39 из 39
// принято с порта: 39 байт

01 00 27 00 F7 D0 E0 E1 EE F2 E0 20 20 20 20 20 20 20 20 20 20 20 20 20 20 20 20 20 20 20 20 20 20 20 20 20 20 D5 94   // прием: 39 байт; 09:00:21:501 04.03.2018
// таймаут: 70 мсек

Работа          
                

CA E0 EB FE EC ED FB 20 

00 00 07 00 F7 D4 47   // передача: 7 байт; 09:00:22:001 04.03.2018
// приём по количеству байт: 39 из 39
// принято с порта: 39 байт

01 00 27 00 F7 D0 E0 E1 EE F2 E0 20 20 20 20 20 20 20 20 20 20 20 20 20 20 20 20 20 20 20 20 20 20 20 20 20 20 D5 94   // прием: 39 байт; 09:00:22:061 04.03.2018
// таймаут: 60 мсек

Работа          
                

CA E0 EB FE EC ED FB 20 

00 00 07 00 F7 D4 47   // передача: 7 байт; 09:00:57:781 04.03.2018
// приём по количеству байт: 39 из 39
// принято с порта: 39 байт

01 00 27 00 F7 20 31 31 3A 30 30 20 30 34 2E 30 33 2E 31 38 20 20 30 39 3A 30 30 20 30 34 2E 30 34 2E 31 38 20 74 04   // прием: 39 байт; 09:00:58:331 04.03.2018
// таймаут: 550 мсек

 11:00 04.03.18 
 09:00 04.04.18 

CA E0 EB FE EC ED FB 20 

00 00 07 00 F7 D4 47   // передача: 7 байт; 09:00:58:941 04.03.2018
// приём по количеству байт: 39 из 39
// принято с порта: 39 байт

01 00 27 00 F7 20 31 32 3A 30 30 20 30 34 2E 30 33 2E 31 38 20 20 30 39 3A 30 30 20 30 34 2E 30 34 2E 31 38 20 77 F4   // прием: 39 байт; 09:00:59:111 04.03.2018
// таймаут: 170 мсек

 12:00 04.03.18 
 09:00 04.04.18 

CA E0 EB FE EC ED FB 20 

00 00 07 00 F7 D4 47   // передача: 7 байт; 09:00:59:521 04.03.2018
// приём по количеству байт: 39 из 39
// принято с порта: 39 байт

01 00 27 00 F7 20 31 33 3A 30 30 20 30 34 2E 30 33 2E 31 38 20 20 30 39 3A 30 30 20 30 34 2E 30 34 2E 31 38 20 76 A4   // прием: 39 байт; 09:00:59:881 04.03.2018
// таймаут: 360 мсек

 13:00 04.03.18 
 09:00 04.04.18 

CA E0 EB FE EC ED FB 20 

00 00 07 00 F7 D4 47   // передача: 7 байт; 09:01:03:101 04.03.2018
// приём по количеству байт: 39 из 39
// принято с порта: 39 байт

01 00 27 00 F7 20 31 38 3A 30 30 20 30 34 2E 30 33 2E 31 38 20 20 30 39 3A 30 30 20 30 34 2E 30 34 2E 31 38 20 7B 54   // прием: 39 байт; 09:01:03:751 04.03.2018
// таймаут: 650 мсек

 18:00 04.03.18 
 09:00 04.04.18 

CA E0 EB FE EC ED FB 20 

00 00 07 00 F7 D4 47   // передача: 7 байт; 09:01:05:281 04.03.2018
// приём по количеству байт: 39 из 39
// принято с порта: 39 байт

01 00 27 00 F7 20 32 31 3A 30 30 20 30 34 2E 30 33 2E 31 38 20 20 30 39 3A 30 30 20 30 34 2E 30 34 2E 31 38 20 C4 05   // прием: 39 байт; 09:01:06:081 04.03.2018
// таймаут: 800 мсек

 21:00 04.03.18 
 09:00 04.04.18 

CA E0 EB FE EC ED FB 20 

00 00 07 00 F7 D4 47   // передача: 7 байт; 09:01:07:411 04.03.2018
// приём по количеству байт: 39 из 39
// принято с порта: 39 байт

01 00 27 00 F7 20 32 33 3A 30 30 20 30 34 2E 30 33 2E 31 38 20 20 30 39 3A 30 30 20 30 34 2E 30 34 2E 31 38 20 C6 A5   // прием: 39 байт; 09:01:07:631 04.03.2018
// таймаут: 220 мсек

 23:00 04.03.18 
 09:00 04.04.18 

CA E0 EB FE EC ED FB 20 

00 00 07 00 F7 D4 47   // передача: 7 байт; 09:01:09:491 04.03.2018
// приём по количеству байт: 39 из 39
// принято с порта: 39 байт

01 00 27 00 F7 20 30 32 3A 30 30 20 30 35 2E 30 33 2E 31 38 20 20 30 39 3A 30 30 20 30 34 2E 30 34 2E 31 38 20 BB A1   // прием: 39 байт; 09:01:10:271 04.03.2018
// таймаут: 780 мсек

 02:00 05.03.18 
 09:00 04.04.18 

CA E0 EB FE EC ED FB 20 

00 00 07 00 F7 D4 47   // передача: 7 байт; 09:01:11:251 04.03.2018
// приём по количеству байт: 39 из 39
// принято с порта: 39 байт

01 00 27 00 F7 20 30 34 3A 30 30 20 30 35 2E 30 33 2E 31 38 20 20 30 39 3A 30 31 20 30 34 2E 30 34 2E 31 38 20 BA FD   // прием: 39 байт; 09:01:11:821 04.03.2018
// таймаут: 570 мсек

 04:00 05.03.18 
 09:01 04.04.18 

CA E0 EB FE EC ED FB 20 

00 00 07 00 F7 D4 47   // передача: 7 байт; 09:01:16:171 04.03.2018
// приём по количеству байт: 39 из 39
// принято с порта: 39 байт

01 00 27 00 F7 20 31 30 3A 30 30 20 30 35 2E 30 33 2E 31 38 20 20 30 39 3A 30 31 20 30 34 2E 30 34 2E 31 38 20 2C 3D   // прием: 39 байт; 09:01:16:471 04.03.2018
// таймаут: 300 мсек

 10:00 05.03.18 
 09:01 04.04.18 

CA E0 EB FE EC ED FB 20 

00 00 07 00 F7 D4 47   // передача: 7 байт; 09:01:18:461 04.03.2018
// приём по количеству байт: 39 из 39
// принято с порта: 39 байт

01 00 27 00 F7 20 31 33 3A 30 30 20 30 35 2E 30 33 2E 31 38 20 20 30 39 3A 30 31 20 30 34 2E 30 34 2E 31 38 20 2F CD   // прием: 39 байт; 09:01:18:791 04.03.2018
// таймаут: 330 мсек

 13:00 05.03.18 
 09:01 04.04.18 

CA E0 EB FE EC ED FB 20 

00 00 07 00 F7 D4 47   // передача: 7 байт; 09:01:19:381 04.03.2018
// приём по количеству байт: 39 из 39
// принято с порта: 39 байт

01 00 27 00 F7 20 31 34 3A 30 30 20 30 35 2E 30 33 2E 31 38 20 20 30 39 3A 30 31 20 30 34 2E 30 34 2E 31 38 20 2B 3D   // прием: 39 байт; 09:01:19:561 04.03.2018
// таймаут: 180 мсек

 14:00 05.03.18 
 09:01 04.04.18 

CA E0 EB FE EC ED FB 20 

00 00 07 00 F7 D4 47   // передача: 7 байт; 09:01:20:211 04.03.2018
// приём по количеству байт: 39 из 39
// принято с порта: 39 байт

01 00 27 00 F7 20 31 35 3A 30 30 20 30 35 2E 30 33 2E 31 38 20 20 30 39 3A 30 31 20 30 34 2E 30 34 2E 31 38 20 2A 6D   // прием: 39 байт; 09:01:20:341 04.03.2018
// таймаут: 130 мсек

 15:00 05.03.18 
 09:01 04.04.18 

CA E0 EB FE EC ED FB 20 

00 00 07 00 F7 D4 47   // передача: 7 байт; 09:01:26:991 04.03.2018
// приём по количеству байт: 39 из 39
// принято с порта: 39 байт

01 00 27 00 F7 20 30 30 3A 30 30 20 30 36 2E 30 33 2E 31 38 20 20 30 39 3A 30 31 20 30 34 2E 30 34 2E 31 38 20 59 02   // прием: 39 байт; 09:01:27:621 04.03.2018
// таймаут: 630 мсек

 00:00 06.03.18 
 09:01 04.04.18 

CA E0 EB FE EC ED FB 20 

00 00 07 00 F7 D4 47   // передача: 7 байт; 09:01:28:381 04.03.2018
// приём по количеству байт: 39 из 39
// принято с порта: 39 байт

01 00 27 00 F7 20 30 32 3A 30 30 20 30 36 2E 30 33 2E 31 38 20 20 30 39 3A 30 31 20 30 34 2E 30 34 2E 31 38 20 5B A2   // прием: 39 байт; 09:01:29:171 04.03.2018
// таймаут: 790 мсек

 02:00 06.03.18 
 09:01 04.04.18 

CA E0 EB FE EC ED FB 20 

00 00 07 00 F7 D4 47   // передача: 7 байт; 09:01:30:371 04.03.2018
// приём по количеству байт: 39 из 39
// принято с порта: 39 байт

01 00 27 00 F7 20 30 34 3A 30 30 20 30 36 2E 30 33 2E 31 38 20 20 30 39 3A 30 31 20 30 34 2E 30 34 2E 31 38 20 5E 02   // прием: 39 байт; 09:01:30:721 04.03.2018
// таймаут: 350 мсек

 04:00 06.03.18 
 09:01 04.04.18 

CA E0 EB FE EC ED FB 20 

00 00 07 00 F7 D4 47   // передача: 7 байт; 09:01:31:231 04.03.2018
// приём по количеству байт: 39 из 39
// принято с порта: 39 байт

01 00 27 00 F7 20 30 35 3A 30 30 20 30 36 2E 30 33 2E 31 38 20 20 30 39 3A 30 31 20 30 34 2E 30 34 2E 31 38 20 5F 52   // прием: 39 байт; 09:01:31:491 04.03.2018
// таймаут: 260 мсек

 05:00 06.03.18 
 09:01 04.04.18 

CA E0 EB FE EC ED FB 20 

00 00 07 00 F7 D4 47   // передача: 7 байт; 09:01:32:091 04.03.2018
// приём по количеству байт: 39 из 39
// принято с порта: 39 байт

01 00 27 00 F7 20 30 36 3A 30 30 20 30 36 2E 30 33 2E 31 38 20 20 30 39 3A 30 31 20 30 34 2E 30 34 2E 31 38 20 5C A2   // прием: 39 байт; 09:01:32:271 04.03.2018
// таймаут: 180 мсек

 06:00 06.03.18 
 09:01 04.04.18 

CA E0 EB FE EC ED FB 20 

00 00 07 00 F7 D4 47   // передача: 7 байт; 09:01:33:321 04.03.2018
// приём по количеству байт: 39 из 39
// принято с порта: 39 байт

01 00 27 00 F7 20 30 38 3A 30 30 20 30 36 2E 30 33 2E 31 38 20 20 30 39 3A 30 31 20 30 34 2E 30 34 2E 31 38 20 57 02   // прием: 39 байт; 09:01:33:821 04.03.2018
// таймаут: 500 мсек

 08:00 06.03.18 
 09:01 04.04.18 

CA E0 EB FE EC ED FB 20 

00 00 07 00 F7 D4 47   // передача: 7 байт; 09:01:35:031 04.03.2018
// приём по количеству байт: 39 из 39
// принято с порта: 39 байт

01 00 27 00 F7 20 31 30 3A 30 30 20 30 36 2E 30 33 2E 31 38 20 20 30 39 3A 30 31 20 30 34 2E 30 34 2E 31 38 20 C8 C2   // прием: 39 байт; 09:01:35:361 04.03.2018
// таймаут: 330 мсек

 10:00 06.03.18 
 09:01 04.04.18 

CA E0 EB FE EC ED FB 20 

00 00 07 00 F7 D4 47   // передача: 7 байт; 09:01:36:051 04.03.2018
// приём по количеству байт: 39 из 39
// принято с порта: 39 байт

01 00 27 00 F7 20 31 31 3A 30 30 20 30 36 2E 30 33 2E 31 38 20 20 30 39 3A 30 31 20 30 34 2E 30 34 2E 31 38 20 C9 92   // прием: 39 байт; 09:01:36:141 04.03.2018
// таймаут: 90 мсек

 11:00 06.03.18 
 09:01 04.04.18 

CA E0 EB FE EC ED FB 20 

00 00 07 00 F7 D4 47   // передача: 7 байт; 09:01:37:321 04.03.2018
// приём по количеству байт: 39 из 39
// принято с порта: 39 байт

01 00 27 00 F7 20 31 33 3A 30 30 20 30 36 2E 30 33 2E 31 38 20 20 30 39 3A 30 31 20 30 34 2E 30 34 2E 31 38 20 CB 32   // прием: 39 байт; 09:01:37:691 04.03.2018
// таймаут: 370 мсек

 13:00 06.03.18 
 09:01 04.04.18 

CA E0 EB FE EC ED FB 20 

00 00 07 00 F7 D4 47   // передача: 7 байт; 09:01:38:661 04.03.2018
// приём по количеству байт: 39 из 39
// принято с порта: 39 байт

01 00 27 00 F7 20 31 35 3A 30 30 20 30 36 2E 30 33 2E 31 38 20 20 30 39 3A 30 31 20 30 34 2E 30 34 2E 31 38 20 CE 92   // прием: 39 байт; 09:01:39:241 04.03.2018
// таймаут: 580 мсек

 15:00 06.03.18 
 09:01 04.04.18 

CA E0 EB FE EC ED FB 20 

00 00 07 00 F7 D4 47   // передача: 7 байт; 09:01:39:431 04.03.2018
// приём по количеству байт: 39 из 39
// принято с порта: 39 байт

01 00 27 00 F7 20 31 36 3A 30 30 20 30 36 2E 30 33 2E 31 38 20 20 30 39 3A 30 31 20 30 34 2E 30 34 2E 31 38 20 CD 62   // прием: 39 байт; 09:01:40:011 04.03.2018
// таймаут: 580 мсек

 16:00 06.03.18 
 09:01 04.04.18 

CA E0 EB FE EC ED FB 20 

00 00 07 00 F7 D4 47   // передача: 7 байт; 09:01:40:411 04.03.2018
// приём по количеству байт: 39 из 39
// принято с порта: 39 байт

01 00 27 00 F7 20 31 37 3A 30 30 20 30 36 2E 30 33 2E 31 38 20 20 30 39 3A 30 31 20 30 34 2E 30 34 2E 31 38 20 CC 32   // прием: 39 байт; 09:01:40:791 04.03.2018
// таймаут: 380 мсек

 17:00 06.03.18 
 09:01 04.04.18 

CA E0 EB FE EC ED FB 20 

00 00 07 00 F7 D4 47   // передача: 7 байт; 09:01:41:351 04.03.2018
// приём по количеству байт: 39 из 39
// принято с порта: 39 байт

01 00 27 00 F7 20 31 38 3A 30 30 20 30 36 2E 30 33 2E 31 38 20 20 30 39 3A 30 31 20 30 34 2E 30 34 2E 31 38 20 C6 C2   // прием: 39 байт; 09:01:41:561 04.03.2018
// таймаут: 210 мсек

 18:00 06.03.18 
 09:01 04.04.18 

CA E0 EB FE EC ED FB 20 

00 00 07 00 F7 D4 47   // передача: 7 байт; 09:01:42:051 04.03.2018
// приём по количеству байт: 39 из 39
// принято с порта: 39 байт

01 00 27 00 F7 20 31 39 3A 30 30 20 30 36 2E 30 33 2E 31 38 20 20 30 39 3A 30 31 20 30 34 2E 30 34 2E 31 38 20 C7 92   // прием: 39 байт; 09:01:42:341 04.03.2018
// таймаут: 290 мсек

 19:00 06.03.18 
 09:01 04.04.18 

CA E0 EB FE EC ED FB 20 

00 00 07 00 F7 D4 47   // передача: 7 байт; 09:01:42:821 04.03.2018
// приём по количеству байт: 39 из 39
// принято с порта: 39 байт

01 00 27 00 F7 20 32 30 3A 30 30 20 30 36 2E 30 33 2E 31 38 20 20 30 39 3A 30 31 20 30 34 2E 30 34 2E 31 38 20 78 C3   // прием: 39 байт; 09:01:43:111 04.03.2018
// таймаут: 290 мсек

 20:00 06.03.18 
 09:01 04.04.18 

CA E0 EB FE EC ED FB 20 

00 00 07 00 F7 D4 47   // передача: 7 байт; 09:01:43:771 04.03.2018
// приём по количеству байт: 39 из 39
// принято с порта: 39 байт

01 00 27 00 F7 20 32 31 3A 30 30 20 30 36 2E 30 33 2E 31 38 20 20 30 39 3A 30 31 20 30 34 2E 30 34 2E 31 38 20 79 93   // прием: 39 байт; 09:01:43:891 04.03.2018
// таймаут: 120 мсек

 21:00 06.03.18 
 09:01 04.04.18 

CA E0 EB FE EC ED FB 20 

00 00 07 00 F7 D4 47   // передача: 7 байт; 09:01:44:571 04.03.2018
// приём по количеству байт: 39 из 39
// принято с порта: 39 байт

01 00 27 00 F7 20 32 32 3A 30 30 20 30 36 2E 30 33 2E 31 38 20 20 30 39 3A 30 31 20 30 34 2E 30 34 2E 31 38 20 7A 63   // прием: 39 байт; 09:01:44:661 04.03.2018
// таймаут: 90 мсек

 22:00 06.03.18 
 09:01 04.04.18 

CA E0 EB FE EC ED FB 20 

00 00 07 00 F7 D4 47   // передача: 7 байт; 09:01:45:511 04.03.2018
// приём по количеству байт: 39 из 39
// принято с порта: 39 байт

01 00 27 00 F7 20 30 30 3A 30 30 20 30 37 2E 30 33 2E 31 38 20 20 30 39 3A 30 31 20 30 34 2E 30 34 2E 31 38 20 04 97   // прием: 39 байт; 09:01:46:521 04.03.2018
// таймаут: 1010 мсек

 00:00 07.03.18 
 09:01 04.04.18 

CA E0 EB FE EC ED FB 20 

00 00 07 00 F7 D4 47   // передача: 7 байт; 09:02:02:411 04.03.2018
// приём по количеству байт: 39 из 39
// принято с порта: 39 байт

01 00 27 00 F7 20 32 31 3A 30 30 20 30 37 2E 30 33 2E 31 38 20 20 30 39 3A 30 31 20 30 34 2E 30 34 2E 31 38 20 24 06   // прием: 39 байт; 09:02:02:791 04.03.2018
// таймаут: 380 мсек

 21:00 07.03.18 
 09:01 04.04.18 

CA E0 EB FE EC ED FB 20 

00 00 07 00 F7 D4 47   // передача: 7 байт; 09:02:04:101 04.03.2018
// приём по количеству байт: 39 из 39
// принято с порта: 39 байт

01 00 27 00 F7 20 32 33 3A 30 30 20 30 37 2E 30 33 2E 31 38 20 20 30 39 3A 30 31 20 30 34 2E 30 34 2E 31 38 20 26 A6   // прием: 39 байт; 09:02:04:341 04.03.2018
// таймаут: 240 мсек

 23:00 07.03.18 
 09:01 04.04.18 

CA E0 EB FE EC ED FB 20 

00 00 07 00 F7 D4 47   // передача: 7 байт; 09:02:04:931 04.03.2018
// приём по количеству байт: 39 из 39
// принято с порта: 39 байт

01 00 27 00 F7 20 30 30 3A 30 30 20 30 38 2E 30 33 2E 31 38 20 20 30 39 3A 30 31 20 30 34 2E 30 34 2E 31 38 20 75 57   // прием: 39 байт; 09:02:05:421 04.03.2018
// таймаут: 490 мсек

 00:00 08.03.18 
 09:01 04.04.18 

CA E0 EB FE EC ED FB 20 

00 00 07 00 F7 D4 47   // передача: 7 байт; 09:02:05:791 04.03.2018
// приём по количеству байт: 39 из 39
// принято с порта: 39 байт

01 00 27 00 F7 20 30 31 3A 30 30 20 30 38 2E 30 33 2E 31 38 20 20 30 39 3A 30 31 20 30 34 2E 30 34 2E 31 38 20 74 07   // прием: 39 байт; 09:02:06:201 04.03.2018
// таймаут: 410 мсек

 01:00 08.03.18 
 09:01 04.04.18 

CA E0 EB FE EC ED FB 20 

00 00 07 00 F7 D4 47   // передача: 7 байт; 09:02:06:651 04.03.2018
// приём по количеству байт: 39 из 39
// принято с порта: 39 байт

01 00 27 00 F7 20 30 32 3A 30 30 20 30 38 2E 30 33 2E 31 38 20 20 30 39 3A 30 31 20 30 34 2E 30 34 2E 31 38 20 77 F7   // прием: 39 байт; 09:02:06:971 04.03.2018
// таймаут: 320 мсек

 02:00 08.03.18 
 09:01 04.04.18 

CA E0 EB FE EC ED FB 20 

00 00 07 00 F7 D4 47   // передача: 7 байт; 09:02:07:501 04.03.2018
// приём по количеству байт: 39 из 39
// принято с порта: 39 байт

01 00 27 00 F7 20 30 33 3A 30 30 20 30 38 2E 30 33 2E 31 38 20 20 30 39 3A 30 31 20 30 34 2E 30 34 2E 31 38 20 76 A7   // прием: 39 байт; 09:02:07:751 04.03.2018
// таймаут: 250 мсек

 03:00 08.03.18 
 09:01 04.04.18 

CA E0 EB FE EC ED FB 20 

00 00 07 00 F7 D4 47   // передача: 7 байт; 09:02:08:201 04.03.2018
// приём по количеству байт: 39 из 39
// принято с порта: 39 байт

01 00 27 00 F7 20 30 34 3A 30 30 20 30 38 2E 30 33 2E 31 38 20 20 30 39 3A 30 31 20 30 34 2E 30 34 2E 31 38 20 72 57   // прием: 39 байт; 09:02:08:521 04.03.2018
// таймаут: 320 мсек

 04:00 08.03.18 
 09:01 04.04.18 

CA E0 EB FE EC ED FB 20 

00 00 07 00 F7 D4 47   // передача: 7 байт; 09:02:09:131 04.03.2018
// приём по количеству байт: 39 из 39
// принято с порта: 39 байт

01 00 27 00 F7 20 30 35 3A 30 30 20 30 38 2E 30 33 2E 31 38 20 20 30 39 3A 30 31 20 30 34 2E 30 34 2E 31 38 20 73 07   // прием: 39 байт; 09:02:09:301 04.03.2018
// таймаут: 170 мсек

 05:00 08.03.18 
 09:01 04.04.18 



1A   // передача: 1 байт; 09:02:10:661 04.03.2018

CA E0 EB FE EC ED FB 20 

00 00 07 00 F7 D4 47   // передача: 7 байт; 09:13:20:081 04.03.2018
// приём по количеству байт: 39 из 39
// принято с порта: 39 байт

00 00 27 00 F7 C0 E2 E0 F0 E8 FF 3A 20 EE F8 E8 E1 EA E0 20 20 20 EF E0 EC FF F2 E8 20 46 4C 41 53 48 31 20 21 B4 12   // прием: 39 байт; 09:13:20:151 04.03.2018
// таймаут: 70 мсек

Авария: ошибка  
 памяти FLASH1 !

CA E0 EB FE EC ED FB 20 

00 00 07 00 F7 D4 47   // передача: 7 байт; 09:24:49:252 04.03.2018
// приём по количеству байт: 39 из 39
// принято с порта: 39 байт

01 00 27 00 F7 20 30 32 3A 30 30 20 30 34 2E 30 34 2E 31 38 20 20 30 39 3A 32 34 20 30 34 2E 30 33 2E 31 38 20 C9 B4   // прием: 39 байт; 09:24:49:767 04.03.2018
// таймаут: 515 мсек

 02:00 04.04.18 
 09:24 04.03.18 

CA E0 EB FE EC ED FB 20 

00 00 07 00 F7 D4 47   // передача: 7 байт; 09:24:50:316 04.03.2018
// приём по количеству байт: 39 из 39
// принято с порта: 39 байт

01 00 27 00 F7 20 30 33 3A 30 30 20 30 34 2E 30 34 2E 31 38 20 20 30 39 3A 32 34 20 30 34 2E 30 33 2E 31 38 20 C8 E4   // прием: 39 байт; 09:24:50:547 04.03.2018
// таймаут: 231 мсек

 03:00 04.04.18 
 09:24 04.03.18 

CA E0 EB FE EC ED FB 20 

00 00 07 00 F7 D4 47   // передача: 7 байт; 09:24:51:036 04.03.2018
// приём по количеству байт: 39 из 39
// принято с порта: 39 байт

01 00 27 00 F7 20 30 34 3A 30 30 20 30 34 2E 30 34 2E 31 38 20 20 30 39 3A 32 34 20 30 34 2E 30 33 2E 31 38 20 CC 14   // прием: 39 байт; 09:24:51:346 04.03.2018
// таймаут: 310 мсек

 04:00 04.04.18 
 09:24 04.03.18 

CA E0 EB FE EC ED FB 20 

00 00 07 00 F7 D4 47   // передача: 7 байт; 09:24:51:684 04.03.2018
// приём по количеству байт: 39 из 39
// принято с порта: 39 байт

01 00 27 00 F7 20 30 35 3A 30 30 20 30 34 2E 30 34 2E 31 38 20 20 30 39 3A 32 34 20 30 34 2E 30 33 2E 31 38 20 CD 44   // прием: 39 байт; 09:24:52:109 04.03.2018
// таймаут: 425 мсек

 05:00 04.04.18 
 09:24 04.03.18 

CA E0 EB FE EC ED FB 20 

00 00 07 00 F7 D4 47   // передача: 7 байт; 09:24:52:732 04.03.2018
// приём по количеству байт: 39 из 39
// принято с порта: 39 байт

01 00 27 00 F7 20 30 36 3A 30 30 20 30 34 2E 30 34 2E 31 38 20 20 30 39 3A 32 34 20 30 34 2E 30 33 2E 31 38 20 CE B4   // прием: 39 байт; 09:24:52:889 04.03.2018
// таймаут: 157 мсек

 06:00 04.04.18 
 09:24 04.03.18 

CA E0 EB FE EC ED FB 20 

00 00 07 00 F7 D4 47   // передача: 7 байт; 09:24:53:388 04.03.2018
// приём по количеству байт: 39 из 39
// принято с порта: 39 байт

01 00 27 00 F7 20 30 37 3A 30 30 20 30 34 2E 30 34 2E 31 38 20 20 30 39 3A 32 34 20 30 34 2E 30 33 2E 31 38 20 CF E4   // прием: 39 байт; 09:24:53:670 04.03.2018
// таймаут: 282 мсек

 07:00 04.04.18 
 09:24 04.03.18 

CA E0 EB FE EC ED FB 20 

00 00 07 00 F7 D4 47   // передача: 7 байт; 09:24:54:084 04.03.2018
// приём по количеству байт: 39 из 39
// принято с порта: 39 байт

01 00 27 00 F7 20 30 38 3A 30 30 20 30 34 2E 30 34 2E 31 38 20 20 30 39 3A 32 34 20 30 34 2E 30 33 2E 31 38 20 C5 14   // прием: 39 байт; 09:24:54:451 04.03.2018
// таймаут: 367 мсек

 08:00 04.04.18 
 09:24 04.03.18 

CA E0 EB FE EC ED FB 20 

00 00 07 00 F7 D4 47   // передача: 7 байт; 09:24:57:035 04.03.2018
// приём по количеству байт: 39 из 39
// принято с порта: 39 байт

01 00 27 00 F7 20 31 32 3A 30 30 20 30 34 2E 30 34 2E 31 38 20 20 30 39 3A 32 34 20 30 34 2E 30 33 2E 31 38 20 58 74   // прием: 39 байт; 09:24:57:571 04.03.2018
// таймаут: 536 мсек

 12:00 04.04.18 
 09:24 04.03.18 

CA E0 EB FE EC ED FB 20 

00 00 07 00 F7 D4 47   // передача: 7 байт; 09:24:57:884 04.03.2018
// приём по количеству байт: 39 из 39
// принято с порта: 39 байт

01 00 27 00 F7 20 31 33 3A 30 30 20 30 34 2E 30 34 2E 31 38 20 20 30 39 3A 32 34 20 30 34 2E 30 33 2E 31 38 20 59 24   // прием: 39 байт; 09:24:58:350 04.03.2018
// таймаут: 466 мсек

 13:00 04.04.18 
 09:24 04.03.18 

CA E0 EB FE EC ED FB 20 

00 00 07 00 F7 D4 47   // передача: 7 байт; 09:25:00:580 04.03.2018
// приём по количеству байт: 39 из 39
// принято с порта: 39 байт

01 00 27 00 F7 20 31 36 3A 30 30 20 30 34 2E 30 34 2E 31 38 20 20 30 39 3A 32 34 20 30 34 2E 30 33 2E 31 38 20 5F 74   // прием: 39 байт; 09:25:00:692 04.03.2018
// таймаут: 112 мсек

 16:00 04.04.18 
 09:24 04.03.18 

CA E0 EB FE EC ED FB 20 

00 00 07 00 F7 D4 47   // передача: 7 байт; 09:26:18:380 04.03.2018
// приём по количеству байт: 39 из 39
// принято с порта: 39 байт

01 00 27 00 F7 20 31 33 3A 30 30 20 30 36 2E 30 34 2E 31 38 20 20 30 39 3A 32 36 20 30 34 2E 30 33 2E 31 38 20 EB F6   // прием: 39 байт; 09:26:19:019 04.03.2018
// таймаут: 639 мсек

 13:00 06.04.18 
 09:26 04.03.18 

CA E0 EB FE EC ED FB 20 

00 00 07 00 F7 D4 47   // передача: 7 байт; 09:26:19:212 04.03.2018
// приём по количеству байт: 39 из 39
// принято с порта: 39 байт

01 00 27 00 F7 20 31 34 3A 30 30 20 30 36 2E 30 34 2E 31 38 20 20 30 39 3A 32 36 20 30 34 2E 30 33 2E 31 38 20 EF 06   // прием: 39 байт; 09:26:19:805 04.03.2018
// таймаут: 593 мсек

 14:00 06.04.18 
 09:26 04.03.18 

CA E0 EB FE EC ED FB 20 

00 00 07 00 F7 D4 47   // передача: 7 байт; 09:26:19:861 04.03.2018

CA E0 EB FE EC ED FB 20 

00 00 07 00 F7 D4 47   // передача: 7 байт; 09:26:20:372 04.03.2018
// приём по количеству байт: 39 из 39
// принято с порта: 39 байт

01 00 27 00 F7 20 31 35 3A 30 30 20 30 36 2E 30 34 2E 31 38 20 20 30 39 3A 32 36 20 30 34 2E 30 33 2E 31 38 20 EE 56   // прием: 39 байт; 09:26:20:590 04.03.2018
// таймаут: 218 мсек

 15:00 06.04.18 
 09:26 04.03.18 

CA E0 EB FE EC ED FB 20 

00 00 07 00 F7 D4 47   // передача: 7 байт; 09:26:21:076 04.03.2018
// приём по количеству байт: 39 из 39
// принято с порта: 39 байт

01 00 27 00 F7 20 31 36 3A 30 30 20 30 36 2E 30 34 2E 31 38 20 20 30 39 3A 32 36 20 30 34 2E 30 33 2E 31 38 20 ED A6   // прием: 39 байт; 09:26:21:375 04.03.2018
// таймаут: 299 мсек

 16:00 06.04.18 
 09:26 04.03.18 

CA E0 EB FE EC ED FB 20 

00 00 07 00 F7 D4 47   // передача: 7 байт; 09:26:21:828 04.03.2018
// приём по количеству байт: 39 из 39
// принято с порта: 39 байт

01 00 27 00 F7 20 31 37 3A 30 30 20 30 36 2E 30 34 2E 31 38 20 20 30 39 3A 32 36 20 30 34 2E 30 33 2E 31 38 20 EC F6   // прием: 39 байт; 09:26:22:161 04.03.2018
// таймаут: 333 мсек

 17:00 06.04.18 
 09:26 04.03.18 

CA E0 EB FE EC ED FB 20 

00 00 07 00 F7 D4 47   // передача: 7 байт; 09:26:22:345 04.03.2018
// приём по количеству байт: 39 из 39
// принято с порта: 39 байт

01 00 27 00 F7 20 31 38 3A 30 30 20 30 36 2E 30 34 2E 31 38 20 20 30 39 3A 32 36 20 30 34 2E 30 33 2E 31 38 20 E6 06   // прием: 39 байт; 09:26:22:942 04.03.2018
// таймаут: 597 мсек

 18:00 06.04.18 
 09:26 04.03.18 

CA E0 EB FE EC ED FB 20 

00 00 07 00 F7 D4 47   // передача: 7 байт; 09:26:22:947 04.03.2018

CA E0 EB FE EC ED FB 20 

00 00 07 00 F7 D4 47   // передача: 7 байт; 09:26:23:457 04.03.2018
// приём по количеству байт: 39 из 39
// принято с порта: 39 байт

01 00 27 00 F7 20 31 39 3A 30 30 20 30 36 2E 30 34 2E 31 38 20 20 30 39 3A 32 36 20 30 34 2E 30 33 2E 31 38 20 E7 56   // прием: 39 байт; 09:26:23:728 04.03.2018
// таймаут: 271 мсек

 19:00 06.04.18 
 09:26 04.03.18 

CA E0 EB FE EC ED FB 20 

00 00 07 00 F7 D4 47   // передача: 7 байт; 09:26:24:193 04.03.2018
// приём по количеству байт: 39 из 39
// принято с порта: 39 байт

01 00 27 00 F7 20 32 30 3A 30 30 20 30 36 2E 30 34 2E 31 38 20 20 30 39 3A 32 36 20 30 34 2E 30 33 2E 31 38 20 58 07   // прием: 39 байт; 09:26:24:512 04.03.2018
// таймаут: 319 мсек

 20:00 06.04.18 
 09:26 04.03.18 

CA E0 EB FE EC ED FB 20 

00 00 07 00 F7 D4 47   // передача: 7 байт; 09:26:24:907 04.03.2018
// приём по количеству байт: 39 из 39
// принято с порта: 39 байт

01 00 27 00 F7 20 32 31 3A 30 30 20 30 36 2E 30 34 2E 31 38 20 20 30 39 3A 32 36 20 30 34 2E 30 33 2E 31 38 20 59 57   // прием: 39 байт; 09:26:25:297 04.03.2018
// таймаут: 390 мсек

 21:00 06.04.18 
 09:26 04.03.18 

CA E0 EB FE EC ED FB 20 

00 00 07 00 F7 D4 47   // передача: 7 байт; 09:26:29:468 04.03.2018
// приём по количеству байт: 39 из 39
// принято с порта: 39 байт

01 00 27 00 F7 20 30 32 3A 30 30 20 30 37 2E 30 34 2E 31 38 20 20 30 39 3A 32 36 20 30 34 2E 30 33 2E 31 38 20 26 F3   // прием: 39 байт; 09:26:29:539 04.03.2018
// таймаут: 71 мсек

 02:00 07.04.18 
 09:26 04.03.18 

CA E0 EB FE EC ED FB 20 

00 00 07 00 F7 D4 47   // передача: 7 байт; 09:26:30:067 04.03.2018
// приём по количеству байт: 39 из 39
// принято с порта: 39 байт

01 00 27 00 F7 20 30 33 3A 30 30 20 30 37 2E 30 34 2E 31 38 20 20 30 39 3A 32 36 20 30 34 2E 30 33 2E 31 38 20 27 A3   // прием: 39 байт; 09:26:30:319 04.03.2018
// таймаут: 252 мсек

 03:00 07.04.18 
 09:26 04.03.18 

CA E0 EB FE EC ED FB 20 

00 00 07 00 F7 D4 47   // передача: 7 байт; 09:26:32:627 04.03.2018

CA E0 EB FE EC ED FB 20 

00 00 07 00 F7 D4 47   // передача: 7 байт; 09:26:33:289 04.03.2018
// приём по количеству байт: 39 из 39
// принято с порта: 39 байт

01 00 27 00 F7 20 30 37 3A 30 30 20 30 37 2E 30 34 2E 31 38 20 20 30 39 3A 32 36 20 30 34 2E 30 33 2E 31 38 20 20 A3   // прием: 39 байт; 09:26:33:458 04.03.2018
// таймаут: 169 мсек

 07:00 07.04.18 
 09:26 04.03.18 

CA E0 EB FE EC ED FB 20 

00 00 07 00 F7 D4 47   // передача: 7 байт; 09:26:33:856 04.03.2018
// приём по количеству байт: 39 из 39
// принято с порта: 39 байт

01 00 27 00 F7 20 30 38 3A 30 30 20 30 37 2E 30 34 2E 31 38 20 20 30 39 3A 32 36 20 30 34 2E 30 33 2E 31 38 20 2A 53   // прием: 39 байт; 09:26:34:254 04.03.2018
// таймаут: 398 мсек

 08:00 07.04.18 
 09:26 04.03.18 

CA E0 EB FE EC ED FB 20 

00 00 07 00 F7 D4 47   // передача: 7 байт; 09:26:34:536 04.03.2018
// приём по количеству байт: 39 из 39
// принято с порта: 39 байт

01 00 27 00 F7 20 30 39 3A 30 30 20 30 37 2E 30 34 2E 31 38 20 20 30 39 3A 32 36 20 30 34 2E 30 33 2E 31 38 20 2B 03   // прием: 39 байт; 09:26:35:037 04.03.2018
// таймаут: 501 мсек

 09:00 07.04.18 
 09:26 04.03.18 

CA E0 EB FE EC ED FB 20 

00 00 07 00 F7 D4 47   // передача: 7 байт; 09:26:35:187 04.03.2018

CA E0 EB FE EC ED FB 20 

00 00 07 00 F7 D4 47   // передача: 7 байт; 09:26:35:728 04.03.2018
// приём по количеству байт: 39 из 39
// принято с порта: 39 байт

01 00 27 00 F7 20 31 30 3A 30 30 20 30 37 2E 30 34 2E 31 38 20 20 30 39 3A 32 36 20 30 34 2E 30 33 2E 31 38 20 B5 93   // прием: 39 байт; 09:26:35:818 04.03.2018
// таймаут: 90 мсек

 10:00 07.04.18 
 09:26 04.03.18 

CA E0 EB FE EC ED FB 20 

00 00 07 00 F7 D4 47   // передача: 7 байт; 09:26:36:309 04.03.2018
// приём по количеству байт: 39 из 39
// принято с порта: 39 байт

01 00 27 00 F7 20 31 31 3A 30 30 20 30 37 2E 30 34 2E 31 38 20 20 30 39 3A 32 36 20 30 34 2E 30 33 2E 31 38 20 B4 C3   // прием: 39 байт; 09:26:36:610 04.03.2018
// таймаут: 301 мсек

 11:00 07.04.18 
 09:26 04.03.18 

CA E0 EB FE EC ED FB 20 

00 00 07 00 F7 D4 47   // передача: 7 байт; 09:26:37:010 04.03.2018
// приём по количеству байт: 39 из 39
// принято с порта: 39 байт

01 00 27 00 F7 20 31 32 3A 30 30 20 30 37 2E 30 34 2E 31 38 20 20 30 39 3A 32 36 20 30 34 2E 30 33 2E 31 38 20 B7 33   // прием: 39 байт; 09:26:37:390 04.03.2018
// таймаут: 380 мсек

 12:00 07.04.18 
 09:26 04.03.18 

CA E0 EB FE EC ED FB 20 

00 00 07 00 F7 D4 47   // передача: 7 байт; 09:26:37:690 04.03.2018
// приём по количеству байт: 39 из 39
// принято с порта: 39 байт

01 00 27 00 F7 20 31 33 3A 30 30 20 30 37 2E 30 34 2E 31 38 20 20 30 39 3A 32 36 20 30 34 2E 30 33 2E 31 38 20 B6 63   // прием: 39 байт; 09:26:38:180 04.03.2018
// таймаут: 490 мсек

 13:00 07.04.18 
 09:26 04.03.18 

CA E0 EB FE EC ED FB 20 

00 00 07 00 F7 D4 47   // передача: 7 байт; 09:26:38:480 04.03.2018
// приём по количеству байт: 39 из 39
// принято с порта: 39 байт

01 00 27 00 F7 20 31 34 3A 30 30 20 30 37 2E 30 34 2E 31 38 20 20 30 39 3A 32 36 20 30 34 2E 30 33 2E 31 38 20 B2 93   // прием: 39 байт; 09:26:38:960 04.03.2018
// таймаут: 480 мсек

 14:00 07.04.18 
 09:26 04.03.18 

CA E0 EB FE EC ED FB 20 

00 00 07 00 F7 D4 47   // передача: 7 байт; 09:26:39:283 04.03.2018
// приём по количеству байт: 39 из 39
// принято с порта: 39 байт

01 00 27 00 F7 20 31 35 3A 30 30 20 30 37 2E 30 34 2E 31 38 20 20 30 39 3A 32 36 20 30 34 2E 30 33 2E 31 38 20 B3 C3   // прием: 39 байт; 09:26:39:743 04.03.2018
// таймаут: 460 мсек

 15:00 07.04.18 
 09:26 04.03.18 

// О программе
