
CA E0 EB FE EC ED FB 20 

00 00 07 00 F7 D4 47   // передача: 7 байт; 11:26:30:029 04.03.2018
// приём по количеству байт: 39 из 39
// принято с порта: 39 байт

01 00 27 00 F7 CD E0 F1 F2 F0 EE E9 EA E0 20 20 20 20 20 20 20 20 20 20 20 20 20 20 20 20 20 20 20 20 20 20 20 5D 58   // прием: 39 байт; 11:26:30:089 04.03.2018
// таймаут: 60 мсек

Настройка       
                

CA E0 EB FE EC ED FB 20 

00 00 08 00 F6 0C 45 DE   // передача: 8 байт; 11:26:30:961 04.03.2018
// приём по количеству байт: 9 из 9
// принято с порта: 9 байт

01 00 09 00 F6 00 00 37 F3   // прием: 9 байт; 11:26:31:001 04.03.2018
// таймаут: 40 мсек


CA E0 EB FE EC ED FB 20 

00 00 07 00 F7 D4 47   // передача: 7 байт; 11:26:31:001 04.03.2018
// приём по количеству байт: 39 из 39
// принято с порта: 39 байт

01 00 27 00 F7 CF F0 EE E3 F0 E0 EC EC E0 20 3F 20 20 20 20 20 2D 5F 5F 5F 20 20 20 20 20 20 20 20 20 20 20 20 16 D2   // прием: 39 байт; 11:26:31:071 04.03.2018
// таймаут: 70 мсек

Программа ?     
-___            

CA E0 EB FE EC ED FB 20 

00 00 08 00 F6 08 44 1D   // передача: 8 байт; 11:26:32:293 04.03.2018
// приём по количеству байт: 9 из 9
// принято с порта: 9 байт

01 00 09 00 F6 00 00 37 F3   // прием: 9 байт; 11:26:32:323 04.03.2018
// таймаут: 30 мсек


CA E0 EB FE EC ED FB 20 

00 00 07 00 F7 D4 47   // передача: 7 байт; 11:26:32:323 04.03.2018
// приём по количеству байт: 39 из 39
// принято с порта: 39 байт

01 00 27 00 F7 CF F0 EE E3 F0 E0 EC EC E0 20 3F 20 20 20 20 20 2D 5F 5F 38 20 20 20 20 20 20 20 20 20 20 20 20 9C 35   // прием: 39 байт; 11:26:32:393 04.03.2018
// таймаут: 70 мсек

Программа ?     
-__8            

CA E0 EB FE EC ED FB 20 

00 00 08 00 F6 01 84 1B   // передача: 8 байт; 11:26:32:923 04.03.2018
// приём по количеству байт: 9 из 9
// принято с порта: 9 байт

01 00 09 00 F6 00 00 37 F3   // прием: 9 байт; 11:26:32:963 04.03.2018
// таймаут: 40 мсек


CA E0 EB FE EC ED FB 20 

00 00 07 00 F7 D4 47   // передача: 7 байт; 11:26:32:963 04.03.2018
// приём по количеству байт: 39 из 39
// принято с порта: 39 байт

01 00 27 00 F7 CF F0 EE E3 F0 E0 EC EC E0 20 3F 20 20 20 20 20 2D 5F 38 31 20 20 20 20 20 20 20 20 20 20 20 20 E7 5B   // прием: 39 байт; 11:26:33:023 04.03.2018
// таймаут: 60 мсек

Программа ?     
-_81            

CA E0 EB FE EC ED FB 20 

00 00 08 00 F6 0D 84 1E   // передача: 8 байт; 11:26:33:663 04.03.2018
// приём по количеству байт: 9 из 9
// принято с порта: 9 байт

01 00 09 00 F6 00 00 37 F3   // прием: 9 байт; 11:26:33:693 04.03.2018
// таймаут: 30 мсек


CA E0 EB FE EC ED FB 20 

00 00 07 00 F7 D4 47   // передача: 7 байт; 11:26:33:693 04.03.2018
// приём по количеству байт: 39 из 39
// принято с порта: 39 байт

01 00 27 00 F7 CF EE EB ED FB E9 20 F1 E1 F0 EE F1 20 20 20 20 2E ED E5 F2 00 20 20 20 20 20 20 20 20 20 20 20 86 62   // прием: 39 байт; 11:26:33:763 04.03.2018
// таймаут: 70 мсек

Полный сброс    
.нет            

CA E0 EB FE EC ED FB 20 

00 00 08 00 F6 0B 04 1C   // передача: 8 байт; 11:26:34:113 04.03.2018
// приём по количеству байт: 9 из 9
// принято с порта: 9 байт

01 00 09 00 F6 00 00 37 F3   // прием: 9 байт; 11:26:34:153 04.03.2018
// таймаут: 40 мсек


CA E0 EB FE EC ED FB 20 

00 00 07 00 F7 D4 47   // передача: 7 байт; 11:26:34:153 04.03.2018
// приём по количеству байт: 39 из 39
// принято с порта: 39 байт

01 00 27 00 F7 CF EE EB ED FB E9 20 F1 E1 F0 EE F1 20 20 20 20 2E E4 E0 20 00 20 20 20 20 20 20 20 20 20 20 20 72 B2   // прием: 39 байт; 11:26:34:213 04.03.2018
// таймаут: 60 мсек

Полный сброс    
.да             

CA E0 EB FE EC ED FB 20 

00 00 08 00 F6 0D 84 1E   // передача: 8 байт; 11:26:34:523 04.03.2018
// приём по количеству байт: 9 из 9
// принято с порта: 9 байт

01 00 09 00 F6 00 00 37 F3   // прием: 9 байт; 11:26:34:563 04.03.2018
// таймаут: 40 мсек


CA E0 EB FE EC ED FB 20 

00 00 07 00 F7 D4 47   // передача: 7 байт; 11:26:34:563 04.03.2018
// приём по количеству байт: 39 из 39
// принято с порта: 39 байт

01 00 27 00 F7 D2 E5 F1 F2 20 EF E0 EC FF F2 E8 3A 20 31 20 20 20 20 20 20 20 20 20 30 25 00 20 20 20 20 20 20 C2 1C   // прием: 39 байт; 11:26:34:633 04.03.2018
// таймаут: 70 мсек

Тест памяти: 1  
       0%       

CA E0 EB FE EC ED FB 20 

00 00 07 00 F7 D4 47   // передача: 7 байт; 11:26:45:397 04.03.2018
// приём по количеству байт: 39 из 39
// принято с порта: 39 байт

01 00 27 00 F7 D2 E5 F1 F2 20 EF E0 EC FF F2 E8 3A 20 32 20 20 20 20 20 20 20 20 20 38 25 00 20 20 20 20 20 20 E1 98   // прием: 39 байт; 11:26:45:467 04.03.2018
// таймаут: 70 мсек

Тест памяти: 2  
       8%       

CA E0 EB FE EC ED FB 20 

00 00 07 00 F7 D4 47   // передача: 7 байт; 11:26:45:997 04.03.2018
// приём по количеству байт: 39 из 39
// принято с порта: 39 байт

01 00 27 00 F7 D2 E5 F1 F2 20 EF E0 EC FF F2 E8 3A 20 32 20 20 20 20 20 20 20 20 20 39 25 00 20 20 20 20 20 20 EC 08   // прием: 39 байт; 11:26:46:067 04.03.2018
// таймаут: 70 мсек

Тест памяти: 2  
       9%       

CA E0 EB FE EC ED FB 20 

00 00 07 00 F7 D4 47   // передача: 7 байт; 11:26:46:577 04.03.2018
// приём по количеству байт: 39 из 39
// принято с порта: 39 байт

01 00 27 00 F7 D2 E5 F1 F2 20 EF E0 EC FF F2 E8 3A 20 32 20 20 20 20 20 20 20 20 31 30 25 00 20 20 20 20 20 20 D6 08   // прием: 39 байт; 11:26:46:647 04.03.2018
// таймаут: 70 мсек

Тест памяти: 2  
      10%       

CA E0 EB FE EC ED FB 20 

00 00 07 00 F7 D4 47   // передача: 7 байт; 11:26:47:169 04.03.2018
// приём по количеству байт: 39 из 39
// принято с порта: 39 байт

01 00 27 00 F7 D2 E5 F1 F2 20 EF E0 EC FF F2 E8 3A 20 32 20 20 20 20 20 20 20 20 31 30 25 00 20 20 20 20 20 20 D6 08   // прием: 39 байт; 11:26:47:239 04.03.2018
// таймаут: 70 мсек

Тест памяти: 2  
      10%       

CA E0 EB FE EC ED FB 20 

00 00 07 00 F7 D4 47   // передача: 7 байт; 11:26:47:739 04.03.2018
// приём по количеству байт: 39 из 39
// принято с порта: 39 байт

01 00 27 00 F7 D2 E5 F1 F2 20 EF E0 EC FF F2 E8 3A 20 32 20 20 20 20 20 20 20 20 31 31 25 00 20 20 20 20 20 20 DB 98   // прием: 39 байт; 11:26:47:809 04.03.2018
// таймаут: 70 мсек

Тест памяти: 2  
      11%       

CA E0 EB FE EC ED FB 20 

00 00 07 00 F7 D4 47   // передача: 7 байт; 11:26:48:309 04.03.2018
// приём по количеству байт: 39 из 39
// принято с порта: 39 байт

01 00 27 00 F7 D2 E5 F1 F2 20 EF E0 EC FF F2 E8 3A 20 32 20 20 20 20 20 20 20 20 31 32 25 00 20 20 20 20 20 20 CF 68   // прием: 39 байт; 11:26:48:379 04.03.2018
// таймаут: 70 мсек

Тест памяти: 2  
      12%       

CA E0 EB FE EC ED FB 20 

00 00 07 00 F7 D4 47   // передача: 7 байт; 11:26:48:899 04.03.2018
// приём по количеству байт: 39 из 39
// принято с порта: 39 байт

01 00 27 00 F7 D2 E5 F1 F2 20 EF E0 EC FF F2 E8 3A 20 32 20 20 20 20 20 20 20 20 31 33 25 00 20 20 20 20 20 20 C2 F8   // прием: 39 байт; 11:26:48:969 04.03.2018
// таймаут: 70 мсек

Тест памяти: 2  
      13%       

CA E0 EB FE EC ED FB 20 

00 00 07 00 F7 D4 47   // передача: 7 байт; 11:26:49:479 04.03.2018
// приём по количеству байт: 39 из 39
// принято с порта: 39 байт

01 00 27 00 F7 D2 E5 F1 F2 20 EF E0 EC FF F2 E8 3A 20 32 20 20 20 20 20 20 20 20 31 34 25 00 20 20 20 20 20 20 E4 C8   // прием: 39 байт; 11:26:49:549 04.03.2018
// таймаут: 70 мсек

Тест памяти: 2  
      14%       

CA E0 EB FE EC ED FB 20 

00 00 07 00 F7 D4 47   // передача: 7 байт; 11:26:50:071 04.03.2018
// приём по количеству байт: 39 из 39
// принято с порта: 39 байт

01 00 27 00 F7 D2 E5 F1 F2 20 EF E0 EC FF F2 E8 3A 20 32 20 20 20 20 20 20 20 20 31 35 25 00 20 20 20 20 20 20 E9 58   // прием: 39 байт; 11:26:50:141 04.03.2018
// таймаут: 70 мсек

Тест памяти: 2  
      15%       

CA E0 EB FE EC ED FB 20 

00 00 07 00 F7 D4 47   // передача: 7 байт; 11:26:50:641 04.03.2018
// приём по количеству байт: 39 из 39
// принято с порта: 39 байт

01 00 27 00 F7 D2 E5 F1 F2 20 EF E0 EC FF F2 E8 3A 20 32 20 20 20 20 20 20 20 20 31 35 25 00 20 20 20 20 20 20 E9 58   // прием: 39 байт; 11:26:50:701 04.03.2018
// таймаут: 60 мсек

Тест памяти: 2  
      15%       

CA E0 EB FE EC ED FB 20 

00 00 07 00 F7 D4 47   // передача: 7 байт; 11:26:51:221 04.03.2018
// приём по количеству байт: 39 из 39
// принято с порта: 39 байт

01 00 27 00 F7 D2 E5 F1 F2 20 EF E0 EC FF F2 E8 3A 20 32 20 20 20 20 20 20 20 20 31 36 25 00 20 20 20 20 20 20 FD A8   // прием: 39 байт; 11:26:51:281 04.03.2018
// таймаут: 60 мсек

Тест памяти: 2  
      16%       

CA E0 EB FE EC ED FB 20 

00 00 07 00 F7 D4 47   // передача: 7 байт; 11:26:51:801 04.03.2018
// приём по количеству байт: 39 из 39
// принято с порта: 39 байт

01 00 27 00 F7 D2 E5 F1 F2 20 EF E0 EC FF F2 E8 3A 20 32 20 20 20 20 20 20 20 20 31 37 25 00 20 20 20 20 20 20 F0 38   // прием: 39 байт; 11:26:51:871 04.03.2018
// таймаут: 70 мсек

Тест памяти: 2  
      17%       

CA E0 EB FE EC ED FB 20 

00 00 07 00 F7 D4 47   // передача: 7 байт; 11:26:52:361 04.03.2018
// приём по количеству байт: 39 из 39
// принято с порта: 39 байт

01 00 27 00 F7 D2 E5 F1 F2 20 EF E0 EC FF F2 E8 3A 20 32 20 20 20 20 20 20 20 20 31 38 25 00 20 20 20 20 20 20 B1 C8   // прием: 39 байт; 11:26:52:431 04.03.2018
// таймаут: 70 мсек

Тест памяти: 2  
      18%       

CA E0 EB FE EC ED FB 20 

00 00 07 00 F7 D4 47   // передача: 7 байт; 11:26:52:943 04.03.2018
// приём по количеству байт: 39 из 39
// принято с порта: 39 байт

01 00 27 00 F7 D2 E5 F1 F2 20 EF E0 EC FF F2 E8 3A 20 32 20 20 20 20 20 20 20 20 31 39 25 00 20 20 20 20 20 20 BC 58   // прием: 39 байт; 11:26:53:013 04.03.2018
// таймаут: 70 мсек

Тест памяти: 2  
      19%       

CA E0 EB FE EC ED FB 20 

00 00 07 00 F7 D4 47   // передача: 7 байт; 11:26:53:533 04.03.2018
// приём по количеству байт: 39 из 39
// принято с порта: 39 байт

01 00 27 00 F7 D2 E5 F1 F2 20 EF E0 EC FF F2 E8 3A 20 32 20 20 20 20 20 20 20 20 32 30 25 00 20 20 20 20 20 20 26 07   // прием: 39 байт; 11:26:53:603 04.03.2018
// таймаут: 70 мсек

Тест памяти: 2  
      20%       

CA E0 EB FE EC ED FB 20 

00 00 07 00 F7 D4 47   // передача: 7 байт; 11:26:54:113 04.03.2018
// приём по количеству байт: 39 из 39
// принято с порта: 39 байт

01 00 27 00 F7 D2 E5 F1 F2 20 EF E0 EC FF F2 E8 3A 20 32 20 20 20 20 20 20 20 20 32 31 25 00 20 20 20 20 20 20 2B 97   // прием: 39 байт; 11:26:54:173 04.03.2018
// таймаут: 60 мсек

Тест памяти: 2  
      21%       

CA E0 EB FE EC ED FB 20 

00 00 07 00 F7 D4 47   // передача: 7 байт; 11:26:54:703 04.03.2018
// приём по количеству байт: 39 из 39
// принято с порта: 39 байт

01 00 27 00 F7 D2 E5 F1 F2 20 EF E0 EC FF F2 E8 3A 20 32 20 20 20 20 20 20 20 20 32 31 25 00 20 20 20 20 20 20 2B 97   // прием: 39 байт; 11:26:54:773 04.03.2018
// таймаут: 70 мсек

Тест памяти: 2  
      21%       

CA E0 EB FE EC ED FB 20 

00 00 07 00 F7 D4 47   // передача: 7 байт; 11:26:55:283 04.03.2018
// приём по количеству байт: 39 из 39
// принято с порта: 39 байт

01 00 27 00 F7 D2 E5 F1 F2 20 EF E0 EC FF F2 E8 3A 20 32 20 20 20 20 20 20 20 20 32 32 25 00 20 20 20 20 20 20 3F 67   // прием: 39 байт; 11:26:55:353 04.03.2018
// таймаут: 70 мсек

Тест памяти: 2  
      22%       

CA E0 EB FE EC ED FB 20 

00 00 07 00 F7 D4 47   // передача: 7 байт; 11:26:55:875 04.03.2018
// приём по количеству байт: 39 из 39
// принято с порта: 39 байт

01 00 27 00 F7 D2 E5 F1 F2 20 EF E0 EC FF F2 E8 3A 20 32 20 20 20 20 20 20 20 20 32 33 25 00 20 20 20 20 20 20 32 F7   // прием: 39 байт; 11:26:55:945 04.03.2018
// таймаут: 70 мсек

Тест памяти: 2  
      23%       

CA E0 EB FE EC ED FB 20 

00 00 07 00 F7 D4 47   // передача: 7 байт; 11:26:56:465 04.03.2018
// приём по количеству байт: 39 из 39
// принято с порта: 39 байт

01 00 27 00 F7 D2 E5 F1 F2 20 EF E0 EC FF F2 E8 3A 20 32 20 20 20 20 20 20 20 20 32 34 25 00 20 20 20 20 20 20 14 C7   // прием: 39 байт; 11:26:56:535 04.03.2018
// таймаут: 70 мсек

Тест памяти: 2  
      24%       

CA E0 EB FE EC ED FB 20 

00 00 07 00 F7 D4 47   // передача: 7 байт; 11:26:57:045 04.03.2018
// приём по количеству байт: 39 из 39
// принято с порта: 39 байт

01 00 27 00 F7 D2 E5 F1 F2 20 EF E0 EC FF F2 E8 3A 20 32 20 20 20 20 20 20 20 20 32 35 25 00 20 20 20 20 20 20 19 57   // прием: 39 байт; 11:26:57:115 04.03.2018
// таймаут: 70 мсек

Тест памяти: 2  
      25%       

CA E0 EB FE EC ED FB 20 

00 00 07 00 F7 D4 47   // передача: 7 байт; 11:26:57:635 04.03.2018
// приём по количеству байт: 39 из 39
// принято с порта: 39 байт

01 00 27 00 F7 D2 E5 F1 F2 20 EF E0 EC FF F2 E8 3A 20 32 20 20 20 20 20 20 20 20 32 36 25 00 20 20 20 20 20 20 0D A7   // прием: 39 байт; 11:26:57:705 04.03.2018
// таймаут: 70 мсек

Тест памяти: 2  
      26%       

CA E0 EB FE EC ED FB 20 

00 00 07 00 F7 D4 47   // передача: 7 байт; 11:26:58:215 04.03.2018
// приём по количеству байт: 39 из 39
// принято с порта: 39 байт

01 00 27 00 F7 D2 E5 F1 F2 20 EF E0 EC FF F2 E8 3A 20 32 20 20 20 20 20 20 20 20 32 36 25 00 20 20 20 20 20 20 0D A7   // прием: 39 байт; 11:26:58:285 04.03.2018
// таймаут: 70 мсек

Тест памяти: 2  
      26%       

CA E0 EB FE EC ED FB 20 

00 00 07 00 F7 D4 47   // передача: 7 байт; 11:26:58:805 04.03.2018
// приём по количеству байт: 39 из 39
// принято с порта: 39 байт

01 00 27 00 F7 D2 E5 F1 F2 20 EF E0 EC FF F2 E8 3A 20 32 20 20 20 20 20 20 20 20 32 37 25 00 20 20 20 20 20 20 00 37   // прием: 39 байт; 11:26:58:867 04.03.2018
// таймаут: 62 мсек

Тест памяти: 2  
      27%       

CA E0 EB FE EC ED FB 20 

00 00 07 00 F7 D4 47   // передача: 7 байт; 11:26:59:377 04.03.2018
// приём по количеству байт: 39 из 39
// принято с порта: 39 байт

01 00 27 00 F7 D2 E5 F1 F2 20 EF E0 EC FF F2 E8 3A 20 32 20 20 20 20 20 20 20 20 32 38 25 00 20 20 20 20 20 20 41 C7   // прием: 39 байт; 11:26:59:447 04.03.2018
// таймаут: 70 мсек

Тест памяти: 2  
      28%       

CA E0 EB FE EC ED FB 20 

00 00 07 00 F7 D4 47   // передача: 7 байт; 11:26:59:957 04.03.2018
// приём по количеству байт: 39 из 39
// принято с порта: 39 байт

01 00 27 00 F7 D2 E5 F1 F2 20 EF E0 EC FF F2 E8 3A 20 32 20 20 20 20 20 20 20 20 32 39 25 00 20 20 20 20 20 20 4C 57   // прием: 39 байт; 11:27:00:027 04.03.2018
// таймаут: 70 мсек

Тест памяти: 2  
      29%       

CA E0 EB FE EC ED FB 20 

00 00 07 00 F7 D4 47   // передача: 7 байт; 11:27:00:547 04.03.2018
// приём по количеству байт: 39 из 39
// принято с порта: 39 байт

01 00 27 00 F7 D2 E5 F1 F2 20 EF E0 EC FF F2 E8 3A 20 32 20 20 20 20 20 20 20 20 33 30 25 00 20 20 20 20 20 20 77 C2   // прием: 39 байт; 11:27:00:617 04.03.2018
// таймаут: 70 мсек

Тест памяти: 2  
      30%       

CA E0 EB FE EC ED FB 20 

00 00 07 00 F7 D4 47   // передача: 7 байт; 11:27:01:127 04.03.2018
// приём по количеству байт: 39 из 39
// принято с порта: 39 байт

01 00 27 00 F7 D2 E5 F1 F2 20 EF E0 EC FF F2 E8 3A 20 32 20 20 20 20 20 20 20 20 33 31 25 00 20 20 20 20 20 20 7A 52   // прием: 39 байт; 11:27:01:197 04.03.2018
// таймаут: 70 мсек

Тест памяти: 2  
      31%       

CA E0 EB FE EC ED FB 20 

00 00 07 00 F7 D4 47   // передача: 7 байт; 11:27:01:707 04.03.2018
// приём по количеству байт: 39 из 39
// принято с порта: 39 байт

01 00 27 00 F7 D2 E5 F1 F2 20 EF E0 EC FF F2 E8 3A 20 32 20 20 20 20 20 20 20 20 33 32 25 00 20 20 20 20 20 20 6E A2   // прием: 39 байт; 11:27:01:777 04.03.2018
// таймаут: 70 мсек

Тест памяти: 2  
      32%       

CA E0 EB FE EC ED FB 20 

00 00 07 00 F7 D4 47   // передача: 7 байт; 11:27:02:267 04.03.2018
// приём по количеству байт: 39 из 39
// принято с порта: 39 байт

01 00 27 00 F7 D2 E5 F1 F2 20 EF E0 EC FF F2 E8 3A 20 32 20 20 20 20 20 20 20 20 33 32 25 00 20 20 20 20 20 20 6E A2   // прием: 39 байт; 11:27:02:337 04.03.2018
// таймаут: 70 мсек

Тест памяти: 2  
      32%       

CA E0 EB FE EC ED FB 20 

00 00 07 00 F7 D4 47   // передача: 7 байт; 11:27:02:847 04.03.2018
// приём по количеству байт: 39 из 39
// принято с порта: 39 байт

01 00 27 00 F7 D2 E5 F1 F2 20 EF E0 EC FF F2 E8 3A 20 32 20 20 20 20 20 20 20 20 33 33 25 00 20 20 20 20 20 20 63 32   // прием: 39 байт; 11:27:02:907 04.03.2018
// таймаут: 60 мсек

Тест памяти: 2  
      33%       

CA E0 EB FE EC ED FB 20 

00 00 07 00 F7 D4 47   // передача: 7 байт; 11:27:03:417 04.03.2018
// приём по количеству байт: 39 из 39
// принято с порта: 39 байт

01 00 27 00 F7 D2 E5 F1 F2 20 EF E0 EC FF F2 E8 3A 20 32 20 20 20 20 20 20 20 20 33 34 25 00 20 20 20 20 20 20 45 02   // прием: 39 байт; 11:27:03:487 04.03.2018
// таймаут: 70 мсек

Тест памяти: 2  
      34%       

CA E0 EB FE EC ED FB 20 

00 00 07 00 F7 D4 47   // передача: 7 байт; 11:27:03:987 04.03.2018
// приём по количеству байт: 39 из 39
// принято с порта: 39 байт

01 00 27 00 F7 D2 E5 F1 F2 20 EF E0 EC FF F2 E8 3A 20 32 20 20 20 20 20 20 20 20 33 35 25 00 20 20 20 20 20 20 48 92   // прием: 39 байт; 11:27:04:057 04.03.2018
// таймаут: 70 мсек

Тест памяти: 2  
      35%       

CA E0 EB FE EC ED FB 20 

00 00 07 00 F7 D4 47   // передача: 7 байт; 11:27:04:577 04.03.2018
// приём по количеству байт: 39 из 39
// принято с порта: 39 байт

01 00 27 00 F7 D2 E5 F1 F2 20 EF E0 EC FF F2 E8 3A 20 32 20 20 20 20 20 20 20 20 33 36 25 00 20 20 20 20 20 20 5C 62   // прием: 39 байт; 11:27:04:647 04.03.2018
// таймаут: 70 мсек

Тест памяти: 2  
      36%       

CA E0 EB FE EC ED FB 20 

00 00 07 00 F7 D4 47   // передача: 7 байт; 11:27:05:149 04.03.2018
// приём по количеству байт: 39 из 39
// принято с порта: 39 байт

01 00 27 00 F7 D2 E5 F1 F2 20 EF E0 EC FF F2 E8 3A 20 32 20 20 20 20 20 20 20 20 33 36 25 00 20 20 20 20 20 20 5C 62   // прием: 39 байт; 11:27:05:218 04.03.2018
// таймаут: 69 мсек

Тест памяти: 2  
      36%       

CA E0 EB FE EC ED FB 20 

00 00 07 00 F7 D4 47   // передача: 7 байт; 11:27:05:728 04.03.2018
// приём по количеству байт: 39 из 39
// принято с порта: 39 байт

01 00 27 00 F7 D2 E5 F1 F2 20 EF E0 EC FF F2 E8 3A 20 32 20 20 20 20 20 20 20 20 33 37 25 00 20 20 20 20 20 20 51 F2   // прием: 39 байт; 11:27:05:798 04.03.2018
// таймаут: 70 мсек

Тест памяти: 2  
      37%       

CA E0 EB FE EC ED FB 20 

00 00 07 00 F7 D4 47   // передача: 7 байт; 11:27:06:308 04.03.2018
// приём по количеству байт: 39 из 39
// принято с порта: 39 байт

01 00 27 00 F7 D2 E5 F1 F2 20 EF E0 EC FF F2 E8 3A 20 32 20 20 20 20 20 20 20 20 33 38 25 00 20 20 20 20 20 20 10 02   // прием: 39 байт; 11:27:06:368 04.03.2018
// таймаут: 60 мсек

Тест памяти: 2  
      38%       

CA E0 EB FE EC ED FB 20 

00 00 07 00 F7 D4 47   // передача: 7 байт; 11:27:06:868 04.03.2018
// приём по количеству байт: 39 из 39
// принято с порта: 39 байт

01 00 27 00 F7 D2 E5 F1 F2 20 EF E0 EC FF F2 E8 3A 20 32 20 20 20 20 20 20 20 20 33 39 25 00 20 20 20 20 20 20 1D 92   // прием: 39 байт; 11:27:06:938 04.03.2018
// таймаут: 70 мсек

Тест памяти: 2  
      39%       

CA E0 EB FE EC ED FB 20 

00 00 07 00 F7 D4 47   // передача: 7 байт; 11:27:07:448 04.03.2018
// приём по количеству байт: 39 из 39
// принято с порта: 39 байт

01 00 27 00 F7 D2 E5 F1 F2 20 EF E0 EC FF F2 E8 3A 20 32 20 20 20 20 20 20 20 20 34 30 25 00 20 20 20 20 20 20 C6 18   // прием: 39 байт; 11:27:07:518 04.03.2018
// таймаут: 70 мсек

Тест памяти: 2  
      40%       

CA E0 EB FE EC ED FB 20 

00 00 07 00 F7 D4 47   // передача: 7 байт; 11:27:08:020 04.03.2018
// приём по количеству байт: 39 из 39
// принято с порта: 39 байт

01 00 27 00 F7 D2 E5 F1 F2 20 EF E0 EC FF F2 E8 3A 20 32 20 20 20 20 20 20 20 20 34 31 25 00 20 20 20 20 20 20 CB 88   // прием: 39 байт; 11:27:08:080 04.03.2018
// таймаут: 60 мсек

Тест памяти: 2  
      41%       

CA E0 EB FE EC ED FB 20 

00 00 07 00 F7 D4 47   // передача: 7 байт; 11:27:08:590 04.03.2018
// приём по количеству байт: 39 из 39
// принято с порта: 39 байт

01 00 27 00 F7 D2 E5 F1 F2 20 EF E0 EC FF F2 E8 3A 20 32 20 20 20 20 20 20 20 20 34 31 25 00 20 20 20 20 20 20 CB 88   // прием: 39 байт; 11:27:08:660 04.03.2018
// таймаут: 70 мсек

Тест памяти: 2  
      41%       

CA E0 EB FE EC ED FB 20 

00 00 07 00 F7 D4 47   // передача: 7 байт; 11:27:09:181 04.03.2018
// приём по количеству байт: 39 из 39
// принято с порта: 39 байт

01 00 27 00 F7 D2 E5 F1 F2 20 EF E0 EC FF F2 E8 3A 20 32 20 20 20 20 20 20 20 20 34 32 25 00 20 20 20 20 20 20 DF 78   // прием: 39 байт; 11:27:09:251 04.03.2018
// таймаут: 70 мсек

Тест памяти: 2  
      42%       

CA E0 EB FE EC ED FB 20 

00 00 07 00 F7 D4 47   // передача: 7 байт; 11:27:09:751 04.03.2018
// приём по количеству байт: 39 из 39
// принято с порта: 39 байт

01 00 27 00 F7 D2 E5 F1 F2 20 EF E0 EC FF F2 E8 3A 20 32 20 20 20 20 20 20 20 20 34 33 25 00 20 20 20 20 20 20 D2 E8   // прием: 39 байт; 11:27:09:821 04.03.2018
// таймаут: 70 мсек

Тест памяти: 2  
      43%       

CA E0 EB FE EC ED FB 20 

00 00 07 00 F7 D4 47   // передача: 7 байт; 11:27:10:331 04.03.2018
// приём по количеству байт: 39 из 39
// принято с порта: 39 байт

01 00 27 00 F7 D2 E5 F1 F2 20 EF E0 EC FF F2 E8 3A 20 32 20 20 20 20 20 20 20 20 34 34 25 00 20 20 20 20 20 20 F4 D8   // прием: 39 байт; 11:27:10:401 04.03.2018
// таймаут: 70 мсек

Тест памяти: 2  
      44%       

CA E0 EB FE EC ED FB 20 

00 00 07 00 F7 D4 47   // передача: 7 байт; 11:27:10:913 04.03.2018
// приём по количеству байт: 39 из 39
// принято с порта: 39 байт

01 00 27 00 F7 D2 E5 F1 F2 20 EF E0 EC FF F2 E8 3A 20 32 20 20 20 20 20 20 20 20 34 35 25 00 20 20 20 20 20 20 F9 48   // прием: 39 байт; 11:27:10:973 04.03.2018
// таймаут: 60 мсек

Тест памяти: 2  
      45%       

CA E0 EB FE EC ED FB 20 

00 00 07 00 F7 D4 47   // передача: 7 байт; 11:27:11:503 04.03.2018
// приём по количеству байт: 39 из 39
// принято с порта: 39 байт

01 00 27 00 F7 D2 E5 F1 F2 20 EF E0 EC FF F2 E8 3A 20 32 20 20 20 20 20 20 20 20 34 36 25 00 20 20 20 20 20 20 ED B8   // прием: 39 байт; 11:27:11:563 04.03.2018
// таймаут: 60 мсек

Тест памяти: 2  
      46%       

CA E0 EB FE EC ED FB 20 

00 00 07 00 F7 D4 47   // передача: 7 байт; 11:27:12:083 04.03.2018
// приём по количеству байт: 39 из 39
// принято с порта: 39 байт

01 00 27 00 F7 D2 E5 F1 F2 20 EF E0 EC FF F2 E8 3A 20 32 20 20 20 20 20 20 20 20 34 36 25 00 20 20 20 20 20 20 ED B8   // прием: 39 байт; 11:27:12:153 04.03.2018
// таймаут: 70 мсек

Тест памяти: 2  
      46%       

CA E0 EB FE EC ED FB 20 

00 00 07 00 F7 D4 47   // передача: 7 байт; 11:27:12:673 04.03.2018
// приём по количеству байт: 39 из 39
// принято с порта: 39 байт

01 00 27 00 F7 D2 E5 F1 F2 20 EF E0 EC FF F2 E8 3A 20 32 20 20 20 20 20 20 20 20 34 37 25 00 20 20 20 20 20 20 E0 28   // прием: 39 байт; 11:27:12:743 04.03.2018
// таймаут: 70 мсек

Тест памяти: 2  
      47%       

CA E0 EB FE EC ED FB 20 

00 00 07 00 F7 D4 47   // передача: 7 байт; 11:27:13:233 04.03.2018
// приём по количеству байт: 39 из 39
// принято с порта: 39 байт

01 00 27 00 F7 D2 E5 F1 F2 20 EF E0 EC FF F2 E8 3A 20 32 20 20 20 20 20 20 20 20 34 38 25 00 20 20 20 20 20 20 A1 D8   // прием: 39 байт; 11:27:13:303 04.03.2018
// таймаут: 70 мсек

Тест памяти: 2  
      48%       

CA E0 EB FE EC ED FB 20 

00 00 07 00 F7 D4 47   // передача: 7 байт; 11:27:13:813 04.03.2018
// приём по количеству байт: 39 из 39
// принято с порта: 39 байт

01 00 27 00 F7 D2 E5 F1 F2 20 EF E0 EC FF F2 E8 3A 20 32 20 20 20 20 20 20 20 20 34 39 25 00 20 20 20 20 20 20 AC 48   // прием: 39 байт; 11:27:13:886 04.03.2018
// таймаут: 73 мсек

Тест памяти: 2  
      49%       

CA E0 EB FE EC ED FB 20 

00 00 07 00 F7 D4 47   // передача: 7 байт; 11:27:14:400 04.03.2018
// приём по количеству байт: 39 из 39
// принято с порта: 39 байт

01 00 27 00 F7 D2 E5 F1 F2 20 EF E0 EC FF F2 E8 3A 20 32 20 20 20 20 20 20 20 20 35 30 25 00 20 20 20 20 20 20 97 DD   // прием: 39 байт; 11:27:14:470 04.03.2018
// таймаут: 70 мсек

Тест памяти: 2  
      50%       

CA E0 EB FE EC ED FB 20 

00 00 07 00 F7 D4 47   // передача: 7 байт; 11:27:14:980 04.03.2018
// приём по количеству байт: 39 из 39
// принято с порта: 39 байт

01 00 27 00 F7 D2 E5 F1 F2 20 EF E0 EC FF F2 E8 3A 20 32 20 20 20 20 20 20 20 20 35 31 25 00 20 20 20 20 20 20 9A 4D   // прием: 39 байт; 11:27:15:050 04.03.2018
// таймаут: 70 мсек

Тест памяти: 2  
      51%       

CA E0 EB FE EC ED FB 20 

00 00 07 00 F7 D4 47   // передача: 7 байт; 11:27:15:560 04.03.2018
// приём по количеству байт: 39 из 39
// принято с порта: 39 байт

01 00 27 00 F7 D2 E5 F1 F2 20 EF E0 EC FF F2 E8 3A 20 32 20 20 20 20 20 20 20 20 35 31 25 00 20 20 20 20 20 20 9A 4D   // прием: 39 байт; 11:27:15:640 04.03.2018
// таймаут: 80 мсек

Тест памяти: 2  
      51%       

CA E0 EB FE EC ED FB 20 

00 00 07 00 F7 D4 47   // передача: 7 байт; 11:27:16:170 04.03.2018
// приём по количеству байт: 39 из 39
// принято с порта: 39 байт

01 00 27 00 F7 D2 E5 F1 F2 20 EF E0 EC FF F2 E8 3A 20 32 20 20 20 20 20 20 20 20 35 31 25 00 20 20 20 20 20 20 9A 4D   // прием: 39 байт; 11:27:16:240 04.03.2018
// таймаут: 70 мсек

Тест памяти: 2  
      51%       

CA E0 EB FE EC ED FB 20 

00 00 07 00 F7 D4 47   // передача: 7 байт; 11:27:16:740 04.03.2018
// приём по количеству байт: 39 из 39
// принято с порта: 39 байт

01 00 27 00 F7 D2 E5 F1 F2 20 EF E0 EC FF F2 E8 3A 20 32 20 20 20 20 20 20 20 20 35 31 25 00 20 20 20 20 20 20 9A 4D   // прием: 39 байт; 11:27:16:830 04.03.2018
// таймаут: 90 мсек

Тест памяти: 2  
      51%       

CA E0 EB FE EC ED FB 20 

00 00 07 00 F7 D4 47   // передача: 7 байт; 11:27:17:332 04.03.2018
// приём по количеству байт: 39 из 39
// принято с порта: 39 байт

01 00 27 00 F7 D2 E5 F1 F2 20 EF E0 EC FF F2 E8 3A 20 32 20 20 20 20 20 20 20 20 35 32 25 00 20 20 20 20 20 20 8E BD   // прием: 39 байт; 11:27:17:392 04.03.2018
// таймаут: 60 мсек

Тест памяти: 2  
      52%       

CA E0 EB FE EC ED FB 20 

00 00 07 00 F7 D4 47   // передача: 7 байт; 11:27:17:912 04.03.2018
// приём по количеству байт: 39 из 39
// принято с порта: 39 байт

01 00 27 00 F7 D2 E5 F1 F2 20 EF E0 EC FF F2 E8 3A 20 32 20 20 20 20 20 20 20 20 35 33 25 00 20 20 20 20 20 20 83 2D   // прием: 39 байт; 11:27:17:982 04.03.2018
// таймаут: 70 мсек

Тест памяти: 2  
      53%       

CA E0 EB FE EC ED FB 20 

00 00 07 00 F7 D4 47   // передача: 7 байт; 11:27:18:492 04.03.2018
// приём по количеству байт: 39 из 39
// принято с порта: 39 байт

01 00 27 00 F7 D2 E5 F1 F2 20 EF E0 EC FF F2 E8 3A 20 32 20 20 20 20 20 20 20 20 35 34 25 00 20 20 20 20 20 20 A5 1D   // прием: 39 байт; 11:27:18:552 04.03.2018
// таймаут: 60 мсек

Тест памяти: 2  
      54%       

CA E0 EB FE EC ED FB 20 

00 00 07 00 F7 D4 47   // передача: 7 байт; 11:27:19:072 04.03.2018
// приём по количеству байт: 39 из 39
// принято с порта: 39 байт

01 00 27 00 F7 D2 E5 F1 F2 20 EF E0 EC FF F2 E8 3A 20 32 20 20 20 20 20 20 20 20 35 34 25 00 20 20 20 20 20 20 A5 1D   // прием: 39 байт; 11:27:19:132 04.03.2018
// таймаут: 60 мсек

Тест памяти: 2  
      54%       

CA E0 EB FE EC ED FB 20 

00 00 07 00 F7 D4 47   // передача: 7 байт; 11:27:19:632 04.03.2018
// приём по количеству байт: 39 из 39
// принято с порта: 39 байт

01 00 27 00 F7 D2 E5 F1 F2 20 EF E0 EC FF F2 E8 3A 20 32 20 20 20 20 20 20 20 20 35 35 25 00 20 20 20 20 20 20 A8 8D   // прием: 39 байт; 11:27:19:702 04.03.2018
// таймаут: 70 мсек

Тест памяти: 2  
      55%       

CA E0 EB FE EC ED FB 20 

00 00 07 00 F7 D4 47   // передача: 7 байт; 11:27:20:204 04.03.2018
// приём по количеству байт: 39 из 39
// принято с порта: 39 байт

01 00 27 00 F7 D2 E5 F1 F2 20 EF E0 EC FF F2 E8 3A 20 32 20 20 20 20 20 20 20 20 35 36 25 00 20 20 20 20 20 20 BC 7D   // прием: 39 байт; 11:27:20:274 04.03.2018
// таймаут: 70 мсек

Тест памяти: 2  
      56%       

CA E0 EB FE EC ED FB 20 

00 00 07 00 F7 D4 47   // передача: 7 байт; 11:27:20:784 04.03.2018
// приём по количеству байт: 39 из 39
// принято с порта: 39 байт

01 00 27 00 F7 D2 E5 F1 F2 20 EF E0 EC FF F2 E8 3A 20 32 20 20 20 20 20 20 20 20 35 37 25 00 20 20 20 20 20 20 B1 ED   // прием: 39 байт; 11:27:20:854 04.03.2018
// таймаут: 70 мсек

Тест памяти: 2  
      57%       

CA E0 EB FE EC ED FB 20 

00 00 07 00 F7 D4 47   // передача: 7 байт; 11:27:21:344 04.03.2018
// приём по количеству байт: 39 из 39
// принято с порта: 39 байт

01 00 27 00 F7 D2 E5 F1 F2 20 EF E0 EC FF F2 E8 3A 20 32 20 20 20 20 20 20 20 20 35 38 25 00 20 20 20 20 20 20 F0 1D   // прием: 39 байт; 11:27:21:414 04.03.2018
// таймаут: 70 мсек

Тест памяти: 2  
      58%       

CA E0 EB FE EC ED FB 20 

00 00 07 00 F7 D4 47   // передача: 7 байт; 11:27:21:924 04.03.2018
// приём по количеству байт: 39 из 39
// принято с порта: 39 байт

01 00 27 00 F7 D2 E5 F1 F2 20 EF E0 EC FF F2 E8 3A 20 32 20 20 20 20 20 20 20 20 35 39 25 00 20 20 20 20 20 20 FD 8D   // прием: 39 байт; 11:27:21:994 04.03.2018
// таймаут: 70 мсек

Тест памяти: 2  
      59%       

CA E0 EB FE EC ED FB 20 

00 00 07 00 F7 D4 47   // передача: 7 байт; 11:27:22:504 04.03.2018
// приём по количеству байт: 39 из 39
// принято с порта: 39 байт

01 00 27 00 F7 D2 E5 F1 F2 20 EF E0 EC FF F2 E8 3A 20 32 20 20 20 20 20 20 20 20 35 39 25 00 20 20 20 20 20 20 FD 8D   // прием: 39 байт; 11:27:22:574 04.03.2018
// таймаут: 70 мсек

Тест памяти: 2  
      59%       

CA E0 EB FE EC ED FB 20 

00 00 07 00 F7 D4 47   // передача: 7 байт; 11:27:23:096 04.03.2018
// приём по количеству байт: 39 из 39
// принято с порта: 39 байт

01 00 27 00 F7 D2 E5 F1 F2 20 EF E0 EC FF F2 E8 3A 20 32 20 20 20 20 20 20 20 20 36 30 25 00 20 20 20 20 20 20 67 D2   // прием: 39 байт; 11:27:23:156 04.03.2018
// таймаут: 60 мсек

Тест памяти: 2  
      60%       

CA E0 EB FE EC ED FB 20 

00 00 07 00 F7 D4 47   // передача: 7 байт; 11:27:23:666 04.03.2018
// приём по количеству байт: 39 из 39
// принято с порта: 39 байт

01 00 27 00 F7 D2 E5 F1 F2 20 EF E0 EC FF F2 E8 3A 20 32 20 20 20 20 20 20 20 20 36 31 25 00 20 20 20 20 20 20 6A 42   // прием: 39 байт; 11:27:23:726 04.03.2018
// таймаут: 60 мсек

Тест памяти: 2  
      61%       

CA E0 EB FE EC ED FB 20 

00 00 07 00 F7 D4 47   // передача: 7 байт; 11:27:24:236 04.03.2018
// приём по количеству байт: 39 из 39
// принято с порта: 39 байт

01 00 27 00 F7 D2 E5 F1 F2 20 EF E0 EC FF F2 E8 3A 20 32 20 20 20 20 20 20 20 20 36 32 25 00 20 20 20 20 20 20 7E B2   // прием: 39 байт; 11:27:24:306 04.03.2018
// таймаут: 70 мсек

Тест памяти: 2  
      62%       

CA E0 EB FE EC ED FB 20 

00 00 07 00 F7 D4 47   // передача: 7 байт; 11:27:24:826 04.03.2018
// приём по количеству байт: 39 из 39
// принято с порта: 39 байт

01 00 27 00 F7 D2 E5 F1 F2 20 EF E0 EC FF F2 E8 3A 20 32 20 20 20 20 20 20 20 20 36 33 25 00 20 20 20 20 20 20 73 22   // прием: 39 байт; 11:27:24:896 04.03.2018
// таймаут: 70 мсек

Тест памяти: 2  
      63%       

CA E0 EB FE EC ED FB 20 

00 00 07 00 F7 D4 47   // передача: 7 байт; 11:27:25:406 04.03.2018
// приём по количеству байт: 39 из 39
// принято с порта: 39 байт

01 00 27 00 F7 D2 E5 F1 F2 20 EF E0 EC FF F2 E8 3A 20 32 20 20 20 20 20 20 20 20 36 34 25 00 20 20 20 20 20 20 55 12   // прием: 39 байт; 11:27:25:476 04.03.2018
// таймаут: 70 мсек

Тест памяти: 2  
      64%       

CA E0 EB FE EC ED FB 20 

00 00 07 00 F7 D4 47   // передача: 7 байт; 11:27:25:998 04.03.2018
// приём по количеству байт: 39 из 39
// принято с порта: 39 байт

01 00 27 00 F7 D2 E5 F1 F2 20 EF E0 EC FF F2 E8 3A 20 32 20 20 20 20 20 20 20 20 36 34 25 00 20 20 20 20 20 20 55 12   // прием: 39 байт; 11:27:26:068 04.03.2018
// таймаут: 70 мсек

Тест памяти: 2  
      64%       

CA E0 EB FE EC ED FB 20 

00 00 07 00 F7 D4 47   // передача: 7 байт; 11:27:26:568 04.03.2018
// приём по количеству байт: 39 из 39
// принято с порта: 39 байт

01 00 27 00 F7 D2 E5 F1 F2 20 EF E0 EC FF F2 E8 3A 20 32 20 20 20 20 20 20 20 20 36 35 25 00 20 20 20 20 20 20 58 82   // прием: 39 байт; 11:27:26:638 04.03.2018
// таймаут: 70 мсек

Тест памяти: 2  
      65%       

CA E0 EB FE EC ED FB 20 

00 00 07 00 F7 D4 47   // передача: 7 байт; 11:27:27:148 04.03.2018
// приём по количеству байт: 39 из 39
// принято с порта: 39 байт

01 00 27 00 F7 D2 E5 F1 F2 20 EF E0 EC FF F2 E8 3A 20 32 20 20 20 20 20 20 20 20 36 36 25 00 20 20 20 20 20 20 4C 72   // прием: 39 байт; 11:27:27:218 04.03.2018
// таймаут: 70 мсек

Тест памяти: 2  
      66%       

CA E0 EB FE EC ED FB 20 

00 00 07 00 F7 D4 47   // передача: 7 байт; 11:27:27:728 04.03.2018
// приём по количеству байт: 39 из 39
// принято с порта: 39 байт

01 00 27 00 F7 D2 E5 F1 F2 20 EF E0 EC FF F2 E8 3A 20 32 20 20 20 20 20 20 20 20 36 37 25 00 20 20 20 20 20 20 41 E2   // прием: 39 байт; 11:27:27:798 04.03.2018
// таймаут: 70 мсек

Тест памяти: 2  
      67%       

CA E0 EB FE EC ED FB 20 

00 00 07 00 F7 D4 47   // передача: 7 байт; 11:27:28:288 04.03.2018
// приём по количеству байт: 39 из 39
// принято с порта: 39 байт

01 00 27 00 F7 D2 E5 F1 F2 20 EF E0 EC FF F2 E8 3A 20 32 20 20 20 20 20 20 20 20 36 38 25 00 20 20 20 20 20 20 00 12   // прием: 39 байт; 11:27:28:358 04.03.2018
// таймаут: 70 мсек

Тест памяти: 2  
      68%       

CA E0 EB FE EC ED FB 20 

00 00 07 00 F7 D4 47   // передача: 7 байт; 11:27:28:868 04.03.2018
// приём по количеству байт: 39 из 39
// принято с порта: 39 байт

01 00 27 00 F7 D2 E5 F1 F2 20 EF E0 EC FF F2 E8 3A 20 32 20 20 20 20 20 20 20 20 36 38 25 00 20 20 20 20 20 20 00 12   // прием: 39 байт; 11:27:28:940 04.03.2018
// таймаут: 72 мсек

Тест памяти: 2  
      68%       

CA E0 EB FE EC ED FB 20 

00 00 07 00 F7 D4 47   // передача: 7 байт; 11:27:29:460 04.03.2018
// приём по количеству байт: 39 из 39
// принято с порта: 39 байт

01 00 27 00 F7 D2 E5 F1 F2 20 EF E0 EC FF F2 E8 3A 20 32 20 20 20 20 20 20 20 20 36 39 25 00 20 20 20 20 20 20 0D 82   // прием: 39 байт; 11:27:29:520 04.03.2018
// таймаут: 60 мсек

Тест памяти: 2  
      69%       

CA E0 EB FE EC ED FB 20 

00 00 07 00 F7 D4 47   // передача: 7 байт; 11:27:30:040 04.03.2018
// приём по количеству байт: 39 из 39
// принято с порта: 39 байт

01 00 27 00 F7 D2 E5 F1 F2 20 EF E0 EC FF F2 E8 3A 20 32 20 20 20 20 20 20 20 20 37 30 25 00 20 20 20 20 20 20 36 17   // прием: 39 байт; 11:27:30:100 04.03.2018
// таймаут: 60 мсек

Тест памяти: 2  
      70%       

CA E0 EB FE EC ED FB 20 

00 00 07 00 F7 D4 47   // передача: 7 байт; 11:27:30:610 04.03.2018
// приём по количеству байт: 39 из 39
// принято с порта: 39 байт

01 00 27 00 F7 D2 E5 F1 F2 20 EF E0 EC FF F2 E8 3A 20 32 20 20 20 20 20 20 20 20 37 31 25 00 20 20 20 20 20 20 3B 87   // прием: 39 байт; 11:27:30:670 04.03.2018
// таймаут: 60 мсек

Тест памяти: 2  
      71%       

CA E0 EB FE EC ED FB 20 

00 00 07 00 F7 D4 47   // передача: 7 байт; 11:27:31:172 04.03.2018
// приём по количеству байт: 39 из 39
// принято с порта: 39 байт

01 00 27 00 F7 D2 E5 F1 F2 20 EF E0 EC FF F2 E8 3A 20 32 20 20 20 20 20 20 20 20 37 32 25 00 20 20 20 20 20 20 2F 77   // прием: 39 байт; 11:27:31:242 04.03.2018
// таймаут: 70 мсек

Тест памяти: 2  
      72%       

CA E0 EB FE EC ED FB 20 

00 00 07 00 F7 D4 47   // передача: 7 байт; 11:27:31:752 04.03.2018
// приём по количеству байт: 39 из 39
// принято с порта: 39 байт

01 00 27 00 F7 D2 E5 F1 F2 20 EF E0 EC FF F2 E8 3A 20 32 20 20 20 20 20 20 20 20 37 33 25 00 20 20 20 20 20 20 22 E7   // прием: 39 байт; 11:27:31:822 04.03.2018
// таймаут: 70 мсек

Тест памяти: 2  
      73%       

CA E0 EB FE EC ED FB 20 

00 00 07 00 F7 D4 47   // передача: 7 байт; 11:27:32:324 04.03.2018
// приём по количеству байт: 39 из 39
// принято с порта: 39 байт

01 00 27 00 F7 D2 E5 F1 F2 20 EF E0 EC FF F2 E8 3A 20 32 20 20 20 20 20 20 20 20 37 33 25 00 20 20 20 20 20 20 22 E7   // прием: 39 байт; 11:27:32:394 04.03.2018
// таймаут: 70 мсек

Тест памяти: 2  
      73%       

CA E0 EB FE EC ED FB 20 

00 00 07 00 F7 D4 47   // передача: 7 байт; 11:27:32:894 04.03.2018
// приём по количеству байт: 39 из 39
// принято с порта: 39 байт

01 00 27 00 F7 D2 E5 F1 F2 20 EF E0 EC FF F2 E8 3A 20 32 20 20 20 20 20 20 20 20 37 34 25 00 20 20 20 20 20 20 04 D7   // прием: 39 байт; 11:27:32:964 04.03.2018
// таймаут: 70 мсек

Тест памяти: 2  
      74%       

CA E0 EB FE EC ED FB 20 

00 00 07 00 F7 D4 47   // передача: 7 байт; 11:27:33:484 04.03.2018
// приём по количеству байт: 39 из 39
// принято с порта: 39 байт

01 00 27 00 F7 D2 E5 F1 F2 20 EF E0 EC FF F2 E8 3A 20 32 20 20 20 20 20 20 20 20 37 35 25 00 20 20 20 20 20 20 09 47   // прием: 39 байт; 11:27:33:544 04.03.2018
// таймаут: 60 мсек

Тест памяти: 2  
      75%       

CA E0 EB FE EC ED FB 20 

00 00 07 00 F7 D4 47   // передача: 7 байт; 11:27:34:064 04.03.2018
// приём по количеству байт: 39 из 39
// принято с порта: 39 байт

01 00 27 00 F7 D2 E5 F1 F2 20 EF E0 EC FF F2 E8 3A 20 32 20 20 20 20 20 20 20 20 37 36 25 00 20 20 20 20 20 20 1D B7   // прием: 39 байт; 11:27:34:124 04.03.2018
// таймаут: 60 мсек

Тест памяти: 2  
      76%       

CA E0 EB FE EC ED FB 20 

00 00 07 00 F7 D4 47   // передача: 7 байт; 11:27:34:654 04.03.2018
// приём по количеству байт: 39 из 39
// принято с порта: 39 байт

01 00 27 00 F7 D2 E5 F1 F2 20 EF E0 EC FF F2 E8 3A 20 32 20 20 20 20 20 20 20 20 37 37 25 00 20 20 20 20 20 20 10 27   // прием: 39 байт; 11:27:34:724 04.03.2018
// таймаут: 70 мсек

Тест памяти: 2  
      77%       

CA E0 EB FE EC ED FB 20 

00 00 07 00 F7 D4 47   // передача: 7 байт; 11:27:34:794 04.03.2018
// приём по количеству байт: 39 из 39
// принято с порта: 39 байт

01 00 27 00 F7 D2 E5 F1 F2 20 EF E0 EC FF F2 E8 3A 20 32 20 20 20 20 20 20 20 20 37 37 25 00 20 20 20 20 20 20 10 27   // прием: 39 байт; 11:27:34:864 04.03.2018
// таймаут: 70 мсек

Тест памяти: 2  
      77%       

CA E0 EB FE EC ED FB 20 

00 00 07 00 F7 D4 47   // передача: 7 байт; 11:27:35:370 04.03.2018
// приём по количеству байт: 39 из 39
// принято с порта: 39 байт

01 00 27 00 F7 D2 E5 F1 F2 20 EF E0 EC FF F2 E8 3A 20 32 20 20 20 20 20 20 20 20 37 38 25 00 20 20 20 20 20 20 51 D7   // прием: 39 байт; 11:27:35:430 04.03.2018
// таймаут: 60 мсек

Тест памяти: 2  
      78%       

CA E0 EB FE EC ED FB 20 

00 00 07 00 F7 D4 47   // передача: 7 байт; 11:27:35:930 04.03.2018
// приём по количеству байт: 39 из 39
// принято с порта: 39 байт

01 00 27 00 F7 D2 E5 F1 F2 20 EF E0 EC FF F2 E8 3A 20 32 20 20 20 20 20 20 20 20 37 39 25 00 20 20 20 20 20 20 5C 47   // прием: 39 байт; 11:27:36:000 04.03.2018
// таймаут: 70 мсек

Тест памяти: 2  
      79%       

CA E0 EB FE EC ED FB 20 

00 00 07 00 F7 D4 47   // передача: 7 байт; 11:27:36:510 04.03.2018
// приём по количеству байт: 39 из 39
// принято с порта: 39 байт

01 00 27 00 F7 D2 E5 F1 F2 20 EF E0 EC FF F2 E8 3A 20 32 20 20 20 20 20 20 20 20 37 39 25 00 20 20 20 20 20 20 5C 47   // прием: 39 байт; 11:27:36:570 04.03.2018
// таймаут: 60 мсек

Тест памяти: 2  
      79%       

CA E0 EB FE EC ED FB 20 

00 00 07 00 F7 D4 47   // передача: 7 байт; 11:27:37:090 04.03.2018
// приём по количеству байт: 39 из 39
// принято с порта: 39 байт

01 00 27 00 F7 D2 E5 F1 F2 20 EF E0 EC FF F2 E8 3A 20 32 20 20 20 20 20 20 20 20 38 30 25 00 20 20 20 20 20 20 06 27   // прием: 39 байт; 11:27:37:150 04.03.2018
// таймаут: 60 мсек

Тест памяти: 2  
      80%       

CA E0 EB FE EC ED FB 20 

00 00 07 00 F7 D4 47   // передача: 7 байт; 11:27:37:680 04.03.2018
// приём по количеству байт: 39 из 39
// принято с порта: 39 байт

01 00 27 00 F7 D2 E5 F1 F2 20 EF E0 EC FF F2 E8 3A 20 32 20 20 20 20 20 20 20 20 38 31 25 00 20 20 20 20 20 20 0B B7   // прием: 39 байт; 11:27:37:740 04.03.2018
// таймаут: 60 мсек

Тест памяти: 2  
      81%       

CA E0 EB FE EC ED FB 20 

00 00 07 00 F7 D4 47   // передача: 7 байт; 11:27:38:252 04.03.2018
// приём по количеству байт: 39 из 39
// принято с порта: 39 байт

01 00 27 00 F7 D2 E5 F1 F2 20 EF E0 EC FF F2 E8 3A 20 32 20 20 20 20 20 20 20 20 38 32 25 00 20 20 20 20 20 20 1F 47   // прием: 39 байт; 11:27:38:312 04.03.2018
// таймаут: 60 мсек

Тест памяти: 2  
      82%       

CA E0 EB FE EC ED FB 20 

00 00 07 00 F7 D4 47   // передача: 7 байт; 11:27:38:822 04.03.2018
// приём по количеству байт: 39 из 39
// принято с порта: 39 байт

01 00 27 00 F7 D2 E5 F1 F2 20 EF E0 EC FF F2 E8 3A 20 32 20 20 20 20 20 20 20 20 38 33 25 00 20 20 20 20 20 20 12 D7   // прием: 39 байт; 11:27:38:882 04.03.2018
// таймаут: 60 мсек

Тест памяти: 2  
      83%       

CA E0 EB FE EC ED FB 20 

00 00 07 00 F7 D4 47   // передача: 7 байт; 11:27:39:392 04.03.2018
// приём по количеству байт: 39 из 39
// принято с порта: 39 байт

01 00 27 00 F7 D2 E5 F1 F2 20 EF E0 EC FF F2 E8 3A 20 32 20 20 20 20 20 20 20 20 38 34 25 00 20 20 20 20 20 20 34 E7   // прием: 39 байт; 11:27:39:452 04.03.2018
// таймаут: 60 мсек

Тест памяти: 2  
      84%       

CA E0 EB FE EC ED FB 20 

00 00 07 00 F7 D4 47   // передача: 7 байт; 11:27:39:952 04.03.2018
// приём по количеству байт: 39 из 39
// принято с порта: 39 байт

01 00 27 00 F7 D2 E5 F1 F2 20 EF E0 EC FF F2 E8 3A 20 32 20 20 20 20 20 20 20 20 38 34 25 00 20 20 20 20 20 20 34 E7   // прием: 39 байт; 11:27:40:022 04.03.2018
// таймаут: 70 мсек

Тест памяти: 2  
      84%       

CA E0 EB FE EC ED FB 20 

00 00 07 00 F7 D4 47   // передача: 7 байт; 11:27:40:532 04.03.2018
// приём по количеству байт: 39 из 39
// принято с порта: 39 байт

01 00 27 00 F7 D2 E5 F1 F2 20 EF E0 EC FF F2 E8 3A 20 32 20 20 20 20 20 20 20 20 38 35 25 00 20 20 20 20 20 20 39 77   // прием: 39 байт; 11:27:40:592 04.03.2018
// таймаут: 60 мсек

Тест памяти: 2  
      85%       

CA E0 EB FE EC ED FB 20 

00 00 07 00 F7 D4 47   // передача: 7 байт; 11:27:41:114 04.03.2018
// приём по количеству байт: 39 из 39
// принято с порта: 39 байт

01 00 27 00 F7 D2 E5 F1 F2 20 EF E0 EC FF F2 E8 3A 20 32 20 20 20 20 20 20 20 20 38 36 25 00 20 20 20 20 20 20 2D 87   // прием: 39 байт; 11:27:41:184 04.03.2018
// таймаут: 70 мсек

Тест памяти: 2  
      86%       

CA E0 EB FE EC ED FB 20 

00 00 07 00 F7 D4 47   // передача: 7 байт; 11:27:41:684 04.03.2018
// приём по количеству байт: 39 из 39
// принято с порта: 39 байт

01 00 27 00 F7 D2 E5 F1 F2 20 EF E0 EC FF F2 E8 3A 20 32 20 20 20 20 20 20 20 20 38 37 25 00 20 20 20 20 20 20 20 17   // прием: 39 байт; 11:27:41:754 04.03.2018
// таймаут: 70 мсек

Тест памяти: 2  
      87%       

CA E0 EB FE EC ED FB 20 

00 00 07 00 F7 D4 47   // передача: 7 байт; 11:27:42:254 04.03.2018
// приём по количеству байт: 39 из 39
// принято с порта: 39 байт

01 00 27 00 F7 D2 E5 F1 F2 20 EF E0 EC FF F2 E8 3A 20 32 20 20 20 20 20 20 20 20 38 38 25 00 20 20 20 20 20 20 61 E7   // прием: 39 байт; 11:27:42:314 04.03.2018
// таймаут: 60 мсек

Тест памяти: 2  
      88%       

CA E0 EB FE EC ED FB 20 

00 00 07 00 F7 D4 47   // передача: 7 байт; 11:27:42:844 04.03.2018
// приём по количеству байт: 39 из 39
// принято с порта: 39 байт

01 00 27 00 F7 D2 E5 F1 F2 20 EF E0 EC FF F2 E8 3A 20 32 20 20 20 20 20 20 20 20 38 39 25 00 20 20 20 20 20 20 6C 77   // прием: 39 байт; 11:27:42:904 04.03.2018
// таймаут: 60 мсек

Тест памяти: 2  
      89%       

CA E0 EB FE EC ED FB 20 

00 00 07 00 F7 D4 47   // передача: 7 байт; 11:27:43:424 04.03.2018
// приём по количеству байт: 39 из 39
// принято с порта: 39 байт

01 00 27 00 F7 D2 E5 F1 F2 20 EF E0 EC FF F2 E8 3A 20 32 20 20 20 20 20 20 20 20 38 39 25 00 20 20 20 20 20 20 6C 77   // прием: 39 байт; 11:27:43:484 04.03.2018
// таймаут: 60 мсек

Тест памяти: 2  
      89%       

CA E0 EB FE EC ED FB 20 

00 00 07 00 F7 D4 47   // передача: 7 байт; 11:27:44:002 04.03.2018
// приём по количеству байт: 39 из 39
// принято с порта: 39 байт

01 00 27 00 F7 D2 E5 F1 F2 20 EF E0 EC FF F2 E8 3A 20 32 20 20 20 20 20 20 20 20 39 30 25 00 20 20 20 20 20 20 57 E2   // прием: 39 байт; 11:27:44:072 04.03.2018
// таймаут: 70 мсек

Тест памяти: 2  
      90%       

CA E0 EB FE EC ED FB 20 

00 00 07 00 F7 D4 47   // передача: 7 байт; 11:27:44:592 04.03.2018
// приём по количеству байт: 39 из 39
// принято с порта: 39 байт

01 00 27 00 F7 D2 E5 F1 F2 20 EF E0 EC FF F2 E8 3A 20 32 20 20 20 20 20 20 20 20 39 31 25 00 20 20 20 20 20 20 5A 72   // прием: 39 байт; 11:27:44:652 04.03.2018
// таймаут: 60 мсек

Тест памяти: 2  
      91%       

CA E0 EB FE EC ED FB 20 

00 00 07 00 F7 D4 47   // передача: 7 байт; 11:27:45:172 04.03.2018
// приём по количеству байт: 39 из 39
// принято с порта: 39 байт

01 00 27 00 F7 D2 E5 F1 F2 20 EF E0 EC FF F2 E8 3A 20 32 20 20 20 20 20 20 20 20 39 32 25 00 20 20 20 20 20 20 4E 82   // прием: 39 байт; 11:27:45:232 04.03.2018
// таймаут: 60 мсек

Тест памяти: 2  
      92%       

CA E0 EB FE EC ED FB 20 

00 00 07 00 F7 D4 47   // передача: 7 байт; 11:27:45:732 04.03.2018
// приём по количеству байт: 39 из 39
// принято с порта: 39 байт

01 00 27 00 F7 D2 E5 F1 F2 20 EF E0 EC FF F2 E8 3A 20 32 20 20 20 20 20 20 20 20 39 33 25 00 20 20 20 20 20 20 43 12   // прием: 39 байт; 11:27:45:802 04.03.2018
// таймаут: 70 мсек

Тест памяти: 2  
      93%       

CA E0 EB FE EC ED FB 20 

00 00 07 00 F7 D4 47   // передача: 7 байт; 11:27:46:322 04.03.2018
// приём по количеству байт: 39 из 39
// принято с порта: 39 байт

01 00 27 00 F7 D2 E5 F1 F2 20 EF E0 EC FF F2 E8 3A 20 32 20 20 20 20 20 20 20 20 39 34 25 00 20 20 20 20 20 20 65 22   // прием: 39 байт; 11:27:46:392 04.03.2018
// таймаут: 70 мсек

Тест памяти: 2  
      94%       

CA E0 EB FE EC ED FB 20 

00 00 07 00 F7 D4 47   // передача: 7 байт; 11:27:46:902 04.03.2018
// приём по количеству байт: 39 из 39
// принято с порта: 39 байт

01 00 27 00 F7 D2 E5 F1 F2 20 EF E0 EC FF F2 E8 3A 20 32 20 20 20 20 20 20 20 20 39 34 25 00 20 20 20 20 20 20 65 22   // прием: 39 байт; 11:27:46:974 04.03.2018
// таймаут: 72 мсек

Тест памяти: 2  
      94%       

CA E0 EB FE EC ED FB 20 

00 00 07 00 F7 D4 47   // передача: 7 байт; 11:27:47:494 04.03.2018
// приём по количеству байт: 39 из 39
// принято с порта: 39 байт

01 00 27 00 F7 D2 E5 F1 F2 20 EF E0 EC FF F2 E8 3A 20 32 20 20 20 20 20 20 20 20 39 35 25 00 20 20 20 20 20 20 68 B2   // прием: 39 байт; 11:27:47:564 04.03.2018
// таймаут: 70 мсек

Тест памяти: 2  
      95%       

CA E0 EB FE EC ED FB 20 

00 00 07 00 F7 D4 47   // передача: 7 байт; 11:27:48:064 04.03.2018
// приём по количеству байт: 39 из 39
// принято с порта: 39 байт

01 00 27 00 F7 D2 E5 F1 F2 20 EF E0 EC FF F2 E8 3A 20 32 20 20 20 20 20 20 20 20 39 36 25 00 20 20 20 20 20 20 7C 42   // прием: 39 байт; 11:27:48:124 04.03.2018
// таймаут: 60 мсек

Тест памяти: 2  
      96%       

CA E0 EB FE EC ED FB 20 

00 00 07 00 F7 D4 47   // передача: 7 байт; 11:27:48:644 04.03.2018
// приём по количеству байт: 39 из 39
// принято с порта: 39 байт

01 00 27 00 F7 D2 E5 F1 F2 20 EF E0 EC FF F2 E8 3A 20 32 20 20 20 20 20 20 20 20 39 37 25 00 20 20 20 20 20 20 71 D2   // прием: 39 байт; 11:27:48:704 04.03.2018
// таймаут: 60 мсек

Тест памяти: 2  
      97%       

CA E0 EB FE EC ED FB 20 

00 00 07 00 F7 D4 47   // передача: 7 байт; 11:27:49:224 04.03.2018
// приём по количеству байт: 39 из 39
// принято с порта: 39 байт

01 00 27 00 F7 D2 E5 F1 F2 20 EF E0 EC FF F2 E8 3A 20 32 20 20 20 20 20 20 20 20 39 38 25 00 20 20 20 20 20 20 30 22   // прием: 39 байт; 11:27:49:294 04.03.2018
// таймаут: 70 мсек

Тест памяти: 2  
      98%       

CA E0 EB FE EC ED FB 20 

00 00 07 00 F7 D4 47   // передача: 7 байт; 11:27:49:784 04.03.2018
// приём по количеству байт: 39 из 39
// принято с порта: 39 байт

01 00 27 00 F7 D2 E5 F1 F2 20 EF E0 EC FF F2 E8 3A 20 32 20 20 20 20 20 20 20 20 39 38 25 00 20 20 20 20 20 20 30 22   // прием: 39 байт; 11:27:49:844 04.03.2018
// таймаут: 60 мсек

Тест памяти: 2  
      98%       

CA E0 EB FE EC ED FB 20 

00 00 07 00 F7 D4 47   // передача: 7 байт; 11:27:50:366 04.03.2018
// приём по количеству байт: 39 из 39
// принято с порта: 39 байт

01 00 27 00 F7 D2 E5 F1 F2 20 EF E0 EC FF F2 E8 3A 20 32 20 20 20 20 20 20 20 20 39 39 25 00 20 20 20 20 20 20 3D B2   // прием: 39 байт; 11:27:50:436 04.03.2018
// таймаут: 70 мсек

Тест памяти: 2  
      99%       

CA E0 EB FE EC ED FB 20 

00 00 07 00 F7 D4 47   // передача: 7 байт; 11:27:50:956 04.03.2018
// приём по таймауту: 1000 мс
// принято с порта: 0 байт
повтор: 1

CA E0 EB FE EC ED FB 20 

00 00 07 00 F7 D4 47   // передача: 7 байт; 11:27:51:966 04.03.2018
// приём по таймауту: 1000 мс
// принято с порта: 0 байт
повтор: 2

CA E0 EB FE EC ED FB 20 

00 00 07 00 F7 D4 47   // передача: 7 байт; 11:27:52:978 04.03.2018
// приём по таймауту: 1000 мс
// принято с порта: 0 байт
повтор: 3

CA E0 EB FE EC ED FB 20 

00 00 07 00 F7 D4 47   // передача: 7 байт; 11:27:53:998 04.03.2018
// приём по таймауту: 1000 мс
// принято с порта: 0 байт
повтор: 4

CA E0 EB FE EC ED FB 20 

00 00 07 00 F7 D4 47   // передача: 7 байт; 11:27:55:008 04.03.2018
// приём по таймауту: 1000 мс
// принято с порта: 0 байт
повтор: 5

CA E0 EB FE EC ED FB 20 

00 00 07 00 F7 D4 47   // передача: 7 байт; 11:27:56:020 04.03.2018

CA E0 EB FE EC ED FB 20 

00 00 07 00 F7 D4 47   // передача: 7 байт; 11:27:56:480 04.03.2018
// приём по таймауту: 1000 мс
// принято с порта: 0 байт

CA E0 EB FE EC ED FB 20 

00 00 07 00 F7 D4 47   // передача: 7 байт; 11:27:59:912 04.03.2018
// приём по таймауту: 1000 мс
// принято с порта: 0 байт
// приём по количеству байт: 8 из 0
// принято с порта: 8 байт

01 00 27 00 F7 D2 E5 F1   // прием: 8 байт; 11:28:02:502 04.03.2018
// таймаут: 2590 мсек

// приём по количеству байт: 31 из 0
// принято с порта: 31 байт

F2 20 EF E0 EC FF F2 E8 3A 20 33 20 20 20 20 20 20 20 20 20 30 25 00 20 20 20 20 20 20 BB A4   // прием: 31 байт; 11:28:03:382 04.03.2018
// таймаут: 3470 мсек


CA E0 EB FE EC ED FB 20 

00 00 07 00 F7 D4 47   // передача: 7 байт; 11:28:07:947 04.03.2018
// приём по количеству байт: 39 из 39
// принято с порта: 39 байт

01 00 27 00 F7 D2 E5 F1 F2 20 EF E0 EC FF F2 E8 3A 20 33 20 20 20 20 20 20 20 20 33 35 25 00 20 20 20 20 20 20 75 6E   // прием: 39 байт; 11:28:08:017 04.03.2018
// таймаут: 70 мсек

Тест памяти: 3  
      35%       

CA E0 EB FE EC ED FB 20 

00 00 07 00 F7 D4 47   // передача: 7 байт; 11:28:08:985 04.03.2018
// приём по количеству байт: 39 из 39
// принято с порта: 39 байт

01 00 27 00 F7 D2 E5 F1 F2 20 EF E0 EC FF F2 E8 3A 20 33 20 20 20 20 20 20 20 20 34 32 25 00 20 20 20 20 20 20 E2 84   // прием: 39 байт; 11:28:09:055 04.03.2018
// таймаут: 70 мсек

Тест памяти: 3  
      42%       

CA E0 EB FE EC ED FB 20 

00 00 07 00 F7 D4 47   // передача: 7 байт; 11:28:09:755 04.03.2018
// приём по количеству байт: 39 из 39
// принято с порта: 39 байт

01 00 27 00 F7 D2 E5 F1 F2 20 EF E0 EC FF F2 E8 3A 20 33 20 20 20 20 20 20 20 20 34 37 25 00 20 20 20 20 20 20 DD D4   // прием: 39 байт; 11:28:09:825 04.03.2018
// таймаут: 70 мсек

Тест памяти: 3  
      47%       

CA E0 EB FE EC ED FB 20 

00 00 07 00 F7 D4 47   // передача: 7 байт; 11:28:21:107 04.03.2018
// приём по таймауту: 1000 мс
// принято с порта: 0 байт
повтор: 1

CA E0 EB FE EC ED FB 20 

00 00 07 00 F7 D4 47   // передача: 7 байт; 11:28:22:127 04.03.2018
// приём по таймауту: 1000 мс
// принято с порта: 0 байт
повтор: 2

CA E0 EB FE EC ED FB 20 

00 00 07 00 F7 D4 47   // передача: 7 байт; 11:28:23:137 04.03.2018
// приём по таймауту: 1000 мс
// принято с порта: 0 байт
повтор: 3

CA E0 EB FE EC ED FB 20 

00 00 07 00 F7 D4 47   // передача: 7 байт; 11:28:24:147 04.03.2018
// приём по количеству байт: 39 из 39
// принято с порта: 39 байт

01 00 27 00 F7 CD E0 F1 F2 F0 EE E9 EA E0 20 20 20 20 20 20 20 20 20 20 20 20 20 20 20 20 20 20 20 20 20 20 20 5D 58   // прием: 39 байт; 11:28:24:207 04.03.2018
// таймаут: 60 мсек

Настройка       
                

CA E0 EB FE EC ED FB 20 

00 00 07 00 F7 D4 47   // передача: 7 байт; 11:41:05:646 04.03.2018
// приём по таймауту: 1000 мс
// принято с порта: 0 байт
повтор: 1

CA E0 EB FE EC ED FB 20 

00 00 07 00 F7 D4 47   // передача: 7 байт; 11:41:06:650 04.03.2018
// приём по количеству байт: 39 из 39
// принято с порта: 39 байт

01 00 27 00 F7 CD E0 F1 F2 F0 EE E9 EA E0 20 20 20 20 20 20 20 20 20 20 20 20 20 20 20 20 20 20 20 20 20 20 20 5D 58   // прием: 39 байт; 11:41:06:710 04.03.2018
// таймаут: 60 мсек

Настройка       
                

CA E0 EB FE EC ED FB 20 

00 00 07 00 F7 D4 47   // передача: 7 байт; 11:41:06:920 04.03.2018
// приём по количеству байт: 39 из 39
// принято с порта: 39 байт

01 00 27 00 F7 CD E0 F1 F2 F0 EE E9 EA E0 20 20 20 20 20 20 20 20 20 20 20 20 20 20 20 20 20 20 20 20 20 20 20 5D 58   // прием: 39 байт; 11:41:06:990 04.03.2018
// таймаут: 70 мсек

Настройка       
                

CA E0 EB FE EC ED FB 20 

00 00 07 00 F7 D4 47   // передача: 7 байт; 11:41:07:710 04.03.2018
// приём по количеству байт: 39 из 39
// принято с порта: 39 байт

01 00 27 00 F7 CD E0 F1 F2 F0 EE E9 EA E0 20 20 20 20 20 20 20 20 20 20 20 20 20 20 20 20 20 20 20 20 20 20 20 5D 58   // прием: 39 байт; 11:41:07:780 04.03.2018
// таймаут: 70 мсек

Настройка       
                

CA E0 EB FE EC ED FB 20 

00 00 07 00 F7 D4 47   // передача: 7 байт; 11:41:08:391 04.03.2018
// приём по количеству байт: 39 из 39
// принято с порта: 39 байт

01 00 27 00 F7 CD E0 F1 F2 F0 EE E9 EA E0 20 20 20 20 20 20 20 20 20 20 20 20 20 20 20 20 20 20 20 20 20 20 20 5D 58   // прием: 39 байт; 11:41:08:461 04.03.2018
// таймаут: 70 мсек

Настройка       
                

CA E0 EB FE EC ED FB 20 

00 00 08 00 F6 0C 45 DE   // передача: 8 байт; 11:41:09:494 04.03.2018
// приём по количеству байт: 9 из 9
// принято с порта: 9 байт

01 00 09 00 F6 00 00 37 F3   // прием: 9 байт; 11:41:09:534 04.03.2018
// таймаут: 40 мсек


CA E0 EB FE EC ED FB 20 

00 00 07 00 F7 D4 47   // передача: 7 байт; 11:41:09:534 04.03.2018
// приём по количеству байт: 39 из 39
// принято с порта: 39 байт

01 00 27 00 F7 CF F0 EE E3 F0 E0 EC EC E0 20 3F 20 20 20 20 20 2D 5F 5F 5F 20 20 20 20 20 20 20 20 20 20 20 20 16 D2   // прием: 39 байт; 11:41:09:602 04.03.2018
// таймаут: 68 мсек

Программа ?     
-___            

CA E0 EB FE EC ED FB 20 

00 00 08 00 F6 08 44 1D   // передача: 8 байт; 11:41:10:182 04.03.2018
// приём по количеству байт: 9 из 9
// принято с порта: 9 байт

01 00 09 00 F6 00 00 37 F3   // прием: 9 байт; 11:41:10:222 04.03.2018
// таймаут: 40 мсек


CA E0 EB FE EC ED FB 20 

00 00 07 00 F7 D4 47   // передача: 7 байт; 11:41:10:222 04.03.2018
// приём по количеству байт: 39 из 39
// принято с порта: 39 байт

01 00 27 00 F7 CF F0 EE E3 F0 E0 EC EC E0 20 3F 20 20 20 20 20 2D 5F 5F 38 20 20 20 20 20 20 20 20 20 20 20 20 9C 35   // прием: 39 байт; 11:41:10:282 04.03.2018
// таймаут: 60 мсек

Программа ?     
-__8            

CA E0 EB FE EC ED FB 20 

00 00 08 00 F6 03 05 DA   // передача: 8 байт; 11:41:10:809 04.03.2018
// приём по количеству байт: 9 из 9
// принято с порта: 9 байт

01 00 09 00 F6 00 00 37 F3   // прием: 9 байт; 11:41:10:839 04.03.2018
// таймаут: 30 мсек


CA E0 EB FE EC ED FB 20 

00 00 07 00 F7 D4 47   // передача: 7 байт; 11:41:10:849 04.03.2018
// приём по количеству байт: 39 из 39
// принято с порта: 39 байт

01 00 27 00 F7 CF F0 EE E3 F0 E0 EC EC E0 20 3F 20 20 20 20 20 2D 5F 38 33 20 20 20 20 20 20 20 20 20 20 20 20 E0 19   // прием: 39 байт; 11:41:10:909 04.03.2018
// таймаут: 60 мсек

Программа ?     
-_83            

CA E0 EB FE EC ED FB 20 

00 00 08 00 F6 0D 84 1E   // передача: 8 байт; 11:41:11:459 04.03.2018
// приём по количеству байт: 9 из 9
// принято с порта: 9 байт

01 00 09 00 F6 00 00 37 F3   // прием: 9 байт; 11:41:11:489 04.03.2018
// таймаут: 30 мсек


CA E0 EB FE EC ED FB 20 

00 00 07 00 F7 D4 47   // передача: 7 байт; 11:41:11:489 04.03.2018
// приём по количеству байт: 39 из 39
// принято с порта: 39 байт

01 00 27 00 F7 CE F2 EB E0 E4 EA E0 20 20 20 20 20 20 20 20 20 20 20 20 20 20 20 20 CE CA 20 20 20 20 20 20 20 A3 3D   // прием: 39 байт; 11:41:11:602 04.03.2018
// таймаут: 113 мсек

Отладка         
       ОК       

CA E0 EB FE EC ED FB 20 

00 00 08 00 F6 0C 45 DE   // передача: 8 байт; 11:41:12:291 04.03.2018
// приём по количеству байт: 9 из 9
// принято с порта: 9 байт

01 00 09 00 F6 00 00 37 F3   // прием: 9 байт; 11:41:12:321 04.03.2018
// таймаут: 30 мсек


CA E0 EB FE EC ED FB 20 

00 00 07 00 F7 D4 47   // передача: 7 байт; 11:41:12:321 04.03.2018
// приём по количеству байт: 39 из 39
// принято с порта: 39 байт

01 00 27 00 F7 CF F0 EE E3 F0 E0 EC EC E0 20 3F 20 20 20 20 20 2D 5F 5F 5F 20 20 20 20 20 20 20 20 20 20 20 20 16 D2   // прием: 39 байт; 11:41:12:391 04.03.2018
// таймаут: 70 мсек

Программа ?     
-___            

CA E0 EB FE EC ED FB 20 

00 00 08 00 F6 01 84 1B   // передача: 8 байт; 11:41:12:881 04.03.2018
// приём по количеству байт: 9 из 9
// принято с порта: 9 байт

01 00 09 00 F6 00 00 37 F3   // прием: 9 байт; 11:41:12:911 04.03.2018
// таймаут: 30 мсек


CA E0 EB FE EC ED FB 20 

00 00 07 00 F7 D4 47   // передача: 7 байт; 11:41:12:921 04.03.2018
// приём по количеству байт: 39 из 39
// принято с порта: 39 байт

01 00 27 00 F7 CF F0 EE E3 F0 E0 EC EC E0 20 3F 20 20 20 20 20 2D 5F 5F 31 20 20 20 20 20 20 20 20 20 20 20 20 81 FC   // прием: 39 байт; 11:41:12:982 04.03.2018
// таймаут: 61 мсек

Программа ?     
-__1            

CA E0 EB FE EC ED FB 20 

00 00 08 00 F6 05 85 D8   // передача: 8 байт; 11:41:13:412 04.03.2018
// приём по количеству байт: 9 из 9
// принято с порта: 9 байт

01 00 09 00 F6 00 00 37 F3   // прием: 9 байт; 11:41:13:452 04.03.2018
// таймаут: 40 мсек


CA E0 EB FE EC ED FB 20 

00 00 07 00 F7 D4 47   // передача: 7 байт; 11:41:13:452 04.03.2018
// приём по количеству байт: 39 из 39
// принято с порта: 39 байт

01 00 27 00 F7 CF F0 EE E3 F0 E0 EC EC E0 20 3F 20 20 20 20 20 2D 5F 31 35 20 20 20 20 20 20 20 20 20 20 20 20 E0 D6   // прием: 39 байт; 11:41:13:522 04.03.2018
// таймаут: 70 мсек

Программа ?     
-_15            

CA E0 EB FE EC ED FB 20 

00 00 08 00 F6 0D 84 1E   // передача: 8 байт; 11:41:14:089 04.03.2018
// приём по количеству байт: 9 из 9
// принято с порта: 9 байт

01 00 09 00 F6 00 00 37 F3   // прием: 9 байт; 11:41:14:119 04.03.2018
// таймаут: 30 мсек


CA E0 EB FE EC ED FB 20 

00 00 07 00 F7 D4 47   // передача: 7 байт; 11:41:14:129 04.03.2018
// приём по количеству байт: 39 из 39
// принято с порта: 39 байт

01 00 27 00 F7 D0 E0 E1 EE F2 E0 20 20 20 20 20 20 20 20 20 20 20 20 20 20 20 20 20 CE CA 20 20 20 20 20 20 20 DE 07   // прием: 39 байт; 11:41:14:309 04.03.2018
// таймаут: 180 мсек

Работа          
       ОК       

CA E0 EB FE EC ED FB 20 

00 00 08 00 F6 0C 45 DE   // передача: 8 байт; 11:41:15:061 04.03.2018
// приём по количеству байт: 9 из 9
// принято с порта: 9 байт

01 00 09 00 F6 00 00 37 F3   // прием: 9 байт; 11:41:15:091 04.03.2018
// таймаут: 30 мсек


CA E0 EB FE EC ED FB 20 

00 00 07 00 F7 D4 47   // передача: 7 байт; 11:41:15:091 04.03.2018
// приём по количеству байт: 39 из 39
// принято с порта: 39 байт

01 00 27 00 F7 CF F0 EE E3 F0 E0 EC EC E0 20 3F 20 20 20 20 20 3E 5F 5F 5F 20 20 20 20 20 20 20 20 20 20 20 20 5B EF   // прием: 39 байт; 11:41:15:161 04.03.2018
// таймаут: 70 мсек

Программа ?     
>___            

CA E0 EB FE EC ED FB 20 

00 00 08 00 F6 01 84 1B   // передача: 8 байт; 11:41:15:803 04.03.2018
// приём по количеству байт: 9 из 9
// принято с порта: 9 байт

01 00 09 00 F6 00 00 37 F3   // прием: 9 байт; 11:41:15:833 04.03.2018
// таймаут: 30 мсек


CA E0 EB FE EC ED FB 20 

00 00 07 00 F7 D4 47   // передача: 7 байт; 11:41:15:833 04.03.2018
// приём по количеству байт: 39 из 39
// принято с порта: 39 байт

01 00 27 00 F7 CF F0 EE E3 F0 E0 EC EC E0 20 3F 20 20 20 20 20 3E 5F 5F 31 20 20 20 20 20 20 20 20 20 20 20 20 CC C1   // прием: 39 байт; 11:41:15:903 04.03.2018
// таймаут: 70 мсек

Программа ?     
>__1            

CA E0 EB FE EC ED FB 20 

00 00 08 00 F6 01 84 1B   // передача: 8 байт; 11:41:16:003 04.03.2018
// приём по количеству байт: 9 из 9
// принято с порта: 9 байт

01 00 09 00 F6 00 00 37 F3   // прием: 9 байт; 11:41:16:033 04.03.2018
// таймаут: 30 мсек


CA E0 EB FE EC ED FB 20 

00 00 07 00 F7 D4 47   // передача: 7 байт; 11:41:16:033 04.03.2018
// приём по количеству байт: 39 из 39
// принято с порта: 39 байт

01 00 27 00 F7 CF F0 EE E3 F0 E0 EC EC E0 20 3F 20 20 20 20 20 3E 5F 31 31 20 20 20 20 20 20 20 20 20 20 20 20 A3 6F   // прием: 39 байт; 11:41:16:103 04.03.2018
// таймаут: 70 мсек

Программа ?     
>_11            

CA E0 EB FE EC ED FB 20 

00 00 08 00 F6 0D 84 1E   // передача: 8 байт; 11:41:16:741 04.03.2018
// приём по количеству байт: 9 из 9
// принято с порта: 9 байт

01 00 09 00 F6 00 00 37 F3   // прием: 9 байт; 11:41:16:771 04.03.2018
// таймаут: 30 мсек


CA E0 EB FE EC ED FB 20 

00 00 07 00 F7 D4 47   // передача: 7 байт; 11:41:16:771 04.03.2018
// приём по количеству байт: 39 из 39
// принято с порта: 39 байт

01 00 27 00 F7 CF E0 F0 EE EB FC 20 20 20 20 20 20 20 20 20 20 20 20 20 2D 2D 2D 2D 2D 2D 2D 2D 2D 2D 20 20 20 3C A2   // прием: 39 байт; 11:41:16:841 04.03.2018
// таймаут: 70 мсек

Пароль          
   ----------   

CA E0 EB FE EC ED FB 20 

00 00 08 00 F6 0D 84 1E   // передача: 8 байт; 11:41:17:332 04.03.2018
// приём по количеству байт: 9 из 9
// принято с порта: 9 байт

01 00 09 00 F6 00 00 37 F3   // прием: 9 байт; 11:41:17:362 04.03.2018
// таймаут: 30 мсек


CA E0 EB FE EC ED FB 20 

00 00 07 00 F7 D4 47   // передача: 7 байт; 11:41:17:362 04.03.2018
// приём по количеству байт: 39 из 39
// принято с порта: 39 байт

01 00 27 00 F7 CD E0 F1 F2 F0 EE E9 EA E0 20 20 20 20 20 20 20 20 20 20 20 20 20 20 CE CA 20 20 20 20 20 20 20 56 CB   // прием: 39 байт; 11:41:17:432 04.03.2018
// таймаут: 70 мсек

Настройка       
       ОК       

CA E0 EB FE EC ED FB 20 

00 00 08 00 F6 0C 45 DE   // передача: 8 байт; 11:41:18:263 04.03.2018
// приём по количеству байт: 9 из 9
// принято с порта: 9 байт

01 00 09 00 F6 00 00 37 F3   // прием: 9 байт; 11:41:18:303 04.03.2018
// таймаут: 40 мсек


CA E0 EB FE EC ED FB 20 

00 00 07 00 F7 D4 47   // передача: 7 байт; 11:41:18:303 04.03.2018
// приём по количеству байт: 39 из 39
// принято с порта: 39 байт

01 00 27 00 F7 CF F0 EE E3 F0 E0 EC EC E0 20 3F 20 20 20 20 20 3D 5F 5F 5F 20 20 20 20 20 20 20 20 20 20 20 20 1B 1E   // прием: 39 байт; 11:41:18:363 04.03.2018
// таймаут: 60 мсек

Программа ?     
=___            

CA E0 EB FE EC ED FB 20 

00 00 08 00 F6 08 44 1D   // передача: 8 байт; 11:41:19:105 04.03.2018
// приём по количеству байт: 9 из 9
// принято с порта: 9 байт

01 00 09 00 F6 00 00 37 F3   // прием: 9 байт; 11:41:19:135 04.03.2018
// таймаут: 30 мсек


CA E0 EB FE EC ED FB 20 

00 00 07 00 F7 D4 47   // передача: 7 байт; 11:41:19:145 04.03.2018
// приём по количеству байт: 39 из 39
// принято с порта: 39 байт

01 00 27 00 F7 CF F0 EE E3 F0 E0 EC EC E0 20 3F 20 20 20 20 20 3D 5F 5F 38 20 20 20 20 20 20 20 20 20 20 20 20 91 F9   // прием: 39 байт; 11:41:19:205 04.03.2018
// таймаут: 60 мсек

Программа ?     
=__8            

CA E0 EB FE EC ED FB 20 

00 00 08 00 F6 01 84 1B   // передача: 8 байт; 11:41:19:657 04.03.2018
// приём по количеству байт: 9 из 9
// принято с порта: 9 байт

01 00 09 00 F6 00 00 37 F3   // прием: 9 байт; 11:41:19:687 04.03.2018
// таймаут: 30 мсек


CA E0 EB FE EC ED FB 20 

00 00 07 00 F7 D4 47   // передача: 7 байт; 11:41:19:697 04.03.2018
// приём по количеству байт: 39 из 39
// принято с порта: 39 байт

01 00 27 00 F7 CF F0 EE E3 F0 E0 EC EC E0 20 3F 20 20 20 20 20 3D 5F 38 31 20 20 20 20 20 20 20 20 20 20 20 20 EA 97   // прием: 39 байт; 11:41:19:757 04.03.2018
// таймаут: 60 мсек

Программа ?     
=_81            

CA E0 EB FE EC ED FB 20 

00 00 08 00 F6 0D 84 1E   // передача: 8 байт; 11:41:20:398 04.03.2018
// приём по количеству байт: 9 из 9
// принято с порта: 9 байт

01 00 09 00 F6 00 00 37 F3   // прием: 9 байт; 11:41:20:438 04.03.2018
// таймаут: 40 мсек


CA E0 EB FE EC ED FB 20 

00 00 07 00 F7 D4 47   // передача: 7 байт; 11:41:20:438 04.03.2018
// приём по количеству байт: 39 из 39
// принято с порта: 39 байт

01 00 27 00 F7 CF EE EB ED FB E9 20 F1 E1 F0 EE F1 20 20 20 20 2E ED E5 F2 00 20 20 20 20 20 20 20 20 20 20 20 86 62   // прием: 39 байт; 11:41:20:498 04.03.2018
// таймаут: 60 мсек

Полный сброс    
.нет            

CA E0 EB FE EC ED FB 20 

00 00 08 00 F6 0B 04 1C   // передача: 8 байт; 11:41:20:840 04.03.2018
// приём по количеству байт: 9 из 9
// принято с порта: 9 байт

01 00 09 00 F6 00 00 37 F3   // прием: 9 байт; 11:41:20:880 04.03.2018
// таймаут: 40 мсек


CA E0 EB FE EC ED FB 20 

00 00 07 00 F7 D4 47   // передача: 7 байт; 11:41:20:880 04.03.2018
// приём по количеству байт: 39 из 39
// принято с порта: 39 байт

01 00 27 00 F7 CF EE EB ED FB E9 20 F1 E1 F0 EE F1 20 20 20 20 2E E4 E0 20 00 20 20 20 20 20 20 20 20 20 20 20 72 B2   // прием: 39 байт; 11:41:20:940 04.03.2018
// таймаут: 60 мсек

Полный сброс    
.да             

CA E0 EB FE EC ED FB 20 

00 00 08 00 F6 0D 84 1E   // передача: 8 байт; 11:41:22:277 04.03.2018
// приём по количеству байт: 9 из 9
// принято с порта: 9 байт

01 00 09 00 F6 00 00 37 F3   // прием: 9 байт; 11:41:22:311 04.03.2018
// таймаут: 34 мсек


CA E0 EB FE EC ED FB 20 

00 00 07 00 F7 D4 47   // передача: 7 байт; 11:41:22:311 04.03.2018
// приём по количеству байт: 39 из 39
// принято с порта: 39 байт

01 00 27 00 F7 D2 E5 F1 F2 20 EF E0 EC FF F2 E8 3A 20 31 20 20 20 20 20 20 20 20 20 30 25 00 20 20 20 20 20 20 C2 1C   // прием: 39 байт; 11:41:22:381 04.03.2018
// таймаут: 70 мсек

Тест памяти: 1  
       0%       

CA E0 EB FE EC ED FB 20 

00 00 07 00 F7 D4 47   // передача: 7 байт; 11:41:43:097 04.03.2018
// приём по количеству байт: 39 из 39
// принято с порта: 39 байт

01 00 27 00 F7 D2 E5 F1 F2 20 EF E0 EC FF F2 E8 3A 20 32 20 20 20 20 20 20 20 20 32 32 25 00 20 20 20 20 20 20 3F 67   // прием: 39 байт; 11:41:43:167 04.03.2018
// таймаут: 70 мсек

Тест памяти: 2  
      22%       

CA E0 EB FE EC ED FB 20 

00 00 07 00 F7 D4 47   // передача: 7 байт; 11:41:44:199 04.03.2018
// приём по количеству байт: 39 из 39
// принято с порта: 39 байт

01 00 27 00 F7 D2 E5 F1 F2 20 EF E0 EC FF F2 E8 3A 20 32 20 20 20 20 20 20 20 20 32 34 25 00 20 20 20 20 20 20 14 C7   // прием: 39 байт; 11:41:44:269 04.03.2018
// таймаут: 70 мсек

Тест памяти: 2  
      24%       

CA E0 EB FE EC ED FB 20 

00 00 07 00 F7 D4 47   // передача: 7 байт; 11:41:52:109 04.03.2018
// приём по количеству байт: 39 из 39
// принято с порта: 39 байт

01 00 27 00 F7 D2 E5 F1 F2 20 EF E0 EC FF F2 E8 3A 20 32 20 20 20 20 20 20 20 20 33 35 25 00 20 20 20 20 20 20 48 92   // прием: 39 байт; 11:41:52:189 04.03.2018
// таймаут: 80 мсек

Тест памяти: 2  
      35%       

CA E0 EB FE EC ED FB 20 

00 00 07 00 F7 D4 47   // передача: 7 байт; 11:42:06:045 04.03.2018
// приём по количеству байт: 39 из 39
// принято с порта: 39 байт

01 00 27 00 F7 D2 E5 F1 F2 20 EF E0 EC FF F2 E8 3A 20 32 20 20 20 20 20 20 20 20 35 33 25 00 20 20 20 20 20 20 83 2D   // прием: 39 байт; 11:42:06:125 04.03.2018
// таймаут: 80 мсек

Тест памяти: 2  
      53%       

CA E0 EB FE EC ED FB 20 

00 00 07 00 F7 D4 47   // передача: 7 байт; 11:42:11:477 04.03.2018
// приём по количеству байт: 39 из 39
// принято с порта: 39 байт

01 00 27 00 F7 D2 E5 F1 F2 20 EF E0 EC FF F2 E8 3A 20 32 20 20 20 20 20 20 20 20 36 31 25 00 20 20 20 20 20 20 6A 42   // прием: 39 байт; 11:42:11:547 04.03.2018
// таймаут: 70 мсек

Тест памяти: 2  
      61%       

CA E0 EB FE EC ED FB 20 

00 00 07 00 F7 D4 47   // передача: 7 байт; 11:42:12:188 04.03.2018
// приём по количеству байт: 39 из 39
// принято с порта: 39 байт

01 00 27 00 F7 D2 E5 F1 F2 20 EF E0 EC FF F2 E8 3A 20 32 20 20 20 20 20 20 20 20 36 32 25 00 20 20 20 20 20 20 7E B2   // прием: 39 байт; 11:42:12:248 04.03.2018
// таймаут: 60 мсек

Тест памяти: 2  
      62%       

CA E0 EB FE EC ED FB 20 

00 00 07 00 F7 D4 47   // передача: 7 байт; 11:42:13:830 04.03.2018
// приём по количеству байт: 39 из 39
// принято с порта: 39 байт

01 00 27 00 F7 D2 E5 F1 F2 20 EF E0 EC FF F2 E8 3A 20 32 20 20 20 20 20 20 20 20 36 34 25 00 20 20 20 20 20 20 55 12   // прием: 39 байт; 11:42:13:900 04.03.2018
// таймаут: 70 мсек

Тест памяти: 2  
      64%       

CA E0 EB FE EC ED FB 20 

00 00 07 00 F7 D4 47   // передача: 7 байт; 11:42:14:570 04.03.2018
// приём по количеству байт: 39 из 39
// принято с порта: 39 байт

01 00 27 00 F7 D2 E5 F1 F2 20 EF E0 EC FF F2 E8 3A 20 32 20 20 20 20 20 20 20 20 36 35 25 00 20 20 20 20 20 20 58 82   // прием: 39 байт; 11:42:14:640 04.03.2018
// таймаут: 70 мсек

Тест памяти: 2  
      65%       

CA E0 EB FE EC ED FB 20 

00 00 07 00 F7 D4 47   // передача: 7 байт; 11:42:18:447 04.03.2018
// приём по количеству байт: 39 из 39
// принято с порта: 39 байт

01 00 27 00 F7 D2 E5 F1 F2 20 EF E0 EC FF F2 E8 3A 20 32 20 20 20 20 20 20 20 20 37 31 25 00 20 20 20 20 20 20 3B 87   // прием: 39 байт; 11:42:18:517 04.03.2018
// таймаут: 70 мсек

Тест памяти: 2  
      71%       

CA E0 EB FE EC ED FB 20 

00 00 07 00 F7 D4 47   // передача: 7 байт; 11:42:19:074 04.03.2018
// приём по количеству байт: 39 из 39
// принято с порта: 39 байт

01 00 27 00 F7 D2 E5 F1 F2 20 EF E0 EC FF F2 E8 3A 20 32 20 20 20 20 20 20 20 20 37 32 25 00 20 20 20 20 20 20 2F 77   // прием: 39 байт; 11:42:19:144 04.03.2018
// таймаут: 70 мсек

Тест памяти: 2  
      72%       

CA E0 EB FE EC ED FB 20 

00 00 07 00 F7 D4 47   // передача: 7 байт; 11:42:19:634 04.03.2018
// приём по количеству байт: 39 из 39
// принято с порта: 39 байт

01 00 27 00 F7 D2 E5 F1 F2 20 EF E0 EC FF F2 E8 3A 20 32 20 20 20 20 20 20 20 20 37 33 25 00 20 20 20 20 20 20 22 E7   // прием: 39 байт; 11:42:19:706 04.03.2018
// таймаут: 72 мсек

Тест памяти: 2  
      73%       

CA E0 EB FE EC ED FB 20 

00 00 07 00 F7 D4 47   // передача: 7 байт; 11:42:20:527 04.03.2018
// приём по количеству байт: 39 из 39
// принято с порта: 39 байт

01 00 27 00 F7 D2 E5 F1 F2 20 EF E0 EC FF F2 E8 3A 20 32 20 20 20 20 20 20 20 20 37 34 25 00 20 20 20 20 20 20 04 D7   // прием: 39 байт; 11:42:20:607 04.03.2018
// таймаут: 80 мсек

Тест памяти: 2  
      74%       

CA E0 EB FE EC ED FB 20 

00 00 07 00 F7 D4 47   // передача: 7 байт; 11:42:21:872 04.03.2018
// приём по количеству байт: 39 из 39
// принято с порта: 39 байт

01 00 27 00 F7 D2 E5 F1 F2 20 EF E0 EC FF F2 E8 3A 20 32 20 20 20 20 20 20 20 20 37 36 25 00 20 20 20 20 20 20 1D B7   // прием: 39 байт; 11:42:21:942 04.03.2018
// таймаут: 70 мсек

Тест памяти: 2  
      76%       

CA E0 EB FE EC ED FB 20 

00 00 07 00 F7 D4 47   // передача: 7 байт; 11:42:26:773 04.03.2018
// приём по количеству байт: 39 из 39
// принято с порта: 39 байт

01 00 27 00 F7 D2 E5 F1 F2 20 EF E0 EC FF F2 E8 3A 20 32 20 20 20 20 20 20 20 20 38 33 25 00 20 20 20 20 20 20 12 D7   // прием: 39 байт; 11:42:26:833 04.03.2018
// таймаут: 60 мсек

Тест памяти: 2  
      83%       

CA E0 EB FE EC ED FB 20 

00 00 07 00 F7 D4 47   // передача: 7 байт; 11:42:27:382 04.03.2018
// приём по количеству байт: 39 из 39
// принято с порта: 39 байт

01 00 27 00 F7 D2 E5 F1 F2 20 EF E0 EC FF F2 E8 3A 20 32 20 20 20 20 20 20 20 20 38 34 25 00 20 20 20 20 20 20 34 E7   // прием: 39 байт; 11:42:27:456 04.03.2018
// таймаут: 74 мсек

Тест памяти: 2  
      84%       

CA E0 EB FE EC ED FB 20 

00 00 07 00 F7 D4 47   // передача: 7 байт; 11:42:28:069 04.03.2018
// приём по количеству байт: 39 из 39
// принято с порта: 39 байт

01 00 27 00 F7 D2 E5 F1 F2 20 EF E0 EC FF F2 E8 3A 20 32 20 20 20 20 20 20 20 20 38 35 25 00 20 20 20 20 20 20 39 77   // прием: 39 байт; 11:42:28:149 04.03.2018
// таймаут: 80 мсек

Тест памяти: 2  
      85%       

CA E0 EB FE EC ED FB 20 

00 00 07 00 F7 D4 47   // передача: 7 байт; 11:42:29:157 04.03.2018
// приём по количеству байт: 39 из 39
// принято с порта: 39 байт

01 00 27 00 F7 D2 E5 F1 F2 20 EF E0 EC FF F2 E8 3A 20 32 20 20 20 20 20 20 20 20 38 36 25 00 20 20 20 20 20 20 2D 87   // прием: 39 байт; 11:42:29:227 04.03.2018
// таймаут: 70 мсек

Тест памяти: 2  
      86%       

CA E0 EB FE EC ED FB 20 

00 00 07 00 F7 D4 47   // передача: 7 байт; 11:42:33:676 04.03.2018
// приём по количеству байт: 39 из 39
// принято с порта: 39 байт

01 00 27 00 F7 D2 E5 F1 F2 20 EF E0 EC FF F2 E8 3A 20 32 20 20 20 20 20 20 20 20 39 33 25 00 20 20 20 20 20 20 43 12   // прием: 39 байт; 11:42:33:757 04.03.2018
// таймаут: 81 мсек

Тест памяти: 2  
      93%       

CA E0 EB FE EC ED FB 20 

00 00 07 00 F7 D4 47   // передача: 7 байт; 11:42:34:267 04.03.2018
// приём по количеству байт: 39 из 39
// принято с порта: 39 байт

01 00 27 00 F7 D2 E5 F1 F2 20 EF E0 EC FF F2 E8 3A 20 32 20 20 20 20 20 20 20 20 39 34 25 00 20 20 20 20 20 20 65 22   // прием: 39 байт; 11:42:34:337 04.03.2018
// таймаут: 70 мсек

Тест памяти: 2  
      94%       

CA E0 EB FE EC ED FB 20 

00 00 07 00 F7 D4 47   // передача: 7 байт; 11:42:35:178 04.03.2018
// приём по количеству байт: 39 из 39
// принято с порта: 39 байт

01 00 27 00 F7 D2 E5 F1 F2 20 EF E0 EC FF F2 E8 3A 20 32 20 20 20 20 20 20 20 20 39 35 25 00 20 20 20 20 20 20 68 B2   // прием: 39 байт; 11:42:35:258 04.03.2018
// таймаут: 80 мсек

Тест памяти: 2  
      95%       

CA E0 EB FE EC ED FB 20 

00 00 07 00 F7 D4 47   // передача: 7 байт; 11:42:36:274 04.03.2018
// приём по количеству байт: 39 из 39
// принято с порта: 39 байт

01 00 27 00 F7 D2 E5 F1 F2 20 EF E0 EC FF F2 E8 3A 20 32 20 20 20 20 20 20 20 20 39 36 25 00 20 20 20 20 20 20 7C 42   // прием: 39 байт; 11:42:36:344 04.03.2018
// таймаут: 70 мсек

Тест памяти: 2  
      96%       

CA E0 EB FE EC ED FB 20 

00 00 07 00 F7 D4 47   // передача: 7 байт; 11:42:37:525 04.03.2018
// приём по количеству байт: 39 из 39
// принято с порта: 39 байт

01 00 27 00 F7 D2 E5 F1 F2 20 EF E0 EC FF F2 E8 3A 20 32 20 20 20 20 20 20 20 20 39 38 25 00 20 20 20 20 20 20 30 22   // прием: 39 байт; 11:42:37:605 04.03.2018
// таймаут: 80 мсек

Тест памяти: 2  
      98%       

CA E0 EB FE EC ED FB 20 

00 00 07 00 F7 D4 47   // передача: 7 байт; 11:42:38:625 04.03.2018
// приём по таймауту: 1000 мс
// принято с порта: 0 байт
повтор: 1

CA E0 EB FE EC ED FB 20 

00 00 07 00 F7 D4 47   // передача: 7 байт; 11:42:39:627 04.03.2018
// приём по таймауту: 1000 мс
// принято с порта: 0 байт
повтор: 2

CA E0 EB FE EC ED FB 20 

00 00 07 00 F7 D4 47   // передача: 7 байт; 11:42:40:639 04.03.2018
// приём по таймауту: 1000 мс
// принято с порта: 0 байт
повтор: 3

CA E0 EB FE EC ED FB 20 

00 00 07 00 F7 D4 47   // передача: 7 байт; 11:42:41:661 04.03.2018
// приём по таймауту: 1000 мс
// принято с порта: 0 байт
повтор: 4

CA E0 EB FE EC ED FB 20 

00 00 07 00 F7 D4 47   // передача: 7 байт; 11:42:42:672 04.03.2018
// приём по таймауту: 1000 мс
// принято с порта: 0 байт
повтор: 5

CA E0 EB FE EC ED FB 20 

00 00 07 00 F7 D4 47   // передача: 7 байт; 11:42:43:687 04.03.2018

CA E0 EB FE EC ED FB 20 

00 00 07 00 F7 D4 47   // передача: 7 байт; 11:42:44:081 04.03.2018
// приём по таймауту: 1000 мс
// принято с порта: 0 байт

CA E0 EB FE EC ED FB 20 

00 00 07 00 F7 D4 47   // передача: 7 байт; 11:42:47:108 04.03.2018
// приём по таймауту: 1000 мс
// принято с порта: 0 байт

CA E0 EB FE EC ED FB 20 

00 00 07 00 F7 D4 47   // передача: 7 байт; 11:42:49:936 04.03.2018
// приём по количеству байт: 39 из 39
// принято с порта: 39 байт

01 00 27 00 F7 D2 E5 F1 F2 20 EF E0 EC FF F2 E8 3A 20 33 20 20 20 20 20 20 20 20 20 30 25 00 20 20 20 20 20 20 BB A4   // прием: 39 байт; 11:42:50:456 04.03.2018
// таймаут: 520 мсек

Тест памяти: 3  
       0%       

CA E0 EB FE EC ED FB 20 

00 00 07 00 F7 D4 47   // передача: 7 байт; 11:44:03:270 04.03.2018
// приём по количеству байт: 39 из 39
// принято с порта: 39 байт

01 00 27 00 F7 CD E0 F1 F2 F0 EE E9 EA E0 20 20 20 20 20 20 20 20 20 20 20 20 20 20 20 20 20 20 20 20 20 20 20 5D 58   // прием: 39 байт; 11:44:03:330 04.03.2018
// таймаут: 60 мсек

Настройка       
                

CA E0 EB FE EC ED FB 20 

00 00 07 00 F7 D4 47   // передача: 7 байт; 11:45:02:946 04.03.2018
// приём по количеству байт: 39 из 39
// принято с порта: 39 байт

01 00 27 00 F7 CD E0 F1 F2 F0 EE E9 EA E0 20 20 20 20 20 20 20 20 20 20 20 20 20 20 20 20 20 20 20 20 20 20 20 5D 58   // прием: 39 байт; 11:45:03:006 04.03.2018
// таймаут: 60 мсек

Настройка       
                

CA E0 EB FE EC ED FB 20 

00 00 08 00 F6 0C 45 DE   // передача: 8 байт; 11:45:06:054 04.03.2018
// приём по количеству байт: 9 из 9
// принято с порта: 9 байт

01 00 09 00 F6 00 00 37 F3   // прием: 9 байт; 11:45:06:094 04.03.2018
// таймаут: 40 мсек


CA E0 EB FE EC ED FB 20 

00 00 07 00 F7 D4 47   // передача: 7 байт; 11:45:06:094 04.03.2018
// приём по количеству байт: 39 из 39
// принято с порта: 39 байт

01 00 27 00 F7 CF F0 EE E3 F0 E0 EC EC E0 20 3F 20 20 20 20 20 2D 5F 5F 5F 20 20 20 20 20 20 20 20 20 20 20 20 16 D2   // прием: 39 байт; 11:45:06:154 04.03.2018
// таймаут: 60 мсек

Программа ?     
-___            

CA E0 EB FE EC ED FB 20 

00 00 08 00 F6 01 84 1B   // передача: 8 байт; 11:45:06:978 04.03.2018
// приём по количеству байт: 9 из 9
// принято с порта: 9 байт

01 00 09 00 F6 00 00 37 F3   // прием: 9 байт; 11:45:07:008 04.03.2018
// таймаут: 30 мсек


CA E0 EB FE EC ED FB 20 

00 00 07 00 F7 D4 47   // передача: 7 байт; 11:45:07:008 04.03.2018
// приём по количеству байт: 39 из 39
// принято с порта: 39 байт

01 00 27 00 F7 CF F0 EE E3 F0 E0 EC EC E0 20 3F 20 20 20 20 20 2D 5F 5F 31 20 20 20 20 20 20 20 20 20 20 20 20 81 FC   // прием: 39 байт; 11:45:07:078 04.03.2018
// таймаут: 70 мсек

Программа ?     
-__1            

CA E0 EB FE EC ED FB 20 

00 00 08 00 F6 0D 84 1E   // передача: 8 байт; 11:45:07:709 04.03.2018
// приём по количеству байт: 9 из 9
// принято с порта: 9 байт

01 00 09 00 F6 00 00 37 F3   // прием: 9 байт; 11:45:07:749 04.03.2018
// таймаут: 40 мсек


CA E0 EB FE EC ED FB 20 

00 00 07 00 F7 D4 47   // передача: 7 байт; 11:45:07:749 04.03.2018
// приём по количеству байт: 39 из 39
// принято с порта: 39 байт

01 00 27 00 F7 C2 E5 E4 EE EC FB E9 2C 45 73 63 2B 43 52 43 20 2E 39 36 30 30 20 20 00 6E 20 20 20 20 20 20 31 C3 E4   // прием: 39 байт; 11:45:08:451 04.03.2018
// таймаут: 702 мсек

Ведомый,Esc+CRC 
.9600   n      1

CA E0 EB FE EC ED FB 20 

00 00 08 00 F6 0B 04 1C   // передача: 8 байт; 11:45:09:654 04.03.2018
// приём по таймауту: 1000 мс
// принято с порта: 8 байт

01 00 08 00 F6 03 04 0B   // прием: 8 байт; 11:45:10:700 04.03.2018
// таймаут: 1046 мсек


// О программе
