Событие: Connecting to 192.168.100.99.   // 19:39:40:624 13.01.2022
Событие: Connected.   // 19:39:40:625 13.01.2022
Установлено соединение c сокетом: 192.168.100.99:1001   // 19:39:40:626 13.01.2022

CA E0 EB FE EC ED FB 20 

00 00 07 00 01 54 01   // передача: 7 байт; 19:39:44:128 13.01.2022
// принято 2 байт (доступно 2 из 13 байт)   // 19:39:44:244 13.01.2022
// принято 2 байт (доступно 4 из 13 байт)   // 19:39:44:246 13.01.2022
// принято 2 байт (доступно 6 из 13 байт)   // 19:39:44:248 13.01.2022
// принято 2 байт (доступно 8 из 13 байт)   // 19:39:44:250 13.01.2022
// принято 2 байт (доступно 10 из 13 байт)   // 19:39:44:252 13.01.2022
// принято 2 байт (доступно 12 из 13 байт)   // 19:39:44:254 13.01.2022
// принято 1 байт (доступно 13 из 13 байт)   // 19:39:44:258 13.01.2022
// принято с сокета: 13 байт

01 00 0D 00 01 0E 29 13 0D 01 16 03 B9   // прием: 13 байт; 19:39:44:258 13.01.2022
// таймаут: 130 мсек


CA E0 EB FE EC ED FB 20 

00 00 07 00 01 54 01   // передача: 7 байт; 19:39:44:920 13.01.2022
// принято 2 байт (доступно 2 из 13 байт)   // 19:39:44:994 13.01.2022
// принято 2 байт (доступно 4 из 13 байт)   // 19:39:44:995 13.01.2022
// принято 2 байт (доступно 6 из 13 байт)   // 19:39:44:997 13.01.2022
// принято 2 байт (доступно 8 из 13 байт)   // 19:39:44:999 13.01.2022
// принято 2 байт (доступно 10 из 13 байт)   // 19:39:45:001 13.01.2022
// принято 2 байт (доступно 12 из 13 байт)   // 19:39:45:003 13.01.2022
// принято 1 байт (доступно 13 из 13 байт)   // 19:39:45:007 13.01.2022
// принято с сокета: 13 байт

01 00 0D 00 01 0F 29 13 0D 01 16 02 68   // прием: 13 байт; 19:39:45:008 13.01.2022
// таймаут: 88 мсек


CA E0 EB FE EC ED FB 20 

00 00 07 00 01 54 01   // передача: 7 байт; 19:39:45:352 13.01.2022
// принято 2 байт (доступно 2 из 13 байт)   // 19:39:45:493 13.01.2022
// принято 2 байт (доступно 4 из 13 байт)   // 19:39:45:495 13.01.2022
// принято 2 байт (доступно 6 из 13 байт)   // 19:39:45:497 13.01.2022
// принято 2 байт (доступно 8 из 13 байт)   // 19:39:45:499 13.01.2022
// принято 2 байт (доступно 10 из 13 байт)   // 19:39:45:501 13.01.2022
// принято 2 байт (доступно 12 из 13 байт)   // 19:39:45:503 13.01.2022
// принято 1 байт (доступно 13 из 13 байт)   // 19:39:45:507 13.01.2022
// принято с сокета: 13 байт

01 00 0D 00 01 0F 29 13 0D 01 16 02 68   // прием: 13 байт; 19:39:45:508 13.01.2022
// таймаут: 156 мсек


CA E0 EB FE EC ED FB 20 

00 00 07 00 01 54 01   // передача: 7 байт; 19:39:45:648 13.01.2022
// принято 2 байт (доступно 2 из 13 байт)   // 19:39:45:743 13.01.2022
// принято 2 байт (доступно 4 из 13 байт)   // 19:39:45:745 13.01.2022
// принято 2 байт (доступно 6 из 13 байт)   // 19:39:45:747 13.01.2022
// принято 2 байт (доступно 8 из 13 байт)   // 19:39:45:749 13.01.2022
// принято 2 байт (доступно 10 из 13 байт)   // 19:39:45:751 13.01.2022
// принято 2 байт (доступно 12 из 13 байт)   // 19:39:45:753 13.01.2022
// принято 1 байт (доступно 13 из 13 байт)   // 19:39:45:757 13.01.2022
// принято с сокета: 13 байт

01 00 0D 00 01 0F 29 13 0D 01 16 02 68   // прием: 13 байт; 19:39:45:758 13.01.2022
// таймаут: 110 мсек


CA E0 EB FE EC ED FB 20 

00 00 07 00 01 54 01   // передача: 7 байт; 19:40:13:065 13.01.2022
// принято 2 байт (доступно 2 из 13 байт)   // 19:40:13:238 13.01.2022
// принято 2 байт (доступно 4 из 13 байт)   // 19:40:13:240 13.01.2022
// принято 2 байт (доступно 6 из 13 байт)   // 19:40:13:242 13.01.2022
// принято 2 байт (доступно 8 из 13 байт)   // 19:40:13:244 13.01.2022
// принято 2 байт (доступно 10 из 13 байт)   // 19:40:13:246 13.01.2022
// принято 2 байт (доступно 12 из 13 байт)   // 19:40:13:248 13.01.2022
// принято 1 байт (доступно 13 из 13 байт)   // 19:40:13:252 13.01.2022
// принято с сокета: 13 байт

01 00 0D 00 01 2B 29 13 0D 01 16 04 8C   // прием: 13 байт; 19:40:13:252 13.01.2022
// таймаут: 187 мсек


CA E0 EB FE EC ED FB 20 

00 00 07 00 01 54 01   // передача: 7 байт; 19:40:13:680 13.01.2022
// принято 2 байт (доступно 2 из 13 байт)   // 19:40:13:738 13.01.2022
// принято 2 байт (доступно 4 из 13 байт)   // 19:40:13:740 13.01.2022
// принято 2 байт (доступно 6 из 13 байт)   // 19:40:13:742 13.01.2022
// принято 2 байт (доступно 8 из 13 байт)   // 19:40:13:744 13.01.2022
// принято 2 байт (доступно 10 из 13 байт)   // 19:40:13:746 13.01.2022
// принято 2 байт (доступно 12 из 13 байт)   // 19:40:13:748 13.01.2022
// принято 1 байт (доступно 13 из 13 байт)   // 19:40:13:752 13.01.2022
// принято с сокета: 13 байт

01 00 0D 00 01 2B 29 13 0D 01 16 04 8C   // прием: 13 байт; 19:40:13:752 13.01.2022
// таймаут: 72 мсек


CA E0 EB FE EC ED FB 20 

00 00 07 00 01 54 01   // передача: 7 байт; 19:40:13:920 13.01.2022
// принято 2 байт (доступно 2 из 13 байт)   // 19:40:13:988 13.01.2022
// принято 2 байт (доступно 4 из 13 байт)   // 19:40:13:990 13.01.2022
// принято 2 байт (доступно 6 из 13 байт)   // 19:40:13:992 13.01.2022
// принято 2 байт (доступно 8 из 13 байт)   // 19:40:13:994 13.01.2022
// принято 2 байт (доступно 10 из 13 байт)   // 19:40:13:996 13.01.2022
// принято 2 байт (доступно 12 из 13 байт)   // 19:40:13:998 13.01.2022
// принято 1 байт (доступно 13 из 13 байт)   // 19:40:14:002 13.01.2022
// принято с сокета: 13 байт

01 00 0D 00 01 2C 29 13 0D 01 16 05 3B   // прием: 13 байт; 19:40:14:002 13.01.2022
// таймаут: 82 мсек


CA E0 EB FE EC ED FB 20 

00 00 07 00 01 54 01   // передача: 7 байт; 19:40:14:137 13.01.2022
// принято 2 байт (доступно 2 из 13 байт)   // 19:40:14:238 13.01.2022
// принято 2 байт (доступно 4 из 13 байт)   // 19:40:14:240 13.01.2022
// принято 2 байт (доступно 6 из 13 байт)   // 19:40:14:242 13.01.2022
// принято 2 байт (доступно 8 из 13 байт)   // 19:40:14:244 13.01.2022
// принято 2 байт (доступно 10 из 13 байт)   // 19:40:14:246 13.01.2022
// принято 2 байт (доступно 12 из 13 байт)   // 19:40:14:248 13.01.2022
// принято 1 байт (доступно 13 из 13 байт)   // 19:40:14:252 13.01.2022
// принято с сокета: 13 байт

01 00 0D 00 01 2C 29 13 0D 01 16 05 3B   // прием: 13 байт; 19:40:14:252 13.01.2022
// таймаут: 115 мсек


CA E0 EB FE EC ED FB 20 

00 00 07 00 01 54 01   // передача: 7 байт; 19:40:14:697 13.01.2022
// принято 2 байт (доступно 2 из 13 байт)   // 19:40:14:738 13.01.2022
// принято 2 байт (доступно 4 из 13 байт)   // 19:40:14:740 13.01.2022
// принято 2 байт (доступно 6 из 13 байт)   // 19:40:14:742 13.01.2022
// принято 2 байт (доступно 8 из 13 байт)   // 19:40:14:744 13.01.2022
// принято 2 байт (доступно 10 из 13 байт)   // 19:40:14:746 13.01.2022
// принято 2 байт (доступно 12 из 13 байт)   // 19:40:14:748 13.01.2022
// принято 1 байт (доступно 13 из 13 байт)   // 19:40:14:752 13.01.2022
// принято с сокета: 13 байт

01 00 0D 00 01 2C 29 13 0D 01 16 05 3B   // прием: 13 байт; 19:40:14:752 13.01.2022
// таймаут: 56 мсек


CA E0 EB FE EC ED FB 20 

00 00 07 00 01 54 01   // передача: 7 байт; 19:40:14:904 13.01.2022
// принято 2 байт (доступно 2 из 13 байт)   // 19:40:14:987 13.01.2022
// принято 2 байт (доступно 4 из 13 байт)   // 19:40:14:989 13.01.2022
// принято 2 байт (доступно 6 из 13 байт)   // 19:40:14:991 13.01.2022
// принято 2 байт (доступно 8 из 13 байт)   // 19:40:14:993 13.01.2022
// принято 2 байт (доступно 10 из 13 байт)   // 19:40:14:995 13.01.2022
// принято 2 байт (доступно 12 из 13 байт)   // 19:40:14:997 13.01.2022
// принято 1 байт (доступно 13 из 13 байт)   // 19:40:15:001 13.01.2022
// принято с сокета: 13 байт

01 00 0D 00 01 2D 29 13 0D 01 16 04 EA   // прием: 13 байт; 19:40:15:002 13.01.2022
// таймаут: 98 мсек


CA E0 EB FE EC ED FB 20 

00 00 07 00 01 54 01   // передача: 7 байт; 19:40:15:152 13.01.2022
// принято 2 байт (доступно 2 из 13 байт)   // 19:40:15:237 13.01.2022
// принято 2 байт (доступно 4 из 13 байт)   // 19:40:15:239 13.01.2022
// принято 2 байт (доступно 6 из 13 байт)   // 19:40:15:241 13.01.2022
// принято 2 байт (доступно 8 из 13 байт)   // 19:40:15:243 13.01.2022
// принято 2 байт (доступно 10 из 13 байт)   // 19:40:15:245 13.01.2022
// принято 2 байт (доступно 12 из 13 байт)   // 19:40:15:247 13.01.2022
// принято 1 байт (доступно 13 из 13 байт)   // 19:40:15:251 13.01.2022
// принято с сокета: 13 байт

01 00 0D 00 01 2D 29 13 0D 01 16 04 EA   // прием: 13 байт; 19:40:15:252 13.01.2022
// таймаут: 100 мсек


CA E0 EB FE EC ED FB 20 

00 00 07 00 01 54 01   // передача: 7 байт; 19:40:15:889 13.01.2022
// принято 2 байт (доступно 2 из 13 байт)   // 19:40:15:987 13.01.2022
// принято 2 байт (доступно 4 из 13 байт)   // 19:40:15:989 13.01.2022
// принято 2 байт (доступно 6 из 13 байт)   // 19:40:15:991 13.01.2022
// принято 2 байт (доступно 8 из 13 байт)   // 19:40:15:993 13.01.2022
// принято 2 байт (доступно 10 из 13 байт)   // 19:40:15:995 13.01.2022
// принято 2 байт (доступно 12 из 13 байт)   // 19:40:15:997 13.01.2022
// принято 1 байт (доступно 13 из 13 байт)   // 19:40:16:001 13.01.2022
// принято с сокета: 13 байт

01 00 0D 00 01 2E 29 13 0D 01 16 04 D9   // прием: 13 байт; 19:40:16:002 13.01.2022
// таймаут: 113 мсек


CA E0 EB FE EC ED FB 20 

00 00 07 00 01 54 01   // передача: 7 байт; 19:40:16:112 13.01.2022
// принято 2 байт (доступно 2 из 13 байт)   // 19:40:16:237 13.01.2022
// принято 2 байт (доступно 4 из 13 байт)   // 19:40:16:239 13.01.2022
// принято 2 байт (доступно 6 из 13 байт)   // 19:40:16:241 13.01.2022
// принято 2 байт (доступно 8 из 13 байт)   // 19:40:16:243 13.01.2022
// принято 2 байт (доступно 10 из 13 байт)   // 19:40:16:245 13.01.2022
// принято 2 байт (доступно 12 из 13 байт)   // 19:40:16:247 13.01.2022
// принято 1 байт (доступно 13 из 13 байт)   // 19:40:16:251 13.01.2022
// принято с сокета: 13 байт

01 00 0D 00 01 2E 29 13 0D 01 16 04 D9   // прием: 13 байт; 19:40:16:251 13.01.2022
// таймаут: 139 мсек


CA E0 EB FE EC ED FB 20 

00 00 07 00 01 54 01   // передача: 7 байт; 19:40:16:304 13.01.2022
// принято 2 байт (доступно 2 из 13 байт)   // 19:40:16:487 13.01.2022
// принято 2 байт (доступно 4 из 13 байт)   // 19:40:16:489 13.01.2022
// принято 2 байт (доступно 6 из 13 байт)   // 19:40:16:491 13.01.2022
// принято 2 байт (доступно 8 из 13 байт)   // 19:40:16:493 13.01.2022
// принято 2 байт (доступно 10 из 13 байт)   // 19:40:16:495 13.01.2022
// принято 2 байт (доступно 12 из 13 байт)   // 19:40:16:497 13.01.2022
// принято 1 байт (доступно 13 из 13 байт)   // 19:40:16:501 13.01.2022
// принято с сокета: 13 байт

01 00 0D 00 01 2E 29 13 0D 01 16 04 D9   // прием: 13 байт; 19:40:16:501 13.01.2022
// таймаут: 197 мсек

Событие: Disconnecting.   // 19:40:17:607 13.01.2022
Отсоединение   // 19:40:17:607 13.01.2022
Событие: Disconnected.   // 19:40:17:607 13.01.2022
Ошибка при закрытии сокета: Thread Error: Неверный дескриптор (6)   // 19:40:17:608 13.01.2022

// О программе
