
CA E0 EB FE EC ED FB 20 

00 00 08 00 FF 15 82 44   // передача: 8 байт; 11:58:37:000 25.12.2019
// приём по количеству байт: 55 из 55
// принято с порта: 55 байт

01 00 37 00 FF 00 00 00 00 00 00 00 00 00 00 00 00 00 00 00 00 00 00 00 00 00 02 02 02 02 02 02 02 02 00 00 00 00 00 00 00 00 03 03 03 03 03 03 03 03 03 00 00 BA 61   // прием: 55 байт; 11:58:37:078 25.12.2019
// таймаут: 78 мсек


CA E0 EB FE EC ED FB 20 

00 00 38 00 FF 5C 00 00 00 00 00 00 00 00 00 00 00 00 00 00 00 00 00 00 00 00 00 02 02 02 02 02 02 02 02 00 00 00 00 00 00 00 00 03 03 03 03 03 03 03 03 03 00 00 50 FB   // передача: 56 байт; 11:58:40:265 25.12.2019
// приём по количеству байт: 8 из 8
// принято с порта: 8 байт

01 00 08 00 FF 00 42 5A   // прием: 8 байт; 11:58:40:343 25.12.2019
// таймаут: 78 мсек


CA E0 EB FE EC ED FB 20 

00 00 08 00 FF 15 82 44   // передача: 8 байт; 11:58:46:421 25.12.2019
// приём по количеству байт: 55 из 55
// принято с порта: 55 байт

01 00 37 00 FF 00 00 00 00 00 00 00 00 00 00 00 00 00 00 00 00 00 00 00 00 00 02 02 02 02 02 02 02 02 00 00 00 00 00 00 00 00 03 03 03 03 03 03 03 03 03 00 00 BA 61   // прием: 55 байт; 11:58:46:562 25.12.2019
// таймаут: 141 мсек


CA E0 EB FE EC ED FB 20 

00 00 38 00 FF 5C 00 00 00 00 00 00 00 00 00 00 00 00 00 00 00 00 00 00 00 00 00 02 02 02 02 02 02 02 02 02 00 00 00 00 00 00 00 03 03 03 03 03 03 03 03 03 00 00 29 43   // передача: 56 байт; 11:58:50:078 25.12.2019
// приём по количеству байт: 8 из 8
// принято с порта: 8 байт

01 00 08 00 FF 00 42 5A   // прием: 8 байт; 11:58:50:203 25.12.2019
// таймаут: 125 мсек


// О программе
